{"timestamp":"2026-09-08T14:44:55Z","host":"WIN-DC-02","source":"WinEventLog:Security","sourcetype":"WinEventLog:Security","index":"windows","EventCode":4769,"event_id":4769,"log_name":"Security","computer":"WIN-DC-02.corp.local","provider_name":"Microsoft-Windows-Security-Auditing","level":"Information","record_id":102076,"scenario":"Normal Kerberos Service Ticket","attack_phase":"None","mitre_technique":"None","severity":"low","is_suspicious":false,"target_user":"dohara","target_domain":"CORP","service_name":"ldap/WIN-DC-01","src_ip":"10.10.10.193","dest_host":"WIN-DC-02","ticket_options":"0x40810000","ticket_encryption_type":"0x12","message":"A Kerberos service ticket was requested."}
{"timestamp":"2026-09-08T14:47:19Z","host":"WIN-DC-01","source":"WinEventLog:Security","sourcetype":"WinEventLog:Security","index":"windows","EventCode":4769,"event_id":4769,"log_name":"Security","computer":"WIN-DC-01.corp.local","provider_name":"Microsoft-Windows-Security-Auditing","level":"Information","record_id":102077,"scenario":"Normal Kerberos Service Ticket","attack_phase":"None","mitre_technique":"None","severity":"low","is_suspicious":false,"target_user":"kwright","target_domain":"CORP","service_name":"ldap/WIN-DC-01","src_ip":"10.10.10.100","dest_host":"WIN-DC-01","ticket_options":"0x40810000","ticket_encryption_type":"0x12","message":"A Kerberos service ticket was requested."}
{"timestamp":"2026-09-08T14:51:03Z","host":"WIN-DC-02","source":"WinEventLog:Security","sourcetype":"WinEventLog:Security","index":"windows","EventCode":4769,"event_id":4769,"log_name":"Security","computer":"WIN-DC-02.corp.local","provider_name":"Microsoft-Windows-Security-Auditing","level":"Information","record_id":102078,"scenario":"Normal Kerberos Service Ticket","attack_phase":"None","mitre_technique":"None","severity":"low","is_suspicious":false,"target_user":"rpatel","target_domain":"CORP","service_name":"http/WIN-SRV-01","src_ip":"10.10.10.231","dest_host":"WIN-DC-02","ticket_options":"0x40810000","ticket_encryption_type":"0x12","message":"A Kerberos service ticket was requested."}
{"timestamp":"2026-09-08T14:51:40Z","host":"WIN-DC-01","source":"WinEventLog:Security","sourcetype":"WinEventLog:Security","index":"windows","EventCode":4769,"event_id":4769,"log_name":"Security","computer":"WIN-DC-01.corp.local","provider_name":"Microsoft-Windows-Security-Auditing","level":"Information","record_id":102079,"scenario":"Normal Kerberos Service Ticket","attack_phase":"None","mitre_technique":"None","severity":"low","is_suspicious":false,"target_user":"dohara","target_domain":"CORP","service_name":"cifs/WIN-FILE-01","src_ip":"10.10.10.247","dest_host":"WIN-DC-01","ticket_options":"0x40810000","ticket_encryption_type":"0x12","message":"A Kerberos service ticket was requested."}
{"timestamp":"2026-09-08T14:56:06Z","host":"WIN-DC-02","source":"WinEventLog:Security","sourcetype":"WinEventLog:Security","index":"windows","EventCode":4769,"event_id":4769,"log_name":"Security","computer":"WIN-DC-02.corp.local","provider_name":"Microsoft-Windows-Security-Auditing","level":"Information","record_id":102080,"scenario":"Normal Kerberos Service Ticket","attack_phase":"None","mitre_technique":"None","severity":"low","is_suspicious":false,"target_user":"lwilson","target_domain":"CORP","service_name":"http/WIN-SRV-01","src_ip":"10.10.10.156","dest_host":"WIN-DC-02","ticket_options":"0x40810000","ticket_encryption_type":"0x12","message":"A Kerberos service ticket was requested."}
{"timestamp":"2026-09-08T15:00:42Z","host":"WIN-DC-02","source":"WinEventLog:Security","sourcetype":"WinEventLog:Security","index":"windows","EventCode":4769,"event_id":4769,"log_name":"Security","computer":"WIN-DC-02.corp.local","provider_name":"Microsoft-Windows-Security-Auditing","level":"Information","record_id":102081,"scenario":"Normal Kerberos Service Ticket","attack_phase":"None","mitre_technique":"None","severity":"low","is_suspicious":false,"target_user":"kwright","target_domain":"CORP","service_name":"cifs/WIN-FILE-01","src_ip":"10.10.10.31","dest_host":"WIN-DC-02","ticket_options":"0x40810000","ticket_encryption_type":"0x12","message":"A Kerberos service ticket was requested."}
{"timestamp":"2026-09-08T15:02:19Z","host":"WIN-DC-02","source":"WinEventLog:Security","sourcetype":"WinEventLog:Security","index":"windows","EventCode":4769,"event_id":4769,"log_name":"Security","computer":"WIN-DC-02.corp.local","provider_name":"Microsoft-Windows-Security-Auditing","level":"Information","record_id":102082,"scenario":"Normal Kerberos Service Ticket","attack_phase":"None","mitre_technique":"None","severity":"low","is_suspicious":false,"target_user":"kwright","target_domain":"CORP","service_name":"cifs/WIN-FILE-01","src_ip":"10.10.10.93","dest_host":"WIN-DC-02","ticket_options":"0x40810000","ticket_encryption_type":"0x12","message":"A Kerberos service ticket was requested."}
{"timestamp":"2026-09-08T15:04:29Z","host":"WIN-DC-01","source":"WinEventLog:Security","sourcetype":"WinEventLog:Security","index":"windows","EventCode":4769,"event_id":4769,"log_name":"Security","computer":"WIN-DC-01.corp.local","provider_name":"Microsoft-Windows-Security-Auditing","level":"Information","record_id":102083,"scenario":"Normal Kerberos Service Ticket","attack_phase":"None","mitre_technique":"None","severity":"low","is_suspicious":false,"target_user":"agarcia","target_domain":"CORP","service_name":"ldap/WIN-DC-01","src_ip":"10.10.10.97","dest_host":"WIN-DC-01","ticket_options":"0x40810000","ticket_encryption_type":"0x12","message":"A Kerberos service ticket was requested."}
{"timestamp":"2026-09-08T15:07:44Z","host":"WIN-DC-02","source":"WinEventLog:Security","sourcetype":"WinEventLog:Security","index":"windows","EventCode":4769,"event_id":4769,"log_name":"Security","computer":"WIN-DC-02.corp.local","provider_name":"Microsoft-Windows-Security-Auditing","level":"Information","record_id":102084,"scenario":"Normal Kerberos Service Ticket","attack_phase":"None","mitre_technique":"None","severity":"low","is_suspicious":false,"target_user":"mchen","target_domain":"CORP","service_name":"cifs/WIN-FILE-01","src_ip":"10.10.10.4","dest_host":"WIN-DC-02","ticket_options":"0x40810000","ticket_encryption_type":"0x12","message":"A Kerberos service ticket was requested."}
{"timestamp":"2026-09-08T15:10:32Z","host":"WIN-DC-02","source":"WinEventLog:Security","sourcetype":"WinEventLog:Security","index":"windows","EventCode":4769,"event_id":4769,"log_name":"Security","computer":"WIN-DC-02.corp.local","provider_name":"Microsoft-Windows-Security-Auditing","level":"Information","record_id":102085,"scenario":"Normal Kerberos Service Ticket","attack_phase":"None","mitre_technique":"None","severity":"low","is_suspicious":false,"target_user":"jsmith","target_domain":"CORP","service_name":"cifs/WIN-FILE-01","src_ip":"10.10.10.121","dest_host":"WIN-DC-02","ticket_options":"0x40810000","ticket_encryption_type":"0x12","message":"A Kerberos service ticket was requested."}
{"timestamp":"2026-09-08T15:15:27Z","host":"WIN-DC-01","source":"WinEventLog:Security","sourcetype":"WinEventLog:Security","index":"windows","EventCode":4769,"event_id":4769,"log_name":"Security","computer":"WIN-DC-01.corp.local","provider_name":"Microsoft-Windows-Security-Auditing","level":"Information","record_id":102086,"scenario":"Normal Kerberos Service Ticket","attack_phase":"None","mitre_technique":"None","severity":"low","is_suspicious":false,"target_user":"kwright","target_domain":"CORP","service_name":"ldap/WIN-DC-01","src_ip":"10.10.10.18","dest_host":"WIN-DC-01","ticket_options":"0x40810000","ticket_encryption_type":"0x12","message":"A Kerberos service ticket was requested."}
{"timestamp":"2026-09-08T15:18:49Z","host":"WIN-DC-01","source":"WinEventLog:Security","sourcetype":"WinEventLog:Security","index":"windows","EventCode":4769,"event_id":4769,"log_name":"Security","computer":"WIN-DC-01.corp.local","provider_name":"Microsoft-Windows-Security-Auditing","level":"Information","record_id":102087,"scenario":"Normal Kerberos Service Ticket","attack_phase":"None","mitre_technique":"None","severity":"low","is_suspicious":false,"target_user":"lwilson","target_domain":"CORP","service_name":"ldap/WIN-DC-01","src_ip":"10.10.10.57","dest_host":"WIN-DC-01","ticket_options":"0x40810000","ticket_encryption_type":"0x12","message":"A Kerberos service ticket was requested."}
{"timestamp":"2026-09-08T15:19:46Z","host":"WIN-DC-02","source":"WinEventLog:Security","sourcetype":"WinEventLog:Security","index":"windows","EventCode":4769,"event_id":4769,"log_name":"Security","computer":"WIN-DC-02.corp.local","provider_name":"Microsoft-Windows-Security-Auditing","level":"Information","record_id":102088,"scenario":"Normal Kerberos Service Ticket","attack_phase":"None","mitre_technique":"None","severity":"low","is_suspicious":false,"target_user":"sbrooks","target_domain":"CORP","service_name":"ldap/WIN-DC-01","src_ip":"10.10.10.157","dest_host":"WIN-DC-02","ticket_options":"0x40810000","ticket_encryption_type":"0x12","message":"A Kerberos service ticket was requested."}
{"timestamp":"2026-09-08T15:20:29Z","host":"WIN-DC-02","source":"WinEventLog:Security","sourcetype":"WinEventLog:Security","index":"windows","EventCode":4769,"event_id":4769,"log_name":"Security","computer":"WIN-DC-02.corp.local","provider_name":"Microsoft-Windows-Security-Auditing","level":"Information","record_id":102089,"scenario":"Normal Kerberos Service Ticket","attack_phase":"None","mitre_technique":"None","severity":"low","is_suspicious":false,"target_user":"cwalker","target_domain":"CORP","service_name":"ldap/WIN-DC-01","src_ip":"10.10.10.195","dest_host":"WIN-DC-02","ticket_options":"0x40810000","ticket_encryption_type":"0x12","message":"A Kerberos service ticket was requested."}
{"timestamp":"2026-09-08T15:24:16Z","host":"WIN-DC-02","source":"WinEventLog:Security","sourcetype":"WinEventLog:Security","index":"windows","EventCode":4769,"event_id":4769,"log_name":"Security","computer":"WIN-DC-02.corp.local","provider_name":"Microsoft-Windows-Security-Auditing","level":"Information","record_id":102090,"scenario":"Normal Kerberos Service Ticket","attack_phase":"None","mitre_technique":"None","severity":"low","is_suspicious":false,"target_user":"kwright","target_domain":"CORP","service_name":"cifs/WIN-FILE-01","src_ip":"10.10.10.52","dest_host":"WIN-DC-02","ticket_options":"0x40810000","ticket_encryption_type":"0x12","message":"A Kerberos service ticket was requested."}
{"timestamp":"2026-09-08T15:24:46Z","host":"WIN-DC-02","source":"WinEventLog:Security","sourcetype":"WinEventLog:Security","index":"windows","EventCode":4769,"event_id":4769,"log_name":"Security","computer":"WIN-DC-02.corp.local","provider_name":"Microsoft-Windows-Security-Auditing","level":"Information","record_id":102091,"scenario":"Normal Kerberos Service Ticket","attack_phase":"None","mitre_technique":"None","severity":"low","is_suspicious":false,"target_user":"dohara","target_domain":"CORP","service_name":"cifs/WIN-FILE-01","src_ip":"10.10.10.72","dest_host":"WIN-DC-02","ticket_options":"0x40810000","ticket_encryption_type":"0x12","message":"A Kerberos service ticket was requested."}
{"timestamp":"2026-09-08T15:28:26Z","host":"WIN-DC-01","source":"WinEventLog:Security","sourcetype":"WinEventLog:Security","index":"windows","EventCode":4769,"event_id":4769,"log_name":"Security","computer":"WIN-DC-01.corp.local","provider_name":"Microsoft-Windows-Security-Auditing","level":"Information","record_id":102092,"scenario":"Normal Kerberos Service Ticket","attack_phase":"None","mitre_technique":"None","severity":"low","is_suspicious":false,"target_user":"agarcia","target_domain":"CORP","service_name":"http/WIN-SRV-01","src_ip":"10.10.10.45","dest_host":"WIN-DC-01","ticket_options":"0x40810000","ticket_encryption_type":"0x12","message":"A Kerberos service ticket was requested."}
{"timestamp":"2026-09-08T15:31:18Z","host":"WIN-DC-02","source":"WinEventLog:Security","sourcetype":"WinEventLog:Security","index":"windows","EventCode":4769,"event_id":4769,"log_name":"Security","computer":"WIN-DC-02.corp.local","provider_name":"Microsoft-Windows-Security-Auditing","level":"Information","record_id":102093,"scenario":"Normal Kerberos Service Ticket","attack_phase":"None","mitre_technique":"None","severity":"low","is_suspicious":false,"target_user":"cwalker","target_domain":"CORP","service_name":"cifs/WIN-FILE-01","src_ip":"10.10.10.149","dest_host":"WIN-DC-02","ticket_options":"0x40810000","ticket_encryption_type":"0x12","message":"A Kerberos service ticket was requested."}
{"timestamp":"2026-09-08T15:31:33Z","host":"WIN-DC-01","source":"WinEventLog:Security","sourcetype":"WinEventLog:Security","index":"windows","EventCode":4769,"event_id":4769,"log_name":"Security","computer":"WIN-DC-01.corp.local","provider_name":"Microsoft-Windows-Security-Auditing","level":"Information","record_id":102094,"scenario":"Normal Kerberos Service Ticket","attack_phase":"None","mitre_technique":"None","severity":"low","is_suspicious":false,"target_user":"lwilson","target_domain":"CORP","service_name":"ldap/WIN-DC-01","src_ip":"10.10.10.202","dest_host":"WIN-DC-01","ticket_options":"0x40810000","ticket_encryption_type":"0x12","message":"A Kerberos service ticket was requested."}
{"timestamp":"2026-09-08T15:36:32Z","host":"WIN-DC-02","source":"WinEventLog:Security","sourcetype":"WinEventLog:Security","index":"windows","EventCode":4769,"event_id":4769,"log_name":"Security","computer":"WIN-DC-02.corp.local","provider_name":"Microsoft-Windows-Security-Auditing","level":"Information","record_id":102095,"scenario":"Normal Kerberos Service Ticket","attack_phase":"None","mitre_technique":"None","severity":"low","is_suspicious":false,"target_user":"jsmith","target_domain":"CORP","service_name":"http/WIN-SRV-01","src_ip":"10.10.10.35","dest_host":"WIN-DC-02","ticket_options":"0x40810000","ticket_encryption_type":"0x12","message":"A Kerberos service ticket was requested."}
{"timestamp":"2026-09-08T15:40:03Z","host":"WIN-DC-01","source":"WinEventLog:Security","sourcetype":"WinEventLog:Security","index":"windows","EventCode":4769,"event_id":4769,"log_name":"Security","computer":"WIN-DC-01.corp.local","provider_name":"Microsoft-Windows-Security-Auditing","level":"Information","record_id":102096,"scenario":"Normal Kerberos Service Ticket","attack_phase":"None","mitre_technique":"None","severity":"low","is_suspicious":false,"target_user":"jsmith","target_domain":"CORP","service_name":"http/WIN-SRV-01","src_ip":"10.10.10.167","dest_host":"WIN-DC-01","ticket_options":"0x40810000","ticket_encryption_type":"0x12","message":"A Kerberos service ticket was requested."}
{"timestamp":"2026-09-08T15:40:16Z","host":"WIN-DC-02","source":"WinEventLog:Security","sourcetype":"WinEventLog:Security","index":"windows","EventCode":4769,"event_id":4769,"log_name":"Security","computer":"WIN-DC-02.corp.local","provider_name":"Microsoft-Windows-Security-Auditing","level":"Information","record_id":102097,"scenario":"Normal Kerberos Service Ticket","attack_phase":"None","mitre_technique":"None","severity":"low","is_suspicious":false,"target_user":"agarcia","target_domain":"CORP","service_name":"cifs/WIN-FILE-01","src_ip":"10.10.10.214","dest_host":"WIN-DC-02","ticket_options":"0x40810000","ticket_encryption_type":"0x12","message":"A Kerberos service ticket was requested."}
{"timestamp":"2026-09-08T15:43:53Z","host":"WIN-DC-02","source":"WinEventLog:Security","sourcetype":"WinEventLog:Security","index":"windows","EventCode":4769,"event_id":4769,"log_name":"Security","computer":"WIN-DC-02.corp.local","provider_name":"Microsoft-Windows-Security-Auditing","level":"Information","record_id":102098,"scenario":"Normal Kerberos Service Ticket","attack_phase":"None","mitre_technique":"None","severity":"low","is_suspicious":false,"target_user":"lwilson","target_domain":"CORP","service_name":"http/WIN-SRV-01","src_ip":"10.10.10.194","dest_host":"WIN-DC-02","ticket_options":"0x40810000","ticket_encryption_type":"0x12","message":"A Kerberos service ticket was requested."}
{"timestamp":"2026-09-08T15:46:55Z","host":"WIN-DC-01","source":"WinEventLog:Security","sourcetype":"WinEventLog:Security","index":"windows","EventCode":4769,"event_id":4769,"log_name":"Security","computer":"WIN-DC-01.corp.local","provider_name":"Microsoft-Windows-Security-Auditing","level":"Information","record_id":102099,"scenario":"Normal Kerberos Service Ticket","attack_phase":"None","mitre_technique":"None","severity":"low","is_suspicious":false,"target_user":"tnguyen","target_domain":"CORP","service_name":"ldap/WIN-DC-01","src_ip":"10.10.10.200","dest_host":"WIN-DC-01","ticket_options":"0x40810000","ticket_encryption_type":"0x12","message":"A Kerberos service ticket was requested."}
{"timestamp":"2026-09-08T15:49:40Z","host":"WIN-DC-01","source":"WinEventLog:Security","sourcetype":"WinEventLog:Security","index":"windows","EventCode":4769,"event_id":4769,"log_name":"Security","computer":"WIN-DC-01.corp.local","provider_name":"Microsoft-Windows-Security-Auditing","level":"Information","record_id":102100,"scenario":"Normal Kerberos Service Ticket","attack_phase":"None","mitre_technique":"None","severity":"low","is_suspicious":false,"target_user":"dohara","target_domain":"CORP","service_name":"http/WIN-SRV-01","src_ip":"10.10.10.78","dest_host":"WIN-DC-01","ticket_options":"0x40810000","ticket_encryption_type":"0x12","message":"A Kerberos service ticket was requested."}
{"timestamp":"2026-09-08T15:53:37Z","host":"WIN-DC-01","source":"WinEventLog:Security","sourcetype":"WinEventLog:Security","index":"windows","EventCode":4769,"event_id":4769,"log_name":"Security","computer":"WIN-DC-01.corp.local","provider_name":"Microsoft-Windows-Security-Auditing","level":"Information","record_id":102101,"scenario":"Normal Kerberos Service Ticket","attack_phase":"None","mitre_technique":"None","severity":"low","is_suspicious":false,"target_user":"dohara","target_domain":"CORP","service_name":"http/WIN-SRV-01","src_ip":"10.10.10.242","dest_host":"WIN-DC-01","ticket_options":"0x40810000","ticket_encryption_type":"0x12","message":"A Kerberos service ticket was requested."}
{"timestamp":"2026-09-08T15:54:34Z","host":"WIN-DC-01","source":"WinEventLog:Security","sourcetype":"WinEventLog:Security","index":"windows","EventCode":4769,"event_id":4769,"log_name":"Security","computer":"WIN-DC-01.corp.local","provider_name":"Microsoft-Windows-Security-Auditing","level":"Information","record_id":102102,"scenario":"Normal Kerberos Service Ticket","attack_phase":"None","mitre_technique":"None","severity":"low","is_suspicious":false,"target_user":"jsmith","target_domain":"CORP","service_name":"cifs/WIN-FILE-01","src_ip":"10.10.10.213","dest_host":"WIN-DC-01","ticket_options":"0x40810000","ticket_encryption_type":"0x12","message":"A Kerberos service ticket was requested."}
{"timestamp":"2026-09-08T15:54:44Z","host":"WIN-DC-01","source":"WinEventLog:Security","sourcetype":"WinEventLog:Security","index":"windows","EventCode":4769,"event_id":4769,"log_name":"Security","computer":"WIN-DC-01.corp.local","provider_name":"Microsoft-Windows-Security-Auditing","level":"Information","record_id":102103,"scenario":"Normal Kerberos Service Ticket","attack_phase":"None","mitre_technique":"None","severity":"low","is_suspicious":false,"target_user":"mchen","target_domain":"CORP","service_name":"http/WIN-SRV-01","src_ip":"10.10.10.222","dest_host":"WIN-DC-01","ticket_options":"0x40810000","ticket_encryption_type":"0x12","message":"A Kerberos service ticket was requested."}
{"timestamp":"2026-09-08T15:58:32Z","host":"WIN-DC-01","source":"WinEventLog:Security","sourcetype":"WinEventLog:Security","index":"windows","EventCode":4769,"event_id":4769,"log_name":"Security","computer":"WIN-DC-01.corp.local","provider_name":"Microsoft-Windows-Security-Auditing","level":"Information","record_id":102104,"scenario":"Normal Kerberos Service Ticket","attack_phase":"None","mitre_technique":"None","severity":"low","is_suspicious":false,"target_user":"rpatel","target_domain":"CORP","service_name":"cifs/WIN-FILE-01","src_ip":"10.10.10.50","dest_host":"WIN-DC-01","ticket_options":"0x40810000","ticket_encryption_type":"0x12","message":"A Kerberos service ticket was requested."}
{"timestamp":"2026-09-08T16:01:45Z","host":"WIN-DC-01","source":"WinEventLog:Security","sourcetype":"WinEventLog:Security","index":"windows","EventCode":4769,"event_id":4769,"log_name":"Security","computer":"WIN-DC-01.corp.local","provider_name":"Microsoft-Windows-Security-Auditing","level":"Information","record_id":102105,"scenario":"Normal Kerberos Service Ticket","attack_phase":"None","mitre_technique":"None","severity":"low","is_suspicious":false,"target_user":"sbrooks","target_domain":"CORP","service_name":"ldap/WIN-DC-01","src_ip":"10.10.10.224","dest_host":"WIN-DC-01","ticket_options":"0x40810000","ticket_encryption_type":"0x12","message":"A Kerberos service ticket was requested."}
{"timestamp":"2026-09-08T16:02:16Z","host":"WIN-DC-01","source":"WinEventLog:Security","sourcetype":"WinEventLog:Security","index":"windows","EventCode":4769,"event_id":4769,"log_name":"Security","computer":"WIN-DC-01.corp.local","provider_name":"Microsoft-Windows-Security-Auditing","level":"Information","record_id":102106,"scenario":"Normal Kerberos Service Ticket","attack_phase":"None","mitre_technique":"None","severity":"low","is_suspicious":false,"target_user":"lwilson","target_domain":"CORP","service_name":"cifs/WIN-FILE-01","src_ip":"10.10.10.14","dest_host":"WIN-DC-01","ticket_options":"0x40810000","ticket_encryption_type":"0x12","message":"A Kerberos service ticket was requested."}
{"timestamp":"2026-09-08T16:04:56Z","host":"WIN-DC-02","source":"WinEventLog:Security","sourcetype":"WinEventLog:Security","index":"windows","EventCode":4769,"event_id":4769,"log_name":"Security","computer":"WIN-DC-02.corp.local","provider_name":"Microsoft-Windows-Security-Auditing","level":"Information","record_id":102107,"scenario":"Normal Kerberos Service Ticket","attack_phase":"None","mitre_technique":"None","severity":"low","is_suspicious":false,"target_user":"agarcia","target_domain":"CORP","service_name":"http/WIN-SRV-01","src_ip":"10.10.10.178","dest_host":"WIN-DC-02","ticket_options":"0x40810000","ticket_encryption_type":"0x12","message":"A Kerberos service ticket was requested."}
{"timestamp":"2026-09-08T16:08:15Z","host":"WIN-DC-01","source":"WinEventLog:Security","sourcetype":"WinEventLog:Security","index":"windows","EventCode":4769,"event_id":4769,"log_name":"Security","computer":"WIN-DC-01.corp.local","provider_name":"Microsoft-Windows-Security-Auditing","level":"Information","record_id":102108,"scenario":"Normal Kerberos Service Ticket","attack_phase":"None","mitre_technique":"None","severity":"low","is_suspicious":false,"target_user":"lwilson","target_domain":"CORP","service_name":"cifs/WIN-FILE-01","src_ip":"10.10.10.151","dest_host":"WIN-DC-01","ticket_options":"0x40810000","ticket_encryption_type":"0x12","message":"A Kerberos service ticket was requested."}
{"timestamp":"2026-09-08T16:12:15Z","host":"WIN-DC-01","source":"WinEventLog:Security","sourcetype":"WinEventLog:Security","index":"windows","EventCode":4769,"event_id":4769,"log_name":"Security","computer":"WIN-DC-01.corp.local","provider_name":"Microsoft-Windows-Security-Auditing","level":"Information","record_id":102109,"scenario":"Normal Kerberos Service Ticket","attack_phase":"None","mitre_technique":"None","severity":"low","is_suspicious":false,"target_user":"agarcia","target_domain":"CORP","service_name":"http/WIN-SRV-01","src_ip":"10.10.10.222","dest_host":"WIN-DC-01","ticket_options":"0x40810000","ticket_encryption_type":"0x12","message":"A Kerberos service ticket was requested."}
{"timestamp":"2026-09-08T16:13:35Z","host":"WIN-DC-02","source":"WinEventLog:Security","sourcetype":"WinEventLog:Security","index":"windows","EventCode":4769,"event_id":4769,"log_name":"Security","computer":"WIN-DC-02.corp.local","provider_name":"Microsoft-Windows-Security-Auditing","level":"Information","record_id":102110,"scenario":"Normal Kerberos Service Ticket","attack_phase":"None","mitre_technique":"None","severity":"low","is_suspicious":false,"target_user":"cwalker","target_domain":"CORP","service_name":"ldap/WIN-DC-01","src_ip":"10.10.10.116","dest_host":"WIN-DC-02","ticket_options":"0x40810000","ticket_encryption_type":"0x12","message":"A Kerberos service ticket was requested."}
{"timestamp":"2026-09-08T16:14:42Z","host":"WIN-DC-01","source":"WinEventLog:Security","sourcetype":"WinEventLog:Security","index":"windows","EventCode":4769,"event_id":4769,"log_name":"Security","computer":"WIN-DC-01.corp.local","provider_name":"Microsoft-Windows-Security-Auditing","level":"Information","record_id":102111,"scenario":"Normal Kerberos Service Ticket","attack_phase":"None","mitre_technique":"None","severity":"low","is_suspicious":false,"target_user":"sbrooks","target_domain":"CORP","service_name":"ldap/WIN-DC-01","src_ip":"10.10.10.124","dest_host":"WIN-DC-01","ticket_options":"0x40810000","ticket_encryption_type":"0x12","message":"A Kerberos service ticket was requested."}
{"timestamp":"2026-09-08T16:18:57Z","host":"WIN-DC-02","source":"WinEventLog:Security","sourcetype":"WinEventLog:Security","index":"windows","EventCode":4769,"event_id":4769,"log_name":"Security","computer":"WIN-DC-02.corp.local","provider_name":"Microsoft-Windows-Security-Auditing","level":"Information","record_id":102112,"scenario":"Normal Kerberos Service Ticket","attack_phase":"None","mitre_technique":"None","severity":"low","is_suspicious":false,"target_user":"lwilson","target_domain":"CORP","service_name":"ldap/WIN-DC-01","src_ip":"10.10.10.125","dest_host":"WIN-DC-02","ticket_options":"0x40810000","ticket_encryption_type":"0x12","message":"A Kerberos service ticket was requested."}
{"timestamp":"2026-09-08T16:20:57Z","host":"WIN-DC-02","source":"WinEventLog:Security","sourcetype":"WinEventLog:Security","index":"windows","EventCode":4769,"event_id":4769,"log_name":"Security","computer":"WIN-DC-02.corp.local","provider_name":"Microsoft-Windows-Security-Auditing","level":"Information","record_id":102113,"scenario":"Normal Kerberos Service Ticket","attack_phase":"None","mitre_technique":"None","severity":"low","is_suspicious":false,"target_user":"agarcia","target_domain":"CORP","service_name":"http/WIN-SRV-01","src_ip":"10.10.10.184","dest_host":"WIN-DC-02","ticket_options":"0x40810000","ticket_encryption_type":"0x12","message":"A Kerberos service ticket was requested."}
{"timestamp":"2026-09-08T16:21:44Z","host":"WIN-DC-01","source":"WinEventLog:Security","sourcetype":"WinEventLog:Security","index":"windows","EventCode":4769,"event_id":4769,"log_name":"Security","computer":"WIN-DC-01.corp.local","provider_name":"Microsoft-Windows-Security-Auditing","level":"Information","record_id":102114,"scenario":"Normal Kerberos Service Ticket","attack_phase":"None","mitre_technique":"None","severity":"low","is_suspicious":false,"target_user":"kwright","target_domain":"CORP","service_name":"ldap/WIN-DC-01","src_ip":"10.10.10.167","dest_host":"WIN-DC-01","ticket_options":"0x40810000","ticket_encryption_type":"0x12","message":"A Kerberos service ticket was requested."}
{"timestamp":"2026-09-08T16:23:34Z","host":"WIN-DC-01","source":"WinEventLog:Security","sourcetype":"WinEventLog:Security","index":"windows","EventCode":4769,"event_id":4769,"log_name":"Security","computer":"WIN-DC-01.corp.local","provider_name":"Microsoft-Windows-Security-Auditing","level":"Information","record_id":102115,"scenario":"Normal Kerberos Service Ticket","attack_phase":"None","mitre_technique":"None","severity":"low","is_suspicious":false,"target_user":"agarcia","target_domain":"CORP","service_name":"http/WIN-SRV-01","src_ip":"10.10.10.17","dest_host":"WIN-DC-01","ticket_options":"0x40810000","ticket_encryption_type":"0x12","message":"A Kerberos service ticket was requested."}
{"timestamp":"2026-09-08T16:25:27Z","host":"WIN-DC-01","source":"WinEventLog:Security","sourcetype":"WinEventLog:Security","index":"windows","EventCode":4769,"event_id":4769,"log_name":"Security","computer":"WIN-DC-01.corp.local","provider_name":"Microsoft-Windows-Security-Auditing","level":"Information","record_id":102116,"scenario":"Normal Kerberos Service Ticket","attack_phase":"None","mitre_technique":"None","severity":"low","is_suspicious":false,"target_user":"jsmith","target_domain":"CORP","service_name":"http/WIN-SRV-01","src_ip":"10.10.10.211","dest_host":"WIN-DC-01","ticket_options":"0x40810000","ticket_encryption_type":"0x12","message":"A Kerberos service ticket was requested."}
{"timestamp":"2026-09-08T16:28:49Z","host":"WIN-DC-02","source":"WinEventLog:Security","sourcetype":"WinEventLog:Security","index":"windows","EventCode":4769,"event_id":4769,"log_name":"Security","computer":"WIN-DC-02.corp.local","provider_name":"Microsoft-Windows-Security-Auditing","level":"Information","record_id":102117,"scenario":"Normal Kerberos Service Ticket","attack_phase":"None","mitre_technique":"None","severity":"low","is_suspicious":false,"target_user":"rpatel","target_domain":"CORP","service_name":"cifs/WIN-FILE-01","src_ip":"10.10.10.89","dest_host":"WIN-DC-02","ticket_options":"0x40810000","ticket_encryption_type":"0x12","message":"A Kerberos service ticket was requested."}
{"timestamp":"2026-09-08T16:30:40Z","host":"WIN-DC-02","source":"WinEventLog:Security","sourcetype":"WinEventLog:Security","index":"windows","EventCode":4769,"event_id":4769,"log_name":"Security","computer":"WIN-DC-02.corp.local","provider_name":"Microsoft-Windows-Security-Auditing","level":"Information","record_id":102118,"scenario":"Normal Kerberos Service Ticket","attack_phase":"None","mitre_technique":"None","severity":"low","is_suspicious":false,"target_user":"cwalker","target_domain":"CORP","service_name":"http/WIN-SRV-01","src_ip":"10.10.10.183","dest_host":"WIN-DC-02","ticket_options":"0x40810000","ticket_encryption_type":"0x12","message":"A Kerberos service ticket was requested."}
{"timestamp":"2026-09-08T16:34:37Z","host":"WIN-DC-01","source":"WinEventLog:Security","sourcetype":"WinEventLog:Security","index":"windows","EventCode":4769,"event_id":4769,"log_name":"Security","computer":"WIN-DC-01.corp.local","provider_name":"Microsoft-Windows-Security-Auditing","level":"Information","record_id":102119,"scenario":"Normal Kerberos Service Ticket","attack_phase":"None","mitre_technique":"None","severity":"low","is_suspicious":false,"target_user":"mchen","target_domain":"CORP","service_name":"cifs/WIN-FILE-01","src_ip":"10.10.10.58","dest_host":"WIN-DC-01","ticket_options":"0x40810000","ticket_encryption_type":"0x12","message":"A Kerberos service ticket was requested."}
{"timestamp":"2026-09-08T16:37:48Z","host":"WIN-DC-02","source":"WinEventLog:Security","sourcetype":"WinEventLog:Security","index":"windows","EventCode":4769,"event_id":4769,"log_name":"Security","computer":"WIN-DC-02.corp.local","provider_name":"Microsoft-Windows-Security-Auditing","level":"Information","record_id":102120,"scenario":"Normal Kerberos Service Ticket","attack_phase":"None","mitre_technique":"None","severity":"low","is_suspicious":false,"target_user":"tnguyen","target_domain":"CORP","service_name":"ldap/WIN-DC-01","src_ip":"10.10.10.133","dest_host":"WIN-DC-02","ticket_options":"0x40810000","ticket_encryption_type":"0x12","message":"A Kerberos service ticket was requested."}
{"timestamp":"2026-09-08T16:39:36Z","host":"WIN-DC-01","source":"WinEventLog:Security","sourcetype":"WinEventLog:Security","index":"windows","EventCode":4776,"event_id":4776,"log_name":"Security","computer":"WIN-DC-01.corp.local","provider_name":"Microsoft-Windows-Security-Auditing","level":"Information","record_id":102121,"scenario":"Normal NTLM Validation","attack_phase":"None","mitre_technique":"None","severity":"low","is_suspicious":false,"target_user":"tnguyen","dest_host":"WIN-DC-01","authentication_package":"NTLM","error_code":"0x0","message":"The domain controller attempted to validate the credentials for an account."}
{"timestamp":"2026-09-08T16:40:16Z","host":"WIN-DC-02","source":"WinEventLog:Security","sourcetype":"WinEventLog:Security","index":"windows","EventCode":4776,"event_id":4776,"log_name":"Security","computer":"WIN-DC-02.corp.local","provider_name":"Microsoft-Windows-Security-Auditing","level":"Information","record_id":102122,"scenario":"Normal NTLM Validation","attack_phase":"None","mitre_technique":"None","severity":"low","is_suspicious":false,"target_user":"lwilson","dest_host":"WIN-DC-02","authentication_package":"NTLM","error_code":"0x0","message":"The domain controller attempted to validate the credentials for an account."}
{"timestamp":"2026-09-08T16:41:45Z","host":"WIN-DC-01","source":"WinEventLog:Security","sourcetype":"WinEventLog:Security","index":"windows","EventCode":4776,"event_id":4776,"log_name":"Security","computer":"WIN-DC-01.corp.local","provider_name":"Microsoft-Windows-Security-Auditing","level":"Information","record_id":102123,"scenario":"Normal NTLM Validation","attack_phase":"None","mitre_technique":"None","severity":"low","is_suspicious":false,"target_user":"lwilson","dest_host":"WIN-DC-01","authentication_package":"NTLM","error_code":"0x0","message":"The domain controller attempted to validate the credentials for an account."}
{"timestamp":"2026-09-08T16:43:05Z","host":"WIN-DC-01","source":"WinEventLog:Security","sourcetype":"WinEventLog:Security","index":"windows","EventCode":4776,"event_id":4776,"log_name":"Security","computer":"WIN-DC-01.corp.local","provider_name":"Microsoft-Windows-Security-Auditing","level":"Information","record_id":102124,"scenario":"Normal NTLM Validation","attack_phase":"None","mitre_technique":"None","severity":"low","is_suspicious":false,"target_user":"dohara","dest_host":"WIN-DC-01","authentication_package":"NTLM","error_code":"0x0","message":"The domain controller attempted to validate the credentials for an account."}
{"timestamp":"2026-09-08T16:44:06Z","host":"WIN-DC-01","source":"WinEventLog:Security","sourcetype":"WinEventLog:Security","index":"windows","EventCode":4776,"event_id":4776,"log_name":"Security","computer":"WIN-DC-01.corp.local","provider_name":"Microsoft-Windows-Security-Auditing","level":"Information","record_id":102125,"scenario":"Normal NTLM Validation","attack_phase":"None","mitre_technique":"None","severity":"low","is_suspicious":false,"target_user":"rpatel","dest_host":"WIN-DC-01","authentication_package":"NTLM","error_code":"0x0","message":"The domain controller attempted to validate the credentials for an account."}
{"timestamp":"2026-09-08T16:48:06Z","host":"WIN-DC-02","source":"WinEventLog:Security","sourcetype":"WinEventLog:Security","index":"windows","EventCode":4776,"event_id":4776,"log_name":"Security","computer":"WIN-DC-02.corp.local","provider_name":"Microsoft-Windows-Security-Auditing","level":"Information","record_id":102126,"scenario":"Normal NTLM Validation","attack_phase":"None","mitre_technique":"None","severity":"low","is_suspicious":false,"target_user":"mchen","dest_host":"WIN-DC-02","authentication_package":"NTLM","error_code":"0x0","message":"The domain controller attempted to validate the credentials for an account."}
{"timestamp":"2026-09-08T16:48:25Z","host":"WIN-DC-02","source":"WinEventLog:Security","sourcetype":"WinEventLog:Security","index":"windows","EventCode":4776,"event_id":4776,"log_name":"Security","computer":"WIN-DC-02.corp.local","provider_name":"Microsoft-Windows-Security-Auditing","level":"Information","record_id":102127,"scenario":"Normal NTLM Validation","attack_phase":"None","mitre_technique":"None","severity":"low","is_suspicious":false,"target_user":"dohara","dest_host":"WIN-DC-02","authentication_package":"NTLM","error_code":"0x0","message":"The domain controller attempted to validate the credentials for an account."}
{"timestamp":"2026-09-08T16:51:30Z","host":"WIN-DC-01","source":"WinEventLog:Security","sourcetype":"WinEventLog:Security","index":"windows","EventCode":4776,"event_id":4776,"log_name":"Security","computer":"WIN-DC-01.corp.local","provider_name":"Microsoft-Windows-Security-Auditing","level":"Information","record_id":102128,"scenario":"Normal NTLM Validation","attack_phase":"None","mitre_technique":"None","severity":"low","is_suspicious":false,"target_user":"lwilson","dest_host":"WIN-DC-01","authentication_package":"NTLM","error_code":"0x0","message":"The domain controller attempted to validate the credentials for an account."}
{"timestamp":"2026-09-08T16:56:16Z","host":"WIN-DC-02","source":"WinEventLog:Security","sourcetype":"WinEventLog:Security","index":"windows","EventCode":4776,"event_id":4776,"log_name":"Security","computer":"WIN-DC-02.corp.local","provider_name":"Microsoft-Windows-Security-Auditing","level":"Information","record_id":102129,"scenario":"Normal NTLM Validation","attack_phase":"None","mitre_technique":"None","severity":"low","is_suspicious":false,"target_user":"agarcia","dest_host":"WIN-DC-02","authentication_package":"NTLM","error_code":"0x0","message":"The domain controller attempted to validate the credentials for an account."}
{"timestamp":"2026-09-08T17:00:01Z","host":"WIN-DC-01","source":"WinEventLog:Security","sourcetype":"WinEventLog:Security","index":"windows","EventCode":4776,"event_id":4776,"log_name":"Security","computer":"WIN-DC-01.corp.local","provider_name":"Microsoft-Windows-Security-Auditing","level":"Information","record_id":102130,"scenario":"Normal NTLM Validation","attack_phase":"None","mitre_technique":"None","severity":"low","is_suspicious":false,"target_user":"rpatel","dest_host":"WIN-DC-01","authentication_package":"NTLM","error_code":"0x0","message":"The domain controller attempted to validate the credentials for an account."}
{"timestamp":"2026-09-08T17:03:29Z","host":"WIN-DC-02","source":"WinEventLog:Security","sourcetype":"WinEventLog:Security","index":"windows","EventCode":4776,"event_id":4776,"log_name":"Security","computer":"WIN-DC-02.corp.local","provider_name":"Microsoft-Windows-Security-Auditing","level":"Information","record_id":102131,"scenario":"Normal NTLM Validation","attack_phase":"None","mitre_technique":"None","severity":"low","is_suspicious":false,"target_user":"sbrooks","dest_host":"WIN-DC-02","authentication_package":"NTLM","error_code":"0x0","message":"The domain controller attempted to validate the credentials for an account."}
{"timestamp":"2026-09-08T17:07:54Z","host":"WIN-DC-01","source":"WinEventLog:Security","sourcetype":"WinEventLog:Security","index":"windows","EventCode":4776,"event_id":4776,"log_name":"Security","computer":"WIN-DC-01.corp.local","provider_name":"Microsoft-Windows-Security-Auditing","level":"Information","record_id":102132,"scenario":"Normal NTLM Validation","attack_phase":"None","mitre_technique":"None","severity":"low","is_suspicious":false,"target_user":"kwright","dest_host":"WIN-DC-01","authentication_package":"NTLM","error_code":"0x0","message":"The domain controller attempted to validate the credentials for an account."}
{"timestamp":"2026-09-08T17:11:44Z","host":"WIN-DC-02","source":"WinEventLog:Security","sourcetype":"WinEventLog:Security","index":"windows","EventCode":4776,"event_id":4776,"log_name":"Security","computer":"WIN-DC-02.corp.local","provider_name":"Microsoft-Windows-Security-Auditing","level":"Information","record_id":102133,"scenario":"Normal NTLM Validation","attack_phase":"None","mitre_technique":"None","severity":"low","is_suspicious":false,"target_user":"lwilson","dest_host":"WIN-DC-02","authentication_package":"NTLM","error_code":"0x0","message":"The domain controller attempted to validate the credentials for an account."}
{"timestamp":"2026-09-08T17:12:39Z","host":"WIN-DC-02","source":"WinEventLog:Security","sourcetype":"WinEventLog:Security","index":"windows","EventCode":4776,"event_id":4776,"log_name":"Security","computer":"WIN-DC-02.corp.local","provider_name":"Microsoft-Windows-Security-Auditing","level":"Information","record_id":102134,"scenario":"Normal NTLM Validation","attack_phase":"None","mitre_technique":"None","severity":"low","is_suspicious":false,"target_user":"jsmith","dest_host":"WIN-DC-02","authentication_package":"NTLM","error_code":"0x0","message":"The domain controller attempted to validate the credentials for an account."}
{"timestamp":"2026-09-08T17:16:20Z","host":"WIN-DC-02","source":"WinEventLog:Security","sourcetype":"WinEventLog:Security","index":"windows","EventCode":4776,"event_id":4776,"log_name":"Security","computer":"WIN-DC-02.corp.local","provider_name":"Microsoft-Windows-Security-Auditing","level":"Information","record_id":102135,"scenario":"Normal NTLM Validation","attack_phase":"None","mitre_technique":"None","severity":"low","is_suspicious":false,"target_user":"rpatel","dest_host":"WIN-DC-02","authentication_package":"NTLM","error_code":"0x0","message":"The domain controller attempted to validate the credentials for an account."}
{"timestamp":"2026-09-08T17:18:01Z","host":"WIN-DC-01","source":"WinEventLog:Security","sourcetype":"WinEventLog:Security","index":"windows","EventCode":4776,"event_id":4776,"log_name":"Security","computer":"WIN-DC-01.corp.local","provider_name":"Microsoft-Windows-Security-Auditing","level":"Information","record_id":102136,"scenario":"Normal NTLM Validation","attack_phase":"None","mitre_technique":"None","severity":"low","is_suspicious":false,"target_user":"tnguyen","dest_host":"WIN-DC-01","authentication_package":"NTLM","error_code":"0x0","message":"The domain controller attempted to validate the credentials for an account."}
{"timestamp":"2026-09-08T17:20:27Z","host":"WIN-DC-02","source":"WinEventLog:Security","sourcetype":"WinEventLog:Security","index":"windows","EventCode":4776,"event_id":4776,"log_name":"Security","computer":"WIN-DC-02.corp.local","provider_name":"Microsoft-Windows-Security-Auditing","level":"Information","record_id":102137,"scenario":"Normal NTLM Validation","attack_phase":"None","mitre_technique":"None","severity":"low","is_suspicious":false,"target_user":"sbrooks","dest_host":"WIN-DC-02","authentication_package":"NTLM","error_code":"0x0","message":"The domain controller attempted to validate the credentials for an account."}
{"timestamp":"2026-09-08T17:24:57Z","host":"WIN-DC-01","source":"WinEventLog:Security","sourcetype":"WinEventLog:Security","index":"windows","EventCode":4776,"event_id":4776,"log_name":"Security","computer":"WIN-DC-01.corp.local","provider_name":"Microsoft-Windows-Security-Auditing","level":"Information","record_id":102138,"scenario":"Normal NTLM Validation","attack_phase":"None","mitre_technique":"None","severity":"low","is_suspicious":false,"target_user":"tnguyen","dest_host":"WIN-DC-01","authentication_package":"NTLM","error_code":"0x0","message":"The domain controller attempted to validate the credentials for an account."}
{"timestamp":"2026-09-08T17:25:27Z","host":"WIN-DC-01","source":"WinEventLog:Security","sourcetype":"WinEventLog:Security","index":"windows","EventCode":4776,"event_id":4776,"log_name":"Security","computer":"WIN-DC-01.corp.local","provider_name":"Microsoft-Windows-Security-Auditing","level":"Information","record_id":102139,"scenario":"Normal NTLM Validation","attack_phase":"None","mitre_technique":"None","severity":"low","is_suspicious":false,"target_user":"rpatel","dest_host":"WIN-DC-01","authentication_package":"NTLM","error_code":"0x0","message":"The domain controller attempted to validate the credentials for an account."}
{"timestamp":"2026-09-08T17:27:24Z","host":"WIN-DC-01","source":"WinEventLog:Security","sourcetype":"WinEventLog:Security","index":"windows","EventCode":4776,"event_id":4776,"log_name":"Security","computer":"WIN-DC-01.corp.local","provider_name":"Microsoft-Windows-Security-Auditing","level":"Information","record_id":102140,"scenario":"Normal NTLM Validation","attack_phase":"None","mitre_technique":"None","severity":"low","is_suspicious":false,"target_user":"agarcia","dest_host":"WIN-DC-01","authentication_package":"NTLM","error_code":"0x0","message":"The domain controller attempted to validate the credentials for an account."}
{"timestamp":"2026-09-08T17:27:47Z","host":"WIN-DC-02","source":"WinEventLog:Security","sourcetype":"WinEventLog:Security","index":"windows","EventCode":4776,"event_id":4776,"log_name":"Security","computer":"WIN-DC-02.corp.local","provider_name":"Microsoft-Windows-Security-Auditing","level":"Information","record_id":102141,"scenario":"Normal NTLM Validation","attack_phase":"None","mitre_technique":"None","severity":"low","is_suspicious":false,"target_user":"cwalker","dest_host":"WIN-DC-02","authentication_package":"NTLM","error_code":"0x0","message":"The domain controller attempted to validate the credentials for an account."}
{"timestamp":"2026-09-08T17:29:54Z","host":"WIN-DC-01","source":"WinEventLog:Security","sourcetype":"WinEventLog:Security","index":"windows","EventCode":4776,"event_id":4776,"log_name":"Security","computer":"WIN-DC-01.corp.local","provider_name":"Microsoft-Windows-Security-Auditing","level":"Information","record_id":102142,"scenario":"Normal NTLM Validation","attack_phase":"None","mitre_technique":"None","severity":"low","is_suspicious":false,"target_user":"agarcia","dest_host":"WIN-DC-01","authentication_package":"NTLM","error_code":"0x0","message":"The domain controller attempted to validate the credentials for an account."}
{"timestamp":"2026-09-08T17:32:20Z","host":"WIN-DC-02","source":"WinEventLog:Security","sourcetype":"WinEventLog:Security","index":"windows","EventCode":4776,"event_id":4776,"log_name":"Security","computer":"WIN-DC-02.corp.local","provider_name":"Microsoft-Windows-Security-Auditing","level":"Information","record_id":102143,"scenario":"Normal NTLM Validation","attack_phase":"None","mitre_technique":"None","severity":"low","is_suspicious":false,"target_user":"rpatel","dest_host":"WIN-DC-02","authentication_package":"NTLM","error_code":"0x0","message":"The domain controller attempted to validate the credentials for an account."}
{"timestamp":"2026-09-08T17:35:45Z","host":"WIN-DC-01","source":"WinEventLog:Security","sourcetype":"WinEventLog:Security","index":"windows","EventCode":4776,"event_id":4776,"log_name":"Security","computer":"WIN-DC-01.corp.local","provider_name":"Microsoft-Windows-Security-Auditing","level":"Information","record_id":102144,"scenario":"Normal NTLM Validation","attack_phase":"None","mitre_technique":"None","severity":"low","is_suspicious":false,"target_user":"tnguyen","dest_host":"WIN-DC-01","authentication_package":"NTLM","error_code":"0x0","message":"The domain controller attempted to validate the credentials for an account."}
{"timestamp":"2026-09-08T17:37:42Z","host":"WIN-DC-02","source":"WinEventLog:Security","sourcetype":"WinEventLog:Security","index":"windows","EventCode":4776,"event_id":4776,"log_name":"Security","computer":"WIN-DC-02.corp.local","provider_name":"Microsoft-Windows-Security-Auditing","level":"Information","record_id":102145,"scenario":"Normal NTLM Validation","attack_phase":"None","mitre_technique":"None","severity":"low","is_suspicious":false,"target_user":"lwilson","dest_host":"WIN-DC-02","authentication_package":"NTLM","error_code":"0x0","message":"The domain controller attempted to validate the credentials for an account."}
{"timestamp":"2026-09-08T17:39:32Z","host":"WIN-DC-01","source":"WinEventLog:Security","sourcetype":"WinEventLog:Security","index":"windows","EventCode":4776,"event_id":4776,"log_name":"Security","computer":"WIN-DC-01.corp.local","provider_name":"Microsoft-Windows-Security-Auditing","level":"Information","record_id":102146,"scenario":"Normal NTLM Validation","attack_phase":"None","mitre_technique":"None","severity":"low","is_suspicious":false,"target_user":"mchen","dest_host":"WIN-DC-01","authentication_package":"NTLM","error_code":"0x0","message":"The domain controller attempted to validate the credentials for an account."}
{"timestamp":"2026-09-08T17:42:34Z","host":"WIN-DC-02","source":"WinEventLog:Security","sourcetype":"WinEventLog:Security","index":"windows","EventCode":4776,"event_id":4776,"log_name":"Security","computer":"WIN-DC-02.corp.local","provider_name":"Microsoft-Windows-Security-Auditing","level":"Information","record_id":102147,"scenario":"Normal NTLM Validation","attack_phase":"None","mitre_technique":"None","severity":"low","is_suspicious":false,"target_user":"lwilson","dest_host":"WIN-DC-02","authentication_package":"NTLM","error_code":"0x0","message":"The domain controller attempted to validate the credentials for an account."}
{"timestamp":"2026-09-08T17:42:40Z","host":"WIN-DC-01","source":"WinEventLog:Security","sourcetype":"WinEventLog:Security","index":"windows","EventCode":4776,"event_id":4776,"log_name":"Security","computer":"WIN-DC-01.corp.local","provider_name":"Microsoft-Windows-Security-Auditing","level":"Information","record_id":102148,"scenario":"Normal NTLM Validation","attack_phase":"None","mitre_technique":"None","severity":"low","is_suspicious":false,"target_user":"agarcia","dest_host":"WIN-DC-01","authentication_package":"NTLM","error_code":"0x0","message":"The domain controller attempted to validate the credentials for an account."}
{"timestamp":"2026-09-08T17:47:02Z","host":"WIN-DC-02","source":"WinEventLog:Security","sourcetype":"WinEventLog:Security","index":"windows","EventCode":4776,"event_id":4776,"log_name":"Security","computer":"WIN-DC-02.corp.local","provider_name":"Microsoft-Windows-Security-Auditing","level":"Information","record_id":102149,"scenario":"Normal NTLM Validation","attack_phase":"None","mitre_technique":"None","severity":"low","is_suspicious":false,"target_user":"cwalker","dest_host":"WIN-DC-02","authentication_package":"NTLM","error_code":"0x0","message":"The domain controller attempted to validate the credentials for an account."}
