{"timestamp":"2026-09-05T10:41:22Z","host":"WIN-CLIENT-04","source":"WinEventLog:Security","sourcetype":"WinEventLog:Security","index":"windows","EventCode":4625,"event_id":4625,"log_name":"Security","computer":"WIN-CLIENT-04.corp.local","provider_name":"Microsoft-Windows-Security-Auditing","level":"Information","record_id":101119,"scenario":"Normal Failed Logon (user error)","attack_phase":"None","mitre_technique":"None","severity":"low","is_suspicious":false,"subject_user":"SYSTEM","subject_domain":"NT AUTHORITY","target_user":"kwright","target_domain":"CORP","src_ip":"10.10.10.130","src_port":57629,"dest_host":"WIN-CLIENT-04","logon_type":2,"authentication_package":"NTLM","status":"0xC000006D","sub_status":"0xC0000193","process_name":"C:\\Windows\\System32\\winlogon.exe","process_id":"0x2a4","message":"An account failed to log on. Reason: Account expired"}
{"timestamp":"2026-09-05T10:49:33Z","host":"WIN-CLIENT-05","source":"WinEventLog:Security","sourcetype":"WinEventLog:Security","index":"windows","EventCode":4625,"event_id":4625,"log_name":"Security","computer":"WIN-CLIENT-05.corp.local","provider_name":"Microsoft-Windows-Security-Auditing","level":"Information","record_id":101120,"scenario":"Normal Failed Logon (user error)","attack_phase":"None","mitre_technique":"None","severity":"low","is_suspicious":false,"subject_user":"SYSTEM","subject_domain":"NT AUTHORITY","target_user":"sbrooks","target_domain":"CORP","src_ip":"10.10.10.117","src_port":59173,"dest_host":"WIN-CLIENT-05","logon_type":3,"authentication_package":"NTLM","status":"0xC000006D","sub_status":"0xC0000072","process_name":"C:\\Windows\\System32\\winlogon.exe","process_id":"0x2a4","message":"An account failed to log on. Reason: Account disabled"}
{"timestamp":"2026-09-05T11:03:22Z","host":"WIN-CLIENT-02","source":"WinEventLog:Security","sourcetype":"WinEventLog:Security","index":"windows","EventCode":4625,"event_id":4625,"log_name":"Security","computer":"WIN-CLIENT-02.corp.local","provider_name":"Microsoft-Windows-Security-Auditing","level":"Information","record_id":101121,"scenario":"Normal Failed Logon (user error)","attack_phase":"None","mitre_technique":"None","severity":"low","is_suspicious":false,"subject_user":"SYSTEM","subject_domain":"NT AUTHORITY","target_user":"agarcia","target_domain":"CORP","src_ip":"10.10.10.24","src_port":50313,"dest_host":"WIN-CLIENT-02","logon_type":3,"authentication_package":"NTLM","status":"0xC000006D","sub_status":"0xC0000193","process_name":"C:\\Windows\\System32\\winlogon.exe","process_id":"0x2a4","message":"An account failed to log on. Reason: Account expired"}
{"timestamp":"2026-09-05T11:06:35Z","host":"WIN-CLIENT-01","source":"WinEventLog:Security","sourcetype":"WinEventLog:Security","index":"windows","EventCode":4625,"event_id":4625,"log_name":"Security","computer":"WIN-CLIENT-01.corp.local","provider_name":"Microsoft-Windows-Security-Auditing","level":"Information","record_id":101122,"scenario":"Normal Failed Logon (user error)","attack_phase":"None","mitre_technique":"None","severity":"low","is_suspicious":false,"subject_user":"SYSTEM","subject_domain":"NT AUTHORITY","target_user":"lwilson","target_domain":"CORP","src_ip":"10.10.10.44","src_port":53521,"dest_host":"WIN-CLIENT-01","logon_type":2,"authentication_package":"NTLM","status":"0xC000006D","sub_status":"0xC000006A","process_name":"C:\\Windows\\System32\\winlogon.exe","process_id":"0x2a4","message":"An account failed to log on. Reason: Incorrect password"}
{"timestamp":"2026-09-05T11:18:38Z","host":"WIN-CLIENT-04","source":"WinEventLog:Security","sourcetype":"WinEventLog:Security","index":"windows","EventCode":4625,"event_id":4625,"log_name":"Security","computer":"WIN-CLIENT-04.corp.local","provider_name":"Microsoft-Windows-Security-Auditing","level":"Information","record_id":101123,"scenario":"Normal Failed Logon (user error)","attack_phase":"None","mitre_technique":"None","severity":"low","is_suspicious":false,"subject_user":"SYSTEM","subject_domain":"NT AUTHORITY","target_user":"mchen","target_domain":"CORP","src_ip":"10.10.10.225","src_port":52346,"dest_host":"WIN-CLIENT-04","logon_type":2,"authentication_package":"NTLM","status":"0xC000006D","sub_status":"0xC0000064","process_name":"C:\\Windows\\System32\\winlogon.exe","process_id":"0x2a4","message":"An account failed to log on. Reason: Invalid username"}
{"timestamp":"2026-09-05T11:23:48Z","host":"WIN-CLIENT-05","source":"WinEventLog:Security","sourcetype":"WinEventLog:Security","index":"windows","EventCode":4625,"event_id":4625,"log_name":"Security","computer":"WIN-CLIENT-05.corp.local","provider_name":"Microsoft-Windows-Security-Auditing","level":"Information","record_id":101124,"scenario":"Normal Failed Logon (user error)","attack_phase":"None","mitre_technique":"None","severity":"low","is_suspicious":false,"subject_user":"SYSTEM","subject_domain":"NT AUTHORITY","target_user":"tnguyen","target_domain":"CORP","src_ip":"10.10.10.123","src_port":54680,"dest_host":"WIN-CLIENT-05","logon_type":3,"authentication_package":"NTLM","status":"0xC000006D","sub_status":"0xC0000064","process_name":"C:\\Windows\\System32\\winlogon.exe","process_id":"0x2a4","message":"An account failed to log on. Reason: Invalid username"}
{"timestamp":"2026-09-05T11:31:32Z","host":"WIN-CLIENT-03","source":"WinEventLog:Security","sourcetype":"WinEventLog:Security","index":"windows","EventCode":4625,"event_id":4625,"log_name":"Security","computer":"WIN-CLIENT-03.corp.local","provider_name":"Microsoft-Windows-Security-Auditing","level":"Information","record_id":101125,"scenario":"Normal Failed Logon (user error)","attack_phase":"None","mitre_technique":"None","severity":"low","is_suspicious":false,"subject_user":"SYSTEM","subject_domain":"NT AUTHORITY","target_user":"jsmith","target_domain":"CORP","src_ip":"10.10.10.18","src_port":49361,"dest_host":"WIN-CLIENT-03","logon_type":2,"authentication_package":"NTLM","status":"0xC000006D","sub_status":"0xC0000064","process_name":"C:\\Windows\\System32\\winlogon.exe","process_id":"0x2a4","message":"An account failed to log on. Reason: Invalid username"}
{"timestamp":"2026-09-05T11:45:56Z","host":"WIN-CLIENT-03","source":"WinEventLog:Security","sourcetype":"WinEventLog:Security","index":"windows","EventCode":4625,"event_id":4625,"log_name":"Security","computer":"WIN-CLIENT-03.corp.local","provider_name":"Microsoft-Windows-Security-Auditing","level":"Information","record_id":101126,"scenario":"Normal Failed Logon (user error)","attack_phase":"None","mitre_technique":"None","severity":"low","is_suspicious":false,"subject_user":"SYSTEM","subject_domain":"NT AUTHORITY","target_user":"sbrooks","target_domain":"CORP","src_ip":"10.10.10.150","src_port":54616,"dest_host":"WIN-CLIENT-03","logon_type":3,"authentication_package":"NTLM","status":"0xC000006D","sub_status":"0xC0000193","process_name":"C:\\Windows\\System32\\winlogon.exe","process_id":"0x2a4","message":"An account failed to log on. Reason: Account expired"}
{"timestamp":"2026-09-05T11:54:23Z","host":"WIN-CLIENT-05","source":"WinEventLog:Security","sourcetype":"WinEventLog:Security","index":"windows","EventCode":4625,"event_id":4625,"log_name":"Security","computer":"WIN-CLIENT-05.corp.local","provider_name":"Microsoft-Windows-Security-Auditing","level":"Information","record_id":101127,"scenario":"Normal Failed Logon (user error)","attack_phase":"None","mitre_technique":"None","severity":"low","is_suspicious":false,"subject_user":"SYSTEM","subject_domain":"NT AUTHORITY","target_user":"cwalker","target_domain":"CORP","src_ip":"10.10.10.119","src_port":53982,"dest_host":"WIN-CLIENT-05","logon_type":2,"authentication_package":"NTLM","status":"0xC000006D","sub_status":"0xC0000193","process_name":"C:\\Windows\\System32\\winlogon.exe","process_id":"0x2a4","message":"An account failed to log on. Reason: Account expired"}
{"timestamp":"2026-09-05T12:08:01Z","host":"WIN-CLIENT-02","source":"WinEventLog:Security","sourcetype":"WinEventLog:Security","index":"windows","EventCode":4625,"event_id":4625,"log_name":"Security","computer":"WIN-CLIENT-02.corp.local","provider_name":"Microsoft-Windows-Security-Auditing","level":"Information","record_id":101128,"scenario":"Normal Failed Logon (user error)","attack_phase":"None","mitre_technique":"None","severity":"low","is_suspicious":false,"subject_user":"SYSTEM","subject_domain":"NT AUTHORITY","target_user":"lwilson","target_domain":"CORP","src_ip":"10.10.10.60","src_port":56933,"dest_host":"WIN-CLIENT-02","logon_type":3,"authentication_package":"NTLM","status":"0xC000006D","sub_status":"0xC0000072","process_name":"C:\\Windows\\System32\\winlogon.exe","process_id":"0x2a4","message":"An account failed to log on. Reason: Account disabled"}
{"timestamp":"2026-09-05T12:13:06Z","host":"WIN-CLIENT-02","source":"WinEventLog:Security","sourcetype":"WinEventLog:Security","index":"windows","EventCode":4625,"event_id":4625,"log_name":"Security","computer":"WIN-CLIENT-02.corp.local","provider_name":"Microsoft-Windows-Security-Auditing","level":"Information","record_id":101129,"scenario":"Normal Failed Logon (user error)","attack_phase":"None","mitre_technique":"None","severity":"low","is_suspicious":false,"subject_user":"SYSTEM","subject_domain":"NT AUTHORITY","target_user":"jsmith","target_domain":"CORP","src_ip":"10.10.10.74","src_port":56469,"dest_host":"WIN-CLIENT-02","logon_type":2,"authentication_package":"NTLM","status":"0xC000006D","sub_status":"0xC0000072","process_name":"C:\\Windows\\System32\\winlogon.exe","process_id":"0x2a4","message":"An account failed to log on. Reason: Account disabled"}
{"timestamp":"2026-09-05T12:23:49Z","host":"WIN-CLIENT-05","source":"WinEventLog:Security","sourcetype":"WinEventLog:Security","index":"windows","EventCode":4625,"event_id":4625,"log_name":"Security","computer":"WIN-CLIENT-05.corp.local","provider_name":"Microsoft-Windows-Security-Auditing","level":"Information","record_id":101130,"scenario":"Normal Failed Logon (user error)","attack_phase":"None","mitre_technique":"None","severity":"low","is_suspicious":false,"subject_user":"SYSTEM","subject_domain":"NT AUTHORITY","target_user":"mchen","target_domain":"CORP","src_ip":"10.10.10.48","src_port":64945,"dest_host":"WIN-CLIENT-05","logon_type":2,"authentication_package":"NTLM","status":"0xC000006D","sub_status":"0xC0000072","process_name":"C:\\Windows\\System32\\winlogon.exe","process_id":"0x2a4","message":"An account failed to log on. Reason: Account disabled"}
{"timestamp":"2026-09-05T12:38:18Z","host":"WIN-CLIENT-02","source":"WinEventLog:Security","sourcetype":"WinEventLog:Security","index":"windows","EventCode":4625,"event_id":4625,"log_name":"Security","computer":"WIN-CLIENT-02.corp.local","provider_name":"Microsoft-Windows-Security-Auditing","level":"Information","record_id":101131,"scenario":"Normal Failed Logon (user error)","attack_phase":"None","mitre_technique":"None","severity":"low","is_suspicious":false,"subject_user":"SYSTEM","subject_domain":"NT AUTHORITY","target_user":"mchen","target_domain":"CORP","src_ip":"10.10.10.31","src_port":49674,"dest_host":"WIN-CLIENT-02","logon_type":3,"authentication_package":"NTLM","status":"0xC000006D","sub_status":"0xC0000064","process_name":"C:\\Windows\\System32\\winlogon.exe","process_id":"0x2a4","message":"An account failed to log on. Reason: Invalid username"}
{"timestamp":"2026-09-05T12:48:16Z","host":"WIN-CLIENT-04","source":"WinEventLog:Security","sourcetype":"WinEventLog:Security","index":"windows","EventCode":4625,"event_id":4625,"log_name":"Security","computer":"WIN-CLIENT-04.corp.local","provider_name":"Microsoft-Windows-Security-Auditing","level":"Information","record_id":101132,"scenario":"Normal Failed Logon (user error)","attack_phase":"None","mitre_technique":"None","severity":"low","is_suspicious":false,"subject_user":"SYSTEM","subject_domain":"NT AUTHORITY","target_user":"mchen","target_domain":"CORP","src_ip":"10.10.10.96","src_port":52022,"dest_host":"WIN-CLIENT-04","logon_type":2,"authentication_package":"NTLM","status":"0xC000006D","sub_status":"0xC0000072","process_name":"C:\\Windows\\System32\\winlogon.exe","process_id":"0x2a4","message":"An account failed to log on. Reason: Account disabled"}
{"timestamp":"2026-09-05T12:58:01Z","host":"WIN-CLIENT-03","source":"WinEventLog:Security","sourcetype":"WinEventLog:Security","index":"windows","EventCode":4625,"event_id":4625,"log_name":"Security","computer":"WIN-CLIENT-03.corp.local","provider_name":"Microsoft-Windows-Security-Auditing","level":"Information","record_id":101133,"scenario":"Normal Failed Logon (user error)","attack_phase":"None","mitre_technique":"None","severity":"low","is_suspicious":false,"subject_user":"SYSTEM","subject_domain":"NT AUTHORITY","target_user":"jsmith","target_domain":"CORP","src_ip":"10.10.10.39","src_port":55109,"dest_host":"WIN-CLIENT-03","logon_type":3,"authentication_package":"NTLM","status":"0xC000006D","sub_status":"0xC0000072","process_name":"C:\\Windows\\System32\\winlogon.exe","process_id":"0x2a4","message":"An account failed to log on. Reason: Account disabled"}
{"timestamp":"2026-09-05T13:07:23Z","host":"WIN-CLIENT-05","source":"WinEventLog:Security","sourcetype":"WinEventLog:Security","index":"windows","EventCode":4625,"event_id":4625,"log_name":"Security","computer":"WIN-CLIENT-05.corp.local","provider_name":"Microsoft-Windows-Security-Auditing","level":"Information","record_id":101134,"scenario":"Normal Failed Logon (user error)","attack_phase":"None","mitre_technique":"None","severity":"low","is_suspicious":false,"subject_user":"SYSTEM","subject_domain":"NT AUTHORITY","target_user":"mchen","target_domain":"CORP","src_ip":"10.10.10.33","src_port":64080,"dest_host":"WIN-CLIENT-05","logon_type":2,"authentication_package":"NTLM","status":"0xC000006D","sub_status":"0xC0000072","process_name":"C:\\Windows\\System32\\winlogon.exe","process_id":"0x2a4","message":"An account failed to log on. Reason: Account disabled"}
{"timestamp":"2026-09-05T13:14:27Z","host":"WIN-CLIENT-02","source":"WinEventLog:Security","sourcetype":"WinEventLog:Security","index":"windows","EventCode":4625,"event_id":4625,"log_name":"Security","computer":"WIN-CLIENT-02.corp.local","provider_name":"Microsoft-Windows-Security-Auditing","level":"Information","record_id":101135,"scenario":"Normal Failed Logon (user error)","attack_phase":"None","mitre_technique":"None","severity":"low","is_suspicious":false,"subject_user":"SYSTEM","subject_domain":"NT AUTHORITY","target_user":"dohara","target_domain":"CORP","src_ip":"10.10.10.239","src_port":54246,"dest_host":"WIN-CLIENT-02","logon_type":2,"authentication_package":"NTLM","status":"0xC000006D","sub_status":"0xC0000193","process_name":"C:\\Windows\\System32\\winlogon.exe","process_id":"0x2a4","message":"An account failed to log on. Reason: Account expired"}
{"timestamp":"2026-09-05T13:14:41Z","host":"WIN-CLIENT-05","source":"WinEventLog:Security","sourcetype":"WinEventLog:Security","index":"windows","EventCode":4625,"event_id":4625,"log_name":"Security","computer":"WIN-CLIENT-05.corp.local","provider_name":"Microsoft-Windows-Security-Auditing","level":"Information","record_id":101136,"scenario":"Normal Failed Logon (user error)","attack_phase":"None","mitre_technique":"None","severity":"low","is_suspicious":false,"subject_user":"SYSTEM","subject_domain":"NT AUTHORITY","target_user":"sbrooks","target_domain":"CORP","src_ip":"10.10.10.167","src_port":60558,"dest_host":"WIN-CLIENT-05","logon_type":3,"authentication_package":"NTLM","status":"0xC000006D","sub_status":"0xC0000072","process_name":"C:\\Windows\\System32\\winlogon.exe","process_id":"0x2a4","message":"An account failed to log on. Reason: Account disabled"}
{"timestamp":"2026-09-05T13:22:56Z","host":"WIN-CLIENT-05","source":"WinEventLog:Security","sourcetype":"WinEventLog:Security","index":"windows","EventCode":4625,"event_id":4625,"log_name":"Security","computer":"WIN-CLIENT-05.corp.local","provider_name":"Microsoft-Windows-Security-Auditing","level":"Information","record_id":101137,"scenario":"Normal Failed Logon (user error)","attack_phase":"None","mitre_technique":"None","severity":"low","is_suspicious":false,"subject_user":"SYSTEM","subject_domain":"NT AUTHORITY","target_user":"lwilson","target_domain":"CORP","src_ip":"10.10.10.206","src_port":58260,"dest_host":"WIN-CLIENT-05","logon_type":3,"authentication_package":"NTLM","status":"0xC000006D","sub_status":"0xC0000064","process_name":"C:\\Windows\\System32\\winlogon.exe","process_id":"0x2a4","message":"An account failed to log on. Reason: Invalid username"}
{"timestamp":"2026-09-05T13:28:52Z","host":"WIN-CLIENT-04","source":"WinEventLog:Security","sourcetype":"WinEventLog:Security","index":"windows","EventCode":4625,"event_id":4625,"log_name":"Security","computer":"WIN-CLIENT-04.corp.local","provider_name":"Microsoft-Windows-Security-Auditing","level":"Information","record_id":101138,"scenario":"Normal Failed Logon (user error)","attack_phase":"None","mitre_technique":"None","severity":"low","is_suspicious":false,"subject_user":"SYSTEM","subject_domain":"NT AUTHORITY","target_user":"agarcia","target_domain":"CORP","src_ip":"10.10.10.37","src_port":60108,"dest_host":"WIN-CLIENT-04","logon_type":2,"authentication_package":"NTLM","status":"0xC000006D","sub_status":"0xC000006A","process_name":"C:\\Windows\\System32\\winlogon.exe","process_id":"0x2a4","message":"An account failed to log on. Reason: Incorrect password"}
{"timestamp":"2026-09-05T13:34:17Z","host":"WIN-CLIENT-04","source":"WinEventLog:Security","sourcetype":"WinEventLog:Security","index":"windows","EventCode":4625,"event_id":4625,"log_name":"Security","computer":"WIN-CLIENT-04.corp.local","provider_name":"Microsoft-Windows-Security-Auditing","level":"Information","record_id":101139,"scenario":"Normal Failed Logon (user error)","attack_phase":"None","mitre_technique":"None","severity":"low","is_suspicious":false,"subject_user":"SYSTEM","subject_domain":"NT AUTHORITY","target_user":"jsmith","target_domain":"CORP","src_ip":"10.10.10.116","src_port":54855,"dest_host":"WIN-CLIENT-04","logon_type":2,"authentication_package":"NTLM","status":"0xC000006D","sub_status":"0xC0000064","process_name":"C:\\Windows\\System32\\winlogon.exe","process_id":"0x2a4","message":"An account failed to log on. Reason: Invalid username"}
{"timestamp":"2026-09-05T13:40:01Z","host":"WIN-CLIENT-05","source":"WinEventLog:Security","sourcetype":"WinEventLog:Security","index":"windows","EventCode":4625,"event_id":4625,"log_name":"Security","computer":"WIN-CLIENT-05.corp.local","provider_name":"Microsoft-Windows-Security-Auditing","level":"Information","record_id":101140,"scenario":"Normal Failed Logon (user error)","attack_phase":"None","mitre_technique":"None","severity":"low","is_suspicious":false,"subject_user":"SYSTEM","subject_domain":"NT AUTHORITY","target_user":"jsmith","target_domain":"CORP","src_ip":"10.10.10.151","src_port":57625,"dest_host":"WIN-CLIENT-05","logon_type":2,"authentication_package":"NTLM","status":"0xC000006D","sub_status":"0xC0000064","process_name":"C:\\Windows\\System32\\winlogon.exe","process_id":"0x2a4","message":"An account failed to log on. Reason: Invalid username"}
{"timestamp":"2026-09-05T13:53:31Z","host":"WIN-CLIENT-02","source":"WinEventLog:Security","sourcetype":"WinEventLog:Security","index":"windows","EventCode":4625,"event_id":4625,"log_name":"Security","computer":"WIN-CLIENT-02.corp.local","provider_name":"Microsoft-Windows-Security-Auditing","level":"Information","record_id":101141,"scenario":"Normal Failed Logon (user error)","attack_phase":"None","mitre_technique":"None","severity":"low","is_suspicious":false,"subject_user":"SYSTEM","subject_domain":"NT AUTHORITY","target_user":"lwilson","target_domain":"CORP","src_ip":"10.10.10.23","src_port":57821,"dest_host":"WIN-CLIENT-02","logon_type":3,"authentication_package":"NTLM","status":"0xC000006D","sub_status":"0xC000006A","process_name":"C:\\Windows\\System32\\winlogon.exe","process_id":"0x2a4","message":"An account failed to log on. Reason: Incorrect password"}
{"timestamp":"2026-09-05T14:05:14Z","host":"WIN-CLIENT-05","source":"WinEventLog:Security","sourcetype":"WinEventLog:Security","index":"windows","EventCode":4625,"event_id":4625,"log_name":"Security","computer":"WIN-CLIENT-05.corp.local","provider_name":"Microsoft-Windows-Security-Auditing","level":"Information","record_id":101142,"scenario":"Normal Failed Logon (user error)","attack_phase":"None","mitre_technique":"None","severity":"low","is_suspicious":false,"subject_user":"SYSTEM","subject_domain":"NT AUTHORITY","target_user":"agarcia","target_domain":"CORP","src_ip":"10.10.10.51","src_port":57035,"dest_host":"WIN-CLIENT-05","logon_type":3,"authentication_package":"NTLM","status":"0xC000006D","sub_status":"0xC0000193","process_name":"C:\\Windows\\System32\\winlogon.exe","process_id":"0x2a4","message":"An account failed to log on. Reason: Account expired"}
{"timestamp":"2026-09-05T14:15:41Z","host":"WIN-CLIENT-05","source":"WinEventLog:Security","sourcetype":"WinEventLog:Security","index":"windows","EventCode":4625,"event_id":4625,"log_name":"Security","computer":"WIN-CLIENT-05.corp.local","provider_name":"Microsoft-Windows-Security-Auditing","level":"Information","record_id":101143,"scenario":"Normal Failed Logon (user error)","attack_phase":"None","mitre_technique":"None","severity":"low","is_suspicious":false,"subject_user":"SYSTEM","subject_domain":"NT AUTHORITY","target_user":"cwalker","target_domain":"CORP","src_ip":"10.10.10.234","src_port":59924,"dest_host":"WIN-CLIENT-05","logon_type":3,"authentication_package":"NTLM","status":"0xC000006D","sub_status":"0xC000006A","process_name":"C:\\Windows\\System32\\winlogon.exe","process_id":"0x2a4","message":"An account failed to log on. Reason: Incorrect password"}
{"timestamp":"2026-09-05T14:22:38Z","host":"WIN-CLIENT-04","source":"WinEventLog:Security","sourcetype":"WinEventLog:Security","index":"windows","EventCode":4625,"event_id":4625,"log_name":"Security","computer":"WIN-CLIENT-04.corp.local","provider_name":"Microsoft-Windows-Security-Auditing","level":"Information","record_id":101144,"scenario":"Normal Failed Logon (user error)","attack_phase":"None","mitre_technique":"None","severity":"low","is_suspicious":false,"subject_user":"SYSTEM","subject_domain":"NT AUTHORITY","target_user":"mchen","target_domain":"CORP","src_ip":"10.10.10.100","src_port":55108,"dest_host":"WIN-CLIENT-04","logon_type":2,"authentication_package":"NTLM","status":"0xC000006D","sub_status":"0xC0000072","process_name":"C:\\Windows\\System32\\winlogon.exe","process_id":"0x2a4","message":"An account failed to log on. Reason: Account disabled"}
{"timestamp":"2026-09-05T14:27:39Z","host":"WIN-CLIENT-03","source":"WinEventLog:Security","sourcetype":"WinEventLog:Security","index":"windows","EventCode":4625,"event_id":4625,"log_name":"Security","computer":"WIN-CLIENT-03.corp.local","provider_name":"Microsoft-Windows-Security-Auditing","level":"Information","record_id":101145,"scenario":"Normal Failed Logon (user error)","attack_phase":"None","mitre_technique":"None","severity":"low","is_suspicious":false,"subject_user":"SYSTEM","subject_domain":"NT AUTHORITY","target_user":"kwright","target_domain":"CORP","src_ip":"10.10.10.116","src_port":63324,"dest_host":"WIN-CLIENT-03","logon_type":2,"authentication_package":"NTLM","status":"0xC000006D","sub_status":"0xC0000072","process_name":"C:\\Windows\\System32\\winlogon.exe","process_id":"0x2a4","message":"An account failed to log on. Reason: Account disabled"}
{"timestamp":"2026-09-05T14:31:29Z","host":"WIN-CLIENT-04","source":"WinEventLog:Security","sourcetype":"WinEventLog:Security","index":"windows","EventCode":4625,"event_id":4625,"log_name":"Security","computer":"WIN-CLIENT-04.corp.local","provider_name":"Microsoft-Windows-Security-Auditing","level":"Information","record_id":101146,"scenario":"Normal Failed Logon (user error)","attack_phase":"None","mitre_technique":"None","severity":"low","is_suspicious":false,"subject_user":"SYSTEM","subject_domain":"NT AUTHORITY","target_user":"dohara","target_domain":"CORP","src_ip":"10.10.10.75","src_port":51683,"dest_host":"WIN-CLIENT-04","logon_type":3,"authentication_package":"NTLM","status":"0xC000006D","sub_status":"0xC0000193","process_name":"C:\\Windows\\System32\\winlogon.exe","process_id":"0x2a4","message":"An account failed to log on. Reason: Account expired"}
{"timestamp":"2026-09-05T14:44:05Z","host":"WIN-CLIENT-02","source":"WinEventLog:Security","sourcetype":"WinEventLog:Security","index":"windows","EventCode":4625,"event_id":4625,"log_name":"Security","computer":"WIN-CLIENT-02.corp.local","provider_name":"Microsoft-Windows-Security-Auditing","level":"Information","record_id":101147,"scenario":"Normal Failed Logon (user error)","attack_phase":"None","mitre_technique":"None","severity":"low","is_suspicious":false,"subject_user":"SYSTEM","subject_domain":"NT AUTHORITY","target_user":"tnguyen","target_domain":"CORP","src_ip":"10.10.10.38","src_port":52404,"dest_host":"WIN-CLIENT-02","logon_type":3,"authentication_package":"NTLM","status":"0xC000006D","sub_status":"0xC000006A","process_name":"C:\\Windows\\System32\\winlogon.exe","process_id":"0x2a4","message":"An account failed to log on. Reason: Incorrect password"}
{"timestamp":"2026-09-05T14:52:21Z","host":"WIN-CLIENT-03","source":"WinEventLog:Security","sourcetype":"WinEventLog:Security","index":"windows","EventCode":4625,"event_id":4625,"log_name":"Security","computer":"WIN-CLIENT-03.corp.local","provider_name":"Microsoft-Windows-Security-Auditing","level":"Information","record_id":101148,"scenario":"Normal Failed Logon (user error)","attack_phase":"None","mitre_technique":"None","severity":"low","is_suspicious":false,"subject_user":"SYSTEM","subject_domain":"NT AUTHORITY","target_user":"sbrooks","target_domain":"CORP","src_ip":"10.10.10.240","src_port":64730,"dest_host":"WIN-CLIENT-03","logon_type":3,"authentication_package":"NTLM","status":"0xC000006D","sub_status":"0xC000006A","process_name":"C:\\Windows\\System32\\winlogon.exe","process_id":"0x2a4","message":"An account failed to log on. Reason: Incorrect password"}
{"timestamp":"2026-09-05T14:54:01Z","host":"WIN-CLIENT-04","source":"WinEventLog:Security","sourcetype":"WinEventLog:Security","index":"windows","EventCode":4625,"event_id":4625,"log_name":"Security","computer":"WIN-CLIENT-04.corp.local","provider_name":"Microsoft-Windows-Security-Auditing","level":"Information","record_id":101149,"scenario":"Normal Failed Logon (user error)","attack_phase":"None","mitre_technique":"None","severity":"low","is_suspicious":false,"subject_user":"SYSTEM","subject_domain":"NT AUTHORITY","target_user":"jsmith","target_domain":"CORP","src_ip":"10.10.10.108","src_port":51865,"dest_host":"WIN-CLIENT-04","logon_type":3,"authentication_package":"NTLM","status":"0xC000006D","sub_status":"0xC0000072","process_name":"C:\\Windows\\System32\\winlogon.exe","process_id":"0x2a4","message":"An account failed to log on. Reason: Account disabled"}
{"timestamp":"2026-09-05T15:06:18Z","host":"WIN-CLIENT-02","source":"WinEventLog:Security","sourcetype":"WinEventLog:Security","index":"windows","EventCode":4625,"event_id":4625,"log_name":"Security","computer":"WIN-CLIENT-02.corp.local","provider_name":"Microsoft-Windows-Security-Auditing","level":"Information","record_id":101150,"scenario":"Normal Failed Logon (user error)","attack_phase":"None","mitre_technique":"None","severity":"low","is_suspicious":false,"subject_user":"SYSTEM","subject_domain":"NT AUTHORITY","target_user":"cwalker","target_domain":"CORP","src_ip":"10.10.10.49","src_port":62636,"dest_host":"WIN-CLIENT-02","logon_type":3,"authentication_package":"NTLM","status":"0xC000006D","sub_status":"0xC0000064","process_name":"C:\\Windows\\System32\\winlogon.exe","process_id":"0x2a4","message":"An account failed to log on. Reason: Invalid username"}
{"timestamp":"2026-09-05T15:11:24Z","host":"WIN-CLIENT-04","source":"WinEventLog:Security","sourcetype":"WinEventLog:Security","index":"windows","EventCode":4625,"event_id":4625,"log_name":"Security","computer":"WIN-CLIENT-04.corp.local","provider_name":"Microsoft-Windows-Security-Auditing","level":"Information","record_id":101151,"scenario":"Normal Failed Logon (user error)","attack_phase":"None","mitre_technique":"None","severity":"low","is_suspicious":false,"subject_user":"SYSTEM","subject_domain":"NT AUTHORITY","target_user":"sbrooks","target_domain":"CORP","src_ip":"10.10.10.212","src_port":62537,"dest_host":"WIN-CLIENT-04","logon_type":3,"authentication_package":"NTLM","status":"0xC000006D","sub_status":"0xC000006A","process_name":"C:\\Windows\\System32\\winlogon.exe","process_id":"0x2a4","message":"An account failed to log on. Reason: Incorrect password"}
{"timestamp":"2026-09-05T15:25:48Z","host":"WIN-CLIENT-03","source":"WinEventLog:Security","sourcetype":"WinEventLog:Security","index":"windows","EventCode":4625,"event_id":4625,"log_name":"Security","computer":"WIN-CLIENT-03.corp.local","provider_name":"Microsoft-Windows-Security-Auditing","level":"Information","record_id":101152,"scenario":"Normal Failed Logon (user error)","attack_phase":"None","mitre_technique":"None","severity":"low","is_suspicious":false,"subject_user":"SYSTEM","subject_domain":"NT AUTHORITY","target_user":"cwalker","target_domain":"CORP","src_ip":"10.10.10.145","src_port":61121,"dest_host":"WIN-CLIENT-03","logon_type":3,"authentication_package":"NTLM","status":"0xC000006D","sub_status":"0xC0000193","process_name":"C:\\Windows\\System32\\winlogon.exe","process_id":"0x2a4","message":"An account failed to log on. Reason: Account expired"}
{"timestamp":"2026-09-05T15:29:47Z","host":"WIN-CLIENT-01","source":"WinEventLog:Security","sourcetype":"WinEventLog:Security","index":"windows","EventCode":4625,"event_id":4625,"log_name":"Security","computer":"WIN-CLIENT-01.corp.local","provider_name":"Microsoft-Windows-Security-Auditing","level":"Information","record_id":101153,"scenario":"Normal Failed Logon (user error)","attack_phase":"None","mitre_technique":"None","severity":"low","is_suspicious":false,"subject_user":"SYSTEM","subject_domain":"NT AUTHORITY","target_user":"jsmith","target_domain":"CORP","src_ip":"10.10.10.69","src_port":53917,"dest_host":"WIN-CLIENT-01","logon_type":3,"authentication_package":"NTLM","status":"0xC000006D","sub_status":"0xC0000064","process_name":"C:\\Windows\\System32\\winlogon.exe","process_id":"0x2a4","message":"An account failed to log on. Reason: Invalid username"}
{"timestamp":"2026-09-05T15:32:04Z","host":"WIN-CLIENT-04","source":"WinEventLog:Security","sourcetype":"WinEventLog:Security","index":"windows","EventCode":4625,"event_id":4625,"log_name":"Security","computer":"WIN-CLIENT-04.corp.local","provider_name":"Microsoft-Windows-Security-Auditing","level":"Information","record_id":101154,"scenario":"Normal Failed Logon (user error)","attack_phase":"None","mitre_technique":"None","severity":"low","is_suspicious":false,"subject_user":"SYSTEM","subject_domain":"NT AUTHORITY","target_user":"lwilson","target_domain":"CORP","src_ip":"10.10.10.127","src_port":63856,"dest_host":"WIN-CLIENT-04","logon_type":2,"authentication_package":"NTLM","status":"0xC000006D","sub_status":"0xC0000064","process_name":"C:\\Windows\\System32\\winlogon.exe","process_id":"0x2a4","message":"An account failed to log on. Reason: Invalid username"}
{"timestamp":"2026-09-05T15:32:43Z","host":"WIN-CLIENT-03","source":"WinEventLog:Security","sourcetype":"WinEventLog:Security","index":"windows","EventCode":4625,"event_id":4625,"log_name":"Security","computer":"WIN-CLIENT-03.corp.local","provider_name":"Microsoft-Windows-Security-Auditing","level":"Information","record_id":101155,"scenario":"Normal Failed Logon (user error)","attack_phase":"None","mitre_technique":"None","severity":"low","is_suspicious":false,"subject_user":"SYSTEM","subject_domain":"NT AUTHORITY","target_user":"agarcia","target_domain":"CORP","src_ip":"10.10.10.250","src_port":50093,"dest_host":"WIN-CLIENT-03","logon_type":3,"authentication_package":"NTLM","status":"0xC000006D","sub_status":"0xC0000193","process_name":"C:\\Windows\\System32\\winlogon.exe","process_id":"0x2a4","message":"An account failed to log on. Reason: Account expired"}
{"timestamp":"2026-09-05T15:42:48Z","host":"WIN-CLIENT-05","source":"WinEventLog:Security","sourcetype":"WinEventLog:Security","index":"windows","EventCode":4625,"event_id":4625,"log_name":"Security","computer":"WIN-CLIENT-05.corp.local","provider_name":"Microsoft-Windows-Security-Auditing","level":"Information","record_id":101156,"scenario":"Normal Failed Logon (user error)","attack_phase":"None","mitre_technique":"None","severity":"low","is_suspicious":false,"subject_user":"SYSTEM","subject_domain":"NT AUTHORITY","target_user":"dohara","target_domain":"CORP","src_ip":"10.10.10.224","src_port":53225,"dest_host":"WIN-CLIENT-05","logon_type":3,"authentication_package":"NTLM","status":"0xC000006D","sub_status":"0xC0000193","process_name":"C:\\Windows\\System32\\winlogon.exe","process_id":"0x2a4","message":"An account failed to log on. Reason: Account expired"}
{"timestamp":"2026-09-05T15:54:48Z","host":"WIN-CLIENT-03","source":"WinEventLog:Security","sourcetype":"WinEventLog:Security","index":"windows","EventCode":4625,"event_id":4625,"log_name":"Security","computer":"WIN-CLIENT-03.corp.local","provider_name":"Microsoft-Windows-Security-Auditing","level":"Information","record_id":101157,"scenario":"Normal Failed Logon (user error)","attack_phase":"None","mitre_technique":"None","severity":"low","is_suspicious":false,"subject_user":"SYSTEM","subject_domain":"NT AUTHORITY","target_user":"agarcia","target_domain":"CORP","src_ip":"10.10.10.218","src_port":53252,"dest_host":"WIN-CLIENT-03","logon_type":2,"authentication_package":"NTLM","status":"0xC000006D","sub_status":"0xC000006A","process_name":"C:\\Windows\\System32\\winlogon.exe","process_id":"0x2a4","message":"An account failed to log on. Reason: Incorrect password"}
{"timestamp":"2026-09-05T16:04:53Z","host":"WIN-CLIENT-02","source":"WinEventLog:Security","sourcetype":"WinEventLog:Security","index":"windows","EventCode":4625,"event_id":4625,"log_name":"Security","computer":"WIN-CLIENT-02.corp.local","provider_name":"Microsoft-Windows-Security-Auditing","level":"Information","record_id":101158,"scenario":"Normal Failed Logon (user error)","attack_phase":"None","mitre_technique":"None","severity":"low","is_suspicious":false,"subject_user":"SYSTEM","subject_domain":"NT AUTHORITY","target_user":"jsmith","target_domain":"CORP","src_ip":"10.10.10.120","src_port":63390,"dest_host":"WIN-CLIENT-02","logon_type":2,"authentication_package":"NTLM","status":"0xC000006D","sub_status":"0xC0000072","process_name":"C:\\Windows\\System32\\winlogon.exe","process_id":"0x2a4","message":"An account failed to log on. Reason: Account disabled"}
{"timestamp":"2026-09-05T16:11:08Z","host":"WIN-CLIENT-01","source":"WinEventLog:Security","sourcetype":"WinEventLog:Security","index":"windows","EventCode":4625,"event_id":4625,"log_name":"Security","computer":"WIN-CLIENT-01.corp.local","provider_name":"Microsoft-Windows-Security-Auditing","level":"Information","record_id":101159,"scenario":"Normal Failed Logon (user error)","attack_phase":"None","mitre_technique":"None","severity":"low","is_suspicious":false,"subject_user":"SYSTEM","subject_domain":"NT AUTHORITY","target_user":"mchen","target_domain":"CORP","src_ip":"10.10.10.94","src_port":55873,"dest_host":"WIN-CLIENT-01","logon_type":3,"authentication_package":"NTLM","status":"0xC000006D","sub_status":"0xC0000072","process_name":"C:\\Windows\\System32\\winlogon.exe","process_id":"0x2a4","message":"An account failed to log on. Reason: Account disabled"}
{"timestamp":"2026-09-05T16:12:07Z","host":"WIN-CLIENT-03","source":"WinEventLog:Security","sourcetype":"WinEventLog:Security","index":"windows","EventCode":4625,"event_id":4625,"log_name":"Security","computer":"WIN-CLIENT-03.corp.local","provider_name":"Microsoft-Windows-Security-Auditing","level":"Information","record_id":101160,"scenario":"Normal Failed Logon (user error)","attack_phase":"None","mitre_technique":"None","severity":"low","is_suspicious":false,"subject_user":"SYSTEM","subject_domain":"NT AUTHORITY","target_user":"lwilson","target_domain":"CORP","src_ip":"10.10.10.133","src_port":52175,"dest_host":"WIN-CLIENT-03","logon_type":2,"authentication_package":"NTLM","status":"0xC000006D","sub_status":"0xC000006A","process_name":"C:\\Windows\\System32\\winlogon.exe","process_id":"0x2a4","message":"An account failed to log on. Reason: Incorrect password"}
{"timestamp":"2026-09-05T16:25:20Z","host":"WIN-CLIENT-05","source":"WinEventLog:Security","sourcetype":"WinEventLog:Security","index":"windows","EventCode":4625,"event_id":4625,"log_name":"Security","computer":"WIN-CLIENT-05.corp.local","provider_name":"Microsoft-Windows-Security-Auditing","level":"Information","record_id":101161,"scenario":"Normal Failed Logon (user error)","attack_phase":"None","mitre_technique":"None","severity":"low","is_suspicious":false,"subject_user":"SYSTEM","subject_domain":"NT AUTHORITY","target_user":"agarcia","target_domain":"CORP","src_ip":"10.10.10.141","src_port":54285,"dest_host":"WIN-CLIENT-05","logon_type":3,"authentication_package":"NTLM","status":"0xC000006D","sub_status":"0xC0000064","process_name":"C:\\Windows\\System32\\winlogon.exe","process_id":"0x2a4","message":"An account failed to log on. Reason: Invalid username"}
{"timestamp":"2026-09-05T16:39:36Z","host":"WIN-CLIENT-03","source":"WinEventLog:Security","sourcetype":"WinEventLog:Security","index":"windows","EventCode":4625,"event_id":4625,"log_name":"Security","computer":"WIN-CLIENT-03.corp.local","provider_name":"Microsoft-Windows-Security-Auditing","level":"Information","record_id":101162,"scenario":"Normal Failed Logon (user error)","attack_phase":"None","mitre_technique":"None","severity":"low","is_suspicious":false,"subject_user":"SYSTEM","subject_domain":"NT AUTHORITY","target_user":"lwilson","target_domain":"CORP","src_ip":"10.10.10.26","src_port":57755,"dest_host":"WIN-CLIENT-03","logon_type":3,"authentication_package":"NTLM","status":"0xC000006D","sub_status":"0xC0000072","process_name":"C:\\Windows\\System32\\winlogon.exe","process_id":"0x2a4","message":"An account failed to log on. Reason: Account disabled"}
{"timestamp":"2026-09-05T16:53:49Z","host":"WIN-CLIENT-01","source":"WinEventLog:Security","sourcetype":"WinEventLog:Security","index":"windows","EventCode":4625,"event_id":4625,"log_name":"Security","computer":"WIN-CLIENT-01.corp.local","provider_name":"Microsoft-Windows-Security-Auditing","level":"Information","record_id":101163,"scenario":"Normal Failed Logon (user error)","attack_phase":"None","mitre_technique":"None","severity":"low","is_suspicious":false,"subject_user":"SYSTEM","subject_domain":"NT AUTHORITY","target_user":"mchen","target_domain":"CORP","src_ip":"10.10.10.134","src_port":53610,"dest_host":"WIN-CLIENT-01","logon_type":3,"authentication_package":"NTLM","status":"0xC000006D","sub_status":"0xC0000064","process_name":"C:\\Windows\\System32\\winlogon.exe","process_id":"0x2a4","message":"An account failed to log on. Reason: Invalid username"}
{"timestamp":"2026-09-05T17:07:16Z","host":"WIN-CLIENT-04","source":"WinEventLog:Security","sourcetype":"WinEventLog:Security","index":"windows","EventCode":4625,"event_id":4625,"log_name":"Security","computer":"WIN-CLIENT-04.corp.local","provider_name":"Microsoft-Windows-Security-Auditing","level":"Information","record_id":101164,"scenario":"Normal Failed Logon (user error)","attack_phase":"None","mitre_technique":"None","severity":"low","is_suspicious":false,"subject_user":"SYSTEM","subject_domain":"NT AUTHORITY","target_user":"dohara","target_domain":"CORP","src_ip":"10.10.10.237","src_port":63922,"dest_host":"WIN-CLIENT-04","logon_type":2,"authentication_package":"NTLM","status":"0xC000006D","sub_status":"0xC0000072","process_name":"C:\\Windows\\System32\\winlogon.exe","process_id":"0x2a4","message":"An account failed to log on. Reason: Account disabled"}
{"timestamp":"2026-09-05T17:09:10Z","host":"WIN-CLIENT-02","source":"WinEventLog:Security","sourcetype":"WinEventLog:Security","index":"windows","EventCode":4625,"event_id":4625,"log_name":"Security","computer":"WIN-CLIENT-02.corp.local","provider_name":"Microsoft-Windows-Security-Auditing","level":"Information","record_id":101165,"scenario":"Normal Failed Logon (user error)","attack_phase":"None","mitre_technique":"None","severity":"low","is_suspicious":false,"subject_user":"SYSTEM","subject_domain":"NT AUTHORITY","target_user":"rpatel","target_domain":"CORP","src_ip":"10.10.10.214","src_port":52087,"dest_host":"WIN-CLIENT-02","logon_type":2,"authentication_package":"NTLM","status":"0xC000006D","sub_status":"0xC0000064","process_name":"C:\\Windows\\System32\\winlogon.exe","process_id":"0x2a4","message":"An account failed to log on. Reason: Invalid username"}
{"timestamp":"2026-09-05T17:16:27Z","host":"WIN-CLIENT-01","source":"WinEventLog:Security","sourcetype":"WinEventLog:Security","index":"windows","EventCode":4625,"event_id":4625,"log_name":"Security","computer":"WIN-CLIENT-01.corp.local","provider_name":"Microsoft-Windows-Security-Auditing","level":"Information","record_id":101166,"scenario":"Normal Failed Logon (user error)","attack_phase":"None","mitre_technique":"None","severity":"low","is_suspicious":false,"subject_user":"SYSTEM","subject_domain":"NT AUTHORITY","target_user":"dohara","target_domain":"CORP","src_ip":"10.10.10.211","src_port":51150,"dest_host":"WIN-CLIENT-01","logon_type":2,"authentication_package":"NTLM","status":"0xC000006D","sub_status":"0xC000006A","process_name":"C:\\Windows\\System32\\winlogon.exe","process_id":"0x2a4","message":"An account failed to log on. Reason: Incorrect password"}
{"timestamp":"2026-09-05T17:24:48Z","host":"WIN-CLIENT-03","source":"WinEventLog:Security","sourcetype":"WinEventLog:Security","index":"windows","EventCode":4625,"event_id":4625,"log_name":"Security","computer":"WIN-CLIENT-03.corp.local","provider_name":"Microsoft-Windows-Security-Auditing","level":"Information","record_id":101167,"scenario":"Normal Failed Logon (user error)","attack_phase":"None","mitre_technique":"None","severity":"low","is_suspicious":false,"subject_user":"SYSTEM","subject_domain":"NT AUTHORITY","target_user":"kwright","target_domain":"CORP","src_ip":"10.10.10.37","src_port":62386,"dest_host":"WIN-CLIENT-03","logon_type":3,"authentication_package":"NTLM","status":"0xC000006D","sub_status":"0xC0000072","process_name":"C:\\Windows\\System32\\winlogon.exe","process_id":"0x2a4","message":"An account failed to log on. Reason: Account disabled"}
{"timestamp":"2026-09-05T17:35:09Z","host":"WIN-CLIENT-03","source":"WinEventLog:Security","sourcetype":"WinEventLog:Security","index":"windows","EventCode":4625,"event_id":4625,"log_name":"Security","computer":"WIN-CLIENT-03.corp.local","provider_name":"Microsoft-Windows-Security-Auditing","level":"Information","record_id":101168,"scenario":"Normal Failed Logon (user error)","attack_phase":"None","mitre_technique":"None","severity":"low","is_suspicious":false,"subject_user":"SYSTEM","subject_domain":"NT AUTHORITY","target_user":"sbrooks","target_domain":"CORP","src_ip":"10.10.10.183","src_port":53991,"dest_host":"WIN-CLIENT-03","logon_type":2,"authentication_package":"NTLM","status":"0xC000006D","sub_status":"0xC0000064","process_name":"C:\\Windows\\System32\\winlogon.exe","process_id":"0x2a4","message":"An account failed to log on. Reason: Invalid username"}
{"timestamp":"2026-09-05T17:48:01Z","host":"WIN-CLIENT-02","source":"WinEventLog:Security","sourcetype":"WinEventLog:Security","index":"windows","EventCode":4625,"event_id":4625,"log_name":"Security","computer":"WIN-CLIENT-02.corp.local","provider_name":"Microsoft-Windows-Security-Auditing","level":"Information","record_id":101169,"scenario":"Normal Failed Logon (user error)","attack_phase":"None","mitre_technique":"None","severity":"low","is_suspicious":false,"subject_user":"SYSTEM","subject_domain":"NT AUTHORITY","target_user":"agarcia","target_domain":"CORP","src_ip":"10.10.10.221","src_port":60374,"dest_host":"WIN-CLIENT-02","logon_type":2,"authentication_package":"NTLM","status":"0xC000006D","sub_status":"0xC0000064","process_name":"C:\\Windows\\System32\\winlogon.exe","process_id":"0x2a4","message":"An account failed to log on. Reason: Invalid username"}
{"timestamp":"2026-09-05T17:59:55Z","host":"WIN-CLIENT-03","source":"WinEventLog:Security","sourcetype":"WinEventLog:Security","index":"windows","EventCode":4625,"event_id":4625,"log_name":"Security","computer":"WIN-CLIENT-03.corp.local","provider_name":"Microsoft-Windows-Security-Auditing","level":"Information","record_id":101170,"scenario":"Normal Failed Logon (user error)","attack_phase":"None","mitre_technique":"None","severity":"low","is_suspicious":false,"subject_user":"SYSTEM","subject_domain":"NT AUTHORITY","target_user":"rpatel","target_domain":"CORP","src_ip":"10.10.10.55","src_port":51133,"dest_host":"WIN-CLIENT-03","logon_type":2,"authentication_package":"NTLM","status":"0xC000006D","sub_status":"0xC0000064","process_name":"C:\\Windows\\System32\\winlogon.exe","process_id":"0x2a4","message":"An account failed to log on. Reason: Invalid username"}
{"timestamp":"2026-09-05T18:07:20Z","host":"WIN-CLIENT-01","source":"WinEventLog:Security","sourcetype":"WinEventLog:Security","index":"windows","EventCode":4625,"event_id":4625,"log_name":"Security","computer":"WIN-CLIENT-01.corp.local","provider_name":"Microsoft-Windows-Security-Auditing","level":"Information","record_id":101171,"scenario":"Normal Failed Logon (user error)","attack_phase":"None","mitre_technique":"None","severity":"low","is_suspicious":false,"subject_user":"SYSTEM","subject_domain":"NT AUTHORITY","target_user":"agarcia","target_domain":"CORP","src_ip":"10.10.10.200","src_port":56934,"dest_host":"WIN-CLIENT-01","logon_type":3,"authentication_package":"NTLM","status":"0xC000006D","sub_status":"0xC000006A","process_name":"C:\\Windows\\System32\\winlogon.exe","process_id":"0x2a4","message":"An account failed to log on. Reason: Incorrect password"}
{"timestamp":"2026-09-05T18:08:13Z","host":"WIN-CLIENT-01","source":"WinEventLog:Security","sourcetype":"WinEventLog:Security","index":"windows","EventCode":4625,"event_id":4625,"log_name":"Security","computer":"WIN-CLIENT-01.corp.local","provider_name":"Microsoft-Windows-Security-Auditing","level":"Information","record_id":101172,"scenario":"Normal Failed Logon (user error)","attack_phase":"None","mitre_technique":"None","severity":"low","is_suspicious":false,"subject_user":"SYSTEM","subject_domain":"NT AUTHORITY","target_user":"rpatel","target_domain":"CORP","src_ip":"10.10.10.205","src_port":59809,"dest_host":"WIN-CLIENT-01","logon_type":2,"authentication_package":"NTLM","status":"0xC000006D","sub_status":"0xC000006A","process_name":"C:\\Windows\\System32\\winlogon.exe","process_id":"0x2a4","message":"An account failed to log on. Reason: Incorrect password"}
{"timestamp":"2026-09-05T18:16:23Z","host":"WIN-CLIENT-03","source":"WinEventLog:Security","sourcetype":"WinEventLog:Security","index":"windows","EventCode":4625,"event_id":4625,"log_name":"Security","computer":"WIN-CLIENT-03.corp.local","provider_name":"Microsoft-Windows-Security-Auditing","level":"Information","record_id":101173,"scenario":"Normal Failed Logon (user error)","attack_phase":"None","mitre_technique":"None","severity":"low","is_suspicious":false,"subject_user":"SYSTEM","subject_domain":"NT AUTHORITY","target_user":"agarcia","target_domain":"CORP","src_ip":"10.10.10.18","src_port":53942,"dest_host":"WIN-CLIENT-03","logon_type":2,"authentication_package":"NTLM","status":"0xC000006D","sub_status":"0xC000006A","process_name":"C:\\Windows\\System32\\winlogon.exe","process_id":"0x2a4","message":"An account failed to log on. Reason: Incorrect password"}
{"timestamp":"2026-09-05T18:29:25Z","host":"WIN-CLIENT-01","source":"WinEventLog:Security","sourcetype":"WinEventLog:Security","index":"windows","EventCode":4625,"event_id":4625,"log_name":"Security","computer":"WIN-CLIENT-01.corp.local","provider_name":"Microsoft-Windows-Security-Auditing","level":"Information","record_id":101174,"scenario":"Normal Failed Logon (user error)","attack_phase":"None","mitre_technique":"None","severity":"low","is_suspicious":false,"subject_user":"SYSTEM","subject_domain":"NT AUTHORITY","target_user":"agarcia","target_domain":"CORP","src_ip":"10.10.10.152","src_port":63764,"dest_host":"WIN-CLIENT-01","logon_type":2,"authentication_package":"NTLM","status":"0xC000006D","sub_status":"0xC0000064","process_name":"C:\\Windows\\System32\\winlogon.exe","process_id":"0x2a4","message":"An account failed to log on. Reason: Invalid username"}
{"timestamp":"2026-09-05T18:32:44Z","host":"WIN-CLIENT-01","source":"WinEventLog:Security","sourcetype":"WinEventLog:Security","index":"windows","EventCode":4625,"event_id":4625,"log_name":"Security","computer":"WIN-CLIENT-01.corp.local","provider_name":"Microsoft-Windows-Security-Auditing","level":"Information","record_id":101175,"scenario":"Normal Failed Logon (user error)","attack_phase":"None","mitre_technique":"None","severity":"low","is_suspicious":false,"subject_user":"SYSTEM","subject_domain":"NT AUTHORITY","target_user":"kwright","target_domain":"CORP","src_ip":"10.10.10.39","src_port":62858,"dest_host":"WIN-CLIENT-01","logon_type":3,"authentication_package":"NTLM","status":"0xC000006D","sub_status":"0xC000006A","process_name":"C:\\Windows\\System32\\winlogon.exe","process_id":"0x2a4","message":"An account failed to log on. Reason: Incorrect password"}
