{"timestamp":"2026-09-01T00:02:04Z","host":"WIN-SRV-01","source":"WinEventLog:Security","sourcetype":"WinEventLog:Security","index":"windows","EventCode":4624,"event_id":4624,"log_name":"Security","computer":"WIN-SRV-01.corp.local","provider_name":"Microsoft-Windows-Security-Auditing","level":"Information","record_id":100001,"scenario":"Normal Authentication","attack_phase":"None","mitre_technique":"None","severity":"low","is_suspicious":false,"subject_user":"SYSTEM","subject_domain":"NT AUTHORITY","target_user":"jsmith","target_domain":"CORP","src_ip":"10.10.10.59","src_port":51286,"dest_host":"WIN-SRV-01","logon_type":4,"authentication_package":"Kerberos","workstation_name":"WIN-SRV-01","logon_id":"0xCC896","logon_process":"Advapi","ip_address":"10.10.10.59","message":"An account was successfully logged on."}
{"timestamp":"2026-09-01T00:03:58Z","host":"WIN-SRV-01","source":"WinEventLog:Security","sourcetype":"WinEventLog:Security","index":"windows","EventCode":4624,"event_id":4624,"log_name":"Security","computer":"WIN-SRV-01.corp.local","provider_name":"Microsoft-Windows-Security-Auditing","level":"Information","record_id":100002,"scenario":"Normal Authentication","attack_phase":"None","mitre_technique":"None","severity":"low","is_suspicious":false,"subject_user":"SYSTEM","subject_domain":"NT AUTHORITY","target_user":"svc_backup","target_domain":"CORP","src_ip":"10.10.10.153","src_port":55912,"dest_host":"WIN-SRV-01","logon_type":7,"authentication_package":"Kerberos","workstation_name":"WIN-SRV-01","logon_id":"0x1822E","logon_process":"User32","ip_address":"10.10.10.153","message":"An account was successfully logged on."}
{"timestamp":"2026-09-01T00:04:38Z","host":"WIN-CLIENT-02","source":"WinEventLog:Security","sourcetype":"WinEventLog:Security","index":"windows","EventCode":4624,"event_id":4624,"log_name":"Security","computer":"WIN-CLIENT-02.corp.local","provider_name":"Microsoft-Windows-Security-Auditing","level":"Information","record_id":100003,"scenario":"Normal Authentication","attack_phase":"None","mitre_technique":"None","severity":"low","is_suspicious":false,"subject_user":"SYSTEM","subject_domain":"NT AUTHORITY","target_user":"agarcia","target_domain":"CORP","src_ip":"10.10.10.145","src_port":52257,"dest_host":"WIN-CLIENT-02","logon_type":3,"authentication_package":"Kerberos","workstation_name":"WIN-CLIENT-02","logon_id":"0xC74D0","logon_process":"NtLmSsp","ip_address":"10.10.10.145","message":"An account was successfully logged on."}
{"timestamp":"2026-09-01T00:14:06Z","host":"WIN-CLIENT-02","source":"WinEventLog:Security","sourcetype":"WinEventLog:Security","index":"windows","EventCode":4624,"event_id":4624,"log_name":"Security","computer":"WIN-CLIENT-02.corp.local","provider_name":"Microsoft-Windows-Security-Auditing","level":"Information","record_id":100004,"scenario":"Normal Authentication","attack_phase":"None","mitre_technique":"None","severity":"low","is_suspicious":false,"subject_user":"SYSTEM","subject_domain":"NT AUTHORITY","target_user":"tnguyen","target_domain":"CORP","src_ip":"10.10.20.209","src_port":63242,"dest_host":"WIN-CLIENT-02","logon_type":5,"authentication_package":"Kerberos","workstation_name":"WIN-CLIENT-02","logon_id":"0x11A9E","logon_process":"Advapi","ip_address":"10.10.20.209","message":"An account was successfully logged on."}
{"timestamp":"2026-09-01T00:16:59Z","host":"WIN-CLIENT-04","source":"WinEventLog:Security","sourcetype":"WinEventLog:Security","index":"windows","EventCode":4624,"event_id":4624,"log_name":"Security","computer":"WIN-CLIENT-04.corp.local","provider_name":"Microsoft-Windows-Security-Auditing","level":"Information","record_id":100005,"scenario":"Normal Authentication","attack_phase":"None","mitre_technique":"None","severity":"low","is_suspicious":false,"subject_user":"SYSTEM","subject_domain":"NT AUTHORITY","target_user":"svc_sql","target_domain":"CORP","src_ip":"10.10.20.41","src_port":52527,"dest_host":"WIN-CLIENT-04","logon_type":4,"authentication_package":"Kerberos","workstation_name":"WIN-CLIENT-04","logon_id":"0xD3745","logon_process":"Advapi","ip_address":"10.10.20.41","message":"An account was successfully logged on."}
{"timestamp":"2026-09-01T00:22:53Z","host":"WIN-CLIENT-01","source":"WinEventLog:Security","sourcetype":"WinEventLog:Security","index":"windows","EventCode":4624,"event_id":4624,"log_name":"Security","computer":"WIN-CLIENT-01.corp.local","provider_name":"Microsoft-Windows-Security-Auditing","level":"Information","record_id":100006,"scenario":"Normal Authentication","attack_phase":"None","mitre_technique":"None","severity":"low","is_suspicious":false,"subject_user":"SYSTEM","subject_domain":"NT AUTHORITY","target_user":"agarcia","target_domain":"CORP","src_ip":"10.10.10.93","src_port":62885,"dest_host":"WIN-CLIENT-01","logon_type":5,"authentication_package":"Kerberos","workstation_name":"WIN-CLIENT-01","logon_id":"0x680D7","logon_process":"Advapi","ip_address":"10.10.10.93","message":"An account was successfully logged on."}
{"timestamp":"2026-09-01T00:27:33Z","host":"WIN-CLIENT-01","source":"WinEventLog:Security","sourcetype":"WinEventLog:Security","index":"windows","EventCode":4624,"event_id":4624,"log_name":"Security","computer":"WIN-CLIENT-01.corp.local","provider_name":"Microsoft-Windows-Security-Auditing","level":"Information","record_id":100007,"scenario":"Normal Authentication","attack_phase":"None","mitre_technique":"None","severity":"low","is_suspicious":false,"subject_user":"SYSTEM","subject_domain":"NT AUTHORITY","target_user":"svc_web","target_domain":"CORP","src_ip":"10.10.20.139","src_port":51045,"dest_host":"WIN-CLIENT-01","logon_type":10,"authentication_package":"Kerberos","workstation_name":"WIN-CLIENT-01","logon_id":"0xFC1B8","logon_process":"Advapi","ip_address":"10.10.20.139","message":"An account was successfully logged on."}
{"timestamp":"2026-09-01T00:34:10Z","host":"WIN-CLIENT-05","source":"WinEventLog:Security","sourcetype":"WinEventLog:Security","index":"windows","EventCode":4624,"event_id":4624,"log_name":"Security","computer":"WIN-CLIENT-05.corp.local","provider_name":"Microsoft-Windows-Security-Auditing","level":"Information","record_id":100008,"scenario":"Normal Authentication","attack_phase":"None","mitre_technique":"None","severity":"low","is_suspicious":false,"subject_user":"SYSTEM","subject_domain":"NT AUTHORITY","target_user":"agarcia","target_domain":"CORP","src_ip":"10.10.20.149","src_port":52150,"dest_host":"WIN-CLIENT-05","logon_type":4,"authentication_package":"Kerberos","workstation_name":"WIN-CLIENT-05","logon_id":"0xC45ED","logon_process":"Advapi","ip_address":"10.10.20.149","message":"An account was successfully logged on."}
{"timestamp":"2026-09-01T00:35:31Z","host":"WIN-SRV-01","source":"WinEventLog:Security","sourcetype":"WinEventLog:Security","index":"windows","EventCode":4624,"event_id":4624,"log_name":"Security","computer":"WIN-SRV-01.corp.local","provider_name":"Microsoft-Windows-Security-Auditing","level":"Information","record_id":100009,"scenario":"Normal Authentication","attack_phase":"None","mitre_technique":"None","severity":"low","is_suspicious":false,"subject_user":"SYSTEM","subject_domain":"NT AUTHORITY","target_user":"jsmith","target_domain":"CORP","src_ip":"10.10.20.22","src_port":63013,"dest_host":"WIN-SRV-01","logon_type":3,"authentication_package":"Kerberos","workstation_name":"WIN-SRV-01","logon_id":"0x4B982","logon_process":"NtLmSsp","ip_address":"10.10.20.22","message":"An account was successfully logged on."}
{"timestamp":"2026-09-01T00:37:24Z","host":"WIN-CLIENT-03","source":"WinEventLog:Security","sourcetype":"WinEventLog:Security","index":"windows","EventCode":4624,"event_id":4624,"log_name":"Security","computer":"WIN-CLIENT-03.corp.local","provider_name":"Microsoft-Windows-Security-Auditing","level":"Information","record_id":100010,"scenario":"Normal Authentication","attack_phase":"None","mitre_technique":"None","severity":"low","is_suspicious":false,"subject_user":"SYSTEM","subject_domain":"NT AUTHORITY","target_user":"tnguyen","target_domain":"CORP","src_ip":"10.10.20.43","src_port":55065,"dest_host":"WIN-CLIENT-03","logon_type":5,"authentication_package":"Kerberos","workstation_name":"WIN-CLIENT-03","logon_id":"0x6AF30","logon_process":"Advapi","ip_address":"10.10.20.43","message":"An account was successfully logged on."}
{"timestamp":"2026-09-01T00:41:08Z","host":"WIN-CLIENT-03","source":"WinEventLog:Security","sourcetype":"WinEventLog:Security","index":"windows","EventCode":4624,"event_id":4624,"log_name":"Security","computer":"WIN-CLIENT-03.corp.local","provider_name":"Microsoft-Windows-Security-Auditing","level":"Information","record_id":100011,"scenario":"Normal Authentication","attack_phase":"None","mitre_technique":"None","severity":"low","is_suspicious":false,"subject_user":"SYSTEM","subject_domain":"NT AUTHORITY","target_user":"svc_backup","target_domain":"CORP","src_ip":"10.10.10.157","src_port":59403,"dest_host":"WIN-CLIENT-03","logon_type":10,"authentication_package":"Kerberos","workstation_name":"WIN-CLIENT-03","logon_id":"0x3BCFB","logon_process":"Advapi","ip_address":"10.10.10.157","message":"An account was successfully logged on."}
{"timestamp":"2026-09-01T00:50:24Z","host":"WIN-CLIENT-02","source":"WinEventLog:Security","sourcetype":"WinEventLog:Security","index":"windows","EventCode":4624,"event_id":4624,"log_name":"Security","computer":"WIN-CLIENT-02.corp.local","provider_name":"Microsoft-Windows-Security-Auditing","level":"Information","record_id":100012,"scenario":"Normal Authentication","attack_phase":"None","mitre_technique":"None","severity":"low","is_suspicious":false,"subject_user":"SYSTEM","subject_domain":"NT AUTHORITY","target_user":"svc_sql","target_domain":"CORP","src_ip":"10.10.20.99","src_port":53422,"dest_host":"WIN-CLIENT-02","logon_type":3,"authentication_package":"Kerberos","workstation_name":"WIN-CLIENT-02","logon_id":"0xFCE66","logon_process":"NtLmSsp","ip_address":"10.10.20.99","message":"An account was successfully logged on."}
{"timestamp":"2026-09-01T01:00:04Z","host":"WIN-SRV-01","source":"WinEventLog:Security","sourcetype":"WinEventLog:Security","index":"windows","EventCode":4624,"event_id":4624,"log_name":"Security","computer":"WIN-SRV-01.corp.local","provider_name":"Microsoft-Windows-Security-Auditing","level":"Information","record_id":100013,"scenario":"Normal Authentication","attack_phase":"None","mitre_technique":"None","severity":"low","is_suspicious":false,"subject_user":"SYSTEM","subject_domain":"NT AUTHORITY","target_user":"rpatel","target_domain":"CORP","src_ip":"10.10.10.60","src_port":62464,"dest_host":"WIN-SRV-01","logon_type":4,"authentication_package":"Kerberos","workstation_name":"WIN-SRV-01","logon_id":"0x1837B","logon_process":"Advapi","ip_address":"10.10.10.60","message":"An account was successfully logged on."}
{"timestamp":"2026-09-01T01:05:37Z","host":"WIN-CLIENT-03","source":"WinEventLog:Security","sourcetype":"WinEventLog:Security","index":"windows","EventCode":4624,"event_id":4624,"log_name":"Security","computer":"WIN-CLIENT-03.corp.local","provider_name":"Microsoft-Windows-Security-Auditing","level":"Information","record_id":100014,"scenario":"Normal Authentication","attack_phase":"None","mitre_technique":"None","severity":"low","is_suspicious":false,"subject_user":"SYSTEM","subject_domain":"NT AUTHORITY","target_user":"tnguyen","target_domain":"CORP","src_ip":"10.10.10.235","src_port":64448,"dest_host":"WIN-CLIENT-03","logon_type":2,"authentication_package":"Kerberos","workstation_name":"WIN-CLIENT-03","logon_id":"0xA132B","logon_process":"User32","ip_address":"10.10.10.235","message":"An account was successfully logged on."}
{"timestamp":"2026-09-01T01:11:09Z","host":"WIN-SRV-01","source":"WinEventLog:Security","sourcetype":"WinEventLog:Security","index":"windows","EventCode":4624,"event_id":4624,"log_name":"Security","computer":"WIN-SRV-01.corp.local","provider_name":"Microsoft-Windows-Security-Auditing","level":"Information","record_id":100015,"scenario":"Normal Authentication","attack_phase":"None","mitre_technique":"None","severity":"low","is_suspicious":false,"subject_user":"SYSTEM","subject_domain":"NT AUTHORITY","target_user":"rpatel","target_domain":"CORP","src_ip":"10.10.20.228","src_port":63983,"dest_host":"WIN-SRV-01","logon_type":5,"authentication_package":"Kerberos","workstation_name":"WIN-SRV-01","logon_id":"0xB491F","logon_process":"Advapi","ip_address":"10.10.20.228","message":"An account was successfully logged on."}
{"timestamp":"2026-09-01T01:19:08Z","host":"WIN-CLIENT-03","source":"WinEventLog:Security","sourcetype":"WinEventLog:Security","index":"windows","EventCode":4624,"event_id":4624,"log_name":"Security","computer":"WIN-CLIENT-03.corp.local","provider_name":"Microsoft-Windows-Security-Auditing","level":"Information","record_id":100016,"scenario":"Normal Authentication","attack_phase":"None","mitre_technique":"None","severity":"low","is_suspicious":false,"subject_user":"SYSTEM","subject_domain":"NT AUTHORITY","target_user":"mchen","target_domain":"CORP","src_ip":"10.10.10.192","src_port":58197,"dest_host":"WIN-CLIENT-03","logon_type":3,"authentication_package":"Kerberos","workstation_name":"WIN-CLIENT-03","logon_id":"0x99FA6","logon_process":"NtLmSsp","ip_address":"10.10.10.192","message":"An account was successfully logged on."}
{"timestamp":"2026-09-01T01:23:47Z","host":"WIN-CLIENT-05","source":"WinEventLog:Security","sourcetype":"WinEventLog:Security","index":"windows","EventCode":4624,"event_id":4624,"log_name":"Security","computer":"WIN-CLIENT-05.corp.local","provider_name":"Microsoft-Windows-Security-Auditing","level":"Information","record_id":100017,"scenario":"Normal Authentication","attack_phase":"None","mitre_technique":"None","severity":"low","is_suspicious":false,"subject_user":"SYSTEM","subject_domain":"NT AUTHORITY","target_user":"svc_sql","target_domain":"CORP","src_ip":"10.10.20.94","src_port":52593,"dest_host":"WIN-CLIENT-05","logon_type":5,"authentication_package":"Kerberos","workstation_name":"WIN-CLIENT-05","logon_id":"0x3369B","logon_process":"Advapi","ip_address":"10.10.20.94","message":"An account was successfully logged on."}
{"timestamp":"2026-09-01T01:32:38Z","host":"WIN-CLIENT-01","source":"WinEventLog:Security","sourcetype":"WinEventLog:Security","index":"windows","EventCode":4624,"event_id":4624,"log_name":"Security","computer":"WIN-CLIENT-01.corp.local","provider_name":"Microsoft-Windows-Security-Auditing","level":"Information","record_id":100018,"scenario":"Normal Authentication","attack_phase":"None","mitre_technique":"None","severity":"low","is_suspicious":false,"subject_user":"SYSTEM","subject_domain":"NT AUTHORITY","target_user":"dohara","target_domain":"CORP","src_ip":"10.10.10.222","src_port":50796,"dest_host":"WIN-CLIENT-01","logon_type":11,"authentication_package":"Kerberos","workstation_name":"WIN-CLIENT-01","logon_id":"0x37209","logon_process":"User32","ip_address":"10.10.10.222","message":"An account was successfully logged on."}
{"timestamp":"2026-09-01T01:35:31Z","host":"WIN-SRV-01","source":"WinEventLog:Security","sourcetype":"WinEventLog:Security","index":"windows","EventCode":4624,"event_id":4624,"log_name":"Security","computer":"WIN-SRV-01.corp.local","provider_name":"Microsoft-Windows-Security-Auditing","level":"Information","record_id":100019,"scenario":"Normal Authentication","attack_phase":"None","mitre_technique":"None","severity":"low","is_suspicious":false,"subject_user":"SYSTEM","subject_domain":"NT AUTHORITY","target_user":"svc_web","target_domain":"CORP","src_ip":"10.10.10.100","src_port":55252,"dest_host":"WIN-SRV-01","logon_type":5,"authentication_package":"Kerberos","workstation_name":"WIN-SRV-01","logon_id":"0xA88C2","logon_process":"Advapi","ip_address":"10.10.10.100","message":"An account was successfully logged on."}
{"timestamp":"2026-09-01T01:43:40Z","host":"WIN-CLIENT-03","source":"WinEventLog:Security","sourcetype":"WinEventLog:Security","index":"windows","EventCode":4624,"event_id":4624,"log_name":"Security","computer":"WIN-CLIENT-03.corp.local","provider_name":"Microsoft-Windows-Security-Auditing","level":"Information","record_id":100020,"scenario":"Normal Authentication","attack_phase":"None","mitre_technique":"None","severity":"low","is_suspicious":false,"subject_user":"SYSTEM","subject_domain":"NT AUTHORITY","target_user":"sbrooks","target_domain":"CORP","src_ip":"10.10.10.176","src_port":60808,"dest_host":"WIN-CLIENT-03","logon_type":7,"authentication_package":"Kerberos","workstation_name":"WIN-CLIENT-03","logon_id":"0x2D534","logon_process":"User32","ip_address":"10.10.10.176","message":"An account was successfully logged on."}
{"timestamp":"2026-09-01T01:52:59Z","host":"WIN-CLIENT-03","source":"WinEventLog:Security","sourcetype":"WinEventLog:Security","index":"windows","EventCode":4624,"event_id":4624,"log_name":"Security","computer":"WIN-CLIENT-03.corp.local","provider_name":"Microsoft-Windows-Security-Auditing","level":"Information","record_id":100021,"scenario":"Normal Authentication","attack_phase":"None","mitre_technique":"None","severity":"low","is_suspicious":false,"subject_user":"SYSTEM","subject_domain":"NT AUTHORITY","target_user":"svc_web","target_domain":"CORP","src_ip":"10.10.20.30","src_port":53808,"dest_host":"WIN-CLIENT-03","logon_type":11,"authentication_package":"Kerberos","workstation_name":"WIN-CLIENT-03","logon_id":"0x7F4CC","logon_process":"User32","ip_address":"10.10.20.30","message":"An account was successfully logged on."}
{"timestamp":"2026-09-01T01:55:50Z","host":"WIN-CLIENT-01","source":"WinEventLog:Security","sourcetype":"WinEventLog:Security","index":"windows","EventCode":4624,"event_id":4624,"log_name":"Security","computer":"WIN-CLIENT-01.corp.local","provider_name":"Microsoft-Windows-Security-Auditing","level":"Information","record_id":100022,"scenario":"Normal Authentication","attack_phase":"None","mitre_technique":"None","severity":"low","is_suspicious":false,"subject_user":"SYSTEM","subject_domain":"NT AUTHORITY","target_user":"dohara","target_domain":"CORP","src_ip":"10.10.20.250","src_port":57201,"dest_host":"WIN-CLIENT-01","logon_type":10,"authentication_package":"Kerberos","workstation_name":"WIN-CLIENT-01","logon_id":"0xD30FF","logon_process":"Advapi","ip_address":"10.10.20.250","message":"An account was successfully logged on."}
{"timestamp":"2026-09-01T01:59:02Z","host":"WIN-CLIENT-01","source":"WinEventLog:Security","sourcetype":"WinEventLog:Security","index":"windows","EventCode":4624,"event_id":4624,"log_name":"Security","computer":"WIN-CLIENT-01.corp.local","provider_name":"Microsoft-Windows-Security-Auditing","level":"Information","record_id":100023,"scenario":"Normal Authentication","attack_phase":"None","mitre_technique":"None","severity":"low","is_suspicious":false,"subject_user":"SYSTEM","subject_domain":"NT AUTHORITY","target_user":"sbrooks","target_domain":"CORP","src_ip":"10.10.20.217","src_port":59468,"dest_host":"WIN-CLIENT-01","logon_type":11,"authentication_package":"Kerberos","workstation_name":"WIN-CLIENT-01","logon_id":"0x91F63","logon_process":"User32","ip_address":"10.10.20.217","message":"An account was successfully logged on."}
{"timestamp":"2026-09-01T02:02:35Z","host":"WIN-CLIENT-03","source":"WinEventLog:Security","sourcetype":"WinEventLog:Security","index":"windows","EventCode":4624,"event_id":4624,"log_name":"Security","computer":"WIN-CLIENT-03.corp.local","provider_name":"Microsoft-Windows-Security-Auditing","level":"Information","record_id":100024,"scenario":"Normal Authentication","attack_phase":"None","mitre_technique":"None","severity":"low","is_suspicious":false,"subject_user":"SYSTEM","subject_domain":"NT AUTHORITY","target_user":"mchen","target_domain":"CORP","src_ip":"10.10.10.140","src_port":64622,"dest_host":"WIN-CLIENT-03","logon_type":11,"authentication_package":"Kerberos","workstation_name":"WIN-CLIENT-03","logon_id":"0xD7541","logon_process":"User32","ip_address":"10.10.10.140","message":"An account was successfully logged on."}
{"timestamp":"2026-09-01T02:11:48Z","host":"WIN-CLIENT-05","source":"WinEventLog:Security","sourcetype":"WinEventLog:Security","index":"windows","EventCode":4624,"event_id":4624,"log_name":"Security","computer":"WIN-CLIENT-05.corp.local","provider_name":"Microsoft-Windows-Security-Auditing","level":"Information","record_id":100025,"scenario":"Normal Authentication","attack_phase":"None","mitre_technique":"None","severity":"low","is_suspicious":false,"subject_user":"SYSTEM","subject_domain":"NT AUTHORITY","target_user":"jsmith","target_domain":"CORP","src_ip":"10.10.20.6","src_port":50832,"dest_host":"WIN-CLIENT-05","logon_type":4,"authentication_package":"Kerberos","workstation_name":"WIN-CLIENT-05","logon_id":"0xFDD96","logon_process":"Advapi","ip_address":"10.10.20.6","message":"An account was successfully logged on."}
{"timestamp":"2026-09-01T02:18:09Z","host":"WIN-CLIENT-03","source":"WinEventLog:Security","sourcetype":"WinEventLog:Security","index":"windows","EventCode":4624,"event_id":4624,"log_name":"Security","computer":"WIN-CLIENT-03.corp.local","provider_name":"Microsoft-Windows-Security-Auditing","level":"Information","record_id":100026,"scenario":"Normal Authentication","attack_phase":"None","mitre_technique":"None","severity":"low","is_suspicious":false,"subject_user":"SYSTEM","subject_domain":"NT AUTHORITY","target_user":"svc_web","target_domain":"CORP","src_ip":"10.10.10.63","src_port":63385,"dest_host":"WIN-CLIENT-03","logon_type":3,"authentication_package":"Kerberos","workstation_name":"WIN-CLIENT-03","logon_id":"0xA13E4","logon_process":"NtLmSsp","ip_address":"10.10.10.63","message":"An account was successfully logged on."}
{"timestamp":"2026-09-01T02:19:39Z","host":"WIN-SRV-01","source":"WinEventLog:Security","sourcetype":"WinEventLog:Security","index":"windows","EventCode":4624,"event_id":4624,"log_name":"Security","computer":"WIN-SRV-01.corp.local","provider_name":"Microsoft-Windows-Security-Auditing","level":"Information","record_id":100027,"scenario":"Normal Authentication","attack_phase":"None","mitre_technique":"None","severity":"low","is_suspicious":false,"subject_user":"SYSTEM","subject_domain":"NT AUTHORITY","target_user":"agarcia","target_domain":"CORP","src_ip":"10.10.10.196","src_port":57727,"dest_host":"WIN-SRV-01","logon_type":5,"authentication_package":"Kerberos","workstation_name":"WIN-SRV-01","logon_id":"0xD40DB","logon_process":"Advapi","ip_address":"10.10.10.196","message":"An account was successfully logged on."}
{"timestamp":"2026-09-01T02:21:57Z","host":"WIN-SRV-01","source":"WinEventLog:Security","sourcetype":"WinEventLog:Security","index":"windows","EventCode":4624,"event_id":4624,"log_name":"Security","computer":"WIN-SRV-01.corp.local","provider_name":"Microsoft-Windows-Security-Auditing","level":"Information","record_id":100028,"scenario":"Normal Authentication","attack_phase":"None","mitre_technique":"None","severity":"low","is_suspicious":false,"subject_user":"SYSTEM","subject_domain":"NT AUTHORITY","target_user":"mchen","target_domain":"CORP","src_ip":"10.10.10.69","src_port":57645,"dest_host":"WIN-SRV-01","logon_type":5,"authentication_package":"Kerberos","workstation_name":"WIN-SRV-01","logon_id":"0xEF57C","logon_process":"Advapi","ip_address":"10.10.10.69","message":"An account was successfully logged on."}
{"timestamp":"2026-09-01T02:29:20Z","host":"WIN-CLIENT-05","source":"WinEventLog:Security","sourcetype":"WinEventLog:Security","index":"windows","EventCode":4624,"event_id":4624,"log_name":"Security","computer":"WIN-CLIENT-05.corp.local","provider_name":"Microsoft-Windows-Security-Auditing","level":"Information","record_id":100029,"scenario":"Normal Authentication","attack_phase":"None","mitre_technique":"None","severity":"low","is_suspicious":false,"subject_user":"SYSTEM","subject_domain":"NT AUTHORITY","target_user":"rpatel","target_domain":"CORP","src_ip":"10.10.10.184","src_port":54107,"dest_host":"WIN-CLIENT-05","logon_type":11,"authentication_package":"Kerberos","workstation_name":"WIN-CLIENT-05","logon_id":"0x76245","logon_process":"User32","ip_address":"10.10.10.184","message":"An account was successfully logged on."}
{"timestamp":"2026-09-01T02:35:52Z","host":"WIN-CLIENT-05","source":"WinEventLog:Security","sourcetype":"WinEventLog:Security","index":"windows","EventCode":4624,"event_id":4624,"log_name":"Security","computer":"WIN-CLIENT-05.corp.local","provider_name":"Microsoft-Windows-Security-Auditing","level":"Information","record_id":100030,"scenario":"Normal Authentication","attack_phase":"None","mitre_technique":"None","severity":"low","is_suspicious":false,"subject_user":"SYSTEM","subject_domain":"NT AUTHORITY","target_user":"dohara","target_domain":"CORP","src_ip":"10.10.10.65","src_port":52681,"dest_host":"WIN-CLIENT-05","logon_type":5,"authentication_package":"Kerberos","workstation_name":"WIN-CLIENT-05","logon_id":"0x20640","logon_process":"Advapi","ip_address":"10.10.10.65","message":"An account was successfully logged on."}
{"timestamp":"2026-09-01T02:41:48Z","host":"WIN-CLIENT-05","source":"WinEventLog:Security","sourcetype":"WinEventLog:Security","index":"windows","EventCode":4624,"event_id":4624,"log_name":"Security","computer":"WIN-CLIENT-05.corp.local","provider_name":"Microsoft-Windows-Security-Auditing","level":"Information","record_id":100031,"scenario":"Normal Authentication","attack_phase":"None","mitre_technique":"None","severity":"low","is_suspicious":false,"subject_user":"SYSTEM","subject_domain":"NT AUTHORITY","target_user":"jsmith","target_domain":"CORP","src_ip":"10.10.10.152","src_port":52608,"dest_host":"WIN-CLIENT-05","logon_type":7,"authentication_package":"Kerberos","workstation_name":"WIN-CLIENT-05","logon_id":"0x11D74","logon_process":"User32","ip_address":"10.10.10.152","message":"An account was successfully logged on."}
{"timestamp":"2026-09-01T02:43:10Z","host":"WIN-SRV-01","source":"WinEventLog:Security","sourcetype":"WinEventLog:Security","index":"windows","EventCode":4624,"event_id":4624,"log_name":"Security","computer":"WIN-SRV-01.corp.local","provider_name":"Microsoft-Windows-Security-Auditing","level":"Information","record_id":100032,"scenario":"Normal Authentication","attack_phase":"None","mitre_technique":"None","severity":"low","is_suspicious":false,"subject_user":"SYSTEM","subject_domain":"NT AUTHORITY","target_user":"svc_sql","target_domain":"CORP","src_ip":"10.10.10.19","src_port":63834,"dest_host":"WIN-SRV-01","logon_type":2,"authentication_package":"Kerberos","workstation_name":"WIN-SRV-01","logon_id":"0x180AA","logon_process":"User32","ip_address":"10.10.10.19","message":"An account was successfully logged on."}
{"timestamp":"2026-09-01T02:48:58Z","host":"WIN-CLIENT-05","source":"WinEventLog:Security","sourcetype":"WinEventLog:Security","index":"windows","EventCode":4624,"event_id":4624,"log_name":"Security","computer":"WIN-CLIENT-05.corp.local","provider_name":"Microsoft-Windows-Security-Auditing","level":"Information","record_id":100033,"scenario":"Normal Authentication","attack_phase":"None","mitre_technique":"None","severity":"low","is_suspicious":false,"subject_user":"SYSTEM","subject_domain":"NT AUTHORITY","target_user":"agarcia","target_domain":"CORP","src_ip":"10.10.20.173","src_port":56953,"dest_host":"WIN-CLIENT-05","logon_type":3,"authentication_package":"Kerberos","workstation_name":"WIN-CLIENT-05","logon_id":"0x46D83","logon_process":"NtLmSsp","ip_address":"10.10.20.173","message":"An account was successfully logged on."}
{"timestamp":"2026-09-01T02:58:20Z","host":"WIN-SRV-01","source":"WinEventLog:Security","sourcetype":"WinEventLog:Security","index":"windows","EventCode":4624,"event_id":4624,"log_name":"Security","computer":"WIN-SRV-01.corp.local","provider_name":"Microsoft-Windows-Security-Auditing","level":"Information","record_id":100034,"scenario":"Normal Authentication","attack_phase":"None","mitre_technique":"None","severity":"low","is_suspicious":false,"subject_user":"SYSTEM","subject_domain":"NT AUTHORITY","target_user":"mchen","target_domain":"CORP","src_ip":"10.10.20.64","src_port":61855,"dest_host":"WIN-SRV-01","logon_type":7,"authentication_package":"Kerberos","workstation_name":"WIN-SRV-01","logon_id":"0x8914C","logon_process":"User32","ip_address":"10.10.20.64","message":"An account was successfully logged on."}
{"timestamp":"2026-09-01T03:05:26Z","host":"WIN-CLIENT-01","source":"WinEventLog:Security","sourcetype":"WinEventLog:Security","index":"windows","EventCode":4624,"event_id":4624,"log_name":"Security","computer":"WIN-CLIENT-01.corp.local","provider_name":"Microsoft-Windows-Security-Auditing","level":"Information","record_id":100035,"scenario":"Normal Authentication","attack_phase":"None","mitre_technique":"None","severity":"low","is_suspicious":false,"subject_user":"SYSTEM","subject_domain":"NT AUTHORITY","target_user":"rpatel","target_domain":"CORP","src_ip":"10.10.20.92","src_port":55939,"dest_host":"WIN-CLIENT-01","logon_type":2,"authentication_package":"Kerberos","workstation_name":"WIN-CLIENT-01","logon_id":"0x793DF","logon_process":"User32","ip_address":"10.10.20.92","message":"An account was successfully logged on."}
{"timestamp":"2026-09-01T03:13:34Z","host":"WIN-CLIENT-01","source":"WinEventLog:Security","sourcetype":"WinEventLog:Security","index":"windows","EventCode":4624,"event_id":4624,"log_name":"Security","computer":"WIN-CLIENT-01.corp.local","provider_name":"Microsoft-Windows-Security-Auditing","level":"Information","record_id":100036,"scenario":"Normal Authentication","attack_phase":"None","mitre_technique":"None","severity":"low","is_suspicious":false,"subject_user":"SYSTEM","subject_domain":"NT AUTHORITY","target_user":"svc_sql","target_domain":"CORP","src_ip":"10.10.10.17","src_port":55596,"dest_host":"WIN-CLIENT-01","logon_type":10,"authentication_package":"Kerberos","workstation_name":"WIN-CLIENT-01","logon_id":"0xCA6C3","logon_process":"Advapi","ip_address":"10.10.10.17","message":"An account was successfully logged on."}
{"timestamp":"2026-09-01T03:19:31Z","host":"WIN-SRV-02","source":"WinEventLog:Security","sourcetype":"WinEventLog:Security","index":"windows","EventCode":4624,"event_id":4624,"log_name":"Security","computer":"WIN-SRV-02.corp.local","provider_name":"Microsoft-Windows-Security-Auditing","level":"Information","record_id":100037,"scenario":"Normal Authentication","attack_phase":"None","mitre_technique":"None","severity":"low","is_suspicious":false,"subject_user":"SYSTEM","subject_domain":"NT AUTHORITY","target_user":"svc_web","target_domain":"CORP","src_ip":"10.10.10.51","src_port":52116,"dest_host":"WIN-SRV-02","logon_type":2,"authentication_package":"Kerberos","workstation_name":"WIN-SRV-02","logon_id":"0x994A0","logon_process":"User32","ip_address":"10.10.10.51","message":"An account was successfully logged on."}
{"timestamp":"2026-09-01T03:27:20Z","host":"WIN-CLIENT-04","source":"WinEventLog:Security","sourcetype":"WinEventLog:Security","index":"windows","EventCode":4624,"event_id":4624,"log_name":"Security","computer":"WIN-CLIENT-04.corp.local","provider_name":"Microsoft-Windows-Security-Auditing","level":"Information","record_id":100038,"scenario":"Normal Authentication","attack_phase":"None","mitre_technique":"None","severity":"low","is_suspicious":false,"subject_user":"SYSTEM","subject_domain":"NT AUTHORITY","target_user":"mchen","target_domain":"CORP","src_ip":"10.10.20.120","src_port":53092,"dest_host":"WIN-CLIENT-04","logon_type":3,"authentication_package":"Kerberos","workstation_name":"WIN-CLIENT-04","logon_id":"0xEFDE4","logon_process":"NtLmSsp","ip_address":"10.10.20.120","message":"An account was successfully logged on."}
{"timestamp":"2026-09-01T03:28:47Z","host":"WIN-SRV-02","source":"WinEventLog:Security","sourcetype":"WinEventLog:Security","index":"windows","EventCode":4624,"event_id":4624,"log_name":"Security","computer":"WIN-SRV-02.corp.local","provider_name":"Microsoft-Windows-Security-Auditing","level":"Information","record_id":100039,"scenario":"Normal Authentication","attack_phase":"None","mitre_technique":"None","severity":"low","is_suspicious":false,"subject_user":"SYSTEM","subject_domain":"NT AUTHORITY","target_user":"dohara","target_domain":"CORP","src_ip":"10.10.10.14","src_port":59684,"dest_host":"WIN-SRV-02","logon_type":11,"authentication_package":"Kerberos","workstation_name":"WIN-SRV-02","logon_id":"0x9A63F","logon_process":"User32","ip_address":"10.10.10.14","message":"An account was successfully logged on."}
{"timestamp":"2026-09-01T03:29:12Z","host":"WIN-SRV-02","source":"WinEventLog:Security","sourcetype":"WinEventLog:Security","index":"windows","EventCode":4624,"event_id":4624,"log_name":"Security","computer":"WIN-SRV-02.corp.local","provider_name":"Microsoft-Windows-Security-Auditing","level":"Information","record_id":100040,"scenario":"Normal Authentication","attack_phase":"None","mitre_technique":"None","severity":"low","is_suspicious":false,"subject_user":"SYSTEM","subject_domain":"NT AUTHORITY","target_user":"agarcia","target_domain":"CORP","src_ip":"10.10.10.44","src_port":55658,"dest_host":"WIN-SRV-02","logon_type":11,"authentication_package":"Kerberos","workstation_name":"WIN-SRV-02","logon_id":"0x8C52F","logon_process":"User32","ip_address":"10.10.10.44","message":"An account was successfully logged on."}
{"timestamp":"2026-09-01T03:37:34Z","host":"WIN-SRV-02","source":"WinEventLog:Security","sourcetype":"WinEventLog:Security","index":"windows","EventCode":4624,"event_id":4624,"log_name":"Security","computer":"WIN-SRV-02.corp.local","provider_name":"Microsoft-Windows-Security-Auditing","level":"Information","record_id":100041,"scenario":"Normal Authentication","attack_phase":"None","mitre_technique":"None","severity":"low","is_suspicious":false,"subject_user":"SYSTEM","subject_domain":"NT AUTHORITY","target_user":"rpatel","target_domain":"CORP","src_ip":"10.10.10.44","src_port":55209,"dest_host":"WIN-SRV-02","logon_type":5,"authentication_package":"Kerberos","workstation_name":"WIN-SRV-02","logon_id":"0x108D4","logon_process":"Advapi","ip_address":"10.10.10.44","message":"An account was successfully logged on."}
{"timestamp":"2026-09-01T03:44:23Z","host":"WIN-SRV-02","source":"WinEventLog:Security","sourcetype":"WinEventLog:Security","index":"windows","EventCode":4624,"event_id":4624,"log_name":"Security","computer":"WIN-SRV-02.corp.local","provider_name":"Microsoft-Windows-Security-Auditing","level":"Information","record_id":100042,"scenario":"Normal Authentication","attack_phase":"None","mitre_technique":"None","severity":"low","is_suspicious":false,"subject_user":"SYSTEM","subject_domain":"NT AUTHORITY","target_user":"lwilson","target_domain":"CORP","src_ip":"10.10.20.75","src_port":55930,"dest_host":"WIN-SRV-02","logon_type":11,"authentication_package":"Kerberos","workstation_name":"WIN-SRV-02","logon_id":"0xC253D","logon_process":"User32","ip_address":"10.10.20.75","message":"An account was successfully logged on."}
{"timestamp":"2026-09-01T03:54:02Z","host":"WIN-SRV-01","source":"WinEventLog:Security","sourcetype":"WinEventLog:Security","index":"windows","EventCode":4624,"event_id":4624,"log_name":"Security","computer":"WIN-SRV-01.corp.local","provider_name":"Microsoft-Windows-Security-Auditing","level":"Information","record_id":100043,"scenario":"Normal Authentication","attack_phase":"None","mitre_technique":"None","severity":"low","is_suspicious":false,"subject_user":"SYSTEM","subject_domain":"NT AUTHORITY","target_user":"svc_backup","target_domain":"CORP","src_ip":"10.10.10.50","src_port":53861,"dest_host":"WIN-SRV-01","logon_type":5,"authentication_package":"Kerberos","workstation_name":"WIN-SRV-01","logon_id":"0x47BB3","logon_process":"Advapi","ip_address":"10.10.10.50","message":"An account was successfully logged on."}
{"timestamp":"2026-09-01T03:55:11Z","host":"WIN-SRV-01","source":"WinEventLog:Security","sourcetype":"WinEventLog:Security","index":"windows","EventCode":4624,"event_id":4624,"log_name":"Security","computer":"WIN-SRV-01.corp.local","provider_name":"Microsoft-Windows-Security-Auditing","level":"Information","record_id":100044,"scenario":"Normal Authentication","attack_phase":"None","mitre_technique":"None","severity":"low","is_suspicious":false,"subject_user":"SYSTEM","subject_domain":"NT AUTHORITY","target_user":"cwalker","target_domain":"CORP","src_ip":"10.10.10.193","src_port":54138,"dest_host":"WIN-SRV-01","logon_type":7,"authentication_package":"Kerberos","workstation_name":"WIN-SRV-01","logon_id":"0x1EA26","logon_process":"User32","ip_address":"10.10.10.193","message":"An account was successfully logged on."}
{"timestamp":"2026-09-01T03:56:12Z","host":"WIN-CLIENT-04","source":"WinEventLog:Security","sourcetype":"WinEventLog:Security","index":"windows","EventCode":4624,"event_id":4624,"log_name":"Security","computer":"WIN-CLIENT-04.corp.local","provider_name":"Microsoft-Windows-Security-Auditing","level":"Information","record_id":100045,"scenario":"Normal Authentication","attack_phase":"None","mitre_technique":"None","severity":"low","is_suspicious":false,"subject_user":"SYSTEM","subject_domain":"NT AUTHORITY","target_user":"cwalker","target_domain":"CORP","src_ip":"10.10.10.16","src_port":64741,"dest_host":"WIN-CLIENT-04","logon_type":7,"authentication_package":"Kerberos","workstation_name":"WIN-CLIENT-04","logon_id":"0x92010","logon_process":"User32","ip_address":"10.10.10.16","message":"An account was successfully logged on."}
{"timestamp":"2026-09-01T03:57:44Z","host":"WIN-CLIENT-01","source":"WinEventLog:Security","sourcetype":"WinEventLog:Security","index":"windows","EventCode":4624,"event_id":4624,"log_name":"Security","computer":"WIN-CLIENT-01.corp.local","provider_name":"Microsoft-Windows-Security-Auditing","level":"Information","record_id":100046,"scenario":"Normal Authentication","attack_phase":"None","mitre_technique":"None","severity":"low","is_suspicious":false,"subject_user":"SYSTEM","subject_domain":"NT AUTHORITY","target_user":"mchen","target_domain":"CORP","src_ip":"10.10.10.174","src_port":63120,"dest_host":"WIN-CLIENT-01","logon_type":7,"authentication_package":"Kerberos","workstation_name":"WIN-CLIENT-01","logon_id":"0x4C365","logon_process":"User32","ip_address":"10.10.10.174","message":"An account was successfully logged on."}
{"timestamp":"2026-09-01T04:04:47Z","host":"WIN-CLIENT-05","source":"WinEventLog:Security","sourcetype":"WinEventLog:Security","index":"windows","EventCode":4624,"event_id":4624,"log_name":"Security","computer":"WIN-CLIENT-05.corp.local","provider_name":"Microsoft-Windows-Security-Auditing","level":"Information","record_id":100047,"scenario":"Normal Authentication","attack_phase":"None","mitre_technique":"None","severity":"low","is_suspicious":false,"subject_user":"SYSTEM","subject_domain":"NT AUTHORITY","target_user":"agarcia","target_domain":"CORP","src_ip":"10.10.10.160","src_port":50343,"dest_host":"WIN-CLIENT-05","logon_type":3,"authentication_package":"Kerberos","workstation_name":"WIN-CLIENT-05","logon_id":"0x7B525","logon_process":"NtLmSsp","ip_address":"10.10.10.160","message":"An account was successfully logged on."}
{"timestamp":"2026-09-01T04:14:35Z","host":"WIN-CLIENT-03","source":"WinEventLog:Security","sourcetype":"WinEventLog:Security","index":"windows","EventCode":4624,"event_id":4624,"log_name":"Security","computer":"WIN-CLIENT-03.corp.local","provider_name":"Microsoft-Windows-Security-Auditing","level":"Information","record_id":100048,"scenario":"Normal Authentication","attack_phase":"None","mitre_technique":"None","severity":"low","is_suspicious":false,"subject_user":"SYSTEM","subject_domain":"NT AUTHORITY","target_user":"sbrooks","target_domain":"CORP","src_ip":"10.10.10.173","src_port":60734,"dest_host":"WIN-CLIENT-03","logon_type":4,"authentication_package":"Kerberos","workstation_name":"WIN-CLIENT-03","logon_id":"0x606E5","logon_process":"Advapi","ip_address":"10.10.10.173","message":"An account was successfully logged on."}
{"timestamp":"2026-09-01T04:18:49Z","host":"WIN-CLIENT-04","source":"WinEventLog:Security","sourcetype":"WinEventLog:Security","index":"windows","EventCode":4624,"event_id":4624,"log_name":"Security","computer":"WIN-CLIENT-04.corp.local","provider_name":"Microsoft-Windows-Security-Auditing","level":"Information","record_id":100049,"scenario":"Normal Authentication","attack_phase":"None","mitre_technique":"None","severity":"low","is_suspicious":false,"subject_user":"SYSTEM","subject_domain":"NT AUTHORITY","target_user":"lwilson","target_domain":"CORP","src_ip":"10.10.20.119","src_port":54180,"dest_host":"WIN-CLIENT-04","logon_type":3,"authentication_package":"Kerberos","workstation_name":"WIN-CLIENT-04","logon_id":"0xFDD42","logon_process":"NtLmSsp","ip_address":"10.10.20.119","message":"An account was successfully logged on."}
{"timestamp":"2026-09-01T04:20:13Z","host":"WIN-CLIENT-04","source":"WinEventLog:Security","sourcetype":"WinEventLog:Security","index":"windows","EventCode":4624,"event_id":4624,"log_name":"Security","computer":"WIN-CLIENT-04.corp.local","provider_name":"Microsoft-Windows-Security-Auditing","level":"Information","record_id":100050,"scenario":"Normal Authentication","attack_phase":"None","mitre_technique":"None","severity":"low","is_suspicious":false,"subject_user":"SYSTEM","subject_domain":"NT AUTHORITY","target_user":"jsmith","target_domain":"CORP","src_ip":"10.10.10.20","src_port":57808,"dest_host":"WIN-CLIENT-04","logon_type":7,"authentication_package":"Kerberos","workstation_name":"WIN-CLIENT-04","logon_id":"0x46914","logon_process":"User32","ip_address":"10.10.10.20","message":"An account was successfully logged on."}
{"timestamp":"2026-09-01T04:29:01Z","host":"WIN-CLIENT-02","source":"WinEventLog:Security","sourcetype":"WinEventLog:Security","index":"windows","EventCode":4624,"event_id":4624,"log_name":"Security","computer":"WIN-CLIENT-02.corp.local","provider_name":"Microsoft-Windows-Security-Auditing","level":"Information","record_id":100051,"scenario":"Normal Authentication","attack_phase":"None","mitre_technique":"None","severity":"low","is_suspicious":false,"subject_user":"SYSTEM","subject_domain":"NT AUTHORITY","target_user":"lwilson","target_domain":"CORP","src_ip":"10.10.10.227","src_port":53002,"dest_host":"WIN-CLIENT-02","logon_type":4,"authentication_package":"Kerberos","workstation_name":"WIN-CLIENT-02","logon_id":"0x6E995","logon_process":"Advapi","ip_address":"10.10.10.227","message":"An account was successfully logged on."}
{"timestamp":"2026-09-01T04:34:02Z","host":"WIN-CLIENT-04","source":"WinEventLog:Security","sourcetype":"WinEventLog:Security","index":"windows","EventCode":4624,"event_id":4624,"log_name":"Security","computer":"WIN-CLIENT-04.corp.local","provider_name":"Microsoft-Windows-Security-Auditing","level":"Information","record_id":100052,"scenario":"Normal Authentication","attack_phase":"None","mitre_technique":"None","severity":"low","is_suspicious":false,"subject_user":"SYSTEM","subject_domain":"NT AUTHORITY","target_user":"mchen","target_domain":"CORP","src_ip":"10.10.20.158","src_port":62223,"dest_host":"WIN-CLIENT-04","logon_type":11,"authentication_package":"Kerberos","workstation_name":"WIN-CLIENT-04","logon_id":"0xB76AF","logon_process":"User32","ip_address":"10.10.20.158","message":"An account was successfully logged on."}
{"timestamp":"2026-09-01T04:43:13Z","host":"WIN-SRV-01","source":"WinEventLog:Security","sourcetype":"WinEventLog:Security","index":"windows","EventCode":4624,"event_id":4624,"log_name":"Security","computer":"WIN-SRV-01.corp.local","provider_name":"Microsoft-Windows-Security-Auditing","level":"Information","record_id":100053,"scenario":"Normal Authentication","attack_phase":"None","mitre_technique":"None","severity":"low","is_suspicious":false,"subject_user":"SYSTEM","subject_domain":"NT AUTHORITY","target_user":"jsmith","target_domain":"CORP","src_ip":"10.10.20.240","src_port":59868,"dest_host":"WIN-SRV-01","logon_type":11,"authentication_package":"Kerberos","workstation_name":"WIN-SRV-01","logon_id":"0x2A84A","logon_process":"User32","ip_address":"10.10.20.240","message":"An account was successfully logged on."}
{"timestamp":"2026-09-01T04:45:40Z","host":"WIN-CLIENT-01","source":"WinEventLog:Security","sourcetype":"WinEventLog:Security","index":"windows","EventCode":4624,"event_id":4624,"log_name":"Security","computer":"WIN-CLIENT-01.corp.local","provider_name":"Microsoft-Windows-Security-Auditing","level":"Information","record_id":100054,"scenario":"Normal Authentication","attack_phase":"None","mitre_technique":"None","severity":"low","is_suspicious":false,"subject_user":"SYSTEM","subject_domain":"NT AUTHORITY","target_user":"lwilson","target_domain":"CORP","src_ip":"10.10.10.71","src_port":53616,"dest_host":"WIN-CLIENT-01","logon_type":2,"authentication_package":"Kerberos","workstation_name":"WIN-CLIENT-01","logon_id":"0xAAD62","logon_process":"User32","ip_address":"10.10.10.71","message":"An account was successfully logged on."}
{"timestamp":"2026-09-01T04:49:25Z","host":"WIN-CLIENT-03","source":"WinEventLog:Security","sourcetype":"WinEventLog:Security","index":"windows","EventCode":4624,"event_id":4624,"log_name":"Security","computer":"WIN-CLIENT-03.corp.local","provider_name":"Microsoft-Windows-Security-Auditing","level":"Information","record_id":100055,"scenario":"Normal Authentication","attack_phase":"None","mitre_technique":"None","severity":"low","is_suspicious":false,"subject_user":"SYSTEM","subject_domain":"NT AUTHORITY","target_user":"svc_sql","target_domain":"CORP","src_ip":"10.10.20.131","src_port":57004,"dest_host":"WIN-CLIENT-03","logon_type":3,"authentication_package":"Kerberos","workstation_name":"WIN-CLIENT-03","logon_id":"0x50497","logon_process":"NtLmSsp","ip_address":"10.10.20.131","message":"An account was successfully logged on."}
{"timestamp":"2026-09-01T04:50:27Z","host":"WIN-SRV-01","source":"WinEventLog:Security","sourcetype":"WinEventLog:Security","index":"windows","EventCode":4624,"event_id":4624,"log_name":"Security","computer":"WIN-SRV-01.corp.local","provider_name":"Microsoft-Windows-Security-Auditing","level":"Information","record_id":100056,"scenario":"Normal Authentication","attack_phase":"None","mitre_technique":"None","severity":"low","is_suspicious":false,"subject_user":"SYSTEM","subject_domain":"NT AUTHORITY","target_user":"agarcia","target_domain":"CORP","src_ip":"10.10.20.13","src_port":49058,"dest_host":"WIN-SRV-01","logon_type":5,"authentication_package":"Kerberos","workstation_name":"WIN-SRV-01","logon_id":"0x6563F","logon_process":"Advapi","ip_address":"10.10.20.13","message":"An account was successfully logged on."}
{"timestamp":"2026-09-01T04:52:50Z","host":"WIN-CLIENT-03","source":"WinEventLog:Security","sourcetype":"WinEventLog:Security","index":"windows","EventCode":4624,"event_id":4624,"log_name":"Security","computer":"WIN-CLIENT-03.corp.local","provider_name":"Microsoft-Windows-Security-Auditing","level":"Information","record_id":100057,"scenario":"Normal Authentication","attack_phase":"None","mitre_technique":"None","severity":"low","is_suspicious":false,"subject_user":"SYSTEM","subject_domain":"NT AUTHORITY","target_user":"svc_backup","target_domain":"CORP","src_ip":"10.10.20.143","src_port":60561,"dest_host":"WIN-CLIENT-03","logon_type":3,"authentication_package":"Kerberos","workstation_name":"WIN-CLIENT-03","logon_id":"0x7D7CE","logon_process":"NtLmSsp","ip_address":"10.10.20.143","message":"An account was successfully logged on."}
{"timestamp":"2026-09-01T05:02:34Z","host":"WIN-CLIENT-01","source":"WinEventLog:Security","sourcetype":"WinEventLog:Security","index":"windows","EventCode":4624,"event_id":4624,"log_name":"Security","computer":"WIN-CLIENT-01.corp.local","provider_name":"Microsoft-Windows-Security-Auditing","level":"Information","record_id":100058,"scenario":"Normal Authentication","attack_phase":"None","mitre_technique":"None","severity":"low","is_suspicious":false,"subject_user":"SYSTEM","subject_domain":"NT AUTHORITY","target_user":"jsmith","target_domain":"CORP","src_ip":"10.10.10.141","src_port":49590,"dest_host":"WIN-CLIENT-01","logon_type":2,"authentication_package":"Kerberos","workstation_name":"WIN-CLIENT-01","logon_id":"0xE5A80","logon_process":"User32","ip_address":"10.10.10.141","message":"An account was successfully logged on."}
{"timestamp":"2026-09-01T05:09:02Z","host":"WIN-CLIENT-05","source":"WinEventLog:Security","sourcetype":"WinEventLog:Security","index":"windows","EventCode":4624,"event_id":4624,"log_name":"Security","computer":"WIN-CLIENT-05.corp.local","provider_name":"Microsoft-Windows-Security-Auditing","level":"Information","record_id":100059,"scenario":"Normal Authentication","attack_phase":"None","mitre_technique":"None","severity":"low","is_suspicious":false,"subject_user":"SYSTEM","subject_domain":"NT AUTHORITY","target_user":"cwalker","target_domain":"CORP","src_ip":"10.10.20.34","src_port":49685,"dest_host":"WIN-CLIENT-05","logon_type":3,"authentication_package":"Kerberos","workstation_name":"WIN-CLIENT-05","logon_id":"0x5EEA0","logon_process":"NtLmSsp","ip_address":"10.10.20.34","message":"An account was successfully logged on."}
{"timestamp":"2026-09-01T05:15:25Z","host":"WIN-SRV-02","source":"WinEventLog:Security","sourcetype":"WinEventLog:Security","index":"windows","EventCode":4624,"event_id":4624,"log_name":"Security","computer":"WIN-SRV-02.corp.local","provider_name":"Microsoft-Windows-Security-Auditing","level":"Information","record_id":100060,"scenario":"Normal Authentication","attack_phase":"None","mitre_technique":"None","severity":"low","is_suspicious":false,"subject_user":"SYSTEM","subject_domain":"NT AUTHORITY","target_user":"svc_web","target_domain":"CORP","src_ip":"10.10.20.55","src_port":60174,"dest_host":"WIN-SRV-02","logon_type":2,"authentication_package":"Kerberos","workstation_name":"WIN-SRV-02","logon_id":"0x4FE12","logon_process":"User32","ip_address":"10.10.20.55","message":"An account was successfully logged on."}
