{"timestamp":"2026-09-06T10:09:04Z","host":"WIN-CLIENT-04","source":"WinEventLog:Security","sourcetype":"WinEventLog:Security","index":"windows","EventCode":4648,"event_id":4648,"log_name":"Security","computer":"WIN-CLIENT-04.corp.local","provider_name":"Microsoft-Windows-Security-Auditing","level":"Information","record_id":101297,"scenario":"Normal Explicit Credential Use","attack_phase":"None","mitre_technique":"None","severity":"low","is_suspicious":false,"subject_user":"mchen","subject_domain":"CORP","target_user":"svc_web","target_domain":"CORP","src_ip":"10.10.10.32","dest_host":"WIN-SRV-02","process_name":"C:\\Windows\\System32\\mmc.exe","process_id":"0x1a2c","message":"A logon was attempted using explicit credentials."}
{"timestamp":"2026-09-06T10:17:56Z","host":"WIN-CLIENT-05","source":"WinEventLog:Security","sourcetype":"WinEventLog:Security","index":"windows","EventCode":4648,"event_id":4648,"log_name":"Security","computer":"WIN-CLIENT-05.corp.local","provider_name":"Microsoft-Windows-Security-Auditing","level":"Information","record_id":101298,"scenario":"Normal Explicit Credential Use","attack_phase":"None","mitre_technique":"None","severity":"low","is_suspicious":false,"subject_user":"lwilson","subject_domain":"CORP","target_user":"svc_sql","target_domain":"CORP","src_ip":"10.10.10.233","dest_host":"WIN-SRV-01","process_name":"C:\\Windows\\System32\\mmc.exe","process_id":"0x1a2c","message":"A logon was attempted using explicit credentials."}
{"timestamp":"2026-09-06T10:24:33Z","host":"WIN-CLIENT-04","source":"WinEventLog:Security","sourcetype":"WinEventLog:Security","index":"windows","EventCode":4648,"event_id":4648,"log_name":"Security","computer":"WIN-CLIENT-04.corp.local","provider_name":"Microsoft-Windows-Security-Auditing","level":"Information","record_id":101299,"scenario":"Normal Explicit Credential Use","attack_phase":"None","mitre_technique":"None","severity":"low","is_suspicious":false,"subject_user":"kwright","subject_domain":"CORP","target_user":"svc_backup","target_domain":"CORP","src_ip":"10.10.10.133","dest_host":"WIN-SRV-01","process_name":"C:\\Windows\\System32\\mmc.exe","process_id":"0x1a2c","message":"A logon was attempted using explicit credentials."}
{"timestamp":"2026-09-06T10:33:24Z","host":"WIN-CLIENT-02","source":"WinEventLog:Security","sourcetype":"WinEventLog:Security","index":"windows","EventCode":4648,"event_id":4648,"log_name":"Security","computer":"WIN-CLIENT-02.corp.local","provider_name":"Microsoft-Windows-Security-Auditing","level":"Information","record_id":101300,"scenario":"Normal Explicit Credential Use","attack_phase":"None","mitre_technique":"None","severity":"low","is_suspicious":false,"subject_user":"dohara","subject_domain":"CORP","target_user":"svc_sql","target_domain":"CORP","src_ip":"10.10.10.70","dest_host":"WIN-SRV-02","process_name":"C:\\Windows\\System32\\mmc.exe","process_id":"0x1a2c","message":"A logon was attempted using explicit credentials."}
{"timestamp":"2026-09-06T10:35:26Z","host":"WIN-CLIENT-05","source":"WinEventLog:Security","sourcetype":"WinEventLog:Security","index":"windows","EventCode":4648,"event_id":4648,"log_name":"Security","computer":"WIN-CLIENT-05.corp.local","provider_name":"Microsoft-Windows-Security-Auditing","level":"Information","record_id":101301,"scenario":"Normal Explicit Credential Use","attack_phase":"None","mitre_technique":"None","severity":"low","is_suspicious":false,"subject_user":"kwright","subject_domain":"CORP","target_user":"svc_sql","target_domain":"CORP","src_ip":"10.10.10.159","dest_host":"WIN-SRV-01","process_name":"C:\\Windows\\System32\\mmc.exe","process_id":"0x1a2c","message":"A logon was attempted using explicit credentials."}
{"timestamp":"2026-09-06T10:43:20Z","host":"WIN-CLIENT-04","source":"WinEventLog:Security","sourcetype":"WinEventLog:Security","index":"windows","EventCode":4648,"event_id":4648,"log_name":"Security","computer":"WIN-CLIENT-04.corp.local","provider_name":"Microsoft-Windows-Security-Auditing","level":"Information","record_id":101302,"scenario":"Normal Explicit Credential Use","attack_phase":"None","mitre_technique":"None","severity":"low","is_suspicious":false,"subject_user":"agarcia","subject_domain":"CORP","target_user":"svc_sql","target_domain":"CORP","src_ip":"10.10.10.12","dest_host":"WIN-SRV-02","process_name":"C:\\Windows\\System32\\mmc.exe","process_id":"0x1a2c","message":"A logon was attempted using explicit credentials."}
{"timestamp":"2026-09-06T10:51:44Z","host":"WIN-CLIENT-04","source":"WinEventLog:Security","sourcetype":"WinEventLog:Security","index":"windows","EventCode":4648,"event_id":4648,"log_name":"Security","computer":"WIN-CLIENT-04.corp.local","provider_name":"Microsoft-Windows-Security-Auditing","level":"Information","record_id":101303,"scenario":"Normal Explicit Credential Use","attack_phase":"None","mitre_technique":"None","severity":"low","is_suspicious":false,"subject_user":"mchen","subject_domain":"CORP","target_user":"svc_backup","target_domain":"CORP","src_ip":"10.10.10.240","dest_host":"WIN-SRV-02","process_name":"C:\\Windows\\System32\\mmc.exe","process_id":"0x1a2c","message":"A logon was attempted using explicit credentials."}
{"timestamp":"2026-09-06T11:01:13Z","host":"WIN-CLIENT-04","source":"WinEventLog:Security","sourcetype":"WinEventLog:Security","index":"windows","EventCode":4648,"event_id":4648,"log_name":"Security","computer":"WIN-CLIENT-04.corp.local","provider_name":"Microsoft-Windows-Security-Auditing","level":"Information","record_id":101304,"scenario":"Normal Explicit Credential Use","attack_phase":"None","mitre_technique":"None","severity":"low","is_suspicious":false,"subject_user":"sbrooks","subject_domain":"CORP","target_user":"svc_web","target_domain":"CORP","src_ip":"10.10.10.23","dest_host":"WIN-SRV-02","process_name":"C:\\Windows\\System32\\mmc.exe","process_id":"0x1a2c","message":"A logon was attempted using explicit credentials."}
{"timestamp":"2026-09-06T11:09:42Z","host":"WIN-CLIENT-02","source":"WinEventLog:Security","sourcetype":"WinEventLog:Security","index":"windows","EventCode":4648,"event_id":4648,"log_name":"Security","computer":"WIN-CLIENT-02.corp.local","provider_name":"Microsoft-Windows-Security-Auditing","level":"Information","record_id":101305,"scenario":"Normal Explicit Credential Use","attack_phase":"None","mitre_technique":"None","severity":"low","is_suspicious":false,"subject_user":"dohara","subject_domain":"CORP","target_user":"svc_backup","target_domain":"CORP","src_ip":"10.10.10.78","dest_host":"WIN-SRV-01","process_name":"C:\\Windows\\System32\\mmc.exe","process_id":"0x1a2c","message":"A logon was attempted using explicit credentials."}
{"timestamp":"2026-09-06T11:12:22Z","host":"WIN-CLIENT-04","source":"WinEventLog:Security","sourcetype":"WinEventLog:Security","index":"windows","EventCode":4648,"event_id":4648,"log_name":"Security","computer":"WIN-CLIENT-04.corp.local","provider_name":"Microsoft-Windows-Security-Auditing","level":"Information","record_id":101306,"scenario":"Normal Explicit Credential Use","attack_phase":"None","mitre_technique":"None","severity":"low","is_suspicious":false,"subject_user":"rpatel","subject_domain":"CORP","target_user":"svc_sql","target_domain":"CORP","src_ip":"10.10.10.135","dest_host":"WIN-SRV-02","process_name":"C:\\Windows\\System32\\mmc.exe","process_id":"0x1a2c","message":"A logon was attempted using explicit credentials."}
{"timestamp":"2026-09-06T11:17:54Z","host":"WIN-CLIENT-03","source":"WinEventLog:Security","sourcetype":"WinEventLog:Security","index":"windows","EventCode":4648,"event_id":4648,"log_name":"Security","computer":"WIN-CLIENT-03.corp.local","provider_name":"Microsoft-Windows-Security-Auditing","level":"Information","record_id":101307,"scenario":"Normal Explicit Credential Use","attack_phase":"None","mitre_technique":"None","severity":"low","is_suspicious":false,"subject_user":"sbrooks","subject_domain":"CORP","target_user":"svc_backup","target_domain":"CORP","src_ip":"10.10.10.21","dest_host":"WIN-SRV-01","process_name":"C:\\Windows\\System32\\mmc.exe","process_id":"0x1a2c","message":"A logon was attempted using explicit credentials."}
{"timestamp":"2026-09-06T11:27:09Z","host":"WIN-SRV-01","source":"WinEventLog:Security","sourcetype":"WinEventLog:Security","index":"windows","EventCode":4648,"event_id":4648,"log_name":"Security","computer":"WIN-SRV-01.corp.local","provider_name":"Microsoft-Windows-Security-Auditing","level":"Information","record_id":101308,"scenario":"Normal Explicit Credential Use","attack_phase":"None","mitre_technique":"None","severity":"low","is_suspicious":false,"subject_user":"tnguyen","subject_domain":"CORP","target_user":"svc_web","target_domain":"CORP","src_ip":"10.10.10.107","dest_host":"WIN-SRV-01","process_name":"C:\\Windows\\System32\\mmc.exe","process_id":"0x1a2c","message":"A logon was attempted using explicit credentials."}
{"timestamp":"2026-09-06T11:35:34Z","host":"WIN-CLIENT-04","source":"WinEventLog:Security","sourcetype":"WinEventLog:Security","index":"windows","EventCode":4648,"event_id":4648,"log_name":"Security","computer":"WIN-CLIENT-04.corp.local","provider_name":"Microsoft-Windows-Security-Auditing","level":"Information","record_id":101309,"scenario":"Normal Explicit Credential Use","attack_phase":"None","mitre_technique":"None","severity":"low","is_suspicious":false,"subject_user":"cwalker","subject_domain":"CORP","target_user":"svc_web","target_domain":"CORP","src_ip":"10.10.10.210","dest_host":"WIN-SRV-02","process_name":"C:\\Windows\\System32\\mmc.exe","process_id":"0x1a2c","message":"A logon was attempted using explicit credentials."}
{"timestamp":"2026-09-06T11:42:07Z","host":"WIN-CLIENT-01","source":"WinEventLog:Security","sourcetype":"WinEventLog:Security","index":"windows","EventCode":4648,"event_id":4648,"log_name":"Security","computer":"WIN-CLIENT-01.corp.local","provider_name":"Microsoft-Windows-Security-Auditing","level":"Information","record_id":101310,"scenario":"Normal Explicit Credential Use","attack_phase":"None","mitre_technique":"None","severity":"low","is_suspicious":false,"subject_user":"agarcia","subject_domain":"CORP","target_user":"svc_web","target_domain":"CORP","src_ip":"10.10.10.198","dest_host":"WIN-SRV-01","process_name":"C:\\Windows\\System32\\mmc.exe","process_id":"0x1a2c","message":"A logon was attempted using explicit credentials."}
{"timestamp":"2026-09-06T11:44:33Z","host":"WIN-CLIENT-04","source":"WinEventLog:Security","sourcetype":"WinEventLog:Security","index":"windows","EventCode":4648,"event_id":4648,"log_name":"Security","computer":"WIN-CLIENT-04.corp.local","provider_name":"Microsoft-Windows-Security-Auditing","level":"Information","record_id":101311,"scenario":"Normal Explicit Credential Use","attack_phase":"None","mitre_technique":"None","severity":"low","is_suspicious":false,"subject_user":"dohara","subject_domain":"CORP","target_user":"svc_web","target_domain":"CORP","src_ip":"10.10.10.47","dest_host":"WIN-SRV-01","process_name":"C:\\Windows\\System32\\mmc.exe","process_id":"0x1a2c","message":"A logon was attempted using explicit credentials."}
{"timestamp":"2026-09-06T11:59:26Z","host":"WIN-CLIENT-02","source":"WinEventLog:Security","sourcetype":"WinEventLog:Security","index":"windows","EventCode":4648,"event_id":4648,"log_name":"Security","computer":"WIN-CLIENT-02.corp.local","provider_name":"Microsoft-Windows-Security-Auditing","level":"Information","record_id":101312,"scenario":"Normal Explicit Credential Use","attack_phase":"None","mitre_technique":"None","severity":"low","is_suspicious":false,"subject_user":"agarcia","subject_domain":"CORP","target_user":"svc_backup","target_domain":"CORP","src_ip":"10.10.10.108","dest_host":"WIN-SRV-02","process_name":"C:\\Windows\\System32\\mmc.exe","process_id":"0x1a2c","message":"A logon was attempted using explicit credentials."}
{"timestamp":"2026-09-06T12:05:17Z","host":"WIN-CLIENT-03","source":"WinEventLog:Security","sourcetype":"WinEventLog:Security","index":"windows","EventCode":4648,"event_id":4648,"log_name":"Security","computer":"WIN-CLIENT-03.corp.local","provider_name":"Microsoft-Windows-Security-Auditing","level":"Information","record_id":101313,"scenario":"Normal Explicit Credential Use","attack_phase":"None","mitre_technique":"None","severity":"low","is_suspicious":false,"subject_user":"dohara","subject_domain":"CORP","target_user":"svc_web","target_domain":"CORP","src_ip":"10.10.10.195","dest_host":"WIN-SRV-02","process_name":"C:\\Windows\\System32\\mmc.exe","process_id":"0x1a2c","message":"A logon was attempted using explicit credentials."}
{"timestamp":"2026-09-06T12:16:25Z","host":"WIN-CLIENT-05","source":"WinEventLog:Security","sourcetype":"WinEventLog:Security","index":"windows","EventCode":4648,"event_id":4648,"log_name":"Security","computer":"WIN-CLIENT-05.corp.local","provider_name":"Microsoft-Windows-Security-Auditing","level":"Information","record_id":101314,"scenario":"Normal Explicit Credential Use","attack_phase":"None","mitre_technique":"None","severity":"low","is_suspicious":false,"subject_user":"kwright","subject_domain":"CORP","target_user":"svc_sql","target_domain":"CORP","src_ip":"10.10.10.249","dest_host":"WIN-SRV-01","process_name":"C:\\Windows\\System32\\mmc.exe","process_id":"0x1a2c","message":"A logon was attempted using explicit credentials."}
{"timestamp":"2026-09-06T12:20:31Z","host":"WIN-SRV-02","source":"WinEventLog:Security","sourcetype":"WinEventLog:Security","index":"windows","EventCode":4648,"event_id":4648,"log_name":"Security","computer":"WIN-SRV-02.corp.local","provider_name":"Microsoft-Windows-Security-Auditing","level":"Information","record_id":101315,"scenario":"Normal Explicit Credential Use","attack_phase":"None","mitre_technique":"None","severity":"low","is_suspicious":false,"subject_user":"cwalker","subject_domain":"CORP","target_user":"svc_backup","target_domain":"CORP","src_ip":"10.10.10.68","dest_host":"WIN-SRV-01","process_name":"C:\\Windows\\System32\\mmc.exe","process_id":"0x1a2c","message":"A logon was attempted using explicit credentials."}
{"timestamp":"2026-09-06T12:28:25Z","host":"WIN-CLIENT-03","source":"WinEventLog:Security","sourcetype":"WinEventLog:Security","index":"windows","EventCode":4648,"event_id":4648,"log_name":"Security","computer":"WIN-CLIENT-03.corp.local","provider_name":"Microsoft-Windows-Security-Auditing","level":"Information","record_id":101316,"scenario":"Normal Explicit Credential Use","attack_phase":"None","mitre_technique":"None","severity":"low","is_suspicious":false,"subject_user":"jsmith","subject_domain":"CORP","target_user":"svc_backup","target_domain":"CORP","src_ip":"10.10.10.103","dest_host":"WIN-SRV-01","process_name":"C:\\Windows\\System32\\mmc.exe","process_id":"0x1a2c","message":"A logon was attempted using explicit credentials."}
{"timestamp":"2026-09-06T12:29:08Z","host":"WIN-SRV-02","source":"WinEventLog:Security","sourcetype":"WinEventLog:Security","index":"windows","EventCode":4648,"event_id":4648,"log_name":"Security","computer":"WIN-SRV-02.corp.local","provider_name":"Microsoft-Windows-Security-Auditing","level":"Information","record_id":101317,"scenario":"Normal Explicit Credential Use","attack_phase":"None","mitre_technique":"None","severity":"low","is_suspicious":false,"subject_user":"dohara","subject_domain":"CORP","target_user":"svc_web","target_domain":"CORP","src_ip":"10.10.10.119","dest_host":"WIN-SRV-02","process_name":"C:\\Windows\\System32\\mmc.exe","process_id":"0x1a2c","message":"A logon was attempted using explicit credentials."}
{"timestamp":"2026-09-06T12:40:51Z","host":"WIN-CLIENT-04","source":"WinEventLog:Security","sourcetype":"WinEventLog:Security","index":"windows","EventCode":4648,"event_id":4648,"log_name":"Security","computer":"WIN-CLIENT-04.corp.local","provider_name":"Microsoft-Windows-Security-Auditing","level":"Information","record_id":101318,"scenario":"Normal Explicit Credential Use","attack_phase":"None","mitre_technique":"None","severity":"low","is_suspicious":false,"subject_user":"dohara","subject_domain":"CORP","target_user":"svc_web","target_domain":"CORP","src_ip":"10.10.10.79","dest_host":"WIN-SRV-02","process_name":"C:\\Windows\\System32\\mmc.exe","process_id":"0x1a2c","message":"A logon was attempted using explicit credentials."}
{"timestamp":"2026-09-06T12:53:08Z","host":"WIN-CLIENT-04","source":"WinEventLog:Security","sourcetype":"WinEventLog:Security","index":"windows","EventCode":4648,"event_id":4648,"log_name":"Security","computer":"WIN-CLIENT-04.corp.local","provider_name":"Microsoft-Windows-Security-Auditing","level":"Information","record_id":101319,"scenario":"Normal Explicit Credential Use","attack_phase":"None","mitre_technique":"None","severity":"low","is_suspicious":false,"subject_user":"tnguyen","subject_domain":"CORP","target_user":"svc_web","target_domain":"CORP","src_ip":"10.10.10.207","dest_host":"WIN-SRV-02","process_name":"C:\\Windows\\System32\\mmc.exe","process_id":"0x1a2c","message":"A logon was attempted using explicit credentials."}
{"timestamp":"2026-09-06T12:55:07Z","host":"WIN-SRV-02","source":"WinEventLog:Security","sourcetype":"WinEventLog:Security","index":"windows","EventCode":4648,"event_id":4648,"log_name":"Security","computer":"WIN-SRV-02.corp.local","provider_name":"Microsoft-Windows-Security-Auditing","level":"Information","record_id":101320,"scenario":"Normal Explicit Credential Use","attack_phase":"None","mitre_technique":"None","severity":"low","is_suspicious":false,"subject_user":"jsmith","subject_domain":"CORP","target_user":"svc_backup","target_domain":"CORP","src_ip":"10.10.10.50","dest_host":"WIN-SRV-01","process_name":"C:\\Windows\\System32\\mmc.exe","process_id":"0x1a2c","message":"A logon was attempted using explicit credentials."}
{"timestamp":"2026-09-06T13:09:32Z","host":"WIN-SRV-01","source":"WinEventLog:Security","sourcetype":"WinEventLog:Security","index":"windows","EventCode":4648,"event_id":4648,"log_name":"Security","computer":"WIN-SRV-01.corp.local","provider_name":"Microsoft-Windows-Security-Auditing","level":"Information","record_id":101321,"scenario":"Normal Explicit Credential Use","attack_phase":"None","mitre_technique":"None","severity":"low","is_suspicious":false,"subject_user":"rpatel","subject_domain":"CORP","target_user":"svc_web","target_domain":"CORP","src_ip":"10.10.10.221","dest_host":"WIN-SRV-01","process_name":"C:\\Windows\\System32\\mmc.exe","process_id":"0x1a2c","message":"A logon was attempted using explicit credentials."}
{"timestamp":"2026-09-06T13:13:36Z","host":"WIN-CLIENT-02","source":"WinEventLog:Security","sourcetype":"WinEventLog:Security","index":"windows","EventCode":4648,"event_id":4648,"log_name":"Security","computer":"WIN-CLIENT-02.corp.local","provider_name":"Microsoft-Windows-Security-Auditing","level":"Information","record_id":101322,"scenario":"Normal Explicit Credential Use","attack_phase":"None","mitre_technique":"None","severity":"low","is_suspicious":false,"subject_user":"mchen","subject_domain":"CORP","target_user":"svc_web","target_domain":"CORP","src_ip":"10.10.10.168","dest_host":"WIN-SRV-01","process_name":"C:\\Windows\\System32\\mmc.exe","process_id":"0x1a2c","message":"A logon was attempted using explicit credentials."}
{"timestamp":"2026-09-06T13:21:32Z","host":"WIN-CLIENT-05","source":"WinEventLog:Security","sourcetype":"WinEventLog:Security","index":"windows","EventCode":4648,"event_id":4648,"log_name":"Security","computer":"WIN-CLIENT-05.corp.local","provider_name":"Microsoft-Windows-Security-Auditing","level":"Information","record_id":101323,"scenario":"Normal Explicit Credential Use","attack_phase":"None","mitre_technique":"None","severity":"low","is_suspicious":false,"subject_user":"sbrooks","subject_domain":"CORP","target_user":"svc_web","target_domain":"CORP","src_ip":"10.10.10.50","dest_host":"WIN-SRV-01","process_name":"C:\\Windows\\System32\\mmc.exe","process_id":"0x1a2c","message":"A logon was attempted using explicit credentials."}
{"timestamp":"2026-09-06T13:27:10Z","host":"WIN-CLIENT-05","source":"WinEventLog:Security","sourcetype":"WinEventLog:Security","index":"windows","EventCode":4648,"event_id":4648,"log_name":"Security","computer":"WIN-CLIENT-05.corp.local","provider_name":"Microsoft-Windows-Security-Auditing","level":"Information","record_id":101324,"scenario":"Normal Explicit Credential Use","attack_phase":"None","mitre_technique":"None","severity":"low","is_suspicious":false,"subject_user":"mchen","subject_domain":"CORP","target_user":"svc_sql","target_domain":"CORP","src_ip":"10.10.10.123","dest_host":"WIN-SRV-02","process_name":"C:\\Windows\\System32\\mmc.exe","process_id":"0x1a2c","message":"A logon was attempted using explicit credentials."}
{"timestamp":"2026-09-06T13:28:02Z","host":"WIN-SRV-01","source":"WinEventLog:Security","sourcetype":"WinEventLog:Security","index":"windows","EventCode":4648,"event_id":4648,"log_name":"Security","computer":"WIN-SRV-01.corp.local","provider_name":"Microsoft-Windows-Security-Auditing","level":"Information","record_id":101325,"scenario":"Normal Explicit Credential Use","attack_phase":"None","mitre_technique":"None","severity":"low","is_suspicious":false,"subject_user":"mchen","subject_domain":"CORP","target_user":"svc_backup","target_domain":"CORP","src_ip":"10.10.10.191","dest_host":"WIN-SRV-02","process_name":"C:\\Windows\\System32\\mmc.exe","process_id":"0x1a2c","message":"A logon was attempted using explicit credentials."}
{"timestamp":"2026-09-06T13:36:48Z","host":"WIN-CLIENT-02","source":"WinEventLog:Security","sourcetype":"WinEventLog:Security","index":"windows","EventCode":4648,"event_id":4648,"log_name":"Security","computer":"WIN-CLIENT-02.corp.local","provider_name":"Microsoft-Windows-Security-Auditing","level":"Information","record_id":101326,"scenario":"Normal Explicit Credential Use","attack_phase":"None","mitre_technique":"None","severity":"low","is_suspicious":false,"subject_user":"dohara","subject_domain":"CORP","target_user":"svc_backup","target_domain":"CORP","src_ip":"10.10.10.151","dest_host":"WIN-SRV-01","process_name":"C:\\Windows\\System32\\mmc.exe","process_id":"0x1a2c","message":"A logon was attempted using explicit credentials."}
{"timestamp":"2026-09-06T13:40:44Z","host":"WIN-CLIENT-01","source":"WinEventLog:Security","sourcetype":"WinEventLog:Security","index":"windows","EventCode":4648,"event_id":4648,"log_name":"Security","computer":"WIN-CLIENT-01.corp.local","provider_name":"Microsoft-Windows-Security-Auditing","level":"Information","record_id":101327,"scenario":"Normal Explicit Credential Use","attack_phase":"None","mitre_technique":"None","severity":"low","is_suspicious":false,"subject_user":"tnguyen","subject_domain":"CORP","target_user":"svc_web","target_domain":"CORP","src_ip":"10.10.10.15","dest_host":"WIN-SRV-02","process_name":"C:\\Windows\\System32\\mmc.exe","process_id":"0x1a2c","message":"A logon was attempted using explicit credentials."}
{"timestamp":"2026-09-06T13:41:22Z","host":"WIN-SRV-01","source":"WinEventLog:Security","sourcetype":"WinEventLog:Security","index":"windows","EventCode":4648,"event_id":4648,"log_name":"Security","computer":"WIN-SRV-01.corp.local","provider_name":"Microsoft-Windows-Security-Auditing","level":"Information","record_id":101328,"scenario":"Normal Explicit Credential Use","attack_phase":"None","mitre_technique":"None","severity":"low","is_suspicious":false,"subject_user":"tnguyen","subject_domain":"CORP","target_user":"svc_web","target_domain":"CORP","src_ip":"10.10.10.108","dest_host":"WIN-SRV-02","process_name":"C:\\Windows\\System32\\mmc.exe","process_id":"0x1a2c","message":"A logon was attempted using explicit credentials."}
{"timestamp":"2026-09-06T13:54:26Z","host":"WIN-CLIENT-03","source":"WinEventLog:Security","sourcetype":"WinEventLog:Security","index":"windows","EventCode":4648,"event_id":4648,"log_name":"Security","computer":"WIN-CLIENT-03.corp.local","provider_name":"Microsoft-Windows-Security-Auditing","level":"Information","record_id":101329,"scenario":"Normal Explicit Credential Use","attack_phase":"None","mitre_technique":"None","severity":"low","is_suspicious":false,"subject_user":"sbrooks","subject_domain":"CORP","target_user":"svc_web","target_domain":"CORP","src_ip":"10.10.10.76","dest_host":"WIN-SRV-01","process_name":"C:\\Windows\\System32\\mmc.exe","process_id":"0x1a2c","message":"A logon was attempted using explicit credentials."}
{"timestamp":"2026-09-06T14:03:15Z","host":"WIN-CLIENT-02","source":"WinEventLog:Security","sourcetype":"WinEventLog:Security","index":"windows","EventCode":4648,"event_id":4648,"log_name":"Security","computer":"WIN-CLIENT-02.corp.local","provider_name":"Microsoft-Windows-Security-Auditing","level":"Information","record_id":101330,"scenario":"Normal Explicit Credential Use","attack_phase":"None","mitre_technique":"None","severity":"low","is_suspicious":false,"subject_user":"sbrooks","subject_domain":"CORP","target_user":"svc_sql","target_domain":"CORP","src_ip":"10.10.10.153","dest_host":"WIN-SRV-02","process_name":"C:\\Windows\\System32\\mmc.exe","process_id":"0x1a2c","message":"A logon was attempted using explicit credentials."}
{"timestamp":"2026-09-06T14:07:42Z","host":"WIN-CLIENT-04","source":"WinEventLog:Security","sourcetype":"WinEventLog:Security","index":"windows","EventCode":4648,"event_id":4648,"log_name":"Security","computer":"WIN-CLIENT-04.corp.local","provider_name":"Microsoft-Windows-Security-Auditing","level":"Information","record_id":101331,"scenario":"Normal Explicit Credential Use","attack_phase":"None","mitre_technique":"None","severity":"low","is_suspicious":false,"subject_user":"sbrooks","subject_domain":"CORP","target_user":"svc_backup","target_domain":"CORP","src_ip":"10.10.10.6","dest_host":"WIN-SRV-02","process_name":"C:\\Windows\\System32\\mmc.exe","process_id":"0x1a2c","message":"A logon was attempted using explicit credentials."}
{"timestamp":"2026-09-06T14:18:02Z","host":"WIN-CLIENT-01","source":"WinEventLog:Security","sourcetype":"WinEventLog:Security","index":"windows","EventCode":4648,"event_id":4648,"log_name":"Security","computer":"WIN-CLIENT-01.corp.local","provider_name":"Microsoft-Windows-Security-Auditing","level":"Information","record_id":101332,"scenario":"Normal Explicit Credential Use","attack_phase":"None","mitre_technique":"None","severity":"low","is_suspicious":false,"subject_user":"agarcia","subject_domain":"CORP","target_user":"svc_web","target_domain":"CORP","src_ip":"10.10.10.70","dest_host":"WIN-SRV-02","process_name":"C:\\Windows\\System32\\mmc.exe","process_id":"0x1a2c","message":"A logon was attempted using explicit credentials."}
{"timestamp":"2026-09-06T14:26:36Z","host":"WIN-SRV-01","source":"WinEventLog:Security","sourcetype":"WinEventLog:Security","index":"windows","EventCode":4648,"event_id":4648,"log_name":"Security","computer":"WIN-SRV-01.corp.local","provider_name":"Microsoft-Windows-Security-Auditing","level":"Information","record_id":101333,"scenario":"Normal Explicit Credential Use","attack_phase":"None","mitre_technique":"None","severity":"low","is_suspicious":false,"subject_user":"cwalker","subject_domain":"CORP","target_user":"svc_sql","target_domain":"CORP","src_ip":"10.10.10.242","dest_host":"WIN-SRV-02","process_name":"C:\\Windows\\System32\\mmc.exe","process_id":"0x1a2c","message":"A logon was attempted using explicit credentials."}
{"timestamp":"2026-09-06T14:34:45Z","host":"WIN-CLIENT-04","source":"WinEventLog:Security","sourcetype":"WinEventLog:Security","index":"windows","EventCode":4648,"event_id":4648,"log_name":"Security","computer":"WIN-CLIENT-04.corp.local","provider_name":"Microsoft-Windows-Security-Auditing","level":"Information","record_id":101334,"scenario":"Normal Explicit Credential Use","attack_phase":"None","mitre_technique":"None","severity":"low","is_suspicious":false,"subject_user":"jsmith","subject_domain":"CORP","target_user":"svc_sql","target_domain":"CORP","src_ip":"10.10.10.43","dest_host":"WIN-SRV-02","process_name":"C:\\Windows\\System32\\mmc.exe","process_id":"0x1a2c","message":"A logon was attempted using explicit credentials."}
{"timestamp":"2026-09-06T14:47:38Z","host":"WIN-SRV-02","source":"WinEventLog:Security","sourcetype":"WinEventLog:Security","index":"windows","EventCode":4648,"event_id":4648,"log_name":"Security","computer":"WIN-SRV-02.corp.local","provider_name":"Microsoft-Windows-Security-Auditing","level":"Information","record_id":101335,"scenario":"Normal Explicit Credential Use","attack_phase":"None","mitre_technique":"None","severity":"low","is_suspicious":false,"subject_user":"kwright","subject_domain":"CORP","target_user":"svc_sql","target_domain":"CORP","src_ip":"10.10.10.114","dest_host":"WIN-SRV-01","process_name":"C:\\Windows\\System32\\mmc.exe","process_id":"0x1a2c","message":"A logon was attempted using explicit credentials."}
{"timestamp":"2026-09-06T14:56:47Z","host":"WIN-SRV-02","source":"WinEventLog:Security","sourcetype":"WinEventLog:Security","index":"windows","EventCode":4648,"event_id":4648,"log_name":"Security","computer":"WIN-SRV-02.corp.local","provider_name":"Microsoft-Windows-Security-Auditing","level":"Information","record_id":101336,"scenario":"Normal Explicit Credential Use","attack_phase":"None","mitre_technique":"None","severity":"low","is_suspicious":false,"subject_user":"kwright","subject_domain":"CORP","target_user":"svc_web","target_domain":"CORP","src_ip":"10.10.10.237","dest_host":"WIN-SRV-02","process_name":"C:\\Windows\\System32\\mmc.exe","process_id":"0x1a2c","message":"A logon was attempted using explicit credentials."}
{"timestamp":"2026-09-06T14:59:31Z","host":"WIN-CLIENT-01","source":"WinEventLog:Security","sourcetype":"WinEventLog:Security","index":"windows","EventCode":4648,"event_id":4648,"log_name":"Security","computer":"WIN-CLIENT-01.corp.local","provider_name":"Microsoft-Windows-Security-Auditing","level":"Information","record_id":101337,"scenario":"Normal Explicit Credential Use","attack_phase":"None","mitre_technique":"None","severity":"low","is_suspicious":false,"subject_user":"tnguyen","subject_domain":"CORP","target_user":"svc_web","target_domain":"CORP","src_ip":"10.10.10.247","dest_host":"WIN-SRV-02","process_name":"C:\\Windows\\System32\\mmc.exe","process_id":"0x1a2c","message":"A logon was attempted using explicit credentials."}
{"timestamp":"2026-09-06T15:14:14Z","host":"WIN-CLIENT-04","source":"WinEventLog:Security","sourcetype":"WinEventLog:Security","index":"windows","EventCode":4648,"event_id":4648,"log_name":"Security","computer":"WIN-CLIENT-04.corp.local","provider_name":"Microsoft-Windows-Security-Auditing","level":"Information","record_id":101338,"scenario":"Normal Explicit Credential Use","attack_phase":"None","mitre_technique":"None","severity":"low","is_suspicious":false,"subject_user":"kwright","subject_domain":"CORP","target_user":"svc_web","target_domain":"CORP","src_ip":"10.10.10.205","dest_host":"WIN-SRV-02","process_name":"C:\\Windows\\System32\\mmc.exe","process_id":"0x1a2c","message":"A logon was attempted using explicit credentials."}
{"timestamp":"2026-09-06T15:28:22Z","host":"WIN-CLIENT-05","source":"WinEventLog:Security","sourcetype":"WinEventLog:Security","index":"windows","EventCode":4648,"event_id":4648,"log_name":"Security","computer":"WIN-CLIENT-05.corp.local","provider_name":"Microsoft-Windows-Security-Auditing","level":"Information","record_id":101339,"scenario":"Normal Explicit Credential Use","attack_phase":"None","mitre_technique":"None","severity":"low","is_suspicious":false,"subject_user":"cwalker","subject_domain":"CORP","target_user":"svc_backup","target_domain":"CORP","src_ip":"10.10.10.55","dest_host":"WIN-SRV-02","process_name":"C:\\Windows\\System32\\mmc.exe","process_id":"0x1a2c","message":"A logon was attempted using explicit credentials."}
{"timestamp":"2026-09-06T15:40:39Z","host":"WIN-CLIENT-04","source":"WinEventLog:Security","sourcetype":"WinEventLog:Security","index":"windows","EventCode":4648,"event_id":4648,"log_name":"Security","computer":"WIN-CLIENT-04.corp.local","provider_name":"Microsoft-Windows-Security-Auditing","level":"Information","record_id":101340,"scenario":"Normal Explicit Credential Use","attack_phase":"None","mitre_technique":"None","severity":"low","is_suspicious":false,"subject_user":"dohara","subject_domain":"CORP","target_user":"svc_backup","target_domain":"CORP","src_ip":"10.10.10.35","dest_host":"WIN-SRV-01","process_name":"C:\\Windows\\System32\\mmc.exe","process_id":"0x1a2c","message":"A logon was attempted using explicit credentials."}
{"timestamp":"2026-09-06T15:44:33Z","host":"WIN-SRV-02","source":"WinEventLog:Security","sourcetype":"WinEventLog:Security","index":"windows","EventCode":4648,"event_id":4648,"log_name":"Security","computer":"WIN-SRV-02.corp.local","provider_name":"Microsoft-Windows-Security-Auditing","level":"Information","record_id":101341,"scenario":"Normal Explicit Credential Use","attack_phase":"None","mitre_technique":"None","severity":"low","is_suspicious":false,"subject_user":"dohara","subject_domain":"CORP","target_user":"svc_web","target_domain":"CORP","src_ip":"10.10.10.27","dest_host":"WIN-SRV-02","process_name":"C:\\Windows\\System32\\mmc.exe","process_id":"0x1a2c","message":"A logon was attempted using explicit credentials."}
{"timestamp":"2026-09-06T15:53:28Z","host":"WIN-CLIENT-01","source":"WinEventLog:Security","sourcetype":"WinEventLog:Security","index":"windows","EventCode":4648,"event_id":4648,"log_name":"Security","computer":"WIN-CLIENT-01.corp.local","provider_name":"Microsoft-Windows-Security-Auditing","level":"Information","record_id":101342,"scenario":"Normal Explicit Credential Use","attack_phase":"None","mitre_technique":"None","severity":"low","is_suspicious":false,"subject_user":"rpatel","subject_domain":"CORP","target_user":"svc_backup","target_domain":"CORP","src_ip":"10.10.10.144","dest_host":"WIN-SRV-01","process_name":"C:\\Windows\\System32\\mmc.exe","process_id":"0x1a2c","message":"A logon was attempted using explicit credentials."}
{"timestamp":"2026-09-06T15:54:16Z","host":"WIN-CLIENT-01","source":"WinEventLog:Security","sourcetype":"WinEventLog:Security","index":"windows","EventCode":4648,"event_id":4648,"log_name":"Security","computer":"WIN-CLIENT-01.corp.local","provider_name":"Microsoft-Windows-Security-Auditing","level":"Information","record_id":101343,"scenario":"Normal Explicit Credential Use","attack_phase":"None","mitre_technique":"None","severity":"low","is_suspicious":false,"subject_user":"kwright","subject_domain":"CORP","target_user":"svc_sql","target_domain":"CORP","src_ip":"10.10.10.175","dest_host":"WIN-SRV-01","process_name":"C:\\Windows\\System32\\mmc.exe","process_id":"0x1a2c","message":"A logon was attempted using explicit credentials."}
{"timestamp":"2026-09-06T15:57:44Z","host":"WIN-CLIENT-05","source":"WinEventLog:Security","sourcetype":"WinEventLog:Security","index":"windows","EventCode":4648,"event_id":4648,"log_name":"Security","computer":"WIN-CLIENT-05.corp.local","provider_name":"Microsoft-Windows-Security-Auditing","level":"Information","record_id":101344,"scenario":"Normal Explicit Credential Use","attack_phase":"None","mitre_technique":"None","severity":"low","is_suspicious":false,"subject_user":"jsmith","subject_domain":"CORP","target_user":"svc_web","target_domain":"CORP","src_ip":"10.10.10.208","dest_host":"WIN-SRV-01","process_name":"C:\\Windows\\System32\\mmc.exe","process_id":"0x1a2c","message":"A logon was attempted using explicit credentials."}
{"timestamp":"2026-09-06T16:03:59Z","host":"WIN-CLIENT-02","source":"WinEventLog:Security","sourcetype":"WinEventLog:Security","index":"windows","EventCode":4648,"event_id":4648,"log_name":"Security","computer":"WIN-CLIENT-02.corp.local","provider_name":"Microsoft-Windows-Security-Auditing","level":"Information","record_id":101345,"scenario":"Normal Explicit Credential Use","attack_phase":"None","mitre_technique":"None","severity":"low","is_suspicious":false,"subject_user":"cwalker","subject_domain":"CORP","target_user":"svc_backup","target_domain":"CORP","src_ip":"10.10.10.60","dest_host":"WIN-SRV-01","process_name":"C:\\Windows\\System32\\mmc.exe","process_id":"0x1a2c","message":"A logon was attempted using explicit credentials."}
{"timestamp":"2026-09-06T16:14:04Z","host":"WIN-SRV-02","source":"WinEventLog:Security","sourcetype":"WinEventLog:Security","index":"windows","EventCode":4648,"event_id":4648,"log_name":"Security","computer":"WIN-SRV-02.corp.local","provider_name":"Microsoft-Windows-Security-Auditing","level":"Information","record_id":101346,"scenario":"Normal Explicit Credential Use","attack_phase":"None","mitre_technique":"None","severity":"low","is_suspicious":false,"subject_user":"lwilson","subject_domain":"CORP","target_user":"svc_sql","target_domain":"CORP","src_ip":"10.10.10.89","dest_host":"WIN-SRV-02","process_name":"C:\\Windows\\System32\\mmc.exe","process_id":"0x1a2c","message":"A logon was attempted using explicit credentials."}
{"timestamp":"2026-09-06T16:27:41Z","host":"WIN-SRV-01","source":"WinEventLog:Security","sourcetype":"WinEventLog:Security","index":"windows","EventCode":4648,"event_id":4648,"log_name":"Security","computer":"WIN-SRV-01.corp.local","provider_name":"Microsoft-Windows-Security-Auditing","level":"Information","record_id":101347,"scenario":"Normal Explicit Credential Use","attack_phase":"None","mitre_technique":"None","severity":"low","is_suspicious":false,"subject_user":"lwilson","subject_domain":"CORP","target_user":"svc_web","target_domain":"CORP","src_ip":"10.10.10.231","dest_host":"WIN-SRV-01","process_name":"C:\\Windows\\System32\\mmc.exe","process_id":"0x1a2c","message":"A logon was attempted using explicit credentials."}
{"timestamp":"2026-09-06T16:39:57Z","host":"WIN-CLIENT-05","source":"WinEventLog:Security","sourcetype":"WinEventLog:Security","index":"windows","EventCode":4648,"event_id":4648,"log_name":"Security","computer":"WIN-CLIENT-05.corp.local","provider_name":"Microsoft-Windows-Security-Auditing","level":"Information","record_id":101348,"scenario":"Normal Explicit Credential Use","attack_phase":"None","mitre_technique":"None","severity":"low","is_suspicious":false,"subject_user":"cwalker","subject_domain":"CORP","target_user":"svc_web","target_domain":"CORP","src_ip":"10.10.10.173","dest_host":"WIN-SRV-01","process_name":"C:\\Windows\\System32\\mmc.exe","process_id":"0x1a2c","message":"A logon was attempted using explicit credentials."}
{"timestamp":"2026-09-06T16:52:30Z","host":"WIN-SRV-01","source":"WinEventLog:Security","sourcetype":"WinEventLog:Security","index":"windows","EventCode":4648,"event_id":4648,"log_name":"Security","computer":"WIN-SRV-01.corp.local","provider_name":"Microsoft-Windows-Security-Auditing","level":"Information","record_id":101349,"scenario":"Normal Explicit Credential Use","attack_phase":"None","mitre_technique":"None","severity":"low","is_suspicious":false,"subject_user":"dohara","subject_domain":"CORP","target_user":"svc_sql","target_domain":"CORP","src_ip":"10.10.10.248","dest_host":"WIN-SRV-01","process_name":"C:\\Windows\\System32\\mmc.exe","process_id":"0x1a2c","message":"A logon was attempted using explicit credentials."}
{"timestamp":"2026-09-06T16:54:48Z","host":"WIN-CLIENT-05","source":"WinEventLog:Security","sourcetype":"WinEventLog:Security","index":"windows","EventCode":4648,"event_id":4648,"log_name":"Security","computer":"WIN-CLIENT-05.corp.local","provider_name":"Microsoft-Windows-Security-Auditing","level":"Information","record_id":101350,"scenario":"Normal Explicit Credential Use","attack_phase":"None","mitre_technique":"None","severity":"low","is_suspicious":false,"subject_user":"cwalker","subject_domain":"CORP","target_user":"svc_web","target_domain":"CORP","src_ip":"10.10.10.202","dest_host":"WIN-SRV-01","process_name":"C:\\Windows\\System32\\mmc.exe","process_id":"0x1a2c","message":"A logon was attempted using explicit credentials."}
{"timestamp":"2026-09-06T17:09:21Z","host":"WIN-CLIENT-03","source":"WinEventLog:Security","sourcetype":"WinEventLog:Security","index":"windows","EventCode":4648,"event_id":4648,"log_name":"Security","computer":"WIN-CLIENT-03.corp.local","provider_name":"Microsoft-Windows-Security-Auditing","level":"Information","record_id":101351,"scenario":"Normal Explicit Credential Use","attack_phase":"None","mitre_technique":"None","severity":"low","is_suspicious":false,"subject_user":"sbrooks","subject_domain":"CORP","target_user":"svc_backup","target_domain":"CORP","src_ip":"10.10.10.28","dest_host":"WIN-SRV-01","process_name":"C:\\Windows\\System32\\mmc.exe","process_id":"0x1a2c","message":"A logon was attempted using explicit credentials."}
{"timestamp":"2026-09-06T17:20:36Z","host":"WIN-SRV-01","source":"WinEventLog:Security","sourcetype":"WinEventLog:Security","index":"windows","EventCode":4648,"event_id":4648,"log_name":"Security","computer":"WIN-SRV-01.corp.local","provider_name":"Microsoft-Windows-Security-Auditing","level":"Information","record_id":101352,"scenario":"Normal Explicit Credential Use","attack_phase":"None","mitre_technique":"None","severity":"low","is_suspicious":false,"subject_user":"kwright","subject_domain":"CORP","target_user":"svc_backup","target_domain":"CORP","src_ip":"10.10.10.42","dest_host":"WIN-SRV-02","process_name":"C:\\Windows\\System32\\mmc.exe","process_id":"0x1a2c","message":"A logon was attempted using explicit credentials."}
{"timestamp":"2026-09-06T17:33:11Z","host":"WIN-CLIENT-02","source":"WinEventLog:Security","sourcetype":"WinEventLog:Security","index":"windows","EventCode":4648,"event_id":4648,"log_name":"Security","computer":"WIN-CLIENT-02.corp.local","provider_name":"Microsoft-Windows-Security-Auditing","level":"Information","record_id":101353,"scenario":"Normal Explicit Credential Use","attack_phase":"None","mitre_technique":"None","severity":"low","is_suspicious":false,"subject_user":"dohara","subject_domain":"CORP","target_user":"svc_web","target_domain":"CORP","src_ip":"10.10.10.189","dest_host":"WIN-SRV-01","process_name":"C:\\Windows\\System32\\mmc.exe","process_id":"0x1a2c","message":"A logon was attempted using explicit credentials."}
{"timestamp":"2026-09-06T17:36:18Z","host":"WIN-CLIENT-04","source":"WinEventLog:Security","sourcetype":"WinEventLog:Security","index":"windows","EventCode":4648,"event_id":4648,"log_name":"Security","computer":"WIN-CLIENT-04.corp.local","provider_name":"Microsoft-Windows-Security-Auditing","level":"Information","record_id":101354,"scenario":"Normal Explicit Credential Use","attack_phase":"None","mitre_technique":"None","severity":"low","is_suspicious":false,"subject_user":"kwright","subject_domain":"CORP","target_user":"svc_sql","target_domain":"CORP","src_ip":"10.10.10.211","dest_host":"WIN-SRV-01","process_name":"C:\\Windows\\System32\\mmc.exe","process_id":"0x1a2c","message":"A logon was attempted using explicit credentials."}
{"timestamp":"2026-09-06T17:38:53Z","host":"WIN-CLIENT-05","source":"WinEventLog:Security","sourcetype":"WinEventLog:Security","index":"windows","EventCode":4648,"event_id":4648,"log_name":"Security","computer":"WIN-CLIENT-05.corp.local","provider_name":"Microsoft-Windows-Security-Auditing","level":"Information","record_id":101355,"scenario":"Normal Explicit Credential Use","attack_phase":"None","mitre_technique":"None","severity":"low","is_suspicious":false,"subject_user":"dohara","subject_domain":"CORP","target_user":"svc_backup","target_domain":"CORP","src_ip":"10.10.10.250","dest_host":"WIN-SRV-02","process_name":"C:\\Windows\\System32\\mmc.exe","process_id":"0x1a2c","message":"A logon was attempted using explicit credentials."}
{"timestamp":"2026-09-06T17:52:30Z","host":"WIN-CLIENT-05","source":"WinEventLog:Security","sourcetype":"WinEventLog:Security","index":"windows","EventCode":4648,"event_id":4648,"log_name":"Security","computer":"WIN-CLIENT-05.corp.local","provider_name":"Microsoft-Windows-Security-Auditing","level":"Information","record_id":101356,"scenario":"Normal Explicit Credential Use","attack_phase":"None","mitre_technique":"None","severity":"low","is_suspicious":false,"subject_user":"rpatel","subject_domain":"CORP","target_user":"svc_backup","target_domain":"CORP","src_ip":"10.10.10.215","dest_host":"WIN-SRV-02","process_name":"C:\\Windows\\System32\\mmc.exe","process_id":"0x1a2c","message":"A logon was attempted using explicit credentials."}
{"timestamp":"2026-09-06T17:58:49Z","host":"WIN-CLIENT-01","source":"WinEventLog:Security","sourcetype":"WinEventLog:Security","index":"windows","EventCode":4648,"event_id":4648,"log_name":"Security","computer":"WIN-CLIENT-01.corp.local","provider_name":"Microsoft-Windows-Security-Auditing","level":"Information","record_id":101357,"scenario":"Normal Explicit Credential Use","attack_phase":"None","mitre_technique":"None","severity":"low","is_suspicious":false,"subject_user":"mchen","subject_domain":"CORP","target_user":"svc_web","target_domain":"CORP","src_ip":"10.10.10.23","dest_host":"WIN-SRV-02","process_name":"C:\\Windows\\System32\\mmc.exe","process_id":"0x1a2c","message":"A logon was attempted using explicit credentials."}
{"timestamp":"2026-09-06T18:05:40Z","host":"WIN-CLIENT-04","source":"WinEventLog:Security","sourcetype":"WinEventLog:Security","index":"windows","EventCode":4648,"event_id":4648,"log_name":"Security","computer":"WIN-CLIENT-04.corp.local","provider_name":"Microsoft-Windows-Security-Auditing","level":"Information","record_id":101358,"scenario":"Normal Explicit Credential Use","attack_phase":"None","mitre_technique":"None","severity":"low","is_suspicious":false,"subject_user":"kwright","subject_domain":"CORP","target_user":"svc_sql","target_domain":"CORP","src_ip":"10.10.10.163","dest_host":"WIN-SRV-01","process_name":"C:\\Windows\\System32\\mmc.exe","process_id":"0x1a2c","message":"A logon was attempted using explicit credentials."}
{"timestamp":"2026-09-06T18:08:45Z","host":"WIN-CLIENT-05","source":"WinEventLog:Security","sourcetype":"WinEventLog:Security","index":"windows","EventCode":4648,"event_id":4648,"log_name":"Security","computer":"WIN-CLIENT-05.corp.local","provider_name":"Microsoft-Windows-Security-Auditing","level":"Information","record_id":101359,"scenario":"Normal Explicit Credential Use","attack_phase":"None","mitre_technique":"None","severity":"low","is_suspicious":false,"subject_user":"tnguyen","subject_domain":"CORP","target_user":"svc_web","target_domain":"CORP","src_ip":"10.10.10.203","dest_host":"WIN-SRV-01","process_name":"C:\\Windows\\System32\\mmc.exe","process_id":"0x1a2c","message":"A logon was attempted using explicit credentials."}
{"timestamp":"2026-09-06T18:11:36Z","host":"WIN-CLIENT-05","source":"WinEventLog:Security","sourcetype":"WinEventLog:Security","index":"windows","EventCode":4648,"event_id":4648,"log_name":"Security","computer":"WIN-CLIENT-05.corp.local","provider_name":"Microsoft-Windows-Security-Auditing","level":"Information","record_id":101360,"scenario":"Normal Explicit Credential Use","attack_phase":"None","mitre_technique":"None","severity":"low","is_suspicious":false,"subject_user":"tnguyen","subject_domain":"CORP","target_user":"svc_sql","target_domain":"CORP","src_ip":"10.10.10.237","dest_host":"WIN-SRV-02","process_name":"C:\\Windows\\System32\\mmc.exe","process_id":"0x1a2c","message":"A logon was attempted using explicit credentials."}
{"timestamp":"2026-09-06T18:19:55Z","host":"WIN-CLIENT-05","source":"WinEventLog:Security","sourcetype":"WinEventLog:Security","index":"windows","EventCode":4648,"event_id":4648,"log_name":"Security","computer":"WIN-CLIENT-05.corp.local","provider_name":"Microsoft-Windows-Security-Auditing","level":"Information","record_id":101361,"scenario":"Normal Explicit Credential Use","attack_phase":"None","mitre_technique":"None","severity":"low","is_suspicious":false,"subject_user":"kwright","subject_domain":"CORP","target_user":"svc_web","target_domain":"CORP","src_ip":"10.10.10.243","dest_host":"WIN-SRV-01","process_name":"C:\\Windows\\System32\\mmc.exe","process_id":"0x1a2c","message":"A logon was attempted using explicit credentials."}
{"timestamp":"2026-09-06T18:27:58Z","host":"WIN-SRV-02","source":"WinEventLog:Security","sourcetype":"WinEventLog:Security","index":"windows","EventCode":4648,"event_id":4648,"log_name":"Security","computer":"WIN-SRV-02.corp.local","provider_name":"Microsoft-Windows-Security-Auditing","level":"Information","record_id":101362,"scenario":"Normal Explicit Credential Use","attack_phase":"None","mitre_technique":"None","severity":"low","is_suspicious":false,"subject_user":"sbrooks","subject_domain":"CORP","target_user":"svc_backup","target_domain":"CORP","src_ip":"10.10.10.243","dest_host":"WIN-SRV-01","process_name":"C:\\Windows\\System32\\mmc.exe","process_id":"0x1a2c","message":"A logon was attempted using explicit credentials."}
{"timestamp":"2026-09-06T18:29:54Z","host":"WIN-CLIENT-01","source":"WinEventLog:Security","sourcetype":"WinEventLog:Security","index":"windows","EventCode":4648,"event_id":4648,"log_name":"Security","computer":"WIN-CLIENT-01.corp.local","provider_name":"Microsoft-Windows-Security-Auditing","level":"Information","record_id":101363,"scenario":"Normal Explicit Credential Use","attack_phase":"None","mitre_technique":"None","severity":"low","is_suspicious":false,"subject_user":"tnguyen","subject_domain":"CORP","target_user":"svc_sql","target_domain":"CORP","src_ip":"10.10.10.199","dest_host":"WIN-SRV-01","process_name":"C:\\Windows\\System32\\mmc.exe","process_id":"0x1a2c","message":"A logon was attempted using explicit credentials."}
