{"timestamp":"2026-09-07T03:48:00Z","host":"WIN-SRV-02","source":"WinEventLog:Security","sourcetype":"WinEventLog:Security","index":"windows","EventCode":4672,"event_id":4672,"log_name":"Security","computer":"WIN-SRV-02.corp.local","provider_name":"Microsoft-Windows-Security-Auditing","level":"Information","record_id":101434,"scenario":"Normal Privileged Logon","attack_phase":"None","mitre_technique":"None","severity":"low","is_suspicious":false,"subject_user":"j.admin","subject_domain":"CORP","src_ip":"10.10.10.97","dest_host":"WIN-SRV-02","privileges":"SeSecurityPrivilege, SeBackupPrivilege, SeRestorePrivilege","message":"Special privileges assigned to new logon."}
{"timestamp":"2026-09-07T03:57:43Z","host":"WIN-SRV-02","source":"WinEventLog:Security","sourcetype":"WinEventLog:Security","index":"windows","EventCode":4672,"event_id":4672,"log_name":"Security","computer":"WIN-SRV-02.corp.local","provider_name":"Microsoft-Windows-Security-Auditing","level":"Information","record_id":101435,"scenario":"Normal Privileged Logon","attack_phase":"None","mitre_technique":"None","severity":"low","is_suspicious":false,"subject_user":"j.admin","subject_domain":"CORP","src_ip":"10.10.10.139","dest_host":"WIN-SRV-02","privileges":"SeSecurityPrivilege, SeBackupPrivilege, SeRestorePrivilege","message":"Special privileges assigned to new logon."}
{"timestamp":"2026-09-07T04:05:26Z","host":"WIN-DC-02","source":"WinEventLog:Security","sourcetype":"WinEventLog:Security","index":"windows","EventCode":4672,"event_id":4672,"log_name":"Security","computer":"WIN-DC-02.corp.local","provider_name":"Microsoft-Windows-Security-Auditing","level":"Information","record_id":101436,"scenario":"Normal Privileged Logon","attack_phase":"None","mitre_technique":"None","severity":"low","is_suspicious":false,"subject_user":"administrator","subject_domain":"CORP","src_ip":"10.10.10.2","dest_host":"WIN-DC-02","privileges":"SeSecurityPrivilege, SeBackupPrivilege, SeRestorePrivilege","message":"Special privileges assigned to new logon."}
{"timestamp":"2026-09-07T04:19:48Z","host":"WIN-DC-02","source":"WinEventLog:Security","sourcetype":"WinEventLog:Security","index":"windows","EventCode":4672,"event_id":4672,"log_name":"Security","computer":"WIN-DC-02.corp.local","provider_name":"Microsoft-Windows-Security-Auditing","level":"Information","record_id":101437,"scenario":"Normal Privileged Logon","attack_phase":"None","mitre_technique":"None","severity":"low","is_suspicious":false,"subject_user":"svc_sql","subject_domain":"CORP","src_ip":"10.10.10.76","dest_host":"WIN-DC-02","privileges":"SeSecurityPrivilege, SeBackupPrivilege, SeRestorePrivilege","message":"Special privileges assigned to new logon."}
{"timestamp":"2026-09-07T04:31:26Z","host":"WIN-SRV-02","source":"WinEventLog:Security","sourcetype":"WinEventLog:Security","index":"windows","EventCode":4672,"event_id":4672,"log_name":"Security","computer":"WIN-SRV-02.corp.local","provider_name":"Microsoft-Windows-Security-Auditing","level":"Information","record_id":101438,"scenario":"Normal Privileged Logon","attack_phase":"None","mitre_technique":"None","severity":"low","is_suspicious":false,"subject_user":"administrator","subject_domain":"CORP","src_ip":"10.10.10.17","dest_host":"WIN-SRV-02","privileges":"SeSecurityPrivilege, SeBackupPrivilege, SeRestorePrivilege","message":"Special privileges assigned to new logon."}
{"timestamp":"2026-09-07T04:40:09Z","host":"WIN-DC-01","source":"WinEventLog:Security","sourcetype":"WinEventLog:Security","index":"windows","EventCode":4672,"event_id":4672,"log_name":"Security","computer":"WIN-DC-01.corp.local","provider_name":"Microsoft-Windows-Security-Auditing","level":"Information","record_id":101439,"scenario":"Normal Privileged Logon","attack_phase":"None","mitre_technique":"None","severity":"low","is_suspicious":false,"subject_user":"svc_sql","subject_domain":"CORP","src_ip":"10.10.10.66","dest_host":"WIN-DC-01","privileges":"SeSecurityPrivilege, SeBackupPrivilege, SeRestorePrivilege","message":"Special privileges assigned to new logon."}
{"timestamp":"2026-09-07T04:54:58Z","host":"WIN-DC-02","source":"WinEventLog:Security","sourcetype":"WinEventLog:Security","index":"windows","EventCode":4672,"event_id":4672,"log_name":"Security","computer":"WIN-DC-02.corp.local","provider_name":"Microsoft-Windows-Security-Auditing","level":"Information","record_id":101440,"scenario":"Normal Privileged Logon","attack_phase":"None","mitre_technique":"None","severity":"low","is_suspicious":false,"subject_user":"s.domadmin","subject_domain":"CORP","src_ip":"10.10.10.217","dest_host":"WIN-DC-02","privileges":"SeSecurityPrivilege, SeBackupPrivilege, SeRestorePrivilege","message":"Special privileges assigned to new logon."}
{"timestamp":"2026-09-07T05:06:15Z","host":"WIN-SRV-02","source":"WinEventLog:Security","sourcetype":"WinEventLog:Security","index":"windows","EventCode":4672,"event_id":4672,"log_name":"Security","computer":"WIN-SRV-02.corp.local","provider_name":"Microsoft-Windows-Security-Auditing","level":"Information","record_id":101441,"scenario":"Normal Privileged Logon","attack_phase":"None","mitre_technique":"None","severity":"low","is_suspicious":false,"subject_user":"svc_sql","subject_domain":"CORP","src_ip":"10.10.10.217","dest_host":"WIN-SRV-02","privileges":"SeSecurityPrivilege, SeBackupPrivilege, SeRestorePrivilege","message":"Special privileges assigned to new logon."}
{"timestamp":"2026-09-07T05:15:27Z","host":"WIN-DC-01","source":"WinEventLog:Security","sourcetype":"WinEventLog:Security","index":"windows","EventCode":4672,"event_id":4672,"log_name":"Security","computer":"WIN-DC-01.corp.local","provider_name":"Microsoft-Windows-Security-Auditing","level":"Information","record_id":101442,"scenario":"Normal Privileged Logon","attack_phase":"None","mitre_technique":"None","severity":"low","is_suspicious":false,"subject_user":"administrator","subject_domain":"CORP","src_ip":"10.10.10.43","dest_host":"WIN-DC-01","privileges":"SeSecurityPrivilege, SeBackupPrivilege, SeRestorePrivilege","message":"Special privileges assigned to new logon."}
{"timestamp":"2026-09-07T05:28:33Z","host":"WIN-SRV-01","source":"WinEventLog:Security","sourcetype":"WinEventLog:Security","index":"windows","EventCode":4672,"event_id":4672,"log_name":"Security","computer":"WIN-SRV-01.corp.local","provider_name":"Microsoft-Windows-Security-Auditing","level":"Information","record_id":101443,"scenario":"Normal Privileged Logon","attack_phase":"None","mitre_technique":"None","severity":"low","is_suspicious":false,"subject_user":"s.domadmin","subject_domain":"CORP","src_ip":"10.10.10.24","dest_host":"WIN-SRV-01","privileges":"SeSecurityPrivilege, SeBackupPrivilege, SeRestorePrivilege","message":"Special privileges assigned to new logon."}
{"timestamp":"2026-09-07T05:35:47Z","host":"WIN-SRV-01","source":"WinEventLog:Security","sourcetype":"WinEventLog:Security","index":"windows","EventCode":4672,"event_id":4672,"log_name":"Security","computer":"WIN-SRV-01.corp.local","provider_name":"Microsoft-Windows-Security-Auditing","level":"Information","record_id":101444,"scenario":"Normal Privileged Logon","attack_phase":"None","mitre_technique":"None","severity":"low","is_suspicious":false,"subject_user":"j.admin","subject_domain":"CORP","src_ip":"10.10.10.187","dest_host":"WIN-SRV-01","privileges":"SeSecurityPrivilege, SeBackupPrivilege, SeRestorePrivilege","message":"Special privileges assigned to new logon."}
{"timestamp":"2026-09-07T05:45:46Z","host":"WIN-DC-01","source":"WinEventLog:Security","sourcetype":"WinEventLog:Security","index":"windows","EventCode":4672,"event_id":4672,"log_name":"Security","computer":"WIN-DC-01.corp.local","provider_name":"Microsoft-Windows-Security-Auditing","level":"Information","record_id":101445,"scenario":"Normal Privileged Logon","attack_phase":"None","mitre_technique":"None","severity":"low","is_suspicious":false,"subject_user":"svc_backup","subject_domain":"CORP","src_ip":"10.10.10.55","dest_host":"WIN-DC-01","privileges":"SeSecurityPrivilege, SeBackupPrivilege, SeRestorePrivilege","message":"Special privileges assigned to new logon."}
{"timestamp":"2026-09-07T05:56:41Z","host":"WIN-DC-01","source":"WinEventLog:Security","sourcetype":"WinEventLog:Security","index":"windows","EventCode":4672,"event_id":4672,"log_name":"Security","computer":"WIN-DC-01.corp.local","provider_name":"Microsoft-Windows-Security-Auditing","level":"Information","record_id":101446,"scenario":"Normal Privileged Logon","attack_phase":"None","mitre_technique":"None","severity":"low","is_suspicious":false,"subject_user":"svc_web","subject_domain":"CORP","src_ip":"10.10.10.244","dest_host":"WIN-DC-01","privileges":"SeSecurityPrivilege, SeBackupPrivilege, SeRestorePrivilege","message":"Special privileges assigned to new logon."}
{"timestamp":"2026-09-07T06:03:01Z","host":"WIN-DC-01","source":"WinEventLog:Security","sourcetype":"WinEventLog:Security","index":"windows","EventCode":4672,"event_id":4672,"log_name":"Security","computer":"WIN-DC-01.corp.local","provider_name":"Microsoft-Windows-Security-Auditing","level":"Information","record_id":101447,"scenario":"Normal Privileged Logon","attack_phase":"None","mitre_technique":"None","severity":"low","is_suspicious":false,"subject_user":"svc_web","subject_domain":"CORP","src_ip":"10.10.10.117","dest_host":"WIN-DC-01","privileges":"SeSecurityPrivilege, SeBackupPrivilege, SeRestorePrivilege","message":"Special privileges assigned to new logon."}
{"timestamp":"2026-09-07T06:08:10Z","host":"WIN-SRV-02","source":"WinEventLog:Security","sourcetype":"WinEventLog:Security","index":"windows","EventCode":4672,"event_id":4672,"log_name":"Security","computer":"WIN-SRV-02.corp.local","provider_name":"Microsoft-Windows-Security-Auditing","level":"Information","record_id":101448,"scenario":"Normal Privileged Logon","attack_phase":"None","mitre_technique":"None","severity":"low","is_suspicious":false,"subject_user":"svc_web","subject_domain":"CORP","src_ip":"10.10.10.84","dest_host":"WIN-SRV-02","privileges":"SeSecurityPrivilege, SeBackupPrivilege, SeRestorePrivilege","message":"Special privileges assigned to new logon."}
{"timestamp":"2026-09-07T06:14:29Z","host":"WIN-SRV-02","source":"WinEventLog:Security","sourcetype":"WinEventLog:Security","index":"windows","EventCode":4672,"event_id":4672,"log_name":"Security","computer":"WIN-SRV-02.corp.local","provider_name":"Microsoft-Windows-Security-Auditing","level":"Information","record_id":101449,"scenario":"Normal Privileged Logon","attack_phase":"None","mitre_technique":"None","severity":"low","is_suspicious":false,"subject_user":"svc_backup","subject_domain":"CORP","src_ip":"10.10.10.247","dest_host":"WIN-SRV-02","privileges":"SeSecurityPrivilege, SeBackupPrivilege, SeRestorePrivilege","message":"Special privileges assigned to new logon."}
{"timestamp":"2026-09-07T06:25:12Z","host":"WIN-DC-01","source":"WinEventLog:Security","sourcetype":"WinEventLog:Security","index":"windows","EventCode":4672,"event_id":4672,"log_name":"Security","computer":"WIN-DC-01.corp.local","provider_name":"Microsoft-Windows-Security-Auditing","level":"Information","record_id":101450,"scenario":"Normal Privileged Logon","attack_phase":"None","mitre_technique":"None","severity":"low","is_suspicious":false,"subject_user":"administrator","subject_domain":"CORP","src_ip":"10.10.10.235","dest_host":"WIN-DC-01","privileges":"SeSecurityPrivilege, SeBackupPrivilege, SeRestorePrivilege","message":"Special privileges assigned to new logon."}
{"timestamp":"2026-09-07T06:37:30Z","host":"WIN-SRV-02","source":"WinEventLog:Security","sourcetype":"WinEventLog:Security","index":"windows","EventCode":4672,"event_id":4672,"log_name":"Security","computer":"WIN-SRV-02.corp.local","provider_name":"Microsoft-Windows-Security-Auditing","level":"Information","record_id":101451,"scenario":"Normal Privileged Logon","attack_phase":"None","mitre_technique":"None","severity":"low","is_suspicious":false,"subject_user":"svc_web","subject_domain":"CORP","src_ip":"10.10.10.238","dest_host":"WIN-SRV-02","privileges":"SeSecurityPrivilege, SeBackupPrivilege, SeRestorePrivilege","message":"Special privileges assigned to new logon."}
{"timestamp":"2026-09-07T06:38:02Z","host":"WIN-DC-02","source":"WinEventLog:Security","sourcetype":"WinEventLog:Security","index":"windows","EventCode":4672,"event_id":4672,"log_name":"Security","computer":"WIN-DC-02.corp.local","provider_name":"Microsoft-Windows-Security-Auditing","level":"Information","record_id":101452,"scenario":"Normal Privileged Logon","attack_phase":"None","mitre_technique":"None","severity":"low","is_suspicious":false,"subject_user":"administrator","subject_domain":"CORP","src_ip":"10.10.10.232","dest_host":"WIN-DC-02","privileges":"SeSecurityPrivilege, SeBackupPrivilege, SeRestorePrivilege","message":"Special privileges assigned to new logon."}
{"timestamp":"2026-09-07T06:38:41Z","host":"WIN-SRV-02","source":"WinEventLog:Security","sourcetype":"WinEventLog:Security","index":"windows","EventCode":4672,"event_id":4672,"log_name":"Security","computer":"WIN-SRV-02.corp.local","provider_name":"Microsoft-Windows-Security-Auditing","level":"Information","record_id":101453,"scenario":"Normal Privileged Logon","attack_phase":"None","mitre_technique":"None","severity":"low","is_suspicious":false,"subject_user":"svc_backup","subject_domain":"CORP","src_ip":"10.10.10.144","dest_host":"WIN-SRV-02","privileges":"SeSecurityPrivilege, SeBackupPrivilege, SeRestorePrivilege","message":"Special privileges assigned to new logon."}
{"timestamp":"2026-09-07T06:51:04Z","host":"WIN-DC-02","source":"WinEventLog:Security","sourcetype":"WinEventLog:Security","index":"windows","EventCode":4672,"event_id":4672,"log_name":"Security","computer":"WIN-DC-02.corp.local","provider_name":"Microsoft-Windows-Security-Auditing","level":"Information","record_id":101454,"scenario":"Normal Privileged Logon","attack_phase":"None","mitre_technique":"None","severity":"low","is_suspicious":false,"subject_user":"svc_backup","subject_domain":"CORP","src_ip":"10.10.10.139","dest_host":"WIN-DC-02","privileges":"SeSecurityPrivilege, SeBackupPrivilege, SeRestorePrivilege","message":"Special privileges assigned to new logon."}
{"timestamp":"2026-09-07T06:52:57Z","host":"WIN-SRV-01","source":"WinEventLog:Security","sourcetype":"WinEventLog:Security","index":"windows","EventCode":4672,"event_id":4672,"log_name":"Security","computer":"WIN-SRV-01.corp.local","provider_name":"Microsoft-Windows-Security-Auditing","level":"Information","record_id":101455,"scenario":"Normal Privileged Logon","attack_phase":"None","mitre_technique":"None","severity":"low","is_suspicious":false,"subject_user":"svc_sql","subject_domain":"CORP","src_ip":"10.10.10.9","dest_host":"WIN-SRV-01","privileges":"SeSecurityPrivilege, SeBackupPrivilege, SeRestorePrivilege","message":"Special privileges assigned to new logon."}
{"timestamp":"2026-09-07T07:07:39Z","host":"WIN-DC-02","source":"WinEventLog:Security","sourcetype":"WinEventLog:Security","index":"windows","EventCode":4672,"event_id":4672,"log_name":"Security","computer":"WIN-DC-02.corp.local","provider_name":"Microsoft-Windows-Security-Auditing","level":"Information","record_id":101456,"scenario":"Normal Privileged Logon","attack_phase":"None","mitre_technique":"None","severity":"low","is_suspicious":false,"subject_user":"svc_web","subject_domain":"CORP","src_ip":"10.10.10.33","dest_host":"WIN-DC-02","privileges":"SeSecurityPrivilege, SeBackupPrivilege, SeRestorePrivilege","message":"Special privileges assigned to new logon."}
{"timestamp":"2026-09-07T07:14:10Z","host":"WIN-DC-02","source":"WinEventLog:Security","sourcetype":"WinEventLog:Security","index":"windows","EventCode":4672,"event_id":4672,"log_name":"Security","computer":"WIN-DC-02.corp.local","provider_name":"Microsoft-Windows-Security-Auditing","level":"Information","record_id":101457,"scenario":"Normal Privileged Logon","attack_phase":"None","mitre_technique":"None","severity":"low","is_suspicious":false,"subject_user":"svc_sql","subject_domain":"CORP","src_ip":"10.10.10.93","dest_host":"WIN-DC-02","privileges":"SeSecurityPrivilege, SeBackupPrivilege, SeRestorePrivilege","message":"Special privileges assigned to new logon."}
{"timestamp":"2026-09-07T07:21:16Z","host":"WIN-SRV-02","source":"WinEventLog:Security","sourcetype":"WinEventLog:Security","index":"windows","EventCode":4672,"event_id":4672,"log_name":"Security","computer":"WIN-SRV-02.corp.local","provider_name":"Microsoft-Windows-Security-Auditing","level":"Information","record_id":101458,"scenario":"Normal Privileged Logon","attack_phase":"None","mitre_technique":"None","severity":"low","is_suspicious":false,"subject_user":"svc_web","subject_domain":"CORP","src_ip":"10.10.10.4","dest_host":"WIN-SRV-02","privileges":"SeSecurityPrivilege, SeBackupPrivilege, SeRestorePrivilege","message":"Special privileges assigned to new logon."}
{"timestamp":"2026-09-07T07:23:53Z","host":"WIN-DC-02","source":"WinEventLog:Security","sourcetype":"WinEventLog:Security","index":"windows","EventCode":4672,"event_id":4672,"log_name":"Security","computer":"WIN-DC-02.corp.local","provider_name":"Microsoft-Windows-Security-Auditing","level":"Information","record_id":101459,"scenario":"Normal Privileged Logon","attack_phase":"None","mitre_technique":"None","severity":"low","is_suspicious":false,"subject_user":"s.domadmin","subject_domain":"CORP","src_ip":"10.10.10.241","dest_host":"WIN-DC-02","privileges":"SeSecurityPrivilege, SeBackupPrivilege, SeRestorePrivilege","message":"Special privileges assigned to new logon."}
{"timestamp":"2026-09-07T07:27:40Z","host":"WIN-DC-02","source":"WinEventLog:Security","sourcetype":"WinEventLog:Security","index":"windows","EventCode":4672,"event_id":4672,"log_name":"Security","computer":"WIN-DC-02.corp.local","provider_name":"Microsoft-Windows-Security-Auditing","level":"Information","record_id":101460,"scenario":"Normal Privileged Logon","attack_phase":"None","mitre_technique":"None","severity":"low","is_suspicious":false,"subject_user":"administrator","subject_domain":"CORP","src_ip":"10.10.10.58","dest_host":"WIN-DC-02","privileges":"SeSecurityPrivilege, SeBackupPrivilege, SeRestorePrivilege","message":"Special privileges assigned to new logon."}
{"timestamp":"2026-09-07T07:40:50Z","host":"WIN-SRV-01","source":"WinEventLog:Security","sourcetype":"WinEventLog:Security","index":"windows","EventCode":4672,"event_id":4672,"log_name":"Security","computer":"WIN-SRV-01.corp.local","provider_name":"Microsoft-Windows-Security-Auditing","level":"Information","record_id":101461,"scenario":"Normal Privileged Logon","attack_phase":"None","mitre_technique":"None","severity":"low","is_suspicious":false,"subject_user":"s.domadmin","subject_domain":"CORP","src_ip":"10.10.10.176","dest_host":"WIN-SRV-01","privileges":"SeSecurityPrivilege, SeBackupPrivilege, SeRestorePrivilege","message":"Special privileges assigned to new logon."}
{"timestamp":"2026-09-07T07:53:26Z","host":"WIN-DC-01","source":"WinEventLog:Security","sourcetype":"WinEventLog:Security","index":"windows","EventCode":4672,"event_id":4672,"log_name":"Security","computer":"WIN-DC-01.corp.local","provider_name":"Microsoft-Windows-Security-Auditing","level":"Information","record_id":101462,"scenario":"Normal Privileged Logon","attack_phase":"None","mitre_technique":"None","severity":"low","is_suspicious":false,"subject_user":"j.admin","subject_domain":"CORP","src_ip":"10.10.10.25","dest_host":"WIN-DC-01","privileges":"SeSecurityPrivilege, SeBackupPrivilege, SeRestorePrivilege","message":"Special privileges assigned to new logon."}
{"timestamp":"2026-09-07T08:07:51Z","host":"WIN-DC-01","source":"WinEventLog:Security","sourcetype":"WinEventLog:Security","index":"windows","EventCode":4672,"event_id":4672,"log_name":"Security","computer":"WIN-DC-01.corp.local","provider_name":"Microsoft-Windows-Security-Auditing","level":"Information","record_id":101463,"scenario":"Normal Privileged Logon","attack_phase":"None","mitre_technique":"None","severity":"low","is_suspicious":false,"subject_user":"svc_web","subject_domain":"CORP","src_ip":"10.10.10.58","dest_host":"WIN-DC-01","privileges":"SeSecurityPrivilege, SeBackupPrivilege, SeRestorePrivilege","message":"Special privileges assigned to new logon."}
{"timestamp":"2026-09-07T08:12:20Z","host":"WIN-DC-02","source":"WinEventLog:Security","sourcetype":"WinEventLog:Security","index":"windows","EventCode":4672,"event_id":4672,"log_name":"Security","computer":"WIN-DC-02.corp.local","provider_name":"Microsoft-Windows-Security-Auditing","level":"Information","record_id":101464,"scenario":"Normal Privileged Logon","attack_phase":"None","mitre_technique":"None","severity":"low","is_suspicious":false,"subject_user":"s.domadmin","subject_domain":"CORP","src_ip":"10.10.10.11","dest_host":"WIN-DC-02","privileges":"SeSecurityPrivilege, SeBackupPrivilege, SeRestorePrivilege","message":"Special privileges assigned to new logon."}
{"timestamp":"2026-09-07T08:17:37Z","host":"WIN-DC-02","source":"WinEventLog:Security","sourcetype":"WinEventLog:Security","index":"windows","EventCode":4672,"event_id":4672,"log_name":"Security","computer":"WIN-DC-02.corp.local","provider_name":"Microsoft-Windows-Security-Auditing","level":"Information","record_id":101465,"scenario":"Normal Privileged Logon","attack_phase":"None","mitre_technique":"None","severity":"low","is_suspicious":false,"subject_user":"svc_web","subject_domain":"CORP","src_ip":"10.10.10.182","dest_host":"WIN-DC-02","privileges":"SeSecurityPrivilege, SeBackupPrivilege, SeRestorePrivilege","message":"Special privileges assigned to new logon."}
{"timestamp":"2026-09-07T08:28:27Z","host":"WIN-SRV-02","source":"WinEventLog:Security","sourcetype":"WinEventLog:Security","index":"windows","EventCode":4672,"event_id":4672,"log_name":"Security","computer":"WIN-SRV-02.corp.local","provider_name":"Microsoft-Windows-Security-Auditing","level":"Information","record_id":101466,"scenario":"Normal Privileged Logon","attack_phase":"None","mitre_technique":"None","severity":"low","is_suspicious":false,"subject_user":"administrator","subject_domain":"CORP","src_ip":"10.10.10.52","dest_host":"WIN-SRV-02","privileges":"SeSecurityPrivilege, SeBackupPrivilege, SeRestorePrivilege","message":"Special privileges assigned to new logon."}
{"timestamp":"2026-09-07T08:42:57Z","host":"WIN-DC-02","source":"WinEventLog:Security","sourcetype":"WinEventLog:Security","index":"windows","EventCode":4672,"event_id":4672,"log_name":"Security","computer":"WIN-DC-02.corp.local","provider_name":"Microsoft-Windows-Security-Auditing","level":"Information","record_id":101467,"scenario":"Normal Privileged Logon","attack_phase":"None","mitre_technique":"None","severity":"low","is_suspicious":false,"subject_user":"administrator","subject_domain":"CORP","src_ip":"10.10.10.224","dest_host":"WIN-DC-02","privileges":"SeSecurityPrivilege, SeBackupPrivilege, SeRestorePrivilege","message":"Special privileges assigned to new logon."}
{"timestamp":"2026-09-07T08:48:11Z","host":"WIN-DC-02","source":"WinEventLog:Security","sourcetype":"WinEventLog:Security","index":"windows","EventCode":4672,"event_id":4672,"log_name":"Security","computer":"WIN-DC-02.corp.local","provider_name":"Microsoft-Windows-Security-Auditing","level":"Information","record_id":101468,"scenario":"Normal Privileged Logon","attack_phase":"None","mitre_technique":"None","severity":"low","is_suspicious":false,"subject_user":"j.admin","subject_domain":"CORP","src_ip":"10.10.10.143","dest_host":"WIN-DC-02","privileges":"SeSecurityPrivilege, SeBackupPrivilege, SeRestorePrivilege","message":"Special privileges assigned to new logon."}
{"timestamp":"2026-09-07T08:51:59Z","host":"WIN-SRV-02","source":"WinEventLog:Security","sourcetype":"WinEventLog:Security","index":"windows","EventCode":4672,"event_id":4672,"log_name":"Security","computer":"WIN-SRV-02.corp.local","provider_name":"Microsoft-Windows-Security-Auditing","level":"Information","record_id":101469,"scenario":"Normal Privileged Logon","attack_phase":"None","mitre_technique":"None","severity":"low","is_suspicious":false,"subject_user":"administrator","subject_domain":"CORP","src_ip":"10.10.10.152","dest_host":"WIN-SRV-02","privileges":"SeSecurityPrivilege, SeBackupPrivilege, SeRestorePrivilege","message":"Special privileges assigned to new logon."}
{"timestamp":"2026-09-07T08:54:40Z","host":"WIN-SRV-01","source":"WinEventLog:Security","sourcetype":"WinEventLog:Security","index":"windows","EventCode":4672,"event_id":4672,"log_name":"Security","computer":"WIN-SRV-01.corp.local","provider_name":"Microsoft-Windows-Security-Auditing","level":"Information","record_id":101470,"scenario":"Normal Privileged Logon","attack_phase":"None","mitre_technique":"None","severity":"low","is_suspicious":false,"subject_user":"j.admin","subject_domain":"CORP","src_ip":"10.10.10.68","dest_host":"WIN-SRV-01","privileges":"SeSecurityPrivilege, SeBackupPrivilege, SeRestorePrivilege","message":"Special privileges assigned to new logon."}
{"timestamp":"2026-09-07T09:04:53Z","host":"WIN-SRV-02","source":"WinEventLog:Security","sourcetype":"WinEventLog:Security","index":"windows","EventCode":4672,"event_id":4672,"log_name":"Security","computer":"WIN-SRV-02.corp.local","provider_name":"Microsoft-Windows-Security-Auditing","level":"Information","record_id":101471,"scenario":"Normal Privileged Logon","attack_phase":"None","mitre_technique":"None","severity":"low","is_suspicious":false,"subject_user":"svc_sql","subject_domain":"CORP","src_ip":"10.10.10.188","dest_host":"WIN-SRV-02","privileges":"SeSecurityPrivilege, SeBackupPrivilege, SeRestorePrivilege","message":"Special privileges assigned to new logon."}
{"timestamp":"2026-09-07T09:18:44Z","host":"WIN-DC-01","source":"WinEventLog:Security","sourcetype":"WinEventLog:Security","index":"windows","EventCode":4672,"event_id":4672,"log_name":"Security","computer":"WIN-DC-01.corp.local","provider_name":"Microsoft-Windows-Security-Auditing","level":"Information","record_id":101472,"scenario":"Normal Privileged Logon","attack_phase":"None","mitre_technique":"None","severity":"low","is_suspicious":false,"subject_user":"j.admin","subject_domain":"CORP","src_ip":"10.10.10.219","dest_host":"WIN-DC-01","privileges":"SeSecurityPrivilege, SeBackupPrivilege, SeRestorePrivilege","message":"Special privileges assigned to new logon."}
{"timestamp":"2026-09-07T09:30:48Z","host":"WIN-SRV-01","source":"WinEventLog:Security","sourcetype":"WinEventLog:Security","index":"windows","EventCode":4672,"event_id":4672,"log_name":"Security","computer":"WIN-SRV-01.corp.local","provider_name":"Microsoft-Windows-Security-Auditing","level":"Information","record_id":101473,"scenario":"Normal Privileged Logon","attack_phase":"None","mitre_technique":"None","severity":"low","is_suspicious":false,"subject_user":"svc_web","subject_domain":"CORP","src_ip":"10.10.10.175","dest_host":"WIN-SRV-01","privileges":"SeSecurityPrivilege, SeBackupPrivilege, SeRestorePrivilege","message":"Special privileges assigned to new logon."}
{"timestamp":"2026-09-07T09:40:23Z","host":"WIN-DC-01","source":"WinEventLog:Security","sourcetype":"WinEventLog:Security","index":"windows","EventCode":4672,"event_id":4672,"log_name":"Security","computer":"WIN-DC-01.corp.local","provider_name":"Microsoft-Windows-Security-Auditing","level":"Information","record_id":101474,"scenario":"Normal Privileged Logon","attack_phase":"None","mitre_technique":"None","severity":"low","is_suspicious":false,"subject_user":"svc_web","subject_domain":"CORP","src_ip":"10.10.10.145","dest_host":"WIN-DC-01","privileges":"SeSecurityPrivilege, SeBackupPrivilege, SeRestorePrivilege","message":"Special privileges assigned to new logon."}
{"timestamp":"2026-09-07T09:48:37Z","host":"WIN-SRV-01","source":"WinEventLog:Security","sourcetype":"WinEventLog:Security","index":"windows","EventCode":4672,"event_id":4672,"log_name":"Security","computer":"WIN-SRV-01.corp.local","provider_name":"Microsoft-Windows-Security-Auditing","level":"Information","record_id":101475,"scenario":"Normal Privileged Logon","attack_phase":"None","mitre_technique":"None","severity":"low","is_suspicious":false,"subject_user":"svc_backup","subject_domain":"CORP","src_ip":"10.10.10.166","dest_host":"WIN-SRV-01","privileges":"SeSecurityPrivilege, SeBackupPrivilege, SeRestorePrivilege","message":"Special privileges assigned to new logon."}
{"timestamp":"2026-09-07T10:00:36Z","host":"WIN-SRV-01","source":"WinEventLog:Security","sourcetype":"WinEventLog:Security","index":"windows","EventCode":4672,"event_id":4672,"log_name":"Security","computer":"WIN-SRV-01.corp.local","provider_name":"Microsoft-Windows-Security-Auditing","level":"Information","record_id":101476,"scenario":"Normal Privileged Logon","attack_phase":"None","mitre_technique":"None","severity":"low","is_suspicious":false,"subject_user":"s.domadmin","subject_domain":"CORP","src_ip":"10.10.10.112","dest_host":"WIN-SRV-01","privileges":"SeSecurityPrivilege, SeBackupPrivilege, SeRestorePrivilege","message":"Special privileges assigned to new logon."}
{"timestamp":"2026-09-07T10:15:30Z","host":"WIN-DC-02","source":"WinEventLog:Security","sourcetype":"WinEventLog:Security","index":"windows","EventCode":4672,"event_id":4672,"log_name":"Security","computer":"WIN-DC-02.corp.local","provider_name":"Microsoft-Windows-Security-Auditing","level":"Information","record_id":101477,"scenario":"Normal Privileged Logon","attack_phase":"None","mitre_technique":"None","severity":"low","is_suspicious":false,"subject_user":"s.domadmin","subject_domain":"CORP","src_ip":"10.10.10.33","dest_host":"WIN-DC-02","privileges":"SeSecurityPrivilege, SeBackupPrivilege, SeRestorePrivilege","message":"Special privileges assigned to new logon."}
{"timestamp":"2026-09-07T10:27:36Z","host":"WIN-DC-02","source":"WinEventLog:Security","sourcetype":"WinEventLog:Security","index":"windows","EventCode":4672,"event_id":4672,"log_name":"Security","computer":"WIN-DC-02.corp.local","provider_name":"Microsoft-Windows-Security-Auditing","level":"Information","record_id":101478,"scenario":"Normal Privileged Logon","attack_phase":"None","mitre_technique":"None","severity":"low","is_suspicious":false,"subject_user":"svc_backup","subject_domain":"CORP","src_ip":"10.10.10.94","dest_host":"WIN-DC-02","privileges":"SeSecurityPrivilege, SeBackupPrivilege, SeRestorePrivilege","message":"Special privileges assigned to new logon."}
{"timestamp":"2026-09-07T10:36:55Z","host":"WIN-SRV-01","source":"WinEventLog:Security","sourcetype":"WinEventLog:Security","index":"windows","EventCode":4672,"event_id":4672,"log_name":"Security","computer":"WIN-SRV-01.corp.local","provider_name":"Microsoft-Windows-Security-Auditing","level":"Information","record_id":101479,"scenario":"Normal Privileged Logon","attack_phase":"None","mitre_technique":"None","severity":"low","is_suspicious":false,"subject_user":"svc_web","subject_domain":"CORP","src_ip":"10.10.10.59","dest_host":"WIN-SRV-01","privileges":"SeSecurityPrivilege, SeBackupPrivilege, SeRestorePrivilege","message":"Special privileges assigned to new logon."}
{"timestamp":"2026-09-07T10:38:13Z","host":"WIN-DC-01","source":"WinEventLog:Security","sourcetype":"WinEventLog:Security","index":"windows","EventCode":4672,"event_id":4672,"log_name":"Security","computer":"WIN-DC-01.corp.local","provider_name":"Microsoft-Windows-Security-Auditing","level":"Information","record_id":101480,"scenario":"Normal Privileged Logon","attack_phase":"None","mitre_technique":"None","severity":"low","is_suspicious":false,"subject_user":"svc_backup","subject_domain":"CORP","src_ip":"10.10.10.138","dest_host":"WIN-DC-01","privileges":"SeSecurityPrivilege, SeBackupPrivilege, SeRestorePrivilege","message":"Special privileges assigned to new logon."}
{"timestamp":"2026-09-07T10:46:22Z","host":"WIN-DC-01","source":"WinEventLog:Security","sourcetype":"WinEventLog:Security","index":"windows","EventCode":4672,"event_id":4672,"log_name":"Security","computer":"WIN-DC-01.corp.local","provider_name":"Microsoft-Windows-Security-Auditing","level":"Information","record_id":101481,"scenario":"Normal Privileged Logon","attack_phase":"None","mitre_technique":"None","severity":"low","is_suspicious":false,"subject_user":"administrator","subject_domain":"CORP","src_ip":"10.10.10.102","dest_host":"WIN-DC-01","privileges":"SeSecurityPrivilege, SeBackupPrivilege, SeRestorePrivilege","message":"Special privileges assigned to new logon."}
{"timestamp":"2026-09-07T10:50:11Z","host":"WIN-DC-01","source":"WinEventLog:Security","sourcetype":"WinEventLog:Security","index":"windows","EventCode":4672,"event_id":4672,"log_name":"Security","computer":"WIN-DC-01.corp.local","provider_name":"Microsoft-Windows-Security-Auditing","level":"Information","record_id":101482,"scenario":"Normal Privileged Logon","attack_phase":"None","mitre_technique":"None","severity":"low","is_suspicious":false,"subject_user":"administrator","subject_domain":"CORP","src_ip":"10.10.10.227","dest_host":"WIN-DC-01","privileges":"SeSecurityPrivilege, SeBackupPrivilege, SeRestorePrivilege","message":"Special privileges assigned to new logon."}
{"timestamp":"2026-09-07T11:00:26Z","host":"WIN-SRV-01","source":"WinEventLog:Security","sourcetype":"WinEventLog:Security","index":"windows","EventCode":4672,"event_id":4672,"log_name":"Security","computer":"WIN-SRV-01.corp.local","provider_name":"Microsoft-Windows-Security-Auditing","level":"Information","record_id":101483,"scenario":"Normal Privileged Logon","attack_phase":"None","mitre_technique":"None","severity":"low","is_suspicious":false,"subject_user":"svc_web","subject_domain":"CORP","src_ip":"10.10.10.59","dest_host":"WIN-SRV-01","privileges":"SeSecurityPrivilege, SeBackupPrivilege, SeRestorePrivilege","message":"Special privileges assigned to new logon."}
{"timestamp":"2026-09-07T11:12:42Z","host":"WIN-DC-02","source":"WinEventLog:Security","sourcetype":"WinEventLog:Security","index":"windows","EventCode":4672,"event_id":4672,"log_name":"Security","computer":"WIN-DC-02.corp.local","provider_name":"Microsoft-Windows-Security-Auditing","level":"Information","record_id":101484,"scenario":"Normal Privileged Logon","attack_phase":"None","mitre_technique":"None","severity":"low","is_suspicious":false,"subject_user":"administrator","subject_domain":"CORP","src_ip":"10.10.10.236","dest_host":"WIN-DC-02","privileges":"SeSecurityPrivilege, SeBackupPrivilege, SeRestorePrivilege","message":"Special privileges assigned to new logon."}
{"timestamp":"2026-09-07T11:17:27Z","host":"WIN-SRV-02","source":"WinEventLog:Security","sourcetype":"WinEventLog:Security","index":"windows","EventCode":4672,"event_id":4672,"log_name":"Security","computer":"WIN-SRV-02.corp.local","provider_name":"Microsoft-Windows-Security-Auditing","level":"Information","record_id":101485,"scenario":"Normal Privileged Logon","attack_phase":"None","mitre_technique":"None","severity":"low","is_suspicious":false,"subject_user":"j.admin","subject_domain":"CORP","src_ip":"10.10.10.86","dest_host":"WIN-SRV-02","privileges":"SeSecurityPrivilege, SeBackupPrivilege, SeRestorePrivilege","message":"Special privileges assigned to new logon."}
{"timestamp":"2026-09-07T11:23:15Z","host":"WIN-SRV-01","source":"WinEventLog:Security","sourcetype":"WinEventLog:Security","index":"windows","EventCode":4672,"event_id":4672,"log_name":"Security","computer":"WIN-SRV-01.corp.local","provider_name":"Microsoft-Windows-Security-Auditing","level":"Information","record_id":101486,"scenario":"Normal Privileged Logon","attack_phase":"None","mitre_technique":"None","severity":"low","is_suspicious":false,"subject_user":"svc_web","subject_domain":"CORP","src_ip":"10.10.10.162","dest_host":"WIN-SRV-01","privileges":"SeSecurityPrivilege, SeBackupPrivilege, SeRestorePrivilege","message":"Special privileges assigned to new logon."}
{"timestamp":"2026-09-07T11:25:24Z","host":"WIN-SRV-01","source":"WinEventLog:Security","sourcetype":"WinEventLog:Security","index":"windows","EventCode":4672,"event_id":4672,"log_name":"Security","computer":"WIN-SRV-01.corp.local","provider_name":"Microsoft-Windows-Security-Auditing","level":"Information","record_id":101487,"scenario":"Normal Privileged Logon","attack_phase":"None","mitre_technique":"None","severity":"low","is_suspicious":false,"subject_user":"svc_backup","subject_domain":"CORP","src_ip":"10.10.10.112","dest_host":"WIN-SRV-01","privileges":"SeSecurityPrivilege, SeBackupPrivilege, SeRestorePrivilege","message":"Special privileges assigned to new logon."}
{"timestamp":"2026-09-07T11:39:41Z","host":"WIN-SRV-01","source":"WinEventLog:Security","sourcetype":"WinEventLog:Security","index":"windows","EventCode":4672,"event_id":4672,"log_name":"Security","computer":"WIN-SRV-01.corp.local","provider_name":"Microsoft-Windows-Security-Auditing","level":"Information","record_id":101488,"scenario":"Normal Privileged Logon","attack_phase":"None","mitre_technique":"None","severity":"low","is_suspicious":false,"subject_user":"svc_sql","subject_domain":"CORP","src_ip":"10.10.10.206","dest_host":"WIN-SRV-01","privileges":"SeSecurityPrivilege, SeBackupPrivilege, SeRestorePrivilege","message":"Special privileges assigned to new logon."}
{"timestamp":"2026-09-07T11:50:52Z","host":"WIN-DC-01","source":"WinEventLog:Security","sourcetype":"WinEventLog:Security","index":"windows","EventCode":4672,"event_id":4672,"log_name":"Security","computer":"WIN-DC-01.corp.local","provider_name":"Microsoft-Windows-Security-Auditing","level":"Information","record_id":101489,"scenario":"Normal Privileged Logon","attack_phase":"None","mitre_technique":"None","severity":"low","is_suspicious":false,"subject_user":"s.domadmin","subject_domain":"CORP","src_ip":"10.10.10.65","dest_host":"WIN-DC-01","privileges":"SeSecurityPrivilege, SeBackupPrivilege, SeRestorePrivilege","message":"Special privileges assigned to new logon."}
{"timestamp":"2026-09-07T11:53:12Z","host":"WIN-DC-02","source":"WinEventLog:Security","sourcetype":"WinEventLog:Security","index":"windows","EventCode":4672,"event_id":4672,"log_name":"Security","computer":"WIN-DC-02.corp.local","provider_name":"Microsoft-Windows-Security-Auditing","level":"Information","record_id":101490,"scenario":"Normal Privileged Logon","attack_phase":"None","mitre_technique":"None","severity":"low","is_suspicious":false,"subject_user":"j.admin","subject_domain":"CORP","src_ip":"10.10.10.247","dest_host":"WIN-DC-02","privileges":"SeSecurityPrivilege, SeBackupPrivilege, SeRestorePrivilege","message":"Special privileges assigned to new logon."}
{"timestamp":"2026-09-07T11:59:30Z","host":"WIN-SRV-01","source":"WinEventLog:Security","sourcetype":"WinEventLog:Security","index":"windows","EventCode":4672,"event_id":4672,"log_name":"Security","computer":"WIN-SRV-01.corp.local","provider_name":"Microsoft-Windows-Security-Auditing","level":"Information","record_id":101491,"scenario":"Normal Privileged Logon","attack_phase":"None","mitre_technique":"None","severity":"low","is_suspicious":false,"subject_user":"s.domadmin","subject_domain":"CORP","src_ip":"10.10.10.135","dest_host":"WIN-SRV-01","privileges":"SeSecurityPrivilege, SeBackupPrivilege, SeRestorePrivilege","message":"Special privileges assigned to new logon."}
{"timestamp":"2026-09-07T12:13:33Z","host":"WIN-SRV-02","source":"WinEventLog:Security","sourcetype":"WinEventLog:Security","index":"windows","EventCode":4672,"event_id":4672,"log_name":"Security","computer":"WIN-SRV-02.corp.local","provider_name":"Microsoft-Windows-Security-Auditing","level":"Information","record_id":101492,"scenario":"Normal Privileged Logon","attack_phase":"None","mitre_technique":"None","severity":"low","is_suspicious":false,"subject_user":"administrator","subject_domain":"CORP","src_ip":"10.10.10.200","dest_host":"WIN-SRV-02","privileges":"SeSecurityPrivilege, SeBackupPrivilege, SeRestorePrivilege","message":"Special privileges assigned to new logon."}
{"timestamp":"2026-09-07T12:24:17Z","host":"WIN-DC-02","source":"WinEventLog:Security","sourcetype":"WinEventLog:Security","index":"windows","EventCode":4672,"event_id":4672,"log_name":"Security","computer":"WIN-DC-02.corp.local","provider_name":"Microsoft-Windows-Security-Auditing","level":"Information","record_id":101493,"scenario":"Normal Privileged Logon","attack_phase":"None","mitre_technique":"None","severity":"low","is_suspicious":false,"subject_user":"administrator","subject_domain":"CORP","src_ip":"10.10.10.162","dest_host":"WIN-DC-02","privileges":"SeSecurityPrivilege, SeBackupPrivilege, SeRestorePrivilege","message":"Special privileges assigned to new logon."}
{"timestamp":"2026-09-07T12:32:24Z","host":"WIN-SRV-01","source":"WinEventLog:Security","sourcetype":"WinEventLog:Security","index":"windows","EventCode":4672,"event_id":4672,"log_name":"Security","computer":"WIN-SRV-01.corp.local","provider_name":"Microsoft-Windows-Security-Auditing","level":"Information","record_id":101494,"scenario":"Normal Privileged Logon","attack_phase":"None","mitre_technique":"None","severity":"low","is_suspicious":false,"subject_user":"administrator","subject_domain":"CORP","src_ip":"10.10.10.17","dest_host":"WIN-SRV-01","privileges":"SeSecurityPrivilege, SeBackupPrivilege, SeRestorePrivilege","message":"Special privileges assigned to new logon."}
{"timestamp":"2026-09-07T12:33:28Z","host":"WIN-DC-02","source":"WinEventLog:Security","sourcetype":"WinEventLog:Security","index":"windows","EventCode":4672,"event_id":4672,"log_name":"Security","computer":"WIN-DC-02.corp.local","provider_name":"Microsoft-Windows-Security-Auditing","level":"Information","record_id":101495,"scenario":"Normal Privileged Logon","attack_phase":"None","mitre_technique":"None","severity":"low","is_suspicious":false,"subject_user":"s.domadmin","subject_domain":"CORP","src_ip":"10.10.10.229","dest_host":"WIN-DC-02","privileges":"SeSecurityPrivilege, SeBackupPrivilege, SeRestorePrivilege","message":"Special privileges assigned to new logon."}
{"timestamp":"2026-09-07T12:48:26Z","host":"WIN-SRV-01","source":"WinEventLog:Security","sourcetype":"WinEventLog:Security","index":"windows","EventCode":4672,"event_id":4672,"log_name":"Security","computer":"WIN-SRV-01.corp.local","provider_name":"Microsoft-Windows-Security-Auditing","level":"Information","record_id":101496,"scenario":"Normal Privileged Logon","attack_phase":"None","mitre_technique":"None","severity":"low","is_suspicious":false,"subject_user":"j.admin","subject_domain":"CORP","src_ip":"10.10.10.17","dest_host":"WIN-SRV-01","privileges":"SeSecurityPrivilege, SeBackupPrivilege, SeRestorePrivilege","message":"Special privileges assigned to new logon."}
{"timestamp":"2026-09-07T13:02:37Z","host":"WIN-DC-02","source":"WinEventLog:Security","sourcetype":"WinEventLog:Security","index":"windows","EventCode":4672,"event_id":4672,"log_name":"Security","computer":"WIN-DC-02.corp.local","provider_name":"Microsoft-Windows-Security-Auditing","level":"Information","record_id":101497,"scenario":"Normal Privileged Logon","attack_phase":"None","mitre_technique":"None","severity":"low","is_suspicious":false,"subject_user":"administrator","subject_domain":"CORP","src_ip":"10.10.10.79","dest_host":"WIN-DC-02","privileges":"SeSecurityPrivilege, SeBackupPrivilege, SeRestorePrivilege","message":"Special privileges assigned to new logon."}
{"timestamp":"2026-09-07T13:13:32Z","host":"WIN-DC-02","source":"WinEventLog:Security","sourcetype":"WinEventLog:Security","index":"windows","EventCode":4672,"event_id":4672,"log_name":"Security","computer":"WIN-DC-02.corp.local","provider_name":"Microsoft-Windows-Security-Auditing","level":"Information","record_id":101498,"scenario":"Normal Privileged Logon","attack_phase":"None","mitre_technique":"None","severity":"low","is_suspicious":false,"subject_user":"administrator","subject_domain":"CORP","src_ip":"10.10.10.28","dest_host":"WIN-DC-02","privileges":"SeSecurityPrivilege, SeBackupPrivilege, SeRestorePrivilege","message":"Special privileges assigned to new logon."}
{"timestamp":"2026-09-07T13:25:35Z","host":"WIN-SRV-01","source":"WinEventLog:Security","sourcetype":"WinEventLog:Security","index":"windows","EventCode":4672,"event_id":4672,"log_name":"Security","computer":"WIN-SRV-01.corp.local","provider_name":"Microsoft-Windows-Security-Auditing","level":"Information","record_id":101499,"scenario":"Normal Privileged Logon","attack_phase":"None","mitre_technique":"None","severity":"low","is_suspicious":false,"subject_user":"svc_sql","subject_domain":"CORP","src_ip":"10.10.10.15","dest_host":"WIN-SRV-01","privileges":"SeSecurityPrivilege, SeBackupPrivilege, SeRestorePrivilege","message":"Special privileges assigned to new logon."}
{"timestamp":"2026-09-07T13:31:06Z","host":"WIN-DC-02","source":"WinEventLog:Security","sourcetype":"WinEventLog:Security","index":"windows","EventCode":4672,"event_id":4672,"log_name":"Security","computer":"WIN-DC-02.corp.local","provider_name":"Microsoft-Windows-Security-Auditing","level":"Information","record_id":101500,"scenario":"Normal Privileged Logon","attack_phase":"None","mitre_technique":"None","severity":"low","is_suspicious":false,"subject_user":"svc_backup","subject_domain":"CORP","src_ip":"10.10.10.26","dest_host":"WIN-DC-02","privileges":"SeSecurityPrivilege, SeBackupPrivilege, SeRestorePrivilege","message":"Special privileges assigned to new logon."}
{"timestamp":"2026-09-07T13:42:08Z","host":"WIN-DC-02","source":"WinEventLog:Security","sourcetype":"WinEventLog:Security","index":"windows","EventCode":4672,"event_id":4672,"log_name":"Security","computer":"WIN-DC-02.corp.local","provider_name":"Microsoft-Windows-Security-Auditing","level":"Information","record_id":101501,"scenario":"Normal Privileged Logon","attack_phase":"None","mitre_technique":"None","severity":"low","is_suspicious":false,"subject_user":"j.admin","subject_domain":"CORP","src_ip":"10.10.10.223","dest_host":"WIN-DC-02","privileges":"SeSecurityPrivilege, SeBackupPrivilege, SeRestorePrivilege","message":"Special privileges assigned to new logon."}
{"timestamp":"2026-09-07T13:52:51Z","host":"WIN-SRV-01","source":"WinEventLog:Security","sourcetype":"WinEventLog:Security","index":"windows","EventCode":4672,"event_id":4672,"log_name":"Security","computer":"WIN-SRV-01.corp.local","provider_name":"Microsoft-Windows-Security-Auditing","level":"Information","record_id":101502,"scenario":"Normal Privileged Logon","attack_phase":"None","mitre_technique":"None","severity":"low","is_suspicious":false,"subject_user":"svc_backup","subject_domain":"CORP","src_ip":"10.10.10.100","dest_host":"WIN-SRV-01","privileges":"SeSecurityPrivilege, SeBackupPrivilege, SeRestorePrivilege","message":"Special privileges assigned to new logon."}
{"timestamp":"2026-09-07T14:01:16Z","host":"WIN-DC-02","source":"WinEventLog:Security","sourcetype":"WinEventLog:Security","index":"windows","EventCode":4672,"event_id":4672,"log_name":"Security","computer":"WIN-DC-02.corp.local","provider_name":"Microsoft-Windows-Security-Auditing","level":"Information","record_id":101503,"scenario":"Normal Privileged Logon","attack_phase":"None","mitre_technique":"None","severity":"low","is_suspicious":false,"subject_user":"svc_sql","subject_domain":"CORP","src_ip":"10.10.10.160","dest_host":"WIN-DC-02","privileges":"SeSecurityPrivilege, SeBackupPrivilege, SeRestorePrivilege","message":"Special privileges assigned to new logon."}
{"timestamp":"2026-09-07T14:03:29Z","host":"WIN-DC-01","source":"WinEventLog:Security","sourcetype":"WinEventLog:Security","index":"windows","EventCode":4672,"event_id":4672,"log_name":"Security","computer":"WIN-DC-01.corp.local","provider_name":"Microsoft-Windows-Security-Auditing","level":"Information","record_id":101504,"scenario":"Normal Privileged Logon","attack_phase":"None","mitre_technique":"None","severity":"low","is_suspicious":false,"subject_user":"svc_web","subject_domain":"CORP","src_ip":"10.10.10.242","dest_host":"WIN-DC-01","privileges":"SeSecurityPrivilege, SeBackupPrivilege, SeRestorePrivilege","message":"Special privileges assigned to new logon."}
{"timestamp":"2026-09-07T14:15:30Z","host":"WIN-SRV-01","source":"WinEventLog:Security","sourcetype":"WinEventLog:Security","index":"windows","EventCode":4672,"event_id":4672,"log_name":"Security","computer":"WIN-SRV-01.corp.local","provider_name":"Microsoft-Windows-Security-Auditing","level":"Information","record_id":101505,"scenario":"Normal Privileged Logon","attack_phase":"None","mitre_technique":"None","severity":"low","is_suspicious":false,"subject_user":"svc_backup","subject_domain":"CORP","src_ip":"10.10.10.134","dest_host":"WIN-SRV-01","privileges":"SeSecurityPrivilege, SeBackupPrivilege, SeRestorePrivilege","message":"Special privileges assigned to new logon."}
{"timestamp":"2026-09-07T14:21:36Z","host":"WIN-SRV-02","source":"WinEventLog:Security","sourcetype":"WinEventLog:Security","index":"windows","EventCode":4672,"event_id":4672,"log_name":"Security","computer":"WIN-SRV-02.corp.local","provider_name":"Microsoft-Windows-Security-Auditing","level":"Information","record_id":101506,"scenario":"Normal Privileged Logon","attack_phase":"None","mitre_technique":"None","severity":"low","is_suspicious":false,"subject_user":"administrator","subject_domain":"CORP","src_ip":"10.10.10.28","dest_host":"WIN-SRV-02","privileges":"SeSecurityPrivilege, SeBackupPrivilege, SeRestorePrivilege","message":"Special privileges assigned to new logon."}
