{"timestamp":"2026-09-07T21:07:06Z","host":"WIN-DC-01","source":"WinEventLog:Security","sourcetype":"WinEventLog:Security","index":"windows","EventCode":4768,"event_id":4768,"log_name":"Security","computer":"WIN-DC-01.corp.local","provider_name":"Microsoft-Windows-Security-Auditing","level":"Information","record_id":101650,"scenario":"Normal Kerberos TGT Request","attack_phase":"None","mitre_technique":"None","severity":"low","is_suspicious":false,"target_user":"rpatel","target_domain":"CORP","src_ip":"10.10.10.61","dest_host":"WIN-DC-01","authentication_package":"Kerberos","certificate_issuer_name":"","pre_auth_type":"2","message":"A Kerberos authentication ticket (TGT) was requested."}
{"timestamp":"2026-09-07T21:07:21Z","host":"WIN-DC-01","source":"WinEventLog:Security","sourcetype":"WinEventLog:Security","index":"windows","EventCode":4768,"event_id":4768,"log_name":"Security","computer":"WIN-DC-01.corp.local","provider_name":"Microsoft-Windows-Security-Auditing","level":"Information","record_id":101651,"scenario":"Normal Kerberos TGT Request","attack_phase":"None","mitre_technique":"None","severity":"low","is_suspicious":false,"target_user":"cwalker","target_domain":"CORP","src_ip":"10.10.10.81","dest_host":"WIN-DC-01","authentication_package":"Kerberos","certificate_issuer_name":"","pre_auth_type":"2","message":"A Kerberos authentication ticket (TGT) was requested."}
{"timestamp":"2026-09-07T21:09:27Z","host":"WIN-DC-01","source":"WinEventLog:Security","sourcetype":"WinEventLog:Security","index":"windows","EventCode":4768,"event_id":4768,"log_name":"Security","computer":"WIN-DC-01.corp.local","provider_name":"Microsoft-Windows-Security-Auditing","level":"Information","record_id":101652,"scenario":"Normal Kerberos TGT Request","attack_phase":"None","mitre_technique":"None","severity":"low","is_suspicious":false,"target_user":"tnguyen","target_domain":"CORP","src_ip":"10.10.10.160","dest_host":"WIN-DC-01","authentication_package":"Kerberos","certificate_issuer_name":"","pre_auth_type":"2","message":"A Kerberos authentication ticket (TGT) was requested."}
{"timestamp":"2026-09-07T21:10:12Z","host":"WIN-DC-01","source":"WinEventLog:Security","sourcetype":"WinEventLog:Security","index":"windows","EventCode":4768,"event_id":4768,"log_name":"Security","computer":"WIN-DC-01.corp.local","provider_name":"Microsoft-Windows-Security-Auditing","level":"Information","record_id":101653,"scenario":"Normal Kerberos TGT Request","attack_phase":"None","mitre_technique":"None","severity":"low","is_suspicious":false,"target_user":"jsmith","target_domain":"CORP","src_ip":"10.10.10.97","dest_host":"WIN-DC-01","authentication_package":"Kerberos","certificate_issuer_name":"","pre_auth_type":"2","message":"A Kerberos authentication ticket (TGT) was requested."}
{"timestamp":"2026-09-07T21:14:32Z","host":"WIN-DC-01","source":"WinEventLog:Security","sourcetype":"WinEventLog:Security","index":"windows","EventCode":4768,"event_id":4768,"log_name":"Security","computer":"WIN-DC-01.corp.local","provider_name":"Microsoft-Windows-Security-Auditing","level":"Information","record_id":101654,"scenario":"Normal Kerberos TGT Request","attack_phase":"None","mitre_technique":"None","severity":"low","is_suspicious":false,"target_user":"lwilson","target_domain":"CORP","src_ip":"10.10.10.40","dest_host":"WIN-DC-01","authentication_package":"Kerberos","certificate_issuer_name":"","pre_auth_type":"2","message":"A Kerberos authentication ticket (TGT) was requested."}
{"timestamp":"2026-09-07T21:17:49Z","host":"WIN-DC-01","source":"WinEventLog:Security","sourcetype":"WinEventLog:Security","index":"windows","EventCode":4768,"event_id":4768,"log_name":"Security","computer":"WIN-DC-01.corp.local","provider_name":"Microsoft-Windows-Security-Auditing","level":"Information","record_id":101655,"scenario":"Normal Kerberos TGT Request","attack_phase":"None","mitre_technique":"None","severity":"low","is_suspicious":false,"target_user":"rpatel","target_domain":"CORP","src_ip":"10.10.10.62","dest_host":"WIN-DC-01","authentication_package":"Kerberos","certificate_issuer_name":"","pre_auth_type":"2","message":"A Kerberos authentication ticket (TGT) was requested."}
{"timestamp":"2026-09-07T21:21:41Z","host":"WIN-DC-01","source":"WinEventLog:Security","sourcetype":"WinEventLog:Security","index":"windows","EventCode":4768,"event_id":4768,"log_name":"Security","computer":"WIN-DC-01.corp.local","provider_name":"Microsoft-Windows-Security-Auditing","level":"Information","record_id":101656,"scenario":"Normal Kerberos TGT Request","attack_phase":"None","mitre_technique":"None","severity":"low","is_suspicious":false,"target_user":"kwright","target_domain":"CORP","src_ip":"10.10.10.73","dest_host":"WIN-DC-01","authentication_package":"Kerberos","certificate_issuer_name":"","pre_auth_type":"2","message":"A Kerberos authentication ticket (TGT) was requested."}
{"timestamp":"2026-09-07T21:24:28Z","host":"WIN-DC-02","source":"WinEventLog:Security","sourcetype":"WinEventLog:Security","index":"windows","EventCode":4768,"event_id":4768,"log_name":"Security","computer":"WIN-DC-02.corp.local","provider_name":"Microsoft-Windows-Security-Auditing","level":"Information","record_id":101657,"scenario":"Normal Kerberos TGT Request","attack_phase":"None","mitre_technique":"None","severity":"low","is_suspicious":false,"target_user":"jsmith","target_domain":"CORP","src_ip":"10.10.10.167","dest_host":"WIN-DC-02","authentication_package":"Kerberos","certificate_issuer_name":"","pre_auth_type":"2","message":"A Kerberos authentication ticket (TGT) was requested."}
{"timestamp":"2026-09-07T21:27:00Z","host":"WIN-DC-01","source":"WinEventLog:Security","sourcetype":"WinEventLog:Security","index":"windows","EventCode":4768,"event_id":4768,"log_name":"Security","computer":"WIN-DC-01.corp.local","provider_name":"Microsoft-Windows-Security-Auditing","level":"Information","record_id":101658,"scenario":"Normal Kerberos TGT Request","attack_phase":"None","mitre_technique":"None","severity":"low","is_suspicious":false,"target_user":"jsmith","target_domain":"CORP","src_ip":"10.10.10.218","dest_host":"WIN-DC-01","authentication_package":"Kerberos","certificate_issuer_name":"","pre_auth_type":"2","message":"A Kerberos authentication ticket (TGT) was requested."}
{"timestamp":"2026-09-07T21:29:54Z","host":"WIN-DC-01","source":"WinEventLog:Security","sourcetype":"WinEventLog:Security","index":"windows","EventCode":4768,"event_id":4768,"log_name":"Security","computer":"WIN-DC-01.corp.local","provider_name":"Microsoft-Windows-Security-Auditing","level":"Information","record_id":101659,"scenario":"Normal Kerberos TGT Request","attack_phase":"None","mitre_technique":"None","severity":"low","is_suspicious":false,"target_user":"kwright","target_domain":"CORP","src_ip":"10.10.10.54","dest_host":"WIN-DC-01","authentication_package":"Kerberos","certificate_issuer_name":"","pre_auth_type":"2","message":"A Kerberos authentication ticket (TGT) was requested."}
{"timestamp":"2026-09-07T21:34:35Z","host":"WIN-DC-01","source":"WinEventLog:Security","sourcetype":"WinEventLog:Security","index":"windows","EventCode":4768,"event_id":4768,"log_name":"Security","computer":"WIN-DC-01.corp.local","provider_name":"Microsoft-Windows-Security-Auditing","level":"Information","record_id":101660,"scenario":"Normal Kerberos TGT Request","attack_phase":"None","mitre_technique":"None","severity":"low","is_suspicious":false,"target_user":"jsmith","target_domain":"CORP","src_ip":"10.10.10.207","dest_host":"WIN-DC-01","authentication_package":"Kerberos","certificate_issuer_name":"","pre_auth_type":"2","message":"A Kerberos authentication ticket (TGT) was requested."}
{"timestamp":"2026-09-07T21:36:33Z","host":"WIN-DC-02","source":"WinEventLog:Security","sourcetype":"WinEventLog:Security","index":"windows","EventCode":4768,"event_id":4768,"log_name":"Security","computer":"WIN-DC-02.corp.local","provider_name":"Microsoft-Windows-Security-Auditing","level":"Information","record_id":101661,"scenario":"Normal Kerberos TGT Request","attack_phase":"None","mitre_technique":"None","severity":"low","is_suspicious":false,"target_user":"cwalker","target_domain":"CORP","src_ip":"10.10.10.135","dest_host":"WIN-DC-02","authentication_package":"Kerberos","certificate_issuer_name":"","pre_auth_type":"2","message":"A Kerberos authentication ticket (TGT) was requested."}
{"timestamp":"2026-09-07T21:39:22Z","host":"WIN-DC-02","source":"WinEventLog:Security","sourcetype":"WinEventLog:Security","index":"windows","EventCode":4768,"event_id":4768,"log_name":"Security","computer":"WIN-DC-02.corp.local","provider_name":"Microsoft-Windows-Security-Auditing","level":"Information","record_id":101662,"scenario":"Normal Kerberos TGT Request","attack_phase":"None","mitre_technique":"None","severity":"low","is_suspicious":false,"target_user":"mchen","target_domain":"CORP","src_ip":"10.10.10.163","dest_host":"WIN-DC-02","authentication_package":"Kerberos","certificate_issuer_name":"","pre_auth_type":"2","message":"A Kerberos authentication ticket (TGT) was requested."}
{"timestamp":"2026-09-07T21:39:30Z","host":"WIN-DC-02","source":"WinEventLog:Security","sourcetype":"WinEventLog:Security","index":"windows","EventCode":4768,"event_id":4768,"log_name":"Security","computer":"WIN-DC-02.corp.local","provider_name":"Microsoft-Windows-Security-Auditing","level":"Information","record_id":101663,"scenario":"Normal Kerberos TGT Request","attack_phase":"None","mitre_technique":"None","severity":"low","is_suspicious":false,"target_user":"agarcia","target_domain":"CORP","src_ip":"10.10.10.19","dest_host":"WIN-DC-02","authentication_package":"Kerberos","certificate_issuer_name":"","pre_auth_type":"2","message":"A Kerberos authentication ticket (TGT) was requested."}
{"timestamp":"2026-09-07T21:41:13Z","host":"WIN-DC-01","source":"WinEventLog:Security","sourcetype":"WinEventLog:Security","index":"windows","EventCode":4768,"event_id":4768,"log_name":"Security","computer":"WIN-DC-01.corp.local","provider_name":"Microsoft-Windows-Security-Auditing","level":"Information","record_id":101664,"scenario":"Normal Kerberos TGT Request","attack_phase":"None","mitre_technique":"None","severity":"low","is_suspicious":false,"target_user":"jsmith","target_domain":"CORP","src_ip":"10.10.10.242","dest_host":"WIN-DC-01","authentication_package":"Kerberos","certificate_issuer_name":"","pre_auth_type":"2","message":"A Kerberos authentication ticket (TGT) was requested."}
{"timestamp":"2026-09-07T21:43:02Z","host":"WIN-DC-01","source":"WinEventLog:Security","sourcetype":"WinEventLog:Security","index":"windows","EventCode":4768,"event_id":4768,"log_name":"Security","computer":"WIN-DC-01.corp.local","provider_name":"Microsoft-Windows-Security-Auditing","level":"Information","record_id":101665,"scenario":"Normal Kerberos TGT Request","attack_phase":"None","mitre_technique":"None","severity":"low","is_suspicious":false,"target_user":"mchen","target_domain":"CORP","src_ip":"10.10.10.46","dest_host":"WIN-DC-01","authentication_package":"Kerberos","certificate_issuer_name":"","pre_auth_type":"2","message":"A Kerberos authentication ticket (TGT) was requested."}
{"timestamp":"2026-09-07T21:47:48Z","host":"WIN-DC-01","source":"WinEventLog:Security","sourcetype":"WinEventLog:Security","index":"windows","EventCode":4768,"event_id":4768,"log_name":"Security","computer":"WIN-DC-01.corp.local","provider_name":"Microsoft-Windows-Security-Auditing","level":"Information","record_id":101666,"scenario":"Normal Kerberos TGT Request","attack_phase":"None","mitre_technique":"None","severity":"low","is_suspicious":false,"target_user":"rpatel","target_domain":"CORP","src_ip":"10.10.10.131","dest_host":"WIN-DC-01","authentication_package":"Kerberos","certificate_issuer_name":"","pre_auth_type":"2","message":"A Kerberos authentication ticket (TGT) was requested."}
{"timestamp":"2026-09-07T21:48:33Z","host":"WIN-DC-02","source":"WinEventLog:Security","sourcetype":"WinEventLog:Security","index":"windows","EventCode":4768,"event_id":4768,"log_name":"Security","computer":"WIN-DC-02.corp.local","provider_name":"Microsoft-Windows-Security-Auditing","level":"Information","record_id":101667,"scenario":"Normal Kerberos TGT Request","attack_phase":"None","mitre_technique":"None","severity":"low","is_suspicious":false,"target_user":"tnguyen","target_domain":"CORP","src_ip":"10.10.10.81","dest_host":"WIN-DC-02","authentication_package":"Kerberos","certificate_issuer_name":"","pre_auth_type":"2","message":"A Kerberos authentication ticket (TGT) was requested."}
{"timestamp":"2026-09-07T21:50:02Z","host":"WIN-DC-01","source":"WinEventLog:Security","sourcetype":"WinEventLog:Security","index":"windows","EventCode":4768,"event_id":4768,"log_name":"Security","computer":"WIN-DC-01.corp.local","provider_name":"Microsoft-Windows-Security-Auditing","level":"Information","record_id":101668,"scenario":"Normal Kerberos TGT Request","attack_phase":"None","mitre_technique":"None","severity":"low","is_suspicious":false,"target_user":"rpatel","target_domain":"CORP","src_ip":"10.10.10.110","dest_host":"WIN-DC-01","authentication_package":"Kerberos","certificate_issuer_name":"","pre_auth_type":"2","message":"A Kerberos authentication ticket (TGT) was requested."}
{"timestamp":"2026-09-07T21:51:37Z","host":"WIN-DC-01","source":"WinEventLog:Security","sourcetype":"WinEventLog:Security","index":"windows","EventCode":4768,"event_id":4768,"log_name":"Security","computer":"WIN-DC-01.corp.local","provider_name":"Microsoft-Windows-Security-Auditing","level":"Information","record_id":101669,"scenario":"Normal Kerberos TGT Request","attack_phase":"None","mitre_technique":"None","severity":"low","is_suspicious":false,"target_user":"cwalker","target_domain":"CORP","src_ip":"10.10.10.79","dest_host":"WIN-DC-01","authentication_package":"Kerberos","certificate_issuer_name":"","pre_auth_type":"2","message":"A Kerberos authentication ticket (TGT) was requested."}
{"timestamp":"2026-09-07T21:54:08Z","host":"WIN-DC-02","source":"WinEventLog:Security","sourcetype":"WinEventLog:Security","index":"windows","EventCode":4768,"event_id":4768,"log_name":"Security","computer":"WIN-DC-02.corp.local","provider_name":"Microsoft-Windows-Security-Auditing","level":"Information","record_id":101670,"scenario":"Normal Kerberos TGT Request","attack_phase":"None","mitre_technique":"None","severity":"low","is_suspicious":false,"target_user":"cwalker","target_domain":"CORP","src_ip":"10.10.10.249","dest_host":"WIN-DC-02","authentication_package":"Kerberos","certificate_issuer_name":"","pre_auth_type":"2","message":"A Kerberos authentication ticket (TGT) was requested."}
{"timestamp":"2026-09-07T21:55:56Z","host":"WIN-DC-02","source":"WinEventLog:Security","sourcetype":"WinEventLog:Security","index":"windows","EventCode":4768,"event_id":4768,"log_name":"Security","computer":"WIN-DC-02.corp.local","provider_name":"Microsoft-Windows-Security-Auditing","level":"Information","record_id":101671,"scenario":"Normal Kerberos TGT Request","attack_phase":"None","mitre_technique":"None","severity":"low","is_suspicious":false,"target_user":"lwilson","target_domain":"CORP","src_ip":"10.10.10.22","dest_host":"WIN-DC-02","authentication_package":"Kerberos","certificate_issuer_name":"","pre_auth_type":"2","message":"A Kerberos authentication ticket (TGT) was requested."}
{"timestamp":"2026-09-07T21:59:05Z","host":"WIN-DC-02","source":"WinEventLog:Security","sourcetype":"WinEventLog:Security","index":"windows","EventCode":4768,"event_id":4768,"log_name":"Security","computer":"WIN-DC-02.corp.local","provider_name":"Microsoft-Windows-Security-Auditing","level":"Information","record_id":101672,"scenario":"Normal Kerberos TGT Request","attack_phase":"None","mitre_technique":"None","severity":"low","is_suspicious":false,"target_user":"tnguyen","target_domain":"CORP","src_ip":"10.10.10.44","dest_host":"WIN-DC-02","authentication_package":"Kerberos","certificate_issuer_name":"","pre_auth_type":"2","message":"A Kerberos authentication ticket (TGT) was requested."}
{"timestamp":"2026-09-07T22:03:11Z","host":"WIN-DC-02","source":"WinEventLog:Security","sourcetype":"WinEventLog:Security","index":"windows","EventCode":4768,"event_id":4768,"log_name":"Security","computer":"WIN-DC-02.corp.local","provider_name":"Microsoft-Windows-Security-Auditing","level":"Information","record_id":101673,"scenario":"Normal Kerberos TGT Request","attack_phase":"None","mitre_technique":"None","severity":"low","is_suspicious":false,"target_user":"dohara","target_domain":"CORP","src_ip":"10.10.10.131","dest_host":"WIN-DC-02","authentication_package":"Kerberos","certificate_issuer_name":"","pre_auth_type":"2","message":"A Kerberos authentication ticket (TGT) was requested."}
{"timestamp":"2026-09-07T22:06:57Z","host":"WIN-DC-02","source":"WinEventLog:Security","sourcetype":"WinEventLog:Security","index":"windows","EventCode":4768,"event_id":4768,"log_name":"Security","computer":"WIN-DC-02.corp.local","provider_name":"Microsoft-Windows-Security-Auditing","level":"Information","record_id":101674,"scenario":"Normal Kerberos TGT Request","attack_phase":"None","mitre_technique":"None","severity":"low","is_suspicious":false,"target_user":"mchen","target_domain":"CORP","src_ip":"10.10.10.7","dest_host":"WIN-DC-02","authentication_package":"Kerberos","certificate_issuer_name":"","pre_auth_type":"2","message":"A Kerberos authentication ticket (TGT) was requested."}
{"timestamp":"2026-09-07T22:10:17Z","host":"WIN-DC-01","source":"WinEventLog:Security","sourcetype":"WinEventLog:Security","index":"windows","EventCode":4768,"event_id":4768,"log_name":"Security","computer":"WIN-DC-01.corp.local","provider_name":"Microsoft-Windows-Security-Auditing","level":"Information","record_id":101675,"scenario":"Normal Kerberos TGT Request","attack_phase":"None","mitre_technique":"None","severity":"low","is_suspicious":false,"target_user":"tnguyen","target_domain":"CORP","src_ip":"10.10.10.196","dest_host":"WIN-DC-01","authentication_package":"Kerberos","certificate_issuer_name":"","pre_auth_type":"2","message":"A Kerberos authentication ticket (TGT) was requested."}
{"timestamp":"2026-09-07T22:12:55Z","host":"WIN-DC-01","source":"WinEventLog:Security","sourcetype":"WinEventLog:Security","index":"windows","EventCode":4768,"event_id":4768,"log_name":"Security","computer":"WIN-DC-01.corp.local","provider_name":"Microsoft-Windows-Security-Auditing","level":"Information","record_id":101676,"scenario":"Normal Kerberos TGT Request","attack_phase":"None","mitre_technique":"None","severity":"low","is_suspicious":false,"target_user":"cwalker","target_domain":"CORP","src_ip":"10.10.10.143","dest_host":"WIN-DC-01","authentication_package":"Kerberos","certificate_issuer_name":"","pre_auth_type":"2","message":"A Kerberos authentication ticket (TGT) was requested."}
{"timestamp":"2026-09-07T22:14:29Z","host":"WIN-DC-02","source":"WinEventLog:Security","sourcetype":"WinEventLog:Security","index":"windows","EventCode":4768,"event_id":4768,"log_name":"Security","computer":"WIN-DC-02.corp.local","provider_name":"Microsoft-Windows-Security-Auditing","level":"Information","record_id":101677,"scenario":"Normal Kerberos TGT Request","attack_phase":"None","mitre_technique":"None","severity":"low","is_suspicious":false,"target_user":"lwilson","target_domain":"CORP","src_ip":"10.10.10.120","dest_host":"WIN-DC-02","authentication_package":"Kerberos","certificate_issuer_name":"","pre_auth_type":"2","message":"A Kerberos authentication ticket (TGT) was requested."}
{"timestamp":"2026-09-07T22:17:10Z","host":"WIN-DC-02","source":"WinEventLog:Security","sourcetype":"WinEventLog:Security","index":"windows","EventCode":4768,"event_id":4768,"log_name":"Security","computer":"WIN-DC-02.corp.local","provider_name":"Microsoft-Windows-Security-Auditing","level":"Information","record_id":101678,"scenario":"Normal Kerberos TGT Request","attack_phase":"None","mitre_technique":"None","severity":"low","is_suspicious":false,"target_user":"dohara","target_domain":"CORP","src_ip":"10.10.10.98","dest_host":"WIN-DC-02","authentication_package":"Kerberos","certificate_issuer_name":"","pre_auth_type":"2","message":"A Kerberos authentication ticket (TGT) was requested."}
{"timestamp":"2026-09-07T22:22:02Z","host":"WIN-DC-02","source":"WinEventLog:Security","sourcetype":"WinEventLog:Security","index":"windows","EventCode":4768,"event_id":4768,"log_name":"Security","computer":"WIN-DC-02.corp.local","provider_name":"Microsoft-Windows-Security-Auditing","level":"Information","record_id":101679,"scenario":"Normal Kerberos TGT Request","attack_phase":"None","mitre_technique":"None","severity":"low","is_suspicious":false,"target_user":"cwalker","target_domain":"CORP","src_ip":"10.10.10.20","dest_host":"WIN-DC-02","authentication_package":"Kerberos","certificate_issuer_name":"","pre_auth_type":"2","message":"A Kerberos authentication ticket (TGT) was requested."}
{"timestamp":"2026-09-07T22:24:57Z","host":"WIN-DC-02","source":"WinEventLog:Security","sourcetype":"WinEventLog:Security","index":"windows","EventCode":4768,"event_id":4768,"log_name":"Security","computer":"WIN-DC-02.corp.local","provider_name":"Microsoft-Windows-Security-Auditing","level":"Information","record_id":101680,"scenario":"Normal Kerberos TGT Request","attack_phase":"None","mitre_technique":"None","severity":"low","is_suspicious":false,"target_user":"mchen","target_domain":"CORP","src_ip":"10.10.10.52","dest_host":"WIN-DC-02","authentication_package":"Kerberos","certificate_issuer_name":"","pre_auth_type":"2","message":"A Kerberos authentication ticket (TGT) was requested."}
{"timestamp":"2026-09-07T22:26:21Z","host":"WIN-DC-01","source":"WinEventLog:Security","sourcetype":"WinEventLog:Security","index":"windows","EventCode":4768,"event_id":4768,"log_name":"Security","computer":"WIN-DC-01.corp.local","provider_name":"Microsoft-Windows-Security-Auditing","level":"Information","record_id":101681,"scenario":"Normal Kerberos TGT Request","attack_phase":"None","mitre_technique":"None","severity":"low","is_suspicious":false,"target_user":"rpatel","target_domain":"CORP","src_ip":"10.10.10.5","dest_host":"WIN-DC-01","authentication_package":"Kerberos","certificate_issuer_name":"","pre_auth_type":"2","message":"A Kerberos authentication ticket (TGT) was requested."}
{"timestamp":"2026-09-07T22:30:42Z","host":"WIN-DC-02","source":"WinEventLog:Security","sourcetype":"WinEventLog:Security","index":"windows","EventCode":4768,"event_id":4768,"log_name":"Security","computer":"WIN-DC-02.corp.local","provider_name":"Microsoft-Windows-Security-Auditing","level":"Information","record_id":101682,"scenario":"Normal Kerberos TGT Request","attack_phase":"None","mitre_technique":"None","severity":"low","is_suspicious":false,"target_user":"kwright","target_domain":"CORP","src_ip":"10.10.10.105","dest_host":"WIN-DC-02","authentication_package":"Kerberos","certificate_issuer_name":"","pre_auth_type":"2","message":"A Kerberos authentication ticket (TGT) was requested."}
{"timestamp":"2026-09-07T22:34:19Z","host":"WIN-DC-02","source":"WinEventLog:Security","sourcetype":"WinEventLog:Security","index":"windows","EventCode":4768,"event_id":4768,"log_name":"Security","computer":"WIN-DC-02.corp.local","provider_name":"Microsoft-Windows-Security-Auditing","level":"Information","record_id":101683,"scenario":"Normal Kerberos TGT Request","attack_phase":"None","mitre_technique":"None","severity":"low","is_suspicious":false,"target_user":"tnguyen","target_domain":"CORP","src_ip":"10.10.10.100","dest_host":"WIN-DC-02","authentication_package":"Kerberos","certificate_issuer_name":"","pre_auth_type":"2","message":"A Kerberos authentication ticket (TGT) was requested."}
{"timestamp":"2026-09-07T22:38:34Z","host":"WIN-DC-01","source":"WinEventLog:Security","sourcetype":"WinEventLog:Security","index":"windows","EventCode":4768,"event_id":4768,"log_name":"Security","computer":"WIN-DC-01.corp.local","provider_name":"Microsoft-Windows-Security-Auditing","level":"Information","record_id":101684,"scenario":"Normal Kerberos TGT Request","attack_phase":"None","mitre_technique":"None","severity":"low","is_suspicious":false,"target_user":"lwilson","target_domain":"CORP","src_ip":"10.10.10.106","dest_host":"WIN-DC-01","authentication_package":"Kerberos","certificate_issuer_name":"","pre_auth_type":"2","message":"A Kerberos authentication ticket (TGT) was requested."}
{"timestamp":"2026-09-07T22:38:58Z","host":"WIN-DC-02","source":"WinEventLog:Security","sourcetype":"WinEventLog:Security","index":"windows","EventCode":4768,"event_id":4768,"log_name":"Security","computer":"WIN-DC-02.corp.local","provider_name":"Microsoft-Windows-Security-Auditing","level":"Information","record_id":101685,"scenario":"Normal Kerberos TGT Request","attack_phase":"None","mitre_technique":"None","severity":"low","is_suspicious":false,"target_user":"agarcia","target_domain":"CORP","src_ip":"10.10.10.240","dest_host":"WIN-DC-02","authentication_package":"Kerberos","certificate_issuer_name":"","pre_auth_type":"2","message":"A Kerberos authentication ticket (TGT) was requested."}
{"timestamp":"2026-09-07T22:43:52Z","host":"WIN-DC-01","source":"WinEventLog:Security","sourcetype":"WinEventLog:Security","index":"windows","EventCode":4768,"event_id":4768,"log_name":"Security","computer":"WIN-DC-01.corp.local","provider_name":"Microsoft-Windows-Security-Auditing","level":"Information","record_id":101686,"scenario":"Normal Kerberos TGT Request","attack_phase":"None","mitre_technique":"None","severity":"low","is_suspicious":false,"target_user":"mchen","target_domain":"CORP","src_ip":"10.10.10.197","dest_host":"WIN-DC-01","authentication_package":"Kerberos","certificate_issuer_name":"","pre_auth_type":"2","message":"A Kerberos authentication ticket (TGT) was requested."}
{"timestamp":"2026-09-07T22:47:40Z","host":"WIN-DC-02","source":"WinEventLog:Security","sourcetype":"WinEventLog:Security","index":"windows","EventCode":4768,"event_id":4768,"log_name":"Security","computer":"WIN-DC-02.corp.local","provider_name":"Microsoft-Windows-Security-Auditing","level":"Information","record_id":101687,"scenario":"Normal Kerberos TGT Request","attack_phase":"None","mitre_technique":"None","severity":"low","is_suspicious":false,"target_user":"lwilson","target_domain":"CORP","src_ip":"10.10.10.132","dest_host":"WIN-DC-02","authentication_package":"Kerberos","certificate_issuer_name":"","pre_auth_type":"2","message":"A Kerberos authentication ticket (TGT) was requested."}
{"timestamp":"2026-09-07T22:51:55Z","host":"WIN-DC-01","source":"WinEventLog:Security","sourcetype":"WinEventLog:Security","index":"windows","EventCode":4768,"event_id":4768,"log_name":"Security","computer":"WIN-DC-01.corp.local","provider_name":"Microsoft-Windows-Security-Auditing","level":"Information","record_id":101688,"scenario":"Normal Kerberos TGT Request","attack_phase":"None","mitre_technique":"None","severity":"low","is_suspicious":false,"target_user":"kwright","target_domain":"CORP","src_ip":"10.10.10.168","dest_host":"WIN-DC-01","authentication_package":"Kerberos","certificate_issuer_name":"","pre_auth_type":"2","message":"A Kerberos authentication ticket (TGT) was requested."}
{"timestamp":"2026-09-07T22:55:17Z","host":"WIN-DC-01","source":"WinEventLog:Security","sourcetype":"WinEventLog:Security","index":"windows","EventCode":4768,"event_id":4768,"log_name":"Security","computer":"WIN-DC-01.corp.local","provider_name":"Microsoft-Windows-Security-Auditing","level":"Information","record_id":101689,"scenario":"Normal Kerberos TGT Request","attack_phase":"None","mitre_technique":"None","severity":"low","is_suspicious":false,"target_user":"tnguyen","target_domain":"CORP","src_ip":"10.10.10.64","dest_host":"WIN-DC-01","authentication_package":"Kerberos","certificate_issuer_name":"","pre_auth_type":"2","message":"A Kerberos authentication ticket (TGT) was requested."}
{"timestamp":"2026-09-07T22:59:26Z","host":"WIN-DC-02","source":"WinEventLog:Security","sourcetype":"WinEventLog:Security","index":"windows","EventCode":4768,"event_id":4768,"log_name":"Security","computer":"WIN-DC-02.corp.local","provider_name":"Microsoft-Windows-Security-Auditing","level":"Information","record_id":101690,"scenario":"Normal Kerberos TGT Request","attack_phase":"None","mitre_technique":"None","severity":"low","is_suspicious":false,"target_user":"jsmith","target_domain":"CORP","src_ip":"10.10.10.163","dest_host":"WIN-DC-02","authentication_package":"Kerberos","certificate_issuer_name":"","pre_auth_type":"2","message":"A Kerberos authentication ticket (TGT) was requested."}
{"timestamp":"2026-09-07T22:59:45Z","host":"WIN-DC-02","source":"WinEventLog:Security","sourcetype":"WinEventLog:Security","index":"windows","EventCode":4768,"event_id":4768,"log_name":"Security","computer":"WIN-DC-02.corp.local","provider_name":"Microsoft-Windows-Security-Auditing","level":"Information","record_id":101691,"scenario":"Normal Kerberos TGT Request","attack_phase":"None","mitre_technique":"None","severity":"low","is_suspicious":false,"target_user":"mchen","target_domain":"CORP","src_ip":"10.10.10.156","dest_host":"WIN-DC-02","authentication_package":"Kerberos","certificate_issuer_name":"","pre_auth_type":"2","message":"A Kerberos authentication ticket (TGT) was requested."}
{"timestamp":"2026-09-07T23:03:43Z","host":"WIN-DC-02","source":"WinEventLog:Security","sourcetype":"WinEventLog:Security","index":"windows","EventCode":4768,"event_id":4768,"log_name":"Security","computer":"WIN-DC-02.corp.local","provider_name":"Microsoft-Windows-Security-Auditing","level":"Information","record_id":101692,"scenario":"Normal Kerberos TGT Request","attack_phase":"None","mitre_technique":"None","severity":"low","is_suspicious":false,"target_user":"mchen","target_domain":"CORP","src_ip":"10.10.10.65","dest_host":"WIN-DC-02","authentication_package":"Kerberos","certificate_issuer_name":"","pre_auth_type":"2","message":"A Kerberos authentication ticket (TGT) was requested."}
{"timestamp":"2026-09-07T23:05:10Z","host":"WIN-DC-01","source":"WinEventLog:Security","sourcetype":"WinEventLog:Security","index":"windows","EventCode":4768,"event_id":4768,"log_name":"Security","computer":"WIN-DC-01.corp.local","provider_name":"Microsoft-Windows-Security-Auditing","level":"Information","record_id":101693,"scenario":"Normal Kerberos TGT Request","attack_phase":"None","mitre_technique":"None","severity":"low","is_suspicious":false,"target_user":"jsmith","target_domain":"CORP","src_ip":"10.10.10.199","dest_host":"WIN-DC-01","authentication_package":"Kerberos","certificate_issuer_name":"","pre_auth_type":"2","message":"A Kerberos authentication ticket (TGT) was requested."}
{"timestamp":"2026-09-07T23:06:02Z","host":"WIN-DC-02","source":"WinEventLog:Security","sourcetype":"WinEventLog:Security","index":"windows","EventCode":4768,"event_id":4768,"log_name":"Security","computer":"WIN-DC-02.corp.local","provider_name":"Microsoft-Windows-Security-Auditing","level":"Information","record_id":101694,"scenario":"Normal Kerberos TGT Request","attack_phase":"None","mitre_technique":"None","severity":"low","is_suspicious":false,"target_user":"tnguyen","target_domain":"CORP","src_ip":"10.10.10.182","dest_host":"WIN-DC-02","authentication_package":"Kerberos","certificate_issuer_name":"","pre_auth_type":"2","message":"A Kerberos authentication ticket (TGT) was requested."}
{"timestamp":"2026-09-07T23:06:48Z","host":"WIN-DC-01","source":"WinEventLog:Security","sourcetype":"WinEventLog:Security","index":"windows","EventCode":4768,"event_id":4768,"log_name":"Security","computer":"WIN-DC-01.corp.local","provider_name":"Microsoft-Windows-Security-Auditing","level":"Information","record_id":101695,"scenario":"Normal Kerberos TGT Request","attack_phase":"None","mitre_technique":"None","severity":"low","is_suspicious":false,"target_user":"sbrooks","target_domain":"CORP","src_ip":"10.10.10.226","dest_host":"WIN-DC-01","authentication_package":"Kerberos","certificate_issuer_name":"","pre_auth_type":"2","message":"A Kerberos authentication ticket (TGT) was requested."}
{"timestamp":"2026-09-07T23:10:29Z","host":"WIN-DC-02","source":"WinEventLog:Security","sourcetype":"WinEventLog:Security","index":"windows","EventCode":4768,"event_id":4768,"log_name":"Security","computer":"WIN-DC-02.corp.local","provider_name":"Microsoft-Windows-Security-Auditing","level":"Information","record_id":101696,"scenario":"Normal Kerberos TGT Request","attack_phase":"None","mitre_technique":"None","severity":"low","is_suspicious":false,"target_user":"mchen","target_domain":"CORP","src_ip":"10.10.10.66","dest_host":"WIN-DC-02","authentication_package":"Kerberos","certificate_issuer_name":"","pre_auth_type":"2","message":"A Kerberos authentication ticket (TGT) was requested."}
{"timestamp":"2026-09-07T23:13:08Z","host":"WIN-DC-02","source":"WinEventLog:Security","sourcetype":"WinEventLog:Security","index":"windows","EventCode":4768,"event_id":4768,"log_name":"Security","computer":"WIN-DC-02.corp.local","provider_name":"Microsoft-Windows-Security-Auditing","level":"Information","record_id":101697,"scenario":"Normal Kerberos TGT Request","attack_phase":"None","mitre_technique":"None","severity":"low","is_suspicious":false,"target_user":"sbrooks","target_domain":"CORP","src_ip":"10.10.10.152","dest_host":"WIN-DC-02","authentication_package":"Kerberos","certificate_issuer_name":"","pre_auth_type":"2","message":"A Kerberos authentication ticket (TGT) was requested."}
{"timestamp":"2026-09-07T23:15:50Z","host":"WIN-DC-01","source":"WinEventLog:Security","sourcetype":"WinEventLog:Security","index":"windows","EventCode":4768,"event_id":4768,"log_name":"Security","computer":"WIN-DC-01.corp.local","provider_name":"Microsoft-Windows-Security-Auditing","level":"Information","record_id":101698,"scenario":"Normal Kerberos TGT Request","attack_phase":"None","mitre_technique":"None","severity":"low","is_suspicious":false,"target_user":"tnguyen","target_domain":"CORP","src_ip":"10.10.10.29","dest_host":"WIN-DC-01","authentication_package":"Kerberos","certificate_issuer_name":"","pre_auth_type":"2","message":"A Kerberos authentication ticket (TGT) was requested."}
{"timestamp":"2026-09-07T23:20:48Z","host":"WIN-DC-01","source":"WinEventLog:Security","sourcetype":"WinEventLog:Security","index":"windows","EventCode":4768,"event_id":4768,"log_name":"Security","computer":"WIN-DC-01.corp.local","provider_name":"Microsoft-Windows-Security-Auditing","level":"Information","record_id":101699,"scenario":"Normal Kerberos TGT Request","attack_phase":"None","mitre_technique":"None","severity":"low","is_suspicious":false,"target_user":"kwright","target_domain":"CORP","src_ip":"10.10.10.70","dest_host":"WIN-DC-01","authentication_package":"Kerberos","certificate_issuer_name":"","pre_auth_type":"2","message":"A Kerberos authentication ticket (TGT) was requested."}
{"timestamp":"2026-09-07T23:22:40Z","host":"WIN-DC-02","source":"WinEventLog:Security","sourcetype":"WinEventLog:Security","index":"windows","EventCode":4768,"event_id":4768,"log_name":"Security","computer":"WIN-DC-02.corp.local","provider_name":"Microsoft-Windows-Security-Auditing","level":"Information","record_id":101700,"scenario":"Normal Kerberos TGT Request","attack_phase":"None","mitre_technique":"None","severity":"low","is_suspicious":false,"target_user":"tnguyen","target_domain":"CORP","src_ip":"10.10.10.3","dest_host":"WIN-DC-02","authentication_package":"Kerberos","certificate_issuer_name":"","pre_auth_type":"2","message":"A Kerberos authentication ticket (TGT) was requested."}
{"timestamp":"2026-09-07T23:24:11Z","host":"WIN-DC-01","source":"WinEventLog:Security","sourcetype":"WinEventLog:Security","index":"windows","EventCode":4768,"event_id":4768,"log_name":"Security","computer":"WIN-DC-01.corp.local","provider_name":"Microsoft-Windows-Security-Auditing","level":"Information","record_id":101701,"scenario":"Normal Kerberos TGT Request","attack_phase":"None","mitre_technique":"None","severity":"low","is_suspicious":false,"target_user":"dohara","target_domain":"CORP","src_ip":"10.10.10.26","dest_host":"WIN-DC-01","authentication_package":"Kerberos","certificate_issuer_name":"","pre_auth_type":"2","message":"A Kerberos authentication ticket (TGT) was requested."}
{"timestamp":"2026-09-07T23:24:51Z","host":"WIN-DC-02","source":"WinEventLog:Security","sourcetype":"WinEventLog:Security","index":"windows","EventCode":4768,"event_id":4768,"log_name":"Security","computer":"WIN-DC-02.corp.local","provider_name":"Microsoft-Windows-Security-Auditing","level":"Information","record_id":101702,"scenario":"Normal Kerberos TGT Request","attack_phase":"None","mitre_technique":"None","severity":"low","is_suspicious":false,"target_user":"tnguyen","target_domain":"CORP","src_ip":"10.10.10.169","dest_host":"WIN-DC-02","authentication_package":"Kerberos","certificate_issuer_name":"","pre_auth_type":"2","message":"A Kerberos authentication ticket (TGT) was requested."}
{"timestamp":"2026-09-07T23:27:23Z","host":"WIN-DC-01","source":"WinEventLog:Security","sourcetype":"WinEventLog:Security","index":"windows","EventCode":4768,"event_id":4768,"log_name":"Security","computer":"WIN-DC-01.corp.local","provider_name":"Microsoft-Windows-Security-Auditing","level":"Information","record_id":101703,"scenario":"Normal Kerberos TGT Request","attack_phase":"None","mitre_technique":"None","severity":"low","is_suspicious":false,"target_user":"tnguyen","target_domain":"CORP","src_ip":"10.10.10.47","dest_host":"WIN-DC-01","authentication_package":"Kerberos","certificate_issuer_name":"","pre_auth_type":"2","message":"A Kerberos authentication ticket (TGT) was requested."}
{"timestamp":"2026-09-07T23:30:39Z","host":"WIN-DC-01","source":"WinEventLog:Security","sourcetype":"WinEventLog:Security","index":"windows","EventCode":4768,"event_id":4768,"log_name":"Security","computer":"WIN-DC-01.corp.local","provider_name":"Microsoft-Windows-Security-Auditing","level":"Information","record_id":101704,"scenario":"Normal Kerberos TGT Request","attack_phase":"None","mitre_technique":"None","severity":"low","is_suspicious":false,"target_user":"mchen","target_domain":"CORP","src_ip":"10.10.10.52","dest_host":"WIN-DC-01","authentication_package":"Kerberos","certificate_issuer_name":"","pre_auth_type":"2","message":"A Kerberos authentication ticket (TGT) was requested."}
{"timestamp":"2026-09-07T23:34:53Z","host":"WIN-DC-01","source":"WinEventLog:Security","sourcetype":"WinEventLog:Security","index":"windows","EventCode":4768,"event_id":4768,"log_name":"Security","computer":"WIN-DC-01.corp.local","provider_name":"Microsoft-Windows-Security-Auditing","level":"Information","record_id":101705,"scenario":"Normal Kerberos TGT Request","attack_phase":"None","mitre_technique":"None","severity":"low","is_suspicious":false,"target_user":"mchen","target_domain":"CORP","src_ip":"10.10.10.117","dest_host":"WIN-DC-01","authentication_package":"Kerberos","certificate_issuer_name":"","pre_auth_type":"2","message":"A Kerberos authentication ticket (TGT) was requested."}
{"timestamp":"2026-09-07T23:39:48Z","host":"WIN-DC-01","source":"WinEventLog:Security","sourcetype":"WinEventLog:Security","index":"windows","EventCode":4768,"event_id":4768,"log_name":"Security","computer":"WIN-DC-01.corp.local","provider_name":"Microsoft-Windows-Security-Auditing","level":"Information","record_id":101706,"scenario":"Normal Kerberos TGT Request","attack_phase":"None","mitre_technique":"None","severity":"low","is_suspicious":false,"target_user":"rpatel","target_domain":"CORP","src_ip":"10.10.10.53","dest_host":"WIN-DC-01","authentication_package":"Kerberos","certificate_issuer_name":"","pre_auth_type":"2","message":"A Kerberos authentication ticket (TGT) was requested."}
{"timestamp":"2026-09-07T23:40:23Z","host":"WIN-DC-01","source":"WinEventLog:Security","sourcetype":"WinEventLog:Security","index":"windows","EventCode":4768,"event_id":4768,"log_name":"Security","computer":"WIN-DC-01.corp.local","provider_name":"Microsoft-Windows-Security-Auditing","level":"Information","record_id":101707,"scenario":"Normal Kerberos TGT Request","attack_phase":"None","mitre_technique":"None","severity":"low","is_suspicious":false,"target_user":"mchen","target_domain":"CORP","src_ip":"10.10.10.68","dest_host":"WIN-DC-01","authentication_package":"Kerberos","certificate_issuer_name":"","pre_auth_type":"2","message":"A Kerberos authentication ticket (TGT) was requested."}
{"timestamp":"2026-09-07T23:43:57Z","host":"WIN-DC-01","source":"WinEventLog:Security","sourcetype":"WinEventLog:Security","index":"windows","EventCode":4768,"event_id":4768,"log_name":"Security","computer":"WIN-DC-01.corp.local","provider_name":"Microsoft-Windows-Security-Auditing","level":"Information","record_id":101708,"scenario":"Normal Kerberos TGT Request","attack_phase":"None","mitre_technique":"None","severity":"low","is_suspicious":false,"target_user":"dohara","target_domain":"CORP","src_ip":"10.10.10.224","dest_host":"WIN-DC-01","authentication_package":"Kerberos","certificate_issuer_name":"","pre_auth_type":"2","message":"A Kerberos authentication ticket (TGT) was requested."}
{"timestamp":"2026-09-07T23:45:27Z","host":"WIN-DC-02","source":"WinEventLog:Security","sourcetype":"WinEventLog:Security","index":"windows","EventCode":4768,"event_id":4768,"log_name":"Security","computer":"WIN-DC-02.corp.local","provider_name":"Microsoft-Windows-Security-Auditing","level":"Information","record_id":101709,"scenario":"Normal Kerberos TGT Request","attack_phase":"None","mitre_technique":"None","severity":"low","is_suspicious":false,"target_user":"agarcia","target_domain":"CORP","src_ip":"10.10.10.23","dest_host":"WIN-DC-02","authentication_package":"Kerberos","certificate_issuer_name":"","pre_auth_type":"2","message":"A Kerberos authentication ticket (TGT) was requested."}
{"timestamp":"2026-09-07T23:48:45Z","host":"WIN-DC-02","source":"WinEventLog:Security","sourcetype":"WinEventLog:Security","index":"windows","EventCode":4768,"event_id":4768,"log_name":"Security","computer":"WIN-DC-02.corp.local","provider_name":"Microsoft-Windows-Security-Auditing","level":"Information","record_id":101710,"scenario":"Normal Kerberos TGT Request","attack_phase":"None","mitre_technique":"None","severity":"low","is_suspicious":false,"target_user":"agarcia","target_domain":"CORP","src_ip":"10.10.10.18","dest_host":"WIN-DC-02","authentication_package":"Kerberos","certificate_issuer_name":"","pre_auth_type":"2","message":"A Kerberos authentication ticket (TGT) was requested."}
{"timestamp":"2026-09-07T23:51:45Z","host":"WIN-DC-01","source":"WinEventLog:Security","sourcetype":"WinEventLog:Security","index":"windows","EventCode":4768,"event_id":4768,"log_name":"Security","computer":"WIN-DC-01.corp.local","provider_name":"Microsoft-Windows-Security-Auditing","level":"Information","record_id":101711,"scenario":"Normal Kerberos TGT Request","attack_phase":"None","mitre_technique":"None","severity":"low","is_suspicious":false,"target_user":"jsmith","target_domain":"CORP","src_ip":"10.10.10.124","dest_host":"WIN-DC-01","authentication_package":"Kerberos","certificate_issuer_name":"","pre_auth_type":"2","message":"A Kerberos authentication ticket (TGT) was requested."}
{"timestamp":"2026-09-07T23:55:58Z","host":"WIN-DC-01","source":"WinEventLog:Security","sourcetype":"WinEventLog:Security","index":"windows","EventCode":4768,"event_id":4768,"log_name":"Security","computer":"WIN-DC-01.corp.local","provider_name":"Microsoft-Windows-Security-Auditing","level":"Information","record_id":101712,"scenario":"Normal Kerberos TGT Request","attack_phase":"None","mitre_technique":"None","severity":"low","is_suspicious":false,"target_user":"agarcia","target_domain":"CORP","src_ip":"10.10.10.17","dest_host":"WIN-DC-01","authentication_package":"Kerberos","certificate_issuer_name":"","pre_auth_type":"2","message":"A Kerberos authentication ticket (TGT) was requested."}
{"timestamp":"2026-09-07T23:58:19Z","host":"WIN-DC-01","source":"WinEventLog:Security","sourcetype":"WinEventLog:Security","index":"windows","EventCode":4768,"event_id":4768,"log_name":"Security","computer":"WIN-DC-01.corp.local","provider_name":"Microsoft-Windows-Security-Auditing","level":"Information","record_id":101713,"scenario":"Normal Kerberos TGT Request","attack_phase":"None","mitre_technique":"None","severity":"low","is_suspicious":false,"target_user":"jsmith","target_domain":"CORP","src_ip":"10.10.10.26","dest_host":"WIN-DC-01","authentication_package":"Kerberos","certificate_issuer_name":"","pre_auth_type":"2","message":"A Kerberos authentication ticket (TGT) was requested."}
{"timestamp":"2026-09-08T00:00:12Z","host":"WIN-DC-01","source":"WinEventLog:Security","sourcetype":"WinEventLog:Security","index":"windows","EventCode":4768,"event_id":4768,"log_name":"Security","computer":"WIN-DC-01.corp.local","provider_name":"Microsoft-Windows-Security-Auditing","level":"Information","record_id":101714,"scenario":"Normal Kerberos TGT Request","attack_phase":"None","mitre_technique":"None","severity":"low","is_suspicious":false,"target_user":"sbrooks","target_domain":"CORP","src_ip":"10.10.10.98","dest_host":"WIN-DC-01","authentication_package":"Kerberos","certificate_issuer_name":"","pre_auth_type":"2","message":"A Kerberos authentication ticket (TGT) was requested."}
{"timestamp":"2026-09-08T00:04:43Z","host":"WIN-DC-02","source":"WinEventLog:Security","sourcetype":"WinEventLog:Security","index":"windows","EventCode":4768,"event_id":4768,"log_name":"Security","computer":"WIN-DC-02.corp.local","provider_name":"Microsoft-Windows-Security-Auditing","level":"Information","record_id":101715,"scenario":"Normal Kerberos TGT Request","attack_phase":"None","mitre_technique":"None","severity":"low","is_suspicious":false,"target_user":"lwilson","target_domain":"CORP","src_ip":"10.10.10.123","dest_host":"WIN-DC-02","authentication_package":"Kerberos","certificate_issuer_name":"","pre_auth_type":"2","message":"A Kerberos authentication ticket (TGT) was requested."}
{"timestamp":"2026-09-08T00:07:40Z","host":"WIN-DC-02","source":"WinEventLog:Security","sourcetype":"WinEventLog:Security","index":"windows","EventCode":4768,"event_id":4768,"log_name":"Security","computer":"WIN-DC-02.corp.local","provider_name":"Microsoft-Windows-Security-Auditing","level":"Information","record_id":101716,"scenario":"Normal Kerberos TGT Request","attack_phase":"None","mitre_technique":"None","severity":"low","is_suspicious":false,"target_user":"cwalker","target_domain":"CORP","src_ip":"10.10.10.88","dest_host":"WIN-DC-02","authentication_package":"Kerberos","certificate_issuer_name":"","pre_auth_type":"2","message":"A Kerberos authentication ticket (TGT) was requested."}
{"timestamp":"2026-09-08T00:10:54Z","host":"WIN-DC-02","source":"WinEventLog:Security","sourcetype":"WinEventLog:Security","index":"windows","EventCode":4768,"event_id":4768,"log_name":"Security","computer":"WIN-DC-02.corp.local","provider_name":"Microsoft-Windows-Security-Auditing","level":"Information","record_id":101717,"scenario":"Normal Kerberos TGT Request","attack_phase":"None","mitre_technique":"None","severity":"low","is_suspicious":false,"target_user":"kwright","target_domain":"CORP","src_ip":"10.10.10.211","dest_host":"WIN-DC-02","authentication_package":"Kerberos","certificate_issuer_name":"","pre_auth_type":"2","message":"A Kerberos authentication ticket (TGT) was requested."}
{"timestamp":"2026-09-08T00:13:01Z","host":"WIN-DC-02","source":"WinEventLog:Security","sourcetype":"WinEventLog:Security","index":"windows","EventCode":4768,"event_id":4768,"log_name":"Security","computer":"WIN-DC-02.corp.local","provider_name":"Microsoft-Windows-Security-Auditing","level":"Information","record_id":101718,"scenario":"Normal Kerberos TGT Request","attack_phase":"None","mitre_technique":"None","severity":"low","is_suspicious":false,"target_user":"kwright","target_domain":"CORP","src_ip":"10.10.10.98","dest_host":"WIN-DC-02","authentication_package":"Kerberos","certificate_issuer_name":"","pre_auth_type":"2","message":"A Kerberos authentication ticket (TGT) was requested."}
{"timestamp":"2026-09-08T00:13:35Z","host":"WIN-DC-02","source":"WinEventLog:Security","sourcetype":"WinEventLog:Security","index":"windows","EventCode":4768,"event_id":4768,"log_name":"Security","computer":"WIN-DC-02.corp.local","provider_name":"Microsoft-Windows-Security-Auditing","level":"Information","record_id":101719,"scenario":"Normal Kerberos TGT Request","attack_phase":"None","mitre_technique":"None","severity":"low","is_suspicious":false,"target_user":"kwright","target_domain":"CORP","src_ip":"10.10.10.208","dest_host":"WIN-DC-02","authentication_package":"Kerberos","certificate_issuer_name":"","pre_auth_type":"2","message":"A Kerberos authentication ticket (TGT) was requested."}
{"timestamp":"2026-09-08T00:14:31Z","host":"WIN-DC-02","source":"WinEventLog:Security","sourcetype":"WinEventLog:Security","index":"windows","EventCode":4768,"event_id":4768,"log_name":"Security","computer":"WIN-DC-02.corp.local","provider_name":"Microsoft-Windows-Security-Auditing","level":"Information","record_id":101720,"scenario":"Normal Kerberos TGT Request","attack_phase":"None","mitre_technique":"None","severity":"low","is_suspicious":false,"target_user":"jsmith","target_domain":"CORP","src_ip":"10.10.10.224","dest_host":"WIN-DC-02","authentication_package":"Kerberos","certificate_issuer_name":"","pre_auth_type":"2","message":"A Kerberos authentication ticket (TGT) was requested."}
