{"timestamp":"2026-09-02T07:40:52Z","host":"WIN-CLIENT-02","source":"WinEventLog:Security","sourcetype":"WinEventLog:Security","index":"windows","EventCode":4624,"event_id":4624,"log_name":"Security","computer":"WIN-CLIENT-02.corp.local","provider_name":"Microsoft-Windows-Security-Auditing","level":"Information","record_id":100357,"scenario":"Normal Authentication","attack_phase":"None","mitre_technique":"None","severity":"low","is_suspicious":false,"subject_user":"SYSTEM","subject_domain":"NT AUTHORITY","target_user":"kwright","target_domain":"CORP","src_ip":"10.10.20.167","src_port":53215,"dest_host":"WIN-CLIENT-02","logon_type":10,"authentication_package":"Kerberos","workstation_name":"WIN-CLIENT-02","logon_id":"0xC7F60","logon_process":"Advapi","ip_address":"10.10.20.167","message":"An account was successfully logged on."}
{"timestamp":"2026-09-02T07:44:12Z","host":"WIN-SRV-01","source":"WinEventLog:Security","sourcetype":"WinEventLog:Security","index":"windows","EventCode":4624,"event_id":4624,"log_name":"Security","computer":"WIN-SRV-01.corp.local","provider_name":"Microsoft-Windows-Security-Auditing","level":"Information","record_id":100358,"scenario":"Normal Authentication","attack_phase":"None","mitre_technique":"None","severity":"low","is_suspicious":false,"subject_user":"SYSTEM","subject_domain":"NT AUTHORITY","target_user":"jsmith","target_domain":"CORP","src_ip":"10.10.20.147","src_port":60049,"dest_host":"WIN-SRV-01","logon_type":4,"authentication_package":"Kerberos","workstation_name":"WIN-SRV-01","logon_id":"0xD1DD4","logon_process":"Advapi","ip_address":"10.10.20.147","message":"An account was successfully logged on."}
{"timestamp":"2026-09-02T07:47:39Z","host":"WIN-CLIENT-05","source":"WinEventLog:Security","sourcetype":"WinEventLog:Security","index":"windows","EventCode":4624,"event_id":4624,"log_name":"Security","computer":"WIN-CLIENT-05.corp.local","provider_name":"Microsoft-Windows-Security-Auditing","level":"Information","record_id":100359,"scenario":"Normal Authentication","attack_phase":"None","mitre_technique":"None","severity":"low","is_suspicious":false,"subject_user":"SYSTEM","subject_domain":"NT AUTHORITY","target_user":"mchen","target_domain":"CORP","src_ip":"10.10.20.213","src_port":56007,"dest_host":"WIN-CLIENT-05","logon_type":11,"authentication_package":"Kerberos","workstation_name":"WIN-CLIENT-05","logon_id":"0x93E96","logon_process":"User32","ip_address":"10.10.20.213","message":"An account was successfully logged on."}
{"timestamp":"2026-09-02T07:53:24Z","host":"WIN-CLIENT-04","source":"WinEventLog:Security","sourcetype":"WinEventLog:Security","index":"windows","EventCode":4624,"event_id":4624,"log_name":"Security","computer":"WIN-CLIENT-04.corp.local","provider_name":"Microsoft-Windows-Security-Auditing","level":"Information","record_id":100360,"scenario":"Normal Authentication","attack_phase":"None","mitre_technique":"None","severity":"low","is_suspicious":false,"subject_user":"SYSTEM","subject_domain":"NT AUTHORITY","target_user":"agarcia","target_domain":"CORP","src_ip":"10.10.10.49","src_port":51303,"dest_host":"WIN-CLIENT-04","logon_type":10,"authentication_package":"Kerberos","workstation_name":"WIN-CLIENT-04","logon_id":"0x8A3A6","logon_process":"Advapi","ip_address":"10.10.10.49","message":"An account was successfully logged on."}
{"timestamp":"2026-09-02T07:59:05Z","host":"WIN-CLIENT-01","source":"WinEventLog:Security","sourcetype":"WinEventLog:Security","index":"windows","EventCode":4624,"event_id":4624,"log_name":"Security","computer":"WIN-CLIENT-01.corp.local","provider_name":"Microsoft-Windows-Security-Auditing","level":"Information","record_id":100361,"scenario":"Normal Authentication","attack_phase":"None","mitre_technique":"None","severity":"low","is_suspicious":false,"subject_user":"SYSTEM","subject_domain":"NT AUTHORITY","target_user":"rpatel","target_domain":"CORP","src_ip":"10.10.20.62","src_port":56319,"dest_host":"WIN-CLIENT-01","logon_type":4,"authentication_package":"Kerberos","workstation_name":"WIN-CLIENT-01","logon_id":"0xD0F63","logon_process":"Advapi","ip_address":"10.10.20.62","message":"An account was successfully logged on."}
{"timestamp":"2026-09-02T08:03:48Z","host":"WIN-CLIENT-03","source":"WinEventLog:Security","sourcetype":"WinEventLog:Security","index":"windows","EventCode":4624,"event_id":4624,"log_name":"Security","computer":"WIN-CLIENT-03.corp.local","provider_name":"Microsoft-Windows-Security-Auditing","level":"Information","record_id":100362,"scenario":"Normal Authentication","attack_phase":"None","mitre_technique":"None","severity":"low","is_suspicious":false,"subject_user":"SYSTEM","subject_domain":"NT AUTHORITY","target_user":"kwright","target_domain":"CORP","src_ip":"10.10.10.68","src_port":59709,"dest_host":"WIN-CLIENT-03","logon_type":7,"authentication_package":"Kerberos","workstation_name":"WIN-CLIENT-03","logon_id":"0x6C0B9","logon_process":"User32","ip_address":"10.10.10.68","message":"An account was successfully logged on."}
{"timestamp":"2026-09-02T08:07:59Z","host":"WIN-SRV-01","source":"WinEventLog:Security","sourcetype":"WinEventLog:Security","index":"windows","EventCode":4624,"event_id":4624,"log_name":"Security","computer":"WIN-SRV-01.corp.local","provider_name":"Microsoft-Windows-Security-Auditing","level":"Information","record_id":100363,"scenario":"Normal Authentication","attack_phase":"None","mitre_technique":"None","severity":"low","is_suspicious":false,"subject_user":"SYSTEM","subject_domain":"NT AUTHORITY","target_user":"jsmith","target_domain":"CORP","src_ip":"10.10.20.80","src_port":51616,"dest_host":"WIN-SRV-01","logon_type":2,"authentication_package":"Kerberos","workstation_name":"WIN-SRV-01","logon_id":"0x77C96","logon_process":"User32","ip_address":"10.10.20.80","message":"An account was successfully logged on."}
{"timestamp":"2026-09-02T08:16:43Z","host":"WIN-SRV-02","source":"WinEventLog:Security","sourcetype":"WinEventLog:Security","index":"windows","EventCode":4624,"event_id":4624,"log_name":"Security","computer":"WIN-SRV-02.corp.local","provider_name":"Microsoft-Windows-Security-Auditing","level":"Information","record_id":100364,"scenario":"Normal Authentication","attack_phase":"None","mitre_technique":"None","severity":"low","is_suspicious":false,"subject_user":"SYSTEM","subject_domain":"NT AUTHORITY","target_user":"svc_sql","target_domain":"CORP","src_ip":"10.10.10.165","src_port":64009,"dest_host":"WIN-SRV-02","logon_type":4,"authentication_package":"Kerberos","workstation_name":"WIN-SRV-02","logon_id":"0x5B879","logon_process":"Advapi","ip_address":"10.10.10.165","message":"An account was successfully logged on."}
{"timestamp":"2026-09-02T08:23:09Z","host":"WIN-CLIENT-02","source":"WinEventLog:Security","sourcetype":"WinEventLog:Security","index":"windows","EventCode":4624,"event_id":4624,"log_name":"Security","computer":"WIN-CLIENT-02.corp.local","provider_name":"Microsoft-Windows-Security-Auditing","level":"Information","record_id":100365,"scenario":"Normal Authentication","attack_phase":"None","mitre_technique":"None","severity":"low","is_suspicious":false,"subject_user":"SYSTEM","subject_domain":"NT AUTHORITY","target_user":"cwalker","target_domain":"CORP","src_ip":"10.10.10.124","src_port":51509,"dest_host":"WIN-CLIENT-02","logon_type":3,"authentication_package":"Kerberos","workstation_name":"WIN-CLIENT-02","logon_id":"0x84797","logon_process":"NtLmSsp","ip_address":"10.10.10.124","message":"An account was successfully logged on."}
{"timestamp":"2026-09-02T08:29:41Z","host":"WIN-SRV-01","source":"WinEventLog:Security","sourcetype":"WinEventLog:Security","index":"windows","EventCode":4624,"event_id":4624,"log_name":"Security","computer":"WIN-SRV-01.corp.local","provider_name":"Microsoft-Windows-Security-Auditing","level":"Information","record_id":100366,"scenario":"Normal Authentication","attack_phase":"None","mitre_technique":"None","severity":"low","is_suspicious":false,"subject_user":"SYSTEM","subject_domain":"NT AUTHORITY","target_user":"tnguyen","target_domain":"CORP","src_ip":"10.10.20.195","src_port":57806,"dest_host":"WIN-SRV-01","logon_type":7,"authentication_package":"Kerberos","workstation_name":"WIN-SRV-01","logon_id":"0xDD4F8","logon_process":"User32","ip_address":"10.10.20.195","message":"An account was successfully logged on."}
{"timestamp":"2026-09-02T08:33:34Z","host":"WIN-CLIENT-02","source":"WinEventLog:Security","sourcetype":"WinEventLog:Security","index":"windows","EventCode":4624,"event_id":4624,"log_name":"Security","computer":"WIN-CLIENT-02.corp.local","provider_name":"Microsoft-Windows-Security-Auditing","level":"Information","record_id":100367,"scenario":"Normal Authentication","attack_phase":"None","mitre_technique":"None","severity":"low","is_suspicious":false,"subject_user":"SYSTEM","subject_domain":"NT AUTHORITY","target_user":"svc_web","target_domain":"CORP","src_ip":"10.10.10.136","src_port":56319,"dest_host":"WIN-CLIENT-02","logon_type":10,"authentication_package":"Kerberos","workstation_name":"WIN-CLIENT-02","logon_id":"0x97365","logon_process":"Advapi","ip_address":"10.10.10.136","message":"An account was successfully logged on."}
{"timestamp":"2026-09-02T08:39:54Z","host":"WIN-CLIENT-05","source":"WinEventLog:Security","sourcetype":"WinEventLog:Security","index":"windows","EventCode":4624,"event_id":4624,"log_name":"Security","computer":"WIN-CLIENT-05.corp.local","provider_name":"Microsoft-Windows-Security-Auditing","level":"Information","record_id":100368,"scenario":"Normal Authentication","attack_phase":"None","mitre_technique":"None","severity":"low","is_suspicious":false,"subject_user":"SYSTEM","subject_domain":"NT AUTHORITY","target_user":"agarcia","target_domain":"CORP","src_ip":"10.10.10.214","src_port":57972,"dest_host":"WIN-CLIENT-05","logon_type":2,"authentication_package":"Kerberos","workstation_name":"WIN-CLIENT-05","logon_id":"0xF723A","logon_process":"User32","ip_address":"10.10.10.214","message":"An account was successfully logged on."}
{"timestamp":"2026-09-02T08:48:41Z","host":"WIN-CLIENT-05","source":"WinEventLog:Security","sourcetype":"WinEventLog:Security","index":"windows","EventCode":4624,"event_id":4624,"log_name":"Security","computer":"WIN-CLIENT-05.corp.local","provider_name":"Microsoft-Windows-Security-Auditing","level":"Information","record_id":100369,"scenario":"Normal Authentication","attack_phase":"None","mitre_technique":"None","severity":"low","is_suspicious":false,"subject_user":"SYSTEM","subject_domain":"NT AUTHORITY","target_user":"rpatel","target_domain":"CORP","src_ip":"10.10.10.44","src_port":54375,"dest_host":"WIN-CLIENT-05","logon_type":7,"authentication_package":"Kerberos","workstation_name":"WIN-CLIENT-05","logon_id":"0xEABF9","logon_process":"User32","ip_address":"10.10.10.44","message":"An account was successfully logged on."}
{"timestamp":"2026-09-02T08:57:43Z","host":"WIN-CLIENT-01","source":"WinEventLog:Security","sourcetype":"WinEventLog:Security","index":"windows","EventCode":4624,"event_id":4624,"log_name":"Security","computer":"WIN-CLIENT-01.corp.local","provider_name":"Microsoft-Windows-Security-Auditing","level":"Information","record_id":100370,"scenario":"Normal Authentication","attack_phase":"None","mitre_technique":"None","severity":"low","is_suspicious":false,"subject_user":"SYSTEM","subject_domain":"NT AUTHORITY","target_user":"dohara","target_domain":"CORP","src_ip":"10.10.10.185","src_port":58554,"dest_host":"WIN-CLIENT-01","logon_type":10,"authentication_package":"Kerberos","workstation_name":"WIN-CLIENT-01","logon_id":"0x8D23D","logon_process":"Advapi","ip_address":"10.10.10.185","message":"An account was successfully logged on."}
{"timestamp":"2026-09-02T08:59:26Z","host":"WIN-CLIENT-04","source":"WinEventLog:Security","sourcetype":"WinEventLog:Security","index":"windows","EventCode":4624,"event_id":4624,"log_name":"Security","computer":"WIN-CLIENT-04.corp.local","provider_name":"Microsoft-Windows-Security-Auditing","level":"Information","record_id":100371,"scenario":"Normal Authentication","attack_phase":"None","mitre_technique":"None","severity":"low","is_suspicious":false,"subject_user":"SYSTEM","subject_domain":"NT AUTHORITY","target_user":"sbrooks","target_domain":"CORP","src_ip":"10.10.10.118","src_port":51161,"dest_host":"WIN-CLIENT-04","logon_type":11,"authentication_package":"Kerberos","workstation_name":"WIN-CLIENT-04","logon_id":"0x93643","logon_process":"User32","ip_address":"10.10.10.118","message":"An account was successfully logged on."}
{"timestamp":"2026-09-02T09:06:41Z","host":"WIN-CLIENT-05","source":"WinEventLog:Security","sourcetype":"WinEventLog:Security","index":"windows","EventCode":4624,"event_id":4624,"log_name":"Security","computer":"WIN-CLIENT-05.corp.local","provider_name":"Microsoft-Windows-Security-Auditing","level":"Information","record_id":100372,"scenario":"Normal Authentication","attack_phase":"None","mitre_technique":"None","severity":"low","is_suspicious":false,"subject_user":"SYSTEM","subject_domain":"NT AUTHORITY","target_user":"dohara","target_domain":"CORP","src_ip":"10.10.20.174","src_port":62220,"dest_host":"WIN-CLIENT-05","logon_type":2,"authentication_package":"Kerberos","workstation_name":"WIN-CLIENT-05","logon_id":"0x5EE43","logon_process":"User32","ip_address":"10.10.20.174","message":"An account was successfully logged on."}
{"timestamp":"2026-09-02T09:07:13Z","host":"WIN-CLIENT-03","source":"WinEventLog:Security","sourcetype":"WinEventLog:Security","index":"windows","EventCode":4624,"event_id":4624,"log_name":"Security","computer":"WIN-CLIENT-03.corp.local","provider_name":"Microsoft-Windows-Security-Auditing","level":"Information","record_id":100373,"scenario":"Normal Authentication","attack_phase":"None","mitre_technique":"None","severity":"low","is_suspicious":false,"subject_user":"SYSTEM","subject_domain":"NT AUTHORITY","target_user":"tnguyen","target_domain":"CORP","src_ip":"10.10.10.192","src_port":52570,"dest_host":"WIN-CLIENT-03","logon_type":11,"authentication_package":"Kerberos","workstation_name":"WIN-CLIENT-03","logon_id":"0xA40C3","logon_process":"User32","ip_address":"10.10.10.192","message":"An account was successfully logged on."}
{"timestamp":"2026-09-02T09:08:37Z","host":"WIN-CLIENT-04","source":"WinEventLog:Security","sourcetype":"WinEventLog:Security","index":"windows","EventCode":4624,"event_id":4624,"log_name":"Security","computer":"WIN-CLIENT-04.corp.local","provider_name":"Microsoft-Windows-Security-Auditing","level":"Information","record_id":100374,"scenario":"Normal Authentication","attack_phase":"None","mitre_technique":"None","severity":"low","is_suspicious":false,"subject_user":"SYSTEM","subject_domain":"NT AUTHORITY","target_user":"jsmith","target_domain":"CORP","src_ip":"10.10.10.140","src_port":49987,"dest_host":"WIN-CLIENT-04","logon_type":4,"authentication_package":"Kerberos","workstation_name":"WIN-CLIENT-04","logon_id":"0xFF40D","logon_process":"Advapi","ip_address":"10.10.10.140","message":"An account was successfully logged on."}
{"timestamp":"2026-09-02T09:09:57Z","host":"WIN-CLIENT-01","source":"WinEventLog:Security","sourcetype":"WinEventLog:Security","index":"windows","EventCode":4624,"event_id":4624,"log_name":"Security","computer":"WIN-CLIENT-01.corp.local","provider_name":"Microsoft-Windows-Security-Auditing","level":"Information","record_id":100375,"scenario":"Normal Authentication","attack_phase":"None","mitre_technique":"None","severity":"low","is_suspicious":false,"subject_user":"SYSTEM","subject_domain":"NT AUTHORITY","target_user":"dohara","target_domain":"CORP","src_ip":"10.10.20.48","src_port":61598,"dest_host":"WIN-CLIENT-01","logon_type":4,"authentication_package":"Kerberos","workstation_name":"WIN-CLIENT-01","logon_id":"0x32AB7","logon_process":"Advapi","ip_address":"10.10.20.48","message":"An account was successfully logged on."}
{"timestamp":"2026-09-02T09:17:17Z","host":"WIN-CLIENT-04","source":"WinEventLog:Security","sourcetype":"WinEventLog:Security","index":"windows","EventCode":4624,"event_id":4624,"log_name":"Security","computer":"WIN-CLIENT-04.corp.local","provider_name":"Microsoft-Windows-Security-Auditing","level":"Information","record_id":100376,"scenario":"Normal Authentication","attack_phase":"None","mitre_technique":"None","severity":"low","is_suspicious":false,"subject_user":"SYSTEM","subject_domain":"NT AUTHORITY","target_user":"kwright","target_domain":"CORP","src_ip":"10.10.20.98","src_port":50314,"dest_host":"WIN-CLIENT-04","logon_type":5,"authentication_package":"Kerberos","workstation_name":"WIN-CLIENT-04","logon_id":"0xBEC76","logon_process":"Advapi","ip_address":"10.10.20.98","message":"An account was successfully logged on."}
{"timestamp":"2026-09-02T09:26:39Z","host":"WIN-SRV-01","source":"WinEventLog:Security","sourcetype":"WinEventLog:Security","index":"windows","EventCode":4624,"event_id":4624,"log_name":"Security","computer":"WIN-SRV-01.corp.local","provider_name":"Microsoft-Windows-Security-Auditing","level":"Information","record_id":100377,"scenario":"Normal Authentication","attack_phase":"None","mitre_technique":"None","severity":"low","is_suspicious":false,"subject_user":"SYSTEM","subject_domain":"NT AUTHORITY","target_user":"mchen","target_domain":"CORP","src_ip":"10.10.20.32","src_port":51924,"dest_host":"WIN-SRV-01","logon_type":11,"authentication_package":"Kerberos","workstation_name":"WIN-SRV-01","logon_id":"0x9989C","logon_process":"User32","ip_address":"10.10.20.32","message":"An account was successfully logged on."}
{"timestamp":"2026-09-02T09:33:31Z","host":"WIN-CLIENT-02","source":"WinEventLog:Security","sourcetype":"WinEventLog:Security","index":"windows","EventCode":4624,"event_id":4624,"log_name":"Security","computer":"WIN-CLIENT-02.corp.local","provider_name":"Microsoft-Windows-Security-Auditing","level":"Information","record_id":100378,"scenario":"Normal Authentication","attack_phase":"None","mitre_technique":"None","severity":"low","is_suspicious":false,"subject_user":"SYSTEM","subject_domain":"NT AUTHORITY","target_user":"sbrooks","target_domain":"CORP","src_ip":"10.10.10.215","src_port":49056,"dest_host":"WIN-CLIENT-02","logon_type":10,"authentication_package":"Kerberos","workstation_name":"WIN-CLIENT-02","logon_id":"0xD194F","logon_process":"Advapi","ip_address":"10.10.10.215","message":"An account was successfully logged on."}
{"timestamp":"2026-09-02T09:34:04Z","host":"WIN-CLIENT-04","source":"WinEventLog:Security","sourcetype":"WinEventLog:Security","index":"windows","EventCode":4624,"event_id":4624,"log_name":"Security","computer":"WIN-CLIENT-04.corp.local","provider_name":"Microsoft-Windows-Security-Auditing","level":"Information","record_id":100379,"scenario":"Normal Authentication","attack_phase":"None","mitre_technique":"None","severity":"low","is_suspicious":false,"subject_user":"SYSTEM","subject_domain":"NT AUTHORITY","target_user":"lwilson","target_domain":"CORP","src_ip":"10.10.20.138","src_port":55214,"dest_host":"WIN-CLIENT-04","logon_type":10,"authentication_package":"Kerberos","workstation_name":"WIN-CLIENT-04","logon_id":"0xE2C7B","logon_process":"Advapi","ip_address":"10.10.20.138","message":"An account was successfully logged on."}
{"timestamp":"2026-09-02T09:38:09Z","host":"WIN-CLIENT-04","source":"WinEventLog:Security","sourcetype":"WinEventLog:Security","index":"windows","EventCode":4624,"event_id":4624,"log_name":"Security","computer":"WIN-CLIENT-04.corp.local","provider_name":"Microsoft-Windows-Security-Auditing","level":"Information","record_id":100380,"scenario":"Normal Authentication","attack_phase":"None","mitre_technique":"None","severity":"low","is_suspicious":false,"subject_user":"SYSTEM","subject_domain":"NT AUTHORITY","target_user":"rpatel","target_domain":"CORP","src_ip":"10.10.10.72","src_port":52088,"dest_host":"WIN-CLIENT-04","logon_type":4,"authentication_package":"Kerberos","workstation_name":"WIN-CLIENT-04","logon_id":"0xFFFA2","logon_process":"Advapi","ip_address":"10.10.10.72","message":"An account was successfully logged on."}
{"timestamp":"2026-09-02T09:40:14Z","host":"WIN-SRV-02","source":"WinEventLog:Security","sourcetype":"WinEventLog:Security","index":"windows","EventCode":4624,"event_id":4624,"log_name":"Security","computer":"WIN-SRV-02.corp.local","provider_name":"Microsoft-Windows-Security-Auditing","level":"Information","record_id":100381,"scenario":"Normal Authentication","attack_phase":"None","mitre_technique":"None","severity":"low","is_suspicious":false,"subject_user":"SYSTEM","subject_domain":"NT AUTHORITY","target_user":"jsmith","target_domain":"CORP","src_ip":"10.10.20.159","src_port":61551,"dest_host":"WIN-SRV-02","logon_type":10,"authentication_package":"Kerberos","workstation_name":"WIN-SRV-02","logon_id":"0xFFAD4","logon_process":"Advapi","ip_address":"10.10.20.159","message":"An account was successfully logged on."}
{"timestamp":"2026-09-02T09:40:40Z","host":"WIN-CLIENT-02","source":"WinEventLog:Security","sourcetype":"WinEventLog:Security","index":"windows","EventCode":4624,"event_id":4624,"log_name":"Security","computer":"WIN-CLIENT-02.corp.local","provider_name":"Microsoft-Windows-Security-Auditing","level":"Information","record_id":100382,"scenario":"Normal Authentication","attack_phase":"None","mitre_technique":"None","severity":"low","is_suspicious":false,"subject_user":"SYSTEM","subject_domain":"NT AUTHORITY","target_user":"rpatel","target_domain":"CORP","src_ip":"10.10.10.154","src_port":49550,"dest_host":"WIN-CLIENT-02","logon_type":2,"authentication_package":"Kerberos","workstation_name":"WIN-CLIENT-02","logon_id":"0x8249F","logon_process":"User32","ip_address":"10.10.10.154","message":"An account was successfully logged on."}
{"timestamp":"2026-09-02T09:41:39Z","host":"WIN-SRV-01","source":"WinEventLog:Security","sourcetype":"WinEventLog:Security","index":"windows","EventCode":4624,"event_id":4624,"log_name":"Security","computer":"WIN-SRV-01.corp.local","provider_name":"Microsoft-Windows-Security-Auditing","level":"Information","record_id":100383,"scenario":"Normal Authentication","attack_phase":"None","mitre_technique":"None","severity":"low","is_suspicious":false,"subject_user":"SYSTEM","subject_domain":"NT AUTHORITY","target_user":"rpatel","target_domain":"CORP","src_ip":"10.10.20.114","src_port":52839,"dest_host":"WIN-SRV-01","logon_type":2,"authentication_package":"Kerberos","workstation_name":"WIN-SRV-01","logon_id":"0x9A2DB","logon_process":"User32","ip_address":"10.10.20.114","message":"An account was successfully logged on."}
{"timestamp":"2026-09-02T09:45:31Z","host":"WIN-SRV-02","source":"WinEventLog:Security","sourcetype":"WinEventLog:Security","index":"windows","EventCode":4624,"event_id":4624,"log_name":"Security","computer":"WIN-SRV-02.corp.local","provider_name":"Microsoft-Windows-Security-Auditing","level":"Information","record_id":100384,"scenario":"Normal Authentication","attack_phase":"None","mitre_technique":"None","severity":"low","is_suspicious":false,"subject_user":"SYSTEM","subject_domain":"NT AUTHORITY","target_user":"svc_web","target_domain":"CORP","src_ip":"10.10.10.37","src_port":57255,"dest_host":"WIN-SRV-02","logon_type":11,"authentication_package":"Kerberos","workstation_name":"WIN-SRV-02","logon_id":"0x5A0D2","logon_process":"User32","ip_address":"10.10.10.37","message":"An account was successfully logged on."}
{"timestamp":"2026-09-02T09:49:40Z","host":"WIN-CLIENT-05","source":"WinEventLog:Security","sourcetype":"WinEventLog:Security","index":"windows","EventCode":4624,"event_id":4624,"log_name":"Security","computer":"WIN-CLIENT-05.corp.local","provider_name":"Microsoft-Windows-Security-Auditing","level":"Information","record_id":100385,"scenario":"Normal Authentication","attack_phase":"None","mitre_technique":"None","severity":"low","is_suspicious":false,"subject_user":"SYSTEM","subject_domain":"NT AUTHORITY","target_user":"svc_sql","target_domain":"CORP","src_ip":"10.10.20.62","src_port":53944,"dest_host":"WIN-CLIENT-05","logon_type":4,"authentication_package":"Kerberos","workstation_name":"WIN-CLIENT-05","logon_id":"0xF0527","logon_process":"Advapi","ip_address":"10.10.20.62","message":"An account was successfully logged on."}
{"timestamp":"2026-09-02T09:52:16Z","host":"WIN-CLIENT-05","source":"WinEventLog:Security","sourcetype":"WinEventLog:Security","index":"windows","EventCode":4624,"event_id":4624,"log_name":"Security","computer":"WIN-CLIENT-05.corp.local","provider_name":"Microsoft-Windows-Security-Auditing","level":"Information","record_id":100386,"scenario":"Normal Authentication","attack_phase":"None","mitre_technique":"None","severity":"low","is_suspicious":false,"subject_user":"SYSTEM","subject_domain":"NT AUTHORITY","target_user":"svc_backup","target_domain":"CORP","src_ip":"10.10.20.78","src_port":53508,"dest_host":"WIN-CLIENT-05","logon_type":3,"authentication_package":"Kerberos","workstation_name":"WIN-CLIENT-05","logon_id":"0x1F9AE","logon_process":"NtLmSsp","ip_address":"10.10.20.78","message":"An account was successfully logged on."}
{"timestamp":"2026-09-02T10:01:56Z","host":"WIN-SRV-01","source":"WinEventLog:Security","sourcetype":"WinEventLog:Security","index":"windows","EventCode":4624,"event_id":4624,"log_name":"Security","computer":"WIN-SRV-01.corp.local","provider_name":"Microsoft-Windows-Security-Auditing","level":"Information","record_id":100387,"scenario":"Normal Authentication","attack_phase":"None","mitre_technique":"None","severity":"low","is_suspicious":false,"subject_user":"SYSTEM","subject_domain":"NT AUTHORITY","target_user":"cwalker","target_domain":"CORP","src_ip":"10.10.20.144","src_port":57120,"dest_host":"WIN-SRV-01","logon_type":3,"authentication_package":"Kerberos","workstation_name":"WIN-SRV-01","logon_id":"0x1C009","logon_process":"NtLmSsp","ip_address":"10.10.20.144","message":"An account was successfully logged on."}
{"timestamp":"2026-09-02T10:07:58Z","host":"WIN-SRV-01","source":"WinEventLog:Security","sourcetype":"WinEventLog:Security","index":"windows","EventCode":4624,"event_id":4624,"log_name":"Security","computer":"WIN-SRV-01.corp.local","provider_name":"Microsoft-Windows-Security-Auditing","level":"Information","record_id":100388,"scenario":"Normal Authentication","attack_phase":"None","mitre_technique":"None","severity":"low","is_suspicious":false,"subject_user":"SYSTEM","subject_domain":"NT AUTHORITY","target_user":"svc_backup","target_domain":"CORP","src_ip":"10.10.20.180","src_port":55821,"dest_host":"WIN-SRV-01","logon_type":5,"authentication_package":"Kerberos","workstation_name":"WIN-SRV-01","logon_id":"0x7883A","logon_process":"Advapi","ip_address":"10.10.20.180","message":"An account was successfully logged on."}
{"timestamp":"2026-09-02T10:10:40Z","host":"WIN-CLIENT-04","source":"WinEventLog:Security","sourcetype":"WinEventLog:Security","index":"windows","EventCode":4624,"event_id":4624,"log_name":"Security","computer":"WIN-CLIENT-04.corp.local","provider_name":"Microsoft-Windows-Security-Auditing","level":"Information","record_id":100389,"scenario":"Normal Authentication","attack_phase":"None","mitre_technique":"None","severity":"low","is_suspicious":false,"subject_user":"SYSTEM","subject_domain":"NT AUTHORITY","target_user":"lwilson","target_domain":"CORP","src_ip":"10.10.20.63","src_port":62915,"dest_host":"WIN-CLIENT-04","logon_type":3,"authentication_package":"Kerberos","workstation_name":"WIN-CLIENT-04","logon_id":"0x49B02","logon_process":"NtLmSsp","ip_address":"10.10.20.63","message":"An account was successfully logged on."}
{"timestamp":"2026-09-02T10:15:57Z","host":"WIN-CLIENT-02","source":"WinEventLog:Security","sourcetype":"WinEventLog:Security","index":"windows","EventCode":4624,"event_id":4624,"log_name":"Security","computer":"WIN-CLIENT-02.corp.local","provider_name":"Microsoft-Windows-Security-Auditing","level":"Information","record_id":100390,"scenario":"Normal Authentication","attack_phase":"None","mitre_technique":"None","severity":"low","is_suspicious":false,"subject_user":"SYSTEM","subject_domain":"NT AUTHORITY","target_user":"svc_sql","target_domain":"CORP","src_ip":"10.10.20.236","src_port":49944,"dest_host":"WIN-CLIENT-02","logon_type":11,"authentication_package":"Kerberos","workstation_name":"WIN-CLIENT-02","logon_id":"0x9FF88","logon_process":"User32","ip_address":"10.10.20.236","message":"An account was successfully logged on."}
{"timestamp":"2026-09-02T10:23:09Z","host":"WIN-CLIENT-05","source":"WinEventLog:Security","sourcetype":"WinEventLog:Security","index":"windows","EventCode":4624,"event_id":4624,"log_name":"Security","computer":"WIN-CLIENT-05.corp.local","provider_name":"Microsoft-Windows-Security-Auditing","level":"Information","record_id":100391,"scenario":"Normal Authentication","attack_phase":"None","mitre_technique":"None","severity":"low","is_suspicious":false,"subject_user":"SYSTEM","subject_domain":"NT AUTHORITY","target_user":"tnguyen","target_domain":"CORP","src_ip":"10.10.10.101","src_port":52978,"dest_host":"WIN-CLIENT-05","logon_type":7,"authentication_package":"Kerberos","workstation_name":"WIN-CLIENT-05","logon_id":"0x51476","logon_process":"User32","ip_address":"10.10.10.101","message":"An account was successfully logged on."}
{"timestamp":"2026-09-02T10:26:47Z","host":"WIN-SRV-01","source":"WinEventLog:Security","sourcetype":"WinEventLog:Security","index":"windows","EventCode":4624,"event_id":4624,"log_name":"Security","computer":"WIN-SRV-01.corp.local","provider_name":"Microsoft-Windows-Security-Auditing","level":"Information","record_id":100392,"scenario":"Normal Authentication","attack_phase":"None","mitre_technique":"None","severity":"low","is_suspicious":false,"subject_user":"SYSTEM","subject_domain":"NT AUTHORITY","target_user":"kwright","target_domain":"CORP","src_ip":"10.10.20.218","src_port":55079,"dest_host":"WIN-SRV-01","logon_type":2,"authentication_package":"Kerberos","workstation_name":"WIN-SRV-01","logon_id":"0x27ABB","logon_process":"User32","ip_address":"10.10.20.218","message":"An account was successfully logged on."}
{"timestamp":"2026-09-02T10:36:05Z","host":"WIN-SRV-02","source":"WinEventLog:Security","sourcetype":"WinEventLog:Security","index":"windows","EventCode":4624,"event_id":4624,"log_name":"Security","computer":"WIN-SRV-02.corp.local","provider_name":"Microsoft-Windows-Security-Auditing","level":"Information","record_id":100393,"scenario":"Normal Authentication","attack_phase":"None","mitre_technique":"None","severity":"low","is_suspicious":false,"subject_user":"SYSTEM","subject_domain":"NT AUTHORITY","target_user":"svc_sql","target_domain":"CORP","src_ip":"10.10.10.70","src_port":55179,"dest_host":"WIN-SRV-02","logon_type":3,"authentication_package":"Kerberos","workstation_name":"WIN-SRV-02","logon_id":"0xBC75C","logon_process":"NtLmSsp","ip_address":"10.10.10.70","message":"An account was successfully logged on."}
{"timestamp":"2026-09-02T10:36:55Z","host":"WIN-CLIENT-02","source":"WinEventLog:Security","sourcetype":"WinEventLog:Security","index":"windows","EventCode":4624,"event_id":4624,"log_name":"Security","computer":"WIN-CLIENT-02.corp.local","provider_name":"Microsoft-Windows-Security-Auditing","level":"Information","record_id":100394,"scenario":"Normal Authentication","attack_phase":"None","mitre_technique":"None","severity":"low","is_suspicious":false,"subject_user":"SYSTEM","subject_domain":"NT AUTHORITY","target_user":"agarcia","target_domain":"CORP","src_ip":"10.10.10.124","src_port":52422,"dest_host":"WIN-CLIENT-02","logon_type":11,"authentication_package":"Kerberos","workstation_name":"WIN-CLIENT-02","logon_id":"0xEE95D","logon_process":"User32","ip_address":"10.10.10.124","message":"An account was successfully logged on."}
{"timestamp":"2026-09-02T10:42:45Z","host":"WIN-CLIENT-01","source":"WinEventLog:Security","sourcetype":"WinEventLog:Security","index":"windows","EventCode":4624,"event_id":4624,"log_name":"Security","computer":"WIN-CLIENT-01.corp.local","provider_name":"Microsoft-Windows-Security-Auditing","level":"Information","record_id":100395,"scenario":"Normal Authentication","attack_phase":"None","mitre_technique":"None","severity":"low","is_suspicious":false,"subject_user":"SYSTEM","subject_domain":"NT AUTHORITY","target_user":"lwilson","target_domain":"CORP","src_ip":"10.10.10.248","src_port":61148,"dest_host":"WIN-CLIENT-01","logon_type":3,"authentication_package":"Kerberos","workstation_name":"WIN-CLIENT-01","logon_id":"0x2E086","logon_process":"NtLmSsp","ip_address":"10.10.10.248","message":"An account was successfully logged on."}
{"timestamp":"2026-09-02T10:51:05Z","host":"WIN-SRV-01","source":"WinEventLog:Security","sourcetype":"WinEventLog:Security","index":"windows","EventCode":4624,"event_id":4624,"log_name":"Security","computer":"WIN-SRV-01.corp.local","provider_name":"Microsoft-Windows-Security-Auditing","level":"Information","record_id":100396,"scenario":"Normal Authentication","attack_phase":"None","mitre_technique":"None","severity":"low","is_suspicious":false,"subject_user":"SYSTEM","subject_domain":"NT AUTHORITY","target_user":"rpatel","target_domain":"CORP","src_ip":"10.10.10.103","src_port":63993,"dest_host":"WIN-SRV-01","logon_type":7,"authentication_package":"Kerberos","workstation_name":"WIN-SRV-01","logon_id":"0x4D44C","logon_process":"User32","ip_address":"10.10.10.103","message":"An account was successfully logged on."}
{"timestamp":"2026-09-02T11:00:40Z","host":"WIN-SRV-02","source":"WinEventLog:Security","sourcetype":"WinEventLog:Security","index":"windows","EventCode":4624,"event_id":4624,"log_name":"Security","computer":"WIN-SRV-02.corp.local","provider_name":"Microsoft-Windows-Security-Auditing","level":"Information","record_id":100397,"scenario":"Normal Authentication","attack_phase":"None","mitre_technique":"None","severity":"low","is_suspicious":false,"subject_user":"SYSTEM","subject_domain":"NT AUTHORITY","target_user":"kwright","target_domain":"CORP","src_ip":"10.10.20.121","src_port":57743,"dest_host":"WIN-SRV-02","logon_type":4,"authentication_package":"Kerberos","workstation_name":"WIN-SRV-02","logon_id":"0xB6129","logon_process":"Advapi","ip_address":"10.10.20.121","message":"An account was successfully logged on."}
{"timestamp":"2026-09-02T11:06:57Z","host":"WIN-CLIENT-03","source":"WinEventLog:Security","sourcetype":"WinEventLog:Security","index":"windows","EventCode":4624,"event_id":4624,"log_name":"Security","computer":"WIN-CLIENT-03.corp.local","provider_name":"Microsoft-Windows-Security-Auditing","level":"Information","record_id":100398,"scenario":"Normal Authentication","attack_phase":"None","mitre_technique":"None","severity":"low","is_suspicious":false,"subject_user":"SYSTEM","subject_domain":"NT AUTHORITY","target_user":"lwilson","target_domain":"CORP","src_ip":"10.10.20.121","src_port":50615,"dest_host":"WIN-CLIENT-03","logon_type":4,"authentication_package":"Kerberos","workstation_name":"WIN-CLIENT-03","logon_id":"0xDD856","logon_process":"Advapi","ip_address":"10.10.20.121","message":"An account was successfully logged on."}
{"timestamp":"2026-09-02T11:15:07Z","host":"WIN-SRV-02","source":"WinEventLog:Security","sourcetype":"WinEventLog:Security","index":"windows","EventCode":4624,"event_id":4624,"log_name":"Security","computer":"WIN-SRV-02.corp.local","provider_name":"Microsoft-Windows-Security-Auditing","level":"Information","record_id":100399,"scenario":"Normal Authentication","attack_phase":"None","mitre_technique":"None","severity":"low","is_suspicious":false,"subject_user":"SYSTEM","subject_domain":"NT AUTHORITY","target_user":"svc_web","target_domain":"CORP","src_ip":"10.10.10.96","src_port":54126,"dest_host":"WIN-SRV-02","logon_type":4,"authentication_package":"Kerberos","workstation_name":"WIN-SRV-02","logon_id":"0x79F75","logon_process":"Advapi","ip_address":"10.10.10.96","message":"An account was successfully logged on."}
{"timestamp":"2026-09-02T11:16:03Z","host":"WIN-SRV-02","source":"WinEventLog:Security","sourcetype":"WinEventLog:Security","index":"windows","EventCode":4624,"event_id":4624,"log_name":"Security","computer":"WIN-SRV-02.corp.local","provider_name":"Microsoft-Windows-Security-Auditing","level":"Information","record_id":100400,"scenario":"Normal Authentication","attack_phase":"None","mitre_technique":"None","severity":"low","is_suspicious":false,"subject_user":"SYSTEM","subject_domain":"NT AUTHORITY","target_user":"cwalker","target_domain":"CORP","src_ip":"10.10.10.6","src_port":53272,"dest_host":"WIN-SRV-02","logon_type":3,"authentication_package":"Kerberos","workstation_name":"WIN-SRV-02","logon_id":"0x9DA5D","logon_process":"NtLmSsp","ip_address":"10.10.10.6","message":"An account was successfully logged on."}
{"timestamp":"2026-09-02T11:23:20Z","host":"WIN-CLIENT-02","source":"WinEventLog:Security","sourcetype":"WinEventLog:Security","index":"windows","EventCode":4624,"event_id":4624,"log_name":"Security","computer":"WIN-CLIENT-02.corp.local","provider_name":"Microsoft-Windows-Security-Auditing","level":"Information","record_id":100401,"scenario":"Normal Authentication","attack_phase":"None","mitre_technique":"None","severity":"low","is_suspicious":false,"subject_user":"SYSTEM","subject_domain":"NT AUTHORITY","target_user":"lwilson","target_domain":"CORP","src_ip":"10.10.20.60","src_port":55223,"dest_host":"WIN-CLIENT-02","logon_type":3,"authentication_package":"Kerberos","workstation_name":"WIN-CLIENT-02","logon_id":"0xA1DDB","logon_process":"NtLmSsp","ip_address":"10.10.20.60","message":"An account was successfully logged on."}
{"timestamp":"2026-09-02T11:27:41Z","host":"WIN-CLIENT-05","source":"WinEventLog:Security","sourcetype":"WinEventLog:Security","index":"windows","EventCode":4624,"event_id":4624,"log_name":"Security","computer":"WIN-CLIENT-05.corp.local","provider_name":"Microsoft-Windows-Security-Auditing","level":"Information","record_id":100402,"scenario":"Normal Authentication","attack_phase":"None","mitre_technique":"None","severity":"low","is_suspicious":false,"subject_user":"SYSTEM","subject_domain":"NT AUTHORITY","target_user":"dohara","target_domain":"CORP","src_ip":"10.10.20.67","src_port":61506,"dest_host":"WIN-CLIENT-05","logon_type":10,"authentication_package":"Kerberos","workstation_name":"WIN-CLIENT-05","logon_id":"0xE253D","logon_process":"Advapi","ip_address":"10.10.20.67","message":"An account was successfully logged on."}
{"timestamp":"2026-09-02T11:36:11Z","host":"WIN-SRV-01","source":"WinEventLog:Security","sourcetype":"WinEventLog:Security","index":"windows","EventCode":4624,"event_id":4624,"log_name":"Security","computer":"WIN-SRV-01.corp.local","provider_name":"Microsoft-Windows-Security-Auditing","level":"Information","record_id":100403,"scenario":"Normal Authentication","attack_phase":"None","mitre_technique":"None","severity":"low","is_suspicious":false,"subject_user":"SYSTEM","subject_domain":"NT AUTHORITY","target_user":"svc_sql","target_domain":"CORP","src_ip":"10.10.20.119","src_port":51756,"dest_host":"WIN-SRV-01","logon_type":10,"authentication_package":"Kerberos","workstation_name":"WIN-SRV-01","logon_id":"0xCB96F","logon_process":"Advapi","ip_address":"10.10.20.119","message":"An account was successfully logged on."}
{"timestamp":"2026-09-02T11:42:21Z","host":"WIN-CLIENT-02","source":"WinEventLog:Security","sourcetype":"WinEventLog:Security","index":"windows","EventCode":4624,"event_id":4624,"log_name":"Security","computer":"WIN-CLIENT-02.corp.local","provider_name":"Microsoft-Windows-Security-Auditing","level":"Information","record_id":100404,"scenario":"Normal Authentication","attack_phase":"None","mitre_technique":"None","severity":"low","is_suspicious":false,"subject_user":"SYSTEM","subject_domain":"NT AUTHORITY","target_user":"mchen","target_domain":"CORP","src_ip":"10.10.20.49","src_port":64022,"dest_host":"WIN-CLIENT-02","logon_type":10,"authentication_package":"Kerberos","workstation_name":"WIN-CLIENT-02","logon_id":"0xF3AD6","logon_process":"Advapi","ip_address":"10.10.20.49","message":"An account was successfully logged on."}
{"timestamp":"2026-09-02T11:51:46Z","host":"WIN-CLIENT-01","source":"WinEventLog:Security","sourcetype":"WinEventLog:Security","index":"windows","EventCode":4624,"event_id":4624,"log_name":"Security","computer":"WIN-CLIENT-01.corp.local","provider_name":"Microsoft-Windows-Security-Auditing","level":"Information","record_id":100405,"scenario":"Normal Authentication","attack_phase":"None","mitre_technique":"None","severity":"low","is_suspicious":false,"subject_user":"SYSTEM","subject_domain":"NT AUTHORITY","target_user":"svc_backup","target_domain":"CORP","src_ip":"10.10.10.216","src_port":62872,"dest_host":"WIN-CLIENT-01","logon_type":7,"authentication_package":"Kerberos","workstation_name":"WIN-CLIENT-01","logon_id":"0x23075","logon_process":"User32","ip_address":"10.10.10.216","message":"An account was successfully logged on."}
{"timestamp":"2026-09-02T11:52:45Z","host":"WIN-CLIENT-01","source":"WinEventLog:Security","sourcetype":"WinEventLog:Security","index":"windows","EventCode":4624,"event_id":4624,"log_name":"Security","computer":"WIN-CLIENT-01.corp.local","provider_name":"Microsoft-Windows-Security-Auditing","level":"Information","record_id":100406,"scenario":"Normal Authentication","attack_phase":"None","mitre_technique":"None","severity":"low","is_suspicious":false,"subject_user":"SYSTEM","subject_domain":"NT AUTHORITY","target_user":"svc_web","target_domain":"CORP","src_ip":"10.10.10.217","src_port":59333,"dest_host":"WIN-CLIENT-01","logon_type":5,"authentication_package":"Kerberos","workstation_name":"WIN-CLIENT-01","logon_id":"0x4B3F3","logon_process":"Advapi","ip_address":"10.10.10.217","message":"An account was successfully logged on."}
{"timestamp":"2026-09-02T11:54:04Z","host":"WIN-CLIENT-02","source":"WinEventLog:Security","sourcetype":"WinEventLog:Security","index":"windows","EventCode":4624,"event_id":4624,"log_name":"Security","computer":"WIN-CLIENT-02.corp.local","provider_name":"Microsoft-Windows-Security-Auditing","level":"Information","record_id":100407,"scenario":"Normal Authentication","attack_phase":"None","mitre_technique":"None","severity":"low","is_suspicious":false,"subject_user":"SYSTEM","subject_domain":"NT AUTHORITY","target_user":"svc_sql","target_domain":"CORP","src_ip":"10.10.10.131","src_port":56471,"dest_host":"WIN-CLIENT-02","logon_type":2,"authentication_package":"Kerberos","workstation_name":"WIN-CLIENT-02","logon_id":"0x6F8A1","logon_process":"User32","ip_address":"10.10.10.131","message":"An account was successfully logged on."}
{"timestamp":"2026-09-02T11:55:15Z","host":"WIN-SRV-01","source":"WinEventLog:Security","sourcetype":"WinEventLog:Security","index":"windows","EventCode":4624,"event_id":4624,"log_name":"Security","computer":"WIN-SRV-01.corp.local","provider_name":"Microsoft-Windows-Security-Auditing","level":"Information","record_id":100408,"scenario":"Normal Authentication","attack_phase":"None","mitre_technique":"None","severity":"low","is_suspicious":false,"subject_user":"SYSTEM","subject_domain":"NT AUTHORITY","target_user":"cwalker","target_domain":"CORP","src_ip":"10.10.20.170","src_port":56993,"dest_host":"WIN-SRV-01","logon_type":10,"authentication_package":"Kerberos","workstation_name":"WIN-SRV-01","logon_id":"0x1406F","logon_process":"Advapi","ip_address":"10.10.20.170","message":"An account was successfully logged on."}
{"timestamp":"2026-09-02T11:55:31Z","host":"WIN-CLIENT-05","source":"WinEventLog:Security","sourcetype":"WinEventLog:Security","index":"windows","EventCode":4624,"event_id":4624,"log_name":"Security","computer":"WIN-CLIENT-05.corp.local","provider_name":"Microsoft-Windows-Security-Auditing","level":"Information","record_id":100409,"scenario":"Normal Authentication","attack_phase":"None","mitre_technique":"None","severity":"low","is_suspicious":false,"subject_user":"SYSTEM","subject_domain":"NT AUTHORITY","target_user":"sbrooks","target_domain":"CORP","src_ip":"10.10.10.6","src_port":57673,"dest_host":"WIN-CLIENT-05","logon_type":5,"authentication_package":"Kerberos","workstation_name":"WIN-CLIENT-05","logon_id":"0xC8E19","logon_process":"Advapi","ip_address":"10.10.10.6","message":"An account was successfully logged on."}
{"timestamp":"2026-09-02T12:00:22Z","host":"WIN-CLIENT-03","source":"WinEventLog:Security","sourcetype":"WinEventLog:Security","index":"windows","EventCode":4624,"event_id":4624,"log_name":"Security","computer":"WIN-CLIENT-03.corp.local","provider_name":"Microsoft-Windows-Security-Auditing","level":"Information","record_id":100410,"scenario":"Normal Authentication","attack_phase":"None","mitre_technique":"None","severity":"low","is_suspicious":false,"subject_user":"SYSTEM","subject_domain":"NT AUTHORITY","target_user":"sbrooks","target_domain":"CORP","src_ip":"10.10.20.208","src_port":64396,"dest_host":"WIN-CLIENT-03","logon_type":2,"authentication_package":"Kerberos","workstation_name":"WIN-CLIENT-03","logon_id":"0xF8E6E","logon_process":"User32","ip_address":"10.10.20.208","message":"An account was successfully logged on."}
{"timestamp":"2026-09-02T12:03:35Z","host":"WIN-CLIENT-01","source":"WinEventLog:Security","sourcetype":"WinEventLog:Security","index":"windows","EventCode":4624,"event_id":4624,"log_name":"Security","computer":"WIN-CLIENT-01.corp.local","provider_name":"Microsoft-Windows-Security-Auditing","level":"Information","record_id":100411,"scenario":"Normal Authentication","attack_phase":"None","mitre_technique":"None","severity":"low","is_suspicious":false,"subject_user":"SYSTEM","subject_domain":"NT AUTHORITY","target_user":"agarcia","target_domain":"CORP","src_ip":"10.10.10.63","src_port":52144,"dest_host":"WIN-CLIENT-01","logon_type":7,"authentication_package":"Kerberos","workstation_name":"WIN-CLIENT-01","logon_id":"0xAEA9F","logon_process":"User32","ip_address":"10.10.10.63","message":"An account was successfully logged on."}
{"timestamp":"2026-09-02T12:12:44Z","host":"WIN-SRV-02","source":"WinEventLog:Security","sourcetype":"WinEventLog:Security","index":"windows","EventCode":4624,"event_id":4624,"log_name":"Security","computer":"WIN-SRV-02.corp.local","provider_name":"Microsoft-Windows-Security-Auditing","level":"Information","record_id":100412,"scenario":"Normal Authentication","attack_phase":"None","mitre_technique":"None","severity":"low","is_suspicious":false,"subject_user":"SYSTEM","subject_domain":"NT AUTHORITY","target_user":"lwilson","target_domain":"CORP","src_ip":"10.10.20.205","src_port":55502,"dest_host":"WIN-SRV-02","logon_type":4,"authentication_package":"Kerberos","workstation_name":"WIN-SRV-02","logon_id":"0x243A9","logon_process":"Advapi","ip_address":"10.10.20.205","message":"An account was successfully logged on."}
{"timestamp":"2026-09-02T12:19:16Z","host":"WIN-CLIENT-04","source":"WinEventLog:Security","sourcetype":"WinEventLog:Security","index":"windows","EventCode":4624,"event_id":4624,"log_name":"Security","computer":"WIN-CLIENT-04.corp.local","provider_name":"Microsoft-Windows-Security-Auditing","level":"Information","record_id":100413,"scenario":"Normal Authentication","attack_phase":"None","mitre_technique":"None","severity":"low","is_suspicious":false,"subject_user":"SYSTEM","subject_domain":"NT AUTHORITY","target_user":"tnguyen","target_domain":"CORP","src_ip":"10.10.10.180","src_port":52700,"dest_host":"WIN-CLIENT-04","logon_type":7,"authentication_package":"Kerberos","workstation_name":"WIN-CLIENT-04","logon_id":"0x5CCB2","logon_process":"User32","ip_address":"10.10.10.180","message":"An account was successfully logged on."}
{"timestamp":"2026-09-02T12:20:48Z","host":"WIN-SRV-02","source":"WinEventLog:Security","sourcetype":"WinEventLog:Security","index":"windows","EventCode":4624,"event_id":4624,"log_name":"Security","computer":"WIN-SRV-02.corp.local","provider_name":"Microsoft-Windows-Security-Auditing","level":"Information","record_id":100414,"scenario":"Normal Authentication","attack_phase":"None","mitre_technique":"None","severity":"low","is_suspicious":false,"subject_user":"SYSTEM","subject_domain":"NT AUTHORITY","target_user":"svc_backup","target_domain":"CORP","src_ip":"10.10.10.25","src_port":55640,"dest_host":"WIN-SRV-02","logon_type":10,"authentication_package":"Kerberos","workstation_name":"WIN-SRV-02","logon_id":"0x71177","logon_process":"Advapi","ip_address":"10.10.10.25","message":"An account was successfully logged on."}
{"timestamp":"2026-09-02T12:27:24Z","host":"WIN-CLIENT-04","source":"WinEventLog:Security","sourcetype":"WinEventLog:Security","index":"windows","EventCode":4624,"event_id":4624,"log_name":"Security","computer":"WIN-CLIENT-04.corp.local","provider_name":"Microsoft-Windows-Security-Auditing","level":"Information","record_id":100415,"scenario":"Normal Authentication","attack_phase":"None","mitre_technique":"None","severity":"low","is_suspicious":false,"subject_user":"SYSTEM","subject_domain":"NT AUTHORITY","target_user":"sbrooks","target_domain":"CORP","src_ip":"10.10.10.181","src_port":51807,"dest_host":"WIN-CLIENT-04","logon_type":2,"authentication_package":"Kerberos","workstation_name":"WIN-CLIENT-04","logon_id":"0x252AE","logon_process":"User32","ip_address":"10.10.10.181","message":"An account was successfully logged on."}
{"timestamp":"2026-09-02T12:36:05Z","host":"WIN-SRV-01","source":"WinEventLog:Security","sourcetype":"WinEventLog:Security","index":"windows","EventCode":4624,"event_id":4624,"log_name":"Security","computer":"WIN-SRV-01.corp.local","provider_name":"Microsoft-Windows-Security-Auditing","level":"Information","record_id":100416,"scenario":"Normal Authentication","attack_phase":"None","mitre_technique":"None","severity":"low","is_suspicious":false,"subject_user":"SYSTEM","subject_domain":"NT AUTHORITY","target_user":"tnguyen","target_domain":"CORP","src_ip":"10.10.20.146","src_port":63056,"dest_host":"WIN-SRV-01","logon_type":11,"authentication_package":"Kerberos","workstation_name":"WIN-SRV-01","logon_id":"0x2869A","logon_process":"User32","ip_address":"10.10.20.146","message":"An account was successfully logged on."}
