{"timestamp":"2026-09-11T01:03:08Z","host":"WIN-DC-01","source":"WinEventLog:Security","sourcetype":"WinEventLog:Security","index":"windows","EventCode":4662,"event_id":4662,"log_name":"Security","computer":"WIN-DC-01.corp.local","provider_name":"Microsoft-Windows-Security-Auditing","level":"Information","record_id":102581,"scenario":"Normal Directory Service Access","attack_phase":"None","mitre_technique":"None","severity":"low","is_suspicious":false,"subject_user":"administrator","subject_domain":"CORP","subject_logon_id":"0xBD478","object_name":"CN=tnguyen,CN=Users,DC=corp,DC=local","object_type":"organizationalPerson","object_server":"DS","access_mask":"0x20","accesses":"Read Property","src_ip":"10.10.10.223","dest_host":"WIN-DC-01","message":"A normal directory object was accessed."}
{"timestamp":"2026-09-11T01:12:30Z","host":"WIN-DC-02","source":"WinEventLog:Security","sourcetype":"WinEventLog:Security","index":"windows","EventCode":4662,"event_id":4662,"log_name":"Security","computer":"WIN-DC-02.corp.local","provider_name":"Microsoft-Windows-Security-Auditing","level":"Information","record_id":102582,"scenario":"Normal Directory Service Access","attack_phase":"None","mitre_technique":"None","severity":"low","is_suspicious":false,"subject_user":"tnguyen","subject_domain":"CORP","subject_logon_id":"0x22037","object_name":"CN=tnguyen,CN=Users,DC=corp,DC=local","object_type":"organizationalPerson","object_server":"DS","access_mask":"0x20","accesses":"Read Property","src_ip":"10.10.10.247","dest_host":"WIN-DC-02","message":"A normal directory object was accessed."}
{"timestamp":"2026-09-11T01:17:26Z","host":"WIN-DC-01","source":"WinEventLog:Security","sourcetype":"WinEventLog:Security","index":"windows","EventCode":4662,"event_id":4662,"log_name":"Security","computer":"WIN-DC-01.corp.local","provider_name":"Microsoft-Windows-Security-Auditing","level":"Information","record_id":102583,"scenario":"Normal Directory Service Access","attack_phase":"None","mitre_technique":"None","severity":"low","is_suspicious":false,"subject_user":"j.admin","subject_domain":"CORP","subject_logon_id":"0xD6CF0","object_name":"CN=cwalker,CN=Users,DC=corp,DC=local","object_type":"organizationalPerson","object_server":"DS","access_mask":"0x20","accesses":"Read Property","src_ip":"10.10.10.167","dest_host":"WIN-DC-01","message":"A normal directory object was accessed."}
{"timestamp":"2026-09-11T01:27:02Z","host":"WIN-DC-01","source":"WinEventLog:Security","sourcetype":"WinEventLog:Security","index":"windows","EventCode":4662,"event_id":4662,"log_name":"Security","computer":"WIN-DC-01.corp.local","provider_name":"Microsoft-Windows-Security-Auditing","level":"Information","record_id":102584,"scenario":"Normal Directory Service Access","attack_phase":"None","mitre_technique":"None","severity":"low","is_suspicious":false,"subject_user":"dohara","subject_domain":"CORP","subject_logon_id":"0x8B163","object_name":"CN=jsmith,CN=Users,DC=corp,DC=local","object_type":"organizationalPerson","object_server":"DS","access_mask":"0x20","accesses":"Read Property","src_ip":"10.10.10.76","dest_host":"WIN-DC-01","message":"A normal directory object was accessed."}
{"timestamp":"2026-09-11T01:41:23Z","host":"WIN-DC-02","source":"WinEventLog:Security","sourcetype":"WinEventLog:Security","index":"windows","EventCode":4662,"event_id":4662,"log_name":"Security","computer":"WIN-DC-02.corp.local","provider_name":"Microsoft-Windows-Security-Auditing","level":"Information","record_id":102585,"scenario":"Normal Directory Service Access","attack_phase":"None","mitre_technique":"None","severity":"low","is_suspicious":false,"subject_user":"j.admin","subject_domain":"CORP","subject_logon_id":"0xD4CD8","object_name":"CN=jsmith,CN=Users,DC=corp,DC=local","object_type":"organizationalPerson","object_server":"DS","access_mask":"0x20","accesses":"Read Property","src_ip":"10.10.10.95","dest_host":"WIN-DC-02","message":"A normal directory object was accessed."}
{"timestamp":"2026-09-11T01:48:42Z","host":"WIN-DC-02","source":"WinEventLog:Security","sourcetype":"WinEventLog:Security","index":"windows","EventCode":4662,"event_id":4662,"log_name":"Security","computer":"WIN-DC-02.corp.local","provider_name":"Microsoft-Windows-Security-Auditing","level":"Information","record_id":102586,"scenario":"Normal Directory Service Access","attack_phase":"None","mitre_technique":"None","severity":"low","is_suspicious":false,"subject_user":"tnguyen","subject_domain":"CORP","subject_logon_id":"0xD9949","object_name":"CN=agarcia,CN=Users,DC=corp,DC=local","object_type":"organizationalPerson","object_server":"DS","access_mask":"0x20","accesses":"Read Property","src_ip":"10.10.10.28","dest_host":"WIN-DC-02","message":"A normal directory object was accessed."}
{"timestamp":"2026-09-11T01:51:41Z","host":"WIN-DC-02","source":"WinEventLog:Security","sourcetype":"WinEventLog:Security","index":"windows","EventCode":4662,"event_id":4662,"log_name":"Security","computer":"WIN-DC-02.corp.local","provider_name":"Microsoft-Windows-Security-Auditing","level":"Information","record_id":102587,"scenario":"Normal Directory Service Access","attack_phase":"None","mitre_technique":"None","severity":"low","is_suspicious":false,"subject_user":"s.domadmin","subject_domain":"CORP","subject_logon_id":"0xE3422","object_name":"CN=cwalker,CN=Users,DC=corp,DC=local","object_type":"organizationalPerson","object_server":"DS","access_mask":"0x20","accesses":"Read Property","src_ip":"10.10.10.194","dest_host":"WIN-DC-02","message":"A normal directory object was accessed."}
{"timestamp":"2026-09-11T02:05:41Z","host":"WIN-DC-01","source":"WinEventLog:Security","sourcetype":"WinEventLog:Security","index":"windows","EventCode":4662,"event_id":4662,"log_name":"Security","computer":"WIN-DC-01.corp.local","provider_name":"Microsoft-Windows-Security-Auditing","level":"Information","record_id":102588,"scenario":"Normal Directory Service Access","attack_phase":"None","mitre_technique":"None","severity":"low","is_suspicious":false,"subject_user":"j.admin","subject_domain":"CORP","subject_logon_id":"0x3B408","object_name":"CN=kwright,CN=Users,DC=corp,DC=local","object_type":"organizationalPerson","object_server":"DS","access_mask":"0x20","accesses":"Read Property","src_ip":"10.10.10.107","dest_host":"WIN-DC-01","message":"A normal directory object was accessed."}
{"timestamp":"2026-09-11T02:17:23Z","host":"WIN-DC-02","source":"WinEventLog:Security","sourcetype":"WinEventLog:Security","index":"windows","EventCode":4662,"event_id":4662,"log_name":"Security","computer":"WIN-DC-02.corp.local","provider_name":"Microsoft-Windows-Security-Auditing","level":"Information","record_id":102589,"scenario":"Normal Directory Service Access","attack_phase":"None","mitre_technique":"None","severity":"low","is_suspicious":false,"subject_user":"mchen","subject_domain":"CORP","subject_logon_id":"0xF9B8B","object_name":"CN=rpatel,CN=Users,DC=corp,DC=local","object_type":"organizationalPerson","object_server":"DS","access_mask":"0x20","accesses":"Read Property","src_ip":"10.10.10.205","dest_host":"WIN-DC-02","message":"A normal directory object was accessed."}
{"timestamp":"2026-09-11T02:26:07Z","host":"WIN-DC-01","source":"WinEventLog:Security","sourcetype":"WinEventLog:Security","index":"windows","EventCode":4662,"event_id":4662,"log_name":"Security","computer":"WIN-DC-01.corp.local","provider_name":"Microsoft-Windows-Security-Auditing","level":"Information","record_id":102590,"scenario":"Normal Directory Service Access","attack_phase":"None","mitre_technique":"None","severity":"low","is_suspicious":false,"subject_user":"lwilson","subject_domain":"CORP","subject_logon_id":"0x28DD3","object_name":"CN=kwright,CN=Users,DC=corp,DC=local","object_type":"organizationalPerson","object_server":"DS","access_mask":"0x20","accesses":"Read Property","src_ip":"10.10.10.166","dest_host":"WIN-DC-01","message":"A normal directory object was accessed."}
{"timestamp":"2026-09-11T02:38:27Z","host":"WIN-DC-01","source":"WinEventLog:Security","sourcetype":"WinEventLog:Security","index":"windows","EventCode":4662,"event_id":4662,"log_name":"Security","computer":"WIN-DC-01.corp.local","provider_name":"Microsoft-Windows-Security-Auditing","level":"Information","record_id":102591,"scenario":"Normal Directory Service Access","attack_phase":"None","mitre_technique":"None","severity":"low","is_suspicious":false,"subject_user":"dohara","subject_domain":"CORP","subject_logon_id":"0xF631A","object_name":"CN=dohara,CN=Users,DC=corp,DC=local","object_type":"organizationalPerson","object_server":"DS","access_mask":"0x20","accesses":"Read Property","src_ip":"10.10.10.194","dest_host":"WIN-DC-01","message":"A normal directory object was accessed."}
{"timestamp":"2026-09-11T02:43:07Z","host":"WIN-DC-02","source":"WinEventLog:Security","sourcetype":"WinEventLog:Security","index":"windows","EventCode":4662,"event_id":4662,"log_name":"Security","computer":"WIN-DC-02.corp.local","provider_name":"Microsoft-Windows-Security-Auditing","level":"Information","record_id":102592,"scenario":"Normal Directory Service Access","attack_phase":"None","mitre_technique":"None","severity":"low","is_suspicious":false,"subject_user":"kwright","subject_domain":"CORP","subject_logon_id":"0x5B984","object_name":"CN=dohara,CN=Users,DC=corp,DC=local","object_type":"organizationalPerson","object_server":"DS","access_mask":"0x20","accesses":"Read Property","src_ip":"10.10.10.86","dest_host":"WIN-DC-02","message":"A normal directory object was accessed."}
{"timestamp":"2026-09-11T02:57:03Z","host":"WIN-DC-02","source":"WinEventLog:Security","sourcetype":"WinEventLog:Security","index":"windows","EventCode":4662,"event_id":4662,"log_name":"Security","computer":"WIN-DC-02.corp.local","provider_name":"Microsoft-Windows-Security-Auditing","level":"Information","record_id":102593,"scenario":"Normal Directory Service Access","attack_phase":"None","mitre_technique":"None","severity":"low","is_suspicious":false,"subject_user":"j.admin","subject_domain":"CORP","subject_logon_id":"0x52072","object_name":"CN=cwalker,CN=Users,DC=corp,DC=local","object_type":"organizationalPerson","object_server":"DS","access_mask":"0x20","accesses":"Read Property","src_ip":"10.10.10.72","dest_host":"WIN-DC-02","message":"A normal directory object was accessed."}
{"timestamp":"2026-09-11T03:07:41Z","host":"WIN-DC-01","source":"WinEventLog:Security","sourcetype":"WinEventLog:Security","index":"windows","EventCode":4662,"event_id":4662,"log_name":"Security","computer":"WIN-DC-01.corp.local","provider_name":"Microsoft-Windows-Security-Auditing","level":"Information","record_id":102594,"scenario":"Normal Directory Service Access","attack_phase":"None","mitre_technique":"None","severity":"low","is_suspicious":false,"subject_user":"s.domadmin","subject_domain":"CORP","subject_logon_id":"0x33D86","object_name":"CN=mchen,CN=Users,DC=corp,DC=local","object_type":"organizationalPerson","object_server":"DS","access_mask":"0x20","accesses":"Read Property","src_ip":"10.10.10.135","dest_host":"WIN-DC-01","message":"A normal directory object was accessed."}
{"timestamp":"2026-09-11T03:13:06Z","host":"WIN-DC-01","source":"WinEventLog:Security","sourcetype":"WinEventLog:Security","index":"windows","EventCode":4662,"event_id":4662,"log_name":"Security","computer":"WIN-DC-01.corp.local","provider_name":"Microsoft-Windows-Security-Auditing","level":"Information","record_id":102595,"scenario":"Normal Directory Service Access","attack_phase":"None","mitre_technique":"None","severity":"low","is_suspicious":false,"subject_user":"rpatel","subject_domain":"CORP","subject_logon_id":"0xF152D","object_name":"CN=kwright,CN=Users,DC=corp,DC=local","object_type":"organizationalPerson","object_server":"DS","access_mask":"0x20","accesses":"Read Property","src_ip":"10.10.10.146","dest_host":"WIN-DC-01","message":"A normal directory object was accessed."}
{"timestamp":"2026-09-11T03:19:47Z","host":"WIN-DC-02","source":"WinEventLog:Security","sourcetype":"WinEventLog:Security","index":"windows","EventCode":4662,"event_id":4662,"log_name":"Security","computer":"WIN-DC-02.corp.local","provider_name":"Microsoft-Windows-Security-Auditing","level":"Information","record_id":102596,"scenario":"Normal Directory Service Access","attack_phase":"None","mitre_technique":"None","severity":"low","is_suspicious":false,"subject_user":"lwilson","subject_domain":"CORP","subject_logon_id":"0xC7411","object_name":"CN=mchen,CN=Users,DC=corp,DC=local","object_type":"organizationalPerson","object_server":"DS","access_mask":"0x20","accesses":"Read Property","src_ip":"10.10.10.147","dest_host":"WIN-DC-02","message":"A normal directory object was accessed."}
{"timestamp":"2026-09-11T03:31:06Z","host":"WIN-DC-02","source":"WinEventLog:Security","sourcetype":"WinEventLog:Security","index":"windows","EventCode":4662,"event_id":4662,"log_name":"Security","computer":"WIN-DC-02.corp.local","provider_name":"Microsoft-Windows-Security-Auditing","level":"Information","record_id":102597,"scenario":"Normal Directory Service Access","attack_phase":"None","mitre_technique":"None","severity":"low","is_suspicious":false,"subject_user":"dohara","subject_domain":"CORP","subject_logon_id":"0xC68C5","object_name":"CN=dohara,CN=Users,DC=corp,DC=local","object_type":"organizationalPerson","object_server":"DS","access_mask":"0x20","accesses":"Read Property","src_ip":"10.10.10.174","dest_host":"WIN-DC-02","message":"A normal directory object was accessed."}
{"timestamp":"2026-09-11T03:36:37Z","host":"WIN-DC-01","source":"WinEventLog:Security","sourcetype":"WinEventLog:Security","index":"windows","EventCode":4662,"event_id":4662,"log_name":"Security","computer":"WIN-DC-01.corp.local","provider_name":"Microsoft-Windows-Security-Auditing","level":"Information","record_id":102598,"scenario":"Normal Directory Service Access","attack_phase":"None","mitre_technique":"None","severity":"low","is_suspicious":false,"subject_user":"j.admin","subject_domain":"CORP","subject_logon_id":"0xDE217","object_name":"CN=mchen,CN=Users,DC=corp,DC=local","object_type":"organizationalPerson","object_server":"DS","access_mask":"0x20","accesses":"Read Property","src_ip":"10.10.10.39","dest_host":"WIN-DC-01","message":"A normal directory object was accessed."}
{"timestamp":"2026-09-11T03:47:29Z","host":"WIN-DC-02","source":"WinEventLog:Security","sourcetype":"WinEventLog:Security","index":"windows","EventCode":4662,"event_id":4662,"log_name":"Security","computer":"WIN-DC-02.corp.local","provider_name":"Microsoft-Windows-Security-Auditing","level":"Information","record_id":102599,"scenario":"Normal Directory Service Access","attack_phase":"None","mitre_technique":"None","severity":"low","is_suspicious":false,"subject_user":"tnguyen","subject_domain":"CORP","subject_logon_id":"0x51DEC","object_name":"CN=rpatel,CN=Users,DC=corp,DC=local","object_type":"organizationalPerson","object_server":"DS","access_mask":"0x20","accesses":"Read Property","src_ip":"10.10.10.9","dest_host":"WIN-DC-02","message":"A normal directory object was accessed."}
{"timestamp":"2026-09-11T03:51:35Z","host":"WIN-DC-02","source":"WinEventLog:Security","sourcetype":"WinEventLog:Security","index":"windows","EventCode":4662,"event_id":4662,"log_name":"Security","computer":"WIN-DC-02.corp.local","provider_name":"Microsoft-Windows-Security-Auditing","level":"Information","record_id":102600,"scenario":"Normal Directory Service Access","attack_phase":"None","mitre_technique":"None","severity":"low","is_suspicious":false,"subject_user":"mchen","subject_domain":"CORP","subject_logon_id":"0xA5906","object_name":"CN=jsmith,CN=Users,DC=corp,DC=local","object_type":"organizationalPerson","object_server":"DS","access_mask":"0x20","accesses":"Read Property","src_ip":"10.10.10.68","dest_host":"WIN-DC-02","message":"A normal directory object was accessed."}
{"timestamp":"2026-09-11T03:58:17Z","host":"WIN-DC-02","source":"WinEventLog:Security","sourcetype":"WinEventLog:Security","index":"windows","EventCode":4662,"event_id":4662,"log_name":"Security","computer":"WIN-DC-02.corp.local","provider_name":"Microsoft-Windows-Security-Auditing","level":"Information","record_id":102601,"scenario":"Normal Directory Service Access","attack_phase":"None","mitre_technique":"None","severity":"low","is_suspicious":false,"subject_user":"dohara","subject_domain":"CORP","subject_logon_id":"0xAE536","object_name":"CN=mchen,CN=Users,DC=corp,DC=local","object_type":"organizationalPerson","object_server":"DS","access_mask":"0x20","accesses":"Read Property","src_ip":"10.10.10.250","dest_host":"WIN-DC-02","message":"A normal directory object was accessed."}
{"timestamp":"2026-09-11T04:04:39Z","host":"WIN-DC-01","source":"WinEventLog:Security","sourcetype":"WinEventLog:Security","index":"windows","EventCode":4662,"event_id":4662,"log_name":"Security","computer":"WIN-DC-01.corp.local","provider_name":"Microsoft-Windows-Security-Auditing","level":"Information","record_id":102602,"scenario":"Normal Directory Service Access","attack_phase":"None","mitre_technique":"None","severity":"low","is_suspicious":false,"subject_user":"cwalker","subject_domain":"CORP","subject_logon_id":"0xEA44A","object_name":"CN=sbrooks,CN=Users,DC=corp,DC=local","object_type":"organizationalPerson","object_server":"DS","access_mask":"0x20","accesses":"Read Property","src_ip":"10.10.10.82","dest_host":"WIN-DC-01","message":"A normal directory object was accessed."}
{"timestamp":"2026-09-11T04:14:04Z","host":"WIN-DC-02","source":"WinEventLog:Security","sourcetype":"WinEventLog:Security","index":"windows","EventCode":4662,"event_id":4662,"log_name":"Security","computer":"WIN-DC-02.corp.local","provider_name":"Microsoft-Windows-Security-Auditing","level":"Information","record_id":102603,"scenario":"Normal Directory Service Access","attack_phase":"None","mitre_technique":"None","severity":"low","is_suspicious":false,"subject_user":"tnguyen","subject_domain":"CORP","subject_logon_id":"0xED8B6","object_name":"CN=dohara,CN=Users,DC=corp,DC=local","object_type":"organizationalPerson","object_server":"DS","access_mask":"0x20","accesses":"Read Property","src_ip":"10.10.10.167","dest_host":"WIN-DC-02","message":"A normal directory object was accessed."}
{"timestamp":"2026-09-11T04:17:27Z","host":"WIN-DC-02","source":"WinEventLog:Security","sourcetype":"WinEventLog:Security","index":"windows","EventCode":4662,"event_id":4662,"log_name":"Security","computer":"WIN-DC-02.corp.local","provider_name":"Microsoft-Windows-Security-Auditing","level":"Information","record_id":102604,"scenario":"Normal Directory Service Access","attack_phase":"None","mitre_technique":"None","severity":"low","is_suspicious":false,"subject_user":"mchen","subject_domain":"CORP","subject_logon_id":"0x8BE75","object_name":"CN=tnguyen,CN=Users,DC=corp,DC=local","object_type":"organizationalPerson","object_server":"DS","access_mask":"0x20","accesses":"Read Property","src_ip":"10.10.10.5","dest_host":"WIN-DC-02","message":"A normal directory object was accessed."}
{"timestamp":"2026-09-11T04:29:21Z","host":"WIN-DC-01","source":"WinEventLog:Security","sourcetype":"WinEventLog:Security","index":"windows","EventCode":4662,"event_id":4662,"log_name":"Security","computer":"WIN-DC-01.corp.local","provider_name":"Microsoft-Windows-Security-Auditing","level":"Information","record_id":102605,"scenario":"Normal Directory Service Access","attack_phase":"None","mitre_technique":"None","severity":"low","is_suspicious":false,"subject_user":"kwright","subject_domain":"CORP","subject_logon_id":"0x498E2","object_name":"CN=lwilson,CN=Users,DC=corp,DC=local","object_type":"organizationalPerson","object_server":"DS","access_mask":"0x20","accesses":"Read Property","src_ip":"10.10.10.54","dest_host":"WIN-DC-01","message":"A normal directory object was accessed."}
{"timestamp":"2026-09-11T04:33:40Z","host":"WIN-DC-01","source":"WinEventLog:Security","sourcetype":"WinEventLog:Security","index":"windows","EventCode":4662,"event_id":4662,"log_name":"Security","computer":"WIN-DC-01.corp.local","provider_name":"Microsoft-Windows-Security-Auditing","level":"Information","record_id":102606,"scenario":"Normal Directory Service Access","attack_phase":"None","mitre_technique":"None","severity":"low","is_suspicious":false,"subject_user":"lwilson","subject_domain":"CORP","subject_logon_id":"0xABCFE","object_name":"CN=agarcia,CN=Users,DC=corp,DC=local","object_type":"organizationalPerson","object_server":"DS","access_mask":"0x20","accesses":"Read Property","src_ip":"10.10.10.168","dest_host":"WIN-DC-01","message":"A normal directory object was accessed."}
{"timestamp":"2026-09-11T04:37:31Z","host":"WIN-DC-02","source":"WinEventLog:Security","sourcetype":"WinEventLog:Security","index":"windows","EventCode":4662,"event_id":4662,"log_name":"Security","computer":"WIN-DC-02.corp.local","provider_name":"Microsoft-Windows-Security-Auditing","level":"Information","record_id":102607,"scenario":"Normal Directory Service Access","attack_phase":"None","mitre_technique":"None","severity":"low","is_suspicious":false,"subject_user":"dohara","subject_domain":"CORP","subject_logon_id":"0x85961","object_name":"CN=cwalker,CN=Users,DC=corp,DC=local","object_type":"organizationalPerson","object_server":"DS","access_mask":"0x20","accesses":"Read Property","src_ip":"10.10.10.235","dest_host":"WIN-DC-02","message":"A normal directory object was accessed."}
{"timestamp":"2026-09-11T04:48:54Z","host":"WIN-DC-01","source":"WinEventLog:Security","sourcetype":"WinEventLog:Security","index":"windows","EventCode":4662,"event_id":4662,"log_name":"Security","computer":"WIN-DC-01.corp.local","provider_name":"Microsoft-Windows-Security-Auditing","level":"Information","record_id":102608,"scenario":"Normal Directory Service Access","attack_phase":"None","mitre_technique":"None","severity":"low","is_suspicious":false,"subject_user":"j.admin","subject_domain":"CORP","subject_logon_id":"0xE882C","object_name":"CN=sbrooks,CN=Users,DC=corp,DC=local","object_type":"organizationalPerson","object_server":"DS","access_mask":"0x20","accesses":"Read Property","src_ip":"10.10.10.231","dest_host":"WIN-DC-01","message":"A normal directory object was accessed."}
{"timestamp":"2026-09-11T04:53:17Z","host":"WIN-DC-01","source":"WinEventLog:Security","sourcetype":"WinEventLog:Security","index":"windows","EventCode":4662,"event_id":4662,"log_name":"Security","computer":"WIN-DC-01.corp.local","provider_name":"Microsoft-Windows-Security-Auditing","level":"Information","record_id":102609,"scenario":"Normal Directory Service Access","attack_phase":"None","mitre_technique":"None","severity":"low","is_suspicious":false,"subject_user":"kwright","subject_domain":"CORP","subject_logon_id":"0xBA0BE","object_name":"CN=jsmith,CN=Users,DC=corp,DC=local","object_type":"organizationalPerson","object_server":"DS","access_mask":"0x20","accesses":"Read Property","src_ip":"10.10.10.104","dest_host":"WIN-DC-01","message":"A normal directory object was accessed."}
{"timestamp":"2026-09-11T05:04:28Z","host":"WIN-DC-01","source":"WinEventLog:Security","sourcetype":"WinEventLog:Security","index":"windows","EventCode":4662,"event_id":4662,"log_name":"Security","computer":"WIN-DC-01.corp.local","provider_name":"Microsoft-Windows-Security-Auditing","level":"Information","record_id":102610,"scenario":"Normal Directory Service Access","attack_phase":"None","mitre_technique":"None","severity":"low","is_suspicious":false,"subject_user":"kwright","subject_domain":"CORP","subject_logon_id":"0x91E60","object_name":"CN=agarcia,CN=Users,DC=corp,DC=local","object_type":"organizationalPerson","object_server":"DS","access_mask":"0x20","accesses":"Read Property","src_ip":"10.10.10.71","dest_host":"WIN-DC-01","message":"A normal directory object was accessed."}
{"timestamp":"2026-09-11T05:14:24Z","host":"WIN-DC-01","source":"WinEventLog:Security","sourcetype":"WinEventLog:Security","index":"windows","EventCode":4662,"event_id":4662,"log_name":"Security","computer":"WIN-DC-01.corp.local","provider_name":"Microsoft-Windows-Security-Auditing","level":"Information","record_id":102611,"scenario":"Normal Directory Service Access","attack_phase":"None","mitre_technique":"None","severity":"low","is_suspicious":false,"subject_user":"s.domadmin","subject_domain":"CORP","subject_logon_id":"0x1E545","object_name":"CN=dohara,CN=Users,DC=corp,DC=local","object_type":"organizationalPerson","object_server":"DS","access_mask":"0x20","accesses":"Read Property","src_ip":"10.10.10.147","dest_host":"WIN-DC-01","message":"A normal directory object was accessed."}
{"timestamp":"2026-09-11T05:23:49Z","host":"WIN-DC-01","source":"WinEventLog:Security","sourcetype":"WinEventLog:Security","index":"windows","EventCode":4662,"event_id":4662,"log_name":"Security","computer":"WIN-DC-01.corp.local","provider_name":"Microsoft-Windows-Security-Auditing","level":"Information","record_id":102612,"scenario":"Normal Directory Service Access","attack_phase":"None","mitre_technique":"None","severity":"low","is_suspicious":false,"subject_user":"rpatel","subject_domain":"CORP","subject_logon_id":"0x518DF","object_name":"CN=mchen,CN=Users,DC=corp,DC=local","object_type":"organizationalPerson","object_server":"DS","access_mask":"0x20","accesses":"Read Property","src_ip":"10.10.10.178","dest_host":"WIN-DC-01","message":"A normal directory object was accessed."}
{"timestamp":"2026-09-11T05:35:25Z","host":"WIN-DC-01","source":"WinEventLog:Security","sourcetype":"WinEventLog:Security","index":"windows","EventCode":4662,"event_id":4662,"log_name":"Security","computer":"WIN-DC-01.corp.local","provider_name":"Microsoft-Windows-Security-Auditing","level":"Information","record_id":102613,"scenario":"Normal Directory Service Access","attack_phase":"None","mitre_technique":"None","severity":"low","is_suspicious":false,"subject_user":"rpatel","subject_domain":"CORP","subject_logon_id":"0xC08C1","object_name":"CN=dohara,CN=Users,DC=corp,DC=local","object_type":"organizationalPerson","object_server":"DS","access_mask":"0x20","accesses":"Read Property","src_ip":"10.10.10.47","dest_host":"WIN-DC-01","message":"A normal directory object was accessed."}
{"timestamp":"2026-09-11T05:36:36Z","host":"WIN-DC-02","source":"WinEventLog:Security","sourcetype":"WinEventLog:Security","index":"windows","EventCode":4662,"event_id":4662,"log_name":"Security","computer":"WIN-DC-02.corp.local","provider_name":"Microsoft-Windows-Security-Auditing","level":"Information","record_id":102614,"scenario":"Normal Directory Service Access","attack_phase":"None","mitre_technique":"None","severity":"low","is_suspicious":false,"subject_user":"sbrooks","subject_domain":"CORP","subject_logon_id":"0x5708B","object_name":"CN=agarcia,CN=Users,DC=corp,DC=local","object_type":"organizationalPerson","object_server":"DS","access_mask":"0x20","accesses":"Read Property","src_ip":"10.10.10.192","dest_host":"WIN-DC-02","message":"A normal directory object was accessed."}
{"timestamp":"2026-09-11T05:40:20Z","host":"WIN-DC-01","source":"WinEventLog:Security","sourcetype":"WinEventLog:Security","index":"windows","EventCode":4662,"event_id":4662,"log_name":"Security","computer":"WIN-DC-01.corp.local","provider_name":"Microsoft-Windows-Security-Auditing","level":"Information","record_id":102615,"scenario":"Normal Directory Service Access","attack_phase":"None","mitre_technique":"None","severity":"low","is_suspicious":false,"subject_user":"mchen","subject_domain":"CORP","subject_logon_id":"0x95C65","object_name":"CN=lwilson,CN=Users,DC=corp,DC=local","object_type":"organizationalPerson","object_server":"DS","access_mask":"0x20","accesses":"Read Property","src_ip":"10.10.10.17","dest_host":"WIN-DC-01","message":"A normal directory object was accessed."}
{"timestamp":"2026-09-11T05:44:22Z","host":"WIN-DC-01","source":"WinEventLog:Security","sourcetype":"WinEventLog:Security","index":"windows","EventCode":4662,"event_id":4662,"log_name":"Security","computer":"WIN-DC-01.corp.local","provider_name":"Microsoft-Windows-Security-Auditing","level":"Information","record_id":102616,"scenario":"Normal Directory Service Access","attack_phase":"None","mitre_technique":"None","severity":"low","is_suspicious":false,"subject_user":"rpatel","subject_domain":"CORP","subject_logon_id":"0xA5EEF","object_name":"CN=cwalker,CN=Users,DC=corp,DC=local","object_type":"organizationalPerson","object_server":"DS","access_mask":"0x20","accesses":"Read Property","src_ip":"10.10.10.124","dest_host":"WIN-DC-01","message":"A normal directory object was accessed."}
{"timestamp":"2026-09-11T05:52:47Z","host":"WIN-DC-01","source":"WinEventLog:Security","sourcetype":"WinEventLog:Security","index":"windows","EventCode":4662,"event_id":4662,"log_name":"Security","computer":"WIN-DC-01.corp.local","provider_name":"Microsoft-Windows-Security-Auditing","level":"Information","record_id":102617,"scenario":"Normal Directory Service Access","attack_phase":"None","mitre_technique":"None","severity":"low","is_suspicious":false,"subject_user":"sbrooks","subject_domain":"CORP","subject_logon_id":"0xF1B33","object_name":"CN=jsmith,CN=Users,DC=corp,DC=local","object_type":"organizationalPerson","object_server":"DS","access_mask":"0x20","accesses":"Read Property","src_ip":"10.10.10.83","dest_host":"WIN-DC-01","message":"A normal directory object was accessed."}
{"timestamp":"2026-09-11T06:06:45Z","host":"WIN-DC-01","source":"WinEventLog:Security","sourcetype":"WinEventLog:Security","index":"windows","EventCode":4662,"event_id":4662,"log_name":"Security","computer":"WIN-DC-01.corp.local","provider_name":"Microsoft-Windows-Security-Auditing","level":"Information","record_id":102618,"scenario":"Normal Directory Service Access","attack_phase":"None","mitre_technique":"None","severity":"low","is_suspicious":false,"subject_user":"rpatel","subject_domain":"CORP","subject_logon_id":"0x8A71C","object_name":"CN=agarcia,CN=Users,DC=corp,DC=local","object_type":"organizationalPerson","object_server":"DS","access_mask":"0x20","accesses":"Read Property","src_ip":"10.10.10.115","dest_host":"WIN-DC-01","message":"A normal directory object was accessed."}
{"timestamp":"2026-09-11T06:08:40Z","host":"WIN-DC-02","source":"WinEventLog:Security","sourcetype":"WinEventLog:Security","index":"windows","EventCode":4662,"event_id":4662,"log_name":"Security","computer":"WIN-DC-02.corp.local","provider_name":"Microsoft-Windows-Security-Auditing","level":"Information","record_id":102619,"scenario":"Normal Directory Service Access","attack_phase":"None","mitre_technique":"None","severity":"low","is_suspicious":false,"subject_user":"rpatel","subject_domain":"CORP","subject_logon_id":"0x29917","object_name":"CN=sbrooks,CN=Users,DC=corp,DC=local","object_type":"organizationalPerson","object_server":"DS","access_mask":"0x20","accesses":"Read Property","src_ip":"10.10.10.152","dest_host":"WIN-DC-02","message":"A normal directory object was accessed."}
{"timestamp":"2026-09-11T06:12:50Z","host":"WIN-DC-02","source":"WinEventLog:Security","sourcetype":"WinEventLog:Security","index":"windows","EventCode":4662,"event_id":4662,"log_name":"Security","computer":"WIN-DC-02.corp.local","provider_name":"Microsoft-Windows-Security-Auditing","level":"Information","record_id":102620,"scenario":"Normal Directory Service Access","attack_phase":"None","mitre_technique":"None","severity":"low","is_suspicious":false,"subject_user":"lwilson","subject_domain":"CORP","subject_logon_id":"0xA1BF9","object_name":"CN=jsmith,CN=Users,DC=corp,DC=local","object_type":"organizationalPerson","object_server":"DS","access_mask":"0x20","accesses":"Read Property","src_ip":"10.10.10.150","dest_host":"WIN-DC-02","message":"A normal directory object was accessed."}
{"timestamp":"2026-09-11T06:20:40Z","host":"WIN-DC-01","source":"WinEventLog:Security","sourcetype":"WinEventLog:Security","index":"windows","EventCode":4662,"event_id":4662,"log_name":"Security","computer":"WIN-DC-01.corp.local","provider_name":"Microsoft-Windows-Security-Auditing","level":"Information","record_id":102621,"scenario":"Normal Directory Service Access","attack_phase":"None","mitre_technique":"None","severity":"low","is_suspicious":false,"subject_user":"j.admin","subject_domain":"CORP","subject_logon_id":"0xF2F2C","object_name":"CN=dohara,CN=Users,DC=corp,DC=local","object_type":"organizationalPerson","object_server":"DS","access_mask":"0x20","accesses":"Read Property","src_ip":"10.10.10.201","dest_host":"WIN-DC-01","message":"A normal directory object was accessed."}
{"timestamp":"2026-09-11T06:32:08Z","host":"WIN-DC-01","source":"WinEventLog:Security","sourcetype":"WinEventLog:Security","index":"windows","EventCode":4662,"event_id":4662,"log_name":"Security","computer":"WIN-DC-01.corp.local","provider_name":"Microsoft-Windows-Security-Auditing","level":"Information","record_id":102622,"scenario":"Normal Directory Service Access","attack_phase":"None","mitre_technique":"None","severity":"low","is_suspicious":false,"subject_user":"cwalker","subject_domain":"CORP","subject_logon_id":"0xDE46A","object_name":"CN=cwalker,CN=Users,DC=corp,DC=local","object_type":"organizationalPerson","object_server":"DS","access_mask":"0x20","accesses":"Read Property","src_ip":"10.10.10.195","dest_host":"WIN-DC-01","message":"A normal directory object was accessed."}
{"timestamp":"2026-09-11T06:40:25Z","host":"WIN-DC-01","source":"WinEventLog:Security","sourcetype":"WinEventLog:Security","index":"windows","EventCode":4662,"event_id":4662,"log_name":"Security","computer":"WIN-DC-01.corp.local","provider_name":"Microsoft-Windows-Security-Auditing","level":"Information","record_id":102623,"scenario":"Normal Directory Service Access","attack_phase":"None","mitre_technique":"None","severity":"low","is_suspicious":false,"subject_user":"lwilson","subject_domain":"CORP","subject_logon_id":"0xD12AD","object_name":"CN=tnguyen,CN=Users,DC=corp,DC=local","object_type":"organizationalPerson","object_server":"DS","access_mask":"0x20","accesses":"Read Property","src_ip":"10.10.10.155","dest_host":"WIN-DC-01","message":"A normal directory object was accessed."}
{"timestamp":"2026-09-11T06:45:32Z","host":"WIN-DC-02","source":"WinEventLog:Security","sourcetype":"WinEventLog:Security","index":"windows","EventCode":4662,"event_id":4662,"log_name":"Security","computer":"WIN-DC-02.corp.local","provider_name":"Microsoft-Windows-Security-Auditing","level":"Information","record_id":102624,"scenario":"Normal Directory Service Access","attack_phase":"None","mitre_technique":"None","severity":"low","is_suspicious":false,"subject_user":"administrator","subject_domain":"CORP","subject_logon_id":"0x3D313","object_name":"CN=kwright,CN=Users,DC=corp,DC=local","object_type":"organizationalPerson","object_server":"DS","access_mask":"0x20","accesses":"Read Property","src_ip":"10.10.10.131","dest_host":"WIN-DC-02","message":"A normal directory object was accessed."}
{"timestamp":"2026-09-11T06:54:16Z","host":"WIN-DC-02","source":"WinEventLog:Security","sourcetype":"WinEventLog:Security","index":"windows","EventCode":4662,"event_id":4662,"log_name":"Security","computer":"WIN-DC-02.corp.local","provider_name":"Microsoft-Windows-Security-Auditing","level":"Information","record_id":102625,"scenario":"Normal Directory Service Access","attack_phase":"None","mitre_technique":"None","severity":"low","is_suspicious":false,"subject_user":"administrator","subject_domain":"CORP","subject_logon_id":"0x5CB50","object_name":"CN=lwilson,CN=Users,DC=corp,DC=local","object_type":"organizationalPerson","object_server":"DS","access_mask":"0x20","accesses":"Read Property","src_ip":"10.10.10.224","dest_host":"WIN-DC-02","message":"A normal directory object was accessed."}
{"timestamp":"2026-09-11T07:03:50Z","host":"WIN-DC-01","source":"WinEventLog:Security","sourcetype":"WinEventLog:Security","index":"windows","EventCode":4662,"event_id":4662,"log_name":"Security","computer":"WIN-DC-01.corp.local","provider_name":"Microsoft-Windows-Security-Auditing","level":"Information","record_id":102626,"scenario":"Normal Directory Service Access","attack_phase":"None","mitre_technique":"None","severity":"low","is_suspicious":false,"subject_user":"kwright","subject_domain":"CORP","subject_logon_id":"0x56794","object_name":"CN=sbrooks,CN=Users,DC=corp,DC=local","object_type":"organizationalPerson","object_server":"DS","access_mask":"0x20","accesses":"Read Property","src_ip":"10.10.10.130","dest_host":"WIN-DC-01","message":"A normal directory object was accessed."}
{"timestamp":"2026-09-11T07:09:36Z","host":"WIN-DC-02","source":"WinEventLog:Security","sourcetype":"WinEventLog:Security","index":"windows","EventCode":4662,"event_id":4662,"log_name":"Security","computer":"WIN-DC-02.corp.local","provider_name":"Microsoft-Windows-Security-Auditing","level":"Information","record_id":102627,"scenario":"Normal Directory Service Access","attack_phase":"None","mitre_technique":"None","severity":"low","is_suspicious":false,"subject_user":"agarcia","subject_domain":"CORP","subject_logon_id":"0xD1B15","object_name":"CN=mchen,CN=Users,DC=corp,DC=local","object_type":"organizationalPerson","object_server":"DS","access_mask":"0x20","accesses":"Read Property","src_ip":"10.10.10.126","dest_host":"WIN-DC-02","message":"A normal directory object was accessed."}
{"timestamp":"2026-09-11T07:10:12Z","host":"WIN-DC-02","source":"WinEventLog:Security","sourcetype":"WinEventLog:Security","index":"windows","EventCode":4662,"event_id":4662,"log_name":"Security","computer":"WIN-DC-02.corp.local","provider_name":"Microsoft-Windows-Security-Auditing","level":"Information","record_id":102628,"scenario":"Normal Directory Service Access","attack_phase":"None","mitre_technique":"None","severity":"low","is_suspicious":false,"subject_user":"sbrooks","subject_domain":"CORP","subject_logon_id":"0x88731","object_name":"CN=dohara,CN=Users,DC=corp,DC=local","object_type":"organizationalPerson","object_server":"DS","access_mask":"0x20","accesses":"Read Property","src_ip":"10.10.10.43","dest_host":"WIN-DC-02","message":"A normal directory object was accessed."}
{"timestamp":"2026-09-11T07:13:45Z","host":"WIN-DC-01","source":"WinEventLog:Security","sourcetype":"WinEventLog:Security","index":"windows","EventCode":4662,"event_id":4662,"log_name":"Security","computer":"WIN-DC-01.corp.local","provider_name":"Microsoft-Windows-Security-Auditing","level":"Information","record_id":102629,"scenario":"Normal Directory Service Access","attack_phase":"None","mitre_technique":"None","severity":"low","is_suspicious":false,"subject_user":"s.domadmin","subject_domain":"CORP","subject_logon_id":"0x7E988","object_name":"CN=lwilson,CN=Users,DC=corp,DC=local","object_type":"organizationalPerson","object_server":"DS","access_mask":"0x20","accesses":"Read Property","src_ip":"10.10.10.26","dest_host":"WIN-DC-01","message":"A normal directory object was accessed."}
{"timestamp":"2026-09-11T07:21:48Z","host":"WIN-DC-02","source":"WinEventLog:Security","sourcetype":"WinEventLog:Security","index":"windows","EventCode":4662,"event_id":4662,"log_name":"Security","computer":"WIN-DC-02.corp.local","provider_name":"Microsoft-Windows-Security-Auditing","level":"Information","record_id":102630,"scenario":"Normal Directory Service Access","attack_phase":"None","mitre_technique":"None","severity":"low","is_suspicious":false,"subject_user":"administrator","subject_domain":"CORP","subject_logon_id":"0xBFDC8","object_name":"CN=sbrooks,CN=Users,DC=corp,DC=local","object_type":"organizationalPerson","object_server":"DS","access_mask":"0x20","accesses":"Read Property","src_ip":"10.10.10.212","dest_host":"WIN-DC-02","message":"A normal directory object was accessed."}
{"timestamp":"2026-09-11T07:25:25Z","host":"WIN-DC-01","source":"WinEventLog:Security","sourcetype":"WinEventLog:Security","index":"windows","EventCode":4662,"event_id":4662,"log_name":"Security","computer":"WIN-DC-01.corp.local","provider_name":"Microsoft-Windows-Security-Auditing","level":"Information","record_id":102631,"scenario":"Normal Directory Service Access","attack_phase":"None","mitre_technique":"None","severity":"low","is_suspicious":false,"subject_user":"s.domadmin","subject_domain":"CORP","subject_logon_id":"0x2BD48","object_name":"CN=rpatel,CN=Users,DC=corp,DC=local","object_type":"organizationalPerson","object_server":"DS","access_mask":"0x20","accesses":"Read Property","src_ip":"10.10.10.56","dest_host":"WIN-DC-01","message":"A normal directory object was accessed."}
{"timestamp":"2026-09-11T07:31:09Z","host":"WIN-DC-02","source":"WinEventLog:Security","sourcetype":"WinEventLog:Security","index":"windows","EventCode":4662,"event_id":4662,"log_name":"Security","computer":"WIN-DC-02.corp.local","provider_name":"Microsoft-Windows-Security-Auditing","level":"Information","record_id":102632,"scenario":"Normal Directory Service Access","attack_phase":"None","mitre_technique":"None","severity":"low","is_suspicious":false,"subject_user":"kwright","subject_domain":"CORP","subject_logon_id":"0xD4342","object_name":"CN=sbrooks,CN=Users,DC=corp,DC=local","object_type":"organizationalPerson","object_server":"DS","access_mask":"0x20","accesses":"Read Property","src_ip":"10.10.10.122","dest_host":"WIN-DC-02","message":"A normal directory object was accessed."}
{"timestamp":"2026-09-11T07:33:24Z","host":"WIN-DC-02","source":"WinEventLog:Security","sourcetype":"WinEventLog:Security","index":"windows","EventCode":4662,"event_id":4662,"log_name":"Security","computer":"WIN-DC-02.corp.local","provider_name":"Microsoft-Windows-Security-Auditing","level":"Information","record_id":102633,"scenario":"Normal Directory Service Access","attack_phase":"None","mitre_technique":"None","severity":"low","is_suspicious":false,"subject_user":"cwalker","subject_domain":"CORP","subject_logon_id":"0x45D5B","object_name":"CN=cwalker,CN=Users,DC=corp,DC=local","object_type":"organizationalPerson","object_server":"DS","access_mask":"0x20","accesses":"Read Property","src_ip":"10.10.10.174","dest_host":"WIN-DC-02","message":"A normal directory object was accessed."}
{"timestamp":"2026-09-11T07:36:32Z","host":"WIN-DC-02","source":"WinEventLog:Security","sourcetype":"WinEventLog:Security","index":"windows","EventCode":4662,"event_id":4662,"log_name":"Security","computer":"WIN-DC-02.corp.local","provider_name":"Microsoft-Windows-Security-Auditing","level":"Information","record_id":102634,"scenario":"Normal Directory Service Access","attack_phase":"None","mitre_technique":"None","severity":"low","is_suspicious":false,"subject_user":"mchen","subject_domain":"CORP","subject_logon_id":"0x41209","object_name":"CN=tnguyen,CN=Users,DC=corp,DC=local","object_type":"organizationalPerson","object_server":"DS","access_mask":"0x20","accesses":"Read Property","src_ip":"10.10.10.203","dest_host":"WIN-DC-02","message":"A normal directory object was accessed."}
{"timestamp":"2026-09-11T07:39:57Z","host":"WIN-DC-01","source":"WinEventLog:Security","sourcetype":"WinEventLog:Security","index":"windows","EventCode":4662,"event_id":4662,"log_name":"Security","computer":"WIN-DC-01.corp.local","provider_name":"Microsoft-Windows-Security-Auditing","level":"Information","record_id":102635,"scenario":"Normal Directory Service Access","attack_phase":"None","mitre_technique":"None","severity":"low","is_suspicious":false,"subject_user":"cwalker","subject_domain":"CORP","subject_logon_id":"0xB99F8","object_name":"CN=mchen,CN=Users,DC=corp,DC=local","object_type":"organizationalPerson","object_server":"DS","access_mask":"0x20","accesses":"Read Property","src_ip":"10.10.10.85","dest_host":"WIN-DC-01","message":"A normal directory object was accessed."}
{"timestamp":"2026-09-11T07:49:15Z","host":"WIN-DC-02","source":"WinEventLog:Security","sourcetype":"WinEventLog:Security","index":"windows","EventCode":4662,"event_id":4662,"log_name":"Security","computer":"WIN-DC-02.corp.local","provider_name":"Microsoft-Windows-Security-Auditing","level":"Information","record_id":102636,"scenario":"Normal Directory Service Access","attack_phase":"None","mitre_technique":"None","severity":"low","is_suspicious":false,"subject_user":"administrator","subject_domain":"CORP","subject_logon_id":"0xA860F","object_name":"CN=tnguyen,CN=Users,DC=corp,DC=local","object_type":"organizationalPerson","object_server":"DS","access_mask":"0x20","accesses":"Read Property","src_ip":"10.10.10.201","dest_host":"WIN-DC-02","message":"A normal directory object was accessed."}
{"timestamp":"2026-09-11T08:02:08Z","host":"WIN-DC-02","source":"WinEventLog:Security","sourcetype":"WinEventLog:Security","index":"windows","EventCode":4662,"event_id":4662,"log_name":"Security","computer":"WIN-DC-02.corp.local","provider_name":"Microsoft-Windows-Security-Auditing","level":"Information","record_id":102637,"scenario":"Normal Directory Service Access","attack_phase":"None","mitre_technique":"None","severity":"low","is_suspicious":false,"subject_user":"rpatel","subject_domain":"CORP","subject_logon_id":"0xFECED","object_name":"CN=lwilson,CN=Users,DC=corp,DC=local","object_type":"organizationalPerson","object_server":"DS","access_mask":"0x20","accesses":"Read Property","src_ip":"10.10.10.122","dest_host":"WIN-DC-02","message":"A normal directory object was accessed."}
{"timestamp":"2026-09-11T08:16:52Z","host":"WIN-DC-02","source":"WinEventLog:Security","sourcetype":"WinEventLog:Security","index":"windows","EventCode":4662,"event_id":4662,"log_name":"Security","computer":"WIN-DC-02.corp.local","provider_name":"Microsoft-Windows-Security-Auditing","level":"Information","record_id":102638,"scenario":"Normal Directory Service Access","attack_phase":"None","mitre_technique":"None","severity":"low","is_suspicious":false,"subject_user":"kwright","subject_domain":"CORP","subject_logon_id":"0x351DD","object_name":"CN=lwilson,CN=Users,DC=corp,DC=local","object_type":"organizationalPerson","object_server":"DS","access_mask":"0x20","accesses":"Read Property","src_ip":"10.10.10.87","dest_host":"WIN-DC-02","message":"A normal directory object was accessed."}
{"timestamp":"2026-09-11T08:29:46Z","host":"WIN-DC-02","source":"WinEventLog:Security","sourcetype":"WinEventLog:Security","index":"windows","EventCode":4662,"event_id":4662,"log_name":"Security","computer":"WIN-DC-02.corp.local","provider_name":"Microsoft-Windows-Security-Auditing","level":"Information","record_id":102639,"scenario":"Normal Directory Service Access","attack_phase":"None","mitre_technique":"None","severity":"low","is_suspicious":false,"subject_user":"j.admin","subject_domain":"CORP","subject_logon_id":"0x60BA8","object_name":"CN=dohara,CN=Users,DC=corp,DC=local","object_type":"organizationalPerson","object_server":"DS","access_mask":"0x20","accesses":"Read Property","src_ip":"10.10.10.80","dest_host":"WIN-DC-02","message":"A normal directory object was accessed."}
{"timestamp":"2026-09-11T08:37:31Z","host":"WIN-DC-02","source":"WinEventLog:Security","sourcetype":"WinEventLog:Security","index":"windows","EventCode":4662,"event_id":4662,"log_name":"Security","computer":"WIN-DC-02.corp.local","provider_name":"Microsoft-Windows-Security-Auditing","level":"Information","record_id":102640,"scenario":"Normal Directory Service Access","attack_phase":"None","mitre_technique":"None","severity":"low","is_suspicious":false,"subject_user":"s.domadmin","subject_domain":"CORP","subject_logon_id":"0x7AC89","object_name":"CN=jsmith,CN=Users,DC=corp,DC=local","object_type":"organizationalPerson","object_server":"DS","access_mask":"0x20","accesses":"Read Property","src_ip":"10.10.10.197","dest_host":"WIN-DC-02","message":"A normal directory object was accessed."}
{"timestamp":"2026-09-11T08:44:54Z","host":"WIN-DC-01","source":"WinEventLog:Security","sourcetype":"WinEventLog:Security","index":"windows","EventCode":4662,"event_id":4662,"log_name":"Security","computer":"WIN-DC-01.corp.local","provider_name":"Microsoft-Windows-Security-Auditing","level":"Information","record_id":102641,"scenario":"Normal Directory Service Access","attack_phase":"None","mitre_technique":"None","severity":"low","is_suspicious":false,"subject_user":"tnguyen","subject_domain":"CORP","subject_logon_id":"0x6A865","object_name":"CN=mchen,CN=Users,DC=corp,DC=local","object_type":"organizationalPerson","object_server":"DS","access_mask":"0x20","accesses":"Read Property","src_ip":"10.10.10.118","dest_host":"WIN-DC-01","message":"A normal directory object was accessed."}
{"timestamp":"2026-09-11T08:58:29Z","host":"WIN-DC-02","source":"WinEventLog:Security","sourcetype":"WinEventLog:Security","index":"windows","EventCode":4662,"event_id":4662,"log_name":"Security","computer":"WIN-DC-02.corp.local","provider_name":"Microsoft-Windows-Security-Auditing","level":"Information","record_id":102642,"scenario":"Normal Directory Service Access","attack_phase":"None","mitre_technique":"None","severity":"low","is_suspicious":false,"subject_user":"jsmith","subject_domain":"CORP","subject_logon_id":"0xE18B6","object_name":"CN=rpatel,CN=Users,DC=corp,DC=local","object_type":"organizationalPerson","object_server":"DS","access_mask":"0x20","accesses":"Read Property","src_ip":"10.10.10.55","dest_host":"WIN-DC-02","message":"A normal directory object was accessed."}
{"timestamp":"2026-09-11T09:10:16Z","host":"WIN-DC-02","source":"WinEventLog:Security","sourcetype":"WinEventLog:Security","index":"windows","EventCode":4662,"event_id":4662,"log_name":"Security","computer":"WIN-DC-02.corp.local","provider_name":"Microsoft-Windows-Security-Auditing","level":"Information","record_id":102643,"scenario":"Normal Directory Service Access","attack_phase":"None","mitre_technique":"None","severity":"low","is_suspicious":false,"subject_user":"lwilson","subject_domain":"CORP","subject_logon_id":"0xE5221","object_name":"CN=kwright,CN=Users,DC=corp,DC=local","object_type":"organizationalPerson","object_server":"DS","access_mask":"0x20","accesses":"Read Property","src_ip":"10.10.10.8","dest_host":"WIN-DC-02","message":"A normal directory object was accessed."}
