{"timestamp":"2026-09-02T08:23:00Z","host":"WIN-SRV-01","source":"WinEventLog:Security","sourcetype":"WinEventLog:Security","index":"windows","EventCode":4688,"event_id":4688,"log_name":"Security","computer":"WIN-SRV-01.corp.local","provider_name":"Microsoft-Windows-Security-Auditing","level":"Information","record_id":100752,"scenario":"PowerShell Execution","attack_phase":"Execution","mitre_technique":"T1059.001","severity":"medium","is_suspicious":true,"new_process_name":"C:\\Windows\\System32\\WindowsPowerShell\\v1.0\\powershell.exe","parent_process_name":"C:\\Windows\\explorer.exe","command_line":"powershell.exe -NoProfile -ExecutionPolicy Bypass -EncodedCommand SYNTHETIC_TRAINING_PAYLOAD","creator_user":"alice","process_id":"0x1a20","parent_process_id":"0x1120","integrity_level":"High","token_elevation_type":"Full","message":"A new process has been created."}
{"timestamp":"2026-09-02T08:23:02Z","host":"WIN-SRV-01","source":"WinEventLog:Security","sourcetype":"WinEventLog:Security","index":"windows","EventCode":4104,"event_id":4104,"log_name":"Security","computer":"WIN-SRV-01.corp.local","provider_name":"Microsoft-Windows-Security-Auditing","level":"Information","record_id":100753,"scenario":"PowerShell Execution","attack_phase":"Execution","mitre_technique":"T1059.001","severity":"high","is_suspicious":true,"user":"alice","path":"C:\\Users\\alice\\Downloads\\maintenance.ps1","script_block_id":"a64cdf74-5d81-4129-905b-ca9738e28c7c","message_number":1,"message_total":1,"script_block_text":"PowerShell script block contains -EncodedCommand, FromBase64String, and synthetic discovery activity.","process_name":"C:\\Windows\\System32\\WindowsPowerShell\\v1.0\\powershell.exe","message":"Creating Scriptblock text (1 of 1)."}
{"timestamp":"2026-09-02T08:23:03Z","host":"WIN-SRV-01","source":"WinEventLog:Security","sourcetype":"WinEventLog:Security","index":"windows","EventCode":4103,"event_id":4103,"log_name":"Security","computer":"WIN-SRV-01.corp.local","provider_name":"Microsoft-Windows-Security-Auditing","level":"Information","record_id":100754,"scenario":"PowerShell Execution","attack_phase":"Execution","mitre_technique":"T1059.001","severity":"medium","is_suspicious":true,"user":"alice","module_name":"Microsoft.PowerShell.Management","command_invocation":"Get-Process; Get-Service; Get-ChildItem","host_application":"ConsoleHost","process_name":"C:\\Windows\\System32\\WindowsPowerShell\\v1.0\\powershell.exe","message":"Command invocation detail."}
{"timestamp":"2026-09-02T08:26:00Z","host":"WIN-SRV-01","source":"WinEventLog:Security","sourcetype":"WinEventLog:Security","index":"windows","EventCode":7045,"event_id":7045,"log_name":"Security","computer":"WIN-SRV-01.corp.local","provider_name":"Microsoft-Windows-Security-Auditing","level":"Information","record_id":100755,"scenario":"Service Persistence","attack_phase":"Persistence","mitre_technique":"T1543.003","severity":"high","is_suspicious":true,"service_name":"WindowsTelemetryUpdater","service_file_name":"C:\\Users\\Public\\update.exe","service_type":"Win32OwnProcess","start_type":"Auto","account_name":"LocalSystem","subject_user":"alice","src_ip":"10.10.20.90","message":"A service was installed in the system."}
{"timestamp":"2026-09-02T08:27:00Z","host":"WIN-SRV-01","source":"WinEventLog:Security","sourcetype":"WinEventLog:Security","index":"windows","EventCode":4698,"event_id":4698,"log_name":"Security","computer":"WIN-SRV-01.corp.local","provider_name":"Microsoft-Windows-Security-Auditing","level":"Information","record_id":100756,"scenario":"Scheduled Task Persistence","attack_phase":"Persistence","mitre_technique":"T1053.005","severity":"high","is_suspicious":true,"subject_user":"alice","task_name":"\\Microsoft\\Windows\\Maintenance\\TelemetryUpdate","author":"alice","run_as_user":"SYSTEM","action":"C:\\Users\\Public\\update.exe","trigger":"At logon","working_directory":"C:\\Users\\Public","task_content":"Synthetic scheduled task executing a non-functional training binary.","message":"A scheduled task was created."}
{"timestamp":"2026-09-02T08:31:00Z","host":"WIN-SRV-01","source":"WinEventLog:Security","sourcetype":"WinEventLog:Security","index":"windows","EventCode":4719,"event_id":4719,"log_name":"Security","computer":"WIN-SRV-01.corp.local","provider_name":"Microsoft-Windows-Security-Auditing","level":"Information","record_id":100757,"scenario":"Defense Evasion","attack_phase":"Defense Evasion","mitre_technique":"T1562.002","severity":"high","is_suspicious":true,"subject_user":"alice","subject_domain":"CORP","src_ip":"10.10.20.90","subcategory":"Audit Process Creation","old_value":"Success and Failure","new_value":"No Auditing","audit_policy_change":"Process Creation auditing reduced","process_name":"C:\\Windows\\System32\\auditpol.exe","message":"System audit policy was changed."}
{"timestamp":"2026-09-02T08:32:00Z","host":"WIN-SRV-01","source":"WinEventLog:Security","sourcetype":"WinEventLog:Security","index":"windows","EventCode":1102,"event_id":1102,"log_name":"Security","computer":"WIN-SRV-01.corp.local","provider_name":"Microsoft-Windows-Security-Auditing","level":"Information","record_id":100758,"scenario":"Defense Evasion","attack_phase":"Defense Evasion","mitre_technique":"T1070.001","severity":"critical","is_suspicious":true,"subject_user":"alice","subject_domain":"CORP","subject_logon_id":"0x8f21","src_ip":"10.10.20.90","process_name":"C:\\Windows\\System32\\wevtutil.exe","reason":"Synthetic attacker cleared the Security event log after suspicious activity.","message":"The audit log was cleared."}
{"timestamp":"2026-09-02T08:35:00Z","host":"WIN-SRV-01","source":"WinEventLog:Security","sourcetype":"WinEventLog:Security","index":"windows","EventCode":4656,"event_id":4656,"log_name":"Security","computer":"WIN-SRV-01.corp.local","provider_name":"Microsoft-Windows-Security-Auditing","level":"Information","record_id":100759,"scenario":"Credential Access","attack_phase":"Credential Access","mitre_technique":"T1003.001","severity":"high","is_suspicious":true,"subject_user":"alice","object_name":"\\Device\\HarddiskVolume3\\Windows\\System32\\lsass.exe","object_type":"Process","access_mask":"0x1FFFFF","accesses":"ReadProcessMemory","process_name":"C:\\Users\\Public\\audit-helper.exe","process_id":"0x2b10","message":"A handle to an object was requested."}
{"timestamp":"2026-09-02T08:35:02Z","host":"WIN-SRV-01","source":"WinEventLog:Security","sourcetype":"WinEventLog:Security","index":"windows","EventCode":4663,"event_id":4663,"log_name":"Security","computer":"WIN-SRV-01.corp.local","provider_name":"Microsoft-Windows-Security-Auditing","level":"Information","record_id":100760,"scenario":"Credential Access","attack_phase":"Credential Access","mitre_technique":"T1003.001","severity":"high","is_suspicious":true,"subject_user":"alice","object_name":"\\Device\\HarddiskVolume3\\Windows\\System32\\lsass.exe","object_type":"Process","access_mask":"0x1010","accesses":"ReadData;ReadProcessMemory","process_name":"C:\\Users\\Public\\audit-helper.exe","process_id":"0x2b10","message":"An attempt was made to access an object."}
{"timestamp":"2026-09-02T08:35:04Z","host":"WIN-SRV-01","source":"WinEventLog:Security","sourcetype":"WinEventLog:Security","index":"windows","EventCode":4673,"event_id":4673,"log_name":"Security","computer":"WIN-SRV-01.corp.local","provider_name":"Microsoft-Windows-Security-Auditing","level":"Information","record_id":100761,"scenario":"Credential Access","attack_phase":"Credential Access","mitre_technique":"T1003.001","severity":"high","is_suspicious":true,"subject_user":"alice","service":"SeDebugPrivilege","privilege":"SeDebugPrivilege","process_name":"C:\\Users\\Public\\audit-helper.exe","process_id":"0x2b10","message":"A privileged service was called."}
{"timestamp":"2026-09-02T08:35:49Z","host":"WIN-DC-01","source":"WinEventLog:Security","sourcetype":"WinEventLog:Security","index":"windows","EventCode":4776,"event_id":4776,"log_name":"Security","computer":"WIN-DC-01.corp.local","provider_name":"Microsoft-Windows-Security-Auditing","level":"Information","record_id":100599,"scenario":"Normal NTLM Validation","attack_phase":"Credential Access","mitre_technique":"None","severity":"low","is_suspicious":false,"target_user":"alice","source_workstation":"WIN-DC-01","package_name":"MICROSOFT_AUTHENTICATION_PACKAGE_V1_0","status":"0x0","message":"The domain controller attempted to validate the credentials for an account."}
{"timestamp":"2026-09-02T08:36:58Z","host":"WIN-SRV-01","source":"WinEventLog:Security","sourcetype":"WinEventLog:Security","index":"windows","EventCode":4768,"event_id":4768,"log_name":"Security","computer":"WIN-SRV-01.corp.local","provider_name":"Microsoft-Windows-Security-Auditing","level":"Information","record_id":100167,"scenario":"Normal Kerberos Authentication","attack_phase":"Credential Access","mitre_technique":"None","severity":"low","is_suspicious":false,"target_user":"carol","target_domain":"CORP","src_ip":"10.10.30.10","service_name":"krbtgt/CORP","ticket_options":"0x40810010","status":"0x0","message":"A Kerberos authentication ticket was requested."}
{"timestamp":"2026-09-02T08:40:00Z","host":"WIN-DC-01","source":"WinEventLog:Security","sourcetype":"WinEventLog:Security","index":"windows","EventCode":4662,"event_id":4662,"log_name":"Security","computer":"WIN-DC-01.corp.local","provider_name":"Microsoft-Windows-Security-Auditing","level":"Information","record_id":100762,"scenario":"DCSync-Like Activity","attack_phase":"Credential Access","mitre_technique":"T1003.006","severity":"critical","is_suspicious":true,"subject_user":"alice","subject_domain":"CORP","src_ip":"10.10.20.90","object_name":"DC=corp,DC=local","object_type":"domainDNS","object_server":"DS","access_mask":"0x100","accesses":"Control Access","properties":"1131f6ad-9c07-11d1-f79f-00c04fc2dcd2","message":"An operation was performed on an object."}
{"timestamp":"2026-09-02T08:40:15Z","host":"WIN-DC-01","source":"WinEventLog:Security","sourcetype":"WinEventLog:Security","index":"windows","EventCode":4662,"event_id":4662,"log_name":"Security","computer":"WIN-DC-01.corp.local","provider_name":"Microsoft-Windows-Security-Auditing","level":"Information","record_id":100763,"scenario":"DCSync-Like Activity","attack_phase":"Credential Access","mitre_technique":"T1003.006","severity":"critical","is_suspicious":true,"subject_user":"alice","subject_domain":"CORP","src_ip":"10.10.20.90","object_name":"DC=corp,DC=local","object_type":"domainDNS","object_server":"DS","access_mask":"0x100","accesses":"Control Access","properties":"1131f6aa-9c07-11d1-f79f-00c04fc2dcd2","message":"An operation was performed on an object."}
{"timestamp":"2026-09-02T08:40:30Z","host":"WIN-DC-01","source":"WinEventLog:Security","sourcetype":"WinEventLog:Security","index":"windows","EventCode":4662,"event_id":4662,"log_name":"Security","computer":"WIN-DC-01.corp.local","provider_name":"Microsoft-Windows-Security-Auditing","level":"Information","record_id":100764,"scenario":"DCSync-Like Activity","attack_phase":"Credential Access","mitre_technique":"T1003.006","severity":"critical","is_suspicious":true,"subject_user":"alice","subject_domain":"CORP","src_ip":"10.10.20.90","object_name":"DC=corp,DC=local","object_type":"domainDNS","object_server":"DS","access_mask":"0x100","accesses":"Control Access","properties":"1131f6ad-9c07-11d1-f79f-00c04fc2dcd2","message":"An operation was performed on an object."}
{"timestamp":"2026-09-02T08:43:00Z","host":"WIN-SRV-01","source":"WinEventLog:Security","sourcetype":"WinEventLog:Security","index":"windows","EventCode":4728,"event_id":4728,"log_name":"Security","computer":"WIN-SRV-01.corp.local","provider_name":"Microsoft-Windows-Security-Auditing","level":"Information","record_id":100765,"scenario":"Privilege Escalation","attack_phase":"Privilege Escalation","mitre_technique":"T1098","severity":"high","is_suspicious":true,"subject_user":"alice","target_user":"alice","target_group":"Domain Admins","target_domain":"CORP","member_name":"CN=alice,CN=Users,DC=corp,DC=local","src_ip":"10.10.20.90","message":"A member was added to a security-enabled global group."}
{"timestamp":"2026-09-02T08:49:57Z","host":"WIN-DC-01","source":"WinEventLog:Security","sourcetype":"WinEventLog:Security","index":"windows","EventCode":4698,"event_id":4698,"log_name":"Security","computer":"WIN-DC-01.corp.local","provider_name":"Microsoft-Windows-Security-Auditing","level":"Information","record_id":100343,"scenario":"Normal Scheduled Task","attack_phase":"Persistence","mitre_technique":"None","severity":"low","is_suspicious":false,"subject_user":"SYSTEM","task_name":"\\Microsoft\\Windows\\Update\\Scheduled Update","author":"Microsoft Corporation","run_as_user":"SYSTEM","action":"C:\\Windows\\System32\\UsoClient.exe","trigger":"Daily","task_content":"Routine Windows update task."}
{"timestamp":"2026-09-02T08:54:45Z","host":"WIN-CLIENT-01","source":"WinEventLog:Security","sourcetype":"WinEventLog:Security","index":"windows","EventCode":4698,"event_id":4698,"log_name":"Security","computer":"WIN-CLIENT-01.corp.local","provider_name":"Microsoft-Windows-Security-Auditing","level":"Information","record_id":100455,"scenario":"Normal Scheduled Task","attack_phase":"Persistence","mitre_technique":"None","severity":"low","is_suspicious":false,"subject_user":"SYSTEM","task_name":"\\Microsoft\\Windows\\Update\\Scheduled Update","author":"Microsoft Corporation","run_as_user":"SYSTEM","action":"C:\\Windows\\System32\\UsoClient.exe","trigger":"Daily","task_content":"Routine Windows update task."}
{"timestamp":"2026-09-02T09:02:58Z","host":"WIN-CLIENT-02","source":"WinEventLog:Security","sourcetype":"WinEventLog:Security","index":"windows","EventCode":4624,"event_id":4624,"log_name":"Security","computer":"WIN-CLIENT-02.corp.local","provider_name":"Microsoft-Windows-Security-Auditing","level":"Information","record_id":100243,"scenario":"Normal Authentication","attack_phase":"Initial Access","mitre_technique":"None","severity":"low","is_suspicious":false,"target_user":"david","target_domain":"CORP","src_ip":"10.10.20.52","src_port":41745,"dest_host":"WIN-CLIENT-02","logon_type":10,"authentication_package":"NTLM","workstation_name":"WKSTN-17","logon_id":"0xe687","message":"An account was successfully logged on."}
{"timestamp":"2026-09-02T10:17:28Z","host":"WIN-DC-02","source":"WinEventLog:Security","sourcetype":"WinEventLog:Security","index":"windows","EventCode":5145,"event_id":5145,"log_name":"Security","computer":"WIN-DC-02.corp.local","provider_name":"Microsoft-Windows-Security-Auditing","level":"Information","record_id":100931,"scenario":"Administrative Share Access","attack_phase":"Lateral Movement","mitre_technique":"T1021.002","severity":"medium","is_suspicious":true,"subject_user":"administrator","src_ip":"10.10.20.91","share_name":"\\\\WIN-SRV-01\\C$","relative_target_name":"Windows\\Temp\\stage.exe","access_mask":"0x12019f","message":"A network share object was checked for desired access."}
{"timestamp":"2026-09-02T10:24:25Z","host":"WIN-SRV-01","source":"WinEventLog:Security","sourcetype":"WinEventLog:Security","index":"windows","EventCode":4768,"event_id":4768,"log_name":"Security","computer":"WIN-SRV-01.corp.local","provider_name":"Microsoft-Windows-Security-Auditing","level":"Information","record_id":100304,"scenario":"Normal Kerberos Authentication","attack_phase":"Credential Access","mitre_technique":"None","severity":"low","is_suspicious":false,"target_user":"carol","target_domain":"CORP","src_ip":"10.10.20.52","service_name":"krbtgt/CORP","ticket_options":"0x40810010","status":"0x0","message":"A Kerberos authentication ticket was requested."}
{"timestamp":"2026-09-02T10:26:03Z","host":"WIN-SRV-01","source":"WinEventLog:Security","sourcetype":"WinEventLog:Security","index":"windows","EventCode":4769,"event_id":4769,"log_name":"Security","computer":"WIN-SRV-01.corp.local","provider_name":"Microsoft-Windows-Security-Auditing","level":"Information","record_id":100294,"scenario":"Normal Service Ticket Activity","attack_phase":"Credential Access","mitre_technique":"None","severity":"low","is_suspicious":false,"target_user":"david","target_domain":"CORP","src_ip":"10.10.30.10","service_name":"cifs/WIN-FILE-01","ticket_encryption_type":"0x12","status":"0x0","message":"A Kerberos service ticket was requested."}
{"timestamp":"2026-09-02T10:39:28Z","host":"WIN-DC-02","source":"WinEventLog:Security","sourcetype":"WinEventLog:Security","index":"windows","EventCode":5140,"event_id":5140,"log_name":"Security","computer":"WIN-DC-02.corp.local","provider_name":"Microsoft-Windows-Security-Auditing","level":"Information","record_id":100417,"scenario":"Normal Network Share Access","attack_phase":"Lateral Movement","mitre_technique":"None","severity":"low","is_suspicious":false,"subject_user":"frank","src_ip":"10.10.10.11","share_name":"\\\\WIN-FILE-01\\Public","share_path":"\\\\WIN-FILE-01\\Public","access_type":"Read","message":"A network share object was accessed."}
{"timestamp":"2026-09-02T11:01:44Z","host":"WIN-CLIENT-02","source":"WinEventLog:Security","sourcetype":"WinEventLog:Security","index":"windows","EventCode":5157,"event_id":5157,"log_name":"Security","computer":"WIN-CLIENT-02.corp.local","provider_name":"Microsoft-Windows-Security-Auditing","level":"Information","record_id":100930,"scenario":"Suspicious Network Activity","attack_phase":"Command and Control","mitre_technique":"T1071","severity":"medium","is_suspicious":true,"application_path":"C:\\Users\\Public\\audit-helper.exe","src_ip":"10.10.20.22","src_port":48332,"dest_ip":"10.10.40.122","dest_port":9001,"protocol":"TCP","direction":"Outbound","message":"The Windows Filtering Platform has blocked a connection."}
{"timestamp":"2026-09-02T11:20:15Z","host":"WIN-DC-02","source":"WinEventLog:Security","sourcetype":"WinEventLog:Security","index":"windows","EventCode":7045,"event_id":7045,"log_name":"Security","computer":"WIN-DC-02.corp.local","provider_name":"Microsoft-Windows-Security-Auditing","level":"Information","record_id":100511,"scenario":"Normal Service Installation","attack_phase":"Persistence","mitre_technique":"None","severity":"low","is_suspicious":false,"service_name":"Windows Update","service_file_name":"C:\\Windows\\explorer.exe","service_type":"Win32OwnProcess","start_type":"Auto","account_name":"LocalSystem","subject_user":"SYSTEM","message":"A service was installed in the system."}
{"timestamp":"2026-09-02T11:49:44Z","host":"WIN-SRV-01","source":"WinEventLog:Security","sourcetype":"WinEventLog:Security","index":"windows","EventCode":4624,"event_id":4624,"log_name":"Security","computer":"WIN-SRV-01.corp.local","provider_name":"Microsoft-Windows-Security-Auditing","level":"Information","record_id":100097,"scenario":"Normal Authentication","attack_phase":"Initial Access","mitre_technique":"None","severity":"low","is_suspicious":false,"target_user":"frank","target_domain":"CORP","src_ip":"10.10.20.50","src_port":57456,"dest_host":"WIN-SRV-01","logon_type":7,"authentication_package":"NTLM","workstation_name":"WKSTN-12","logon_id":"0x4a5e","message":"An account was successfully logged on."}
{"timestamp":"2026-09-02T11:54:08Z","host":"WIN-CLIENT-01","source":"WinEventLog:Security","sourcetype":"WinEventLog:Security","index":"windows","EventCode":4698,"event_id":4698,"log_name":"Security","computer":"WIN-CLIENT-01.corp.local","provider_name":"Microsoft-Windows-Security-Auditing","level":"Information","record_id":100394,"scenario":"Normal Scheduled Task","attack_phase":"Persistence","mitre_technique":"None","severity":"low","is_suspicious":false,"subject_user":"SYSTEM","task_name":"\\Microsoft\\Windows\\Update\\Scheduled Update","author":"Microsoft Corporation","run_as_user":"SYSTEM","action":"C:\\Windows\\System32\\UsoClient.exe","trigger":"Daily","task_content":"Routine Windows update task."}
{"timestamp":"2026-09-02T12:00:55Z","host":"WIN-CLIENT-01","source":"WinEventLog:Security","sourcetype":"WinEventLog:Security","index":"windows","EventCode":4698,"event_id":4698,"log_name":"Security","computer":"WIN-CLIENT-01.corp.local","provider_name":"Microsoft-Windows-Security-Auditing","level":"Information","record_id":100115,"scenario":"Normal Scheduled Task","attack_phase":"Persistence","mitre_technique":"None","severity":"low","is_suspicious":false,"subject_user":"SYSTEM","task_name":"\\Microsoft\\Windows\\Update\\Scheduled Update","author":"Microsoft Corporation","run_as_user":"SYSTEM","action":"C:\\Windows\\System32\\UsoClient.exe","trigger":"Daily","task_content":"Routine Windows update task."}
{"timestamp":"2026-09-02T12:04:22Z","host":"WIN-DC-01","source":"WinEventLog:Security","sourcetype":"WinEventLog:Security","index":"windows","EventCode":4769,"event_id":4769,"log_name":"Security","computer":"WIN-DC-01.corp.local","provider_name":"Microsoft-Windows-Security-Auditing","level":"Information","record_id":100055,"scenario":"Normal Service Ticket Activity","attack_phase":"Credential Access","mitre_technique":"None","severity":"low","is_suspicious":false,"target_user":"david","target_domain":"CORP","src_ip":"10.10.20.51","service_name":"cifs/WIN-FILE-01","ticket_encryption_type":"0x12","status":"0x0","message":"A Kerberos service ticket was requested."}
{"timestamp":"2026-09-02T12:07:06Z","host":"WIN-CLIENT-01","source":"WinEventLog:Security","sourcetype":"WinEventLog:Security","index":"windows","EventCode":5145,"event_id":5145,"log_name":"Security","computer":"WIN-CLIENT-01.corp.local","provider_name":"Microsoft-Windows-Security-Auditing","level":"Information","record_id":100943,"scenario":"Administrative Share Access","attack_phase":"Lateral Movement","mitre_technique":"T1021.002","severity":"medium","is_suspicious":true,"subject_user":"alice","src_ip":"10.10.20.91","share_name":"\\\\WIN-DC-01\\ADMIN$","relative_target_name":"Windows\\Temp\\stage.exe","access_mask":"0x12019f","message":"A network share object was checked for desired access."}
{"timestamp":"2026-09-02T12:15:51Z","host":"WIN-SRV-01","source":"WinEventLog:Security","sourcetype":"WinEventLog:Security","index":"windows","EventCode":7045,"event_id":7045,"log_name":"Security","computer":"WIN-SRV-01.corp.local","provider_name":"Microsoft-Windows-Security-Auditing","level":"Information","record_id":100225,"scenario":"Normal Service Installation","attack_phase":"Persistence","mitre_technique":"None","severity":"low","is_suspicious":false,"service_name":"Spooler","service_file_name":"C:\\Windows\\System32\\svchost.exe","service_type":"Win32OwnProcess","start_type":"Auto","account_name":"LocalSystem","subject_user":"SYSTEM","message":"A service was installed in the system."}
{"timestamp":"2026-09-02T12:16:24Z","host":"WIN-DC-02","source":"WinEventLog:Security","sourcetype":"WinEventLog:Security","index":"windows","EventCode":7045,"event_id":7045,"log_name":"Security","computer":"WIN-DC-02.corp.local","provider_name":"Microsoft-Windows-Security-Auditing","level":"Information","record_id":100628,"scenario":"Normal Service Installation","attack_phase":"Persistence","mitre_technique":"None","severity":"low","is_suspicious":false,"service_name":"W32Time","service_file_name":"C:\\Windows\\System32\\lsass.exe","service_type":"Win32OwnProcess","start_type":"Auto","account_name":"LocalSystem","subject_user":"SYSTEM","message":"A service was installed in the system."}
{"timestamp":"2026-09-02T12:19:26Z","host":"WIN-DC-01","source":"WinEventLog:Security","sourcetype":"WinEventLog:Security","index":"windows","EventCode":4768,"event_id":4768,"log_name":"Security","computer":"WIN-DC-01.corp.local","provider_name":"Microsoft-Windows-Security-Auditing","level":"Information","record_id":100607,"scenario":"Normal Kerberos Authentication","attack_phase":"Credential Access","mitre_technique":"None","severity":"low","is_suspicious":false,"target_user":"david","target_domain":"CORP","src_ip":"10.10.10.10","service_name":"krbtgt/CORP","ticket_options":"0x40810010","status":"0x0","message":"A Kerberos authentication ticket was requested."}
{"timestamp":"2026-09-02T12:35:04Z","host":"WIN-SRV-01","source":"WinEventLog:Security","sourcetype":"WinEventLog:Security","index":"windows","EventCode":4768,"event_id":4768,"log_name":"Security","computer":"WIN-SRV-01.corp.local","provider_name":"Microsoft-Windows-Security-Auditing","level":"Information","record_id":100529,"scenario":"Normal Kerberos Authentication","attack_phase":"Credential Access","mitre_technique":"None","severity":"low","is_suspicious":false,"target_user":"bob","target_domain":"CORP","src_ip":"10.10.30.10","service_name":"krbtgt/CORP","ticket_options":"0x40810010","status":"0x0","message":"A Kerberos authentication ticket was requested."}
{"timestamp":"2026-09-02T12:49:27Z","host":"WIN-SRV-01","source":"WinEventLog:Security","sourcetype":"WinEventLog:Security","index":"windows","EventCode":4768,"event_id":4768,"log_name":"Security","computer":"WIN-SRV-01.corp.local","provider_name":"Microsoft-Windows-Security-Auditing","level":"Information","record_id":100099,"scenario":"Normal Kerberos Authentication","attack_phase":"Credential Access","mitre_technique":"None","severity":"low","is_suspicious":false,"target_user":"frank","target_domain":"CORP","src_ip":"10.10.30.10","service_name":"krbtgt/CORP","ticket_options":"0x40810010","status":"0x0","message":"A Kerberos authentication ticket was requested."}
{"timestamp":"2026-09-02T12:55:00Z","host":"WIN-CLIENT-01","source":"WinEventLog:Security","sourcetype":"WinEventLog:Security","index":"windows","EventCode":7045,"event_id":7045,"log_name":"Security","computer":"WIN-CLIENT-01.corp.local","provider_name":"Microsoft-Windows-Security-Auditing","level":"Information","record_id":100413,"scenario":"Normal Service Installation","attack_phase":"Persistence","mitre_technique":"None","severity":"low","is_suspicious":false,"service_name":"Spooler","service_file_name":"C:\\Windows\\System32\\lsass.exe","service_type":"Win32OwnProcess","start_type":"Auto","account_name":"LocalSystem","subject_user":"SYSTEM","message":"A service was installed in the system."}
{"timestamp":"2026-09-02T13:05:05Z","host":"WIN-CLIENT-01","source":"WinEventLog:Security","sourcetype":"WinEventLog:Security","index":"windows","EventCode":5140,"event_id":5140,"log_name":"Security","computer":"WIN-CLIENT-01.corp.local","provider_name":"Microsoft-Windows-Security-Auditing","level":"Information","record_id":100393,"scenario":"Normal Network Share Access","attack_phase":"Lateral Movement","mitre_technique":"None","severity":"low","is_suspicious":false,"subject_user":"carol","src_ip":"10.10.20.21","share_name":"\\\\WIN-FILE-01\\Users","share_path":"\\\\WIN-FILE-01\\Users","access_type":"Read","message":"A network share object was accessed."}
{"timestamp":"2026-09-02T13:06:09Z","host":"WIN-FILE-01","source":"WinEventLog:Security","sourcetype":"WinEventLog:Security","index":"windows","EventCode":5157,"event_id":5157,"log_name":"Security","computer":"WIN-FILE-01.corp.local","provider_name":"Microsoft-Windows-Security-Auditing","level":"Information","record_id":100876,"scenario":"Suspicious Network Activity","attack_phase":"Command and Control","mitre_technique":"T1071","severity":"medium","is_suspicious":true,"application_path":"C:\\Windows\\Temp\\svc-host.exe","src_ip":"10.10.30.20","src_port":48562,"dest_ip":"10.10.40.219","dest_port":9001,"protocol":"TCP","direction":"Outbound","message":"The Windows Filtering Platform has blocked a connection."}
{"timestamp":"2026-09-02T13:07:15Z","host":"WIN-FILE-01","source":"WinEventLog:Security","sourcetype":"WinEventLog:Security","index":"windows","EventCode":4776,"event_id":4776,"log_name":"Security","computer":"WIN-FILE-01.corp.local","provider_name":"Microsoft-Windows-Security-Auditing","level":"Information","record_id":100161,"scenario":"Normal NTLM Validation","attack_phase":"Credential Access","mitre_technique":"None","severity":"low","is_suspicious":false,"target_user":"erin","source_workstation":"WIN-FILE-01","package_name":"MICROSOFT_AUTHENTICATION_PACKAGE_V1_0","status":"0x0","message":"The domain controller attempted to validate the credentials for an account."}
{"timestamp":"2026-09-02T13:12:08Z","host":"WIN-SRV-01","source":"WinEventLog:Security","sourcetype":"WinEventLog:Security","index":"windows","EventCode":5140,"event_id":5140,"log_name":"Security","computer":"WIN-SRV-01.corp.local","provider_name":"Microsoft-Windows-Security-Auditing","level":"Information","record_id":100402,"scenario":"Normal Network Share Access","attack_phase":"Lateral Movement","mitre_technique":"None","severity":"low","is_suspicious":false,"subject_user":"alice","src_ip":"10.10.30.10","share_name":"\\\\WIN-SRV-01\\Reports","share_path":"\\\\WIN-SRV-01\\Reports","access_type":"Read","message":"A network share object was accessed."}
{"timestamp":"2026-09-02T13:13:58Z","host":"WIN-CLIENT-01","source":"WinEventLog:Security","sourcetype":"WinEventLog:Security","index":"windows","EventCode":4769,"event_id":4769,"log_name":"Security","computer":"WIN-CLIENT-01.corp.local","provider_name":"Microsoft-Windows-Security-Auditing","level":"Information","record_id":100379,"scenario":"Normal Service Ticket Activity","attack_phase":"Credential Access","mitre_technique":"None","severity":"low","is_suspicious":false,"target_user":"erin","target_domain":"CORP","src_ip":"10.10.20.51","service_name":"cifs/WIN-FILE-01","ticket_encryption_type":"0x12","status":"0x0","message":"A Kerberos service ticket was requested."}
{"timestamp":"2026-09-02T13:49:39Z","host":"WIN-DC-02","source":"WinEventLog:Security","sourcetype":"WinEventLog:Security","index":"windows","EventCode":4769,"event_id":4769,"log_name":"Security","computer":"WIN-DC-02.corp.local","provider_name":"Microsoft-Windows-Security-Auditing","level":"Information","record_id":100322,"scenario":"Normal Service Ticket Activity","attack_phase":"Credential Access","mitre_technique":"None","severity":"low","is_suspicious":false,"target_user":"erin","target_domain":"CORP","src_ip":"10.10.20.51","service_name":"cifs/WIN-FILE-01","ticket_encryption_type":"0x12","status":"0x0","message":"A Kerberos service ticket was requested."}
{"timestamp":"2026-09-02T13:51:43Z","host":"WIN-CLIENT-02","source":"WinEventLog:Security","sourcetype":"WinEventLog:Security","index":"windows","EventCode":7045,"event_id":7045,"log_name":"Security","computer":"WIN-CLIENT-02.corp.local","provider_name":"Microsoft-Windows-Security-Auditing","level":"Information","record_id":100419,"scenario":"Normal Service Installation","attack_phase":"Persistence","mitre_technique":"None","severity":"low","is_suspicious":false,"service_name":"Spooler","service_file_name":"C:\\Windows\\System32\\taskhostw.exe","service_type":"Win32OwnProcess","start_type":"Auto","account_name":"LocalSystem","subject_user":"SYSTEM","message":"A service was installed in the system."}
{"timestamp":"2026-09-02T14:52:08Z","host":"WIN-DC-02","source":"WinEventLog:Security","sourcetype":"WinEventLog:Security","index":"windows","EventCode":4768,"event_id":4768,"log_name":"Security","computer":"WIN-DC-02.corp.local","provider_name":"Microsoft-Windows-Security-Auditing","level":"Information","record_id":100606,"scenario":"Normal Kerberos Authentication","attack_phase":"Credential Access","mitre_technique":"None","severity":"low","is_suspicious":false,"target_user":"frank","target_domain":"CORP","src_ip":"10.10.20.50","service_name":"krbtgt/CORP","ticket_options":"0x40810010","status":"0x0","message":"A Kerberos authentication ticket was requested."}
{"timestamp":"2026-09-02T15:07:50Z","host":"WIN-CLIENT-01","source":"WinEventLog:Security","sourcetype":"WinEventLog:Security","index":"windows","EventCode":4769,"event_id":4769,"log_name":"Security","computer":"WIN-CLIENT-01.corp.local","provider_name":"Microsoft-Windows-Security-Auditing","level":"Information","record_id":100595,"scenario":"Normal Service Ticket Activity","attack_phase":"Credential Access","mitre_technique":"None","severity":"low","is_suspicious":false,"target_user":"david","target_domain":"CORP","src_ip":"10.10.20.51","service_name":"HOST/WIN-SRV-01","ticket_encryption_type":"0x12","status":"0x0","message":"A Kerberos service ticket was requested."}
{"timestamp":"2026-09-02T15:11:17Z","host":"WIN-DC-01","source":"WinEventLog:Security","sourcetype":"WinEventLog:Security","index":"windows","EventCode":4698,"event_id":4698,"log_name":"Security","computer":"WIN-DC-01.corp.local","provider_name":"Microsoft-Windows-Security-Auditing","level":"Information","record_id":100435,"scenario":"Normal Scheduled Task","attack_phase":"Persistence","mitre_technique":"None","severity":"low","is_suspicious":false,"subject_user":"SYSTEM","task_name":"\\Microsoft\\Windows\\Update\\Scheduled Update","author":"Microsoft Corporation","run_as_user":"SYSTEM","action":"C:\\Windows\\System32\\UsoClient.exe","trigger":"Daily","task_content":"Routine Windows update task."}
{"timestamp":"2026-09-02T15:57:51Z","host":"WIN-DC-01","source":"WinEventLog:Security","sourcetype":"WinEventLog:Security","index":"windows","EventCode":4720,"event_id":4720,"log_name":"Security","computer":"WIN-DC-01.corp.local","provider_name":"Microsoft-Windows-Security-Auditing","level":"Information","record_id":100899,"scenario":"Account Creation","attack_phase":"Persistence","mitre_technique":"T1136.002","severity":"medium","is_suspicious":true,"subject_user":"administrator","target_user":"svc_backup","target_domain":"CORP","account_type":"User","password_last_set":"Never","src_ip":"10.10.20.91","message":"A user account was created."}
{"timestamp":"2026-09-02T16:04:41Z","host":"WIN-CLIENT-02","source":"WinEventLog:Security","sourcetype":"WinEventLog:Security","index":"windows","EventCode":7045,"event_id":7045,"log_name":"Security","computer":"WIN-CLIENT-02.corp.local","provider_name":"Microsoft-Windows-Security-Auditing","level":"Information","record_id":100140,"scenario":"Normal Service Installation","attack_phase":"Persistence","mitre_technique":"None","severity":"low","is_suspicious":false,"service_name":"BITS","service_file_name":"C:\\Windows\\System32\\lsass.exe","service_type":"Win32OwnProcess","start_type":"Auto","account_name":"LocalSystem","subject_user":"SYSTEM","message":"A service was installed in the system."}
{"timestamp":"2026-09-02T16:11:15Z","host":"WIN-SRV-01","source":"WinEventLog:Security","sourcetype":"WinEventLog:Security","index":"windows","EventCode":5140,"event_id":5140,"log_name":"Security","computer":"WIN-SRV-01.corp.local","provider_name":"Microsoft-Windows-Security-Auditing","level":"Information","record_id":100427,"scenario":"Normal Network Share Access","attack_phase":"Lateral Movement","mitre_technique":"None","severity":"low","is_suspicious":false,"subject_user":"alice","src_ip":"10.10.20.51","share_name":"\\\\WIN-SRV-01\\Reports","share_path":"\\\\WIN-SRV-01\\Reports","access_type":"Read","message":"A network share object was accessed."}
{"timestamp":"2026-09-02T16:23:11Z","host":"WIN-DC-01","source":"WinEventLog:Security","sourcetype":"WinEventLog:Security","index":"windows","EventCode":4769,"event_id":4769,"log_name":"Security","computer":"WIN-DC-01.corp.local","provider_name":"Microsoft-Windows-Security-Auditing","level":"Information","record_id":100349,"scenario":"Normal Service Ticket Activity","attack_phase":"Credential Access","mitre_technique":"None","severity":"low","is_suspicious":false,"target_user":"david","target_domain":"CORP","src_ip":"10.10.20.51","service_name":"cifs/WIN-FILE-01","ticket_encryption_type":"0x12","status":"0x0","message":"A Kerberos service ticket was requested."}
{"timestamp":"2026-09-02T16:38:47Z","host":"WIN-DC-01","source":"WinEventLog:Security","sourcetype":"WinEventLog:Security","index":"windows","EventCode":4769,"event_id":4769,"log_name":"Security","computer":"WIN-DC-01.corp.local","provider_name":"Microsoft-Windows-Security-Auditing","level":"Information","record_id":100111,"scenario":"Normal Service Ticket Activity","attack_phase":"Credential Access","mitre_technique":"None","severity":"low","is_suspicious":false,"target_user":"frank","target_domain":"CORP","src_ip":"10.10.20.51","service_name":"cifs/WIN-FILE-01","ticket_encryption_type":"0x12","status":"0x0","message":"A Kerberos service ticket was requested."}
{"timestamp":"2026-09-02T16:44:58Z","host":"WIN-CLIENT-01","source":"WinEventLog:Security","sourcetype":"WinEventLog:Security","index":"windows","EventCode":4720,"event_id":4720,"log_name":"Security","computer":"WIN-CLIENT-01.corp.local","provider_name":"Microsoft-Windows-Security-Auditing","level":"Information","record_id":100911,"scenario":"Account Creation","attack_phase":"Persistence","mitre_technique":"T1136.002","severity":"medium","is_suspicious":true,"subject_user":"administrator","target_user":"svc_backup","target_domain":"CORP","account_type":"User","password_last_set":"Never","src_ip":"10.10.20.50","message":"A user account was created."}
{"timestamp":"2026-09-02T16:58:59Z","host":"WIN-FILE-01","source":"WinEventLog:Security","sourcetype":"WinEventLog:Security","index":"windows","EventCode":4769,"event_id":4769,"log_name":"Security","computer":"WIN-FILE-01.corp.local","provider_name":"Microsoft-Windows-Security-Auditing","level":"Information","record_id":100623,"scenario":"Normal Service Ticket Activity","attack_phase":"Credential Access","mitre_technique":"None","severity":"low","is_suspicious":false,"target_user":"bob","target_domain":"CORP","src_ip":"10.10.30.20","service_name":"MSSQLSvc/WIN-SRV-01","ticket_encryption_type":"0x12","status":"0x0","message":"A Kerberos service ticket was requested."}
{"timestamp":"2026-09-02T17:02:15Z","host":"WIN-CLIENT-02","source":"WinEventLog:Security","sourcetype":"WinEventLog:Security","index":"windows","EventCode":4624,"event_id":4624,"log_name":"Security","computer":"WIN-CLIENT-02.corp.local","provider_name":"Microsoft-Windows-Security-Auditing","level":"Information","record_id":100026,"scenario":"Normal Authentication","attack_phase":"Initial Access","mitre_technique":"None","severity":"low","is_suspicious":false,"target_user":"alice","target_domain":"CORP","src_ip":"10.10.20.52","src_port":59282,"dest_host":"WIN-CLIENT-02","logon_type":3,"authentication_package":"Kerberos","workstation_name":"WKSTN-01","logon_id":"0x4b69","message":"An account was successfully logged on."}
{"timestamp":"2026-09-02T17:16:03Z","host":"WIN-CLIENT-02","source":"WinEventLog:Security","sourcetype":"WinEventLog:Security","index":"windows","EventCode":4688,"event_id":4688,"log_name":"Security","computer":"WIN-CLIENT-02.corp.local","provider_name":"Microsoft-Windows-Security-Auditing","level":"Information","record_id":100248,"scenario":"Normal Process Activity","attack_phase":"Execution","mitre_technique":"None","severity":"low","is_suspicious":false,"new_process_name":"C:\\Windows\\System32\\svchost.exe","parent_process_name":"C:\\Windows\\System32\\services.exe","command_line":"C:\\Windows\\System32\\svchost.exe","creator_user":"david","process_id":"0x23e5","parent_process_id":"0x2636","integrity_level":"Medium","token_elevation_type":"Limited","message":"A new process has been created."}
{"timestamp":"2026-09-02T17:16:36Z","host":"WIN-DC-02","source":"WinEventLog:Security","sourcetype":"WinEventLog:Security","index":"windows","EventCode":5156,"event_id":5156,"log_name":"Security","computer":"WIN-DC-02.corp.local","provider_name":"Microsoft-Windows-Security-Auditing","level":"Information","record_id":100319,"scenario":"Normal Firewall Activity","attack_phase":"Command and Control","mitre_technique":"None","severity":"low","is_suspicious":false,"application_path":"C:\\Windows\\System32\\services.exe","src_ip":"10.10.10.11","src_port":44799,"dest_ip":"10.10.30.75","dest_port":53,"protocol":"TCP","direction":"Outbound","message":"The Windows Filtering Platform has permitted a connection."}
{"timestamp":"2026-09-02T17:18:49Z","host":"WIN-DC-02","source":"WinEventLog:Security","sourcetype":"WinEventLog:Security","index":"windows","EventCode":4720,"event_id":4720,"log_name":"Security","computer":"WIN-DC-02.corp.local","provider_name":"Microsoft-Windows-Security-Auditing","level":"Information","record_id":100971,"scenario":"Account Creation","attack_phase":"Persistence","mitre_technique":"T1136.002","severity":"medium","is_suspicious":true,"subject_user":"administrator","target_user":"svc_monitor","target_domain":"CORP","account_type":"User","password_last_set":"Never","src_ip":"10.10.20.90","message":"A user account was created."}
{"timestamp":"2026-09-02T17:22:26Z","host":"WIN-SRV-01","source":"WinEventLog:Security","sourcetype":"WinEventLog:Security","index":"windows","EventCode":4624,"event_id":4624,"log_name":"Security","computer":"WIN-SRV-01.corp.local","provider_name":"Microsoft-Windows-Security-Auditing","level":"Information","record_id":100197,"scenario":"Normal Authentication","attack_phase":"Initial Access","mitre_technique":"None","severity":"low","is_suspicious":false,"target_user":"frank","target_domain":"CORP","src_ip":"10.10.30.10","src_port":59674,"dest_host":"WIN-SRV-01","logon_type":7,"authentication_package":"NTLM","workstation_name":"WKSTN-12","logon_id":"0x5c1b","message":"An account was successfully logged on."}
{"timestamp":"2026-09-02T17:44:35Z","host":"WIN-SRV-01","source":"WinEventLog:Security","sourcetype":"WinEventLog:Security","index":"windows","EventCode":4769,"event_id":4769,"log_name":"Security","computer":"WIN-SRV-01.corp.local","provider_name":"Microsoft-Windows-Security-Auditing","level":"Information","record_id":100592,"scenario":"Normal Service Ticket Activity","attack_phase":"Credential Access","mitre_technique":"None","severity":"low","is_suspicious":false,"target_user":"david","target_domain":"CORP","src_ip":"10.10.20.51","service_name":"MSSQLSvc/WIN-SRV-01","ticket_encryption_type":"0x12","status":"0x0","message":"A Kerberos service ticket was requested."}
{"timestamp":"2026-09-02T17:57:29Z","host":"WIN-DC-02","source":"WinEventLog:Security","sourcetype":"WinEventLog:Security","index":"windows","EventCode":4776,"event_id":4776,"log_name":"Security","computer":"WIN-DC-02.corp.local","provider_name":"Microsoft-Windows-Security-Auditing","level":"Information","record_id":100128,"scenario":"Normal NTLM Validation","attack_phase":"Credential Access","mitre_technique":"None","severity":"low","is_suspicious":false,"target_user":"carol","source_workstation":"WIN-DC-02","package_name":"MICROSOFT_AUTHENTICATION_PACKAGE_V1_0","status":"0x0","message":"The domain controller attempted to validate the credentials for an account."}
{"timestamp":"2026-09-02T17:59:51Z","host":"WIN-SRV-01","source":"WinEventLog:Security","sourcetype":"WinEventLog:Security","index":"windows","EventCode":4698,"event_id":4698,"log_name":"Security","computer":"WIN-SRV-01.corp.local","provider_name":"Microsoft-Windows-Security-Auditing","level":"Information","record_id":100260,"scenario":"Normal Scheduled Task","attack_phase":"Persistence","mitre_technique":"None","severity":"low","is_suspicious":false,"subject_user":"SYSTEM","task_name":"\\Microsoft\\Windows\\Update\\Scheduled Update","author":"Microsoft Corporation","run_as_user":"SYSTEM","action":"C:\\Windows\\System32\\UsoClient.exe","trigger":"Daily","task_content":"Routine Windows update task."}
{"timestamp":"2026-09-02T18:46:11Z","host":"WIN-DC-02","source":"WinEventLog:Security","sourcetype":"WinEventLog:Security","index":"windows","EventCode":4624,"event_id":4624,"log_name":"Security","computer":"WIN-DC-02.corp.local","provider_name":"Microsoft-Windows-Security-Auditing","level":"Information","record_id":100522,"scenario":"Normal Authentication","attack_phase":"Initial Access","mitre_technique":"None","severity":"low","is_suspicious":false,"target_user":"alice","target_domain":"CORP","src_ip":"10.10.10.11","src_port":59739,"dest_host":"WIN-DC-02","logon_type":3,"authentication_package":"NTLM","workstation_name":"WKSTN-20","logon_id":"0x9829","message":"An account was successfully logged on."}
{"timestamp":"2026-09-02T19:12:06Z","host":"WIN-FILE-01","source":"WinEventLog:Security","sourcetype":"WinEventLog:Security","index":"windows","EventCode":4768,"event_id":4768,"log_name":"Security","computer":"WIN-FILE-01.corp.local","provider_name":"Microsoft-Windows-Security-Auditing","level":"Information","record_id":100586,"scenario":"Normal Kerberos Authentication","attack_phase":"Credential Access","mitre_technique":"None","severity":"low","is_suspicious":false,"target_user":"erin","target_domain":"CORP","src_ip":"10.10.20.52","service_name":"krbtgt/CORP","ticket_options":"0x40810010","status":"0x0","message":"A Kerberos authentication ticket was requested."}
{"timestamp":"2026-09-02T19:29:34Z","host":"WIN-SRV-01","source":"WinEventLog:Security","sourcetype":"WinEventLog:Security","index":"windows","EventCode":4624,"event_id":4624,"log_name":"Security","computer":"WIN-SRV-01.corp.local","provider_name":"Microsoft-Windows-Security-Auditing","level":"Information","record_id":100184,"scenario":"Normal Authentication","attack_phase":"Initial Access","mitre_technique":"None","severity":"low","is_suspicious":false,"target_user":"bob","target_domain":"CORP","src_ip":"10.10.20.50","src_port":40486,"dest_host":"WIN-SRV-01","logon_type":3,"authentication_package":"NTLM","workstation_name":"WKSTN-08","logon_id":"0x1548e","message":"An account was successfully logged on."}
{"timestamp":"2026-09-02T19:42:48Z","host":"WIN-SRV-01","source":"WinEventLog:Security","sourcetype":"WinEventLog:Security","index":"windows","EventCode":5140,"event_id":5140,"log_name":"Security","computer":"WIN-SRV-01.corp.local","provider_name":"Microsoft-Windows-Security-Auditing","level":"Information","record_id":100292,"scenario":"Normal Network Share Access","attack_phase":"Lateral Movement","mitre_technique":"None","severity":"low","is_suspicious":false,"subject_user":"erin","src_ip":"10.10.20.50","share_name":"\\\\WIN-FILE-01\\Public","share_path":"\\\\WIN-FILE-01\\Public","access_type":"Read","message":"A network share object was accessed."}
{"timestamp":"2026-09-02T20:01:32Z","host":"WIN-FILE-01","source":"WinEventLog:Security","sourcetype":"WinEventLog:Security","index":"windows","EventCode":7045,"event_id":7045,"log_name":"Security","computer":"WIN-FILE-01.corp.local","provider_name":"Microsoft-Windows-Security-Auditing","level":"Information","record_id":100344,"scenario":"Normal Service Installation","attack_phase":"Persistence","mitre_technique":"None","severity":"low","is_suspicious":false,"service_name":"W32Time","service_file_name":"C:\\Windows\\System32\\winlogon.exe","service_type":"Win32OwnProcess","start_type":"Auto","account_name":"LocalSystem","subject_user":"SYSTEM","message":"A service was installed in the system."}
{"timestamp":"2026-09-02T20:07:41Z","host":"WIN-CLIENT-02","source":"WinEventLog:Security","sourcetype":"WinEventLog:Security","index":"windows","EventCode":4769,"event_id":4769,"log_name":"Security","computer":"WIN-CLIENT-02.corp.local","provider_name":"Microsoft-Windows-Security-Auditing","level":"Information","record_id":100564,"scenario":"Normal Service Ticket Activity","attack_phase":"Credential Access","mitre_technique":"None","severity":"low","is_suspicious":false,"target_user":"erin","target_domain":"CORP","src_ip":"10.10.20.50","service_name":"HOST/WIN-SRV-01","ticket_encryption_type":"0x12","status":"0x0","message":"A Kerberos service ticket was requested."}
{"timestamp":"2026-09-02T20:15:00Z","host":"WIN-CLIENT-02","source":"WinEventLog:Security","sourcetype":"WinEventLog:Security","index":"windows","EventCode":4625,"event_id":4625,"log_name":"Security","computer":"WIN-CLIENT-02.corp.local","provider_name":"Microsoft-Windows-Security-Auditing","level":"Information","record_id":100766,"scenario":"Password Spraying","attack_phase":"Credential Access","mitre_technique":"T1110.003","severity":"medium","is_suspicious":true,"target_user":"alice","target_domain":"CORP","src_ip":"10.10.20.90","src_port":51000,"logon_type":3,"authentication_package":"NTLM","status":"0xC000006D","sub_status":"0xC000006A","message":"An account failed to log on."}
{"timestamp":"2026-09-02T20:15:20Z","host":"WIN-CLIENT-02","source":"WinEventLog:Security","sourcetype":"WinEventLog:Security","index":"windows","EventCode":4625,"event_id":4625,"log_name":"Security","computer":"WIN-CLIENT-02.corp.local","provider_name":"Microsoft-Windows-Security-Auditing","level":"Information","record_id":100767,"scenario":"Password Spraying","attack_phase":"Credential Access","mitre_technique":"T1110.003","severity":"medium","is_suspicious":true,"target_user":"bob","target_domain":"CORP","src_ip":"10.10.20.90","src_port":51001,"logon_type":3,"authentication_package":"NTLM","status":"0xC000006D","sub_status":"0xC000006A","message":"An account failed to log on."}
{"timestamp":"2026-09-02T20:15:40Z","host":"WIN-CLIENT-02","source":"WinEventLog:Security","sourcetype":"WinEventLog:Security","index":"windows","EventCode":4625,"event_id":4625,"log_name":"Security","computer":"WIN-CLIENT-02.corp.local","provider_name":"Microsoft-Windows-Security-Auditing","level":"Information","record_id":100768,"scenario":"Password Spraying","attack_phase":"Credential Access","mitre_technique":"T1110.003","severity":"medium","is_suspicious":true,"target_user":"carol","target_domain":"CORP","src_ip":"10.10.20.90","src_port":51002,"logon_type":3,"authentication_package":"NTLM","status":"0xC000006D","sub_status":"0xC000006A","message":"An account failed to log on."}
