{"timestamp":"2026-09-04T14:26:05Z","host":"WIN-FILE-01","source":"WinEventLog:Security","sourcetype":"WinEventLog:Security","index":"windows","EventCode":4720,"event_id":4720,"log_name":"Security","computer":"WIN-FILE-01.corp.local","provider_name":"Microsoft-Windows-Security-Auditing","level":"Information","record_id":100905,"scenario":"Account Creation","attack_phase":"Persistence","mitre_technique":"T1136.002","severity":"medium","is_suspicious":true,"subject_user":"administrator","target_user":"svc_backup","target_domain":"CORP","account_type":"User","password_last_set":"Never","src_ip":"10.10.20.50","message":"A user account was created."}
{"timestamp":"2026-09-04T14:32:45Z","host":"WIN-CLIENT-01","source":"WinEventLog:Security","sourcetype":"WinEventLog:Security","index":"windows","EventCode":4776,"event_id":4776,"log_name":"Security","computer":"WIN-CLIENT-01.corp.local","provider_name":"Microsoft-Windows-Security-Auditing","level":"Information","record_id":100320,"scenario":"Normal NTLM Validation","attack_phase":"Credential Access","mitre_technique":"None","severity":"low","is_suspicious":false,"target_user":"carol","source_workstation":"WIN-CLIENT-01","package_name":"MICROSOFT_AUTHENTICATION_PACKAGE_V1_0","status":"0x0","message":"The domain controller attempted to validate the credentials for an account."}
{"timestamp":"2026-09-04T15:08:50Z","host":"WIN-DC-02","source":"WinEventLog:Security","sourcetype":"WinEventLog:Security","index":"windows","EventCode":4776,"event_id":4776,"log_name":"Security","computer":"WIN-DC-02.corp.local","provider_name":"Microsoft-Windows-Security-Auditing","level":"Information","record_id":100659,"scenario":"Normal NTLM Validation","attack_phase":"Credential Access","mitre_technique":"None","severity":"low","is_suspicious":false,"target_user":"carol","source_workstation":"WIN-DC-02","package_name":"MICROSOFT_AUTHENTICATION_PACKAGE_V1_0","status":"0x0","message":"The domain controller attempted to validate the credentials for an account."}
{"timestamp":"2026-09-04T15:32:27Z","host":"WIN-CLIENT-01","source":"WinEventLog:Security","sourcetype":"WinEventLog:Security","index":"windows","EventCode":4769,"event_id":4769,"log_name":"Security","computer":"WIN-CLIENT-01.corp.local","provider_name":"Microsoft-Windows-Security-Auditing","level":"Information","record_id":100250,"scenario":"Normal Service Ticket Activity","attack_phase":"Credential Access","mitre_technique":"None","severity":"low","is_suspicious":false,"target_user":"erin","target_domain":"CORP","src_ip":"10.10.20.52","service_name":"MSSQLSvc/WIN-SRV-01","ticket_encryption_type":"0x12","status":"0x0","message":"A Kerberos service ticket was requested."}
{"timestamp":"2026-09-04T16:06:22Z","host":"WIN-SRV-01","source":"WinEventLog:Security","sourcetype":"WinEventLog:Security","index":"windows","EventCode":4769,"event_id":4769,"log_name":"Security","computer":"WIN-SRV-01.corp.local","provider_name":"Microsoft-Windows-Security-Auditing","level":"Information","record_id":100154,"scenario":"Normal Service Ticket Activity","attack_phase":"Credential Access","mitre_technique":"None","severity":"low","is_suspicious":false,"target_user":"david","target_domain":"CORP","src_ip":"10.10.20.51","service_name":"MSSQLSvc/WIN-SRV-01","ticket_encryption_type":"0x12","status":"0x0","message":"A Kerberos service ticket was requested."}
{"timestamp":"2026-09-04T16:09:13Z","host":"WIN-DC-01","source":"WinEventLog:Security","sourcetype":"WinEventLog:Security","index":"windows","EventCode":7045,"event_id":7045,"log_name":"Security","computer":"WIN-DC-01.corp.local","provider_name":"Microsoft-Windows-Security-Auditing","level":"Information","record_id":100649,"scenario":"Normal Service Installation","attack_phase":"Persistence","mitre_technique":"None","severity":"low","is_suspicious":false,"service_name":"Windows Update","service_file_name":"C:\\Windows\\System32\\svchost.exe","service_type":"Win32OwnProcess","start_type":"Auto","account_name":"LocalSystem","subject_user":"SYSTEM","message":"A service was installed in the system."}
{"timestamp":"2026-09-04T16:13:20Z","host":"WIN-CLIENT-01","source":"WinEventLog:Security","sourcetype":"WinEventLog:Security","index":"windows","EventCode":4776,"event_id":4776,"log_name":"Security","computer":"WIN-CLIENT-01.corp.local","provider_name":"Microsoft-Windows-Security-Auditing","level":"Information","record_id":100263,"scenario":"Normal NTLM Validation","attack_phase":"Credential Access","mitre_technique":"None","severity":"low","is_suspicious":false,"target_user":"alice","source_workstation":"WIN-CLIENT-01","package_name":"MICROSOFT_AUTHENTICATION_PACKAGE_V1_0","status":"0x0","message":"The domain controller attempted to validate the credentials for an account."}
{"timestamp":"2026-09-04T17:12:15Z","host":"WIN-CLIENT-01","source":"WinEventLog:Security","sourcetype":"WinEventLog:Security","index":"windows","EventCode":7045,"event_id":7045,"log_name":"Security","computer":"WIN-CLIENT-01.corp.local","provider_name":"Microsoft-Windows-Security-Auditing","level":"Information","record_id":100533,"scenario":"Normal Service Installation","attack_phase":"Persistence","mitre_technique":"None","severity":"low","is_suspicious":false,"service_name":"W32Time","service_file_name":"C:\\Windows\\explorer.exe","service_type":"Win32OwnProcess","start_type":"Auto","account_name":"LocalSystem","subject_user":"SYSTEM","message":"A service was installed in the system."}
{"timestamp":"2026-09-04T17:16:49Z","host":"WIN-SRV-01","source":"WinEventLog:Security","sourcetype":"WinEventLog:Security","index":"windows","EventCode":4698,"event_id":4698,"log_name":"Security","computer":"WIN-SRV-01.corp.local","provider_name":"Microsoft-Windows-Security-Auditing","level":"Information","record_id":100317,"scenario":"Normal Scheduled Task","attack_phase":"Persistence","mitre_technique":"None","severity":"low","is_suspicious":false,"subject_user":"SYSTEM","task_name":"\\Microsoft\\Windows\\Update\\Scheduled Update","author":"Microsoft Corporation","run_as_user":"SYSTEM","action":"C:\\Windows\\System32\\UsoClient.exe","trigger":"Daily","task_content":"Routine Windows update task."}
{"timestamp":"2026-09-04T17:29:53Z","host":"WIN-DC-02","source":"WinEventLog:Security","sourcetype":"WinEventLog:Security","index":"windows","EventCode":4768,"event_id":4768,"log_name":"Security","computer":"WIN-DC-02.corp.local","provider_name":"Microsoft-Windows-Security-Auditing","level":"Information","record_id":100020,"scenario":"Normal Kerberos Authentication","attack_phase":"Credential Access","mitre_technique":"None","severity":"low","is_suspicious":false,"target_user":"erin","target_domain":"CORP","src_ip":"10.10.20.51","service_name":"krbtgt/CORP","ticket_options":"0x40810010","status":"0x0","message":"A Kerberos authentication ticket was requested."}
{"timestamp":"2026-09-04T17:35:12Z","host":"WIN-SRV-01","source":"WinEventLog:Security","sourcetype":"WinEventLog:Security","index":"windows","EventCode":5145,"event_id":5145,"log_name":"Security","computer":"WIN-SRV-01.corp.local","provider_name":"Microsoft-Windows-Security-Auditing","level":"Information","record_id":100976,"scenario":"Administrative Share Access","attack_phase":"Lateral Movement","mitre_technique":"T1021.002","severity":"medium","is_suspicious":true,"subject_user":"alice","src_ip":"10.10.20.90","share_name":"\\\\WIN-DC-01\\ADMIN$","relative_target_name":"Windows\\Temp\\stage.exe","access_mask":"0x12019f","message":"A network share object was checked for desired access."}
{"timestamp":"2026-09-04T17:42:08Z","host":"WIN-FILE-01","source":"WinEventLog:Security","sourcetype":"WinEventLog:Security","index":"windows","EventCode":4688,"event_id":4688,"log_name":"Security","computer":"WIN-FILE-01.corp.local","provider_name":"Microsoft-Windows-Security-Auditing","level":"Information","record_id":100458,"scenario":"Normal Process Activity","attack_phase":"Execution","mitre_technique":"None","severity":"low","is_suspicious":false,"new_process_name":"C:\\Windows\\System32\\taskhostw.exe","parent_process_name":"C:\\Windows\\System32\\services.exe","command_line":"C:\\Windows\\System32\\taskhostw.exe","creator_user":"bob","process_id":"0x472","parent_process_id":"0xe68","integrity_level":"Medium","token_elevation_type":"Limited","message":"A new process has been created."}
{"timestamp":"2026-09-04T17:59:02Z","host":"WIN-DC-02","source":"WinEventLog:Security","sourcetype":"WinEventLog:Security","index":"windows","EventCode":5140,"event_id":5140,"log_name":"Security","computer":"WIN-DC-02.corp.local","provider_name":"Microsoft-Windows-Security-Auditing","level":"Information","record_id":100418,"scenario":"Normal Network Share Access","attack_phase":"Lateral Movement","mitre_technique":"None","severity":"low","is_suspicious":false,"subject_user":"alice","src_ip":"10.10.20.50","share_name":"\\\\WIN-SRV-01\\Reports","share_path":"\\\\WIN-SRV-01\\Reports","access_type":"Read","message":"A network share object was accessed."}
{"timestamp":"2026-09-04T18:03:47Z","host":"WIN-FILE-01","source":"WinEventLog:Security","sourcetype":"WinEventLog:Security","index":"windows","EventCode":5156,"event_id":5156,"log_name":"Security","computer":"WIN-FILE-01.corp.local","provider_name":"Microsoft-Windows-Security-Auditing","level":"Information","record_id":100553,"scenario":"Normal Firewall Activity","attack_phase":"Command and Control","mitre_technique":"None","severity":"low","is_suspicious":false,"application_path":"C:\\Windows\\System32\\taskhostw.exe","src_ip":"10.10.30.20","src_port":42925,"dest_ip":"10.10.30.49","dest_port":445,"protocol":"TCP","direction":"Outbound","message":"The Windows Filtering Platform has permitted a connection."}
{"timestamp":"2026-09-04T18:07:54Z","host":"WIN-DC-02","source":"WinEventLog:Security","sourcetype":"WinEventLog:Security","index":"windows","EventCode":4624,"event_id":4624,"log_name":"Security","computer":"WIN-DC-02.corp.local","provider_name":"Microsoft-Windows-Security-Auditing","level":"Information","record_id":100359,"scenario":"Normal Authentication","attack_phase":"Initial Access","mitre_technique":"None","severity":"low","is_suspicious":false,"target_user":"bob","target_domain":"CORP","src_ip":"10.10.10.11","src_port":53648,"dest_host":"WIN-DC-02","logon_type":10,"authentication_package":"Kerberos","workstation_name":"WKSTN-13","logon_id":"0xa367","message":"An account was successfully logged on."}
{"timestamp":"2026-09-04T19:06:31Z","host":"WIN-CLIENT-01","source":"WinEventLog:Security","sourcetype":"WinEventLog:Security","index":"windows","EventCode":7045,"event_id":7045,"log_name":"Security","computer":"WIN-CLIENT-01.corp.local","provider_name":"Microsoft-Windows-Security-Auditing","level":"Information","record_id":100175,"scenario":"Normal Service Installation","attack_phase":"Persistence","mitre_technique":"None","severity":"low","is_suspicious":false,"service_name":"Spooler","service_file_name":"C:\\Windows\\System32\\lsass.exe","service_type":"Win32OwnProcess","start_type":"Auto","account_name":"LocalSystem","subject_user":"SYSTEM","message":"A service was installed in the system."}
{"timestamp":"2026-09-04T19:20:52Z","host":"WIN-CLIENT-02","source":"WinEventLog:Security","sourcetype":"WinEventLog:Security","index":"windows","EventCode":4769,"event_id":4769,"log_name":"Security","computer":"WIN-CLIENT-02.corp.local","provider_name":"Microsoft-Windows-Security-Auditing","level":"Information","record_id":100059,"scenario":"Normal Service Ticket Activity","attack_phase":"Credential Access","mitre_technique":"None","severity":"low","is_suspicious":false,"target_user":"bob","target_domain":"CORP","src_ip":"10.10.20.50","service_name":"HOST/WIN-SRV-01","ticket_encryption_type":"0x12","status":"0x0","message":"A Kerberos service ticket was requested."}
{"timestamp":"2026-09-04T19:41:28Z","host":"WIN-DC-01","source":"WinEventLog:Security","sourcetype":"WinEventLog:Security","index":"windows","EventCode":4768,"event_id":4768,"log_name":"Security","computer":"WIN-DC-01.corp.local","provider_name":"Microsoft-Windows-Security-Auditing","level":"Information","record_id":100264,"scenario":"Normal Kerberos Authentication","attack_phase":"Credential Access","mitre_technique":"None","severity":"low","is_suspicious":false,"target_user":"frank","target_domain":"CORP","src_ip":"10.10.10.10","service_name":"krbtgt/CORP","ticket_options":"0x40810010","status":"0x0","message":"A Kerberos authentication ticket was requested."}
{"timestamp":"2026-09-04T20:15:00Z","host":"WIN-CLIENT-01","source":"WinEventLog:Security","sourcetype":"WinEventLog:Security","index":"windows","EventCode":4625,"event_id":4625,"log_name":"Security","computer":"WIN-CLIENT-01.corp.local","provider_name":"Microsoft-Windows-Security-Auditing","level":"Information","record_id":100854,"scenario":"Password Spraying","attack_phase":"Credential Access","mitre_technique":"T1110.003","severity":"medium","is_suspicious":true,"target_user":"alice","target_domain":"CORP","src_ip":"10.10.30.90","src_port":51000,"logon_type":3,"authentication_package":"NTLM","status":"0xC000006D","sub_status":"0xC000006A","message":"An account failed to log on."}
{"timestamp":"2026-09-04T20:15:20Z","host":"WIN-CLIENT-01","source":"WinEventLog:Security","sourcetype":"WinEventLog:Security","index":"windows","EventCode":4625,"event_id":4625,"log_name":"Security","computer":"WIN-CLIENT-01.corp.local","provider_name":"Microsoft-Windows-Security-Auditing","level":"Information","record_id":100855,"scenario":"Password Spraying","attack_phase":"Credential Access","mitre_technique":"T1110.003","severity":"medium","is_suspicious":true,"target_user":"bob","target_domain":"CORP","src_ip":"10.10.30.90","src_port":51001,"logon_type":3,"authentication_package":"NTLM","status":"0xC000006D","sub_status":"0xC000006A","message":"An account failed to log on."}
{"timestamp":"2026-09-04T20:15:40Z","host":"WIN-CLIENT-01","source":"WinEventLog:Security","sourcetype":"WinEventLog:Security","index":"windows","EventCode":4625,"event_id":4625,"log_name":"Security","computer":"WIN-CLIENT-01.corp.local","provider_name":"Microsoft-Windows-Security-Auditing","level":"Information","record_id":100856,"scenario":"Password Spraying","attack_phase":"Credential Access","mitre_technique":"T1110.003","severity":"medium","is_suspicious":true,"target_user":"carol","target_domain":"CORP","src_ip":"10.10.30.90","src_port":51002,"logon_type":3,"authentication_package":"NTLM","status":"0xC000006D","sub_status":"0xC000006A","message":"An account failed to log on."}
{"timestamp":"2026-09-04T20:16:00Z","host":"WIN-CLIENT-01","source":"WinEventLog:Security","sourcetype":"WinEventLog:Security","index":"windows","EventCode":4625,"event_id":4625,"log_name":"Security","computer":"WIN-CLIENT-01.corp.local","provider_name":"Microsoft-Windows-Security-Auditing","level":"Information","record_id":100857,"scenario":"Password Spraying","attack_phase":"Credential Access","mitre_technique":"T1110.003","severity":"medium","is_suspicious":true,"target_user":"david","target_domain":"CORP","src_ip":"10.10.30.90","src_port":51003,"logon_type":3,"authentication_package":"NTLM","status":"0xC000006D","sub_status":"0xC000006A","message":"An account failed to log on."}
{"timestamp":"2026-09-04T20:16:20Z","host":"WIN-CLIENT-01","source":"WinEventLog:Security","sourcetype":"WinEventLog:Security","index":"windows","EventCode":4625,"event_id":4625,"log_name":"Security","computer":"WIN-CLIENT-01.corp.local","provider_name":"Microsoft-Windows-Security-Auditing","level":"Information","record_id":100858,"scenario":"Password Spraying","attack_phase":"Credential Access","mitre_technique":"T1110.003","severity":"medium","is_suspicious":true,"target_user":"erin","target_domain":"CORP","src_ip":"10.10.30.90","src_port":51004,"logon_type":3,"authentication_package":"NTLM","status":"0xC000006D","sub_status":"0xC000006A","message":"An account failed to log on."}
{"timestamp":"2026-09-04T20:16:40Z","host":"WIN-CLIENT-01","source":"WinEventLog:Security","sourcetype":"WinEventLog:Security","index":"windows","EventCode":4625,"event_id":4625,"log_name":"Security","computer":"WIN-CLIENT-01.corp.local","provider_name":"Microsoft-Windows-Security-Auditing","level":"Information","record_id":100859,"scenario":"Password Spraying","attack_phase":"Credential Access","mitre_technique":"T1110.003","severity":"medium","is_suspicious":true,"target_user":"frank","target_domain":"CORP","src_ip":"10.10.30.90","src_port":51005,"logon_type":3,"authentication_package":"NTLM","status":"0xC000006D","sub_status":"0xC000006A","message":"An account failed to log on."}
{"timestamp":"2026-09-04T20:18:00Z","host":"WIN-CLIENT-01","source":"WinEventLog:Security","sourcetype":"WinEventLog:Security","index":"windows","EventCode":4624,"event_id":4624,"log_name":"Security","computer":"WIN-CLIENT-01.corp.local","provider_name":"Microsoft-Windows-Security-Auditing","level":"Information","record_id":100860,"scenario":"Password Spraying","attack_phase":"Credential Access","mitre_technique":"T1110.003","severity":"high","is_suspicious":true,"target_user":"alice","target_domain":"CORP","src_ip":"10.10.30.90","src_port":52001,"logon_type":3,"authentication_package":"NTLM","logon_id":"0x8f21","message":"An account was successfully logged on."}
{"timestamp":"2026-09-04T20:19:00Z","host":"WIN-CLIENT-01","source":"WinEventLog:Security","sourcetype":"WinEventLog:Security","index":"windows","EventCode":4740,"event_id":4740,"log_name":"Security","computer":"WIN-CLIENT-01.corp.local","provider_name":"Microsoft-Windows-Security-Auditing","level":"Information","record_id":100861,"scenario":"Password Spraying","attack_phase":"Credential Access","mitre_technique":"T1110.003","severity":"high","is_suspicious":true,"target_user":"bob","target_domain":"CORP","caller_computer":"WIN-CLIENT-02","src_ip":"10.10.30.90","message":"A user account was locked out."}
{"timestamp":"2026-09-04T20:20:11Z","host":"WIN-CLIENT-02","source":"WinEventLog:Security","sourcetype":"WinEventLog:Security","index":"windows","EventCode":4769,"event_id":4769,"log_name":"Security","computer":"WIN-CLIENT-02.corp.local","provider_name":"Microsoft-Windows-Security-Auditing","level":"Information","record_id":100233,"scenario":"Normal Service Ticket Activity","attack_phase":"Credential Access","mitre_technique":"None","severity":"low","is_suspicious":false,"target_user":"carol","target_domain":"CORP","src_ip":"10.10.20.22","service_name":"cifs/WIN-FILE-01","ticket_encryption_type":"0x12","status":"0x0","message":"A Kerberos service ticket was requested."}
{"timestamp":"2026-09-04T20:23:00Z","host":"WIN-CLIENT-01","source":"WinEventLog:Security","sourcetype":"WinEventLog:Security","index":"windows","EventCode":4688,"event_id":4688,"log_name":"Security","computer":"WIN-CLIENT-01.corp.local","provider_name":"Microsoft-Windows-Security-Auditing","level":"Information","record_id":100862,"scenario":"PowerShell Execution","attack_phase":"Execution","mitre_technique":"T1059.001","severity":"medium","is_suspicious":true,"new_process_name":"C:\\Windows\\System32\\WindowsPowerShell\\v1.0\\powershell.exe","parent_process_name":"C:\\Windows\\explorer.exe","command_line":"powershell.exe -NoProfile -ExecutionPolicy Bypass -EncodedCommand SYNTHETIC_TRAINING_PAYLOAD","creator_user":"alice","process_id":"0x1a20","parent_process_id":"0x1120","integrity_level":"High","token_elevation_type":"Full","message":"A new process has been created."}
{"timestamp":"2026-09-04T20:23:02Z","host":"WIN-CLIENT-01","source":"WinEventLog:Security","sourcetype":"WinEventLog:Security","index":"windows","EventCode":4104,"event_id":4104,"log_name":"Security","computer":"WIN-CLIENT-01.corp.local","provider_name":"Microsoft-Windows-Security-Auditing","level":"Information","record_id":100863,"scenario":"PowerShell Execution","attack_phase":"Execution","mitre_technique":"T1059.001","severity":"high","is_suspicious":true,"user":"alice","path":"C:\\Users\\alice\\Downloads\\maintenance.ps1","script_block_id":"b1e49bb3-1c42-423f-ba0a-6e62fcced335","message_number":1,"message_total":1,"script_block_text":"PowerShell script block contains -EncodedCommand, FromBase64String, and synthetic discovery activity.","process_name":"C:\\Windows\\System32\\WindowsPowerShell\\v1.0\\powershell.exe","message":"Creating Scriptblock text (1 of 1)."}
{"timestamp":"2026-09-04T20:23:03Z","host":"WIN-CLIENT-01","source":"WinEventLog:Security","sourcetype":"WinEventLog:Security","index":"windows","EventCode":4103,"event_id":4103,"log_name":"Security","computer":"WIN-CLIENT-01.corp.local","provider_name":"Microsoft-Windows-Security-Auditing","level":"Information","record_id":100864,"scenario":"PowerShell Execution","attack_phase":"Execution","mitre_technique":"T1059.001","severity":"medium","is_suspicious":true,"user":"alice","module_name":"Microsoft.PowerShell.Management","command_invocation":"Get-Process; Get-Service; Get-ChildItem","host_application":"ConsoleHost","process_name":"C:\\Windows\\System32\\WindowsPowerShell\\v1.0\\powershell.exe","message":"Command invocation detail."}
{"timestamp":"2026-09-04T20:26:00Z","host":"WIN-CLIENT-01","source":"WinEventLog:Security","sourcetype":"WinEventLog:Security","index":"windows","EventCode":7045,"event_id":7045,"log_name":"Security","computer":"WIN-CLIENT-01.corp.local","provider_name":"Microsoft-Windows-Security-Auditing","level":"Information","record_id":100865,"scenario":"Service Persistence","attack_phase":"Persistence","mitre_technique":"T1543.003","severity":"high","is_suspicious":true,"service_name":"WindowsTelemetryUpdater","service_file_name":"C:\\Users\\Public\\update.exe","service_type":"Win32OwnProcess","start_type":"Auto","account_name":"LocalSystem","subject_user":"alice","src_ip":"10.10.30.90","message":"A service was installed in the system."}
{"timestamp":"2026-09-04T20:27:00Z","host":"WIN-CLIENT-01","source":"WinEventLog:Security","sourcetype":"WinEventLog:Security","index":"windows","EventCode":4698,"event_id":4698,"log_name":"Security","computer":"WIN-CLIENT-01.corp.local","provider_name":"Microsoft-Windows-Security-Auditing","level":"Information","record_id":100866,"scenario":"Scheduled Task Persistence","attack_phase":"Persistence","mitre_technique":"T1053.005","severity":"high","is_suspicious":true,"subject_user":"alice","task_name":"\\Microsoft\\Windows\\Maintenance\\TelemetryUpdate","author":"alice","run_as_user":"SYSTEM","action":"C:\\Users\\Public\\update.exe","trigger":"At logon","working_directory":"C:\\Users\\Public","task_content":"Synthetic scheduled task executing a non-functional training binary.","message":"A scheduled task was created."}
{"timestamp":"2026-09-04T20:27:42Z","host":"WIN-FILE-01","source":"WinEventLog:Security","sourcetype":"WinEventLog:Security","index":"windows","EventCode":4776,"event_id":4776,"log_name":"Security","computer":"WIN-FILE-01.corp.local","provider_name":"Microsoft-Windows-Security-Auditing","level":"Information","record_id":100065,"scenario":"Normal NTLM Validation","attack_phase":"Credential Access","mitre_technique":"None","severity":"low","is_suspicious":false,"target_user":"carol","source_workstation":"WIN-FILE-01","package_name":"MICROSOFT_AUTHENTICATION_PACKAGE_V1_0","status":"0x0","message":"The domain controller attempted to validate the credentials for an account."}
{"timestamp":"2026-09-04T20:31:00Z","host":"WIN-CLIENT-01","source":"WinEventLog:Security","sourcetype":"WinEventLog:Security","index":"windows","EventCode":4719,"event_id":4719,"log_name":"Security","computer":"WIN-CLIENT-01.corp.local","provider_name":"Microsoft-Windows-Security-Auditing","level":"Information","record_id":100867,"scenario":"Defense Evasion","attack_phase":"Defense Evasion","mitre_technique":"T1562.002","severity":"high","is_suspicious":true,"subject_user":"alice","subject_domain":"CORP","src_ip":"10.10.30.90","subcategory":"Audit Process Creation","old_value":"Success and Failure","new_value":"No Auditing","audit_policy_change":"Process Creation auditing reduced","process_name":"C:\\Windows\\System32\\auditpol.exe","message":"System audit policy was changed."}
{"timestamp":"2026-09-04T20:32:00Z","host":"WIN-CLIENT-01","source":"WinEventLog:Security","sourcetype":"WinEventLog:Security","index":"windows","EventCode":1102,"event_id":1102,"log_name":"Security","computer":"WIN-CLIENT-01.corp.local","provider_name":"Microsoft-Windows-Security-Auditing","level":"Information","record_id":100868,"scenario":"Defense Evasion","attack_phase":"Defense Evasion","mitre_technique":"T1070.001","severity":"critical","is_suspicious":true,"subject_user":"alice","subject_domain":"CORP","subject_logon_id":"0x8f21","src_ip":"10.10.30.90","process_name":"C:\\Windows\\System32\\wevtutil.exe","reason":"Synthetic attacker cleared the Security event log after suspicious activity.","message":"The audit log was cleared."}
{"timestamp":"2026-09-04T20:32:35Z","host":"WIN-FILE-01","source":"WinEventLog:Security","sourcetype":"WinEventLog:Security","index":"windows","EventCode":4768,"event_id":4768,"log_name":"Security","computer":"WIN-FILE-01.corp.local","provider_name":"Microsoft-Windows-Security-Auditing","level":"Information","record_id":100231,"scenario":"Normal Kerberos Authentication","attack_phase":"Credential Access","mitre_technique":"None","severity":"low","is_suspicious":false,"target_user":"frank","target_domain":"CORP","src_ip":"10.10.20.52","service_name":"krbtgt/CORP","ticket_options":"0x40810010","status":"0x0","message":"A Kerberos authentication ticket was requested."}
{"timestamp":"2026-09-04T20:35:00Z","host":"WIN-CLIENT-01","source":"WinEventLog:Security","sourcetype":"WinEventLog:Security","index":"windows","EventCode":4656,"event_id":4656,"log_name":"Security","computer":"WIN-CLIENT-01.corp.local","provider_name":"Microsoft-Windows-Security-Auditing","level":"Information","record_id":100869,"scenario":"Credential Access","attack_phase":"Credential Access","mitre_technique":"T1003.001","severity":"high","is_suspicious":true,"subject_user":"alice","object_name":"\\Device\\HarddiskVolume3\\Windows\\System32\\lsass.exe","object_type":"Process","access_mask":"0x1FFFFF","accesses":"ReadProcessMemory","process_name":"C:\\Users\\Public\\audit-helper.exe","process_id":"0x2b10","message":"A handle to an object was requested."}
{"timestamp":"2026-09-04T20:35:02Z","host":"WIN-CLIENT-01","source":"WinEventLog:Security","sourcetype":"WinEventLog:Security","index":"windows","EventCode":4663,"event_id":4663,"log_name":"Security","computer":"WIN-CLIENT-01.corp.local","provider_name":"Microsoft-Windows-Security-Auditing","level":"Information","record_id":100870,"scenario":"Credential Access","attack_phase":"Credential Access","mitre_technique":"T1003.001","severity":"high","is_suspicious":true,"subject_user":"alice","object_name":"\\Device\\HarddiskVolume3\\Windows\\System32\\lsass.exe","object_type":"Process","access_mask":"0x1010","accesses":"ReadData;ReadProcessMemory","process_name":"C:\\Users\\Public\\audit-helper.exe","process_id":"0x2b10","message":"An attempt was made to access an object."}
{"timestamp":"2026-09-04T20:35:04Z","host":"WIN-CLIENT-01","source":"WinEventLog:Security","sourcetype":"WinEventLog:Security","index":"windows","EventCode":4673,"event_id":4673,"log_name":"Security","computer":"WIN-CLIENT-01.corp.local","provider_name":"Microsoft-Windows-Security-Auditing","level":"Information","record_id":100871,"scenario":"Credential Access","attack_phase":"Credential Access","mitre_technique":"T1003.001","severity":"high","is_suspicious":true,"subject_user":"alice","service":"SeDebugPrivilege","privilege":"SeDebugPrivilege","process_name":"C:\\Users\\Public\\audit-helper.exe","process_id":"0x2b10","message":"A privileged service was called."}
{"timestamp":"2026-09-04T20:40:00Z","host":"WIN-DC-01","source":"WinEventLog:Security","sourcetype":"WinEventLog:Security","index":"windows","EventCode":4662,"event_id":4662,"log_name":"Security","computer":"WIN-DC-01.corp.local","provider_name":"Microsoft-Windows-Security-Auditing","level":"Information","record_id":100872,"scenario":"DCSync-Like Activity","attack_phase":"Credential Access","mitre_technique":"T1003.006","severity":"critical","is_suspicious":true,"subject_user":"alice","subject_domain":"CORP","src_ip":"10.10.30.90","object_name":"DC=corp,DC=local","object_type":"domainDNS","object_server":"DS","access_mask":"0x100","accesses":"Control Access","properties":"1131f6ad-9c07-11d1-f79f-00c04fc2dcd2","message":"An operation was performed on an object."}
{"timestamp":"2026-09-04T20:40:15Z","host":"WIN-DC-01","source":"WinEventLog:Security","sourcetype":"WinEventLog:Security","index":"windows","EventCode":4662,"event_id":4662,"log_name":"Security","computer":"WIN-DC-01.corp.local","provider_name":"Microsoft-Windows-Security-Auditing","level":"Information","record_id":100873,"scenario":"DCSync-Like Activity","attack_phase":"Credential Access","mitre_technique":"T1003.006","severity":"critical","is_suspicious":true,"subject_user":"alice","subject_domain":"CORP","src_ip":"10.10.30.90","object_name":"DC=corp,DC=local","object_type":"domainDNS","object_server":"DS","access_mask":"0x100","accesses":"Control Access","properties":"1131f6ad-9c07-11d1-f79f-00c04fc2dcd2","message":"An operation was performed on an object."}
{"timestamp":"2026-09-04T20:40:30Z","host":"WIN-DC-01","source":"WinEventLog:Security","sourcetype":"WinEventLog:Security","index":"windows","EventCode":4662,"event_id":4662,"log_name":"Security","computer":"WIN-DC-01.corp.local","provider_name":"Microsoft-Windows-Security-Auditing","level":"Information","record_id":100874,"scenario":"DCSync-Like Activity","attack_phase":"Credential Access","mitre_technique":"T1003.006","severity":"critical","is_suspicious":true,"subject_user":"alice","subject_domain":"CORP","src_ip":"10.10.30.90","object_name":"DC=corp,DC=local","object_type":"domainDNS","object_server":"DS","access_mask":"0x100","accesses":"Control Access","properties":"1131f6ad-9c07-11d1-f79f-00c04fc2dcd2","message":"An operation was performed on an object."}
{"timestamp":"2026-09-04T20:43:00Z","host":"WIN-CLIENT-01","source":"WinEventLog:Security","sourcetype":"WinEventLog:Security","index":"windows","EventCode":4728,"event_id":4728,"log_name":"Security","computer":"WIN-CLIENT-01.corp.local","provider_name":"Microsoft-Windows-Security-Auditing","level":"Information","record_id":100875,"scenario":"Privilege Escalation","attack_phase":"Privilege Escalation","mitre_technique":"T1098","severity":"high","is_suspicious":true,"subject_user":"alice","target_user":"alice","target_group":"Domain Admins","target_domain":"CORP","member_name":"CN=alice,CN=Users,DC=corp,DC=local","src_ip":"10.10.30.90","message":"A member was added to a security-enabled global group."}
{"timestamp":"2026-09-04T20:56:06Z","host":"WIN-DC-01","source":"WinEventLog:Security","sourcetype":"WinEventLog:Security","index":"windows","EventCode":5156,"event_id":5156,"log_name":"Security","computer":"WIN-DC-01.corp.local","provider_name":"Microsoft-Windows-Security-Auditing","level":"Information","record_id":100096,"scenario":"Normal Firewall Activity","attack_phase":"Command and Control","mitre_technique":"None","severity":"low","is_suspicious":false,"application_path":"C:\\Windows\\System32\\lsass.exe","src_ip":"10.10.10.10","src_port":46498,"dest_ip":"10.10.30.20","dest_port":80,"protocol":"TCP","direction":"Outbound","message":"The Windows Filtering Platform has permitted a connection."}
{"timestamp":"2026-09-04T21:10:21Z","host":"WIN-FILE-01","source":"WinEventLog:Security","sourcetype":"WinEventLog:Security","index":"windows","EventCode":5140,"event_id":5140,"log_name":"Security","computer":"WIN-FILE-01.corp.local","provider_name":"Microsoft-Windows-Security-Auditing","level":"Information","record_id":100416,"scenario":"Normal Network Share Access","attack_phase":"Lateral Movement","mitre_technique":"None","severity":"low","is_suspicious":false,"subject_user":"bob","src_ip":"10.10.30.20","share_name":"\\\\WIN-FILE-01\\Users","share_path":"\\\\WIN-FILE-01\\Users","access_type":"Read","message":"A network share object was accessed."}
{"timestamp":"2026-09-04T21:23:27Z","host":"WIN-DC-02","source":"WinEventLog:Security","sourcetype":"WinEventLog:Security","index":"windows","EventCode":4624,"event_id":4624,"log_name":"Security","computer":"WIN-DC-02.corp.local","provider_name":"Microsoft-Windows-Security-Auditing","level":"Information","record_id":100602,"scenario":"Normal Authentication","attack_phase":"Initial Access","mitre_technique":"None","severity":"low","is_suspicious":false,"target_user":"alice","target_domain":"CORP","src_ip":"10.10.20.50","src_port":44534,"dest_host":"WIN-DC-02","logon_type":2,"authentication_package":"Kerberos","workstation_name":"WKSTN-11","logon_id":"0xde1d","message":"An account was successfully logged on."}
{"timestamp":"2026-09-04T21:34:40Z","host":"WIN-CLIENT-01","source":"WinEventLog:Security","sourcetype":"WinEventLog:Security","index":"windows","EventCode":4776,"event_id":4776,"log_name":"Security","computer":"WIN-CLIENT-01.corp.local","provider_name":"Microsoft-Windows-Security-Auditing","level":"Information","record_id":100581,"scenario":"Normal NTLM Validation","attack_phase":"Credential Access","mitre_technique":"None","severity":"low","is_suspicious":false,"target_user":"alice","source_workstation":"WIN-CLIENT-01","package_name":"MICROSOFT_AUTHENTICATION_PACKAGE_V1_0","status":"0x0","message":"The domain controller attempted to validate the credentials for an account."}
{"timestamp":"2026-09-04T21:50:41Z","host":"WIN-SRV-01","source":"WinEventLog:Security","sourcetype":"WinEventLog:Security","index":"windows","EventCode":4624,"event_id":4624,"log_name":"Security","computer":"WIN-SRV-01.corp.local","provider_name":"Microsoft-Windows-Security-Auditing","level":"Information","record_id":100270,"scenario":"Normal Authentication","attack_phase":"Initial Access","mitre_technique":"None","severity":"low","is_suspicious":false,"target_user":"bob","target_domain":"CORP","src_ip":"10.10.20.50","src_port":56352,"dest_host":"WIN-SRV-01","logon_type":3,"authentication_package":"NTLM","workstation_name":"WKSTN-18","logon_id":"0x635b","message":"An account was successfully logged on."}
{"timestamp":"2026-09-04T21:54:53Z","host":"WIN-FILE-01","source":"WinEventLog:Security","sourcetype":"WinEventLog:Security","index":"windows","EventCode":5140,"event_id":5140,"log_name":"Security","computer":"WIN-FILE-01.corp.local","provider_name":"Microsoft-Windows-Security-Auditing","level":"Information","record_id":100430,"scenario":"Normal Network Share Access","attack_phase":"Lateral Movement","mitre_technique":"None","severity":"low","is_suspicious":false,"subject_user":"erin","src_ip":"10.10.20.50","share_name":"\\\\WIN-FILE-01\\Public","share_path":"\\\\WIN-FILE-01\\Public","access_type":"Read","message":"A network share object was accessed."}
{"timestamp":"2026-09-04T22:07:31Z","host":"WIN-DC-01","source":"WinEventLog:Security","sourcetype":"WinEventLog:Security","index":"windows","EventCode":5145,"event_id":5145,"log_name":"Security","computer":"WIN-DC-01.corp.local","provider_name":"Microsoft-Windows-Security-Auditing","level":"Information","record_id":100913,"scenario":"Administrative Share Access","attack_phase":"Lateral Movement","mitre_technique":"T1021.002","severity":"medium","is_suspicious":true,"subject_user":"administrator","src_ip":"10.10.20.91","share_name":"\\\\WIN-DC-01\\ADMIN$","relative_target_name":"Windows\\Temp\\stage.exe","access_mask":"0x12019f","message":"A network share object was checked for desired access."}
{"timestamp":"2026-09-04T22:18:07Z","host":"WIN-FILE-01","source":"WinEventLog:Security","sourcetype":"WinEventLog:Security","index":"windows","EventCode":4688,"event_id":4688,"log_name":"Security","computer":"WIN-FILE-01.corp.local","provider_name":"Microsoft-Windows-Security-Auditing","level":"Information","record_id":100616,"scenario":"Normal Process Activity","attack_phase":"Execution","mitre_technique":"None","severity":"low","is_suspicious":false,"new_process_name":"C:\\Windows\\System32\\lsass.exe","parent_process_name":"C:\\Windows\\System32\\services.exe","command_line":"C:\\Windows\\System32\\lsass.exe","creator_user":"frank","process_id":"0x1e4b","parent_process_id":"0x633","integrity_level":"Medium","token_elevation_type":"Limited","message":"A new process has been created."}
{"timestamp":"2026-09-04T22:20:59Z","host":"WIN-CLIENT-01","source":"WinEventLog:Security","sourcetype":"WinEventLog:Security","index":"windows","EventCode":4688,"event_id":4688,"log_name":"Security","computer":"WIN-CLIENT-01.corp.local","provider_name":"Microsoft-Windows-Security-Auditing","level":"Information","record_id":100042,"scenario":"Normal Process Activity","attack_phase":"Execution","mitre_technique":"None","severity":"low","is_suspicious":false,"new_process_name":"C:\\Windows\\System32\\svchost.exe","parent_process_name":"C:\\Windows\\System32\\services.exe","command_line":"C:\\Windows\\System32\\svchost.exe","creator_user":"alice","process_id":"0x2650","parent_process_id":"0x118c","integrity_level":"Medium","token_elevation_type":"Limited","message":"A new process has been created."}
{"timestamp":"2026-09-04T22:25:08Z","host":"WIN-FILE-01","source":"WinEventLog:Security","sourcetype":"WinEventLog:Security","index":"windows","EventCode":5140,"event_id":5140,"log_name":"Security","computer":"WIN-FILE-01.corp.local","provider_name":"Microsoft-Windows-Security-Auditing","level":"Information","record_id":100465,"scenario":"Normal Network Share Access","attack_phase":"Lateral Movement","mitre_technique":"None","severity":"low","is_suspicious":false,"subject_user":"erin","src_ip":"10.10.30.20","share_name":"\\\\WIN-SRV-01\\Reports","share_path":"\\\\WIN-SRV-01\\Reports","access_type":"Read","message":"A network share object was accessed."}
{"timestamp":"2026-09-04T22:28:40Z","host":"WIN-DC-02","source":"WinEventLog:Security","sourcetype":"WinEventLog:Security","index":"windows","EventCode":4688,"event_id":4688,"log_name":"Security","computer":"WIN-DC-02.corp.local","provider_name":"Microsoft-Windows-Security-Auditing","level":"Information","record_id":100151,"scenario":"Normal Process Activity","attack_phase":"Execution","mitre_technique":"None","severity":"low","is_suspicious":false,"new_process_name":"C:\\Windows\\explorer.exe","parent_process_name":"C:\\Windows\\System32\\services.exe","command_line":"C:\\Windows\\explorer.exe","creator_user":"david","process_id":"0x164c","parent_process_id":"0x1277","integrity_level":"Medium","token_elevation_type":"Limited","message":"A new process has been created."}
{"timestamp":"2026-09-04T22:31:41Z","host":"WIN-SRV-01","source":"WinEventLog:Security","sourcetype":"WinEventLog:Security","index":"windows","EventCode":5157,"event_id":5157,"log_name":"Security","computer":"WIN-SRV-01.corp.local","provider_name":"Microsoft-Windows-Security-Auditing","level":"Information","record_id":100939,"scenario":"Suspicious Network Activity","attack_phase":"Command and Control","mitre_technique":"T1071","severity":"medium","is_suspicious":true,"application_path":"C:\\Windows\\Temp\\svc-host.exe","src_ip":"10.10.30.10","src_port":59837,"dest_ip":"10.10.40.166","dest_port":8080,"protocol":"TCP","direction":"Outbound","message":"The Windows Filtering Platform has blocked a connection."}
{"timestamp":"2026-09-04T22:34:30Z","host":"WIN-SRV-01","source":"WinEventLog:Security","sourcetype":"WinEventLog:Security","index":"windows","EventCode":4776,"event_id":4776,"log_name":"Security","computer":"WIN-SRV-01.corp.local","provider_name":"Microsoft-Windows-Security-Auditing","level":"Information","record_id":100318,"scenario":"Normal NTLM Validation","attack_phase":"Credential Access","mitre_technique":"None","severity":"low","is_suspicious":false,"target_user":"erin","source_workstation":"WIN-SRV-01","package_name":"MICROSOFT_AUTHENTICATION_PACKAGE_V1_0","status":"0x0","message":"The domain controller attempted to validate the credentials for an account."}
{"timestamp":"2026-09-04T22:34:41Z","host":"WIN-CLIENT-01","source":"WinEventLog:Security","sourcetype":"WinEventLog:Security","index":"windows","EventCode":7045,"event_id":7045,"log_name":"Security","computer":"WIN-CLIENT-01.corp.local","provider_name":"Microsoft-Windows-Security-Auditing","level":"Information","record_id":100280,"scenario":"Normal Service Installation","attack_phase":"Persistence","mitre_technique":"None","severity":"low","is_suspicious":false,"service_name":"BITS","service_file_name":"C:\\Windows\\explorer.exe","service_type":"Win32OwnProcess","start_type":"Auto","account_name":"LocalSystem","subject_user":"SYSTEM","message":"A service was installed in the system."}
{"timestamp":"2026-09-04T22:46:31Z","host":"WIN-FILE-01","source":"WinEventLog:Security","sourcetype":"WinEventLog:Security","index":"windows","EventCode":4768,"event_id":4768,"log_name":"Security","computer":"WIN-FILE-01.corp.local","provider_name":"Microsoft-Windows-Security-Auditing","level":"Information","record_id":100670,"scenario":"Normal Kerberos Authentication","attack_phase":"Credential Access","mitre_technique":"None","severity":"low","is_suspicious":false,"target_user":"carol","target_domain":"CORP","src_ip":"10.10.20.52","service_name":"krbtgt/CORP","ticket_options":"0x40810010","status":"0x0","message":"A Kerberos authentication ticket was requested."}
{"timestamp":"2026-09-04T22:58:10Z","host":"WIN-FILE-01","source":"WinEventLog:Security","sourcetype":"WinEventLog:Security","index":"windows","EventCode":5140,"event_id":5140,"log_name":"Security","computer":"WIN-FILE-01.corp.local","provider_name":"Microsoft-Windows-Security-Auditing","level":"Information","record_id":100307,"scenario":"Normal Network Share Access","attack_phase":"Lateral Movement","mitre_technique":"None","severity":"low","is_suspicious":false,"subject_user":"erin","src_ip":"10.10.20.52","share_name":"\\\\WIN-SRV-01\\Reports","share_path":"\\\\WIN-SRV-01\\Reports","access_type":"Read","message":"A network share object was accessed."}
{"timestamp":"2026-09-04T23:04:36Z","host":"WIN-DC-01","source":"WinEventLog:Security","sourcetype":"WinEventLog:Security","index":"windows","EventCode":4769,"event_id":4769,"log_name":"Security","computer":"WIN-DC-01.corp.local","provider_name":"Microsoft-Windows-Security-Auditing","level":"Information","record_id":100355,"scenario":"Normal Service Ticket Activity","attack_phase":"Credential Access","mitre_technique":"None","severity":"low","is_suspicious":false,"target_user":"frank","target_domain":"CORP","src_ip":"10.10.20.52","service_name":"HOST/WIN-SRV-01","ticket_encryption_type":"0x12","status":"0x0","message":"A Kerberos service ticket was requested."}
{"timestamp":"2026-09-04T23:33:38Z","host":"WIN-DC-02","source":"WinEventLog:Security","sourcetype":"WinEventLog:Security","index":"windows","EventCode":5140,"event_id":5140,"log_name":"Security","computer":"WIN-DC-02.corp.local","provider_name":"Microsoft-Windows-Security-Auditing","level":"Information","record_id":100404,"scenario":"Normal Network Share Access","attack_phase":"Lateral Movement","mitre_technique":"None","severity":"low","is_suspicious":false,"subject_user":"bob","src_ip":"10.10.10.11","share_name":"\\\\WIN-FILE-01\\Public","share_path":"\\\\WIN-FILE-01\\Public","access_type":"Read","message":"A network share object was accessed."}
{"timestamp":"2026-09-04T23:52:55Z","host":"WIN-CLIENT-02","source":"WinEventLog:Security","sourcetype":"WinEventLog:Security","index":"windows","EventCode":5156,"event_id":5156,"log_name":"Security","computer":"WIN-CLIENT-02.corp.local","provider_name":"Microsoft-Windows-Security-Auditing","level":"Information","record_id":100146,"scenario":"Normal Firewall Activity","attack_phase":"Command and Control","mitre_technique":"None","severity":"low","is_suspicious":false,"application_path":"C:\\Windows\\explorer.exe","src_ip":"10.10.20.22","src_port":53460,"dest_ip":"10.10.30.12","dest_port":443,"protocol":"TCP","direction":"Outbound","message":"The Windows Filtering Platform has permitted a connection."}
{"timestamp":"2026-09-05T00:24:01Z","host":"WIN-CLIENT-02","source":"WinEventLog:Security","sourcetype":"WinEventLog:Security","index":"windows","EventCode":4768,"event_id":4768,"log_name":"Security","computer":"WIN-CLIENT-02.corp.local","provider_name":"Microsoft-Windows-Security-Auditing","level":"Information","record_id":100185,"scenario":"Normal Kerberos Authentication","attack_phase":"Credential Access","mitre_technique":"None","severity":"low","is_suspicious":false,"target_user":"carol","target_domain":"CORP","src_ip":"10.10.20.50","service_name":"krbtgt/CORP","ticket_options":"0x40810010","status":"0x0","message":"A Kerberos authentication ticket was requested."}
{"timestamp":"2026-09-05T01:00:12Z","host":"WIN-FILE-01","source":"WinEventLog:Security","sourcetype":"WinEventLog:Security","index":"windows","EventCode":4698,"event_id":4698,"log_name":"Security","computer":"WIN-FILE-01.corp.local","provider_name":"Microsoft-Windows-Security-Auditing","level":"Information","record_id":100424,"scenario":"Normal Scheduled Task","attack_phase":"Persistence","mitre_technique":"None","severity":"low","is_suspicious":false,"subject_user":"SYSTEM","task_name":"\\Microsoft\\Windows\\Update\\Scheduled Update","author":"Microsoft Corporation","run_as_user":"SYSTEM","action":"C:\\Windows\\System32\\UsoClient.exe","trigger":"Daily","task_content":"Routine Windows update task."}
{"timestamp":"2026-09-05T01:15:21Z","host":"WIN-FILE-01","source":"WinEventLog:Security","sourcetype":"WinEventLog:Security","index":"windows","EventCode":4776,"event_id":4776,"log_name":"Security","computer":"WIN-FILE-01.corp.local","provider_name":"Microsoft-Windows-Security-Auditing","level":"Information","record_id":100090,"scenario":"Normal NTLM Validation","attack_phase":"Credential Access","mitre_technique":"None","severity":"low","is_suspicious":false,"target_user":"carol","source_workstation":"WIN-FILE-01","package_name":"MICROSOFT_AUTHENTICATION_PACKAGE_V1_0","status":"0x0","message":"The domain controller attempted to validate the credentials for an account."}
{"timestamp":"2026-09-05T01:38:17Z","host":"WIN-CLIENT-01","source":"WinEventLog:Security","sourcetype":"WinEventLog:Security","index":"windows","EventCode":7045,"event_id":7045,"log_name":"Security","computer":"WIN-CLIENT-01.corp.local","provider_name":"Microsoft-Windows-Security-Auditing","level":"Information","record_id":100060,"scenario":"Normal Service Installation","attack_phase":"Persistence","mitre_technique":"None","severity":"low","is_suspicious":false,"service_name":"W32Time","service_file_name":"C:\\Windows\\System32\\winlogon.exe","service_type":"Win32OwnProcess","start_type":"Auto","account_name":"LocalSystem","subject_user":"SYSTEM","message":"A service was installed in the system."}
{"timestamp":"2026-09-05T02:00:19Z","host":"WIN-DC-01","source":"WinEventLog:Security","sourcetype":"WinEventLog:Security","index":"windows","EventCode":4776,"event_id":4776,"log_name":"Security","computer":"WIN-DC-01.corp.local","provider_name":"Microsoft-Windows-Security-Auditing","level":"Information","record_id":100335,"scenario":"Normal NTLM Validation","attack_phase":"Credential Access","mitre_technique":"None","severity":"low","is_suspicious":false,"target_user":"frank","source_workstation":"WIN-DC-01","package_name":"MICROSOFT_AUTHENTICATION_PACKAGE_V1_0","status":"0x0","message":"The domain controller attempted to validate the credentials for an account."}
{"timestamp":"2026-09-05T02:01:06Z","host":"WIN-DC-01","source":"WinEventLog:Security","sourcetype":"WinEventLog:Security","index":"windows","EventCode":4776,"event_id":4776,"log_name":"Security","computer":"WIN-DC-01.corp.local","provider_name":"Microsoft-Windows-Security-Auditing","level":"Information","record_id":100228,"scenario":"Normal NTLM Validation","attack_phase":"Credential Access","mitre_technique":"None","severity":"low","is_suspicious":false,"target_user":"frank","source_workstation":"WIN-DC-01","package_name":"MICROSOFT_AUTHENTICATION_PACKAGE_V1_0","status":"0x0","message":"The domain controller attempted to validate the credentials for an account."}
{"timestamp":"2026-09-05T02:16:15Z","host":"WIN-CLIENT-01","source":"WinEventLog:Security","sourcetype":"WinEventLog:Security","index":"windows","EventCode":4688,"event_id":4688,"log_name":"Security","computer":"WIN-CLIENT-01.corp.local","provider_name":"Microsoft-Windows-Security-Auditing","level":"Information","record_id":100598,"scenario":"Normal Process Activity","attack_phase":"Execution","mitre_technique":"None","severity":"low","is_suspicious":false,"new_process_name":"C:\\Windows\\System32\\taskhostw.exe","parent_process_name":"C:\\Windows\\System32\\services.exe","command_line":"C:\\Windows\\System32\\taskhostw.exe","creator_user":"alice","process_id":"0x2387","parent_process_id":"0xd73","integrity_level":"Medium","token_elevation_type":"Limited","message":"A new process has been created."}
{"timestamp":"2026-09-05T02:20:22Z","host":"WIN-CLIENT-02","source":"WinEventLog:Security","sourcetype":"WinEventLog:Security","index":"windows","EventCode":4688,"event_id":4688,"log_name":"Security","computer":"WIN-CLIENT-02.corp.local","provider_name":"Microsoft-Windows-Security-Auditing","level":"Information","record_id":100669,"scenario":"Normal Process Activity","attack_phase":"Execution","mitre_technique":"None","severity":"low","is_suspicious":false,"new_process_name":"C:\\Windows\\System32\\services.exe","parent_process_name":"C:\\Windows\\System32\\services.exe","command_line":"C:\\Windows\\System32\\services.exe","creator_user":"frank","process_id":"0x85f","parent_process_id":"0x104a","integrity_level":"Medium","token_elevation_type":"Limited","message":"A new process has been created."}
