{"timestamp":"2026-09-09T18:14:15Z","host":"WIN-DC-02","source":"WinEventLog:Security","sourcetype":"WinEventLog:Security","index":"windows","EventCode":4738,"event_id":4738,"log_name":"Security","computer":"WIN-DC-02.corp.local","provider_name":"Microsoft-Windows-Security-Auditing","level":"Information","record_id":102378,"scenario":"Normal AD Administration","attack_phase":"None","mitre_technique":"None","severity":"low","is_suspicious":false,"subject_user":"s.domadmin","subject_domain":"CORP","target_user":"dohara","target_domain":"CORP","dest_host":"WIN-DC-02","src_ip":"10.10.10.190","message":"Routine account management operation performed by IT staff."}
{"timestamp":"2026-09-09T18:32:45Z","host":"WIN-DC-01","source":"WinEventLog:Security","sourcetype":"WinEventLog:Security","index":"windows","EventCode":4724,"event_id":4724,"log_name":"Security","computer":"WIN-DC-01.corp.local","provider_name":"Microsoft-Windows-Security-Auditing","level":"Information","record_id":102379,"scenario":"Normal AD Administration","attack_phase":"None","mitre_technique":"None","severity":"low","is_suspicious":false,"subject_user":"administrator","subject_domain":"CORP","target_user":"kwright","target_domain":"CORP","dest_host":"WIN-DC-01","src_ip":"10.10.10.112","message":"Routine account management operation performed by IT staff."}
{"timestamp":"2026-09-09T18:37:10Z","host":"WIN-DC-02","source":"WinEventLog:Security","sourcetype":"WinEventLog:Security","index":"windows","EventCode":4722,"event_id":4722,"log_name":"Security","computer":"WIN-DC-02.corp.local","provider_name":"Microsoft-Windows-Security-Auditing","level":"Information","record_id":102380,"scenario":"Normal AD Administration","attack_phase":"None","mitre_technique":"None","severity":"low","is_suspicious":false,"subject_user":"s.domadmin","subject_domain":"CORP","target_user":"sbrooks","target_domain":"CORP","dest_host":"WIN-DC-02","src_ip":"10.10.10.216","message":"Routine account management operation performed by IT staff."}
{"timestamp":"2026-09-09T18:39:22Z","host":"WIN-DC-01","source":"WinEventLog:Security","sourcetype":"WinEventLog:Security","index":"windows","EventCode":4722,"event_id":4722,"log_name":"Security","computer":"WIN-DC-01.corp.local","provider_name":"Microsoft-Windows-Security-Auditing","level":"Information","record_id":102381,"scenario":"Normal AD Administration","attack_phase":"None","mitre_technique":"None","severity":"low","is_suspicious":false,"subject_user":"s.domadmin","subject_domain":"CORP","target_user":"mchen","target_domain":"CORP","dest_host":"WIN-DC-01","src_ip":"10.10.10.98","message":"Routine account management operation performed by IT staff."}
{"timestamp":"2026-09-09T18:47:52Z","host":"WIN-DC-01","source":"WinEventLog:Security","sourcetype":"WinEventLog:Security","index":"windows","EventCode":4738,"event_id":4738,"log_name":"Security","computer":"WIN-DC-01.corp.local","provider_name":"Microsoft-Windows-Security-Auditing","level":"Information","record_id":102382,"scenario":"Normal AD Administration","attack_phase":"None","mitre_technique":"None","severity":"low","is_suspicious":false,"subject_user":"administrator","subject_domain":"CORP","target_user":"dohara","target_domain":"CORP","dest_host":"WIN-DC-01","src_ip":"10.10.10.126","message":"Routine account management operation performed by IT staff."}
{"timestamp":"2026-09-09T18:55:15Z","host":"WIN-DC-02","source":"WinEventLog:Security","sourcetype":"WinEventLog:Security","index":"windows","EventCode":4738,"event_id":4738,"log_name":"Security","computer":"WIN-DC-02.corp.local","provider_name":"Microsoft-Windows-Security-Auditing","level":"Information","record_id":102383,"scenario":"Normal AD Administration","attack_phase":"None","mitre_technique":"None","severity":"low","is_suspicious":false,"subject_user":"administrator","subject_domain":"CORP","target_user":"mchen","target_domain":"CORP","dest_host":"WIN-DC-02","src_ip":"10.10.10.164","message":"Routine account management operation performed by IT staff."}
{"timestamp":"2026-09-09T18:59:16Z","host":"WIN-DC-01","source":"WinEventLog:Security","sourcetype":"WinEventLog:Security","index":"windows","EventCode":4720,"event_id":4720,"log_name":"Security","computer":"WIN-DC-01.corp.local","provider_name":"Microsoft-Windows-Security-Auditing","level":"Information","record_id":102384,"scenario":"Normal AD Administration","attack_phase":"None","mitre_technique":"None","severity":"low","is_suspicious":false,"subject_user":"administrator","subject_domain":"CORP","target_user":"tnguyen","target_domain":"CORP","dest_host":"WIN-DC-01","src_ip":"10.10.10.127","message":"Routine account management operation performed by IT staff."}
{"timestamp":"2026-09-09T19:07:23Z","host":"WIN-DC-01","source":"WinEventLog:Security","sourcetype":"WinEventLog:Security","index":"windows","EventCode":4720,"event_id":4720,"log_name":"Security","computer":"WIN-DC-01.corp.local","provider_name":"Microsoft-Windows-Security-Auditing","level":"Information","record_id":102385,"scenario":"Normal AD Administration","attack_phase":"None","mitre_technique":"None","severity":"low","is_suspicious":false,"subject_user":"s.domadmin","subject_domain":"CORP","target_user":"tnguyen","target_domain":"CORP","dest_host":"WIN-DC-01","src_ip":"10.10.10.69","message":"Routine account management operation performed by IT staff."}
{"timestamp":"2026-09-09T19:21:21Z","host":"WIN-DC-01","source":"WinEventLog:Security","sourcetype":"WinEventLog:Security","index":"windows","EventCode":4724,"event_id":4724,"log_name":"Security","computer":"WIN-DC-01.corp.local","provider_name":"Microsoft-Windows-Security-Auditing","level":"Information","record_id":102386,"scenario":"Normal AD Administration","attack_phase":"None","mitre_technique":"None","severity":"low","is_suspicious":false,"subject_user":"j.admin","subject_domain":"CORP","target_user":"kwright","target_domain":"CORP","dest_host":"WIN-DC-01","src_ip":"10.10.10.137","message":"Routine account management operation performed by IT staff."}
{"timestamp":"2026-09-09T19:28:29Z","host":"WIN-DC-02","source":"WinEventLog:Security","sourcetype":"WinEventLog:Security","index":"windows","EventCode":4722,"event_id":4722,"log_name":"Security","computer":"WIN-DC-02.corp.local","provider_name":"Microsoft-Windows-Security-Auditing","level":"Information","record_id":102387,"scenario":"Normal AD Administration","attack_phase":"None","mitre_technique":"None","severity":"low","is_suspicious":false,"subject_user":"s.domadmin","subject_domain":"CORP","target_user":"lwilson","target_domain":"CORP","dest_host":"WIN-DC-02","src_ip":"10.10.10.126","message":"Routine account management operation performed by IT staff."}
{"timestamp":"2026-09-09T19:46:12Z","host":"WIN-DC-02","source":"WinEventLog:Security","sourcetype":"WinEventLog:Security","index":"windows","EventCode":4732,"event_id":4732,"log_name":"Security","computer":"WIN-DC-02.corp.local","provider_name":"Microsoft-Windows-Security-Auditing","level":"Information","record_id":102388,"scenario":"Normal AD Administration","attack_phase":"None","mitre_technique":"None","severity":"low","is_suspicious":false,"subject_user":"s.domadmin","subject_domain":"CORP","target_user":"kwright","target_domain":"CORP","dest_host":"WIN-DC-02","src_ip":"10.10.10.125","message":"Routine account management operation performed by IT staff."}
{"timestamp":"2026-09-09T19:57:17Z","host":"WIN-DC-01","source":"WinEventLog:Security","sourcetype":"WinEventLog:Security","index":"windows","EventCode":4722,"event_id":4722,"log_name":"Security","computer":"WIN-DC-01.corp.local","provider_name":"Microsoft-Windows-Security-Auditing","level":"Information","record_id":102389,"scenario":"Normal AD Administration","attack_phase":"None","mitre_technique":"None","severity":"low","is_suspicious":false,"subject_user":"j.admin","subject_domain":"CORP","target_user":"agarcia","target_domain":"CORP","dest_host":"WIN-DC-01","src_ip":"10.10.10.109","message":"Routine account management operation performed by IT staff."}
{"timestamp":"2026-09-09T20:13:32Z","host":"WIN-DC-02","source":"WinEventLog:Security","sourcetype":"WinEventLog:Security","index":"windows","EventCode":4722,"event_id":4722,"log_name":"Security","computer":"WIN-DC-02.corp.local","provider_name":"Microsoft-Windows-Security-Auditing","level":"Information","record_id":102390,"scenario":"Normal AD Administration","attack_phase":"None","mitre_technique":"None","severity":"low","is_suspicious":false,"subject_user":"administrator","subject_domain":"CORP","target_user":"tnguyen","target_domain":"CORP","dest_host":"WIN-DC-02","src_ip":"10.10.10.47","message":"Routine account management operation performed by IT staff."}
{"timestamp":"2026-09-09T20:30:23Z","host":"WIN-DC-02","source":"WinEventLog:Security","sourcetype":"WinEventLog:Security","index":"windows","EventCode":4724,"event_id":4724,"log_name":"Security","computer":"WIN-DC-02.corp.local","provider_name":"Microsoft-Windows-Security-Auditing","level":"Information","record_id":102391,"scenario":"Normal AD Administration","attack_phase":"None","mitre_technique":"None","severity":"low","is_suspicious":false,"subject_user":"j.admin","subject_domain":"CORP","target_user":"agarcia","target_domain":"CORP","dest_host":"WIN-DC-02","src_ip":"10.10.10.180","message":"Routine account management operation performed by IT staff."}
{"timestamp":"2026-09-09T20:44:58Z","host":"WIN-DC-01","source":"WinEventLog:Security","sourcetype":"WinEventLog:Security","index":"windows","EventCode":4728,"event_id":4728,"log_name":"Security","computer":"WIN-DC-01.corp.local","provider_name":"Microsoft-Windows-Security-Auditing","level":"Information","record_id":102392,"scenario":"Normal AD Administration","attack_phase":"None","mitre_technique":"None","severity":"low","is_suspicious":false,"subject_user":"s.domadmin","subject_domain":"CORP","target_user":"dohara","target_domain":"CORP","dest_host":"WIN-DC-01","src_ip":"10.10.10.107","message":"Routine account management operation performed by IT staff."}
{"timestamp":"2026-09-09T20:53:58Z","host":"WIN-DC-01","source":"WinEventLog:Security","sourcetype":"WinEventLog:Security","index":"windows","EventCode":4738,"event_id":4738,"log_name":"Security","computer":"WIN-DC-01.corp.local","provider_name":"Microsoft-Windows-Security-Auditing","level":"Information","record_id":102393,"scenario":"Normal AD Administration","attack_phase":"None","mitre_technique":"None","severity":"low","is_suspicious":false,"subject_user":"s.domadmin","subject_domain":"CORP","target_user":"lwilson","target_domain":"CORP","dest_host":"WIN-DC-01","src_ip":"10.10.10.57","message":"Routine account management operation performed by IT staff."}
{"timestamp":"2026-09-09T21:08:55Z","host":"WIN-DC-01","source":"WinEventLog:Security","sourcetype":"WinEventLog:Security","index":"windows","EventCode":4732,"event_id":4732,"log_name":"Security","computer":"WIN-DC-01.corp.local","provider_name":"Microsoft-Windows-Security-Auditing","level":"Information","record_id":102394,"scenario":"Normal AD Administration","attack_phase":"None","mitre_technique":"None","severity":"low","is_suspicious":false,"subject_user":"j.admin","subject_domain":"CORP","target_user":"kwright","target_domain":"CORP","dest_host":"WIN-DC-01","src_ip":"10.10.10.174","message":"Routine account management operation performed by IT staff."}
{"timestamp":"2026-09-09T21:20:45Z","host":"WIN-DC-02","source":"WinEventLog:Security","sourcetype":"WinEventLog:Security","index":"windows","EventCode":4728,"event_id":4728,"log_name":"Security","computer":"WIN-DC-02.corp.local","provider_name":"Microsoft-Windows-Security-Auditing","level":"Information","record_id":102395,"scenario":"Normal AD Administration","attack_phase":"None","mitre_technique":"None","severity":"low","is_suspicious":false,"subject_user":"j.admin","subject_domain":"CORP","target_user":"dohara","target_domain":"CORP","dest_host":"WIN-DC-02","src_ip":"10.10.10.104","message":"Routine account management operation performed by IT staff."}
{"timestamp":"2026-09-09T21:30:38Z","host":"WIN-DC-01","source":"WinEventLog:Security","sourcetype":"WinEventLog:Security","index":"windows","EventCode":4738,"event_id":4738,"log_name":"Security","computer":"WIN-DC-01.corp.local","provider_name":"Microsoft-Windows-Security-Auditing","level":"Information","record_id":102396,"scenario":"Normal AD Administration","attack_phase":"None","mitre_technique":"None","severity":"low","is_suspicious":false,"subject_user":"s.domadmin","subject_domain":"CORP","target_user":"dohara","target_domain":"CORP","dest_host":"WIN-DC-01","src_ip":"10.10.10.58","message":"Routine account management operation performed by IT staff."}
{"timestamp":"2026-09-09T21:43:13Z","host":"WIN-DC-01","source":"WinEventLog:Security","sourcetype":"WinEventLog:Security","index":"windows","EventCode":4738,"event_id":4738,"log_name":"Security","computer":"WIN-DC-01.corp.local","provider_name":"Microsoft-Windows-Security-Auditing","level":"Information","record_id":102397,"scenario":"Normal AD Administration","attack_phase":"None","mitre_technique":"None","severity":"low","is_suspicious":false,"subject_user":"j.admin","subject_domain":"CORP","target_user":"dohara","target_domain":"CORP","dest_host":"WIN-DC-01","src_ip":"10.10.10.58","message":"Routine account management operation performed by IT staff."}
{"timestamp":"2026-09-09T21:49:54Z","host":"WIN-DC-01","source":"WinEventLog:Security","sourcetype":"WinEventLog:Security","index":"windows","EventCode":4724,"event_id":4724,"log_name":"Security","computer":"WIN-DC-01.corp.local","provider_name":"Microsoft-Windows-Security-Auditing","level":"Information","record_id":102398,"scenario":"Normal AD Administration","attack_phase":"None","mitre_technique":"None","severity":"low","is_suspicious":false,"subject_user":"s.domadmin","subject_domain":"CORP","target_user":"agarcia","target_domain":"CORP","dest_host":"WIN-DC-01","src_ip":"10.10.10.158","message":"Routine account management operation performed by IT staff."}
{"timestamp":"2026-09-09T22:02:09Z","host":"WIN-DC-01","source":"WinEventLog:Security","sourcetype":"WinEventLog:Security","index":"windows","EventCode":4732,"event_id":4732,"log_name":"Security","computer":"WIN-DC-01.corp.local","provider_name":"Microsoft-Windows-Security-Auditing","level":"Information","record_id":102399,"scenario":"Normal AD Administration","attack_phase":"None","mitre_technique":"None","severity":"low","is_suspicious":false,"subject_user":"administrator","subject_domain":"CORP","target_user":"sbrooks","target_domain":"CORP","dest_host":"WIN-DC-01","src_ip":"10.10.10.245","message":"Routine account management operation performed by IT staff."}
{"timestamp":"2026-09-09T22:03:52Z","host":"WIN-DC-02","source":"WinEventLog:Security","sourcetype":"WinEventLog:Security","index":"windows","EventCode":4720,"event_id":4720,"log_name":"Security","computer":"WIN-DC-02.corp.local","provider_name":"Microsoft-Windows-Security-Auditing","level":"Information","record_id":102400,"scenario":"Normal AD Administration","attack_phase":"None","mitre_technique":"None","severity":"low","is_suspicious":false,"subject_user":"j.admin","subject_domain":"CORP","target_user":"kwright","target_domain":"CORP","dest_host":"WIN-DC-02","src_ip":"10.10.10.198","message":"Routine account management operation performed by IT staff."}
{"timestamp":"2026-09-09T22:23:44Z","host":"WIN-DC-01","source":"WinEventLog:Security","sourcetype":"WinEventLog:Security","index":"windows","EventCode":4724,"event_id":4724,"log_name":"Security","computer":"WIN-DC-01.corp.local","provider_name":"Microsoft-Windows-Security-Auditing","level":"Information","record_id":102401,"scenario":"Normal AD Administration","attack_phase":"None","mitre_technique":"None","severity":"low","is_suspicious":false,"subject_user":"s.domadmin","subject_domain":"CORP","target_user":"jsmith","target_domain":"CORP","dest_host":"WIN-DC-01","src_ip":"10.10.10.55","message":"Routine account management operation performed by IT staff."}
{"timestamp":"2026-09-09T22:37:05Z","host":"WIN-DC-01","source":"WinEventLog:Security","sourcetype":"WinEventLog:Security","index":"windows","EventCode":4722,"event_id":4722,"log_name":"Security","computer":"WIN-DC-01.corp.local","provider_name":"Microsoft-Windows-Security-Auditing","level":"Information","record_id":102402,"scenario":"Normal AD Administration","attack_phase":"None","mitre_technique":"None","severity":"low","is_suspicious":false,"subject_user":"j.admin","subject_domain":"CORP","target_user":"sbrooks","target_domain":"CORP","dest_host":"WIN-DC-01","src_ip":"10.10.10.222","message":"Routine account management operation performed by IT staff."}
{"timestamp":"2026-09-09T22:45:54Z","host":"WIN-DC-02","source":"WinEventLog:Security","sourcetype":"WinEventLog:Security","index":"windows","EventCode":4722,"event_id":4722,"log_name":"Security","computer":"WIN-DC-02.corp.local","provider_name":"Microsoft-Windows-Security-Auditing","level":"Information","record_id":102403,"scenario":"Normal AD Administration","attack_phase":"None","mitre_technique":"None","severity":"low","is_suspicious":false,"subject_user":"j.admin","subject_domain":"CORP","target_user":"kwright","target_domain":"CORP","dest_host":"WIN-DC-02","src_ip":"10.10.10.107","message":"Routine account management operation performed by IT staff."}
{"timestamp":"2026-09-09T22:54:15Z","host":"WIN-DC-01","source":"WinEventLog:Security","sourcetype":"WinEventLog:Security","index":"windows","EventCode":4720,"event_id":4720,"log_name":"Security","computer":"WIN-DC-01.corp.local","provider_name":"Microsoft-Windows-Security-Auditing","level":"Information","record_id":102404,"scenario":"Normal AD Administration","attack_phase":"None","mitre_technique":"None","severity":"low","is_suspicious":false,"subject_user":"administrator","subject_domain":"CORP","target_user":"jsmith","target_domain":"CORP","dest_host":"WIN-DC-01","src_ip":"10.10.10.195","message":"Routine account management operation performed by IT staff."}
{"timestamp":"2026-09-09T23:13:13Z","host":"WIN-DC-01","source":"WinEventLog:Security","sourcetype":"WinEventLog:Security","index":"windows","EventCode":4732,"event_id":4732,"log_name":"Security","computer":"WIN-DC-01.corp.local","provider_name":"Microsoft-Windows-Security-Auditing","level":"Information","record_id":102405,"scenario":"Normal AD Administration","attack_phase":"None","mitre_technique":"None","severity":"low","is_suspicious":false,"subject_user":"j.admin","subject_domain":"CORP","target_user":"tnguyen","target_domain":"CORP","dest_host":"WIN-DC-01","src_ip":"10.10.10.12","message":"Routine account management operation performed by IT staff."}
{"timestamp":"2026-09-09T23:19:34Z","host":"WIN-DC-02","source":"WinEventLog:Security","sourcetype":"WinEventLog:Security","index":"windows","EventCode":4738,"event_id":4738,"log_name":"Security","computer":"WIN-DC-02.corp.local","provider_name":"Microsoft-Windows-Security-Auditing","level":"Information","record_id":102406,"scenario":"Normal AD Administration","attack_phase":"None","mitre_technique":"None","severity":"low","is_suspicious":false,"subject_user":"administrator","subject_domain":"CORP","target_user":"jsmith","target_domain":"CORP","dest_host":"WIN-DC-02","src_ip":"10.10.10.163","message":"Routine account management operation performed by IT staff."}
{"timestamp":"2026-09-09T23:29:00Z","host":"WIN-DC-01","source":"WinEventLog:Security","sourcetype":"WinEventLog:Security","index":"windows","EventCode":4738,"event_id":4738,"log_name":"Security","computer":"WIN-DC-01.corp.local","provider_name":"Microsoft-Windows-Security-Auditing","level":"Information","record_id":102407,"scenario":"Normal AD Administration","attack_phase":"None","mitre_technique":"None","severity":"low","is_suspicious":false,"subject_user":"j.admin","subject_domain":"CORP","target_user":"agarcia","target_domain":"CORP","dest_host":"WIN-DC-01","src_ip":"10.10.10.169","message":"Routine account management operation performed by IT staff."}
{"timestamp":"2026-09-09T23:43:40Z","host":"WIN-DC-01","source":"WinEventLog:Security","sourcetype":"WinEventLog:Security","index":"windows","EventCode":4724,"event_id":4724,"log_name":"Security","computer":"WIN-DC-01.corp.local","provider_name":"Microsoft-Windows-Security-Auditing","level":"Information","record_id":102408,"scenario":"Normal AD Administration","attack_phase":"None","mitre_technique":"None","severity":"low","is_suspicious":false,"subject_user":"administrator","subject_domain":"CORP","target_user":"lwilson","target_domain":"CORP","dest_host":"WIN-DC-01","src_ip":"10.10.10.21","message":"Routine account management operation performed by IT staff."}
{"timestamp":"2026-09-09T23:47:11Z","host":"WIN-DC-02","source":"WinEventLog:Security","sourcetype":"WinEventLog:Security","index":"windows","EventCode":4720,"event_id":4720,"log_name":"Security","computer":"WIN-DC-02.corp.local","provider_name":"Microsoft-Windows-Security-Auditing","level":"Information","record_id":102409,"scenario":"Normal AD Administration","attack_phase":"None","mitre_technique":"None","severity":"low","is_suspicious":false,"subject_user":"s.domadmin","subject_domain":"CORP","target_user":"jsmith","target_domain":"CORP","dest_host":"WIN-DC-02","src_ip":"10.10.10.214","message":"Routine account management operation performed by IT staff."}
{"timestamp":"2026-09-10T00:06:40Z","host":"WIN-DC-01","source":"WinEventLog:Security","sourcetype":"WinEventLog:Security","index":"windows","EventCode":4720,"event_id":4720,"log_name":"Security","computer":"WIN-DC-01.corp.local","provider_name":"Microsoft-Windows-Security-Auditing","level":"Information","record_id":102410,"scenario":"Normal AD Administration","attack_phase":"None","mitre_technique":"None","severity":"low","is_suspicious":false,"subject_user":"j.admin","subject_domain":"CORP","target_user":"cwalker","target_domain":"CORP","dest_host":"WIN-DC-01","src_ip":"10.10.10.51","message":"Routine account management operation performed by IT staff."}
{"timestamp":"2026-09-10T00:18:19Z","host":"WIN-DC-02","source":"WinEventLog:Security","sourcetype":"WinEventLog:Security","index":"windows","EventCode":4728,"event_id":4728,"log_name":"Security","computer":"WIN-DC-02.corp.local","provider_name":"Microsoft-Windows-Security-Auditing","level":"Information","record_id":102411,"scenario":"Normal AD Administration","attack_phase":"None","mitre_technique":"None","severity":"low","is_suspicious":false,"subject_user":"s.domadmin","subject_domain":"CORP","target_user":"sbrooks","target_domain":"CORP","dest_host":"WIN-DC-02","src_ip":"10.10.10.7","message":"Routine account management operation performed by IT staff."}
{"timestamp":"2026-09-10T00:29:37Z","host":"WIN-DC-02","source":"WinEventLog:Security","sourcetype":"WinEventLog:Security","index":"windows","EventCode":4728,"event_id":4728,"log_name":"Security","computer":"WIN-DC-02.corp.local","provider_name":"Microsoft-Windows-Security-Auditing","level":"Information","record_id":102412,"scenario":"Normal AD Administration","attack_phase":"None","mitre_technique":"None","severity":"low","is_suspicious":false,"subject_user":"administrator","subject_domain":"CORP","target_user":"rpatel","target_domain":"CORP","dest_host":"WIN-DC-02","src_ip":"10.10.10.69","message":"Routine account management operation performed by IT staff."}
{"timestamp":"2026-09-10T00:46:42Z","host":"WIN-DC-02","source":"WinEventLog:Security","sourcetype":"WinEventLog:Security","index":"windows","EventCode":4738,"event_id":4738,"log_name":"Security","computer":"WIN-DC-02.corp.local","provider_name":"Microsoft-Windows-Security-Auditing","level":"Information","record_id":102413,"scenario":"Normal AD Administration","attack_phase":"None","mitre_technique":"None","severity":"low","is_suspicious":false,"subject_user":"administrator","subject_domain":"CORP","target_user":"tnguyen","target_domain":"CORP","dest_host":"WIN-DC-02","src_ip":"10.10.10.58","message":"Routine account management operation performed by IT staff."}
{"timestamp":"2026-09-10T01:01:34Z","host":"WIN-DC-02","source":"WinEventLog:Security","sourcetype":"WinEventLog:Security","index":"windows","EventCode":4728,"event_id":4728,"log_name":"Security","computer":"WIN-DC-02.corp.local","provider_name":"Microsoft-Windows-Security-Auditing","level":"Information","record_id":102414,"scenario":"Normal AD Administration","attack_phase":"None","mitre_technique":"None","severity":"low","is_suspicious":false,"subject_user":"s.domadmin","subject_domain":"CORP","target_user":"lwilson","target_domain":"CORP","dest_host":"WIN-DC-02","src_ip":"10.10.10.138","message":"Routine account management operation performed by IT staff."}
{"timestamp":"2026-09-10T01:19:51Z","host":"WIN-DC-01","source":"WinEventLog:Security","sourcetype":"WinEventLog:Security","index":"windows","EventCode":4728,"event_id":4728,"log_name":"Security","computer":"WIN-DC-01.corp.local","provider_name":"Microsoft-Windows-Security-Auditing","level":"Information","record_id":102415,"scenario":"Normal AD Administration","attack_phase":"None","mitre_technique":"None","severity":"low","is_suspicious":false,"subject_user":"j.admin","subject_domain":"CORP","target_user":"jsmith","target_domain":"CORP","dest_host":"WIN-DC-01","src_ip":"10.10.10.188","message":"Routine account management operation performed by IT staff."}
{"timestamp":"2026-09-10T01:34:17Z","host":"WIN-DC-02","source":"WinEventLog:Security","sourcetype":"WinEventLog:Security","index":"windows","EventCode":4732,"event_id":4732,"log_name":"Security","computer":"WIN-DC-02.corp.local","provider_name":"Microsoft-Windows-Security-Auditing","level":"Information","record_id":102416,"scenario":"Normal AD Administration","attack_phase":"None","mitre_technique":"None","severity":"low","is_suspicious":false,"subject_user":"j.admin","subject_domain":"CORP","target_user":"agarcia","target_domain":"CORP","dest_host":"WIN-DC-02","src_ip":"10.10.10.59","message":"Routine account management operation performed by IT staff."}
{"timestamp":"2026-09-10T01:36:07Z","host":"WIN-DC-02","source":"WinEventLog:Security","sourcetype":"WinEventLog:Security","index":"windows","EventCode":4722,"event_id":4722,"log_name":"Security","computer":"WIN-DC-02.corp.local","provider_name":"Microsoft-Windows-Security-Auditing","level":"Information","record_id":102417,"scenario":"Normal AD Administration","attack_phase":"None","mitre_technique":"None","severity":"low","is_suspicious":false,"subject_user":"j.admin","subject_domain":"CORP","target_user":"dohara","target_domain":"CORP","dest_host":"WIN-DC-02","src_ip":"10.10.10.124","message":"Routine account management operation performed by IT staff."}
{"timestamp":"2026-09-10T01:40:50Z","host":"WIN-DC-02","source":"WinEventLog:Security","sourcetype":"WinEventLog:Security","index":"windows","EventCode":4738,"event_id":4738,"log_name":"Security","computer":"WIN-DC-02.corp.local","provider_name":"Microsoft-Windows-Security-Auditing","level":"Information","record_id":102418,"scenario":"Normal AD Administration","attack_phase":"None","mitre_technique":"None","severity":"low","is_suspicious":false,"subject_user":"s.domadmin","subject_domain":"CORP","target_user":"mchen","target_domain":"CORP","dest_host":"WIN-DC-02","src_ip":"10.10.10.23","message":"Routine account management operation performed by IT staff."}
{"timestamp":"2026-09-10T01:45:05Z","host":"WIN-DC-01","source":"WinEventLog:Security","sourcetype":"WinEventLog:Security","index":"windows","EventCode":4722,"event_id":4722,"log_name":"Security","computer":"WIN-DC-01.corp.local","provider_name":"Microsoft-Windows-Security-Auditing","level":"Information","record_id":102419,"scenario":"Normal AD Administration","attack_phase":"None","mitre_technique":"None","severity":"low","is_suspicious":false,"subject_user":"s.domadmin","subject_domain":"CORP","target_user":"dohara","target_domain":"CORP","dest_host":"WIN-DC-01","src_ip":"10.10.10.65","message":"Routine account management operation performed by IT staff."}
{"timestamp":"2026-09-10T01:48:56Z","host":"WIN-DC-01","source":"WinEventLog:Security","sourcetype":"WinEventLog:Security","index":"windows","EventCode":4728,"event_id":4728,"log_name":"Security","computer":"WIN-DC-01.corp.local","provider_name":"Microsoft-Windows-Security-Auditing","level":"Information","record_id":102420,"scenario":"Normal AD Administration","attack_phase":"None","mitre_technique":"None","severity":"low","is_suspicious":false,"subject_user":"j.admin","subject_domain":"CORP","target_user":"cwalker","target_domain":"CORP","dest_host":"WIN-DC-01","src_ip":"10.10.10.135","message":"Routine account management operation performed by IT staff."}
{"timestamp":"2026-09-10T01:57:52Z","host":"WIN-DC-01","source":"WinEventLog:Security","sourcetype":"WinEventLog:Security","index":"windows","EventCode":4728,"event_id":4728,"log_name":"Security","computer":"WIN-DC-01.corp.local","provider_name":"Microsoft-Windows-Security-Auditing","level":"Information","record_id":102421,"scenario":"Normal AD Administration","attack_phase":"None","mitre_technique":"None","severity":"low","is_suspicious":false,"subject_user":"j.admin","subject_domain":"CORP","target_user":"lwilson","target_domain":"CORP","dest_host":"WIN-DC-01","src_ip":"10.10.10.81","message":"Routine account management operation performed by IT staff."}
{"timestamp":"2026-09-10T02:10:23Z","host":"WIN-DC-01","source":"WinEventLog:Security","sourcetype":"WinEventLog:Security","index":"windows","EventCode":4720,"event_id":4720,"log_name":"Security","computer":"WIN-DC-01.corp.local","provider_name":"Microsoft-Windows-Security-Auditing","level":"Information","record_id":102422,"scenario":"Normal AD Administration","attack_phase":"None","mitre_technique":"None","severity":"low","is_suspicious":false,"subject_user":"s.domadmin","subject_domain":"CORP","target_user":"kwright","target_domain":"CORP","dest_host":"WIN-DC-01","src_ip":"10.10.10.146","message":"Routine account management operation performed by IT staff."}
{"timestamp":"2026-09-10T02:25:15Z","host":"WIN-DC-01","source":"WinEventLog:Security","sourcetype":"WinEventLog:Security","index":"windows","EventCode":4738,"event_id":4738,"log_name":"Security","computer":"WIN-DC-01.corp.local","provider_name":"Microsoft-Windows-Security-Auditing","level":"Information","record_id":102423,"scenario":"Normal AD Administration","attack_phase":"None","mitre_technique":"None","severity":"low","is_suspicious":false,"subject_user":"s.domadmin","subject_domain":"CORP","target_user":"rpatel","target_domain":"CORP","dest_host":"WIN-DC-01","src_ip":"10.10.10.205","message":"Routine account management operation performed by IT staff."}
{"timestamp":"2026-09-10T02:42:55Z","host":"WIN-DC-02","source":"WinEventLog:Security","sourcetype":"WinEventLog:Security","index":"windows","EventCode":4738,"event_id":4738,"log_name":"Security","computer":"WIN-DC-02.corp.local","provider_name":"Microsoft-Windows-Security-Auditing","level":"Information","record_id":102424,"scenario":"Normal AD Administration","attack_phase":"None","mitre_technique":"None","severity":"low","is_suspicious":false,"subject_user":"j.admin","subject_domain":"CORP","target_user":"rpatel","target_domain":"CORP","dest_host":"WIN-DC-02","src_ip":"10.10.10.120","message":"Routine account management operation performed by IT staff."}
{"timestamp":"2026-09-10T03:00:24Z","host":"WIN-DC-01","source":"WinEventLog:Security","sourcetype":"WinEventLog:Security","index":"windows","EventCode":4720,"event_id":4720,"log_name":"Security","computer":"WIN-DC-01.corp.local","provider_name":"Microsoft-Windows-Security-Auditing","level":"Information","record_id":102425,"scenario":"Normal AD Administration","attack_phase":"None","mitre_technique":"None","severity":"low","is_suspicious":false,"subject_user":"s.domadmin","subject_domain":"CORP","target_user":"tnguyen","target_domain":"CORP","dest_host":"WIN-DC-01","src_ip":"10.10.10.21","message":"Routine account management operation performed by IT staff."}
{"timestamp":"2026-09-10T03:14:13Z","host":"WIN-DC-01","source":"WinEventLog:Security","sourcetype":"WinEventLog:Security","index":"windows","EventCode":4720,"event_id":4720,"log_name":"Security","computer":"WIN-DC-01.corp.local","provider_name":"Microsoft-Windows-Security-Auditing","level":"Information","record_id":102426,"scenario":"Normal AD Administration","attack_phase":"None","mitre_technique":"None","severity":"low","is_suspicious":false,"subject_user":"s.domadmin","subject_domain":"CORP","target_user":"mchen","target_domain":"CORP","dest_host":"WIN-DC-01","src_ip":"10.10.10.193","message":"Routine account management operation performed by IT staff."}
{"timestamp":"2026-09-10T03:19:21Z","host":"WIN-DC-01","source":"WinEventLog:Security","sourcetype":"WinEventLog:Security","index":"windows","EventCode":4722,"event_id":4722,"log_name":"Security","computer":"WIN-DC-01.corp.local","provider_name":"Microsoft-Windows-Security-Auditing","level":"Information","record_id":102427,"scenario":"Normal AD Administration","attack_phase":"None","mitre_technique":"None","severity":"low","is_suspicious":false,"subject_user":"administrator","subject_domain":"CORP","target_user":"dohara","target_domain":"CORP","dest_host":"WIN-DC-01","src_ip":"10.10.10.11","message":"Routine account management operation performed by IT staff."}
{"timestamp":"2026-09-10T03:34:49Z","host":"WIN-DC-02","source":"WinEventLog:Security","sourcetype":"WinEventLog:Security","index":"windows","EventCode":4722,"event_id":4722,"log_name":"Security","computer":"WIN-DC-02.corp.local","provider_name":"Microsoft-Windows-Security-Auditing","level":"Information","record_id":102428,"scenario":"Normal AD Administration","attack_phase":"None","mitre_technique":"None","severity":"low","is_suspicious":false,"subject_user":"j.admin","subject_domain":"CORP","target_user":"sbrooks","target_domain":"CORP","dest_host":"WIN-DC-02","src_ip":"10.10.10.37","message":"Routine account management operation performed by IT staff."}
{"timestamp":"2026-09-10T03:54:29Z","host":"WIN-DC-02","source":"WinEventLog:Security","sourcetype":"WinEventLog:Security","index":"windows","EventCode":4728,"event_id":4728,"log_name":"Security","computer":"WIN-DC-02.corp.local","provider_name":"Microsoft-Windows-Security-Auditing","level":"Information","record_id":102429,"scenario":"Normal AD Administration","attack_phase":"None","mitre_technique":"None","severity":"low","is_suspicious":false,"subject_user":"j.admin","subject_domain":"CORP","target_user":"jsmith","target_domain":"CORP","dest_host":"WIN-DC-02","src_ip":"10.10.10.32","message":"Routine account management operation performed by IT staff."}
{"timestamp":"2026-09-10T04:10:20Z","host":"WIN-DC-02","source":"WinEventLog:Security","sourcetype":"WinEventLog:Security","index":"windows","EventCode":4724,"event_id":4724,"log_name":"Security","computer":"WIN-DC-02.corp.local","provider_name":"Microsoft-Windows-Security-Auditing","level":"Information","record_id":102430,"scenario":"Normal AD Administration","attack_phase":"None","mitre_technique":"None","severity":"low","is_suspicious":false,"subject_user":"s.domadmin","subject_domain":"CORP","target_user":"lwilson","target_domain":"CORP","dest_host":"WIN-DC-02","src_ip":"10.10.10.84","message":"Routine account management operation performed by IT staff."}
{"timestamp":"2026-09-10T04:24:01Z","host":"WIN-DC-01","source":"WinEventLog:Security","sourcetype":"WinEventLog:Security","index":"windows","EventCode":4722,"event_id":4722,"log_name":"Security","computer":"WIN-DC-01.corp.local","provider_name":"Microsoft-Windows-Security-Auditing","level":"Information","record_id":102431,"scenario":"Normal AD Administration","attack_phase":"None","mitre_technique":"None","severity":"low","is_suspicious":false,"subject_user":"s.domadmin","subject_domain":"CORP","target_user":"lwilson","target_domain":"CORP","dest_host":"WIN-DC-01","src_ip":"10.10.10.177","message":"Routine account management operation performed by IT staff."}
{"timestamp":"2026-09-10T04:31:59Z","host":"WIN-DC-02","source":"WinEventLog:Security","sourcetype":"WinEventLog:Security","index":"windows","EventCode":4732,"event_id":4732,"log_name":"Security","computer":"WIN-DC-02.corp.local","provider_name":"Microsoft-Windows-Security-Auditing","level":"Information","record_id":102432,"scenario":"Normal AD Administration","attack_phase":"None","mitre_technique":"None","severity":"low","is_suspicious":false,"subject_user":"j.admin","subject_domain":"CORP","target_user":"cwalker","target_domain":"CORP","dest_host":"WIN-DC-02","src_ip":"10.10.10.122","message":"Routine account management operation performed by IT staff."}
{"timestamp":"2026-09-10T04:48:46Z","host":"WIN-DC-01","source":"WinEventLog:Security","sourcetype":"WinEventLog:Security","index":"windows","EventCode":4738,"event_id":4738,"log_name":"Security","computer":"WIN-DC-01.corp.local","provider_name":"Microsoft-Windows-Security-Auditing","level":"Information","record_id":102433,"scenario":"Normal AD Administration","attack_phase":"None","mitre_technique":"None","severity":"low","is_suspicious":false,"subject_user":"administrator","subject_domain":"CORP","target_user":"mchen","target_domain":"CORP","dest_host":"WIN-DC-01","src_ip":"10.10.10.136","message":"Routine account management operation performed by IT staff."}
{"timestamp":"2026-09-10T05:05:56Z","host":"WIN-DC-01","source":"WinEventLog:Security","sourcetype":"WinEventLog:Security","index":"windows","EventCode":4738,"event_id":4738,"log_name":"Security","computer":"WIN-DC-01.corp.local","provider_name":"Microsoft-Windows-Security-Auditing","level":"Information","record_id":102434,"scenario":"Normal AD Administration","attack_phase":"None","mitre_technique":"None","severity":"low","is_suspicious":false,"subject_user":"administrator","subject_domain":"CORP","target_user":"tnguyen","target_domain":"CORP","dest_host":"WIN-DC-01","src_ip":"10.10.10.40","message":"Routine account management operation performed by IT staff."}
{"timestamp":"2026-09-10T05:22:59Z","host":"WIN-DC-01","source":"WinEventLog:Security","sourcetype":"WinEventLog:Security","index":"windows","EventCode":4720,"event_id":4720,"log_name":"Security","computer":"WIN-DC-01.corp.local","provider_name":"Microsoft-Windows-Security-Auditing","level":"Information","record_id":102435,"scenario":"Normal AD Administration","attack_phase":"None","mitre_technique":"None","severity":"low","is_suspicious":false,"subject_user":"s.domadmin","subject_domain":"CORP","target_user":"lwilson","target_domain":"CORP","dest_host":"WIN-DC-01","src_ip":"10.10.10.50","message":"Routine account management operation performed by IT staff."}
{"timestamp":"2026-09-10T05:30:47Z","host":"WIN-DC-01","source":"WinEventLog:Security","sourcetype":"WinEventLog:Security","index":"windows","EventCode":4732,"event_id":4732,"log_name":"Security","computer":"WIN-DC-01.corp.local","provider_name":"Microsoft-Windows-Security-Auditing","level":"Information","record_id":102436,"scenario":"Normal AD Administration","attack_phase":"None","mitre_technique":"None","severity":"low","is_suspicious":false,"subject_user":"j.admin","subject_domain":"CORP","target_user":"dohara","target_domain":"CORP","dest_host":"WIN-DC-01","src_ip":"10.10.10.26","message":"Routine account management operation performed by IT staff."}
{"timestamp":"2026-09-10T05:33:52Z","host":"WIN-DC-02","source":"WinEventLog:Security","sourcetype":"WinEventLog:Security","index":"windows","EventCode":4732,"event_id":4732,"log_name":"Security","computer":"WIN-DC-02.corp.local","provider_name":"Microsoft-Windows-Security-Auditing","level":"Information","record_id":102437,"scenario":"Normal AD Administration","attack_phase":"None","mitre_technique":"None","severity":"low","is_suspicious":false,"subject_user":"administrator","subject_domain":"CORP","target_user":"mchen","target_domain":"CORP","dest_host":"WIN-DC-02","src_ip":"10.10.10.91","message":"Routine account management operation performed by IT staff."}
{"timestamp":"2026-09-10T05:42:34Z","host":"WIN-DC-02","source":"WinEventLog:Security","sourcetype":"WinEventLog:Security","index":"windows","EventCode":4724,"event_id":4724,"log_name":"Security","computer":"WIN-DC-02.corp.local","provider_name":"Microsoft-Windows-Security-Auditing","level":"Information","record_id":102438,"scenario":"Normal AD Administration","attack_phase":"None","mitre_technique":"None","severity":"low","is_suspicious":false,"subject_user":"administrator","subject_domain":"CORP","target_user":"jsmith","target_domain":"CORP","dest_host":"WIN-DC-02","src_ip":"10.10.10.72","message":"Routine account management operation performed by IT staff."}
{"timestamp":"2026-09-10T05:53:16Z","host":"WIN-DC-02","source":"WinEventLog:Security","sourcetype":"WinEventLog:Security","index":"windows","EventCode":4732,"event_id":4732,"log_name":"Security","computer":"WIN-DC-02.corp.local","provider_name":"Microsoft-Windows-Security-Auditing","level":"Information","record_id":102439,"scenario":"Normal AD Administration","attack_phase":"None","mitre_technique":"None","severity":"low","is_suspicious":false,"subject_user":"j.admin","subject_domain":"CORP","target_user":"lwilson","target_domain":"CORP","dest_host":"WIN-DC-02","src_ip":"10.10.10.161","message":"Routine account management operation performed by IT staff."}
{"timestamp":"2026-09-10T06:08:01Z","host":"WIN-DC-02","source":"WinEventLog:Security","sourcetype":"WinEventLog:Security","index":"windows","EventCode":4732,"event_id":4732,"log_name":"Security","computer":"WIN-DC-02.corp.local","provider_name":"Microsoft-Windows-Security-Auditing","level":"Information","record_id":102440,"scenario":"Normal AD Administration","attack_phase":"None","mitre_technique":"None","severity":"low","is_suspicious":false,"subject_user":"s.domadmin","subject_domain":"CORP","target_user":"sbrooks","target_domain":"CORP","dest_host":"WIN-DC-02","src_ip":"10.10.10.170","message":"Routine account management operation performed by IT staff."}
{"timestamp":"2026-09-10T06:15:55Z","host":"WIN-DC-01","source":"WinEventLog:Security","sourcetype":"WinEventLog:Security","index":"windows","EventCode":4732,"event_id":4732,"log_name":"Security","computer":"WIN-DC-01.corp.local","provider_name":"Microsoft-Windows-Security-Auditing","level":"Information","record_id":102441,"scenario":"Normal AD Administration","attack_phase":"None","mitre_technique":"None","severity":"low","is_suspicious":false,"subject_user":"administrator","subject_domain":"CORP","target_user":"mchen","target_domain":"CORP","dest_host":"WIN-DC-01","src_ip":"10.10.10.189","message":"Routine account management operation performed by IT staff."}
{"timestamp":"2026-09-10T06:24:18Z","host":"WIN-DC-02","source":"WinEventLog:Security","sourcetype":"WinEventLog:Security","index":"windows","EventCode":4722,"event_id":4722,"log_name":"Security","computer":"WIN-DC-02.corp.local","provider_name":"Microsoft-Windows-Security-Auditing","level":"Information","record_id":102442,"scenario":"Normal AD Administration","attack_phase":"None","mitre_technique":"None","severity":"low","is_suspicious":false,"subject_user":"s.domadmin","subject_domain":"CORP","target_user":"lwilson","target_domain":"CORP","dest_host":"WIN-DC-02","src_ip":"10.10.10.28","message":"Routine account management operation performed by IT staff."}
{"timestamp":"2026-09-10T06:29:37Z","host":"WIN-DC-02","source":"WinEventLog:Security","sourcetype":"WinEventLog:Security","index":"windows","EventCode":4738,"event_id":4738,"log_name":"Security","computer":"WIN-DC-02.corp.local","provider_name":"Microsoft-Windows-Security-Auditing","level":"Information","record_id":102443,"scenario":"Normal AD Administration","attack_phase":"None","mitre_technique":"None","severity":"low","is_suspicious":false,"subject_user":"s.domadmin","subject_domain":"CORP","target_user":"cwalker","target_domain":"CORP","dest_host":"WIN-DC-02","src_ip":"10.10.10.156","message":"Routine account management operation performed by IT staff."}
{"timestamp":"2026-09-10T06:40:04Z","host":"WIN-DC-02","source":"WinEventLog:Security","sourcetype":"WinEventLog:Security","index":"windows","EventCode":4722,"event_id":4722,"log_name":"Security","computer":"WIN-DC-02.corp.local","provider_name":"Microsoft-Windows-Security-Auditing","level":"Information","record_id":102444,"scenario":"Normal AD Administration","attack_phase":"None","mitre_technique":"None","severity":"low","is_suspicious":false,"subject_user":"administrator","subject_domain":"CORP","target_user":"mchen","target_domain":"CORP","dest_host":"WIN-DC-02","src_ip":"10.10.10.202","message":"Routine account management operation performed by IT staff."}
{"timestamp":"2026-09-10T06:48:58Z","host":"WIN-DC-01","source":"WinEventLog:Security","sourcetype":"WinEventLog:Security","index":"windows","EventCode":4720,"event_id":4720,"log_name":"Security","computer":"WIN-DC-01.corp.local","provider_name":"Microsoft-Windows-Security-Auditing","level":"Information","record_id":102445,"scenario":"Normal AD Administration","attack_phase":"None","mitre_technique":"None","severity":"low","is_suspicious":false,"subject_user":"administrator","subject_domain":"CORP","target_user":"cwalker","target_domain":"CORP","dest_host":"WIN-DC-01","src_ip":"10.10.10.38","message":"Routine account management operation performed by IT staff."}
{"timestamp":"2026-09-10T06:55:35Z","host":"WIN-DC-02","source":"WinEventLog:Security","sourcetype":"WinEventLog:Security","index":"windows","EventCode":4720,"event_id":4720,"log_name":"Security","computer":"WIN-DC-02.corp.local","provider_name":"Microsoft-Windows-Security-Auditing","level":"Information","record_id":102446,"scenario":"Normal AD Administration","attack_phase":"None","mitre_technique":"None","severity":"low","is_suspicious":false,"subject_user":"administrator","subject_domain":"CORP","target_user":"kwright","target_domain":"CORP","dest_host":"WIN-DC-02","src_ip":"10.10.10.231","message":"Routine account management operation performed by IT staff."}
{"timestamp":"2026-09-10T06:58:21Z","host":"WIN-DC-01","source":"WinEventLog:Security","sourcetype":"WinEventLog:Security","index":"windows","EventCode":4732,"event_id":4732,"log_name":"Security","computer":"WIN-DC-01.corp.local","provider_name":"Microsoft-Windows-Security-Auditing","level":"Information","record_id":102447,"scenario":"Normal AD Administration","attack_phase":"None","mitre_technique":"None","severity":"low","is_suspicious":false,"subject_user":"j.admin","subject_domain":"CORP","target_user":"dohara","target_domain":"CORP","dest_host":"WIN-DC-01","src_ip":"10.10.10.172","message":"Routine account management operation performed by IT staff."}
{"timestamp":"2026-09-10T07:15:27Z","host":"WIN-DC-02","source":"WinEventLog:Security","sourcetype":"WinEventLog:Security","index":"windows","EventCode":4738,"event_id":4738,"log_name":"Security","computer":"WIN-DC-02.corp.local","provider_name":"Microsoft-Windows-Security-Auditing","level":"Information","record_id":102448,"scenario":"Normal AD Administration","attack_phase":"None","mitre_technique":"None","severity":"low","is_suspicious":false,"subject_user":"administrator","subject_domain":"CORP","target_user":"sbrooks","target_domain":"CORP","dest_host":"WIN-DC-02","src_ip":"10.10.10.63","message":"Routine account management operation performed by IT staff."}
{"timestamp":"2026-09-10T07:29:52Z","host":"WIN-DC-02","source":"WinEventLog:Security","sourcetype":"WinEventLog:Security","index":"windows","EventCode":4728,"event_id":4728,"log_name":"Security","computer":"WIN-DC-02.corp.local","provider_name":"Microsoft-Windows-Security-Auditing","level":"Information","record_id":102449,"scenario":"Normal AD Administration","attack_phase":"None","mitre_technique":"None","severity":"low","is_suspicious":false,"subject_user":"j.admin","subject_domain":"CORP","target_user":"dohara","target_domain":"CORP","dest_host":"WIN-DC-02","src_ip":"10.10.10.81","message":"Routine account management operation performed by IT staff."}
{"timestamp":"2026-09-10T07:48:41Z","host":"WIN-DC-02","source":"WinEventLog:Security","sourcetype":"WinEventLog:Security","index":"windows","EventCode":4732,"event_id":4732,"log_name":"Security","computer":"WIN-DC-02.corp.local","provider_name":"Microsoft-Windows-Security-Auditing","level":"Information","record_id":102450,"scenario":"Normal AD Administration","attack_phase":"None","mitre_technique":"None","severity":"low","is_suspicious":false,"subject_user":"s.domadmin","subject_domain":"CORP","target_user":"agarcia","target_domain":"CORP","dest_host":"WIN-DC-02","src_ip":"10.10.10.217","message":"Routine account management operation performed by IT staff."}
{"timestamp":"2026-09-10T07:56:59Z","host":"WIN-DC-01","source":"WinEventLog:Security","sourcetype":"WinEventLog:Security","index":"windows","EventCode":4724,"event_id":4724,"log_name":"Security","computer":"WIN-DC-01.corp.local","provider_name":"Microsoft-Windows-Security-Auditing","level":"Information","record_id":102451,"scenario":"Normal AD Administration","attack_phase":"None","mitre_technique":"None","severity":"low","is_suspicious":false,"subject_user":"s.domadmin","subject_domain":"CORP","target_user":"lwilson","target_domain":"CORP","dest_host":"WIN-DC-01","src_ip":"10.10.10.38","message":"Routine account management operation performed by IT staff."}
