{"timestamp":"2026-09-09T04:40:46Z","host":"WIN-DC-02","source":"WinEventLog:Security","sourcetype":"WinEventLog:Security","index":"windows","EventCode":4724,"event_id":4724,"log_name":"Security","computer":"WIN-DC-02.corp.local","provider_name":"Microsoft-Windows-Security-Auditing","level":"Information","record_id":102304,"scenario":"Normal AD Administration","attack_phase":"None","mitre_technique":"None","severity":"low","is_suspicious":false,"subject_user":"s.domadmin","subject_domain":"CORP","target_user":"sbrooks","target_domain":"CORP","dest_host":"WIN-DC-02","src_ip":"10.10.10.28","message":"Routine account management operation performed by IT staff."}
{"timestamp":"2026-09-09T04:43:36Z","host":"WIN-DC-02","source":"WinEventLog:Security","sourcetype":"WinEventLog:Security","index":"windows","EventCode":4728,"event_id":4728,"log_name":"Security","computer":"WIN-DC-02.corp.local","provider_name":"Microsoft-Windows-Security-Auditing","level":"Information","record_id":102305,"scenario":"Normal AD Administration","attack_phase":"None","mitre_technique":"None","severity":"low","is_suspicious":false,"subject_user":"j.admin","subject_domain":"CORP","target_user":"cwalker","target_domain":"CORP","dest_host":"WIN-DC-02","src_ip":"10.10.10.73","message":"Routine account management operation performed by IT staff."}
{"timestamp":"2026-09-09T04:47:16Z","host":"WIN-DC-01","source":"WinEventLog:Security","sourcetype":"WinEventLog:Security","index":"windows","EventCode":4722,"event_id":4722,"log_name":"Security","computer":"WIN-DC-01.corp.local","provider_name":"Microsoft-Windows-Security-Auditing","level":"Information","record_id":102306,"scenario":"Normal AD Administration","attack_phase":"None","mitre_technique":"None","severity":"low","is_suspicious":false,"subject_user":"administrator","subject_domain":"CORP","target_user":"sbrooks","target_domain":"CORP","dest_host":"WIN-DC-01","src_ip":"10.10.10.80","message":"Routine account management operation performed by IT staff."}
{"timestamp":"2026-09-09T05:07:08Z","host":"WIN-DC-01","source":"WinEventLog:Security","sourcetype":"WinEventLog:Security","index":"windows","EventCode":4720,"event_id":4720,"log_name":"Security","computer":"WIN-DC-01.corp.local","provider_name":"Microsoft-Windows-Security-Auditing","level":"Information","record_id":102307,"scenario":"Normal AD Administration","attack_phase":"None","mitre_technique":"None","severity":"low","is_suspicious":false,"subject_user":"s.domadmin","subject_domain":"CORP","target_user":"kwright","target_domain":"CORP","dest_host":"WIN-DC-01","src_ip":"10.10.10.210","message":"Routine account management operation performed by IT staff."}
{"timestamp":"2026-09-09T05:12:58Z","host":"WIN-DC-01","source":"WinEventLog:Security","sourcetype":"WinEventLog:Security","index":"windows","EventCode":4722,"event_id":4722,"log_name":"Security","computer":"WIN-DC-01.corp.local","provider_name":"Microsoft-Windows-Security-Auditing","level":"Information","record_id":102308,"scenario":"Normal AD Administration","attack_phase":"None","mitre_technique":"None","severity":"low","is_suspicious":false,"subject_user":"s.domadmin","subject_domain":"CORP","target_user":"dohara","target_domain":"CORP","dest_host":"WIN-DC-01","src_ip":"10.10.10.197","message":"Routine account management operation performed by IT staff."}
{"timestamp":"2026-09-09T05:29:27Z","host":"WIN-DC-01","source":"WinEventLog:Security","sourcetype":"WinEventLog:Security","index":"windows","EventCode":4720,"event_id":4720,"log_name":"Security","computer":"WIN-DC-01.corp.local","provider_name":"Microsoft-Windows-Security-Auditing","level":"Information","record_id":102309,"scenario":"Normal AD Administration","attack_phase":"None","mitre_technique":"None","severity":"low","is_suspicious":false,"subject_user":"administrator","subject_domain":"CORP","target_user":"dohara","target_domain":"CORP","dest_host":"WIN-DC-01","src_ip":"10.10.10.71","message":"Routine account management operation performed by IT staff."}
{"timestamp":"2026-09-09T05:39:56Z","host":"WIN-DC-02","source":"WinEventLog:Security","sourcetype":"WinEventLog:Security","index":"windows","EventCode":4738,"event_id":4738,"log_name":"Security","computer":"WIN-DC-02.corp.local","provider_name":"Microsoft-Windows-Security-Auditing","level":"Information","record_id":102310,"scenario":"Normal AD Administration","attack_phase":"None","mitre_technique":"None","severity":"low","is_suspicious":false,"subject_user":"administrator","subject_domain":"CORP","target_user":"agarcia","target_domain":"CORP","dest_host":"WIN-DC-02","src_ip":"10.10.10.73","message":"Routine account management operation performed by IT staff."}
{"timestamp":"2026-09-09T05:54:02Z","host":"WIN-DC-02","source":"WinEventLog:Security","sourcetype":"WinEventLog:Security","index":"windows","EventCode":4720,"event_id":4720,"log_name":"Security","computer":"WIN-DC-02.corp.local","provider_name":"Microsoft-Windows-Security-Auditing","level":"Information","record_id":102311,"scenario":"Normal AD Administration","attack_phase":"None","mitre_technique":"None","severity":"low","is_suspicious":false,"subject_user":"j.admin","subject_domain":"CORP","target_user":"tnguyen","target_domain":"CORP","dest_host":"WIN-DC-02","src_ip":"10.10.10.115","message":"Routine account management operation performed by IT staff."}
{"timestamp":"2026-09-09T05:56:32Z","host":"WIN-DC-01","source":"WinEventLog:Security","sourcetype":"WinEventLog:Security","index":"windows","EventCode":4722,"event_id":4722,"log_name":"Security","computer":"WIN-DC-01.corp.local","provider_name":"Microsoft-Windows-Security-Auditing","level":"Information","record_id":102312,"scenario":"Normal AD Administration","attack_phase":"None","mitre_technique":"None","severity":"low","is_suspicious":false,"subject_user":"administrator","subject_domain":"CORP","target_user":"tnguyen","target_domain":"CORP","dest_host":"WIN-DC-01","src_ip":"10.10.10.170","message":"Routine account management operation performed by IT staff."}
{"timestamp":"2026-09-09T06:12:14Z","host":"WIN-DC-01","source":"WinEventLog:Security","sourcetype":"WinEventLog:Security","index":"windows","EventCode":4724,"event_id":4724,"log_name":"Security","computer":"WIN-DC-01.corp.local","provider_name":"Microsoft-Windows-Security-Auditing","level":"Information","record_id":102313,"scenario":"Normal AD Administration","attack_phase":"None","mitre_technique":"None","severity":"low","is_suspicious":false,"subject_user":"administrator","subject_domain":"CORP","target_user":"lwilson","target_domain":"CORP","dest_host":"WIN-DC-01","src_ip":"10.10.10.140","message":"Routine account management operation performed by IT staff."}
{"timestamp":"2026-09-09T06:25:06Z","host":"WIN-DC-01","source":"WinEventLog:Security","sourcetype":"WinEventLog:Security","index":"windows","EventCode":4732,"event_id":4732,"log_name":"Security","computer":"WIN-DC-01.corp.local","provider_name":"Microsoft-Windows-Security-Auditing","level":"Information","record_id":102314,"scenario":"Normal AD Administration","attack_phase":"None","mitre_technique":"None","severity":"low","is_suspicious":false,"subject_user":"j.admin","subject_domain":"CORP","target_user":"kwright","target_domain":"CORP","dest_host":"WIN-DC-01","src_ip":"10.10.10.209","message":"Routine account management operation performed by IT staff."}
{"timestamp":"2026-09-09T06:33:29Z","host":"WIN-DC-01","source":"WinEventLog:Security","sourcetype":"WinEventLog:Security","index":"windows","EventCode":4738,"event_id":4738,"log_name":"Security","computer":"WIN-DC-01.corp.local","provider_name":"Microsoft-Windows-Security-Auditing","level":"Information","record_id":102315,"scenario":"Normal AD Administration","attack_phase":"None","mitre_technique":"None","severity":"low","is_suspicious":false,"subject_user":"j.admin","subject_domain":"CORP","target_user":"cwalker","target_domain":"CORP","dest_host":"WIN-DC-01","src_ip":"10.10.10.223","message":"Routine account management operation performed by IT staff."}
{"timestamp":"2026-09-09T06:49:04Z","host":"WIN-DC-01","source":"WinEventLog:Security","sourcetype":"WinEventLog:Security","index":"windows","EventCode":4720,"event_id":4720,"log_name":"Security","computer":"WIN-DC-01.corp.local","provider_name":"Microsoft-Windows-Security-Auditing","level":"Information","record_id":102316,"scenario":"Normal AD Administration","attack_phase":"None","mitre_technique":"None","severity":"low","is_suspicious":false,"subject_user":"j.admin","subject_domain":"CORP","target_user":"sbrooks","target_domain":"CORP","dest_host":"WIN-DC-01","src_ip":"10.10.10.245","message":"Routine account management operation performed by IT staff."}
{"timestamp":"2026-09-09T06:59:52Z","host":"WIN-DC-02","source":"WinEventLog:Security","sourcetype":"WinEventLog:Security","index":"windows","EventCode":4728,"event_id":4728,"log_name":"Security","computer":"WIN-DC-02.corp.local","provider_name":"Microsoft-Windows-Security-Auditing","level":"Information","record_id":102317,"scenario":"Normal AD Administration","attack_phase":"None","mitre_technique":"None","severity":"low","is_suspicious":false,"subject_user":"s.domadmin","subject_domain":"CORP","target_user":"cwalker","target_domain":"CORP","dest_host":"WIN-DC-02","src_ip":"10.10.10.147","message":"Routine account management operation performed by IT staff."}
{"timestamp":"2026-09-09T07:18:34Z","host":"WIN-DC-02","source":"WinEventLog:Security","sourcetype":"WinEventLog:Security","index":"windows","EventCode":4722,"event_id":4722,"log_name":"Security","computer":"WIN-DC-02.corp.local","provider_name":"Microsoft-Windows-Security-Auditing","level":"Information","record_id":102318,"scenario":"Normal AD Administration","attack_phase":"None","mitre_technique":"None","severity":"low","is_suspicious":false,"subject_user":"j.admin","subject_domain":"CORP","target_user":"tnguyen","target_domain":"CORP","dest_host":"WIN-DC-02","src_ip":"10.10.10.192","message":"Routine account management operation performed by IT staff."}
{"timestamp":"2026-09-09T07:27:41Z","host":"WIN-DC-01","source":"WinEventLog:Security","sourcetype":"WinEventLog:Security","index":"windows","EventCode":4720,"event_id":4720,"log_name":"Security","computer":"WIN-DC-01.corp.local","provider_name":"Microsoft-Windows-Security-Auditing","level":"Information","record_id":102319,"scenario":"Normal AD Administration","attack_phase":"None","mitre_technique":"None","severity":"low","is_suspicious":false,"subject_user":"s.domadmin","subject_domain":"CORP","target_user":"lwilson","target_domain":"CORP","dest_host":"WIN-DC-01","src_ip":"10.10.10.245","message":"Routine account management operation performed by IT staff."}
{"timestamp":"2026-09-09T07:38:02Z","host":"WIN-DC-01","source":"WinEventLog:Security","sourcetype":"WinEventLog:Security","index":"windows","EventCode":4722,"event_id":4722,"log_name":"Security","computer":"WIN-DC-01.corp.local","provider_name":"Microsoft-Windows-Security-Auditing","level":"Information","record_id":102320,"scenario":"Normal AD Administration","attack_phase":"None","mitre_technique":"None","severity":"low","is_suspicious":false,"subject_user":"j.admin","subject_domain":"CORP","target_user":"sbrooks","target_domain":"CORP","dest_host":"WIN-DC-01","src_ip":"10.10.10.88","message":"Routine account management operation performed by IT staff."}
{"timestamp":"2026-09-09T07:52:30Z","host":"WIN-DC-01","source":"WinEventLog:Security","sourcetype":"WinEventLog:Security","index":"windows","EventCode":4732,"event_id":4732,"log_name":"Security","computer":"WIN-DC-01.corp.local","provider_name":"Microsoft-Windows-Security-Auditing","level":"Information","record_id":102321,"scenario":"Normal AD Administration","attack_phase":"None","mitre_technique":"None","severity":"low","is_suspicious":false,"subject_user":"j.admin","subject_domain":"CORP","target_user":"lwilson","target_domain":"CORP","dest_host":"WIN-DC-01","src_ip":"10.10.10.70","message":"Routine account management operation performed by IT staff."}
{"timestamp":"2026-09-09T08:02:03Z","host":"WIN-DC-01","source":"WinEventLog:Security","sourcetype":"WinEventLog:Security","index":"windows","EventCode":4720,"event_id":4720,"log_name":"Security","computer":"WIN-DC-01.corp.local","provider_name":"Microsoft-Windows-Security-Auditing","level":"Information","record_id":102322,"scenario":"Normal AD Administration","attack_phase":"None","mitre_technique":"None","severity":"low","is_suspicious":false,"subject_user":"s.domadmin","subject_domain":"CORP","target_user":"lwilson","target_domain":"CORP","dest_host":"WIN-DC-01","src_ip":"10.10.10.171","message":"Routine account management operation performed by IT staff."}
{"timestamp":"2026-09-09T08:14:00Z","host":"WIN-DC-02","source":"WinEventLog:Security","sourcetype":"WinEventLog:Security","index":"windows","EventCode":4722,"event_id":4722,"log_name":"Security","computer":"WIN-DC-02.corp.local","provider_name":"Microsoft-Windows-Security-Auditing","level":"Information","record_id":102323,"scenario":"Normal AD Administration","attack_phase":"None","mitre_technique":"None","severity":"low","is_suspicious":false,"subject_user":"j.admin","subject_domain":"CORP","target_user":"dohara","target_domain":"CORP","dest_host":"WIN-DC-02","src_ip":"10.10.10.6","message":"Routine account management operation performed by IT staff."}
{"timestamp":"2026-09-09T08:30:00Z","host":"WIN-DC-01","source":"WinEventLog:Security","sourcetype":"WinEventLog:Security","index":"windows","EventCode":4728,"event_id":4728,"log_name":"Security","computer":"WIN-DC-01.corp.local","provider_name":"Microsoft-Windows-Security-Auditing","level":"Information","record_id":102324,"scenario":"Normal AD Administration","attack_phase":"None","mitre_technique":"None","severity":"low","is_suspicious":false,"subject_user":"j.admin","subject_domain":"CORP","target_user":"jsmith","target_domain":"CORP","dest_host":"WIN-DC-01","src_ip":"10.10.10.124","message":"Routine account management operation performed by IT staff."}
{"timestamp":"2026-09-09T08:49:59Z","host":"WIN-DC-01","source":"WinEventLog:Security","sourcetype":"WinEventLog:Security","index":"windows","EventCode":4728,"event_id":4728,"log_name":"Security","computer":"WIN-DC-01.corp.local","provider_name":"Microsoft-Windows-Security-Auditing","level":"Information","record_id":102325,"scenario":"Normal AD Administration","attack_phase":"None","mitre_technique":"None","severity":"low","is_suspicious":false,"subject_user":"s.domadmin","subject_domain":"CORP","target_user":"jsmith","target_domain":"CORP","dest_host":"WIN-DC-01","src_ip":"10.10.10.242","message":"Routine account management operation performed by IT staff."}
{"timestamp":"2026-09-09T08:53:41Z","host":"WIN-DC-02","source":"WinEventLog:Security","sourcetype":"WinEventLog:Security","index":"windows","EventCode":4732,"event_id":4732,"log_name":"Security","computer":"WIN-DC-02.corp.local","provider_name":"Microsoft-Windows-Security-Auditing","level":"Information","record_id":102326,"scenario":"Normal AD Administration","attack_phase":"None","mitre_technique":"None","severity":"low","is_suspicious":false,"subject_user":"j.admin","subject_domain":"CORP","target_user":"sbrooks","target_domain":"CORP","dest_host":"WIN-DC-02","src_ip":"10.10.10.246","message":"Routine account management operation performed by IT staff."}
{"timestamp":"2026-09-09T08:56:52Z","host":"WIN-DC-02","source":"WinEventLog:Security","sourcetype":"WinEventLog:Security","index":"windows","EventCode":4722,"event_id":4722,"log_name":"Security","computer":"WIN-DC-02.corp.local","provider_name":"Microsoft-Windows-Security-Auditing","level":"Information","record_id":102327,"scenario":"Normal AD Administration","attack_phase":"None","mitre_technique":"None","severity":"low","is_suspicious":false,"subject_user":"j.admin","subject_domain":"CORP","target_user":"lwilson","target_domain":"CORP","dest_host":"WIN-DC-02","src_ip":"10.10.10.68","message":"Routine account management operation performed by IT staff."}
{"timestamp":"2026-09-09T09:14:45Z","host":"WIN-DC-01","source":"WinEventLog:Security","sourcetype":"WinEventLog:Security","index":"windows","EventCode":4722,"event_id":4722,"log_name":"Security","computer":"WIN-DC-01.corp.local","provider_name":"Microsoft-Windows-Security-Auditing","level":"Information","record_id":102328,"scenario":"Normal AD Administration","attack_phase":"None","mitre_technique":"None","severity":"low","is_suspicious":false,"subject_user":"administrator","subject_domain":"CORP","target_user":"mchen","target_domain":"CORP","dest_host":"WIN-DC-01","src_ip":"10.10.10.225","message":"Routine account management operation performed by IT staff."}
{"timestamp":"2026-09-09T09:17:26Z","host":"WIN-DC-01","source":"WinEventLog:Security","sourcetype":"WinEventLog:Security","index":"windows","EventCode":4720,"event_id":4720,"log_name":"Security","computer":"WIN-DC-01.corp.local","provider_name":"Microsoft-Windows-Security-Auditing","level":"Information","record_id":102329,"scenario":"Normal AD Administration","attack_phase":"None","mitre_technique":"None","severity":"low","is_suspicious":false,"subject_user":"administrator","subject_domain":"CORP","target_user":"jsmith","target_domain":"CORP","dest_host":"WIN-DC-01","src_ip":"10.10.10.177","message":"Routine account management operation performed by IT staff."}
{"timestamp":"2026-09-09T09:35:43Z","host":"WIN-DC-02","source":"WinEventLog:Security","sourcetype":"WinEventLog:Security","index":"windows","EventCode":4732,"event_id":4732,"log_name":"Security","computer":"WIN-DC-02.corp.local","provider_name":"Microsoft-Windows-Security-Auditing","level":"Information","record_id":102330,"scenario":"Normal AD Administration","attack_phase":"None","mitre_technique":"None","severity":"low","is_suspicious":false,"subject_user":"administrator","subject_domain":"CORP","target_user":"kwright","target_domain":"CORP","dest_host":"WIN-DC-02","src_ip":"10.10.10.143","message":"Routine account management operation performed by IT staff."}
{"timestamp":"2026-09-09T09:44:29Z","host":"WIN-DC-01","source":"WinEventLog:Security","sourcetype":"WinEventLog:Security","index":"windows","EventCode":4724,"event_id":4724,"log_name":"Security","computer":"WIN-DC-01.corp.local","provider_name":"Microsoft-Windows-Security-Auditing","level":"Information","record_id":102331,"scenario":"Normal AD Administration","attack_phase":"None","mitre_technique":"None","severity":"low","is_suspicious":false,"subject_user":"j.admin","subject_domain":"CORP","target_user":"lwilson","target_domain":"CORP","dest_host":"WIN-DC-01","src_ip":"10.10.10.6","message":"Routine account management operation performed by IT staff."}
{"timestamp":"2026-09-09T09:57:32Z","host":"WIN-DC-01","source":"WinEventLog:Security","sourcetype":"WinEventLog:Security","index":"windows","EventCode":4732,"event_id":4732,"log_name":"Security","computer":"WIN-DC-01.corp.local","provider_name":"Microsoft-Windows-Security-Auditing","level":"Information","record_id":102332,"scenario":"Normal AD Administration","attack_phase":"None","mitre_technique":"None","severity":"low","is_suspicious":false,"subject_user":"j.admin","subject_domain":"CORP","target_user":"rpatel","target_domain":"CORP","dest_host":"WIN-DC-01","src_ip":"10.10.10.29","message":"Routine account management operation performed by IT staff."}
{"timestamp":"2026-09-09T10:01:10Z","host":"WIN-DC-02","source":"WinEventLog:Security","sourcetype":"WinEventLog:Security","index":"windows","EventCode":4720,"event_id":4720,"log_name":"Security","computer":"WIN-DC-02.corp.local","provider_name":"Microsoft-Windows-Security-Auditing","level":"Information","record_id":102333,"scenario":"Normal AD Administration","attack_phase":"None","mitre_technique":"None","severity":"low","is_suspicious":false,"subject_user":"administrator","subject_domain":"CORP","target_user":"sbrooks","target_domain":"CORP","dest_host":"WIN-DC-02","src_ip":"10.10.10.62","message":"Routine account management operation performed by IT staff."}
{"timestamp":"2026-09-09T10:09:07Z","host":"WIN-DC-02","source":"WinEventLog:Security","sourcetype":"WinEventLog:Security","index":"windows","EventCode":4732,"event_id":4732,"log_name":"Security","computer":"WIN-DC-02.corp.local","provider_name":"Microsoft-Windows-Security-Auditing","level":"Information","record_id":102334,"scenario":"Normal AD Administration","attack_phase":"None","mitre_technique":"None","severity":"low","is_suspicious":false,"subject_user":"s.domadmin","subject_domain":"CORP","target_user":"kwright","target_domain":"CORP","dest_host":"WIN-DC-02","src_ip":"10.10.10.108","message":"Routine account management operation performed by IT staff."}
{"timestamp":"2026-09-09T10:12:33Z","host":"WIN-DC-02","source":"WinEventLog:Security","sourcetype":"WinEventLog:Security","index":"windows","EventCode":4738,"event_id":4738,"log_name":"Security","computer":"WIN-DC-02.corp.local","provider_name":"Microsoft-Windows-Security-Auditing","level":"Information","record_id":102335,"scenario":"Normal AD Administration","attack_phase":"None","mitre_technique":"None","severity":"low","is_suspicious":false,"subject_user":"administrator","subject_domain":"CORP","target_user":"mchen","target_domain":"CORP","dest_host":"WIN-DC-02","src_ip":"10.10.10.85","message":"Routine account management operation performed by IT staff."}
{"timestamp":"2026-09-09T10:25:50Z","host":"WIN-DC-02","source":"WinEventLog:Security","sourcetype":"WinEventLog:Security","index":"windows","EventCode":4728,"event_id":4728,"log_name":"Security","computer":"WIN-DC-02.corp.local","provider_name":"Microsoft-Windows-Security-Auditing","level":"Information","record_id":102336,"scenario":"Normal AD Administration","attack_phase":"None","mitre_technique":"None","severity":"low","is_suspicious":false,"subject_user":"j.admin","subject_domain":"CORP","target_user":"kwright","target_domain":"CORP","dest_host":"WIN-DC-02","src_ip":"10.10.10.243","message":"Routine account management operation performed by IT staff."}
{"timestamp":"2026-09-09T10:36:52Z","host":"WIN-DC-01","source":"WinEventLog:Security","sourcetype":"WinEventLog:Security","index":"windows","EventCode":4722,"event_id":4722,"log_name":"Security","computer":"WIN-DC-01.corp.local","provider_name":"Microsoft-Windows-Security-Auditing","level":"Information","record_id":102337,"scenario":"Normal AD Administration","attack_phase":"None","mitre_technique":"None","severity":"low","is_suspicious":false,"subject_user":"administrator","subject_domain":"CORP","target_user":"kwright","target_domain":"CORP","dest_host":"WIN-DC-01","src_ip":"10.10.10.76","message":"Routine account management operation performed by IT staff."}
{"timestamp":"2026-09-09T10:42:59Z","host":"WIN-DC-01","source":"WinEventLog:Security","sourcetype":"WinEventLog:Security","index":"windows","EventCode":4720,"event_id":4720,"log_name":"Security","computer":"WIN-DC-01.corp.local","provider_name":"Microsoft-Windows-Security-Auditing","level":"Information","record_id":102338,"scenario":"Normal AD Administration","attack_phase":"None","mitre_technique":"None","severity":"low","is_suspicious":false,"subject_user":"administrator","subject_domain":"CORP","target_user":"cwalker","target_domain":"CORP","dest_host":"WIN-DC-01","src_ip":"10.10.10.208","message":"Routine account management operation performed by IT staff."}
{"timestamp":"2026-09-09T10:54:40Z","host":"WIN-DC-02","source":"WinEventLog:Security","sourcetype":"WinEventLog:Security","index":"windows","EventCode":4722,"event_id":4722,"log_name":"Security","computer":"WIN-DC-02.corp.local","provider_name":"Microsoft-Windows-Security-Auditing","level":"Information","record_id":102339,"scenario":"Normal AD Administration","attack_phase":"None","mitre_technique":"None","severity":"low","is_suspicious":false,"subject_user":"s.domadmin","subject_domain":"CORP","target_user":"tnguyen","target_domain":"CORP","dest_host":"WIN-DC-02","src_ip":"10.10.10.10","message":"Routine account management operation performed by IT staff."}
{"timestamp":"2026-09-09T11:00:47Z","host":"WIN-DC-02","source":"WinEventLog:Security","sourcetype":"WinEventLog:Security","index":"windows","EventCode":4724,"event_id":4724,"log_name":"Security","computer":"WIN-DC-02.corp.local","provider_name":"Microsoft-Windows-Security-Auditing","level":"Information","record_id":102340,"scenario":"Normal AD Administration","attack_phase":"None","mitre_technique":"None","severity":"low","is_suspicious":false,"subject_user":"administrator","subject_domain":"CORP","target_user":"agarcia","target_domain":"CORP","dest_host":"WIN-DC-02","src_ip":"10.10.10.247","message":"Routine account management operation performed by IT staff."}
{"timestamp":"2026-09-09T11:09:26Z","host":"WIN-DC-02","source":"WinEventLog:Security","sourcetype":"WinEventLog:Security","index":"windows","EventCode":4732,"event_id":4732,"log_name":"Security","computer":"WIN-DC-02.corp.local","provider_name":"Microsoft-Windows-Security-Auditing","level":"Information","record_id":102341,"scenario":"Normal AD Administration","attack_phase":"None","mitre_technique":"None","severity":"low","is_suspicious":false,"subject_user":"s.domadmin","subject_domain":"CORP","target_user":"agarcia","target_domain":"CORP","dest_host":"WIN-DC-02","src_ip":"10.10.10.206","message":"Routine account management operation performed by IT staff."}
{"timestamp":"2026-09-09T11:12:11Z","host":"WIN-DC-02","source":"WinEventLog:Security","sourcetype":"WinEventLog:Security","index":"windows","EventCode":4724,"event_id":4724,"log_name":"Security","computer":"WIN-DC-02.corp.local","provider_name":"Microsoft-Windows-Security-Auditing","level":"Information","record_id":102342,"scenario":"Normal AD Administration","attack_phase":"None","mitre_technique":"None","severity":"low","is_suspicious":false,"subject_user":"s.domadmin","subject_domain":"CORP","target_user":"sbrooks","target_domain":"CORP","dest_host":"WIN-DC-02","src_ip":"10.10.10.114","message":"Routine account management operation performed by IT staff."}
{"timestamp":"2026-09-09T11:24:00Z","host":"WIN-DC-02","source":"WinEventLog:Security","sourcetype":"WinEventLog:Security","index":"windows","EventCode":4722,"event_id":4722,"log_name":"Security","computer":"WIN-DC-02.corp.local","provider_name":"Microsoft-Windows-Security-Auditing","level":"Information","record_id":102343,"scenario":"Normal AD Administration","attack_phase":"None","mitre_technique":"None","severity":"low","is_suspicious":false,"subject_user":"j.admin","subject_domain":"CORP","target_user":"cwalker","target_domain":"CORP","dest_host":"WIN-DC-02","src_ip":"10.10.10.235","message":"Routine account management operation performed by IT staff."}
{"timestamp":"2026-09-09T11:33:19Z","host":"WIN-DC-02","source":"WinEventLog:Security","sourcetype":"WinEventLog:Security","index":"windows","EventCode":4722,"event_id":4722,"log_name":"Security","computer":"WIN-DC-02.corp.local","provider_name":"Microsoft-Windows-Security-Auditing","level":"Information","record_id":102344,"scenario":"Normal AD Administration","attack_phase":"None","mitre_technique":"None","severity":"low","is_suspicious":false,"subject_user":"administrator","subject_domain":"CORP","target_user":"kwright","target_domain":"CORP","dest_host":"WIN-DC-02","src_ip":"10.10.10.118","message":"Routine account management operation performed by IT staff."}
{"timestamp":"2026-09-09T11:45:03Z","host":"WIN-DC-01","source":"WinEventLog:Security","sourcetype":"WinEventLog:Security","index":"windows","EventCode":4724,"event_id":4724,"log_name":"Security","computer":"WIN-DC-01.corp.local","provider_name":"Microsoft-Windows-Security-Auditing","level":"Information","record_id":102345,"scenario":"Normal AD Administration","attack_phase":"None","mitre_technique":"None","severity":"low","is_suspicious":false,"subject_user":"j.admin","subject_domain":"CORP","target_user":"rpatel","target_domain":"CORP","dest_host":"WIN-DC-01","src_ip":"10.10.10.189","message":"Routine account management operation performed by IT staff."}
{"timestamp":"2026-09-09T12:00:02Z","host":"WIN-DC-02","source":"WinEventLog:Security","sourcetype":"WinEventLog:Security","index":"windows","EventCode":4720,"event_id":4720,"log_name":"Security","computer":"WIN-DC-02.corp.local","provider_name":"Microsoft-Windows-Security-Auditing","level":"Information","record_id":102346,"scenario":"Normal AD Administration","attack_phase":"None","mitre_technique":"None","severity":"low","is_suspicious":false,"subject_user":"s.domadmin","subject_domain":"CORP","target_user":"kwright","target_domain":"CORP","dest_host":"WIN-DC-02","src_ip":"10.10.10.131","message":"Routine account management operation performed by IT staff."}
{"timestamp":"2026-09-09T12:03:38Z","host":"WIN-DC-02","source":"WinEventLog:Security","sourcetype":"WinEventLog:Security","index":"windows","EventCode":4724,"event_id":4724,"log_name":"Security","computer":"WIN-DC-02.corp.local","provider_name":"Microsoft-Windows-Security-Auditing","level":"Information","record_id":102347,"scenario":"Normal AD Administration","attack_phase":"None","mitre_technique":"None","severity":"low","is_suspicious":false,"subject_user":"s.domadmin","subject_domain":"CORP","target_user":"dohara","target_domain":"CORP","dest_host":"WIN-DC-02","src_ip":"10.10.10.60","message":"Routine account management operation performed by IT staff."}
{"timestamp":"2026-09-09T12:19:57Z","host":"WIN-DC-02","source":"WinEventLog:Security","sourcetype":"WinEventLog:Security","index":"windows","EventCode":4722,"event_id":4722,"log_name":"Security","computer":"WIN-DC-02.corp.local","provider_name":"Microsoft-Windows-Security-Auditing","level":"Information","record_id":102348,"scenario":"Normal AD Administration","attack_phase":"None","mitre_technique":"None","severity":"low","is_suspicious":false,"subject_user":"administrator","subject_domain":"CORP","target_user":"cwalker","target_domain":"CORP","dest_host":"WIN-DC-02","src_ip":"10.10.10.238","message":"Routine account management operation performed by IT staff."}
{"timestamp":"2026-09-09T12:39:18Z","host":"WIN-DC-01","source":"WinEventLog:Security","sourcetype":"WinEventLog:Security","index":"windows","EventCode":4728,"event_id":4728,"log_name":"Security","computer":"WIN-DC-01.corp.local","provider_name":"Microsoft-Windows-Security-Auditing","level":"Information","record_id":102349,"scenario":"Normal AD Administration","attack_phase":"None","mitre_technique":"None","severity":"low","is_suspicious":false,"subject_user":"s.domadmin","subject_domain":"CORP","target_user":"cwalker","target_domain":"CORP","dest_host":"WIN-DC-01","src_ip":"10.10.10.37","message":"Routine account management operation performed by IT staff."}
{"timestamp":"2026-09-09T12:49:11Z","host":"WIN-DC-02","source":"WinEventLog:Security","sourcetype":"WinEventLog:Security","index":"windows","EventCode":4738,"event_id":4738,"log_name":"Security","computer":"WIN-DC-02.corp.local","provider_name":"Microsoft-Windows-Security-Auditing","level":"Information","record_id":102350,"scenario":"Normal AD Administration","attack_phase":"None","mitre_technique":"None","severity":"low","is_suspicious":false,"subject_user":"administrator","subject_domain":"CORP","target_user":"kwright","target_domain":"CORP","dest_host":"WIN-DC-02","src_ip":"10.10.10.22","message":"Routine account management operation performed by IT staff."}
{"timestamp":"2026-09-09T13:04:07Z","host":"WIN-DC-02","source":"WinEventLog:Security","sourcetype":"WinEventLog:Security","index":"windows","EventCode":4732,"event_id":4732,"log_name":"Security","computer":"WIN-DC-02.corp.local","provider_name":"Microsoft-Windows-Security-Auditing","level":"Information","record_id":102351,"scenario":"Normal AD Administration","attack_phase":"None","mitre_technique":"None","severity":"low","is_suspicious":false,"subject_user":"s.domadmin","subject_domain":"CORP","target_user":"mchen","target_domain":"CORP","dest_host":"WIN-DC-02","src_ip":"10.10.10.128","message":"Routine account management operation performed by IT staff."}
{"timestamp":"2026-09-09T13:11:52Z","host":"WIN-DC-01","source":"WinEventLog:Security","sourcetype":"WinEventLog:Security","index":"windows","EventCode":4728,"event_id":4728,"log_name":"Security","computer":"WIN-DC-01.corp.local","provider_name":"Microsoft-Windows-Security-Auditing","level":"Information","record_id":102352,"scenario":"Normal AD Administration","attack_phase":"None","mitre_technique":"None","severity":"low","is_suspicious":false,"subject_user":"administrator","subject_domain":"CORP","target_user":"jsmith","target_domain":"CORP","dest_host":"WIN-DC-01","src_ip":"10.10.10.32","message":"Routine account management operation performed by IT staff."}
{"timestamp":"2026-09-09T13:27:09Z","host":"WIN-DC-02","source":"WinEventLog:Security","sourcetype":"WinEventLog:Security","index":"windows","EventCode":4732,"event_id":4732,"log_name":"Security","computer":"WIN-DC-02.corp.local","provider_name":"Microsoft-Windows-Security-Auditing","level":"Information","record_id":102353,"scenario":"Normal AD Administration","attack_phase":"None","mitre_technique":"None","severity":"low","is_suspicious":false,"subject_user":"s.domadmin","subject_domain":"CORP","target_user":"dohara","target_domain":"CORP","dest_host":"WIN-DC-02","src_ip":"10.10.10.27","message":"Routine account management operation performed by IT staff."}
{"timestamp":"2026-09-09T13:32:27Z","host":"WIN-DC-01","source":"WinEventLog:Security","sourcetype":"WinEventLog:Security","index":"windows","EventCode":4728,"event_id":4728,"log_name":"Security","computer":"WIN-DC-01.corp.local","provider_name":"Microsoft-Windows-Security-Auditing","level":"Information","record_id":102354,"scenario":"Normal AD Administration","attack_phase":"None","mitre_technique":"None","severity":"low","is_suspicious":false,"subject_user":"s.domadmin","subject_domain":"CORP","target_user":"jsmith","target_domain":"CORP","dest_host":"WIN-DC-01","src_ip":"10.10.10.44","message":"Routine account management operation performed by IT staff."}
{"timestamp":"2026-09-09T13:35:56Z","host":"WIN-DC-01","source":"WinEventLog:Security","sourcetype":"WinEventLog:Security","index":"windows","EventCode":4732,"event_id":4732,"log_name":"Security","computer":"WIN-DC-01.corp.local","provider_name":"Microsoft-Windows-Security-Auditing","level":"Information","record_id":102355,"scenario":"Normal AD Administration","attack_phase":"None","mitre_technique":"None","severity":"low","is_suspicious":false,"subject_user":"j.admin","subject_domain":"CORP","target_user":"sbrooks","target_domain":"CORP","dest_host":"WIN-DC-01","src_ip":"10.10.10.233","message":"Routine account management operation performed by IT staff."}
{"timestamp":"2026-09-09T13:51:20Z","host":"WIN-DC-02","source":"WinEventLog:Security","sourcetype":"WinEventLog:Security","index":"windows","EventCode":4722,"event_id":4722,"log_name":"Security","computer":"WIN-DC-02.corp.local","provider_name":"Microsoft-Windows-Security-Auditing","level":"Information","record_id":102356,"scenario":"Normal AD Administration","attack_phase":"None","mitre_technique":"None","severity":"low","is_suspicious":false,"subject_user":"s.domadmin","subject_domain":"CORP","target_user":"tnguyen","target_domain":"CORP","dest_host":"WIN-DC-02","src_ip":"10.10.10.144","message":"Routine account management operation performed by IT staff."}
{"timestamp":"2026-09-09T14:00:34Z","host":"WIN-DC-02","source":"WinEventLog:Security","sourcetype":"WinEventLog:Security","index":"windows","EventCode":4720,"event_id":4720,"log_name":"Security","computer":"WIN-DC-02.corp.local","provider_name":"Microsoft-Windows-Security-Auditing","level":"Information","record_id":102357,"scenario":"Normal AD Administration","attack_phase":"None","mitre_technique":"None","severity":"low","is_suspicious":false,"subject_user":"j.admin","subject_domain":"CORP","target_user":"kwright","target_domain":"CORP","dest_host":"WIN-DC-02","src_ip":"10.10.10.153","message":"Routine account management operation performed by IT staff."}
{"timestamp":"2026-09-09T14:05:14Z","host":"WIN-DC-01","source":"WinEventLog:Security","sourcetype":"WinEventLog:Security","index":"windows","EventCode":4720,"event_id":4720,"log_name":"Security","computer":"WIN-DC-01.corp.local","provider_name":"Microsoft-Windows-Security-Auditing","level":"Information","record_id":102358,"scenario":"Normal AD Administration","attack_phase":"None","mitre_technique":"None","severity":"low","is_suspicious":false,"subject_user":"j.admin","subject_domain":"CORP","target_user":"kwright","target_domain":"CORP","dest_host":"WIN-DC-01","src_ip":"10.10.10.235","message":"Routine account management operation performed by IT staff."}
{"timestamp":"2026-09-09T14:20:11Z","host":"WIN-DC-02","source":"WinEventLog:Security","sourcetype":"WinEventLog:Security","index":"windows","EventCode":4724,"event_id":4724,"log_name":"Security","computer":"WIN-DC-02.corp.local","provider_name":"Microsoft-Windows-Security-Auditing","level":"Information","record_id":102359,"scenario":"Normal AD Administration","attack_phase":"None","mitre_technique":"None","severity":"low","is_suspicious":false,"subject_user":"j.admin","subject_domain":"CORP","target_user":"tnguyen","target_domain":"CORP","dest_host":"WIN-DC-02","src_ip":"10.10.10.195","message":"Routine account management operation performed by IT staff."}
{"timestamp":"2026-09-09T14:37:28Z","host":"WIN-DC-01","source":"WinEventLog:Security","sourcetype":"WinEventLog:Security","index":"windows","EventCode":4724,"event_id":4724,"log_name":"Security","computer":"WIN-DC-01.corp.local","provider_name":"Microsoft-Windows-Security-Auditing","level":"Information","record_id":102360,"scenario":"Normal AD Administration","attack_phase":"None","mitre_technique":"None","severity":"low","is_suspicious":false,"subject_user":"s.domadmin","subject_domain":"CORP","target_user":"mchen","target_domain":"CORP","dest_host":"WIN-DC-01","src_ip":"10.10.10.198","message":"Routine account management operation performed by IT staff."}
{"timestamp":"2026-09-09T14:55:51Z","host":"WIN-DC-01","source":"WinEventLog:Security","sourcetype":"WinEventLog:Security","index":"windows","EventCode":4722,"event_id":4722,"log_name":"Security","computer":"WIN-DC-01.corp.local","provider_name":"Microsoft-Windows-Security-Auditing","level":"Information","record_id":102361,"scenario":"Normal AD Administration","attack_phase":"None","mitre_technique":"None","severity":"low","is_suspicious":false,"subject_user":"s.domadmin","subject_domain":"CORP","target_user":"jsmith","target_domain":"CORP","dest_host":"WIN-DC-01","src_ip":"10.10.10.153","message":"Routine account management operation performed by IT staff."}
{"timestamp":"2026-09-09T15:09:28Z","host":"WIN-DC-02","source":"WinEventLog:Security","sourcetype":"WinEventLog:Security","index":"windows","EventCode":4728,"event_id":4728,"log_name":"Security","computer":"WIN-DC-02.corp.local","provider_name":"Microsoft-Windows-Security-Auditing","level":"Information","record_id":102362,"scenario":"Normal AD Administration","attack_phase":"None","mitre_technique":"None","severity":"low","is_suspicious":false,"subject_user":"j.admin","subject_domain":"CORP","target_user":"kwright","target_domain":"CORP","dest_host":"WIN-DC-02","src_ip":"10.10.10.47","message":"Routine account management operation performed by IT staff."}
{"timestamp":"2026-09-09T15:27:49Z","host":"WIN-DC-02","source":"WinEventLog:Security","sourcetype":"WinEventLog:Security","index":"windows","EventCode":4720,"event_id":4720,"log_name":"Security","computer":"WIN-DC-02.corp.local","provider_name":"Microsoft-Windows-Security-Auditing","level":"Information","record_id":102363,"scenario":"Normal AD Administration","attack_phase":"None","mitre_technique":"None","severity":"low","is_suspicious":false,"subject_user":"j.admin","subject_domain":"CORP","target_user":"rpatel","target_domain":"CORP","dest_host":"WIN-DC-02","src_ip":"10.10.10.128","message":"Routine account management operation performed by IT staff."}
{"timestamp":"2026-09-09T15:40:27Z","host":"WIN-DC-01","source":"WinEventLog:Security","sourcetype":"WinEventLog:Security","index":"windows","EventCode":4732,"event_id":4732,"log_name":"Security","computer":"WIN-DC-01.corp.local","provider_name":"Microsoft-Windows-Security-Auditing","level":"Information","record_id":102364,"scenario":"Normal AD Administration","attack_phase":"None","mitre_technique":"None","severity":"low","is_suspicious":false,"subject_user":"s.domadmin","subject_domain":"CORP","target_user":"sbrooks","target_domain":"CORP","dest_host":"WIN-DC-01","src_ip":"10.10.10.150","message":"Routine account management operation performed by IT staff."}
{"timestamp":"2026-09-09T15:58:47Z","host":"WIN-DC-02","source":"WinEventLog:Security","sourcetype":"WinEventLog:Security","index":"windows","EventCode":4738,"event_id":4738,"log_name":"Security","computer":"WIN-DC-02.corp.local","provider_name":"Microsoft-Windows-Security-Auditing","level":"Information","record_id":102365,"scenario":"Normal AD Administration","attack_phase":"None","mitre_technique":"None","severity":"low","is_suspicious":false,"subject_user":"j.admin","subject_domain":"CORP","target_user":"kwright","target_domain":"CORP","dest_host":"WIN-DC-02","src_ip":"10.10.10.83","message":"Routine account management operation performed by IT staff."}
{"timestamp":"2026-09-09T16:05:52Z","host":"WIN-DC-01","source":"WinEventLog:Security","sourcetype":"WinEventLog:Security","index":"windows","EventCode":4720,"event_id":4720,"log_name":"Security","computer":"WIN-DC-01.corp.local","provider_name":"Microsoft-Windows-Security-Auditing","level":"Information","record_id":102366,"scenario":"Normal AD Administration","attack_phase":"None","mitre_technique":"None","severity":"low","is_suspicious":false,"subject_user":"j.admin","subject_domain":"CORP","target_user":"rpatel","target_domain":"CORP","dest_host":"WIN-DC-01","src_ip":"10.10.10.134","message":"Routine account management operation performed by IT staff."}
{"timestamp":"2026-09-09T16:16:21Z","host":"WIN-DC-02","source":"WinEventLog:Security","sourcetype":"WinEventLog:Security","index":"windows","EventCode":4720,"event_id":4720,"log_name":"Security","computer":"WIN-DC-02.corp.local","provider_name":"Microsoft-Windows-Security-Auditing","level":"Information","record_id":102367,"scenario":"Normal AD Administration","attack_phase":"None","mitre_technique":"None","severity":"low","is_suspicious":false,"subject_user":"j.admin","subject_domain":"CORP","target_user":"kwright","target_domain":"CORP","dest_host":"WIN-DC-02","src_ip":"10.10.10.44","message":"Routine account management operation performed by IT staff."}
{"timestamp":"2026-09-09T16:21:23Z","host":"WIN-DC-02","source":"WinEventLog:Security","sourcetype":"WinEventLog:Security","index":"windows","EventCode":4738,"event_id":4738,"log_name":"Security","computer":"WIN-DC-02.corp.local","provider_name":"Microsoft-Windows-Security-Auditing","level":"Information","record_id":102368,"scenario":"Normal AD Administration","attack_phase":"None","mitre_technique":"None","severity":"low","is_suspicious":false,"subject_user":"j.admin","subject_domain":"CORP","target_user":"dohara","target_domain":"CORP","dest_host":"WIN-DC-02","src_ip":"10.10.10.59","message":"Routine account management operation performed by IT staff."}
{"timestamp":"2026-09-09T16:28:09Z","host":"WIN-DC-02","source":"WinEventLog:Security","sourcetype":"WinEventLog:Security","index":"windows","EventCode":4738,"event_id":4738,"log_name":"Security","computer":"WIN-DC-02.corp.local","provider_name":"Microsoft-Windows-Security-Auditing","level":"Information","record_id":102369,"scenario":"Normal AD Administration","attack_phase":"None","mitre_technique":"None","severity":"low","is_suspicious":false,"subject_user":"administrator","subject_domain":"CORP","target_user":"cwalker","target_domain":"CORP","dest_host":"WIN-DC-02","src_ip":"10.10.10.238","message":"Routine account management operation performed by IT staff."}
{"timestamp":"2026-09-09T16:37:03Z","host":"WIN-DC-02","source":"WinEventLog:Security","sourcetype":"WinEventLog:Security","index":"windows","EventCode":4722,"event_id":4722,"log_name":"Security","computer":"WIN-DC-02.corp.local","provider_name":"Microsoft-Windows-Security-Auditing","level":"Information","record_id":102370,"scenario":"Normal AD Administration","attack_phase":"None","mitre_technique":"None","severity":"low","is_suspicious":false,"subject_user":"administrator","subject_domain":"CORP","target_user":"agarcia","target_domain":"CORP","dest_host":"WIN-DC-02","src_ip":"10.10.10.143","message":"Routine account management operation performed by IT staff."}
{"timestamp":"2026-09-09T16:55:24Z","host":"WIN-DC-01","source":"WinEventLog:Security","sourcetype":"WinEventLog:Security","index":"windows","EventCode":4720,"event_id":4720,"log_name":"Security","computer":"WIN-DC-01.corp.local","provider_name":"Microsoft-Windows-Security-Auditing","level":"Information","record_id":102371,"scenario":"Normal AD Administration","attack_phase":"None","mitre_technique":"None","severity":"low","is_suspicious":false,"subject_user":"administrator","subject_domain":"CORP","target_user":"cwalker","target_domain":"CORP","dest_host":"WIN-DC-01","src_ip":"10.10.10.247","message":"Routine account management operation performed by IT staff."}
{"timestamp":"2026-09-09T17:14:49Z","host":"WIN-DC-01","source":"WinEventLog:Security","sourcetype":"WinEventLog:Security","index":"windows","EventCode":4720,"event_id":4720,"log_name":"Security","computer":"WIN-DC-01.corp.local","provider_name":"Microsoft-Windows-Security-Auditing","level":"Information","record_id":102372,"scenario":"Normal AD Administration","attack_phase":"None","mitre_technique":"None","severity":"low","is_suspicious":false,"subject_user":"administrator","subject_domain":"CORP","target_user":"dohara","target_domain":"CORP","dest_host":"WIN-DC-01","src_ip":"10.10.10.96","message":"Routine account management operation performed by IT staff."}
{"timestamp":"2026-09-09T17:22:45Z","host":"WIN-DC-02","source":"WinEventLog:Security","sourcetype":"WinEventLog:Security","index":"windows","EventCode":4732,"event_id":4732,"log_name":"Security","computer":"WIN-DC-02.corp.local","provider_name":"Microsoft-Windows-Security-Auditing","level":"Information","record_id":102373,"scenario":"Normal AD Administration","attack_phase":"None","mitre_technique":"None","severity":"low","is_suspicious":false,"subject_user":"s.domadmin","subject_domain":"CORP","target_user":"tnguyen","target_domain":"CORP","dest_host":"WIN-DC-02","src_ip":"10.10.10.115","message":"Routine account management operation performed by IT staff."}
{"timestamp":"2026-09-09T17:41:31Z","host":"WIN-DC-01","source":"WinEventLog:Security","sourcetype":"WinEventLog:Security","index":"windows","EventCode":4728,"event_id":4728,"log_name":"Security","computer":"WIN-DC-01.corp.local","provider_name":"Microsoft-Windows-Security-Auditing","level":"Information","record_id":102374,"scenario":"Normal AD Administration","attack_phase":"None","mitre_technique":"None","severity":"low","is_suspicious":false,"subject_user":"administrator","subject_domain":"CORP","target_user":"lwilson","target_domain":"CORP","dest_host":"WIN-DC-01","src_ip":"10.10.10.185","message":"Routine account management operation performed by IT staff."}
{"timestamp":"2026-09-09T17:46:36Z","host":"WIN-DC-02","source":"WinEventLog:Security","sourcetype":"WinEventLog:Security","index":"windows","EventCode":4728,"event_id":4728,"log_name":"Security","computer":"WIN-DC-02.corp.local","provider_name":"Microsoft-Windows-Security-Auditing","level":"Information","record_id":102375,"scenario":"Normal AD Administration","attack_phase":"None","mitre_technique":"None","severity":"low","is_suspicious":false,"subject_user":"j.admin","subject_domain":"CORP","target_user":"dohara","target_domain":"CORP","dest_host":"WIN-DC-02","src_ip":"10.10.10.24","message":"Routine account management operation performed by IT staff."}
{"timestamp":"2026-09-09T17:52:16Z","host":"WIN-DC-02","source":"WinEventLog:Security","sourcetype":"WinEventLog:Security","index":"windows","EventCode":4724,"event_id":4724,"log_name":"Security","computer":"WIN-DC-02.corp.local","provider_name":"Microsoft-Windows-Security-Auditing","level":"Information","record_id":102376,"scenario":"Normal AD Administration","attack_phase":"None","mitre_technique":"None","severity":"low","is_suspicious":false,"subject_user":"j.admin","subject_domain":"CORP","target_user":"agarcia","target_domain":"CORP","dest_host":"WIN-DC-02","src_ip":"10.10.10.207","message":"Routine account management operation performed by IT staff."}
{"timestamp":"2026-09-09T17:55:57Z","host":"WIN-DC-01","source":"WinEventLog:Security","sourcetype":"WinEventLog:Security","index":"windows","EventCode":4724,"event_id":4724,"log_name":"Security","computer":"WIN-DC-01.corp.local","provider_name":"Microsoft-Windows-Security-Auditing","level":"Information","record_id":102377,"scenario":"Normal AD Administration","attack_phase":"None","mitre_technique":"None","severity":"low","is_suspicious":false,"subject_user":"j.admin","subject_domain":"CORP","target_user":"agarcia","target_domain":"CORP","dest_host":"WIN-DC-01","src_ip":"10.10.10.42","message":"Routine account management operation performed by IT staff."}
