{"timestamp":"2026-09-01T16:06:58Z","host":"WIN-SRV-01","source":"WinEventLog:Security","sourcetype":"WinEventLog:Security","index":"windows","EventCode":4624,"event_id":4624,"log_name":"Security","computer":"WIN-SRV-01.corp.local","provider_name":"Microsoft-Windows-Security-Auditing","level":"Information","record_id":100180,"scenario":"Normal Authentication","attack_phase":"None","mitre_technique":"None","severity":"low","is_suspicious":false,"subject_user":"SYSTEM","subject_domain":"NT AUTHORITY","target_user":"rpatel","target_domain":"CORP","src_ip":"10.10.20.175","src_port":61379,"dest_host":"WIN-SRV-01","logon_type":3,"authentication_package":"Kerberos","workstation_name":"WIN-SRV-01","logon_id":"0xC88EC","logon_process":"NtLmSsp","ip_address":"10.10.20.175","message":"An account was successfully logged on."}
{"timestamp":"2026-09-01T16:09:28Z","host":"WIN-CLIENT-01","source":"WinEventLog:Security","sourcetype":"WinEventLog:Security","index":"windows","EventCode":4624,"event_id":4624,"log_name":"Security","computer":"WIN-CLIENT-01.corp.local","provider_name":"Microsoft-Windows-Security-Auditing","level":"Information","record_id":100181,"scenario":"Normal Authentication","attack_phase":"None","mitre_technique":"None","severity":"low","is_suspicious":false,"subject_user":"SYSTEM","subject_domain":"NT AUTHORITY","target_user":"svc_backup","target_domain":"CORP","src_ip":"10.10.10.81","src_port":61920,"dest_host":"WIN-CLIENT-01","logon_type":10,"authentication_package":"Kerberos","workstation_name":"WIN-CLIENT-01","logon_id":"0x80D9C","logon_process":"Advapi","ip_address":"10.10.10.81","message":"An account was successfully logged on."}
{"timestamp":"2026-09-01T16:10:12Z","host":"WIN-CLIENT-03","source":"WinEventLog:Security","sourcetype":"WinEventLog:Security","index":"windows","EventCode":4624,"event_id":4624,"log_name":"Security","computer":"WIN-CLIENT-03.corp.local","provider_name":"Microsoft-Windows-Security-Auditing","level":"Information","record_id":100182,"scenario":"Normal Authentication","attack_phase":"None","mitre_technique":"None","severity":"low","is_suspicious":false,"subject_user":"SYSTEM","subject_domain":"NT AUTHORITY","target_user":"cwalker","target_domain":"CORP","src_ip":"10.10.10.25","src_port":63903,"dest_host":"WIN-CLIENT-03","logon_type":10,"authentication_package":"Kerberos","workstation_name":"WIN-CLIENT-03","logon_id":"0x5B8C5","logon_process":"Advapi","ip_address":"10.10.10.25","message":"An account was successfully logged on."}
{"timestamp":"2026-09-01T16:15:56Z","host":"WIN-CLIENT-04","source":"WinEventLog:Security","sourcetype":"WinEventLog:Security","index":"windows","EventCode":4624,"event_id":4624,"log_name":"Security","computer":"WIN-CLIENT-04.corp.local","provider_name":"Microsoft-Windows-Security-Auditing","level":"Information","record_id":100183,"scenario":"Normal Authentication","attack_phase":"None","mitre_technique":"None","severity":"low","is_suspicious":false,"subject_user":"SYSTEM","subject_domain":"NT AUTHORITY","target_user":"svc_sql","target_domain":"CORP","src_ip":"10.10.10.35","src_port":61886,"dest_host":"WIN-CLIENT-04","logon_type":3,"authentication_package":"Kerberos","workstation_name":"WIN-CLIENT-04","logon_id":"0x9A16A","logon_process":"NtLmSsp","ip_address":"10.10.10.35","message":"An account was successfully logged on."}
{"timestamp":"2026-09-01T16:22:20Z","host":"WIN-CLIENT-05","source":"WinEventLog:Security","sourcetype":"WinEventLog:Security","index":"windows","EventCode":4624,"event_id":4624,"log_name":"Security","computer":"WIN-CLIENT-05.corp.local","provider_name":"Microsoft-Windows-Security-Auditing","level":"Information","record_id":100184,"scenario":"Normal Authentication","attack_phase":"None","mitre_technique":"None","severity":"low","is_suspicious":false,"subject_user":"SYSTEM","subject_domain":"NT AUTHORITY","target_user":"sbrooks","target_domain":"CORP","src_ip":"10.10.10.67","src_port":63975,"dest_host":"WIN-CLIENT-05","logon_type":4,"authentication_package":"Kerberos","workstation_name":"WIN-CLIENT-05","logon_id":"0xE31ED","logon_process":"Advapi","ip_address":"10.10.10.67","message":"An account was successfully logged on."}
{"timestamp":"2026-09-01T16:30:43Z","host":"WIN-CLIENT-03","source":"WinEventLog:Security","sourcetype":"WinEventLog:Security","index":"windows","EventCode":4624,"event_id":4624,"log_name":"Security","computer":"WIN-CLIENT-03.corp.local","provider_name":"Microsoft-Windows-Security-Auditing","level":"Information","record_id":100185,"scenario":"Normal Authentication","attack_phase":"None","mitre_technique":"None","severity":"low","is_suspicious":false,"subject_user":"SYSTEM","subject_domain":"NT AUTHORITY","target_user":"svc_web","target_domain":"CORP","src_ip":"10.10.20.207","src_port":50886,"dest_host":"WIN-CLIENT-03","logon_type":10,"authentication_package":"Kerberos","workstation_name":"WIN-CLIENT-03","logon_id":"0x87E49","logon_process":"Advapi","ip_address":"10.10.20.207","message":"An account was successfully logged on."}
{"timestamp":"2026-09-01T16:32:10Z","host":"WIN-SRV-02","source":"WinEventLog:Security","sourcetype":"WinEventLog:Security","index":"windows","EventCode":4624,"event_id":4624,"log_name":"Security","computer":"WIN-SRV-02.corp.local","provider_name":"Microsoft-Windows-Security-Auditing","level":"Information","record_id":100186,"scenario":"Normal Authentication","attack_phase":"None","mitre_technique":"None","severity":"low","is_suspicious":false,"subject_user":"SYSTEM","subject_domain":"NT AUTHORITY","target_user":"mchen","target_domain":"CORP","src_ip":"10.10.20.249","src_port":62856,"dest_host":"WIN-SRV-02","logon_type":3,"authentication_package":"Kerberos","workstation_name":"WIN-SRV-02","logon_id":"0xDDF97","logon_process":"NtLmSsp","ip_address":"10.10.20.249","message":"An account was successfully logged on."}
{"timestamp":"2026-09-01T16:41:50Z","host":"WIN-CLIENT-01","source":"WinEventLog:Security","sourcetype":"WinEventLog:Security","index":"windows","EventCode":4624,"event_id":4624,"log_name":"Security","computer":"WIN-CLIENT-01.corp.local","provider_name":"Microsoft-Windows-Security-Auditing","level":"Information","record_id":100187,"scenario":"Normal Authentication","attack_phase":"None","mitre_technique":"None","severity":"low","is_suspicious":false,"subject_user":"SYSTEM","subject_domain":"NT AUTHORITY","target_user":"kwright","target_domain":"CORP","src_ip":"10.10.20.5","src_port":53332,"dest_host":"WIN-CLIENT-01","logon_type":11,"authentication_package":"Kerberos","workstation_name":"WIN-CLIENT-01","logon_id":"0x995CC","logon_process":"User32","ip_address":"10.10.20.5","message":"An account was successfully logged on."}
{"timestamp":"2026-09-01T16:44:06Z","host":"WIN-CLIENT-03","source":"WinEventLog:Security","sourcetype":"WinEventLog:Security","index":"windows","EventCode":4624,"event_id":4624,"log_name":"Security","computer":"WIN-CLIENT-03.corp.local","provider_name":"Microsoft-Windows-Security-Auditing","level":"Information","record_id":100188,"scenario":"Normal Authentication","attack_phase":"None","mitre_technique":"None","severity":"low","is_suspicious":false,"subject_user":"SYSTEM","subject_domain":"NT AUTHORITY","target_user":"dohara","target_domain":"CORP","src_ip":"10.10.20.151","src_port":55242,"dest_host":"WIN-CLIENT-03","logon_type":10,"authentication_package":"Kerberos","workstation_name":"WIN-CLIENT-03","logon_id":"0xE289F","logon_process":"Advapi","ip_address":"10.10.20.151","message":"An account was successfully logged on."}
{"timestamp":"2026-09-01T16:50:36Z","host":"WIN-SRV-01","source":"WinEventLog:Security","sourcetype":"WinEventLog:Security","index":"windows","EventCode":4624,"event_id":4624,"log_name":"Security","computer":"WIN-SRV-01.corp.local","provider_name":"Microsoft-Windows-Security-Auditing","level":"Information","record_id":100189,"scenario":"Normal Authentication","attack_phase":"None","mitre_technique":"None","severity":"low","is_suspicious":false,"subject_user":"SYSTEM","subject_domain":"NT AUTHORITY","target_user":"agarcia","target_domain":"CORP","src_ip":"10.10.20.8","src_port":59150,"dest_host":"WIN-SRV-01","logon_type":3,"authentication_package":"Kerberos","workstation_name":"WIN-SRV-01","logon_id":"0xF25D3","logon_process":"NtLmSsp","ip_address":"10.10.20.8","message":"An account was successfully logged on."}
{"timestamp":"2026-09-01T17:00:20Z","host":"WIN-CLIENT-05","source":"WinEventLog:Security","sourcetype":"WinEventLog:Security","index":"windows","EventCode":4624,"event_id":4624,"log_name":"Security","computer":"WIN-CLIENT-05.corp.local","provider_name":"Microsoft-Windows-Security-Auditing","level":"Information","record_id":100190,"scenario":"Normal Authentication","attack_phase":"None","mitre_technique":"None","severity":"low","is_suspicious":false,"subject_user":"SYSTEM","subject_domain":"NT AUTHORITY","target_user":"kwright","target_domain":"CORP","src_ip":"10.10.10.164","src_port":62498,"dest_host":"WIN-CLIENT-05","logon_type":3,"authentication_package":"Kerberos","workstation_name":"WIN-CLIENT-05","logon_id":"0x86DA3","logon_process":"NtLmSsp","ip_address":"10.10.10.164","message":"An account was successfully logged on."}
{"timestamp":"2026-09-01T17:05:39Z","host":"WIN-CLIENT-04","source":"WinEventLog:Security","sourcetype":"WinEventLog:Security","index":"windows","EventCode":4624,"event_id":4624,"log_name":"Security","computer":"WIN-CLIENT-04.corp.local","provider_name":"Microsoft-Windows-Security-Auditing","level":"Information","record_id":100191,"scenario":"Normal Authentication","attack_phase":"None","mitre_technique":"None","severity":"low","is_suspicious":false,"subject_user":"SYSTEM","subject_domain":"NT AUTHORITY","target_user":"svc_backup","target_domain":"CORP","src_ip":"10.10.10.13","src_port":64503,"dest_host":"WIN-CLIENT-04","logon_type":2,"authentication_package":"Kerberos","workstation_name":"WIN-CLIENT-04","logon_id":"0x1986B","logon_process":"User32","ip_address":"10.10.10.13","message":"An account was successfully logged on."}
{"timestamp":"2026-09-01T17:11:00Z","host":"WIN-CLIENT-01","source":"WinEventLog:Security","sourcetype":"WinEventLog:Security","index":"windows","EventCode":4624,"event_id":4624,"log_name":"Security","computer":"WIN-CLIENT-01.corp.local","provider_name":"Microsoft-Windows-Security-Auditing","level":"Information","record_id":100192,"scenario":"Normal Authentication","attack_phase":"None","mitre_technique":"None","severity":"low","is_suspicious":false,"subject_user":"SYSTEM","subject_domain":"NT AUTHORITY","target_user":"dohara","target_domain":"CORP","src_ip":"10.10.10.229","src_port":57807,"dest_host":"WIN-CLIENT-01","logon_type":2,"authentication_package":"Kerberos","workstation_name":"WIN-CLIENT-01","logon_id":"0x32BAE","logon_process":"User32","ip_address":"10.10.10.229","message":"An account was successfully logged on."}
{"timestamp":"2026-09-01T17:17:47Z","host":"WIN-CLIENT-03","source":"WinEventLog:Security","sourcetype":"WinEventLog:Security","index":"windows","EventCode":4624,"event_id":4624,"log_name":"Security","computer":"WIN-CLIENT-03.corp.local","provider_name":"Microsoft-Windows-Security-Auditing","level":"Information","record_id":100193,"scenario":"Normal Authentication","attack_phase":"None","mitre_technique":"None","severity":"low","is_suspicious":false,"subject_user":"SYSTEM","subject_domain":"NT AUTHORITY","target_user":"dohara","target_domain":"CORP","src_ip":"10.10.20.152","src_port":61161,"dest_host":"WIN-CLIENT-03","logon_type":10,"authentication_package":"Kerberos","workstation_name":"WIN-CLIENT-03","logon_id":"0xCA026","logon_process":"Advapi","ip_address":"10.10.20.152","message":"An account was successfully logged on."}
{"timestamp":"2026-09-01T17:20:35Z","host":"WIN-SRV-01","source":"WinEventLog:Security","sourcetype":"WinEventLog:Security","index":"windows","EventCode":4624,"event_id":4624,"log_name":"Security","computer":"WIN-SRV-01.corp.local","provider_name":"Microsoft-Windows-Security-Auditing","level":"Information","record_id":100194,"scenario":"Normal Authentication","attack_phase":"None","mitre_technique":"None","severity":"low","is_suspicious":false,"subject_user":"SYSTEM","subject_domain":"NT AUTHORITY","target_user":"tnguyen","target_domain":"CORP","src_ip":"10.10.20.159","src_port":55686,"dest_host":"WIN-SRV-01","logon_type":2,"authentication_package":"Kerberos","workstation_name":"WIN-SRV-01","logon_id":"0x579D0","logon_process":"User32","ip_address":"10.10.20.159","message":"An account was successfully logged on."}
{"timestamp":"2026-09-01T17:21:18Z","host":"WIN-CLIENT-03","source":"WinEventLog:Security","sourcetype":"WinEventLog:Security","index":"windows","EventCode":4624,"event_id":4624,"log_name":"Security","computer":"WIN-CLIENT-03.corp.local","provider_name":"Microsoft-Windows-Security-Auditing","level":"Information","record_id":100195,"scenario":"Normal Authentication","attack_phase":"None","mitre_technique":"None","severity":"low","is_suspicious":false,"subject_user":"SYSTEM","subject_domain":"NT AUTHORITY","target_user":"svc_sql","target_domain":"CORP","src_ip":"10.10.20.115","src_port":64573,"dest_host":"WIN-CLIENT-03","logon_type":3,"authentication_package":"Kerberos","workstation_name":"WIN-CLIENT-03","logon_id":"0x4C71E","logon_process":"NtLmSsp","ip_address":"10.10.20.115","message":"An account was successfully logged on."}
{"timestamp":"2026-09-01T17:27:39Z","host":"WIN-SRV-01","source":"WinEventLog:Security","sourcetype":"WinEventLog:Security","index":"windows","EventCode":4624,"event_id":4624,"log_name":"Security","computer":"WIN-SRV-01.corp.local","provider_name":"Microsoft-Windows-Security-Auditing","level":"Information","record_id":100196,"scenario":"Normal Authentication","attack_phase":"None","mitre_technique":"None","severity":"low","is_suspicious":false,"subject_user":"SYSTEM","subject_domain":"NT AUTHORITY","target_user":"agarcia","target_domain":"CORP","src_ip":"10.10.20.17","src_port":55523,"dest_host":"WIN-SRV-01","logon_type":4,"authentication_package":"Kerberos","workstation_name":"WIN-SRV-01","logon_id":"0x56A02","logon_process":"Advapi","ip_address":"10.10.20.17","message":"An account was successfully logged on."}
{"timestamp":"2026-09-01T17:31:03Z","host":"WIN-SRV-02","source":"WinEventLog:Security","sourcetype":"WinEventLog:Security","index":"windows","EventCode":4624,"event_id":4624,"log_name":"Security","computer":"WIN-SRV-02.corp.local","provider_name":"Microsoft-Windows-Security-Auditing","level":"Information","record_id":100197,"scenario":"Normal Authentication","attack_phase":"None","mitre_technique":"None","severity":"low","is_suspicious":false,"subject_user":"SYSTEM","subject_domain":"NT AUTHORITY","target_user":"agarcia","target_domain":"CORP","src_ip":"10.10.20.25","src_port":59858,"dest_host":"WIN-SRV-02","logon_type":11,"authentication_package":"Kerberos","workstation_name":"WIN-SRV-02","logon_id":"0x464C9","logon_process":"User32","ip_address":"10.10.20.25","message":"An account was successfully logged on."}
{"timestamp":"2026-09-01T17:31:34Z","host":"WIN-SRV-02","source":"WinEventLog:Security","sourcetype":"WinEventLog:Security","index":"windows","EventCode":4624,"event_id":4624,"log_name":"Security","computer":"WIN-SRV-02.corp.local","provider_name":"Microsoft-Windows-Security-Auditing","level":"Information","record_id":100198,"scenario":"Normal Authentication","attack_phase":"None","mitre_technique":"None","severity":"low","is_suspicious":false,"subject_user":"SYSTEM","subject_domain":"NT AUTHORITY","target_user":"jsmith","target_domain":"CORP","src_ip":"10.10.10.34","src_port":61893,"dest_host":"WIN-SRV-02","logon_type":4,"authentication_package":"Kerberos","workstation_name":"WIN-SRV-02","logon_id":"0xA0882","logon_process":"Advapi","ip_address":"10.10.10.34","message":"An account was successfully logged on."}
{"timestamp":"2026-09-01T17:35:14Z","host":"WIN-SRV-02","source":"WinEventLog:Security","sourcetype":"WinEventLog:Security","index":"windows","EventCode":4624,"event_id":4624,"log_name":"Security","computer":"WIN-SRV-02.corp.local","provider_name":"Microsoft-Windows-Security-Auditing","level":"Information","record_id":100199,"scenario":"Normal Authentication","attack_phase":"None","mitre_technique":"None","severity":"low","is_suspicious":false,"subject_user":"SYSTEM","subject_domain":"NT AUTHORITY","target_user":"agarcia","target_domain":"CORP","src_ip":"10.10.10.152","src_port":52538,"dest_host":"WIN-SRV-02","logon_type":11,"authentication_package":"Kerberos","workstation_name":"WIN-SRV-02","logon_id":"0xE0243","logon_process":"User32","ip_address":"10.10.10.152","message":"An account was successfully logged on."}
{"timestamp":"2026-09-01T17:39:22Z","host":"WIN-SRV-02","source":"WinEventLog:Security","sourcetype":"WinEventLog:Security","index":"windows","EventCode":4624,"event_id":4624,"log_name":"Security","computer":"WIN-SRV-02.corp.local","provider_name":"Microsoft-Windows-Security-Auditing","level":"Information","record_id":100200,"scenario":"Normal Authentication","attack_phase":"None","mitre_technique":"None","severity":"low","is_suspicious":false,"subject_user":"SYSTEM","subject_domain":"NT AUTHORITY","target_user":"kwright","target_domain":"CORP","src_ip":"10.10.10.72","src_port":63064,"dest_host":"WIN-SRV-02","logon_type":3,"authentication_package":"Kerberos","workstation_name":"WIN-SRV-02","logon_id":"0x350A4","logon_process":"NtLmSsp","ip_address":"10.10.10.72","message":"An account was successfully logged on."}
{"timestamp":"2026-09-01T17:41:45Z","host":"WIN-CLIENT-03","source":"WinEventLog:Security","sourcetype":"WinEventLog:Security","index":"windows","EventCode":4624,"event_id":4624,"log_name":"Security","computer":"WIN-CLIENT-03.corp.local","provider_name":"Microsoft-Windows-Security-Auditing","level":"Information","record_id":100201,"scenario":"Normal Authentication","attack_phase":"None","mitre_technique":"None","severity":"low","is_suspicious":false,"subject_user":"SYSTEM","subject_domain":"NT AUTHORITY","target_user":"sbrooks","target_domain":"CORP","src_ip":"10.10.10.30","src_port":59830,"dest_host":"WIN-CLIENT-03","logon_type":11,"authentication_package":"Kerberos","workstation_name":"WIN-CLIENT-03","logon_id":"0xEDCF8","logon_process":"User32","ip_address":"10.10.10.30","message":"An account was successfully logged on."}
{"timestamp":"2026-09-01T17:42:21Z","host":"WIN-CLIENT-01","source":"WinEventLog:Security","sourcetype":"WinEventLog:Security","index":"windows","EventCode":4624,"event_id":4624,"log_name":"Security","computer":"WIN-CLIENT-01.corp.local","provider_name":"Microsoft-Windows-Security-Auditing","level":"Information","record_id":100202,"scenario":"Normal Authentication","attack_phase":"None","mitre_technique":"None","severity":"low","is_suspicious":false,"subject_user":"SYSTEM","subject_domain":"NT AUTHORITY","target_user":"mchen","target_domain":"CORP","src_ip":"10.10.10.152","src_port":54304,"dest_host":"WIN-CLIENT-01","logon_type":4,"authentication_package":"Kerberos","workstation_name":"WIN-CLIENT-01","logon_id":"0x140A3","logon_process":"Advapi","ip_address":"10.10.10.152","message":"An account was successfully logged on."}
{"timestamp":"2026-09-01T17:45:29Z","host":"WIN-CLIENT-01","source":"WinEventLog:Security","sourcetype":"WinEventLog:Security","index":"windows","EventCode":4624,"event_id":4624,"log_name":"Security","computer":"WIN-CLIENT-01.corp.local","provider_name":"Microsoft-Windows-Security-Auditing","level":"Information","record_id":100203,"scenario":"Normal Authentication","attack_phase":"None","mitre_technique":"None","severity":"low","is_suspicious":false,"subject_user":"SYSTEM","subject_domain":"NT AUTHORITY","target_user":"lwilson","target_domain":"CORP","src_ip":"10.10.20.136","src_port":50862,"dest_host":"WIN-CLIENT-01","logon_type":3,"authentication_package":"Kerberos","workstation_name":"WIN-CLIENT-01","logon_id":"0xCEE3E","logon_process":"NtLmSsp","ip_address":"10.10.20.136","message":"An account was successfully logged on."}
{"timestamp":"2026-09-01T17:46:44Z","host":"WIN-CLIENT-04","source":"WinEventLog:Security","sourcetype":"WinEventLog:Security","index":"windows","EventCode":4624,"event_id":4624,"log_name":"Security","computer":"WIN-CLIENT-04.corp.local","provider_name":"Microsoft-Windows-Security-Auditing","level":"Information","record_id":100204,"scenario":"Normal Authentication","attack_phase":"None","mitre_technique":"None","severity":"low","is_suspicious":false,"subject_user":"SYSTEM","subject_domain":"NT AUTHORITY","target_user":"dohara","target_domain":"CORP","src_ip":"10.10.20.133","src_port":58726,"dest_host":"WIN-CLIENT-04","logon_type":11,"authentication_package":"Kerberos","workstation_name":"WIN-CLIENT-04","logon_id":"0x2BEAF","logon_process":"User32","ip_address":"10.10.20.133","message":"An account was successfully logged on."}
{"timestamp":"2026-09-01T17:54:36Z","host":"WIN-CLIENT-02","source":"WinEventLog:Security","sourcetype":"WinEventLog:Security","index":"windows","EventCode":4624,"event_id":4624,"log_name":"Security","computer":"WIN-CLIENT-02.corp.local","provider_name":"Microsoft-Windows-Security-Auditing","level":"Information","record_id":100205,"scenario":"Normal Authentication","attack_phase":"None","mitre_technique":"None","severity":"low","is_suspicious":false,"subject_user":"SYSTEM","subject_domain":"NT AUTHORITY","target_user":"sbrooks","target_domain":"CORP","src_ip":"10.10.10.188","src_port":61832,"dest_host":"WIN-CLIENT-02","logon_type":7,"authentication_package":"Kerberos","workstation_name":"WIN-CLIENT-02","logon_id":"0xF8A3F","logon_process":"User32","ip_address":"10.10.10.188","message":"An account was successfully logged on."}
{"timestamp":"2026-09-01T18:03:39Z","host":"WIN-CLIENT-04","source":"WinEventLog:Security","sourcetype":"WinEventLog:Security","index":"windows","EventCode":4624,"event_id":4624,"log_name":"Security","computer":"WIN-CLIENT-04.corp.local","provider_name":"Microsoft-Windows-Security-Auditing","level":"Information","record_id":100206,"scenario":"Normal Authentication","attack_phase":"None","mitre_technique":"None","severity":"low","is_suspicious":false,"subject_user":"SYSTEM","subject_domain":"NT AUTHORITY","target_user":"lwilson","target_domain":"CORP","src_ip":"10.10.10.17","src_port":56847,"dest_host":"WIN-CLIENT-04","logon_type":10,"authentication_package":"Kerberos","workstation_name":"WIN-CLIENT-04","logon_id":"0xE8E88","logon_process":"Advapi","ip_address":"10.10.10.17","message":"An account was successfully logged on."}
{"timestamp":"2026-09-01T18:10:40Z","host":"WIN-SRV-01","source":"WinEventLog:Security","sourcetype":"WinEventLog:Security","index":"windows","EventCode":4624,"event_id":4624,"log_name":"Security","computer":"WIN-SRV-01.corp.local","provider_name":"Microsoft-Windows-Security-Auditing","level":"Information","record_id":100207,"scenario":"Normal Authentication","attack_phase":"None","mitre_technique":"None","severity":"low","is_suspicious":false,"subject_user":"SYSTEM","subject_domain":"NT AUTHORITY","target_user":"tnguyen","target_domain":"CORP","src_ip":"10.10.20.184","src_port":63904,"dest_host":"WIN-SRV-01","logon_type":2,"authentication_package":"Kerberos","workstation_name":"WIN-SRV-01","logon_id":"0x818D4","logon_process":"User32","ip_address":"10.10.20.184","message":"An account was successfully logged on."}
{"timestamp":"2026-09-01T18:12:05Z","host":"WIN-CLIENT-03","source":"WinEventLog:Security","sourcetype":"WinEventLog:Security","index":"windows","EventCode":4624,"event_id":4624,"log_name":"Security","computer":"WIN-CLIENT-03.corp.local","provider_name":"Microsoft-Windows-Security-Auditing","level":"Information","record_id":100208,"scenario":"Normal Authentication","attack_phase":"None","mitre_technique":"None","severity":"low","is_suspicious":false,"subject_user":"SYSTEM","subject_domain":"NT AUTHORITY","target_user":"agarcia","target_domain":"CORP","src_ip":"10.10.10.18","src_port":51067,"dest_host":"WIN-CLIENT-03","logon_type":7,"authentication_package":"Kerberos","workstation_name":"WIN-CLIENT-03","logon_id":"0x56677","logon_process":"User32","ip_address":"10.10.10.18","message":"An account was successfully logged on."}
{"timestamp":"2026-09-01T18:21:36Z","host":"WIN-CLIENT-03","source":"WinEventLog:Security","sourcetype":"WinEventLog:Security","index":"windows","EventCode":4624,"event_id":4624,"log_name":"Security","computer":"WIN-CLIENT-03.corp.local","provider_name":"Microsoft-Windows-Security-Auditing","level":"Information","record_id":100209,"scenario":"Normal Authentication","attack_phase":"None","mitre_technique":"None","severity":"low","is_suspicious":false,"subject_user":"SYSTEM","subject_domain":"NT AUTHORITY","target_user":"svc_sql","target_domain":"CORP","src_ip":"10.10.20.118","src_port":57282,"dest_host":"WIN-CLIENT-03","logon_type":5,"authentication_package":"Kerberos","workstation_name":"WIN-CLIENT-03","logon_id":"0xAAFD4","logon_process":"Advapi","ip_address":"10.10.20.118","message":"An account was successfully logged on."}
{"timestamp":"2026-09-01T18:29:06Z","host":"WIN-SRV-02","source":"WinEventLog:Security","sourcetype":"WinEventLog:Security","index":"windows","EventCode":4624,"event_id":4624,"log_name":"Security","computer":"WIN-SRV-02.corp.local","provider_name":"Microsoft-Windows-Security-Auditing","level":"Information","record_id":100210,"scenario":"Normal Authentication","attack_phase":"None","mitre_technique":"None","severity":"low","is_suspicious":false,"subject_user":"SYSTEM","subject_domain":"NT AUTHORITY","target_user":"agarcia","target_domain":"CORP","src_ip":"10.10.10.220","src_port":59726,"dest_host":"WIN-SRV-02","logon_type":10,"authentication_package":"Kerberos","workstation_name":"WIN-SRV-02","logon_id":"0xB6A27","logon_process":"Advapi","ip_address":"10.10.10.220","message":"An account was successfully logged on."}
{"timestamp":"2026-09-01T18:38:40Z","host":"WIN-SRV-02","source":"WinEventLog:Security","sourcetype":"WinEventLog:Security","index":"windows","EventCode":4624,"event_id":4624,"log_name":"Security","computer":"WIN-SRV-02.corp.local","provider_name":"Microsoft-Windows-Security-Auditing","level":"Information","record_id":100211,"scenario":"Normal Authentication","attack_phase":"None","mitre_technique":"None","severity":"low","is_suspicious":false,"subject_user":"SYSTEM","subject_domain":"NT AUTHORITY","target_user":"svc_sql","target_domain":"CORP","src_ip":"10.10.20.117","src_port":63550,"dest_host":"WIN-SRV-02","logon_type":3,"authentication_package":"Kerberos","workstation_name":"WIN-SRV-02","logon_id":"0x4A7E8","logon_process":"NtLmSsp","ip_address":"10.10.20.117","message":"An account was successfully logged on."}
{"timestamp":"2026-09-01T18:45:53Z","host":"WIN-SRV-02","source":"WinEventLog:Security","sourcetype":"WinEventLog:Security","index":"windows","EventCode":4624,"event_id":4624,"log_name":"Security","computer":"WIN-SRV-02.corp.local","provider_name":"Microsoft-Windows-Security-Auditing","level":"Information","record_id":100212,"scenario":"Normal Authentication","attack_phase":"None","mitre_technique":"None","severity":"low","is_suspicious":false,"subject_user":"SYSTEM","subject_domain":"NT AUTHORITY","target_user":"kwright","target_domain":"CORP","src_ip":"10.10.20.108","src_port":60953,"dest_host":"WIN-SRV-02","logon_type":5,"authentication_package":"Kerberos","workstation_name":"WIN-SRV-02","logon_id":"0x28578","logon_process":"Advapi","ip_address":"10.10.20.108","message":"An account was successfully logged on."}
{"timestamp":"2026-09-01T18:51:23Z","host":"WIN-CLIENT-03","source":"WinEventLog:Security","sourcetype":"WinEventLog:Security","index":"windows","EventCode":4624,"event_id":4624,"log_name":"Security","computer":"WIN-CLIENT-03.corp.local","provider_name":"Microsoft-Windows-Security-Auditing","level":"Information","record_id":100213,"scenario":"Normal Authentication","attack_phase":"None","mitre_technique":"None","severity":"low","is_suspicious":false,"subject_user":"SYSTEM","subject_domain":"NT AUTHORITY","target_user":"tnguyen","target_domain":"CORP","src_ip":"10.10.20.97","src_port":64623,"dest_host":"WIN-CLIENT-03","logon_type":10,"authentication_package":"Kerberos","workstation_name":"WIN-CLIENT-03","logon_id":"0x37135","logon_process":"Advapi","ip_address":"10.10.20.97","message":"An account was successfully logged on."}
{"timestamp":"2026-09-01T18:59:38Z","host":"WIN-CLIENT-01","source":"WinEventLog:Security","sourcetype":"WinEventLog:Security","index":"windows","EventCode":4624,"event_id":4624,"log_name":"Security","computer":"WIN-CLIENT-01.corp.local","provider_name":"Microsoft-Windows-Security-Auditing","level":"Information","record_id":100214,"scenario":"Normal Authentication","attack_phase":"None","mitre_technique":"None","severity":"low","is_suspicious":false,"subject_user":"SYSTEM","subject_domain":"NT AUTHORITY","target_user":"agarcia","target_domain":"CORP","src_ip":"10.10.10.25","src_port":56075,"dest_host":"WIN-CLIENT-01","logon_type":11,"authentication_package":"Kerberos","workstation_name":"WIN-CLIENT-01","logon_id":"0x28B87","logon_process":"User32","ip_address":"10.10.10.25","message":"An account was successfully logged on."}
{"timestamp":"2026-09-01T19:06:09Z","host":"WIN-CLIENT-02","source":"WinEventLog:Security","sourcetype":"WinEventLog:Security","index":"windows","EventCode":4624,"event_id":4624,"log_name":"Security","computer":"WIN-CLIENT-02.corp.local","provider_name":"Microsoft-Windows-Security-Auditing","level":"Information","record_id":100215,"scenario":"Normal Authentication","attack_phase":"None","mitre_technique":"None","severity":"low","is_suspicious":false,"subject_user":"SYSTEM","subject_domain":"NT AUTHORITY","target_user":"svc_web","target_domain":"CORP","src_ip":"10.10.10.152","src_port":64673,"dest_host":"WIN-CLIENT-02","logon_type":7,"authentication_package":"Kerberos","workstation_name":"WIN-CLIENT-02","logon_id":"0x9FC42","logon_process":"User32","ip_address":"10.10.10.152","message":"An account was successfully logged on."}
{"timestamp":"2026-09-01T19:15:54Z","host":"WIN-SRV-01","source":"WinEventLog:Security","sourcetype":"WinEventLog:Security","index":"windows","EventCode":4624,"event_id":4624,"log_name":"Security","computer":"WIN-SRV-01.corp.local","provider_name":"Microsoft-Windows-Security-Auditing","level":"Information","record_id":100216,"scenario":"Normal Authentication","attack_phase":"None","mitre_technique":"None","severity":"low","is_suspicious":false,"subject_user":"SYSTEM","subject_domain":"NT AUTHORITY","target_user":"kwright","target_domain":"CORP","src_ip":"10.10.20.92","src_port":63313,"dest_host":"WIN-SRV-01","logon_type":2,"authentication_package":"Kerberos","workstation_name":"WIN-SRV-01","logon_id":"0xBA53C","logon_process":"User32","ip_address":"10.10.20.92","message":"An account was successfully logged on."}
{"timestamp":"2026-09-01T19:23:17Z","host":"WIN-CLIENT-01","source":"WinEventLog:Security","sourcetype":"WinEventLog:Security","index":"windows","EventCode":4624,"event_id":4624,"log_name":"Security","computer":"WIN-CLIENT-01.corp.local","provider_name":"Microsoft-Windows-Security-Auditing","level":"Information","record_id":100217,"scenario":"Normal Authentication","attack_phase":"None","mitre_technique":"None","severity":"low","is_suspicious":false,"subject_user":"SYSTEM","subject_domain":"NT AUTHORITY","target_user":"svc_sql","target_domain":"CORP","src_ip":"10.10.20.92","src_port":50697,"dest_host":"WIN-CLIENT-01","logon_type":4,"authentication_package":"Kerberos","workstation_name":"WIN-CLIENT-01","logon_id":"0xA3F27","logon_process":"Advapi","ip_address":"10.10.20.92","message":"An account was successfully logged on."}
{"timestamp":"2026-09-01T19:32:06Z","host":"WIN-CLIENT-02","source":"WinEventLog:Security","sourcetype":"WinEventLog:Security","index":"windows","EventCode":4624,"event_id":4624,"log_name":"Security","computer":"WIN-CLIENT-02.corp.local","provider_name":"Microsoft-Windows-Security-Auditing","level":"Information","record_id":100218,"scenario":"Normal Authentication","attack_phase":"None","mitre_technique":"None","severity":"low","is_suspicious":false,"subject_user":"SYSTEM","subject_domain":"NT AUTHORITY","target_user":"rpatel","target_domain":"CORP","src_ip":"10.10.20.59","src_port":62881,"dest_host":"WIN-CLIENT-02","logon_type":10,"authentication_package":"Kerberos","workstation_name":"WIN-CLIENT-02","logon_id":"0x2BB43","logon_process":"Advapi","ip_address":"10.10.20.59","message":"An account was successfully logged on."}
{"timestamp":"2026-09-01T19:38:14Z","host":"WIN-CLIENT-03","source":"WinEventLog:Security","sourcetype":"WinEventLog:Security","index":"windows","EventCode":4624,"event_id":4624,"log_name":"Security","computer":"WIN-CLIENT-03.corp.local","provider_name":"Microsoft-Windows-Security-Auditing","level":"Information","record_id":100219,"scenario":"Normal Authentication","attack_phase":"None","mitre_technique":"None","severity":"low","is_suspicious":false,"subject_user":"SYSTEM","subject_domain":"NT AUTHORITY","target_user":"sbrooks","target_domain":"CORP","src_ip":"10.10.20.148","src_port":52705,"dest_host":"WIN-CLIENT-03","logon_type":2,"authentication_package":"Kerberos","workstation_name":"WIN-CLIENT-03","logon_id":"0xDEA60","logon_process":"User32","ip_address":"10.10.20.148","message":"An account was successfully logged on."}
{"timestamp":"2026-09-01T19:45:43Z","host":"WIN-SRV-02","source":"WinEventLog:Security","sourcetype":"WinEventLog:Security","index":"windows","EventCode":4624,"event_id":4624,"log_name":"Security","computer":"WIN-SRV-02.corp.local","provider_name":"Microsoft-Windows-Security-Auditing","level":"Information","record_id":100220,"scenario":"Normal Authentication","attack_phase":"None","mitre_technique":"None","severity":"low","is_suspicious":false,"subject_user":"SYSTEM","subject_domain":"NT AUTHORITY","target_user":"sbrooks","target_domain":"CORP","src_ip":"10.10.10.157","src_port":64222,"dest_host":"WIN-SRV-02","logon_type":11,"authentication_package":"Kerberos","workstation_name":"WIN-SRV-02","logon_id":"0xB867A","logon_process":"User32","ip_address":"10.10.10.157","message":"An account was successfully logged on."}
{"timestamp":"2026-09-01T19:50:26Z","host":"WIN-CLIENT-02","source":"WinEventLog:Security","sourcetype":"WinEventLog:Security","index":"windows","EventCode":4624,"event_id":4624,"log_name":"Security","computer":"WIN-CLIENT-02.corp.local","provider_name":"Microsoft-Windows-Security-Auditing","level":"Information","record_id":100221,"scenario":"Normal Authentication","attack_phase":"None","mitre_technique":"None","severity":"low","is_suspicious":false,"subject_user":"SYSTEM","subject_domain":"NT AUTHORITY","target_user":"jsmith","target_domain":"CORP","src_ip":"10.10.20.237","src_port":54567,"dest_host":"WIN-CLIENT-02","logon_type":4,"authentication_package":"Kerberos","workstation_name":"WIN-CLIENT-02","logon_id":"0x69DCA","logon_process":"Advapi","ip_address":"10.10.20.237","message":"An account was successfully logged on."}
{"timestamp":"2026-09-01T19:50:42Z","host":"WIN-SRV-02","source":"WinEventLog:Security","sourcetype":"WinEventLog:Security","index":"windows","EventCode":4624,"event_id":4624,"log_name":"Security","computer":"WIN-SRV-02.corp.local","provider_name":"Microsoft-Windows-Security-Auditing","level":"Information","record_id":100222,"scenario":"Normal Authentication","attack_phase":"None","mitre_technique":"None","severity":"low","is_suspicious":false,"subject_user":"SYSTEM","subject_domain":"NT AUTHORITY","target_user":"mchen","target_domain":"CORP","src_ip":"10.10.20.19","src_port":51324,"dest_host":"WIN-SRV-02","logon_type":3,"authentication_package":"Kerberos","workstation_name":"WIN-SRV-02","logon_id":"0xCDB02","logon_process":"NtLmSsp","ip_address":"10.10.20.19","message":"An account was successfully logged on."}
{"timestamp":"2026-09-01T19:51:23Z","host":"WIN-SRV-01","source":"WinEventLog:Security","sourcetype":"WinEventLog:Security","index":"windows","EventCode":4624,"event_id":4624,"log_name":"Security","computer":"WIN-SRV-01.corp.local","provider_name":"Microsoft-Windows-Security-Auditing","level":"Information","record_id":100223,"scenario":"Normal Authentication","attack_phase":"None","mitre_technique":"None","severity":"low","is_suspicious":false,"subject_user":"SYSTEM","subject_domain":"NT AUTHORITY","target_user":"agarcia","target_domain":"CORP","src_ip":"10.10.10.98","src_port":55878,"dest_host":"WIN-SRV-01","logon_type":7,"authentication_package":"Kerberos","workstation_name":"WIN-SRV-01","logon_id":"0x84222","logon_process":"User32","ip_address":"10.10.10.98","message":"An account was successfully logged on."}
{"timestamp":"2026-09-01T19:57:22Z","host":"WIN-CLIENT-03","source":"WinEventLog:Security","sourcetype":"WinEventLog:Security","index":"windows","EventCode":4624,"event_id":4624,"log_name":"Security","computer":"WIN-CLIENT-03.corp.local","provider_name":"Microsoft-Windows-Security-Auditing","level":"Information","record_id":100224,"scenario":"Normal Authentication","attack_phase":"None","mitre_technique":"None","severity":"low","is_suspicious":false,"subject_user":"SYSTEM","subject_domain":"NT AUTHORITY","target_user":"mchen","target_domain":"CORP","src_ip":"10.10.20.200","src_port":64424,"dest_host":"WIN-CLIENT-03","logon_type":4,"authentication_package":"Kerberos","workstation_name":"WIN-CLIENT-03","logon_id":"0xA14DC","logon_process":"Advapi","ip_address":"10.10.20.200","message":"An account was successfully logged on."}
{"timestamp":"2026-09-01T19:58:58Z","host":"WIN-CLIENT-02","source":"WinEventLog:Security","sourcetype":"WinEventLog:Security","index":"windows","EventCode":4624,"event_id":4624,"log_name":"Security","computer":"WIN-CLIENT-02.corp.local","provider_name":"Microsoft-Windows-Security-Auditing","level":"Information","record_id":100225,"scenario":"Normal Authentication","attack_phase":"None","mitre_technique":"None","severity":"low","is_suspicious":false,"subject_user":"SYSTEM","subject_domain":"NT AUTHORITY","target_user":"jsmith","target_domain":"CORP","src_ip":"10.10.10.174","src_port":50336,"dest_host":"WIN-CLIENT-02","logon_type":3,"authentication_package":"Kerberos","workstation_name":"WIN-CLIENT-02","logon_id":"0x55A88","logon_process":"NtLmSsp","ip_address":"10.10.10.174","message":"An account was successfully logged on."}
{"timestamp":"2026-09-01T20:06:41Z","host":"WIN-CLIENT-04","source":"WinEventLog:Security","sourcetype":"WinEventLog:Security","index":"windows","EventCode":4624,"event_id":4624,"log_name":"Security","computer":"WIN-CLIENT-04.corp.local","provider_name":"Microsoft-Windows-Security-Auditing","level":"Information","record_id":100226,"scenario":"Normal Authentication","attack_phase":"None","mitre_technique":"None","severity":"low","is_suspicious":false,"subject_user":"SYSTEM","subject_domain":"NT AUTHORITY","target_user":"svc_backup","target_domain":"CORP","src_ip":"10.10.20.108","src_port":53475,"dest_host":"WIN-CLIENT-04","logon_type":5,"authentication_package":"Kerberos","workstation_name":"WIN-CLIENT-04","logon_id":"0x472F8","logon_process":"Advapi","ip_address":"10.10.20.108","message":"An account was successfully logged on."}
{"timestamp":"2026-09-01T20:15:35Z","host":"WIN-CLIENT-03","source":"WinEventLog:Security","sourcetype":"WinEventLog:Security","index":"windows","EventCode":4624,"event_id":4624,"log_name":"Security","computer":"WIN-CLIENT-03.corp.local","provider_name":"Microsoft-Windows-Security-Auditing","level":"Information","record_id":100227,"scenario":"Normal Authentication","attack_phase":"None","mitre_technique":"None","severity":"low","is_suspicious":false,"subject_user":"SYSTEM","subject_domain":"NT AUTHORITY","target_user":"agarcia","target_domain":"CORP","src_ip":"10.10.10.74","src_port":60111,"dest_host":"WIN-CLIENT-03","logon_type":5,"authentication_package":"Kerberos","workstation_name":"WIN-CLIENT-03","logon_id":"0xBDB14","logon_process":"Advapi","ip_address":"10.10.10.74","message":"An account was successfully logged on."}
{"timestamp":"2026-09-01T20:24:03Z","host":"WIN-SRV-01","source":"WinEventLog:Security","sourcetype":"WinEventLog:Security","index":"windows","EventCode":4624,"event_id":4624,"log_name":"Security","computer":"WIN-SRV-01.corp.local","provider_name":"Microsoft-Windows-Security-Auditing","level":"Information","record_id":100228,"scenario":"Normal Authentication","attack_phase":"None","mitre_technique":"None","severity":"low","is_suspicious":false,"subject_user":"SYSTEM","subject_domain":"NT AUTHORITY","target_user":"sbrooks","target_domain":"CORP","src_ip":"10.10.10.58","src_port":55475,"dest_host":"WIN-SRV-01","logon_type":4,"authentication_package":"Kerberos","workstation_name":"WIN-SRV-01","logon_id":"0xA96D5","logon_process":"Advapi","ip_address":"10.10.10.58","message":"An account was successfully logged on."}
{"timestamp":"2026-09-01T20:25:09Z","host":"WIN-CLIENT-02","source":"WinEventLog:Security","sourcetype":"WinEventLog:Security","index":"windows","EventCode":4624,"event_id":4624,"log_name":"Security","computer":"WIN-CLIENT-02.corp.local","provider_name":"Microsoft-Windows-Security-Auditing","level":"Information","record_id":100229,"scenario":"Normal Authentication","attack_phase":"None","mitre_technique":"None","severity":"low","is_suspicious":false,"subject_user":"SYSTEM","subject_domain":"NT AUTHORITY","target_user":"jsmith","target_domain":"CORP","src_ip":"10.10.10.198","src_port":51248,"dest_host":"WIN-CLIENT-02","logon_type":4,"authentication_package":"Kerberos","workstation_name":"WIN-CLIENT-02","logon_id":"0xD3A00","logon_process":"Advapi","ip_address":"10.10.10.198","message":"An account was successfully logged on."}
{"timestamp":"2026-09-01T20:29:40Z","host":"WIN-CLIENT-03","source":"WinEventLog:Security","sourcetype":"WinEventLog:Security","index":"windows","EventCode":4624,"event_id":4624,"log_name":"Security","computer":"WIN-CLIENT-03.corp.local","provider_name":"Microsoft-Windows-Security-Auditing","level":"Information","record_id":100230,"scenario":"Normal Authentication","attack_phase":"None","mitre_technique":"None","severity":"low","is_suspicious":false,"subject_user":"SYSTEM","subject_domain":"NT AUTHORITY","target_user":"lwilson","target_domain":"CORP","src_ip":"10.10.10.129","src_port":61239,"dest_host":"WIN-CLIENT-03","logon_type":2,"authentication_package":"Kerberos","workstation_name":"WIN-CLIENT-03","logon_id":"0x7E3F6","logon_process":"User32","ip_address":"10.10.10.129","message":"An account was successfully logged on."}
{"timestamp":"2026-09-01T20:32:49Z","host":"WIN-CLIENT-04","source":"WinEventLog:Security","sourcetype":"WinEventLog:Security","index":"windows","EventCode":4624,"event_id":4624,"log_name":"Security","computer":"WIN-CLIENT-04.corp.local","provider_name":"Microsoft-Windows-Security-Auditing","level":"Information","record_id":100231,"scenario":"Normal Authentication","attack_phase":"None","mitre_technique":"None","severity":"low","is_suspicious":false,"subject_user":"SYSTEM","subject_domain":"NT AUTHORITY","target_user":"mchen","target_domain":"CORP","src_ip":"10.10.10.130","src_port":58154,"dest_host":"WIN-CLIENT-04","logon_type":7,"authentication_package":"Kerberos","workstation_name":"WIN-CLIENT-04","logon_id":"0xE556B","logon_process":"User32","ip_address":"10.10.10.130","message":"An account was successfully logged on."}
{"timestamp":"2026-09-01T20:39:01Z","host":"WIN-CLIENT-04","source":"WinEventLog:Security","sourcetype":"WinEventLog:Security","index":"windows","EventCode":4624,"event_id":4624,"log_name":"Security","computer":"WIN-CLIENT-04.corp.local","provider_name":"Microsoft-Windows-Security-Auditing","level":"Information","record_id":100232,"scenario":"Normal Authentication","attack_phase":"None","mitre_technique":"None","severity":"low","is_suspicious":false,"subject_user":"SYSTEM","subject_domain":"NT AUTHORITY","target_user":"agarcia","target_domain":"CORP","src_ip":"10.10.10.113","src_port":49307,"dest_host":"WIN-CLIENT-04","logon_type":11,"authentication_package":"Kerberos","workstation_name":"WIN-CLIENT-04","logon_id":"0x85B27","logon_process":"User32","ip_address":"10.10.10.113","message":"An account was successfully logged on."}
{"timestamp":"2026-09-01T20:40:30Z","host":"WIN-CLIENT-05","source":"WinEventLog:Security","sourcetype":"WinEventLog:Security","index":"windows","EventCode":4624,"event_id":4624,"log_name":"Security","computer":"WIN-CLIENT-05.corp.local","provider_name":"Microsoft-Windows-Security-Auditing","level":"Information","record_id":100233,"scenario":"Normal Authentication","attack_phase":"None","mitre_technique":"None","severity":"low","is_suspicious":false,"subject_user":"SYSTEM","subject_domain":"NT AUTHORITY","target_user":"kwright","target_domain":"CORP","src_ip":"10.10.20.183","src_port":59488,"dest_host":"WIN-CLIENT-05","logon_type":5,"authentication_package":"Kerberos","workstation_name":"WIN-CLIENT-05","logon_id":"0x7AEDF","logon_process":"Advapi","ip_address":"10.10.20.183","message":"An account was successfully logged on."}
{"timestamp":"2026-09-01T20:45:36Z","host":"WIN-CLIENT-04","source":"WinEventLog:Security","sourcetype":"WinEventLog:Security","index":"windows","EventCode":4624,"event_id":4624,"log_name":"Security","computer":"WIN-CLIENT-04.corp.local","provider_name":"Microsoft-Windows-Security-Auditing","level":"Information","record_id":100234,"scenario":"Normal Authentication","attack_phase":"None","mitre_technique":"None","severity":"low","is_suspicious":false,"subject_user":"SYSTEM","subject_domain":"NT AUTHORITY","target_user":"agarcia","target_domain":"CORP","src_ip":"10.10.20.45","src_port":62128,"dest_host":"WIN-CLIENT-04","logon_type":2,"authentication_package":"Kerberos","workstation_name":"WIN-CLIENT-04","logon_id":"0xAE3D7","logon_process":"User32","ip_address":"10.10.20.45","message":"An account was successfully logged on."}
{"timestamp":"2026-09-01T20:53:37Z","host":"WIN-CLIENT-03","source":"WinEventLog:Security","sourcetype":"WinEventLog:Security","index":"windows","EventCode":4624,"event_id":4624,"log_name":"Security","computer":"WIN-CLIENT-03.corp.local","provider_name":"Microsoft-Windows-Security-Auditing","level":"Information","record_id":100235,"scenario":"Normal Authentication","attack_phase":"None","mitre_technique":"None","severity":"low","is_suspicious":false,"subject_user":"SYSTEM","subject_domain":"NT AUTHORITY","target_user":"svc_sql","target_domain":"CORP","src_ip":"10.10.20.218","src_port":50734,"dest_host":"WIN-CLIENT-03","logon_type":2,"authentication_package":"Kerberos","workstation_name":"WIN-CLIENT-03","logon_id":"0x4E49F","logon_process":"User32","ip_address":"10.10.20.218","message":"An account was successfully logged on."}
{"timestamp":"2026-09-01T21:01:13Z","host":"WIN-CLIENT-04","source":"WinEventLog:Security","sourcetype":"WinEventLog:Security","index":"windows","EventCode":4624,"event_id":4624,"log_name":"Security","computer":"WIN-CLIENT-04.corp.local","provider_name":"Microsoft-Windows-Security-Auditing","level":"Information","record_id":100236,"scenario":"Normal Authentication","attack_phase":"None","mitre_technique":"None","severity":"low","is_suspicious":false,"subject_user":"SYSTEM","subject_domain":"NT AUTHORITY","target_user":"cwalker","target_domain":"CORP","src_ip":"10.10.10.103","src_port":63262,"dest_host":"WIN-CLIENT-04","logon_type":7,"authentication_package":"Kerberos","workstation_name":"WIN-CLIENT-04","logon_id":"0x5F6E2","logon_process":"User32","ip_address":"10.10.10.103","message":"An account was successfully logged on."}
{"timestamp":"2026-09-01T21:07:10Z","host":"WIN-CLIENT-03","source":"WinEventLog:Security","sourcetype":"WinEventLog:Security","index":"windows","EventCode":4624,"event_id":4624,"log_name":"Security","computer":"WIN-CLIENT-03.corp.local","provider_name":"Microsoft-Windows-Security-Auditing","level":"Information","record_id":100237,"scenario":"Normal Authentication","attack_phase":"None","mitre_technique":"None","severity":"low","is_suspicious":false,"subject_user":"SYSTEM","subject_domain":"NT AUTHORITY","target_user":"rpatel","target_domain":"CORP","src_ip":"10.10.10.21","src_port":57363,"dest_host":"WIN-CLIENT-03","logon_type":11,"authentication_package":"Kerberos","workstation_name":"WIN-CLIENT-03","logon_id":"0xB21B0","logon_process":"User32","ip_address":"10.10.10.21","message":"An account was successfully logged on."}
{"timestamp":"2026-09-01T21:09:16Z","host":"WIN-CLIENT-05","source":"WinEventLog:Security","sourcetype":"WinEventLog:Security","index":"windows","EventCode":4624,"event_id":4624,"log_name":"Security","computer":"WIN-CLIENT-05.corp.local","provider_name":"Microsoft-Windows-Security-Auditing","level":"Information","record_id":100238,"scenario":"Normal Authentication","attack_phase":"None","mitre_technique":"None","severity":"low","is_suspicious":false,"subject_user":"SYSTEM","subject_domain":"NT AUTHORITY","target_user":"sbrooks","target_domain":"CORP","src_ip":"10.10.20.91","src_port":60917,"dest_host":"WIN-CLIENT-05","logon_type":3,"authentication_package":"Kerberos","workstation_name":"WIN-CLIENT-05","logon_id":"0xE1A69","logon_process":"NtLmSsp","ip_address":"10.10.20.91","message":"An account was successfully logged on."}
