{"timestamp":"2026-09-10T08:12:54Z","host":"WIN-DC-02","source":"WinEventLog:Security","sourcetype":"WinEventLog:Security","index":"windows","EventCode":4728,"event_id":4728,"log_name":"Security","computer":"WIN-DC-02.corp.local","provider_name":"Microsoft-Windows-Security-Auditing","level":"Information","record_id":102452,"scenario":"Normal AD Administration","attack_phase":"None","mitre_technique":"None","severity":"low","is_suspicious":false,"subject_user":"s.domadmin","subject_domain":"CORP","target_user":"lwilson","target_domain":"CORP","dest_host":"WIN-DC-02","src_ip":"10.10.10.32","message":"Routine account management operation performed by IT staff."}
{"timestamp":"2026-09-10T08:28:45Z","host":"WIN-DC-02","source":"WinEventLog:Security","sourcetype":"WinEventLog:Security","index":"windows","EventCode":4722,"event_id":4722,"log_name":"Security","computer":"WIN-DC-02.corp.local","provider_name":"Microsoft-Windows-Security-Auditing","level":"Information","record_id":102453,"scenario":"Normal AD Administration","attack_phase":"None","mitre_technique":"None","severity":"low","is_suspicious":false,"subject_user":"j.admin","subject_domain":"CORP","target_user":"jsmith","target_domain":"CORP","dest_host":"WIN-DC-02","src_ip":"10.10.10.220","message":"Routine account management operation performed by IT staff."}
{"timestamp":"2026-09-10T08:45:39Z","host":"WIN-DC-02","source":"WinEventLog:Security","sourcetype":"WinEventLog:Security","index":"windows","EventCode":4724,"event_id":4724,"log_name":"Security","computer":"WIN-DC-02.corp.local","provider_name":"Microsoft-Windows-Security-Auditing","level":"Information","record_id":102454,"scenario":"Normal AD Administration","attack_phase":"None","mitre_technique":"None","severity":"low","is_suspicious":false,"subject_user":"administrator","subject_domain":"CORP","target_user":"tnguyen","target_domain":"CORP","dest_host":"WIN-DC-02","src_ip":"10.10.10.159","message":"Routine account management operation performed by IT staff."}
{"timestamp":"2026-09-10T08:53:10Z","host":"WIN-DC-02","source":"WinEventLog:Security","sourcetype":"WinEventLog:Security","index":"windows","EventCode":4738,"event_id":4738,"log_name":"Security","computer":"WIN-DC-02.corp.local","provider_name":"Microsoft-Windows-Security-Auditing","level":"Information","record_id":102455,"scenario":"Normal AD Administration","attack_phase":"None","mitre_technique":"None","severity":"low","is_suspicious":false,"subject_user":"s.domadmin","subject_domain":"CORP","target_user":"mchen","target_domain":"CORP","dest_host":"WIN-DC-02","src_ip":"10.10.10.4","message":"Routine account management operation performed by IT staff."}
{"timestamp":"2026-09-10T09:00:51Z","host":"WIN-DC-02","source":"WinEventLog:Security","sourcetype":"WinEventLog:Security","index":"windows","EventCode":4738,"event_id":4738,"log_name":"Security","computer":"WIN-DC-02.corp.local","provider_name":"Microsoft-Windows-Security-Auditing","level":"Information","record_id":102456,"scenario":"Normal AD Administration","attack_phase":"None","mitre_technique":"None","severity":"low","is_suspicious":false,"subject_user":"administrator","subject_domain":"CORP","target_user":"sbrooks","target_domain":"CORP","dest_host":"WIN-DC-02","src_ip":"10.10.10.3","message":"Routine account management operation performed by IT staff."}
{"timestamp":"2026-09-10T09:12:26Z","host":"WIN-DC-02","source":"WinEventLog:Security","sourcetype":"WinEventLog:Security","index":"windows","EventCode":4720,"event_id":4720,"log_name":"Security","computer":"WIN-DC-02.corp.local","provider_name":"Microsoft-Windows-Security-Auditing","level":"Information","record_id":102457,"scenario":"Normal AD Administration","attack_phase":"None","mitre_technique":"None","severity":"low","is_suspicious":false,"subject_user":"j.admin","subject_domain":"CORP","target_user":"kwright","target_domain":"CORP","dest_host":"WIN-DC-02","src_ip":"10.10.10.130","message":"Routine account management operation performed by IT staff."}
{"timestamp":"2026-09-10T09:13:52Z","host":"WIN-DC-02","source":"WinEventLog:Security","sourcetype":"WinEventLog:Security","index":"windows","EventCode":4720,"event_id":4720,"log_name":"Security","computer":"WIN-DC-02.corp.local","provider_name":"Microsoft-Windows-Security-Auditing","level":"Information","record_id":102458,"scenario":"Normal AD Administration","attack_phase":"None","mitre_technique":"None","severity":"low","is_suspicious":false,"subject_user":"s.domadmin","subject_domain":"CORP","target_user":"lwilson","target_domain":"CORP","dest_host":"WIN-DC-02","src_ip":"10.10.10.124","message":"Routine account management operation performed by IT staff."}
{"timestamp":"2026-09-10T09:28:27Z","host":"WIN-DC-01","source":"WinEventLog:Security","sourcetype":"WinEventLog:Security","index":"windows","EventCode":4724,"event_id":4724,"log_name":"Security","computer":"WIN-DC-01.corp.local","provider_name":"Microsoft-Windows-Security-Auditing","level":"Information","record_id":102459,"scenario":"Normal AD Administration","attack_phase":"None","mitre_technique":"None","severity":"low","is_suspicious":false,"subject_user":"j.admin","subject_domain":"CORP","target_user":"lwilson","target_domain":"CORP","dest_host":"WIN-DC-01","src_ip":"10.10.10.162","message":"Routine account management operation performed by IT staff."}
{"timestamp":"2026-09-10T09:31:24Z","host":"WIN-DC-01","source":"WinEventLog:Security","sourcetype":"WinEventLog:Security","index":"windows","EventCode":4724,"event_id":4724,"log_name":"Security","computer":"WIN-DC-01.corp.local","provider_name":"Microsoft-Windows-Security-Auditing","level":"Information","record_id":102460,"scenario":"Normal AD Administration","attack_phase":"None","mitre_technique":"None","severity":"low","is_suspicious":false,"subject_user":"s.domadmin","subject_domain":"CORP","target_user":"dohara","target_domain":"CORP","dest_host":"WIN-DC-01","src_ip":"10.10.10.163","message":"Routine account management operation performed by IT staff."}
{"timestamp":"2026-09-10T09:47:54Z","host":"WIN-DC-02","source":"WinEventLog:Security","sourcetype":"WinEventLog:Security","index":"windows","EventCode":4722,"event_id":4722,"log_name":"Security","computer":"WIN-DC-02.corp.local","provider_name":"Microsoft-Windows-Security-Auditing","level":"Information","record_id":102461,"scenario":"Normal AD Administration","attack_phase":"None","mitre_technique":"None","severity":"low","is_suspicious":false,"subject_user":"s.domadmin","subject_domain":"CORP","target_user":"dohara","target_domain":"CORP","dest_host":"WIN-DC-02","src_ip":"10.10.10.225","message":"Routine account management operation performed by IT staff."}
{"timestamp":"2026-09-10T10:07:31Z","host":"WIN-DC-01","source":"WinEventLog:Security","sourcetype":"WinEventLog:Security","index":"windows","EventCode":4720,"event_id":4720,"log_name":"Security","computer":"WIN-DC-01.corp.local","provider_name":"Microsoft-Windows-Security-Auditing","level":"Information","record_id":102462,"scenario":"Normal AD Administration","attack_phase":"None","mitre_technique":"None","severity":"low","is_suspicious":false,"subject_user":"administrator","subject_domain":"CORP","target_user":"kwright","target_domain":"CORP","dest_host":"WIN-DC-01","src_ip":"10.10.10.158","message":"Routine account management operation performed by IT staff."}
{"timestamp":"2026-09-10T10:13:44Z","host":"WIN-DC-01","source":"WinEventLog:Security","sourcetype":"WinEventLog:Security","index":"windows","EventCode":4722,"event_id":4722,"log_name":"Security","computer":"WIN-DC-01.corp.local","provider_name":"Microsoft-Windows-Security-Auditing","level":"Information","record_id":102463,"scenario":"Normal AD Administration","attack_phase":"None","mitre_technique":"None","severity":"low","is_suspicious":false,"subject_user":"j.admin","subject_domain":"CORP","target_user":"agarcia","target_domain":"CORP","dest_host":"WIN-DC-01","src_ip":"10.10.10.215","message":"Routine account management operation performed by IT staff."}
{"timestamp":"2026-09-10T10:18:48Z","host":"WIN-DC-01","source":"WinEventLog:Security","sourcetype":"WinEventLog:Security","index":"windows","EventCode":4728,"event_id":4728,"log_name":"Security","computer":"WIN-DC-01.corp.local","provider_name":"Microsoft-Windows-Security-Auditing","level":"Information","record_id":102464,"scenario":"Normal AD Administration","attack_phase":"None","mitre_technique":"None","severity":"low","is_suspicious":false,"subject_user":"j.admin","subject_domain":"CORP","target_user":"jsmith","target_domain":"CORP","dest_host":"WIN-DC-01","src_ip":"10.10.10.26","message":"Routine account management operation performed by IT staff."}
{"timestamp":"2026-09-10T10:38:22Z","host":"WIN-DC-02","source":"WinEventLog:Security","sourcetype":"WinEventLog:Security","index":"windows","EventCode":4722,"event_id":4722,"log_name":"Security","computer":"WIN-DC-02.corp.local","provider_name":"Microsoft-Windows-Security-Auditing","level":"Information","record_id":102465,"scenario":"Normal AD Administration","attack_phase":"None","mitre_technique":"None","severity":"low","is_suspicious":false,"subject_user":"s.domadmin","subject_domain":"CORP","target_user":"cwalker","target_domain":"CORP","dest_host":"WIN-DC-02","src_ip":"10.10.10.6","message":"Routine account management operation performed by IT staff."}
{"timestamp":"2026-09-10T10:50:43Z","host":"WIN-DC-02","source":"WinEventLog:Security","sourcetype":"WinEventLog:Security","index":"windows","EventCode":4724,"event_id":4724,"log_name":"Security","computer":"WIN-DC-02.corp.local","provider_name":"Microsoft-Windows-Security-Auditing","level":"Information","record_id":102466,"scenario":"Normal AD Administration","attack_phase":"None","mitre_technique":"None","severity":"low","is_suspicious":false,"subject_user":"s.domadmin","subject_domain":"CORP","target_user":"mchen","target_domain":"CORP","dest_host":"WIN-DC-02","src_ip":"10.10.10.186","message":"Routine account management operation performed by IT staff."}
{"timestamp":"2026-09-10T11:04:13Z","host":"WIN-DC-01","source":"WinEventLog:Security","sourcetype":"WinEventLog:Security","index":"windows","EventCode":4724,"event_id":4724,"log_name":"Security","computer":"WIN-DC-01.corp.local","provider_name":"Microsoft-Windows-Security-Auditing","level":"Information","record_id":102467,"scenario":"Normal AD Administration","attack_phase":"None","mitre_technique":"None","severity":"low","is_suspicious":false,"subject_user":"j.admin","subject_domain":"CORP","target_user":"tnguyen","target_domain":"CORP","dest_host":"WIN-DC-01","src_ip":"10.10.10.216","message":"Routine account management operation performed by IT staff."}
{"timestamp":"2026-09-10T11:07:18Z","host":"WIN-DC-01","source":"WinEventLog:Security","sourcetype":"WinEventLog:Security","index":"windows","EventCode":4722,"event_id":4722,"log_name":"Security","computer":"WIN-DC-01.corp.local","provider_name":"Microsoft-Windows-Security-Auditing","level":"Information","record_id":102468,"scenario":"Normal AD Administration","attack_phase":"None","mitre_technique":"None","severity":"low","is_suspicious":false,"subject_user":"administrator","subject_domain":"CORP","target_user":"sbrooks","target_domain":"CORP","dest_host":"WIN-DC-01","src_ip":"10.10.10.188","message":"Routine account management operation performed by IT staff."}
{"timestamp":"2026-09-10T11:17:24Z","host":"WIN-DC-01","source":"WinEventLog:Security","sourcetype":"WinEventLog:Security","index":"windows","EventCode":4722,"event_id":4722,"log_name":"Security","computer":"WIN-DC-01.corp.local","provider_name":"Microsoft-Windows-Security-Auditing","level":"Information","record_id":102469,"scenario":"Normal AD Administration","attack_phase":"None","mitre_technique":"None","severity":"low","is_suspicious":false,"subject_user":"administrator","subject_domain":"CORP","target_user":"dohara","target_domain":"CORP","dest_host":"WIN-DC-01","src_ip":"10.10.10.72","message":"Routine account management operation performed by IT staff."}
{"timestamp":"2026-09-10T11:25:10Z","host":"WIN-DC-02","source":"WinEventLog:Security","sourcetype":"WinEventLog:Security","index":"windows","EventCode":4722,"event_id":4722,"log_name":"Security","computer":"WIN-DC-02.corp.local","provider_name":"Microsoft-Windows-Security-Auditing","level":"Information","record_id":102470,"scenario":"Normal AD Administration","attack_phase":"None","mitre_technique":"None","severity":"low","is_suspicious":false,"subject_user":"j.admin","subject_domain":"CORP","target_user":"jsmith","target_domain":"CORP","dest_host":"WIN-DC-02","src_ip":"10.10.10.72","message":"Routine account management operation performed by IT staff."}
{"timestamp":"2026-09-10T11:35:14Z","host":"WIN-DC-02","source":"WinEventLog:Security","sourcetype":"WinEventLog:Security","index":"windows","EventCode":4662,"event_id":4662,"log_name":"Security","computer":"WIN-DC-02.corp.local","provider_name":"Microsoft-Windows-Security-Auditing","level":"Information","record_id":102471,"scenario":"Normal Directory Service Access","attack_phase":"None","mitre_technique":"None","severity":"low","is_suspicious":false,"subject_user":"agarcia","subject_domain":"CORP","subject_logon_id":"0x67696","object_name":"CN=dohara,CN=Users,DC=corp,DC=local","object_type":"organizationalPerson","object_server":"DS","access_mask":"0x20","accesses":"Read Property","src_ip":"10.10.10.147","dest_host":"WIN-DC-02","message":"A normal directory object was accessed."}
{"timestamp":"2026-09-10T11:50:00Z","host":"WIN-DC-01","source":"WinEventLog:Security","sourcetype":"WinEventLog:Security","index":"windows","EventCode":4662,"event_id":4662,"log_name":"Security","computer":"WIN-DC-01.corp.local","provider_name":"Microsoft-Windows-Security-Auditing","level":"Information","record_id":102472,"scenario":"Normal Directory Service Access","attack_phase":"None","mitre_technique":"None","severity":"low","is_suspicious":false,"subject_user":"cwalker","subject_domain":"CORP","subject_logon_id":"0xFE265","object_name":"CN=dohara,CN=Users,DC=corp,DC=local","object_type":"organizationalPerson","object_server":"DS","access_mask":"0x20","accesses":"Read Property","src_ip":"10.10.10.24","dest_host":"WIN-DC-01","message":"A normal directory object was accessed."}
{"timestamp":"2026-09-10T11:52:29Z","host":"WIN-DC-01","source":"WinEventLog:Security","sourcetype":"WinEventLog:Security","index":"windows","EventCode":4662,"event_id":4662,"log_name":"Security","computer":"WIN-DC-01.corp.local","provider_name":"Microsoft-Windows-Security-Auditing","level":"Information","record_id":102473,"scenario":"Normal Directory Service Access","attack_phase":"None","mitre_technique":"None","severity":"low","is_suspicious":false,"subject_user":"mchen","subject_domain":"CORP","subject_logon_id":"0xCAC3D","object_name":"CN=agarcia,CN=Users,DC=corp,DC=local","object_type":"organizationalPerson","object_server":"DS","access_mask":"0x20","accesses":"Read Property","src_ip":"10.10.10.49","dest_host":"WIN-DC-01","message":"A normal directory object was accessed."}
{"timestamp":"2026-09-10T11:58:24Z","host":"WIN-DC-01","source":"WinEventLog:Security","sourcetype":"WinEventLog:Security","index":"windows","EventCode":4662,"event_id":4662,"log_name":"Security","computer":"WIN-DC-01.corp.local","provider_name":"Microsoft-Windows-Security-Auditing","level":"Information","record_id":102474,"scenario":"Normal Directory Service Access","attack_phase":"None","mitre_technique":"None","severity":"low","is_suspicious":false,"subject_user":"s.domadmin","subject_domain":"CORP","subject_logon_id":"0x3B599","object_name":"CN=jsmith,CN=Users,DC=corp,DC=local","object_type":"organizationalPerson","object_server":"DS","access_mask":"0x20","accesses":"Read Property","src_ip":"10.10.10.57","dest_host":"WIN-DC-01","message":"A normal directory object was accessed."}
{"timestamp":"2026-09-10T12:09:47Z","host":"WIN-DC-02","source":"WinEventLog:Security","sourcetype":"WinEventLog:Security","index":"windows","EventCode":4662,"event_id":4662,"log_name":"Security","computer":"WIN-DC-02.corp.local","provider_name":"Microsoft-Windows-Security-Auditing","level":"Information","record_id":102475,"scenario":"Normal Directory Service Access","attack_phase":"None","mitre_technique":"None","severity":"low","is_suspicious":false,"subject_user":"dohara","subject_domain":"CORP","subject_logon_id":"0x24CE6","object_name":"CN=rpatel,CN=Users,DC=corp,DC=local","object_type":"organizationalPerson","object_server":"DS","access_mask":"0x20","accesses":"Read Property","src_ip":"10.10.10.80","dest_host":"WIN-DC-02","message":"A normal directory object was accessed."}
{"timestamp":"2026-09-10T12:24:34Z","host":"WIN-DC-01","source":"WinEventLog:Security","sourcetype":"WinEventLog:Security","index":"windows","EventCode":4662,"event_id":4662,"log_name":"Security","computer":"WIN-DC-01.corp.local","provider_name":"Microsoft-Windows-Security-Auditing","level":"Information","record_id":102476,"scenario":"Normal Directory Service Access","attack_phase":"None","mitre_technique":"None","severity":"low","is_suspicious":false,"subject_user":"j.admin","subject_domain":"CORP","subject_logon_id":"0xD17E3","object_name":"CN=mchen,CN=Users,DC=corp,DC=local","object_type":"organizationalPerson","object_server":"DS","access_mask":"0x20","accesses":"Read Property","src_ip":"10.10.10.81","dest_host":"WIN-DC-01","message":"A normal directory object was accessed."}
{"timestamp":"2026-09-10T12:25:58Z","host":"WIN-DC-02","source":"WinEventLog:Security","sourcetype":"WinEventLog:Security","index":"windows","EventCode":4662,"event_id":4662,"log_name":"Security","computer":"WIN-DC-02.corp.local","provider_name":"Microsoft-Windows-Security-Auditing","level":"Information","record_id":102477,"scenario":"Normal Directory Service Access","attack_phase":"None","mitre_technique":"None","severity":"low","is_suspicious":false,"subject_user":"j.admin","subject_domain":"CORP","subject_logon_id":"0x597DD","object_name":"CN=mchen,CN=Users,DC=corp,DC=local","object_type":"organizationalPerson","object_server":"DS","access_mask":"0x20","accesses":"Read Property","src_ip":"10.10.10.73","dest_host":"WIN-DC-02","message":"A normal directory object was accessed."}
{"timestamp":"2026-09-10T12:28:51Z","host":"WIN-DC-02","source":"WinEventLog:Security","sourcetype":"WinEventLog:Security","index":"windows","EventCode":4662,"event_id":4662,"log_name":"Security","computer":"WIN-DC-02.corp.local","provider_name":"Microsoft-Windows-Security-Auditing","level":"Information","record_id":102478,"scenario":"Normal Directory Service Access","attack_phase":"None","mitre_technique":"None","severity":"low","is_suspicious":false,"subject_user":"tnguyen","subject_domain":"CORP","subject_logon_id":"0x49D88","object_name":"CN=rpatel,CN=Users,DC=corp,DC=local","object_type":"organizationalPerson","object_server":"DS","access_mask":"0x20","accesses":"Read Property","src_ip":"10.10.10.71","dest_host":"WIN-DC-02","message":"A normal directory object was accessed."}
{"timestamp":"2026-09-10T12:32:45Z","host":"WIN-DC-01","source":"WinEventLog:Security","sourcetype":"WinEventLog:Security","index":"windows","EventCode":4662,"event_id":4662,"log_name":"Security","computer":"WIN-DC-01.corp.local","provider_name":"Microsoft-Windows-Security-Auditing","level":"Information","record_id":102479,"scenario":"Normal Directory Service Access","attack_phase":"None","mitre_technique":"None","severity":"low","is_suspicious":false,"subject_user":"lwilson","subject_domain":"CORP","subject_logon_id":"0x52650","object_name":"CN=dohara,CN=Users,DC=corp,DC=local","object_type":"organizationalPerson","object_server":"DS","access_mask":"0x20","accesses":"Read Property","src_ip":"10.10.10.69","dest_host":"WIN-DC-01","message":"A normal directory object was accessed."}
{"timestamp":"2026-09-10T12:34:49Z","host":"WIN-DC-02","source":"WinEventLog:Security","sourcetype":"WinEventLog:Security","index":"windows","EventCode":4662,"event_id":4662,"log_name":"Security","computer":"WIN-DC-02.corp.local","provider_name":"Microsoft-Windows-Security-Auditing","level":"Information","record_id":102480,"scenario":"Normal Directory Service Access","attack_phase":"None","mitre_technique":"None","severity":"low","is_suspicious":false,"subject_user":"kwright","subject_domain":"CORP","subject_logon_id":"0xA4256","object_name":"CN=kwright,CN=Users,DC=corp,DC=local","object_type":"organizationalPerson","object_server":"DS","access_mask":"0x20","accesses":"Read Property","src_ip":"10.10.10.91","dest_host":"WIN-DC-02","message":"A normal directory object was accessed."}
{"timestamp":"2026-09-10T12:48:29Z","host":"WIN-DC-02","source":"WinEventLog:Security","sourcetype":"WinEventLog:Security","index":"windows","EventCode":4662,"event_id":4662,"log_name":"Security","computer":"WIN-DC-02.corp.local","provider_name":"Microsoft-Windows-Security-Auditing","level":"Information","record_id":102481,"scenario":"Normal Directory Service Access","attack_phase":"None","mitre_technique":"None","severity":"low","is_suspicious":false,"subject_user":"administrator","subject_domain":"CORP","subject_logon_id":"0xBFE1D","object_name":"CN=mchen,CN=Users,DC=corp,DC=local","object_type":"organizationalPerson","object_server":"DS","access_mask":"0x20","accesses":"Read Property","src_ip":"10.10.10.11","dest_host":"WIN-DC-02","message":"A normal directory object was accessed."}
{"timestamp":"2026-09-10T13:03:13Z","host":"WIN-DC-02","source":"WinEventLog:Security","sourcetype":"WinEventLog:Security","index":"windows","EventCode":4662,"event_id":4662,"log_name":"Security","computer":"WIN-DC-02.corp.local","provider_name":"Microsoft-Windows-Security-Auditing","level":"Information","record_id":102482,"scenario":"Normal Directory Service Access","attack_phase":"None","mitre_technique":"None","severity":"low","is_suspicious":false,"subject_user":"mchen","subject_domain":"CORP","subject_logon_id":"0x99B70","object_name":"CN=cwalker,CN=Users,DC=corp,DC=local","object_type":"organizationalPerson","object_server":"DS","access_mask":"0x20","accesses":"Read Property","src_ip":"10.10.10.55","dest_host":"WIN-DC-02","message":"A normal directory object was accessed."}
{"timestamp":"2026-09-10T13:15:42Z","host":"WIN-DC-02","source":"WinEventLog:Security","sourcetype":"WinEventLog:Security","index":"windows","EventCode":4662,"event_id":4662,"log_name":"Security","computer":"WIN-DC-02.corp.local","provider_name":"Microsoft-Windows-Security-Auditing","level":"Information","record_id":102483,"scenario":"Normal Directory Service Access","attack_phase":"None","mitre_technique":"None","severity":"low","is_suspicious":false,"subject_user":"kwright","subject_domain":"CORP","subject_logon_id":"0xB560C","object_name":"CN=lwilson,CN=Users,DC=corp,DC=local","object_type":"organizationalPerson","object_server":"DS","access_mask":"0x20","accesses":"Read Property","src_ip":"10.10.10.55","dest_host":"WIN-DC-02","message":"A normal directory object was accessed."}
{"timestamp":"2026-09-10T13:22:02Z","host":"WIN-DC-02","source":"WinEventLog:Security","sourcetype":"WinEventLog:Security","index":"windows","EventCode":4662,"event_id":4662,"log_name":"Security","computer":"WIN-DC-02.corp.local","provider_name":"Microsoft-Windows-Security-Auditing","level":"Information","record_id":102484,"scenario":"Normal Directory Service Access","attack_phase":"None","mitre_technique":"None","severity":"low","is_suspicious":false,"subject_user":"agarcia","subject_domain":"CORP","subject_logon_id":"0x9365D","object_name":"CN=rpatel,CN=Users,DC=corp,DC=local","object_type":"organizationalPerson","object_server":"DS","access_mask":"0x20","accesses":"Read Property","src_ip":"10.10.10.68","dest_host":"WIN-DC-02","message":"A normal directory object was accessed."}
{"timestamp":"2026-09-10T13:26:15Z","host":"WIN-DC-02","source":"WinEventLog:Security","sourcetype":"WinEventLog:Security","index":"windows","EventCode":4662,"event_id":4662,"log_name":"Security","computer":"WIN-DC-02.corp.local","provider_name":"Microsoft-Windows-Security-Auditing","level":"Information","record_id":102485,"scenario":"Normal Directory Service Access","attack_phase":"None","mitre_technique":"None","severity":"low","is_suspicious":false,"subject_user":"lwilson","subject_domain":"CORP","subject_logon_id":"0x180CF","object_name":"CN=agarcia,CN=Users,DC=corp,DC=local","object_type":"organizationalPerson","object_server":"DS","access_mask":"0x20","accesses":"Read Property","src_ip":"10.10.10.134","dest_host":"WIN-DC-02","message":"A normal directory object was accessed."}
{"timestamp":"2026-09-10T13:37:59Z","host":"WIN-DC-01","source":"WinEventLog:Security","sourcetype":"WinEventLog:Security","index":"windows","EventCode":4662,"event_id":4662,"log_name":"Security","computer":"WIN-DC-01.corp.local","provider_name":"Microsoft-Windows-Security-Auditing","level":"Information","record_id":102486,"scenario":"Normal Directory Service Access","attack_phase":"None","mitre_technique":"None","severity":"low","is_suspicious":false,"subject_user":"dohara","subject_domain":"CORP","subject_logon_id":"0x33CAE","object_name":"CN=dohara,CN=Users,DC=corp,DC=local","object_type":"organizationalPerson","object_server":"DS","access_mask":"0x20","accesses":"Read Property","src_ip":"10.10.10.152","dest_host":"WIN-DC-01","message":"A normal directory object was accessed."}
{"timestamp":"2026-09-10T13:43:59Z","host":"WIN-DC-02","source":"WinEventLog:Security","sourcetype":"WinEventLog:Security","index":"windows","EventCode":4662,"event_id":4662,"log_name":"Security","computer":"WIN-DC-02.corp.local","provider_name":"Microsoft-Windows-Security-Auditing","level":"Information","record_id":102487,"scenario":"Normal Directory Service Access","attack_phase":"None","mitre_technique":"None","severity":"low","is_suspicious":false,"subject_user":"cwalker","subject_domain":"CORP","subject_logon_id":"0x70BEB","object_name":"CN=cwalker,CN=Users,DC=corp,DC=local","object_type":"organizationalPerson","object_server":"DS","access_mask":"0x20","accesses":"Read Property","src_ip":"10.10.10.232","dest_host":"WIN-DC-02","message":"A normal directory object was accessed."}
{"timestamp":"2026-09-10T13:45:03Z","host":"WIN-DC-02","source":"WinEventLog:Security","sourcetype":"WinEventLog:Security","index":"windows","EventCode":4662,"event_id":4662,"log_name":"Security","computer":"WIN-DC-02.corp.local","provider_name":"Microsoft-Windows-Security-Auditing","level":"Information","record_id":102488,"scenario":"Normal Directory Service Access","attack_phase":"None","mitre_technique":"None","severity":"low","is_suspicious":false,"subject_user":"j.admin","subject_domain":"CORP","subject_logon_id":"0x2AC7E","object_name":"CN=kwright,CN=Users,DC=corp,DC=local","object_type":"organizationalPerson","object_server":"DS","access_mask":"0x20","accesses":"Read Property","src_ip":"10.10.10.224","dest_host":"WIN-DC-02","message":"A normal directory object was accessed."}
{"timestamp":"2026-09-10T13:45:41Z","host":"WIN-DC-01","source":"WinEventLog:Security","sourcetype":"WinEventLog:Security","index":"windows","EventCode":4662,"event_id":4662,"log_name":"Security","computer":"WIN-DC-01.corp.local","provider_name":"Microsoft-Windows-Security-Auditing","level":"Information","record_id":102489,"scenario":"Normal Directory Service Access","attack_phase":"None","mitre_technique":"None","severity":"low","is_suspicious":false,"subject_user":"tnguyen","subject_domain":"CORP","subject_logon_id":"0x89BA1","object_name":"CN=kwright,CN=Users,DC=corp,DC=local","object_type":"organizationalPerson","object_server":"DS","access_mask":"0x20","accesses":"Read Property","src_ip":"10.10.10.88","dest_host":"WIN-DC-01","message":"A normal directory object was accessed."}
{"timestamp":"2026-09-10T13:57:14Z","host":"WIN-DC-01","source":"WinEventLog:Security","sourcetype":"WinEventLog:Security","index":"windows","EventCode":4662,"event_id":4662,"log_name":"Security","computer":"WIN-DC-01.corp.local","provider_name":"Microsoft-Windows-Security-Auditing","level":"Information","record_id":102490,"scenario":"Normal Directory Service Access","attack_phase":"None","mitre_technique":"None","severity":"low","is_suspicious":false,"subject_user":"mchen","subject_domain":"CORP","subject_logon_id":"0xF9C41","object_name":"CN=kwright,CN=Users,DC=corp,DC=local","object_type":"organizationalPerson","object_server":"DS","access_mask":"0x20","accesses":"Read Property","src_ip":"10.10.10.80","dest_host":"WIN-DC-01","message":"A normal directory object was accessed."}
{"timestamp":"2026-09-10T14:00:30Z","host":"WIN-DC-02","source":"WinEventLog:Security","sourcetype":"WinEventLog:Security","index":"windows","EventCode":4662,"event_id":4662,"log_name":"Security","computer":"WIN-DC-02.corp.local","provider_name":"Microsoft-Windows-Security-Auditing","level":"Information","record_id":102491,"scenario":"Normal Directory Service Access","attack_phase":"None","mitre_technique":"None","severity":"low","is_suspicious":false,"subject_user":"sbrooks","subject_domain":"CORP","subject_logon_id":"0x3FA83","object_name":"CN=jsmith,CN=Users,DC=corp,DC=local","object_type":"organizationalPerson","object_server":"DS","access_mask":"0x20","accesses":"Read Property","src_ip":"10.10.10.114","dest_host":"WIN-DC-02","message":"A normal directory object was accessed."}
{"timestamp":"2026-09-10T14:14:48Z","host":"WIN-DC-02","source":"WinEventLog:Security","sourcetype":"WinEventLog:Security","index":"windows","EventCode":4662,"event_id":4662,"log_name":"Security","computer":"WIN-DC-02.corp.local","provider_name":"Microsoft-Windows-Security-Auditing","level":"Information","record_id":102492,"scenario":"Normal Directory Service Access","attack_phase":"None","mitre_technique":"None","severity":"low","is_suspicious":false,"subject_user":"cwalker","subject_domain":"CORP","subject_logon_id":"0xA3727","object_name":"CN=tnguyen,CN=Users,DC=corp,DC=local","object_type":"organizationalPerson","object_server":"DS","access_mask":"0x20","accesses":"Read Property","src_ip":"10.10.10.189","dest_host":"WIN-DC-02","message":"A normal directory object was accessed."}
{"timestamp":"2026-09-10T14:22:06Z","host":"WIN-DC-02","source":"WinEventLog:Security","sourcetype":"WinEventLog:Security","index":"windows","EventCode":4662,"event_id":4662,"log_name":"Security","computer":"WIN-DC-02.corp.local","provider_name":"Microsoft-Windows-Security-Auditing","level":"Information","record_id":102493,"scenario":"Normal Directory Service Access","attack_phase":"None","mitre_technique":"None","severity":"low","is_suspicious":false,"subject_user":"rpatel","subject_domain":"CORP","subject_logon_id":"0x50A8B","object_name":"CN=kwright,CN=Users,DC=corp,DC=local","object_type":"organizationalPerson","object_server":"DS","access_mask":"0x20","accesses":"Read Property","src_ip":"10.10.10.155","dest_host":"WIN-DC-02","message":"A normal directory object was accessed."}
{"timestamp":"2026-09-10T14:28:21Z","host":"WIN-DC-02","source":"WinEventLog:Security","sourcetype":"WinEventLog:Security","index":"windows","EventCode":4662,"event_id":4662,"log_name":"Security","computer":"WIN-DC-02.corp.local","provider_name":"Microsoft-Windows-Security-Auditing","level":"Information","record_id":102494,"scenario":"Normal Directory Service Access","attack_phase":"None","mitre_technique":"None","severity":"low","is_suspicious":false,"subject_user":"administrator","subject_domain":"CORP","subject_logon_id":"0x76B1F","object_name":"CN=lwilson,CN=Users,DC=corp,DC=local","object_type":"organizationalPerson","object_server":"DS","access_mask":"0x20","accesses":"Read Property","src_ip":"10.10.10.12","dest_host":"WIN-DC-02","message":"A normal directory object was accessed."}
{"timestamp":"2026-09-10T14:32:50Z","host":"WIN-DC-01","source":"WinEventLog:Security","sourcetype":"WinEventLog:Security","index":"windows","EventCode":4662,"event_id":4662,"log_name":"Security","computer":"WIN-DC-01.corp.local","provider_name":"Microsoft-Windows-Security-Auditing","level":"Information","record_id":102495,"scenario":"Normal Directory Service Access","attack_phase":"None","mitre_technique":"None","severity":"low","is_suspicious":false,"subject_user":"tnguyen","subject_domain":"CORP","subject_logon_id":"0x7D076","object_name":"CN=lwilson,CN=Users,DC=corp,DC=local","object_type":"organizationalPerson","object_server":"DS","access_mask":"0x20","accesses":"Read Property","src_ip":"10.10.10.246","dest_host":"WIN-DC-01","message":"A normal directory object was accessed."}
{"timestamp":"2026-09-10T14:43:11Z","host":"WIN-DC-02","source":"WinEventLog:Security","sourcetype":"WinEventLog:Security","index":"windows","EventCode":4662,"event_id":4662,"log_name":"Security","computer":"WIN-DC-02.corp.local","provider_name":"Microsoft-Windows-Security-Auditing","level":"Information","record_id":102496,"scenario":"Normal Directory Service Access","attack_phase":"None","mitre_technique":"None","severity":"low","is_suspicious":false,"subject_user":"cwalker","subject_domain":"CORP","subject_logon_id":"0x174F6","object_name":"CN=mchen,CN=Users,DC=corp,DC=local","object_type":"organizationalPerson","object_server":"DS","access_mask":"0x20","accesses":"Read Property","src_ip":"10.10.10.133","dest_host":"WIN-DC-02","message":"A normal directory object was accessed."}
{"timestamp":"2026-09-10T14:46:31Z","host":"WIN-DC-02","source":"WinEventLog:Security","sourcetype":"WinEventLog:Security","index":"windows","EventCode":4662,"event_id":4662,"log_name":"Security","computer":"WIN-DC-02.corp.local","provider_name":"Microsoft-Windows-Security-Auditing","level":"Information","record_id":102497,"scenario":"Normal Directory Service Access","attack_phase":"None","mitre_technique":"None","severity":"low","is_suspicious":false,"subject_user":"cwalker","subject_domain":"CORP","subject_logon_id":"0xC297F","object_name":"CN=sbrooks,CN=Users,DC=corp,DC=local","object_type":"organizationalPerson","object_server":"DS","access_mask":"0x20","accesses":"Read Property","src_ip":"10.10.10.52","dest_host":"WIN-DC-02","message":"A normal directory object was accessed."}
{"timestamp":"2026-09-10T14:56:42Z","host":"WIN-DC-01","source":"WinEventLog:Security","sourcetype":"WinEventLog:Security","index":"windows","EventCode":4662,"event_id":4662,"log_name":"Security","computer":"WIN-DC-01.corp.local","provider_name":"Microsoft-Windows-Security-Auditing","level":"Information","record_id":102498,"scenario":"Normal Directory Service Access","attack_phase":"None","mitre_technique":"None","severity":"low","is_suspicious":false,"subject_user":"mchen","subject_domain":"CORP","subject_logon_id":"0xB9D50","object_name":"CN=kwright,CN=Users,DC=corp,DC=local","object_type":"organizationalPerson","object_server":"DS","access_mask":"0x20","accesses":"Read Property","src_ip":"10.10.10.203","dest_host":"WIN-DC-01","message":"A normal directory object was accessed."}
{"timestamp":"2026-09-10T14:58:07Z","host":"WIN-DC-01","source":"WinEventLog:Security","sourcetype":"WinEventLog:Security","index":"windows","EventCode":4662,"event_id":4662,"log_name":"Security","computer":"WIN-DC-01.corp.local","provider_name":"Microsoft-Windows-Security-Auditing","level":"Information","record_id":102499,"scenario":"Normal Directory Service Access","attack_phase":"None","mitre_technique":"None","severity":"low","is_suspicious":false,"subject_user":"lwilson","subject_domain":"CORP","subject_logon_id":"0xDAF91","object_name":"CN=mchen,CN=Users,DC=corp,DC=local","object_type":"organizationalPerson","object_server":"DS","access_mask":"0x20","accesses":"Read Property","src_ip":"10.10.10.207","dest_host":"WIN-DC-01","message":"A normal directory object was accessed."}
{"timestamp":"2026-09-10T15:04:31Z","host":"WIN-DC-02","source":"WinEventLog:Security","sourcetype":"WinEventLog:Security","index":"windows","EventCode":4662,"event_id":4662,"log_name":"Security","computer":"WIN-DC-02.corp.local","provider_name":"Microsoft-Windows-Security-Auditing","level":"Information","record_id":102500,"scenario":"Normal Directory Service Access","attack_phase":"None","mitre_technique":"None","severity":"low","is_suspicious":false,"subject_user":"tnguyen","subject_domain":"CORP","subject_logon_id":"0x3A53D","object_name":"CN=dohara,CN=Users,DC=corp,DC=local","object_type":"organizationalPerson","object_server":"DS","access_mask":"0x20","accesses":"Read Property","src_ip":"10.10.10.2","dest_host":"WIN-DC-02","message":"A normal directory object was accessed."}
{"timestamp":"2026-09-10T15:16:15Z","host":"WIN-DC-01","source":"WinEventLog:Security","sourcetype":"WinEventLog:Security","index":"windows","EventCode":4662,"event_id":4662,"log_name":"Security","computer":"WIN-DC-01.corp.local","provider_name":"Microsoft-Windows-Security-Auditing","level":"Information","record_id":102501,"scenario":"Normal Directory Service Access","attack_phase":"None","mitre_technique":"None","severity":"low","is_suspicious":false,"subject_user":"rpatel","subject_domain":"CORP","subject_logon_id":"0xF2095","object_name":"CN=mchen,CN=Users,DC=corp,DC=local","object_type":"organizationalPerson","object_server":"DS","access_mask":"0x20","accesses":"Read Property","src_ip":"10.10.10.79","dest_host":"WIN-DC-01","message":"A normal directory object was accessed."}
{"timestamp":"2026-09-10T15:21:59Z","host":"WIN-DC-01","source":"WinEventLog:Security","sourcetype":"WinEventLog:Security","index":"windows","EventCode":4662,"event_id":4662,"log_name":"Security","computer":"WIN-DC-01.corp.local","provider_name":"Microsoft-Windows-Security-Auditing","level":"Information","record_id":102502,"scenario":"Normal Directory Service Access","attack_phase":"None","mitre_technique":"None","severity":"low","is_suspicious":false,"subject_user":"mchen","subject_domain":"CORP","subject_logon_id":"0x4C768","object_name":"CN=rpatel,CN=Users,DC=corp,DC=local","object_type":"organizationalPerson","object_server":"DS","access_mask":"0x20","accesses":"Read Property","src_ip":"10.10.10.113","dest_host":"WIN-DC-01","message":"A normal directory object was accessed."}
{"timestamp":"2026-09-10T15:24:01Z","host":"WIN-DC-01","source":"WinEventLog:Security","sourcetype":"WinEventLog:Security","index":"windows","EventCode":4662,"event_id":4662,"log_name":"Security","computer":"WIN-DC-01.corp.local","provider_name":"Microsoft-Windows-Security-Auditing","level":"Information","record_id":102503,"scenario":"Normal Directory Service Access","attack_phase":"None","mitre_technique":"None","severity":"low","is_suspicious":false,"subject_user":"mchen","subject_domain":"CORP","subject_logon_id":"0xBF496","object_name":"CN=sbrooks,CN=Users,DC=corp,DC=local","object_type":"organizationalPerson","object_server":"DS","access_mask":"0x20","accesses":"Read Property","src_ip":"10.10.10.218","dest_host":"WIN-DC-01","message":"A normal directory object was accessed."}
{"timestamp":"2026-09-10T15:37:45Z","host":"WIN-DC-02","source":"WinEventLog:Security","sourcetype":"WinEventLog:Security","index":"windows","EventCode":4662,"event_id":4662,"log_name":"Security","computer":"WIN-DC-02.corp.local","provider_name":"Microsoft-Windows-Security-Auditing","level":"Information","record_id":102504,"scenario":"Normal Directory Service Access","attack_phase":"None","mitre_technique":"None","severity":"low","is_suspicious":false,"subject_user":"jsmith","subject_domain":"CORP","subject_logon_id":"0x8A333","object_name":"CN=mchen,CN=Users,DC=corp,DC=local","object_type":"organizationalPerson","object_server":"DS","access_mask":"0x20","accesses":"Read Property","src_ip":"10.10.10.90","dest_host":"WIN-DC-02","message":"A normal directory object was accessed."}
{"timestamp":"2026-09-10T15:39:57Z","host":"WIN-DC-02","source":"WinEventLog:Security","sourcetype":"WinEventLog:Security","index":"windows","EventCode":4662,"event_id":4662,"log_name":"Security","computer":"WIN-DC-02.corp.local","provider_name":"Microsoft-Windows-Security-Auditing","level":"Information","record_id":102505,"scenario":"Normal Directory Service Access","attack_phase":"None","mitre_technique":"None","severity":"low","is_suspicious":false,"subject_user":"sbrooks","subject_domain":"CORP","subject_logon_id":"0xBFD13","object_name":"CN=tnguyen,CN=Users,DC=corp,DC=local","object_type":"organizationalPerson","object_server":"DS","access_mask":"0x20","accesses":"Read Property","src_ip":"10.10.10.180","dest_host":"WIN-DC-02","message":"A normal directory object was accessed."}
{"timestamp":"2026-09-10T15:44:04Z","host":"WIN-DC-02","source":"WinEventLog:Security","sourcetype":"WinEventLog:Security","index":"windows","EventCode":4662,"event_id":4662,"log_name":"Security","computer":"WIN-DC-02.corp.local","provider_name":"Microsoft-Windows-Security-Auditing","level":"Information","record_id":102506,"scenario":"Normal Directory Service Access","attack_phase":"None","mitre_technique":"None","severity":"low","is_suspicious":false,"subject_user":"administrator","subject_domain":"CORP","subject_logon_id":"0x7054A","object_name":"CN=dohara,CN=Users,DC=corp,DC=local","object_type":"organizationalPerson","object_server":"DS","access_mask":"0x20","accesses":"Read Property","src_ip":"10.10.10.182","dest_host":"WIN-DC-02","message":"A normal directory object was accessed."}
{"timestamp":"2026-09-10T15:48:42Z","host":"WIN-DC-01","source":"WinEventLog:Security","sourcetype":"WinEventLog:Security","index":"windows","EventCode":4662,"event_id":4662,"log_name":"Security","computer":"WIN-DC-01.corp.local","provider_name":"Microsoft-Windows-Security-Auditing","level":"Information","record_id":102507,"scenario":"Normal Directory Service Access","attack_phase":"None","mitre_technique":"None","severity":"low","is_suspicious":false,"subject_user":"tnguyen","subject_domain":"CORP","subject_logon_id":"0x30E58","object_name":"CN=kwright,CN=Users,DC=corp,DC=local","object_type":"organizationalPerson","object_server":"DS","access_mask":"0x20","accesses":"Read Property","src_ip":"10.10.10.197","dest_host":"WIN-DC-01","message":"A normal directory object was accessed."}
{"timestamp":"2026-09-10T15:51:28Z","host":"WIN-DC-02","source":"WinEventLog:Security","sourcetype":"WinEventLog:Security","index":"windows","EventCode":4662,"event_id":4662,"log_name":"Security","computer":"WIN-DC-02.corp.local","provider_name":"Microsoft-Windows-Security-Auditing","level":"Information","record_id":102508,"scenario":"Normal Directory Service Access","attack_phase":"None","mitre_technique":"None","severity":"low","is_suspicious":false,"subject_user":"s.domadmin","subject_domain":"CORP","subject_logon_id":"0x63BD9","object_name":"CN=lwilson,CN=Users,DC=corp,DC=local","object_type":"organizationalPerson","object_server":"DS","access_mask":"0x20","accesses":"Read Property","src_ip":"10.10.10.211","dest_host":"WIN-DC-02","message":"A normal directory object was accessed."}
{"timestamp":"2026-09-10T16:03:28Z","host":"WIN-DC-02","source":"WinEventLog:Security","sourcetype":"WinEventLog:Security","index":"windows","EventCode":4662,"event_id":4662,"log_name":"Security","computer":"WIN-DC-02.corp.local","provider_name":"Microsoft-Windows-Security-Auditing","level":"Information","record_id":102509,"scenario":"Normal Directory Service Access","attack_phase":"None","mitre_technique":"None","severity":"low","is_suspicious":false,"subject_user":"cwalker","subject_domain":"CORP","subject_logon_id":"0x74D36","object_name":"CN=sbrooks,CN=Users,DC=corp,DC=local","object_type":"organizationalPerson","object_server":"DS","access_mask":"0x20","accesses":"Read Property","src_ip":"10.10.10.20","dest_host":"WIN-DC-02","message":"A normal directory object was accessed."}
{"timestamp":"2026-09-10T16:09:53Z","host":"WIN-DC-02","source":"WinEventLog:Security","sourcetype":"WinEventLog:Security","index":"windows","EventCode":4662,"event_id":4662,"log_name":"Security","computer":"WIN-DC-02.corp.local","provider_name":"Microsoft-Windows-Security-Auditing","level":"Information","record_id":102510,"scenario":"Normal Directory Service Access","attack_phase":"None","mitre_technique":"None","severity":"low","is_suspicious":false,"subject_user":"administrator","subject_domain":"CORP","subject_logon_id":"0xCD8CC","object_name":"CN=cwalker,CN=Users,DC=corp,DC=local","object_type":"organizationalPerson","object_server":"DS","access_mask":"0x20","accesses":"Read Property","src_ip":"10.10.10.8","dest_host":"WIN-DC-02","message":"A normal directory object was accessed."}
{"timestamp":"2026-09-10T16:14:10Z","host":"WIN-DC-01","source":"WinEventLog:Security","sourcetype":"WinEventLog:Security","index":"windows","EventCode":4662,"event_id":4662,"log_name":"Security","computer":"WIN-DC-01.corp.local","provider_name":"Microsoft-Windows-Security-Auditing","level":"Information","record_id":102511,"scenario":"Normal Directory Service Access","attack_phase":"None","mitre_technique":"None","severity":"low","is_suspicious":false,"subject_user":"s.domadmin","subject_domain":"CORP","subject_logon_id":"0x4C334","object_name":"CN=kwright,CN=Users,DC=corp,DC=local","object_type":"organizationalPerson","object_server":"DS","access_mask":"0x20","accesses":"Read Property","src_ip":"10.10.10.94","dest_host":"WIN-DC-01","message":"A normal directory object was accessed."}
{"timestamp":"2026-09-10T16:20:28Z","host":"WIN-DC-01","source":"WinEventLog:Security","sourcetype":"WinEventLog:Security","index":"windows","EventCode":4662,"event_id":4662,"log_name":"Security","computer":"WIN-DC-01.corp.local","provider_name":"Microsoft-Windows-Security-Auditing","level":"Information","record_id":102512,"scenario":"Normal Directory Service Access","attack_phase":"None","mitre_technique":"None","severity":"low","is_suspicious":false,"subject_user":"cwalker","subject_domain":"CORP","subject_logon_id":"0xA9633","object_name":"CN=tnguyen,CN=Users,DC=corp,DC=local","object_type":"organizationalPerson","object_server":"DS","access_mask":"0x20","accesses":"Read Property","src_ip":"10.10.10.236","dest_host":"WIN-DC-01","message":"A normal directory object was accessed."}
{"timestamp":"2026-09-10T16:22:17Z","host":"WIN-DC-01","source":"WinEventLog:Security","sourcetype":"WinEventLog:Security","index":"windows","EventCode":4662,"event_id":4662,"log_name":"Security","computer":"WIN-DC-01.corp.local","provider_name":"Microsoft-Windows-Security-Auditing","level":"Information","record_id":102513,"scenario":"Normal Directory Service Access","attack_phase":"None","mitre_technique":"None","severity":"low","is_suspicious":false,"subject_user":"mchen","subject_domain":"CORP","subject_logon_id":"0x8FFCB","object_name":"CN=rpatel,CN=Users,DC=corp,DC=local","object_type":"organizationalPerson","object_server":"DS","access_mask":"0x20","accesses":"Read Property","src_ip":"10.10.10.13","dest_host":"WIN-DC-01","message":"A normal directory object was accessed."}
{"timestamp":"2026-09-10T16:26:23Z","host":"WIN-DC-02","source":"WinEventLog:Security","sourcetype":"WinEventLog:Security","index":"windows","EventCode":4662,"event_id":4662,"log_name":"Security","computer":"WIN-DC-02.corp.local","provider_name":"Microsoft-Windows-Security-Auditing","level":"Information","record_id":102514,"scenario":"Normal Directory Service Access","attack_phase":"None","mitre_technique":"None","severity":"low","is_suspicious":false,"subject_user":"tnguyen","subject_domain":"CORP","subject_logon_id":"0x27C50","object_name":"CN=kwright,CN=Users,DC=corp,DC=local","object_type":"organizationalPerson","object_server":"DS","access_mask":"0x20","accesses":"Read Property","src_ip":"10.10.10.100","dest_host":"WIN-DC-02","message":"A normal directory object was accessed."}
{"timestamp":"2026-09-10T16:38:02Z","host":"WIN-DC-01","source":"WinEventLog:Security","sourcetype":"WinEventLog:Security","index":"windows","EventCode":4662,"event_id":4662,"log_name":"Security","computer":"WIN-DC-01.corp.local","provider_name":"Microsoft-Windows-Security-Auditing","level":"Information","record_id":102515,"scenario":"Normal Directory Service Access","attack_phase":"None","mitre_technique":"None","severity":"low","is_suspicious":false,"subject_user":"tnguyen","subject_domain":"CORP","subject_logon_id":"0x36976","object_name":"CN=lwilson,CN=Users,DC=corp,DC=local","object_type":"organizationalPerson","object_server":"DS","access_mask":"0x20","accesses":"Read Property","src_ip":"10.10.10.81","dest_host":"WIN-DC-01","message":"A normal directory object was accessed."}
{"timestamp":"2026-09-10T16:45:08Z","host":"WIN-DC-02","source":"WinEventLog:Security","sourcetype":"WinEventLog:Security","index":"windows","EventCode":4662,"event_id":4662,"log_name":"Security","computer":"WIN-DC-02.corp.local","provider_name":"Microsoft-Windows-Security-Auditing","level":"Information","record_id":102516,"scenario":"Normal Directory Service Access","attack_phase":"None","mitre_technique":"None","severity":"low","is_suspicious":false,"subject_user":"jsmith","subject_domain":"CORP","subject_logon_id":"0x52D22","object_name":"CN=tnguyen,CN=Users,DC=corp,DC=local","object_type":"organizationalPerson","object_server":"DS","access_mask":"0x20","accesses":"Read Property","src_ip":"10.10.10.47","dest_host":"WIN-DC-02","message":"A normal directory object was accessed."}
{"timestamp":"2026-09-10T16:48:25Z","host":"WIN-DC-02","source":"WinEventLog:Security","sourcetype":"WinEventLog:Security","index":"windows","EventCode":4662,"event_id":4662,"log_name":"Security","computer":"WIN-DC-02.corp.local","provider_name":"Microsoft-Windows-Security-Auditing","level":"Information","record_id":102517,"scenario":"Normal Directory Service Access","attack_phase":"None","mitre_technique":"None","severity":"low","is_suspicious":false,"subject_user":"administrator","subject_domain":"CORP","subject_logon_id":"0x9470F","object_name":"CN=agarcia,CN=Users,DC=corp,DC=local","object_type":"organizationalPerson","object_server":"DS","access_mask":"0x20","accesses":"Read Property","src_ip":"10.10.10.121","dest_host":"WIN-DC-02","message":"A normal directory object was accessed."}
