{"timestamp":"2026-09-07T14:22:18Z","host":"WIN-SRV-01","source":"WinEventLog:Security","sourcetype":"WinEventLog:Security","index":"windows","EventCode":4672,"event_id":4672,"log_name":"Security","computer":"WIN-SRV-01.corp.local","provider_name":"Microsoft-Windows-Security-Auditing","level":"Information","record_id":101507,"scenario":"Normal Privileged Logon","attack_phase":"None","mitre_technique":"None","severity":"low","is_suspicious":false,"subject_user":"svc_sql","subject_domain":"CORP","src_ip":"10.10.10.204","dest_host":"WIN-SRV-01","privileges":"SeSecurityPrivilege, SeBackupPrivilege, SeRestorePrivilege","message":"Special privileges assigned to new logon."}
{"timestamp":"2026-09-07T14:37:08Z","host":"WIN-SRV-02","source":"WinEventLog:Security","sourcetype":"WinEventLog:Security","index":"windows","EventCode":4672,"event_id":4672,"log_name":"Security","computer":"WIN-SRV-02.corp.local","provider_name":"Microsoft-Windows-Security-Auditing","level":"Information","record_id":101508,"scenario":"Normal Privileged Logon","attack_phase":"None","mitre_technique":"None","severity":"low","is_suspicious":false,"subject_user":"svc_sql","subject_domain":"CORP","src_ip":"10.10.10.34","dest_host":"WIN-SRV-02","privileges":"SeSecurityPrivilege, SeBackupPrivilege, SeRestorePrivilege","message":"Special privileges assigned to new logon."}
{"timestamp":"2026-09-07T14:48:30Z","host":"WIN-DC-01","source":"WinEventLog:Security","sourcetype":"WinEventLog:Security","index":"windows","EventCode":4672,"event_id":4672,"log_name":"Security","computer":"WIN-DC-01.corp.local","provider_name":"Microsoft-Windows-Security-Auditing","level":"Information","record_id":101509,"scenario":"Normal Privileged Logon","attack_phase":"None","mitre_technique":"None","severity":"low","is_suspicious":false,"subject_user":"s.domadmin","subject_domain":"CORP","src_ip":"10.10.10.109","dest_host":"WIN-DC-01","privileges":"SeSecurityPrivilege, SeBackupPrivilege, SeRestorePrivilege","message":"Special privileges assigned to new logon."}
{"timestamp":"2026-09-07T14:57:12Z","host":"WIN-DC-02","source":"WinEventLog:Security","sourcetype":"WinEventLog:Security","index":"windows","EventCode":4672,"event_id":4672,"log_name":"Security","computer":"WIN-DC-02.corp.local","provider_name":"Microsoft-Windows-Security-Auditing","level":"Information","record_id":101510,"scenario":"Normal Privileged Logon","attack_phase":"None","mitre_technique":"None","severity":"low","is_suspicious":false,"subject_user":"j.admin","subject_domain":"CORP","src_ip":"10.10.10.64","dest_host":"WIN-DC-02","privileges":"SeSecurityPrivilege, SeBackupPrivilege, SeRestorePrivilege","message":"Special privileges assigned to new logon."}
{"timestamp":"2026-09-07T15:00:02Z","host":"WIN-SRV-01","source":"WinEventLog:Security","sourcetype":"WinEventLog:Security","index":"windows","EventCode":4672,"event_id":4672,"log_name":"Security","computer":"WIN-SRV-01.corp.local","provider_name":"Microsoft-Windows-Security-Auditing","level":"Information","record_id":101511,"scenario":"Normal Privileged Logon","attack_phase":"None","mitre_technique":"None","severity":"low","is_suspicious":false,"subject_user":"administrator","subject_domain":"CORP","src_ip":"10.10.10.34","dest_host":"WIN-SRV-01","privileges":"SeSecurityPrivilege, SeBackupPrivilege, SeRestorePrivilege","message":"Special privileges assigned to new logon."}
{"timestamp":"2026-09-07T15:05:51Z","host":"WIN-DC-02","source":"WinEventLog:Security","sourcetype":"WinEventLog:Security","index":"windows","EventCode":4672,"event_id":4672,"log_name":"Security","computer":"WIN-DC-02.corp.local","provider_name":"Microsoft-Windows-Security-Auditing","level":"Information","record_id":101512,"scenario":"Normal Privileged Logon","attack_phase":"None","mitre_technique":"None","severity":"low","is_suspicious":false,"subject_user":"svc_sql","subject_domain":"CORP","src_ip":"10.10.10.247","dest_host":"WIN-DC-02","privileges":"SeSecurityPrivilege, SeBackupPrivilege, SeRestorePrivilege","message":"Special privileges assigned to new logon."}
{"timestamp":"2026-09-07T15:17:28Z","host":"WIN-DC-01","source":"WinEventLog:Security","sourcetype":"WinEventLog:Security","index":"windows","EventCode":4672,"event_id":4672,"log_name":"Security","computer":"WIN-DC-01.corp.local","provider_name":"Microsoft-Windows-Security-Auditing","level":"Information","record_id":101513,"scenario":"Normal Privileged Logon","attack_phase":"None","mitre_technique":"None","severity":"low","is_suspicious":false,"subject_user":"s.domadmin","subject_domain":"CORP","src_ip":"10.10.10.151","dest_host":"WIN-DC-01","privileges":"SeSecurityPrivilege, SeBackupPrivilege, SeRestorePrivilege","message":"Special privileges assigned to new logon."}
{"timestamp":"2026-09-07T15:27:12Z","host":"WIN-SRV-02","source":"WinEventLog:Security","sourcetype":"WinEventLog:Security","index":"windows","EventCode":4672,"event_id":4672,"log_name":"Security","computer":"WIN-SRV-02.corp.local","provider_name":"Microsoft-Windows-Security-Auditing","level":"Information","record_id":101514,"scenario":"Normal Privileged Logon","attack_phase":"None","mitre_technique":"None","severity":"low","is_suspicious":false,"subject_user":"j.admin","subject_domain":"CORP","src_ip":"10.10.10.122","dest_host":"WIN-SRV-02","privileges":"SeSecurityPrivilege, SeBackupPrivilege, SeRestorePrivilege","message":"Special privileges assigned to new logon."}
{"timestamp":"2026-09-07T15:32:58Z","host":"WIN-DC-01","source":"WinEventLog:Security","sourcetype":"WinEventLog:Security","index":"windows","EventCode":4672,"event_id":4672,"log_name":"Security","computer":"WIN-DC-01.corp.local","provider_name":"Microsoft-Windows-Security-Auditing","level":"Information","record_id":101515,"scenario":"Normal Privileged Logon","attack_phase":"None","mitre_technique":"None","severity":"low","is_suspicious":false,"subject_user":"s.domadmin","subject_domain":"CORP","src_ip":"10.10.10.96","dest_host":"WIN-DC-01","privileges":"SeSecurityPrivilege, SeBackupPrivilege, SeRestorePrivilege","message":"Special privileges assigned to new logon."}
{"timestamp":"2026-09-07T15:33:36Z","host":"WIN-SRV-02","source":"WinEventLog:Security","sourcetype":"WinEventLog:Security","index":"windows","EventCode":4672,"event_id":4672,"log_name":"Security","computer":"WIN-SRV-02.corp.local","provider_name":"Microsoft-Windows-Security-Auditing","level":"Information","record_id":101516,"scenario":"Normal Privileged Logon","attack_phase":"None","mitre_technique":"None","severity":"low","is_suspicious":false,"subject_user":"administrator","subject_domain":"CORP","src_ip":"10.10.10.62","dest_host":"WIN-SRV-02","privileges":"SeSecurityPrivilege, SeBackupPrivilege, SeRestorePrivilege","message":"Special privileges assigned to new logon."}
{"timestamp":"2026-09-07T15:42:45Z","host":"WIN-SRV-01","source":"WinEventLog:Security","sourcetype":"WinEventLog:Security","index":"windows","EventCode":4672,"event_id":4672,"log_name":"Security","computer":"WIN-SRV-01.corp.local","provider_name":"Microsoft-Windows-Security-Auditing","level":"Information","record_id":101517,"scenario":"Normal Privileged Logon","attack_phase":"None","mitre_technique":"None","severity":"low","is_suspicious":false,"subject_user":"svc_backup","subject_domain":"CORP","src_ip":"10.10.10.90","dest_host":"WIN-SRV-01","privileges":"SeSecurityPrivilege, SeBackupPrivilege, SeRestorePrivilege","message":"Special privileges assigned to new logon."}
{"timestamp":"2026-09-07T15:46:35Z","host":"WIN-SRV-02","source":"WinEventLog:Security","sourcetype":"WinEventLog:Security","index":"windows","EventCode":4672,"event_id":4672,"log_name":"Security","computer":"WIN-SRV-02.corp.local","provider_name":"Microsoft-Windows-Security-Auditing","level":"Information","record_id":101518,"scenario":"Normal Privileged Logon","attack_phase":"None","mitre_technique":"None","severity":"low","is_suspicious":false,"subject_user":"svc_web","subject_domain":"CORP","src_ip":"10.10.10.234","dest_host":"WIN-SRV-02","privileges":"SeSecurityPrivilege, SeBackupPrivilege, SeRestorePrivilege","message":"Special privileges assigned to new logon."}
{"timestamp":"2026-09-07T15:50:31Z","host":"WIN-SRV-01","source":"WinEventLog:Security","sourcetype":"WinEventLog:Security","index":"windows","EventCode":4672,"event_id":4672,"log_name":"Security","computer":"WIN-SRV-01.corp.local","provider_name":"Microsoft-Windows-Security-Auditing","level":"Information","record_id":101519,"scenario":"Normal Privileged Logon","attack_phase":"None","mitre_technique":"None","severity":"low","is_suspicious":false,"subject_user":"s.domadmin","subject_domain":"CORP","src_ip":"10.10.10.50","dest_host":"WIN-SRV-01","privileges":"SeSecurityPrivilege, SeBackupPrivilege, SeRestorePrivilege","message":"Special privileges assigned to new logon."}
{"timestamp":"2026-09-07T16:02:24Z","host":"WIN-DC-02","source":"WinEventLog:Security","sourcetype":"WinEventLog:Security","index":"windows","EventCode":4672,"event_id":4672,"log_name":"Security","computer":"WIN-DC-02.corp.local","provider_name":"Microsoft-Windows-Security-Auditing","level":"Information","record_id":101520,"scenario":"Normal Privileged Logon","attack_phase":"None","mitre_technique":"None","severity":"low","is_suspicious":false,"subject_user":"svc_web","subject_domain":"CORP","src_ip":"10.10.10.179","dest_host":"WIN-DC-02","privileges":"SeSecurityPrivilege, SeBackupPrivilege, SeRestorePrivilege","message":"Special privileges assigned to new logon."}
{"timestamp":"2026-09-07T16:06:28Z","host":"WIN-DC-02","source":"WinEventLog:Security","sourcetype":"WinEventLog:Security","index":"windows","EventCode":4768,"event_id":4768,"log_name":"Security","computer":"WIN-DC-02.corp.local","provider_name":"Microsoft-Windows-Security-Auditing","level":"Information","record_id":101521,"scenario":"Normal Kerberos TGT Request","attack_phase":"None","mitre_technique":"None","severity":"low","is_suspicious":false,"target_user":"cwalker","target_domain":"CORP","src_ip":"10.10.10.220","dest_host":"WIN-DC-02","authentication_package":"Kerberos","certificate_issuer_name":"","pre_auth_type":"2","message":"A Kerberos authentication ticket (TGT) was requested."}
{"timestamp":"2026-09-07T16:11:22Z","host":"WIN-DC-02","source":"WinEventLog:Security","sourcetype":"WinEventLog:Security","index":"windows","EventCode":4768,"event_id":4768,"log_name":"Security","computer":"WIN-DC-02.corp.local","provider_name":"Microsoft-Windows-Security-Auditing","level":"Information","record_id":101522,"scenario":"Normal Kerberos TGT Request","attack_phase":"None","mitre_technique":"None","severity":"low","is_suspicious":false,"target_user":"kwright","target_domain":"CORP","src_ip":"10.10.10.109","dest_host":"WIN-DC-02","authentication_package":"Kerberos","certificate_issuer_name":"","pre_auth_type":"2","message":"A Kerberos authentication ticket (TGT) was requested."}
{"timestamp":"2026-09-07T16:14:15Z","host":"WIN-DC-01","source":"WinEventLog:Security","sourcetype":"WinEventLog:Security","index":"windows","EventCode":4768,"event_id":4768,"log_name":"Security","computer":"WIN-DC-01.corp.local","provider_name":"Microsoft-Windows-Security-Auditing","level":"Information","record_id":101523,"scenario":"Normal Kerberos TGT Request","attack_phase":"None","mitre_technique":"None","severity":"low","is_suspicious":false,"target_user":"mchen","target_domain":"CORP","src_ip":"10.10.10.118","dest_host":"WIN-DC-01","authentication_package":"Kerberos","certificate_issuer_name":"","pre_auth_type":"2","message":"A Kerberos authentication ticket (TGT) was requested."}
{"timestamp":"2026-09-07T16:14:41Z","host":"WIN-DC-01","source":"WinEventLog:Security","sourcetype":"WinEventLog:Security","index":"windows","EventCode":4768,"event_id":4768,"log_name":"Security","computer":"WIN-DC-01.corp.local","provider_name":"Microsoft-Windows-Security-Auditing","level":"Information","record_id":101524,"scenario":"Normal Kerberos TGT Request","attack_phase":"None","mitre_technique":"None","severity":"low","is_suspicious":false,"target_user":"dohara","target_domain":"CORP","src_ip":"10.10.10.237","dest_host":"WIN-DC-01","authentication_package":"Kerberos","certificate_issuer_name":"","pre_auth_type":"2","message":"A Kerberos authentication ticket (TGT) was requested."}
{"timestamp":"2026-09-07T16:14:47Z","host":"WIN-DC-01","source":"WinEventLog:Security","sourcetype":"WinEventLog:Security","index":"windows","EventCode":4768,"event_id":4768,"log_name":"Security","computer":"WIN-DC-01.corp.local","provider_name":"Microsoft-Windows-Security-Auditing","level":"Information","record_id":101525,"scenario":"Normal Kerberos TGT Request","attack_phase":"None","mitre_technique":"None","severity":"low","is_suspicious":false,"target_user":"rpatel","target_domain":"CORP","src_ip":"10.10.10.121","dest_host":"WIN-DC-01","authentication_package":"Kerberos","certificate_issuer_name":"","pre_auth_type":"2","message":"A Kerberos authentication ticket (TGT) was requested."}
{"timestamp":"2026-09-07T16:16:41Z","host":"WIN-DC-02","source":"WinEventLog:Security","sourcetype":"WinEventLog:Security","index":"windows","EventCode":4768,"event_id":4768,"log_name":"Security","computer":"WIN-DC-02.corp.local","provider_name":"Microsoft-Windows-Security-Auditing","level":"Information","record_id":101526,"scenario":"Normal Kerberos TGT Request","attack_phase":"None","mitre_technique":"None","severity":"low","is_suspicious":false,"target_user":"rpatel","target_domain":"CORP","src_ip":"10.10.10.190","dest_host":"WIN-DC-02","authentication_package":"Kerberos","certificate_issuer_name":"","pre_auth_type":"2","message":"A Kerberos authentication ticket (TGT) was requested."}
{"timestamp":"2026-09-07T16:19:35Z","host":"WIN-DC-01","source":"WinEventLog:Security","sourcetype":"WinEventLog:Security","index":"windows","EventCode":4768,"event_id":4768,"log_name":"Security","computer":"WIN-DC-01.corp.local","provider_name":"Microsoft-Windows-Security-Auditing","level":"Information","record_id":101527,"scenario":"Normal Kerberos TGT Request","attack_phase":"None","mitre_technique":"None","severity":"low","is_suspicious":false,"target_user":"tnguyen","target_domain":"CORP","src_ip":"10.10.10.104","dest_host":"WIN-DC-01","authentication_package":"Kerberos","certificate_issuer_name":"","pre_auth_type":"2","message":"A Kerberos authentication ticket (TGT) was requested."}
{"timestamp":"2026-09-07T16:21:14Z","host":"WIN-DC-02","source":"WinEventLog:Security","sourcetype":"WinEventLog:Security","index":"windows","EventCode":4768,"event_id":4768,"log_name":"Security","computer":"WIN-DC-02.corp.local","provider_name":"Microsoft-Windows-Security-Auditing","level":"Information","record_id":101528,"scenario":"Normal Kerberos TGT Request","attack_phase":"None","mitre_technique":"None","severity":"low","is_suspicious":false,"target_user":"jsmith","target_domain":"CORP","src_ip":"10.10.10.4","dest_host":"WIN-DC-02","authentication_package":"Kerberos","certificate_issuer_name":"","pre_auth_type":"2","message":"A Kerberos authentication ticket (TGT) was requested."}
{"timestamp":"2026-09-07T16:21:56Z","host":"WIN-DC-01","source":"WinEventLog:Security","sourcetype":"WinEventLog:Security","index":"windows","EventCode":4768,"event_id":4768,"log_name":"Security","computer":"WIN-DC-01.corp.local","provider_name":"Microsoft-Windows-Security-Auditing","level":"Information","record_id":101529,"scenario":"Normal Kerberos TGT Request","attack_phase":"None","mitre_technique":"None","severity":"low","is_suspicious":false,"target_user":"kwright","target_domain":"CORP","src_ip":"10.10.10.144","dest_host":"WIN-DC-01","authentication_package":"Kerberos","certificate_issuer_name":"","pre_auth_type":"2","message":"A Kerberos authentication ticket (TGT) was requested."}
{"timestamp":"2026-09-07T16:22:59Z","host":"WIN-DC-02","source":"WinEventLog:Security","sourcetype":"WinEventLog:Security","index":"windows","EventCode":4768,"event_id":4768,"log_name":"Security","computer":"WIN-DC-02.corp.local","provider_name":"Microsoft-Windows-Security-Auditing","level":"Information","record_id":101530,"scenario":"Normal Kerberos TGT Request","attack_phase":"None","mitre_technique":"None","severity":"low","is_suspicious":false,"target_user":"mchen","target_domain":"CORP","src_ip":"10.10.10.114","dest_host":"WIN-DC-02","authentication_package":"Kerberos","certificate_issuer_name":"","pre_auth_type":"2","message":"A Kerberos authentication ticket (TGT) was requested."}
{"timestamp":"2026-09-07T16:24:43Z","host":"WIN-DC-02","source":"WinEventLog:Security","sourcetype":"WinEventLog:Security","index":"windows","EventCode":4768,"event_id":4768,"log_name":"Security","computer":"WIN-DC-02.corp.local","provider_name":"Microsoft-Windows-Security-Auditing","level":"Information","record_id":101531,"scenario":"Normal Kerberos TGT Request","attack_phase":"None","mitre_technique":"None","severity":"low","is_suspicious":false,"target_user":"cwalker","target_domain":"CORP","src_ip":"10.10.10.13","dest_host":"WIN-DC-02","authentication_package":"Kerberos","certificate_issuer_name":"","pre_auth_type":"2","message":"A Kerberos authentication ticket (TGT) was requested."}
{"timestamp":"2026-09-07T16:25:03Z","host":"WIN-DC-01","source":"WinEventLog:Security","sourcetype":"WinEventLog:Security","index":"windows","EventCode":4768,"event_id":4768,"log_name":"Security","computer":"WIN-DC-01.corp.local","provider_name":"Microsoft-Windows-Security-Auditing","level":"Information","record_id":101532,"scenario":"Normal Kerberos TGT Request","attack_phase":"None","mitre_technique":"None","severity":"low","is_suspicious":false,"target_user":"rpatel","target_domain":"CORP","src_ip":"10.10.10.74","dest_host":"WIN-DC-01","authentication_package":"Kerberos","certificate_issuer_name":"","pre_auth_type":"2","message":"A Kerberos authentication ticket (TGT) was requested."}
{"timestamp":"2026-09-07T16:26:37Z","host":"WIN-DC-02","source":"WinEventLog:Security","sourcetype":"WinEventLog:Security","index":"windows","EventCode":4768,"event_id":4768,"log_name":"Security","computer":"WIN-DC-02.corp.local","provider_name":"Microsoft-Windows-Security-Auditing","level":"Information","record_id":101533,"scenario":"Normal Kerberos TGT Request","attack_phase":"None","mitre_technique":"None","severity":"low","is_suspicious":false,"target_user":"rpatel","target_domain":"CORP","src_ip":"10.10.10.186","dest_host":"WIN-DC-02","authentication_package":"Kerberos","certificate_issuer_name":"","pre_auth_type":"2","message":"A Kerberos authentication ticket (TGT) was requested."}
{"timestamp":"2026-09-07T16:28:11Z","host":"WIN-DC-01","source":"WinEventLog:Security","sourcetype":"WinEventLog:Security","index":"windows","EventCode":4768,"event_id":4768,"log_name":"Security","computer":"WIN-DC-01.corp.local","provider_name":"Microsoft-Windows-Security-Auditing","level":"Information","record_id":101534,"scenario":"Normal Kerberos TGT Request","attack_phase":"None","mitre_technique":"None","severity":"low","is_suspicious":false,"target_user":"kwright","target_domain":"CORP","src_ip":"10.10.10.47","dest_host":"WIN-DC-01","authentication_package":"Kerberos","certificate_issuer_name":"","pre_auth_type":"2","message":"A Kerberos authentication ticket (TGT) was requested."}
{"timestamp":"2026-09-07T16:29:56Z","host":"WIN-DC-01","source":"WinEventLog:Security","sourcetype":"WinEventLog:Security","index":"windows","EventCode":4768,"event_id":4768,"log_name":"Security","computer":"WIN-DC-01.corp.local","provider_name":"Microsoft-Windows-Security-Auditing","level":"Information","record_id":101535,"scenario":"Normal Kerberos TGT Request","attack_phase":"None","mitre_technique":"None","severity":"low","is_suspicious":false,"target_user":"jsmith","target_domain":"CORP","src_ip":"10.10.10.217","dest_host":"WIN-DC-01","authentication_package":"Kerberos","certificate_issuer_name":"","pre_auth_type":"2","message":"A Kerberos authentication ticket (TGT) was requested."}
{"timestamp":"2026-09-07T16:32:15Z","host":"WIN-DC-01","source":"WinEventLog:Security","sourcetype":"WinEventLog:Security","index":"windows","EventCode":4768,"event_id":4768,"log_name":"Security","computer":"WIN-DC-01.corp.local","provider_name":"Microsoft-Windows-Security-Auditing","level":"Information","record_id":101536,"scenario":"Normal Kerberos TGT Request","attack_phase":"None","mitre_technique":"None","severity":"low","is_suspicious":false,"target_user":"agarcia","target_domain":"CORP","src_ip":"10.10.10.214","dest_host":"WIN-DC-01","authentication_package":"Kerberos","certificate_issuer_name":"","pre_auth_type":"2","message":"A Kerberos authentication ticket (TGT) was requested."}
{"timestamp":"2026-09-07T16:33:30Z","host":"WIN-DC-01","source":"WinEventLog:Security","sourcetype":"WinEventLog:Security","index":"windows","EventCode":4768,"event_id":4768,"log_name":"Security","computer":"WIN-DC-01.corp.local","provider_name":"Microsoft-Windows-Security-Auditing","level":"Information","record_id":101537,"scenario":"Normal Kerberos TGT Request","attack_phase":"None","mitre_technique":"None","severity":"low","is_suspicious":false,"target_user":"tnguyen","target_domain":"CORP","src_ip":"10.10.10.88","dest_host":"WIN-DC-01","authentication_package":"Kerberos","certificate_issuer_name":"","pre_auth_type":"2","message":"A Kerberos authentication ticket (TGT) was requested."}
{"timestamp":"2026-09-07T16:35:22Z","host":"WIN-DC-02","source":"WinEventLog:Security","sourcetype":"WinEventLog:Security","index":"windows","EventCode":4768,"event_id":4768,"log_name":"Security","computer":"WIN-DC-02.corp.local","provider_name":"Microsoft-Windows-Security-Auditing","level":"Information","record_id":101538,"scenario":"Normal Kerberos TGT Request","attack_phase":"None","mitre_technique":"None","severity":"low","is_suspicious":false,"target_user":"lwilson","target_domain":"CORP","src_ip":"10.10.10.63","dest_host":"WIN-DC-02","authentication_package":"Kerberos","certificate_issuer_name":"","pre_auth_type":"2","message":"A Kerberos authentication ticket (TGT) was requested."}
{"timestamp":"2026-09-07T16:38:36Z","host":"WIN-DC-01","source":"WinEventLog:Security","sourcetype":"WinEventLog:Security","index":"windows","EventCode":4768,"event_id":4768,"log_name":"Security","computer":"WIN-DC-01.corp.local","provider_name":"Microsoft-Windows-Security-Auditing","level":"Information","record_id":101539,"scenario":"Normal Kerberos TGT Request","attack_phase":"None","mitre_technique":"None","severity":"low","is_suspicious":false,"target_user":"kwright","target_domain":"CORP","src_ip":"10.10.10.242","dest_host":"WIN-DC-01","authentication_package":"Kerberos","certificate_issuer_name":"","pre_auth_type":"2","message":"A Kerberos authentication ticket (TGT) was requested."}
{"timestamp":"2026-09-07T16:43:10Z","host":"WIN-DC-02","source":"WinEventLog:Security","sourcetype":"WinEventLog:Security","index":"windows","EventCode":4768,"event_id":4768,"log_name":"Security","computer":"WIN-DC-02.corp.local","provider_name":"Microsoft-Windows-Security-Auditing","level":"Information","record_id":101540,"scenario":"Normal Kerberos TGT Request","attack_phase":"None","mitre_technique":"None","severity":"low","is_suspicious":false,"target_user":"cwalker","target_domain":"CORP","src_ip":"10.10.10.226","dest_host":"WIN-DC-02","authentication_package":"Kerberos","certificate_issuer_name":"","pre_auth_type":"2","message":"A Kerberos authentication ticket (TGT) was requested."}
{"timestamp":"2026-09-07T16:43:48Z","host":"WIN-DC-01","source":"WinEventLog:Security","sourcetype":"WinEventLog:Security","index":"windows","EventCode":4768,"event_id":4768,"log_name":"Security","computer":"WIN-DC-01.corp.local","provider_name":"Microsoft-Windows-Security-Auditing","level":"Information","record_id":101541,"scenario":"Normal Kerberos TGT Request","attack_phase":"None","mitre_technique":"None","severity":"low","is_suspicious":false,"target_user":"agarcia","target_domain":"CORP","src_ip":"10.10.10.227","dest_host":"WIN-DC-01","authentication_package":"Kerberos","certificate_issuer_name":"","pre_auth_type":"2","message":"A Kerberos authentication ticket (TGT) was requested."}
{"timestamp":"2026-09-07T16:44:59Z","host":"WIN-DC-01","source":"WinEventLog:Security","sourcetype":"WinEventLog:Security","index":"windows","EventCode":4768,"event_id":4768,"log_name":"Security","computer":"WIN-DC-01.corp.local","provider_name":"Microsoft-Windows-Security-Auditing","level":"Information","record_id":101542,"scenario":"Normal Kerberos TGT Request","attack_phase":"None","mitre_technique":"None","severity":"low","is_suspicious":false,"target_user":"rpatel","target_domain":"CORP","src_ip":"10.10.10.138","dest_host":"WIN-DC-01","authentication_package":"Kerberos","certificate_issuer_name":"","pre_auth_type":"2","message":"A Kerberos authentication ticket (TGT) was requested."}
{"timestamp":"2026-09-07T16:48:17Z","host":"WIN-DC-02","source":"WinEventLog:Security","sourcetype":"WinEventLog:Security","index":"windows","EventCode":4768,"event_id":4768,"log_name":"Security","computer":"WIN-DC-02.corp.local","provider_name":"Microsoft-Windows-Security-Auditing","level":"Information","record_id":101543,"scenario":"Normal Kerberos TGT Request","attack_phase":"None","mitre_technique":"None","severity":"low","is_suspicious":false,"target_user":"kwright","target_domain":"CORP","src_ip":"10.10.10.155","dest_host":"WIN-DC-02","authentication_package":"Kerberos","certificate_issuer_name":"","pre_auth_type":"2","message":"A Kerberos authentication ticket (TGT) was requested."}
{"timestamp":"2026-09-07T16:52:01Z","host":"WIN-DC-01","source":"WinEventLog:Security","sourcetype":"WinEventLog:Security","index":"windows","EventCode":4768,"event_id":4768,"log_name":"Security","computer":"WIN-DC-01.corp.local","provider_name":"Microsoft-Windows-Security-Auditing","level":"Information","record_id":101544,"scenario":"Normal Kerberos TGT Request","attack_phase":"None","mitre_technique":"None","severity":"low","is_suspicious":false,"target_user":"rpatel","target_domain":"CORP","src_ip":"10.10.10.197","dest_host":"WIN-DC-01","authentication_package":"Kerberos","certificate_issuer_name":"","pre_auth_type":"2","message":"A Kerberos authentication ticket (TGT) was requested."}
{"timestamp":"2026-09-07T16:53:42Z","host":"WIN-DC-02","source":"WinEventLog:Security","sourcetype":"WinEventLog:Security","index":"windows","EventCode":4768,"event_id":4768,"log_name":"Security","computer":"WIN-DC-02.corp.local","provider_name":"Microsoft-Windows-Security-Auditing","level":"Information","record_id":101545,"scenario":"Normal Kerberos TGT Request","attack_phase":"None","mitre_technique":"None","severity":"low","is_suspicious":false,"target_user":"sbrooks","target_domain":"CORP","src_ip":"10.10.10.204","dest_host":"WIN-DC-02","authentication_package":"Kerberos","certificate_issuer_name":"","pre_auth_type":"2","message":"A Kerberos authentication ticket (TGT) was requested."}
{"timestamp":"2026-09-07T16:55:03Z","host":"WIN-DC-01","source":"WinEventLog:Security","sourcetype":"WinEventLog:Security","index":"windows","EventCode":4768,"event_id":4768,"log_name":"Security","computer":"WIN-DC-01.corp.local","provider_name":"Microsoft-Windows-Security-Auditing","level":"Information","record_id":101546,"scenario":"Normal Kerberos TGT Request","attack_phase":"None","mitre_technique":"None","severity":"low","is_suspicious":false,"target_user":"kwright","target_domain":"CORP","src_ip":"10.10.10.15","dest_host":"WIN-DC-01","authentication_package":"Kerberos","certificate_issuer_name":"","pre_auth_type":"2","message":"A Kerberos authentication ticket (TGT) was requested."}
{"timestamp":"2026-09-07T16:57:31Z","host":"WIN-DC-02","source":"WinEventLog:Security","sourcetype":"WinEventLog:Security","index":"windows","EventCode":4768,"event_id":4768,"log_name":"Security","computer":"WIN-DC-02.corp.local","provider_name":"Microsoft-Windows-Security-Auditing","level":"Information","record_id":101547,"scenario":"Normal Kerberos TGT Request","attack_phase":"None","mitre_technique":"None","severity":"low","is_suspicious":false,"target_user":"mchen","target_domain":"CORP","src_ip":"10.10.10.55","dest_host":"WIN-DC-02","authentication_package":"Kerberos","certificate_issuer_name":"","pre_auth_type":"2","message":"A Kerberos authentication ticket (TGT) was requested."}
{"timestamp":"2026-09-07T16:58:17Z","host":"WIN-DC-01","source":"WinEventLog:Security","sourcetype":"WinEventLog:Security","index":"windows","EventCode":4768,"event_id":4768,"log_name":"Security","computer":"WIN-DC-01.corp.local","provider_name":"Microsoft-Windows-Security-Auditing","level":"Information","record_id":101548,"scenario":"Normal Kerberos TGT Request","attack_phase":"None","mitre_technique":"None","severity":"low","is_suspicious":false,"target_user":"dohara","target_domain":"CORP","src_ip":"10.10.10.44","dest_host":"WIN-DC-01","authentication_package":"Kerberos","certificate_issuer_name":"","pre_auth_type":"2","message":"A Kerberos authentication ticket (TGT) was requested."}
{"timestamp":"2026-09-07T17:02:42Z","host":"WIN-DC-02","source":"WinEventLog:Security","sourcetype":"WinEventLog:Security","index":"windows","EventCode":4768,"event_id":4768,"log_name":"Security","computer":"WIN-DC-02.corp.local","provider_name":"Microsoft-Windows-Security-Auditing","level":"Information","record_id":101549,"scenario":"Normal Kerberos TGT Request","attack_phase":"None","mitre_technique":"None","severity":"low","is_suspicious":false,"target_user":"tnguyen","target_domain":"CORP","src_ip":"10.10.10.129","dest_host":"WIN-DC-02","authentication_package":"Kerberos","certificate_issuer_name":"","pre_auth_type":"2","message":"A Kerberos authentication ticket (TGT) was requested."}
{"timestamp":"2026-09-07T17:07:12Z","host":"WIN-DC-01","source":"WinEventLog:Security","sourcetype":"WinEventLog:Security","index":"windows","EventCode":4768,"event_id":4768,"log_name":"Security","computer":"WIN-DC-01.corp.local","provider_name":"Microsoft-Windows-Security-Auditing","level":"Information","record_id":101550,"scenario":"Normal Kerberos TGT Request","attack_phase":"None","mitre_technique":"None","severity":"low","is_suspicious":false,"target_user":"dohara","target_domain":"CORP","src_ip":"10.10.10.84","dest_host":"WIN-DC-01","authentication_package":"Kerberos","certificate_issuer_name":"","pre_auth_type":"2","message":"A Kerberos authentication ticket (TGT) was requested."}
{"timestamp":"2026-09-07T17:10:28Z","host":"WIN-DC-02","source":"WinEventLog:Security","sourcetype":"WinEventLog:Security","index":"windows","EventCode":4768,"event_id":4768,"log_name":"Security","computer":"WIN-DC-02.corp.local","provider_name":"Microsoft-Windows-Security-Auditing","level":"Information","record_id":101551,"scenario":"Normal Kerberos TGT Request","attack_phase":"None","mitre_technique":"None","severity":"low","is_suspicious":false,"target_user":"sbrooks","target_domain":"CORP","src_ip":"10.10.10.185","dest_host":"WIN-DC-02","authentication_package":"Kerberos","certificate_issuer_name":"","pre_auth_type":"2","message":"A Kerberos authentication ticket (TGT) was requested."}
{"timestamp":"2026-09-07T17:14:46Z","host":"WIN-DC-02","source":"WinEventLog:Security","sourcetype":"WinEventLog:Security","index":"windows","EventCode":4768,"event_id":4768,"log_name":"Security","computer":"WIN-DC-02.corp.local","provider_name":"Microsoft-Windows-Security-Auditing","level":"Information","record_id":101552,"scenario":"Normal Kerberos TGT Request","attack_phase":"None","mitre_technique":"None","severity":"low","is_suspicious":false,"target_user":"dohara","target_domain":"CORP","src_ip":"10.10.10.150","dest_host":"WIN-DC-02","authentication_package":"Kerberos","certificate_issuer_name":"","pre_auth_type":"2","message":"A Kerberos authentication ticket (TGT) was requested."}
{"timestamp":"2026-09-07T17:18:16Z","host":"WIN-DC-01","source":"WinEventLog:Security","sourcetype":"WinEventLog:Security","index":"windows","EventCode":4768,"event_id":4768,"log_name":"Security","computer":"WIN-DC-01.corp.local","provider_name":"Microsoft-Windows-Security-Auditing","level":"Information","record_id":101553,"scenario":"Normal Kerberos TGT Request","attack_phase":"None","mitre_technique":"None","severity":"low","is_suspicious":false,"target_user":"cwalker","target_domain":"CORP","src_ip":"10.10.10.55","dest_host":"WIN-DC-01","authentication_package":"Kerberos","certificate_issuer_name":"","pre_auth_type":"2","message":"A Kerberos authentication ticket (TGT) was requested."}
{"timestamp":"2026-09-07T17:20:13Z","host":"WIN-DC-02","source":"WinEventLog:Security","sourcetype":"WinEventLog:Security","index":"windows","EventCode":4768,"event_id":4768,"log_name":"Security","computer":"WIN-DC-02.corp.local","provider_name":"Microsoft-Windows-Security-Auditing","level":"Information","record_id":101554,"scenario":"Normal Kerberos TGT Request","attack_phase":"None","mitre_technique":"None","severity":"low","is_suspicious":false,"target_user":"rpatel","target_domain":"CORP","src_ip":"10.10.10.222","dest_host":"WIN-DC-02","authentication_package":"Kerberos","certificate_issuer_name":"","pre_auth_type":"2","message":"A Kerberos authentication ticket (TGT) was requested."}
{"timestamp":"2026-09-07T17:22:18Z","host":"WIN-DC-01","source":"WinEventLog:Security","sourcetype":"WinEventLog:Security","index":"windows","EventCode":4768,"event_id":4768,"log_name":"Security","computer":"WIN-DC-01.corp.local","provider_name":"Microsoft-Windows-Security-Auditing","level":"Information","record_id":101555,"scenario":"Normal Kerberos TGT Request","attack_phase":"None","mitre_technique":"None","severity":"low","is_suspicious":false,"target_user":"tnguyen","target_domain":"CORP","src_ip":"10.10.10.80","dest_host":"WIN-DC-01","authentication_package":"Kerberos","certificate_issuer_name":"","pre_auth_type":"2","message":"A Kerberos authentication ticket (TGT) was requested."}
{"timestamp":"2026-09-07T17:26:00Z","host":"WIN-DC-01","source":"WinEventLog:Security","sourcetype":"WinEventLog:Security","index":"windows","EventCode":4768,"event_id":4768,"log_name":"Security","computer":"WIN-DC-01.corp.local","provider_name":"Microsoft-Windows-Security-Auditing","level":"Information","record_id":101556,"scenario":"Normal Kerberos TGT Request","attack_phase":"None","mitre_technique":"None","severity":"low","is_suspicious":false,"target_user":"tnguyen","target_domain":"CORP","src_ip":"10.10.10.241","dest_host":"WIN-DC-01","authentication_package":"Kerberos","certificate_issuer_name":"","pre_auth_type":"2","message":"A Kerberos authentication ticket (TGT) was requested."}
{"timestamp":"2026-09-07T17:29:16Z","host":"WIN-DC-01","source":"WinEventLog:Security","sourcetype":"WinEventLog:Security","index":"windows","EventCode":4768,"event_id":4768,"log_name":"Security","computer":"WIN-DC-01.corp.local","provider_name":"Microsoft-Windows-Security-Auditing","level":"Information","record_id":101557,"scenario":"Normal Kerberos TGT Request","attack_phase":"None","mitre_technique":"None","severity":"low","is_suspicious":false,"target_user":"lwilson","target_domain":"CORP","src_ip":"10.10.10.36","dest_host":"WIN-DC-01","authentication_package":"Kerberos","certificate_issuer_name":"","pre_auth_type":"2","message":"A Kerberos authentication ticket (TGT) was requested."}
{"timestamp":"2026-09-07T17:30:04Z","host":"WIN-DC-02","source":"WinEventLog:Security","sourcetype":"WinEventLog:Security","index":"windows","EventCode":4768,"event_id":4768,"log_name":"Security","computer":"WIN-DC-02.corp.local","provider_name":"Microsoft-Windows-Security-Auditing","level":"Information","record_id":101558,"scenario":"Normal Kerberos TGT Request","attack_phase":"None","mitre_technique":"None","severity":"low","is_suspicious":false,"target_user":"lwilson","target_domain":"CORP","src_ip":"10.10.10.134","dest_host":"WIN-DC-02","authentication_package":"Kerberos","certificate_issuer_name":"","pre_auth_type":"2","message":"A Kerberos authentication ticket (TGT) was requested."}
{"timestamp":"2026-09-07T17:33:09Z","host":"WIN-DC-01","source":"WinEventLog:Security","sourcetype":"WinEventLog:Security","index":"windows","EventCode":4768,"event_id":4768,"log_name":"Security","computer":"WIN-DC-01.corp.local","provider_name":"Microsoft-Windows-Security-Auditing","level":"Information","record_id":101559,"scenario":"Normal Kerberos TGT Request","attack_phase":"None","mitre_technique":"None","severity":"low","is_suspicious":false,"target_user":"rpatel","target_domain":"CORP","src_ip":"10.10.10.121","dest_host":"WIN-DC-01","authentication_package":"Kerberos","certificate_issuer_name":"","pre_auth_type":"2","message":"A Kerberos authentication ticket (TGT) was requested."}
{"timestamp":"2026-09-07T17:37:36Z","host":"WIN-DC-02","source":"WinEventLog:Security","sourcetype":"WinEventLog:Security","index":"windows","EventCode":4768,"event_id":4768,"log_name":"Security","computer":"WIN-DC-02.corp.local","provider_name":"Microsoft-Windows-Security-Auditing","level":"Information","record_id":101560,"scenario":"Normal Kerberos TGT Request","attack_phase":"None","mitre_technique":"None","severity":"low","is_suspicious":false,"target_user":"cwalker","target_domain":"CORP","src_ip":"10.10.10.111","dest_host":"WIN-DC-02","authentication_package":"Kerberos","certificate_issuer_name":"","pre_auth_type":"2","message":"A Kerberos authentication ticket (TGT) was requested."}
{"timestamp":"2026-09-07T17:41:31Z","host":"WIN-DC-02","source":"WinEventLog:Security","sourcetype":"WinEventLog:Security","index":"windows","EventCode":4768,"event_id":4768,"log_name":"Security","computer":"WIN-DC-02.corp.local","provider_name":"Microsoft-Windows-Security-Auditing","level":"Information","record_id":101561,"scenario":"Normal Kerberos TGT Request","attack_phase":"None","mitre_technique":"None","severity":"low","is_suspicious":false,"target_user":"dohara","target_domain":"CORP","src_ip":"10.10.10.106","dest_host":"WIN-DC-02","authentication_package":"Kerberos","certificate_issuer_name":"","pre_auth_type":"2","message":"A Kerberos authentication ticket (TGT) was requested."}
{"timestamp":"2026-09-07T17:44:44Z","host":"WIN-DC-02","source":"WinEventLog:Security","sourcetype":"WinEventLog:Security","index":"windows","EventCode":4768,"event_id":4768,"log_name":"Security","computer":"WIN-DC-02.corp.local","provider_name":"Microsoft-Windows-Security-Auditing","level":"Information","record_id":101562,"scenario":"Normal Kerberos TGT Request","attack_phase":"None","mitre_technique":"None","severity":"low","is_suspicious":false,"target_user":"dohara","target_domain":"CORP","src_ip":"10.10.10.71","dest_host":"WIN-DC-02","authentication_package":"Kerberos","certificate_issuer_name":"","pre_auth_type":"2","message":"A Kerberos authentication ticket (TGT) was requested."}
{"timestamp":"2026-09-07T17:48:04Z","host":"WIN-DC-01","source":"WinEventLog:Security","sourcetype":"WinEventLog:Security","index":"windows","EventCode":4768,"event_id":4768,"log_name":"Security","computer":"WIN-DC-01.corp.local","provider_name":"Microsoft-Windows-Security-Auditing","level":"Information","record_id":101563,"scenario":"Normal Kerberos TGT Request","attack_phase":"None","mitre_technique":"None","severity":"low","is_suspicious":false,"target_user":"jsmith","target_domain":"CORP","src_ip":"10.10.10.115","dest_host":"WIN-DC-01","authentication_package":"Kerberos","certificate_issuer_name":"","pre_auth_type":"2","message":"A Kerberos authentication ticket (TGT) was requested."}
{"timestamp":"2026-09-07T17:50:08Z","host":"WIN-DC-01","source":"WinEventLog:Security","sourcetype":"WinEventLog:Security","index":"windows","EventCode":4768,"event_id":4768,"log_name":"Security","computer":"WIN-DC-01.corp.local","provider_name":"Microsoft-Windows-Security-Auditing","level":"Information","record_id":101564,"scenario":"Normal Kerberos TGT Request","attack_phase":"None","mitre_technique":"None","severity":"low","is_suspicious":false,"target_user":"lwilson","target_domain":"CORP","src_ip":"10.10.10.93","dest_host":"WIN-DC-01","authentication_package":"Kerberos","certificate_issuer_name":"","pre_auth_type":"2","message":"A Kerberos authentication ticket (TGT) was requested."}
{"timestamp":"2026-09-07T17:50:55Z","host":"WIN-DC-01","source":"WinEventLog:Security","sourcetype":"WinEventLog:Security","index":"windows","EventCode":4768,"event_id":4768,"log_name":"Security","computer":"WIN-DC-01.corp.local","provider_name":"Microsoft-Windows-Security-Auditing","level":"Information","record_id":101565,"scenario":"Normal Kerberos TGT Request","attack_phase":"None","mitre_technique":"None","severity":"low","is_suspicious":false,"target_user":"lwilson","target_domain":"CORP","src_ip":"10.10.10.203","dest_host":"WIN-DC-01","authentication_package":"Kerberos","certificate_issuer_name":"","pre_auth_type":"2","message":"A Kerberos authentication ticket (TGT) was requested."}
{"timestamp":"2026-09-07T17:53:21Z","host":"WIN-DC-01","source":"WinEventLog:Security","sourcetype":"WinEventLog:Security","index":"windows","EventCode":4768,"event_id":4768,"log_name":"Security","computer":"WIN-DC-01.corp.local","provider_name":"Microsoft-Windows-Security-Auditing","level":"Information","record_id":101566,"scenario":"Normal Kerberos TGT Request","attack_phase":"None","mitre_technique":"None","severity":"low","is_suspicious":false,"target_user":"rpatel","target_domain":"CORP","src_ip":"10.10.10.32","dest_host":"WIN-DC-01","authentication_package":"Kerberos","certificate_issuer_name":"","pre_auth_type":"2","message":"A Kerberos authentication ticket (TGT) was requested."}
{"timestamp":"2026-09-07T17:54:02Z","host":"WIN-DC-01","source":"WinEventLog:Security","sourcetype":"WinEventLog:Security","index":"windows","EventCode":4768,"event_id":4768,"log_name":"Security","computer":"WIN-DC-01.corp.local","provider_name":"Microsoft-Windows-Security-Auditing","level":"Information","record_id":101567,"scenario":"Normal Kerberos TGT Request","attack_phase":"None","mitre_technique":"None","severity":"low","is_suspicious":false,"target_user":"kwright","target_domain":"CORP","src_ip":"10.10.10.141","dest_host":"WIN-DC-01","authentication_package":"Kerberos","certificate_issuer_name":"","pre_auth_type":"2","message":"A Kerberos authentication ticket (TGT) was requested."}
{"timestamp":"2026-09-07T17:55:49Z","host":"WIN-DC-01","source":"WinEventLog:Security","sourcetype":"WinEventLog:Security","index":"windows","EventCode":4768,"event_id":4768,"log_name":"Security","computer":"WIN-DC-01.corp.local","provider_name":"Microsoft-Windows-Security-Auditing","level":"Information","record_id":101568,"scenario":"Normal Kerberos TGT Request","attack_phase":"None","mitre_technique":"None","severity":"low","is_suspicious":false,"target_user":"kwright","target_domain":"CORP","src_ip":"10.10.10.174","dest_host":"WIN-DC-01","authentication_package":"Kerberos","certificate_issuer_name":"","pre_auth_type":"2","message":"A Kerberos authentication ticket (TGT) was requested."}
{"timestamp":"2026-09-07T17:58:42Z","host":"WIN-DC-02","source":"WinEventLog:Security","sourcetype":"WinEventLog:Security","index":"windows","EventCode":4768,"event_id":4768,"log_name":"Security","computer":"WIN-DC-02.corp.local","provider_name":"Microsoft-Windows-Security-Auditing","level":"Information","record_id":101569,"scenario":"Normal Kerberos TGT Request","attack_phase":"None","mitre_technique":"None","severity":"low","is_suspicious":false,"target_user":"lwilson","target_domain":"CORP","src_ip":"10.10.10.192","dest_host":"WIN-DC-02","authentication_package":"Kerberos","certificate_issuer_name":"","pre_auth_type":"2","message":"A Kerberos authentication ticket (TGT) was requested."}
{"timestamp":"2026-09-07T18:01:07Z","host":"WIN-DC-01","source":"WinEventLog:Security","sourcetype":"WinEventLog:Security","index":"windows","EventCode":4768,"event_id":4768,"log_name":"Security","computer":"WIN-DC-01.corp.local","provider_name":"Microsoft-Windows-Security-Auditing","level":"Information","record_id":101570,"scenario":"Normal Kerberos TGT Request","attack_phase":"None","mitre_technique":"None","severity":"low","is_suspicious":false,"target_user":"rpatel","target_domain":"CORP","src_ip":"10.10.10.220","dest_host":"WIN-DC-01","authentication_package":"Kerberos","certificate_issuer_name":"","pre_auth_type":"2","message":"A Kerberos authentication ticket (TGT) was requested."}
{"timestamp":"2026-09-07T18:05:50Z","host":"WIN-DC-01","source":"WinEventLog:Security","sourcetype":"WinEventLog:Security","index":"windows","EventCode":4768,"event_id":4768,"log_name":"Security","computer":"WIN-DC-01.corp.local","provider_name":"Microsoft-Windows-Security-Auditing","level":"Information","record_id":101571,"scenario":"Normal Kerberos TGT Request","attack_phase":"None","mitre_technique":"None","severity":"low","is_suspicious":false,"target_user":"lwilson","target_domain":"CORP","src_ip":"10.10.10.199","dest_host":"WIN-DC-01","authentication_package":"Kerberos","certificate_issuer_name":"","pre_auth_type":"2","message":"A Kerberos authentication ticket (TGT) was requested."}
{"timestamp":"2026-09-07T18:08:28Z","host":"WIN-DC-02","source":"WinEventLog:Security","sourcetype":"WinEventLog:Security","index":"windows","EventCode":4768,"event_id":4768,"log_name":"Security","computer":"WIN-DC-02.corp.local","provider_name":"Microsoft-Windows-Security-Auditing","level":"Information","record_id":101572,"scenario":"Normal Kerberos TGT Request","attack_phase":"None","mitre_technique":"None","severity":"low","is_suspicious":false,"target_user":"lwilson","target_domain":"CORP","src_ip":"10.10.10.202","dest_host":"WIN-DC-02","authentication_package":"Kerberos","certificate_issuer_name":"","pre_auth_type":"2","message":"A Kerberos authentication ticket (TGT) was requested."}
{"timestamp":"2026-09-07T18:11:59Z","host":"WIN-DC-01","source":"WinEventLog:Security","sourcetype":"WinEventLog:Security","index":"windows","EventCode":4768,"event_id":4768,"log_name":"Security","computer":"WIN-DC-01.corp.local","provider_name":"Microsoft-Windows-Security-Auditing","level":"Information","record_id":101573,"scenario":"Normal Kerberos TGT Request","attack_phase":"None","mitre_technique":"None","severity":"low","is_suspicious":false,"target_user":"tnguyen","target_domain":"CORP","src_ip":"10.10.10.122","dest_host":"WIN-DC-01","authentication_package":"Kerberos","certificate_issuer_name":"","pre_auth_type":"2","message":"A Kerberos authentication ticket (TGT) was requested."}
{"timestamp":"2026-09-07T18:16:26Z","host":"WIN-DC-02","source":"WinEventLog:Security","sourcetype":"WinEventLog:Security","index":"windows","EventCode":4768,"event_id":4768,"log_name":"Security","computer":"WIN-DC-02.corp.local","provider_name":"Microsoft-Windows-Security-Auditing","level":"Information","record_id":101574,"scenario":"Normal Kerberos TGT Request","attack_phase":"None","mitre_technique":"None","severity":"low","is_suspicious":false,"target_user":"mchen","target_domain":"CORP","src_ip":"10.10.10.60","dest_host":"WIN-DC-02","authentication_package":"Kerberos","certificate_issuer_name":"","pre_auth_type":"2","message":"A Kerberos authentication ticket (TGT) was requested."}
{"timestamp":"2026-09-07T18:18:27Z","host":"WIN-DC-02","source":"WinEventLog:Security","sourcetype":"WinEventLog:Security","index":"windows","EventCode":4768,"event_id":4768,"log_name":"Security","computer":"WIN-DC-02.corp.local","provider_name":"Microsoft-Windows-Security-Auditing","level":"Information","record_id":101575,"scenario":"Normal Kerberos TGT Request","attack_phase":"None","mitre_technique":"None","severity":"low","is_suspicious":false,"target_user":"rpatel","target_domain":"CORP","src_ip":"10.10.10.61","dest_host":"WIN-DC-02","authentication_package":"Kerberos","certificate_issuer_name":"","pre_auth_type":"2","message":"A Kerberos authentication ticket (TGT) was requested."}
{"timestamp":"2026-09-07T18:22:56Z","host":"WIN-DC-02","source":"WinEventLog:Security","sourcetype":"WinEventLog:Security","index":"windows","EventCode":4768,"event_id":4768,"log_name":"Security","computer":"WIN-DC-02.corp.local","provider_name":"Microsoft-Windows-Security-Auditing","level":"Information","record_id":101576,"scenario":"Normal Kerberos TGT Request","attack_phase":"None","mitre_technique":"None","severity":"low","is_suspicious":false,"target_user":"cwalker","target_domain":"CORP","src_ip":"10.10.10.186","dest_host":"WIN-DC-02","authentication_package":"Kerberos","certificate_issuer_name":"","pre_auth_type":"2","message":"A Kerberos authentication ticket (TGT) was requested."}
{"timestamp":"2026-09-07T18:26:57Z","host":"WIN-DC-01","source":"WinEventLog:Security","sourcetype":"WinEventLog:Security","index":"windows","EventCode":4768,"event_id":4768,"log_name":"Security","computer":"WIN-DC-01.corp.local","provider_name":"Microsoft-Windows-Security-Auditing","level":"Information","record_id":101577,"scenario":"Normal Kerberos TGT Request","attack_phase":"None","mitre_technique":"None","severity":"low","is_suspicious":false,"target_user":"kwright","target_domain":"CORP","src_ip":"10.10.10.82","dest_host":"WIN-DC-01","authentication_package":"Kerberos","certificate_issuer_name":"","pre_auth_type":"2","message":"A Kerberos authentication ticket (TGT) was requested."}
{"timestamp":"2026-09-07T18:28:38Z","host":"WIN-DC-02","source":"WinEventLog:Security","sourcetype":"WinEventLog:Security","index":"windows","EventCode":4768,"event_id":4768,"log_name":"Security","computer":"WIN-DC-02.corp.local","provider_name":"Microsoft-Windows-Security-Auditing","level":"Information","record_id":101578,"scenario":"Normal Kerberos TGT Request","attack_phase":"None","mitre_technique":"None","severity":"low","is_suspicious":false,"target_user":"tnguyen","target_domain":"CORP","src_ip":"10.10.10.55","dest_host":"WIN-DC-02","authentication_package":"Kerberos","certificate_issuer_name":"","pre_auth_type":"2","message":"A Kerberos authentication ticket (TGT) was requested."}
