{"timestamp":"2026-09-01T21:11:57Z","host":"WIN-CLIENT-01","source":"WinEventLog:Security","sourcetype":"WinEventLog:Security","index":"windows","EventCode":4624,"event_id":4624,"log_name":"Security","computer":"WIN-CLIENT-01.corp.local","provider_name":"Microsoft-Windows-Security-Auditing","level":"Information","record_id":100239,"scenario":"Normal Authentication","attack_phase":"None","mitre_technique":"None","severity":"low","is_suspicious":false,"subject_user":"SYSTEM","subject_domain":"NT AUTHORITY","target_user":"rpatel","target_domain":"CORP","src_ip":"10.10.20.52","src_port":51842,"dest_host":"WIN-CLIENT-01","logon_type":3,"authentication_package":"Kerberos","workstation_name":"WIN-CLIENT-01","logon_id":"0xAA36D","logon_process":"NtLmSsp","ip_address":"10.10.20.52","message":"An account was successfully logged on."}
{"timestamp":"2026-09-01T21:14:43Z","host":"WIN-SRV-02","source":"WinEventLog:Security","sourcetype":"WinEventLog:Security","index":"windows","EventCode":4624,"event_id":4624,"log_name":"Security","computer":"WIN-SRV-02.corp.local","provider_name":"Microsoft-Windows-Security-Auditing","level":"Information","record_id":100240,"scenario":"Normal Authentication","attack_phase":"None","mitre_technique":"None","severity":"low","is_suspicious":false,"subject_user":"SYSTEM","subject_domain":"NT AUTHORITY","target_user":"svc_web","target_domain":"CORP","src_ip":"10.10.10.47","src_port":64585,"dest_host":"WIN-SRV-02","logon_type":10,"authentication_package":"Kerberos","workstation_name":"WIN-SRV-02","logon_id":"0xD5D95","logon_process":"Advapi","ip_address":"10.10.10.47","message":"An account was successfully logged on."}
{"timestamp":"2026-09-01T21:23:18Z","host":"WIN-SRV-02","source":"WinEventLog:Security","sourcetype":"WinEventLog:Security","index":"windows","EventCode":4624,"event_id":4624,"log_name":"Security","computer":"WIN-SRV-02.corp.local","provider_name":"Microsoft-Windows-Security-Auditing","level":"Information","record_id":100241,"scenario":"Normal Authentication","attack_phase":"None","mitre_technique":"None","severity":"low","is_suspicious":false,"subject_user":"SYSTEM","subject_domain":"NT AUTHORITY","target_user":"dohara","target_domain":"CORP","src_ip":"10.10.20.176","src_port":64141,"dest_host":"WIN-SRV-02","logon_type":7,"authentication_package":"Kerberos","workstation_name":"WIN-SRV-02","logon_id":"0xF1CDE","logon_process":"User32","ip_address":"10.10.20.176","message":"An account was successfully logged on."}
{"timestamp":"2026-09-01T21:33:06Z","host":"WIN-SRV-01","source":"WinEventLog:Security","sourcetype":"WinEventLog:Security","index":"windows","EventCode":4624,"event_id":4624,"log_name":"Security","computer":"WIN-SRV-01.corp.local","provider_name":"Microsoft-Windows-Security-Auditing","level":"Information","record_id":100242,"scenario":"Normal Authentication","attack_phase":"None","mitre_technique":"None","severity":"low","is_suspicious":false,"subject_user":"SYSTEM","subject_domain":"NT AUTHORITY","target_user":"svc_backup","target_domain":"CORP","src_ip":"10.10.20.223","src_port":64908,"dest_host":"WIN-SRV-01","logon_type":7,"authentication_package":"Kerberos","workstation_name":"WIN-SRV-01","logon_id":"0xB0915","logon_process":"User32","ip_address":"10.10.20.223","message":"An account was successfully logged on."}
{"timestamp":"2026-09-01T21:38:39Z","host":"WIN-CLIENT-04","source":"WinEventLog:Security","sourcetype":"WinEventLog:Security","index":"windows","EventCode":4624,"event_id":4624,"log_name":"Security","computer":"WIN-CLIENT-04.corp.local","provider_name":"Microsoft-Windows-Security-Auditing","level":"Information","record_id":100243,"scenario":"Normal Authentication","attack_phase":"None","mitre_technique":"None","severity":"low","is_suspicious":false,"subject_user":"SYSTEM","subject_domain":"NT AUTHORITY","target_user":"mchen","target_domain":"CORP","src_ip":"10.10.20.115","src_port":59344,"dest_host":"WIN-CLIENT-04","logon_type":2,"authentication_package":"Kerberos","workstation_name":"WIN-CLIENT-04","logon_id":"0x5D85A","logon_process":"User32","ip_address":"10.10.20.115","message":"An account was successfully logged on."}
{"timestamp":"2026-09-01T21:43:30Z","host":"WIN-CLIENT-01","source":"WinEventLog:Security","sourcetype":"WinEventLog:Security","index":"windows","EventCode":4624,"event_id":4624,"log_name":"Security","computer":"WIN-CLIENT-01.corp.local","provider_name":"Microsoft-Windows-Security-Auditing","level":"Information","record_id":100244,"scenario":"Normal Authentication","attack_phase":"None","mitre_technique":"None","severity":"low","is_suspicious":false,"subject_user":"SYSTEM","subject_domain":"NT AUTHORITY","target_user":"cwalker","target_domain":"CORP","src_ip":"10.10.10.81","src_port":56565,"dest_host":"WIN-CLIENT-01","logon_type":4,"authentication_package":"Kerberos","workstation_name":"WIN-CLIENT-01","logon_id":"0x83B0A","logon_process":"Advapi","ip_address":"10.10.10.81","message":"An account was successfully logged on."}
{"timestamp":"2026-09-01T21:44:18Z","host":"WIN-CLIENT-03","source":"WinEventLog:Security","sourcetype":"WinEventLog:Security","index":"windows","EventCode":4624,"event_id":4624,"log_name":"Security","computer":"WIN-CLIENT-03.corp.local","provider_name":"Microsoft-Windows-Security-Auditing","level":"Information","record_id":100245,"scenario":"Normal Authentication","attack_phase":"None","mitre_technique":"None","severity":"low","is_suspicious":false,"subject_user":"SYSTEM","subject_domain":"NT AUTHORITY","target_user":"jsmith","target_domain":"CORP","src_ip":"10.10.20.21","src_port":59562,"dest_host":"WIN-CLIENT-03","logon_type":11,"authentication_package":"Kerberos","workstation_name":"WIN-CLIENT-03","logon_id":"0xED3F7","logon_process":"User32","ip_address":"10.10.20.21","message":"An account was successfully logged on."}
{"timestamp":"2026-09-01T21:46:00Z","host":"WIN-CLIENT-05","source":"WinEventLog:Security","sourcetype":"WinEventLog:Security","index":"windows","EventCode":4624,"event_id":4624,"log_name":"Security","computer":"WIN-CLIENT-05.corp.local","provider_name":"Microsoft-Windows-Security-Auditing","level":"Information","record_id":100246,"scenario":"Normal Authentication","attack_phase":"None","mitre_technique":"None","severity":"low","is_suspicious":false,"subject_user":"SYSTEM","subject_domain":"NT AUTHORITY","target_user":"cwalker","target_domain":"CORP","src_ip":"10.10.20.120","src_port":58508,"dest_host":"WIN-CLIENT-05","logon_type":7,"authentication_package":"Kerberos","workstation_name":"WIN-CLIENT-05","logon_id":"0x9DE7A","logon_process":"User32","ip_address":"10.10.20.120","message":"An account was successfully logged on."}
{"timestamp":"2026-09-01T21:46:52Z","host":"WIN-SRV-02","source":"WinEventLog:Security","sourcetype":"WinEventLog:Security","index":"windows","EventCode":4624,"event_id":4624,"log_name":"Security","computer":"WIN-SRV-02.corp.local","provider_name":"Microsoft-Windows-Security-Auditing","level":"Information","record_id":100247,"scenario":"Normal Authentication","attack_phase":"None","mitre_technique":"None","severity":"low","is_suspicious":false,"subject_user":"SYSTEM","subject_domain":"NT AUTHORITY","target_user":"dohara","target_domain":"CORP","src_ip":"10.10.10.84","src_port":58912,"dest_host":"WIN-SRV-02","logon_type":7,"authentication_package":"Kerberos","workstation_name":"WIN-SRV-02","logon_id":"0x89C2D","logon_process":"User32","ip_address":"10.10.10.84","message":"An account was successfully logged on."}
{"timestamp":"2026-09-01T21:55:35Z","host":"WIN-CLIENT-01","source":"WinEventLog:Security","sourcetype":"WinEventLog:Security","index":"windows","EventCode":4624,"event_id":4624,"log_name":"Security","computer":"WIN-CLIENT-01.corp.local","provider_name":"Microsoft-Windows-Security-Auditing","level":"Information","record_id":100248,"scenario":"Normal Authentication","attack_phase":"None","mitre_technique":"None","severity":"low","is_suspicious":false,"subject_user":"SYSTEM","subject_domain":"NT AUTHORITY","target_user":"mchen","target_domain":"CORP","src_ip":"10.10.10.209","src_port":63731,"dest_host":"WIN-CLIENT-01","logon_type":5,"authentication_package":"Kerberos","workstation_name":"WIN-CLIENT-01","logon_id":"0xE65E5","logon_process":"Advapi","ip_address":"10.10.10.209","message":"An account was successfully logged on."}
{"timestamp":"2026-09-01T22:01:36Z","host":"WIN-CLIENT-01","source":"WinEventLog:Security","sourcetype":"WinEventLog:Security","index":"windows","EventCode":4624,"event_id":4624,"log_name":"Security","computer":"WIN-CLIENT-01.corp.local","provider_name":"Microsoft-Windows-Security-Auditing","level":"Information","record_id":100249,"scenario":"Normal Authentication","attack_phase":"None","mitre_technique":"None","severity":"low","is_suspicious":false,"subject_user":"SYSTEM","subject_domain":"NT AUTHORITY","target_user":"svc_sql","target_domain":"CORP","src_ip":"10.10.10.12","src_port":53059,"dest_host":"WIN-CLIENT-01","logon_type":7,"authentication_package":"Kerberos","workstation_name":"WIN-CLIENT-01","logon_id":"0xC526B","logon_process":"User32","ip_address":"10.10.10.12","message":"An account was successfully logged on."}
{"timestamp":"2026-09-01T22:09:14Z","host":"WIN-CLIENT-05","source":"WinEventLog:Security","sourcetype":"WinEventLog:Security","index":"windows","EventCode":4624,"event_id":4624,"log_name":"Security","computer":"WIN-CLIENT-05.corp.local","provider_name":"Microsoft-Windows-Security-Auditing","level":"Information","record_id":100250,"scenario":"Normal Authentication","attack_phase":"None","mitre_technique":"None","severity":"low","is_suspicious":false,"subject_user":"SYSTEM","subject_domain":"NT AUTHORITY","target_user":"dohara","target_domain":"CORP","src_ip":"10.10.10.95","src_port":55108,"dest_host":"WIN-CLIENT-05","logon_type":7,"authentication_package":"Kerberos","workstation_name":"WIN-CLIENT-05","logon_id":"0xFAFDE","logon_process":"User32","ip_address":"10.10.10.95","message":"An account was successfully logged on."}
{"timestamp":"2026-09-01T22:14:13Z","host":"WIN-CLIENT-04","source":"WinEventLog:Security","sourcetype":"WinEventLog:Security","index":"windows","EventCode":4624,"event_id":4624,"log_name":"Security","computer":"WIN-CLIENT-04.corp.local","provider_name":"Microsoft-Windows-Security-Auditing","level":"Information","record_id":100251,"scenario":"Normal Authentication","attack_phase":"None","mitre_technique":"None","severity":"low","is_suspicious":false,"subject_user":"SYSTEM","subject_domain":"NT AUTHORITY","target_user":"tnguyen","target_domain":"CORP","src_ip":"10.10.20.175","src_port":58795,"dest_host":"WIN-CLIENT-04","logon_type":11,"authentication_package":"Kerberos","workstation_name":"WIN-CLIENT-04","logon_id":"0x1D67D","logon_process":"User32","ip_address":"10.10.20.175","message":"An account was successfully logged on."}
{"timestamp":"2026-09-01T22:20:05Z","host":"WIN-CLIENT-03","source":"WinEventLog:Security","sourcetype":"WinEventLog:Security","index":"windows","EventCode":4624,"event_id":4624,"log_name":"Security","computer":"WIN-CLIENT-03.corp.local","provider_name":"Microsoft-Windows-Security-Auditing","level":"Information","record_id":100252,"scenario":"Normal Authentication","attack_phase":"None","mitre_technique":"None","severity":"low","is_suspicious":false,"subject_user":"SYSTEM","subject_domain":"NT AUTHORITY","target_user":"agarcia","target_domain":"CORP","src_ip":"10.10.20.74","src_port":53128,"dest_host":"WIN-CLIENT-03","logon_type":2,"authentication_package":"Kerberos","workstation_name":"WIN-CLIENT-03","logon_id":"0xC9469","logon_process":"User32","ip_address":"10.10.20.74","message":"An account was successfully logged on."}
{"timestamp":"2026-09-01T22:22:48Z","host":"WIN-CLIENT-01","source":"WinEventLog:Security","sourcetype":"WinEventLog:Security","index":"windows","EventCode":4624,"event_id":4624,"log_name":"Security","computer":"WIN-CLIENT-01.corp.local","provider_name":"Microsoft-Windows-Security-Auditing","level":"Information","record_id":100253,"scenario":"Normal Authentication","attack_phase":"None","mitre_technique":"None","severity":"low","is_suspicious":false,"subject_user":"SYSTEM","subject_domain":"NT AUTHORITY","target_user":"kwright","target_domain":"CORP","src_ip":"10.10.10.236","src_port":54731,"dest_host":"WIN-CLIENT-01","logon_type":7,"authentication_package":"Kerberos","workstation_name":"WIN-CLIENT-01","logon_id":"0x5F6B5","logon_process":"User32","ip_address":"10.10.10.236","message":"An account was successfully logged on."}
{"timestamp":"2026-09-01T22:29:39Z","host":"WIN-CLIENT-05","source":"WinEventLog:Security","sourcetype":"WinEventLog:Security","index":"windows","EventCode":4624,"event_id":4624,"log_name":"Security","computer":"WIN-CLIENT-05.corp.local","provider_name":"Microsoft-Windows-Security-Auditing","level":"Information","record_id":100254,"scenario":"Normal Authentication","attack_phase":"None","mitre_technique":"None","severity":"low","is_suspicious":false,"subject_user":"SYSTEM","subject_domain":"NT AUTHORITY","target_user":"mchen","target_domain":"CORP","src_ip":"10.10.10.81","src_port":58157,"dest_host":"WIN-CLIENT-05","logon_type":10,"authentication_package":"Kerberos","workstation_name":"WIN-CLIENT-05","logon_id":"0x706E0","logon_process":"Advapi","ip_address":"10.10.10.81","message":"An account was successfully logged on."}
{"timestamp":"2026-09-01T22:35:25Z","host":"WIN-SRV-01","source":"WinEventLog:Security","sourcetype":"WinEventLog:Security","index":"windows","EventCode":4624,"event_id":4624,"log_name":"Security","computer":"WIN-SRV-01.corp.local","provider_name":"Microsoft-Windows-Security-Auditing","level":"Information","record_id":100255,"scenario":"Normal Authentication","attack_phase":"None","mitre_technique":"None","severity":"low","is_suspicious":false,"subject_user":"SYSTEM","subject_domain":"NT AUTHORITY","target_user":"mchen","target_domain":"CORP","src_ip":"10.10.10.167","src_port":59984,"dest_host":"WIN-SRV-01","logon_type":10,"authentication_package":"Kerberos","workstation_name":"WIN-SRV-01","logon_id":"0x7C645","logon_process":"Advapi","ip_address":"10.10.10.167","message":"An account was successfully logged on."}
{"timestamp":"2026-09-01T22:44:15Z","host":"WIN-CLIENT-01","source":"WinEventLog:Security","sourcetype":"WinEventLog:Security","index":"windows","EventCode":4624,"event_id":4624,"log_name":"Security","computer":"WIN-CLIENT-01.corp.local","provider_name":"Microsoft-Windows-Security-Auditing","level":"Information","record_id":100256,"scenario":"Normal Authentication","attack_phase":"None","mitre_technique":"None","severity":"low","is_suspicious":false,"subject_user":"SYSTEM","subject_domain":"NT AUTHORITY","target_user":"kwright","target_domain":"CORP","src_ip":"10.10.20.48","src_port":64583,"dest_host":"WIN-CLIENT-01","logon_type":4,"authentication_package":"Kerberos","workstation_name":"WIN-CLIENT-01","logon_id":"0x46D55","logon_process":"Advapi","ip_address":"10.10.20.48","message":"An account was successfully logged on."}
{"timestamp":"2026-09-01T22:50:14Z","host":"WIN-CLIENT-04","source":"WinEventLog:Security","sourcetype":"WinEventLog:Security","index":"windows","EventCode":4624,"event_id":4624,"log_name":"Security","computer":"WIN-CLIENT-04.corp.local","provider_name":"Microsoft-Windows-Security-Auditing","level":"Information","record_id":100257,"scenario":"Normal Authentication","attack_phase":"None","mitre_technique":"None","severity":"low","is_suspicious":false,"subject_user":"SYSTEM","subject_domain":"NT AUTHORITY","target_user":"svc_web","target_domain":"CORP","src_ip":"10.10.10.37","src_port":51538,"dest_host":"WIN-CLIENT-04","logon_type":3,"authentication_package":"Kerberos","workstation_name":"WIN-CLIENT-04","logon_id":"0x23C11","logon_process":"NtLmSsp","ip_address":"10.10.10.37","message":"An account was successfully logged on."}
{"timestamp":"2026-09-01T22:55:26Z","host":"WIN-CLIENT-01","source":"WinEventLog:Security","sourcetype":"WinEventLog:Security","index":"windows","EventCode":4624,"event_id":4624,"log_name":"Security","computer":"WIN-CLIENT-01.corp.local","provider_name":"Microsoft-Windows-Security-Auditing","level":"Information","record_id":100258,"scenario":"Normal Authentication","attack_phase":"None","mitre_technique":"None","severity":"low","is_suspicious":false,"subject_user":"SYSTEM","subject_domain":"NT AUTHORITY","target_user":"svc_web","target_domain":"CORP","src_ip":"10.10.10.171","src_port":54517,"dest_host":"WIN-CLIENT-01","logon_type":7,"authentication_package":"Kerberos","workstation_name":"WIN-CLIENT-01","logon_id":"0xF05B4","logon_process":"User32","ip_address":"10.10.10.171","message":"An account was successfully logged on."}
{"timestamp":"2026-09-01T22:57:50Z","host":"WIN-CLIENT-04","source":"WinEventLog:Security","sourcetype":"WinEventLog:Security","index":"windows","EventCode":4624,"event_id":4624,"log_name":"Security","computer":"WIN-CLIENT-04.corp.local","provider_name":"Microsoft-Windows-Security-Auditing","level":"Information","record_id":100259,"scenario":"Normal Authentication","attack_phase":"None","mitre_technique":"None","severity":"low","is_suspicious":false,"subject_user":"SYSTEM","subject_domain":"NT AUTHORITY","target_user":"cwalker","target_domain":"CORP","src_ip":"10.10.10.48","src_port":62620,"dest_host":"WIN-CLIENT-04","logon_type":3,"authentication_package":"Kerberos","workstation_name":"WIN-CLIENT-04","logon_id":"0xC15E5","logon_process":"NtLmSsp","ip_address":"10.10.10.48","message":"An account was successfully logged on."}
{"timestamp":"2026-09-01T23:00:49Z","host":"WIN-CLIENT-04","source":"WinEventLog:Security","sourcetype":"WinEventLog:Security","index":"windows","EventCode":4624,"event_id":4624,"log_name":"Security","computer":"WIN-CLIENT-04.corp.local","provider_name":"Microsoft-Windows-Security-Auditing","level":"Information","record_id":100260,"scenario":"Normal Authentication","attack_phase":"None","mitre_technique":"None","severity":"low","is_suspicious":false,"subject_user":"SYSTEM","subject_domain":"NT AUTHORITY","target_user":"svc_sql","target_domain":"CORP","src_ip":"10.10.20.95","src_port":60081,"dest_host":"WIN-CLIENT-04","logon_type":2,"authentication_package":"Kerberos","workstation_name":"WIN-CLIENT-04","logon_id":"0xC836C","logon_process":"User32","ip_address":"10.10.20.95","message":"An account was successfully logged on."}
{"timestamp":"2026-09-01T23:05:02Z","host":"WIN-CLIENT-05","source":"WinEventLog:Security","sourcetype":"WinEventLog:Security","index":"windows","EventCode":4624,"event_id":4624,"log_name":"Security","computer":"WIN-CLIENT-05.corp.local","provider_name":"Microsoft-Windows-Security-Auditing","level":"Information","record_id":100261,"scenario":"Normal Authentication","attack_phase":"None","mitre_technique":"None","severity":"low","is_suspicious":false,"subject_user":"SYSTEM","subject_domain":"NT AUTHORITY","target_user":"dohara","target_domain":"CORP","src_ip":"10.10.20.61","src_port":57749,"dest_host":"WIN-CLIENT-05","logon_type":4,"authentication_package":"Kerberos","workstation_name":"WIN-CLIENT-05","logon_id":"0x4D3A2","logon_process":"Advapi","ip_address":"10.10.20.61","message":"An account was successfully logged on."}
{"timestamp":"2026-09-01T23:10:28Z","host":"WIN-SRV-02","source":"WinEventLog:Security","sourcetype":"WinEventLog:Security","index":"windows","EventCode":4624,"event_id":4624,"log_name":"Security","computer":"WIN-SRV-02.corp.local","provider_name":"Microsoft-Windows-Security-Auditing","level":"Information","record_id":100262,"scenario":"Normal Authentication","attack_phase":"None","mitre_technique":"None","severity":"low","is_suspicious":false,"subject_user":"SYSTEM","subject_domain":"NT AUTHORITY","target_user":"svc_web","target_domain":"CORP","src_ip":"10.10.10.96","src_port":60113,"dest_host":"WIN-SRV-02","logon_type":5,"authentication_package":"Kerberos","workstation_name":"WIN-SRV-02","logon_id":"0xA2070","logon_process":"Advapi","ip_address":"10.10.10.96","message":"An account was successfully logged on."}
{"timestamp":"2026-09-01T23:18:09Z","host":"WIN-SRV-02","source":"WinEventLog:Security","sourcetype":"WinEventLog:Security","index":"windows","EventCode":4624,"event_id":4624,"log_name":"Security","computer":"WIN-SRV-02.corp.local","provider_name":"Microsoft-Windows-Security-Auditing","level":"Information","record_id":100263,"scenario":"Normal Authentication","attack_phase":"None","mitre_technique":"None","severity":"low","is_suspicious":false,"subject_user":"SYSTEM","subject_domain":"NT AUTHORITY","target_user":"dohara","target_domain":"CORP","src_ip":"10.10.20.130","src_port":57641,"dest_host":"WIN-SRV-02","logon_type":4,"authentication_package":"Kerberos","workstation_name":"WIN-SRV-02","logon_id":"0x7B2D5","logon_process":"Advapi","ip_address":"10.10.20.130","message":"An account was successfully logged on."}
{"timestamp":"2026-09-01T23:21:04Z","host":"WIN-SRV-02","source":"WinEventLog:Security","sourcetype":"WinEventLog:Security","index":"windows","EventCode":4624,"event_id":4624,"log_name":"Security","computer":"WIN-SRV-02.corp.local","provider_name":"Microsoft-Windows-Security-Auditing","level":"Information","record_id":100264,"scenario":"Normal Authentication","attack_phase":"None","mitre_technique":"None","severity":"low","is_suspicious":false,"subject_user":"SYSTEM","subject_domain":"NT AUTHORITY","target_user":"rpatel","target_domain":"CORP","src_ip":"10.10.10.225","src_port":53096,"dest_host":"WIN-SRV-02","logon_type":7,"authentication_package":"Kerberos","workstation_name":"WIN-SRV-02","logon_id":"0x1D5BA","logon_process":"User32","ip_address":"10.10.10.225","message":"An account was successfully logged on."}
{"timestamp":"2026-09-01T23:29:26Z","host":"WIN-CLIENT-05","source":"WinEventLog:Security","sourcetype":"WinEventLog:Security","index":"windows","EventCode":4624,"event_id":4624,"log_name":"Security","computer":"WIN-CLIENT-05.corp.local","provider_name":"Microsoft-Windows-Security-Auditing","level":"Information","record_id":100265,"scenario":"Normal Authentication","attack_phase":"None","mitre_technique":"None","severity":"low","is_suspicious":false,"subject_user":"SYSTEM","subject_domain":"NT AUTHORITY","target_user":"kwright","target_domain":"CORP","src_ip":"10.10.10.74","src_port":50374,"dest_host":"WIN-CLIENT-05","logon_type":2,"authentication_package":"Kerberos","workstation_name":"WIN-CLIENT-05","logon_id":"0xD35B9","logon_process":"User32","ip_address":"10.10.10.74","message":"An account was successfully logged on."}
{"timestamp":"2026-09-01T23:32:20Z","host":"WIN-CLIENT-04","source":"WinEventLog:Security","sourcetype":"WinEventLog:Security","index":"windows","EventCode":4624,"event_id":4624,"log_name":"Security","computer":"WIN-CLIENT-04.corp.local","provider_name":"Microsoft-Windows-Security-Auditing","level":"Information","record_id":100266,"scenario":"Normal Authentication","attack_phase":"None","mitre_technique":"None","severity":"low","is_suspicious":false,"subject_user":"SYSTEM","subject_domain":"NT AUTHORITY","target_user":"lwilson","target_domain":"CORP","src_ip":"10.10.10.214","src_port":56167,"dest_host":"WIN-CLIENT-04","logon_type":7,"authentication_package":"Kerberos","workstation_name":"WIN-CLIENT-04","logon_id":"0x277A8","logon_process":"User32","ip_address":"10.10.10.214","message":"An account was successfully logged on."}
{"timestamp":"2026-09-01T23:36:17Z","host":"WIN-CLIENT-03","source":"WinEventLog:Security","sourcetype":"WinEventLog:Security","index":"windows","EventCode":4624,"event_id":4624,"log_name":"Security","computer":"WIN-CLIENT-03.corp.local","provider_name":"Microsoft-Windows-Security-Auditing","level":"Information","record_id":100267,"scenario":"Normal Authentication","attack_phase":"None","mitre_technique":"None","severity":"low","is_suspicious":false,"subject_user":"SYSTEM","subject_domain":"NT AUTHORITY","target_user":"dohara","target_domain":"CORP","src_ip":"10.10.20.15","src_port":55495,"dest_host":"WIN-CLIENT-03","logon_type":2,"authentication_package":"Kerberos","workstation_name":"WIN-CLIENT-03","logon_id":"0x90838","logon_process":"User32","ip_address":"10.10.20.15","message":"An account was successfully logged on."}
{"timestamp":"2026-09-01T23:42:49Z","host":"WIN-CLIENT-04","source":"WinEventLog:Security","sourcetype":"WinEventLog:Security","index":"windows","EventCode":4624,"event_id":4624,"log_name":"Security","computer":"WIN-CLIENT-04.corp.local","provider_name":"Microsoft-Windows-Security-Auditing","level":"Information","record_id":100268,"scenario":"Normal Authentication","attack_phase":"None","mitre_technique":"None","severity":"low","is_suspicious":false,"subject_user":"SYSTEM","subject_domain":"NT AUTHORITY","target_user":"rpatel","target_domain":"CORP","src_ip":"10.10.20.59","src_port":49461,"dest_host":"WIN-CLIENT-04","logon_type":2,"authentication_package":"Kerberos","workstation_name":"WIN-CLIENT-04","logon_id":"0x61955","logon_process":"User32","ip_address":"10.10.20.59","message":"An account was successfully logged on."}
{"timestamp":"2026-09-01T23:44:40Z","host":"WIN-SRV-01","source":"WinEventLog:Security","sourcetype":"WinEventLog:Security","index":"windows","EventCode":4624,"event_id":4624,"log_name":"Security","computer":"WIN-SRV-01.corp.local","provider_name":"Microsoft-Windows-Security-Auditing","level":"Information","record_id":100269,"scenario":"Normal Authentication","attack_phase":"None","mitre_technique":"None","severity":"low","is_suspicious":false,"subject_user":"SYSTEM","subject_domain":"NT AUTHORITY","target_user":"svc_sql","target_domain":"CORP","src_ip":"10.10.10.37","src_port":49627,"dest_host":"WIN-SRV-01","logon_type":4,"authentication_package":"Kerberos","workstation_name":"WIN-SRV-01","logon_id":"0x5970E","logon_process":"Advapi","ip_address":"10.10.10.37","message":"An account was successfully logged on."}
{"timestamp":"2026-09-01T23:52:53Z","host":"WIN-SRV-02","source":"WinEventLog:Security","sourcetype":"WinEventLog:Security","index":"windows","EventCode":4624,"event_id":4624,"log_name":"Security","computer":"WIN-SRV-02.corp.local","provider_name":"Microsoft-Windows-Security-Auditing","level":"Information","record_id":100270,"scenario":"Normal Authentication","attack_phase":"None","mitre_technique":"None","severity":"low","is_suspicious":false,"subject_user":"SYSTEM","subject_domain":"NT AUTHORITY","target_user":"svc_sql","target_domain":"CORP","src_ip":"10.10.20.116","src_port":59081,"dest_host":"WIN-SRV-02","logon_type":3,"authentication_package":"Kerberos","workstation_name":"WIN-SRV-02","logon_id":"0x11582","logon_process":"NtLmSsp","ip_address":"10.10.20.116","message":"An account was successfully logged on."}
{"timestamp":"2026-09-01T23:54:24Z","host":"WIN-CLIENT-03","source":"WinEventLog:Security","sourcetype":"WinEventLog:Security","index":"windows","EventCode":4624,"event_id":4624,"log_name":"Security","computer":"WIN-CLIENT-03.corp.local","provider_name":"Microsoft-Windows-Security-Auditing","level":"Information","record_id":100271,"scenario":"Normal Authentication","attack_phase":"None","mitre_technique":"None","severity":"low","is_suspicious":false,"subject_user":"SYSTEM","subject_domain":"NT AUTHORITY","target_user":"jsmith","target_domain":"CORP","src_ip":"10.10.10.142","src_port":64404,"dest_host":"WIN-CLIENT-03","logon_type":3,"authentication_package":"Kerberos","workstation_name":"WIN-CLIENT-03","logon_id":"0xCA2C0","logon_process":"NtLmSsp","ip_address":"10.10.10.142","message":"An account was successfully logged on."}
{"timestamp":"2026-09-02T00:03:34Z","host":"WIN-CLIENT-01","source":"WinEventLog:Security","sourcetype":"WinEventLog:Security","index":"windows","EventCode":4624,"event_id":4624,"log_name":"Security","computer":"WIN-CLIENT-01.corp.local","provider_name":"Microsoft-Windows-Security-Auditing","level":"Information","record_id":100272,"scenario":"Normal Authentication","attack_phase":"None","mitre_technique":"None","severity":"low","is_suspicious":false,"subject_user":"SYSTEM","subject_domain":"NT AUTHORITY","target_user":"tnguyen","target_domain":"CORP","src_ip":"10.10.20.62","src_port":53934,"dest_host":"WIN-CLIENT-01","logon_type":11,"authentication_package":"Kerberos","workstation_name":"WIN-CLIENT-01","logon_id":"0x2F317","logon_process":"User32","ip_address":"10.10.20.62","message":"An account was successfully logged on."}
{"timestamp":"2026-09-02T00:04:32Z","host":"WIN-CLIENT-04","source":"WinEventLog:Security","sourcetype":"WinEventLog:Security","index":"windows","EventCode":4624,"event_id":4624,"log_name":"Security","computer":"WIN-CLIENT-04.corp.local","provider_name":"Microsoft-Windows-Security-Auditing","level":"Information","record_id":100273,"scenario":"Normal Authentication","attack_phase":"None","mitre_technique":"None","severity":"low","is_suspicious":false,"subject_user":"SYSTEM","subject_domain":"NT AUTHORITY","target_user":"rpatel","target_domain":"CORP","src_ip":"10.10.20.18","src_port":50816,"dest_host":"WIN-CLIENT-04","logon_type":10,"authentication_package":"Kerberos","workstation_name":"WIN-CLIENT-04","logon_id":"0xE6312","logon_process":"Advapi","ip_address":"10.10.20.18","message":"An account was successfully logged on."}
{"timestamp":"2026-09-02T00:13:13Z","host":"WIN-CLIENT-05","source":"WinEventLog:Security","sourcetype":"WinEventLog:Security","index":"windows","EventCode":4624,"event_id":4624,"log_name":"Security","computer":"WIN-CLIENT-05.corp.local","provider_name":"Microsoft-Windows-Security-Auditing","level":"Information","record_id":100274,"scenario":"Normal Authentication","attack_phase":"None","mitre_technique":"None","severity":"low","is_suspicious":false,"subject_user":"SYSTEM","subject_domain":"NT AUTHORITY","target_user":"cwalker","target_domain":"CORP","src_ip":"10.10.10.185","src_port":51352,"dest_host":"WIN-CLIENT-05","logon_type":2,"authentication_package":"Kerberos","workstation_name":"WIN-CLIENT-05","logon_id":"0x5A90C","logon_process":"User32","ip_address":"10.10.10.185","message":"An account was successfully logged on."}
{"timestamp":"2026-09-02T00:20:42Z","host":"WIN-CLIENT-05","source":"WinEventLog:Security","sourcetype":"WinEventLog:Security","index":"windows","EventCode":4624,"event_id":4624,"log_name":"Security","computer":"WIN-CLIENT-05.corp.local","provider_name":"Microsoft-Windows-Security-Auditing","level":"Information","record_id":100275,"scenario":"Normal Authentication","attack_phase":"None","mitre_technique":"None","severity":"low","is_suspicious":false,"subject_user":"SYSTEM","subject_domain":"NT AUTHORITY","target_user":"jsmith","target_domain":"CORP","src_ip":"10.10.10.148","src_port":55825,"dest_host":"WIN-CLIENT-05","logon_type":4,"authentication_package":"Kerberos","workstation_name":"WIN-CLIENT-05","logon_id":"0x3FF3C","logon_process":"Advapi","ip_address":"10.10.10.148","message":"An account was successfully logged on."}
{"timestamp":"2026-09-02T00:22:19Z","host":"WIN-CLIENT-03","source":"WinEventLog:Security","sourcetype":"WinEventLog:Security","index":"windows","EventCode":4624,"event_id":4624,"log_name":"Security","computer":"WIN-CLIENT-03.corp.local","provider_name":"Microsoft-Windows-Security-Auditing","level":"Information","record_id":100276,"scenario":"Normal Authentication","attack_phase":"None","mitre_technique":"None","severity":"low","is_suspicious":false,"subject_user":"SYSTEM","subject_domain":"NT AUTHORITY","target_user":"sbrooks","target_domain":"CORP","src_ip":"10.10.10.101","src_port":63308,"dest_host":"WIN-CLIENT-03","logon_type":2,"authentication_package":"Kerberos","workstation_name":"WIN-CLIENT-03","logon_id":"0x885AC","logon_process":"User32","ip_address":"10.10.10.101","message":"An account was successfully logged on."}
{"timestamp":"2026-09-02T00:23:13Z","host":"WIN-CLIENT-04","source":"WinEventLog:Security","sourcetype":"WinEventLog:Security","index":"windows","EventCode":4624,"event_id":4624,"log_name":"Security","computer":"WIN-CLIENT-04.corp.local","provider_name":"Microsoft-Windows-Security-Auditing","level":"Information","record_id":100277,"scenario":"Normal Authentication","attack_phase":"None","mitre_technique":"None","severity":"low","is_suspicious":false,"subject_user":"SYSTEM","subject_domain":"NT AUTHORITY","target_user":"svc_backup","target_domain":"CORP","src_ip":"10.10.20.193","src_port":49266,"dest_host":"WIN-CLIENT-04","logon_type":4,"authentication_package":"Kerberos","workstation_name":"WIN-CLIENT-04","logon_id":"0x6B6A8","logon_process":"Advapi","ip_address":"10.10.20.193","message":"An account was successfully logged on."}
{"timestamp":"2026-09-02T00:24:32Z","host":"WIN-CLIENT-02","source":"WinEventLog:Security","sourcetype":"WinEventLog:Security","index":"windows","EventCode":4624,"event_id":4624,"log_name":"Security","computer":"WIN-CLIENT-02.corp.local","provider_name":"Microsoft-Windows-Security-Auditing","level":"Information","record_id":100278,"scenario":"Normal Authentication","attack_phase":"None","mitre_technique":"None","severity":"low","is_suspicious":false,"subject_user":"SYSTEM","subject_domain":"NT AUTHORITY","target_user":"kwright","target_domain":"CORP","src_ip":"10.10.10.199","src_port":58533,"dest_host":"WIN-CLIENT-02","logon_type":10,"authentication_package":"Kerberos","workstation_name":"WIN-CLIENT-02","logon_id":"0xCC353","logon_process":"Advapi","ip_address":"10.10.10.199","message":"An account was successfully logged on."}
{"timestamp":"2026-09-02T00:30:22Z","host":"WIN-CLIENT-01","source":"WinEventLog:Security","sourcetype":"WinEventLog:Security","index":"windows","EventCode":4624,"event_id":4624,"log_name":"Security","computer":"WIN-CLIENT-01.corp.local","provider_name":"Microsoft-Windows-Security-Auditing","level":"Information","record_id":100279,"scenario":"Normal Authentication","attack_phase":"None","mitre_technique":"None","severity":"low","is_suspicious":false,"subject_user":"SYSTEM","subject_domain":"NT AUTHORITY","target_user":"mchen","target_domain":"CORP","src_ip":"10.10.20.210","src_port":59531,"dest_host":"WIN-CLIENT-01","logon_type":4,"authentication_package":"Kerberos","workstation_name":"WIN-CLIENT-01","logon_id":"0x3CD2A","logon_process":"Advapi","ip_address":"10.10.20.210","message":"An account was successfully logged on."}
{"timestamp":"2026-09-02T00:38:27Z","host":"WIN-CLIENT-04","source":"WinEventLog:Security","sourcetype":"WinEventLog:Security","index":"windows","EventCode":4624,"event_id":4624,"log_name":"Security","computer":"WIN-CLIENT-04.corp.local","provider_name":"Microsoft-Windows-Security-Auditing","level":"Information","record_id":100280,"scenario":"Normal Authentication","attack_phase":"None","mitre_technique":"None","severity":"low","is_suspicious":false,"subject_user":"SYSTEM","subject_domain":"NT AUTHORITY","target_user":"svc_sql","target_domain":"CORP","src_ip":"10.10.10.209","src_port":51209,"dest_host":"WIN-CLIENT-04","logon_type":10,"authentication_package":"Kerberos","workstation_name":"WIN-CLIENT-04","logon_id":"0x20275","logon_process":"Advapi","ip_address":"10.10.10.209","message":"An account was successfully logged on."}
{"timestamp":"2026-09-02T00:46:25Z","host":"WIN-CLIENT-03","source":"WinEventLog:Security","sourcetype":"WinEventLog:Security","index":"windows","EventCode":4624,"event_id":4624,"log_name":"Security","computer":"WIN-CLIENT-03.corp.local","provider_name":"Microsoft-Windows-Security-Auditing","level":"Information","record_id":100281,"scenario":"Normal Authentication","attack_phase":"None","mitre_technique":"None","severity":"low","is_suspicious":false,"subject_user":"SYSTEM","subject_domain":"NT AUTHORITY","target_user":"jsmith","target_domain":"CORP","src_ip":"10.10.10.204","src_port":52268,"dest_host":"WIN-CLIENT-03","logon_type":3,"authentication_package":"Kerberos","workstation_name":"WIN-CLIENT-03","logon_id":"0xF2C32","logon_process":"NtLmSsp","ip_address":"10.10.10.204","message":"An account was successfully logged on."}
{"timestamp":"2026-09-02T00:47:17Z","host":"WIN-CLIENT-03","source":"WinEventLog:Security","sourcetype":"WinEventLog:Security","index":"windows","EventCode":4624,"event_id":4624,"log_name":"Security","computer":"WIN-CLIENT-03.corp.local","provider_name":"Microsoft-Windows-Security-Auditing","level":"Information","record_id":100282,"scenario":"Normal Authentication","attack_phase":"None","mitre_technique":"None","severity":"low","is_suspicious":false,"subject_user":"SYSTEM","subject_domain":"NT AUTHORITY","target_user":"kwright","target_domain":"CORP","src_ip":"10.10.20.210","src_port":57897,"dest_host":"WIN-CLIENT-03","logon_type":7,"authentication_package":"Kerberos","workstation_name":"WIN-CLIENT-03","logon_id":"0x8930B","logon_process":"User32","ip_address":"10.10.20.210","message":"An account was successfully logged on."}
{"timestamp":"2026-09-02T00:51:46Z","host":"WIN-SRV-02","source":"WinEventLog:Security","sourcetype":"WinEventLog:Security","index":"windows","EventCode":4624,"event_id":4624,"log_name":"Security","computer":"WIN-SRV-02.corp.local","provider_name":"Microsoft-Windows-Security-Auditing","level":"Information","record_id":100283,"scenario":"Normal Authentication","attack_phase":"None","mitre_technique":"None","severity":"low","is_suspicious":false,"subject_user":"SYSTEM","subject_domain":"NT AUTHORITY","target_user":"jsmith","target_domain":"CORP","src_ip":"10.10.10.75","src_port":54848,"dest_host":"WIN-SRV-02","logon_type":10,"authentication_package":"Kerberos","workstation_name":"WIN-SRV-02","logon_id":"0xECB51","logon_process":"Advapi","ip_address":"10.10.10.75","message":"An account was successfully logged on."}
{"timestamp":"2026-09-02T00:52:44Z","host":"WIN-CLIENT-03","source":"WinEventLog:Security","sourcetype":"WinEventLog:Security","index":"windows","EventCode":4624,"event_id":4624,"log_name":"Security","computer":"WIN-CLIENT-03.corp.local","provider_name":"Microsoft-Windows-Security-Auditing","level":"Information","record_id":100284,"scenario":"Normal Authentication","attack_phase":"None","mitre_technique":"None","severity":"low","is_suspicious":false,"subject_user":"SYSTEM","subject_domain":"NT AUTHORITY","target_user":"svc_backup","target_domain":"CORP","src_ip":"10.10.10.206","src_port":55029,"dest_host":"WIN-CLIENT-03","logon_type":4,"authentication_package":"Kerberos","workstation_name":"WIN-CLIENT-03","logon_id":"0x7FDC0","logon_process":"Advapi","ip_address":"10.10.10.206","message":"An account was successfully logged on."}
{"timestamp":"2026-09-02T00:59:43Z","host":"WIN-CLIENT-04","source":"WinEventLog:Security","sourcetype":"WinEventLog:Security","index":"windows","EventCode":4624,"event_id":4624,"log_name":"Security","computer":"WIN-CLIENT-04.corp.local","provider_name":"Microsoft-Windows-Security-Auditing","level":"Information","record_id":100285,"scenario":"Normal Authentication","attack_phase":"None","mitre_technique":"None","severity":"low","is_suspicious":false,"subject_user":"SYSTEM","subject_domain":"NT AUTHORITY","target_user":"svc_sql","target_domain":"CORP","src_ip":"10.10.20.49","src_port":57129,"dest_host":"WIN-CLIENT-04","logon_type":5,"authentication_package":"Kerberos","workstation_name":"WIN-CLIENT-04","logon_id":"0xC12B6","logon_process":"Advapi","ip_address":"10.10.20.49","message":"An account was successfully logged on."}
{"timestamp":"2026-09-02T01:08:22Z","host":"WIN-SRV-02","source":"WinEventLog:Security","sourcetype":"WinEventLog:Security","index":"windows","EventCode":4624,"event_id":4624,"log_name":"Security","computer":"WIN-SRV-02.corp.local","provider_name":"Microsoft-Windows-Security-Auditing","level":"Information","record_id":100286,"scenario":"Normal Authentication","attack_phase":"None","mitre_technique":"None","severity":"low","is_suspicious":false,"subject_user":"SYSTEM","subject_domain":"NT AUTHORITY","target_user":"kwright","target_domain":"CORP","src_ip":"10.10.20.207","src_port":50353,"dest_host":"WIN-SRV-02","logon_type":7,"authentication_package":"Kerberos","workstation_name":"WIN-SRV-02","logon_id":"0xCA220","logon_process":"User32","ip_address":"10.10.20.207","message":"An account was successfully logged on."}
{"timestamp":"2026-09-02T01:15:46Z","host":"WIN-CLIENT-04","source":"WinEventLog:Security","sourcetype":"WinEventLog:Security","index":"windows","EventCode":4624,"event_id":4624,"log_name":"Security","computer":"WIN-CLIENT-04.corp.local","provider_name":"Microsoft-Windows-Security-Auditing","level":"Information","record_id":100287,"scenario":"Normal Authentication","attack_phase":"None","mitre_technique":"None","severity":"low","is_suspicious":false,"subject_user":"SYSTEM","subject_domain":"NT AUTHORITY","target_user":"agarcia","target_domain":"CORP","src_ip":"10.10.10.141","src_port":53813,"dest_host":"WIN-CLIENT-04","logon_type":7,"authentication_package":"Kerberos","workstation_name":"WIN-CLIENT-04","logon_id":"0x623AE","logon_process":"User32","ip_address":"10.10.10.141","message":"An account was successfully logged on."}
{"timestamp":"2026-09-02T01:17:41Z","host":"WIN-CLIENT-03","source":"WinEventLog:Security","sourcetype":"WinEventLog:Security","index":"windows","EventCode":4624,"event_id":4624,"log_name":"Security","computer":"WIN-CLIENT-03.corp.local","provider_name":"Microsoft-Windows-Security-Auditing","level":"Information","record_id":100288,"scenario":"Normal Authentication","attack_phase":"None","mitre_technique":"None","severity":"low","is_suspicious":false,"subject_user":"SYSTEM","subject_domain":"NT AUTHORITY","target_user":"agarcia","target_domain":"CORP","src_ip":"10.10.20.80","src_port":56305,"dest_host":"WIN-CLIENT-03","logon_type":10,"authentication_package":"Kerberos","workstation_name":"WIN-CLIENT-03","logon_id":"0xAA456","logon_process":"Advapi","ip_address":"10.10.20.80","message":"An account was successfully logged on."}
{"timestamp":"2026-09-02T01:25:07Z","host":"WIN-SRV-01","source":"WinEventLog:Security","sourcetype":"WinEventLog:Security","index":"windows","EventCode":4624,"event_id":4624,"log_name":"Security","computer":"WIN-SRV-01.corp.local","provider_name":"Microsoft-Windows-Security-Auditing","level":"Information","record_id":100289,"scenario":"Normal Authentication","attack_phase":"None","mitre_technique":"None","severity":"low","is_suspicious":false,"subject_user":"SYSTEM","subject_domain":"NT AUTHORITY","target_user":"mchen","target_domain":"CORP","src_ip":"10.10.20.116","src_port":49693,"dest_host":"WIN-SRV-01","logon_type":5,"authentication_package":"Kerberos","workstation_name":"WIN-SRV-01","logon_id":"0xCA108","logon_process":"Advapi","ip_address":"10.10.20.116","message":"An account was successfully logged on."}
{"timestamp":"2026-09-02T01:31:18Z","host":"WIN-CLIENT-04","source":"WinEventLog:Security","sourcetype":"WinEventLog:Security","index":"windows","EventCode":4624,"event_id":4624,"log_name":"Security","computer":"WIN-CLIENT-04.corp.local","provider_name":"Microsoft-Windows-Security-Auditing","level":"Information","record_id":100290,"scenario":"Normal Authentication","attack_phase":"None","mitre_technique":"None","severity":"low","is_suspicious":false,"subject_user":"SYSTEM","subject_domain":"NT AUTHORITY","target_user":"cwalker","target_domain":"CORP","src_ip":"10.10.10.21","src_port":59996,"dest_host":"WIN-CLIENT-04","logon_type":4,"authentication_package":"Kerberos","workstation_name":"WIN-CLIENT-04","logon_id":"0xB3340","logon_process":"Advapi","ip_address":"10.10.10.21","message":"An account was successfully logged on."}
{"timestamp":"2026-09-02T01:38:23Z","host":"WIN-CLIENT-05","source":"WinEventLog:Security","sourcetype":"WinEventLog:Security","index":"windows","EventCode":4624,"event_id":4624,"log_name":"Security","computer":"WIN-CLIENT-05.corp.local","provider_name":"Microsoft-Windows-Security-Auditing","level":"Information","record_id":100291,"scenario":"Normal Authentication","attack_phase":"None","mitre_technique":"None","severity":"low","is_suspicious":false,"subject_user":"SYSTEM","subject_domain":"NT AUTHORITY","target_user":"kwright","target_domain":"CORP","src_ip":"10.10.10.245","src_port":49510,"dest_host":"WIN-CLIENT-05","logon_type":11,"authentication_package":"Kerberos","workstation_name":"WIN-CLIENT-05","logon_id":"0x348D3","logon_process":"User32","ip_address":"10.10.10.245","message":"An account was successfully logged on."}
{"timestamp":"2026-09-02T01:46:01Z","host":"WIN-CLIENT-02","source":"WinEventLog:Security","sourcetype":"WinEventLog:Security","index":"windows","EventCode":4624,"event_id":4624,"log_name":"Security","computer":"WIN-CLIENT-02.corp.local","provider_name":"Microsoft-Windows-Security-Auditing","level":"Information","record_id":100292,"scenario":"Normal Authentication","attack_phase":"None","mitre_technique":"None","severity":"low","is_suspicious":false,"subject_user":"SYSTEM","subject_domain":"NT AUTHORITY","target_user":"jsmith","target_domain":"CORP","src_ip":"10.10.10.201","src_port":59570,"dest_host":"WIN-CLIENT-02","logon_type":2,"authentication_package":"Kerberos","workstation_name":"WIN-CLIENT-02","logon_id":"0x6DC7B","logon_process":"User32","ip_address":"10.10.10.201","message":"An account was successfully logged on."}
{"timestamp":"2026-09-02T01:52:21Z","host":"WIN-CLIENT-05","source":"WinEventLog:Security","sourcetype":"WinEventLog:Security","index":"windows","EventCode":4624,"event_id":4624,"log_name":"Security","computer":"WIN-CLIENT-05.corp.local","provider_name":"Microsoft-Windows-Security-Auditing","level":"Information","record_id":100293,"scenario":"Normal Authentication","attack_phase":"None","mitre_technique":"None","severity":"low","is_suspicious":false,"subject_user":"SYSTEM","subject_domain":"NT AUTHORITY","target_user":"tnguyen","target_domain":"CORP","src_ip":"10.10.10.175","src_port":56371,"dest_host":"WIN-CLIENT-05","logon_type":2,"authentication_package":"Kerberos","workstation_name":"WIN-CLIENT-05","logon_id":"0x6EF78","logon_process":"User32","ip_address":"10.10.10.175","message":"An account was successfully logged on."}
{"timestamp":"2026-09-02T01:58:51Z","host":"WIN-SRV-02","source":"WinEventLog:Security","sourcetype":"WinEventLog:Security","index":"windows","EventCode":4624,"event_id":4624,"log_name":"Security","computer":"WIN-SRV-02.corp.local","provider_name":"Microsoft-Windows-Security-Auditing","level":"Information","record_id":100294,"scenario":"Normal Authentication","attack_phase":"None","mitre_technique":"None","severity":"low","is_suspicious":false,"subject_user":"SYSTEM","subject_domain":"NT AUTHORITY","target_user":"dohara","target_domain":"CORP","src_ip":"10.10.10.137","src_port":55012,"dest_host":"WIN-SRV-02","logon_type":2,"authentication_package":"Kerberos","workstation_name":"WIN-SRV-02","logon_id":"0x75E58","logon_process":"User32","ip_address":"10.10.10.137","message":"An account was successfully logged on."}
{"timestamp":"2026-09-02T02:04:22Z","host":"WIN-CLIENT-03","source":"WinEventLog:Security","sourcetype":"WinEventLog:Security","index":"windows","EventCode":4624,"event_id":4624,"log_name":"Security","computer":"WIN-CLIENT-03.corp.local","provider_name":"Microsoft-Windows-Security-Auditing","level":"Information","record_id":100295,"scenario":"Normal Authentication","attack_phase":"None","mitre_technique":"None","severity":"low","is_suspicious":false,"subject_user":"SYSTEM","subject_domain":"NT AUTHORITY","target_user":"svc_backup","target_domain":"CORP","src_ip":"10.10.10.8","src_port":61053,"dest_host":"WIN-CLIENT-03","logon_type":3,"authentication_package":"Kerberos","workstation_name":"WIN-CLIENT-03","logon_id":"0x3FA0D","logon_process":"NtLmSsp","ip_address":"10.10.10.8","message":"An account was successfully logged on."}
{"timestamp":"2026-09-02T02:13:03Z","host":"WIN-CLIENT-04","source":"WinEventLog:Security","sourcetype":"WinEventLog:Security","index":"windows","EventCode":4624,"event_id":4624,"log_name":"Security","computer":"WIN-CLIENT-04.corp.local","provider_name":"Microsoft-Windows-Security-Auditing","level":"Information","record_id":100296,"scenario":"Normal Authentication","attack_phase":"None","mitre_technique":"None","severity":"low","is_suspicious":false,"subject_user":"SYSTEM","subject_domain":"NT AUTHORITY","target_user":"sbrooks","target_domain":"CORP","src_ip":"10.10.10.69","src_port":61697,"dest_host":"WIN-CLIENT-04","logon_type":7,"authentication_package":"Kerberos","workstation_name":"WIN-CLIENT-04","logon_id":"0x52A25","logon_process":"User32","ip_address":"10.10.10.69","message":"An account was successfully logged on."}
{"timestamp":"2026-09-02T02:20:49Z","host":"WIN-CLIENT-05","source":"WinEventLog:Security","sourcetype":"WinEventLog:Security","index":"windows","EventCode":4624,"event_id":4624,"log_name":"Security","computer":"WIN-CLIENT-05.corp.local","provider_name":"Microsoft-Windows-Security-Auditing","level":"Information","record_id":100297,"scenario":"Normal Authentication","attack_phase":"None","mitre_technique":"None","severity":"low","is_suspicious":false,"subject_user":"SYSTEM","subject_domain":"NT AUTHORITY","target_user":"rpatel","target_domain":"CORP","src_ip":"10.10.20.53","src_port":51009,"dest_host":"WIN-CLIENT-05","logon_type":4,"authentication_package":"Kerberos","workstation_name":"WIN-CLIENT-05","logon_id":"0x32BF1","logon_process":"Advapi","ip_address":"10.10.20.53","message":"An account was successfully logged on."}
