{"timestamp":"2026-09-02T18:06:36Z","host":"WIN-CLIENT-03","source":"WinEventLog:Security","sourcetype":"WinEventLog:Security","index":"windows","EventCode":4624,"event_id":4624,"log_name":"Security","computer":"WIN-CLIENT-03.corp.local","provider_name":"Microsoft-Windows-Security-Auditing","level":"Information","record_id":100476,"scenario":"Normal Authentication","attack_phase":"None","mitre_technique":"None","severity":"low","is_suspicious":false,"subject_user":"SYSTEM","subject_domain":"NT AUTHORITY","target_user":"lwilson","target_domain":"CORP","src_ip":"10.10.10.114","src_port":63176,"dest_host":"WIN-CLIENT-03","logon_type":11,"authentication_package":"Kerberos","workstation_name":"WIN-CLIENT-03","logon_id":"0x2E0D0","logon_process":"User32","ip_address":"10.10.10.114","message":"An account was successfully logged on."}
{"timestamp":"2026-09-02T18:10:48Z","host":"WIN-SRV-02","source":"WinEventLog:Security","sourcetype":"WinEventLog:Security","index":"windows","EventCode":4624,"event_id":4624,"log_name":"Security","computer":"WIN-SRV-02.corp.local","provider_name":"Microsoft-Windows-Security-Auditing","level":"Information","record_id":100477,"scenario":"Normal Authentication","attack_phase":"None","mitre_technique":"None","severity":"low","is_suspicious":false,"subject_user":"SYSTEM","subject_domain":"NT AUTHORITY","target_user":"rpatel","target_domain":"CORP","src_ip":"10.10.20.222","src_port":60644,"dest_host":"WIN-SRV-02","logon_type":10,"authentication_package":"Kerberos","workstation_name":"WIN-SRV-02","logon_id":"0xAC3A1","logon_process":"Advapi","ip_address":"10.10.20.222","message":"An account was successfully logged on."}
{"timestamp":"2026-09-02T18:18:16Z","host":"WIN-CLIENT-05","source":"WinEventLog:Security","sourcetype":"WinEventLog:Security","index":"windows","EventCode":4624,"event_id":4624,"log_name":"Security","computer":"WIN-CLIENT-05.corp.local","provider_name":"Microsoft-Windows-Security-Auditing","level":"Information","record_id":100478,"scenario":"Normal Authentication","attack_phase":"None","mitre_technique":"None","severity":"low","is_suspicious":false,"subject_user":"SYSTEM","subject_domain":"NT AUTHORITY","target_user":"mchen","target_domain":"CORP","src_ip":"10.10.10.210","src_port":52390,"dest_host":"WIN-CLIENT-05","logon_type":3,"authentication_package":"Kerberos","workstation_name":"WIN-CLIENT-05","logon_id":"0xDE315","logon_process":"NtLmSsp","ip_address":"10.10.10.210","message":"An account was successfully logged on."}
{"timestamp":"2026-09-02T18:19:26Z","host":"WIN-CLIENT-03","source":"WinEventLog:Security","sourcetype":"WinEventLog:Security","index":"windows","EventCode":4624,"event_id":4624,"log_name":"Security","computer":"WIN-CLIENT-03.corp.local","provider_name":"Microsoft-Windows-Security-Auditing","level":"Information","record_id":100479,"scenario":"Normal Authentication","attack_phase":"None","mitre_technique":"None","severity":"low","is_suspicious":false,"subject_user":"SYSTEM","subject_domain":"NT AUTHORITY","target_user":"cwalker","target_domain":"CORP","src_ip":"10.10.20.154","src_port":57827,"dest_host":"WIN-CLIENT-03","logon_type":7,"authentication_package":"Kerberos","workstation_name":"WIN-CLIENT-03","logon_id":"0x3B1AC","logon_process":"User32","ip_address":"10.10.20.154","message":"An account was successfully logged on."}
{"timestamp":"2026-09-02T18:25:07Z","host":"WIN-CLIENT-03","source":"WinEventLog:Security","sourcetype":"WinEventLog:Security","index":"windows","EventCode":4624,"event_id":4624,"log_name":"Security","computer":"WIN-CLIENT-03.corp.local","provider_name":"Microsoft-Windows-Security-Auditing","level":"Information","record_id":100480,"scenario":"Normal Authentication","attack_phase":"None","mitre_technique":"None","severity":"low","is_suspicious":false,"subject_user":"SYSTEM","subject_domain":"NT AUTHORITY","target_user":"svc_sql","target_domain":"CORP","src_ip":"10.10.20.245","src_port":63057,"dest_host":"WIN-CLIENT-03","logon_type":4,"authentication_package":"Kerberos","workstation_name":"WIN-CLIENT-03","logon_id":"0x93B0B","logon_process":"Advapi","ip_address":"10.10.20.245","message":"An account was successfully logged on."}
{"timestamp":"2026-09-02T18:26:54Z","host":"WIN-SRV-02","source":"WinEventLog:Security","sourcetype":"WinEventLog:Security","index":"windows","EventCode":4624,"event_id":4624,"log_name":"Security","computer":"WIN-SRV-02.corp.local","provider_name":"Microsoft-Windows-Security-Auditing","level":"Information","record_id":100481,"scenario":"Normal Authentication","attack_phase":"None","mitre_technique":"None","severity":"low","is_suspicious":false,"subject_user":"SYSTEM","subject_domain":"NT AUTHORITY","target_user":"mchen","target_domain":"CORP","src_ip":"10.10.20.237","src_port":49971,"dest_host":"WIN-SRV-02","logon_type":11,"authentication_package":"Kerberos","workstation_name":"WIN-SRV-02","logon_id":"0x56FEA","logon_process":"User32","ip_address":"10.10.20.237","message":"An account was successfully logged on."}
{"timestamp":"2026-09-02T18:29:13Z","host":"WIN-SRV-02","source":"WinEventLog:Security","sourcetype":"WinEventLog:Security","index":"windows","EventCode":4624,"event_id":4624,"log_name":"Security","computer":"WIN-SRV-02.corp.local","provider_name":"Microsoft-Windows-Security-Auditing","level":"Information","record_id":100482,"scenario":"Normal Authentication","attack_phase":"None","mitre_technique":"None","severity":"low","is_suspicious":false,"subject_user":"SYSTEM","subject_domain":"NT AUTHORITY","target_user":"svc_sql","target_domain":"CORP","src_ip":"10.10.10.39","src_port":60655,"dest_host":"WIN-SRV-02","logon_type":3,"authentication_package":"Kerberos","workstation_name":"WIN-SRV-02","logon_id":"0x6274E","logon_process":"NtLmSsp","ip_address":"10.10.10.39","message":"An account was successfully logged on."}
{"timestamp":"2026-09-02T18:33:36Z","host":"WIN-SRV-02","source":"WinEventLog:Security","sourcetype":"WinEventLog:Security","index":"windows","EventCode":4624,"event_id":4624,"log_name":"Security","computer":"WIN-SRV-02.corp.local","provider_name":"Microsoft-Windows-Security-Auditing","level":"Information","record_id":100483,"scenario":"Normal Authentication","attack_phase":"None","mitre_technique":"None","severity":"low","is_suspicious":false,"subject_user":"SYSTEM","subject_domain":"NT AUTHORITY","target_user":"svc_web","target_domain":"CORP","src_ip":"10.10.20.127","src_port":51329,"dest_host":"WIN-SRV-02","logon_type":10,"authentication_package":"Kerberos","workstation_name":"WIN-SRV-02","logon_id":"0xA3D22","logon_process":"Advapi","ip_address":"10.10.20.127","message":"An account was successfully logged on."}
{"timestamp":"2026-09-02T18:38:21Z","host":"WIN-CLIENT-04","source":"WinEventLog:Security","sourcetype":"WinEventLog:Security","index":"windows","EventCode":4624,"event_id":4624,"log_name":"Security","computer":"WIN-CLIENT-04.corp.local","provider_name":"Microsoft-Windows-Security-Auditing","level":"Information","record_id":100484,"scenario":"Normal Authentication","attack_phase":"None","mitre_technique":"None","severity":"low","is_suspicious":false,"subject_user":"SYSTEM","subject_domain":"NT AUTHORITY","target_user":"svc_backup","target_domain":"CORP","src_ip":"10.10.20.21","src_port":59381,"dest_host":"WIN-CLIENT-04","logon_type":5,"authentication_package":"Kerberos","workstation_name":"WIN-CLIENT-04","logon_id":"0xDB6AD","logon_process":"Advapi","ip_address":"10.10.20.21","message":"An account was successfully logged on."}
{"timestamp":"2026-09-02T18:40:06Z","host":"WIN-CLIENT-05","source":"WinEventLog:Security","sourcetype":"WinEventLog:Security","index":"windows","EventCode":4624,"event_id":4624,"log_name":"Security","computer":"WIN-CLIENT-05.corp.local","provider_name":"Microsoft-Windows-Security-Auditing","level":"Information","record_id":100485,"scenario":"Normal Authentication","attack_phase":"None","mitre_technique":"None","severity":"low","is_suspicious":false,"subject_user":"SYSTEM","subject_domain":"NT AUTHORITY","target_user":"tnguyen","target_domain":"CORP","src_ip":"10.10.20.179","src_port":64340,"dest_host":"WIN-CLIENT-05","logon_type":10,"authentication_package":"Kerberos","workstation_name":"WIN-CLIENT-05","logon_id":"0xF097D","logon_process":"Advapi","ip_address":"10.10.20.179","message":"An account was successfully logged on."}
{"timestamp":"2026-09-02T18:46:33Z","host":"WIN-CLIENT-04","source":"WinEventLog:Security","sourcetype":"WinEventLog:Security","index":"windows","EventCode":4624,"event_id":4624,"log_name":"Security","computer":"WIN-CLIENT-04.corp.local","provider_name":"Microsoft-Windows-Security-Auditing","level":"Information","record_id":100486,"scenario":"Normal Authentication","attack_phase":"None","mitre_technique":"None","severity":"low","is_suspicious":false,"subject_user":"SYSTEM","subject_domain":"NT AUTHORITY","target_user":"dohara","target_domain":"CORP","src_ip":"10.10.10.224","src_port":61683,"dest_host":"WIN-CLIENT-04","logon_type":4,"authentication_package":"Kerberos","workstation_name":"WIN-CLIENT-04","logon_id":"0xE8DFF","logon_process":"Advapi","ip_address":"10.10.10.224","message":"An account was successfully logged on."}
{"timestamp":"2026-09-02T18:48:18Z","host":"WIN-CLIENT-04","source":"WinEventLog:Security","sourcetype":"WinEventLog:Security","index":"windows","EventCode":4624,"event_id":4624,"log_name":"Security","computer":"WIN-CLIENT-04.corp.local","provider_name":"Microsoft-Windows-Security-Auditing","level":"Information","record_id":100487,"scenario":"Normal Authentication","attack_phase":"None","mitre_technique":"None","severity":"low","is_suspicious":false,"subject_user":"SYSTEM","subject_domain":"NT AUTHORITY","target_user":"svc_sql","target_domain":"CORP","src_ip":"10.10.20.219","src_port":50037,"dest_host":"WIN-CLIENT-04","logon_type":10,"authentication_package":"Kerberos","workstation_name":"WIN-CLIENT-04","logon_id":"0xDBB18","logon_process":"Advapi","ip_address":"10.10.20.219","message":"An account was successfully logged on."}
{"timestamp":"2026-09-02T18:57:35Z","host":"WIN-CLIENT-02","source":"WinEventLog:Security","sourcetype":"WinEventLog:Security","index":"windows","EventCode":4624,"event_id":4624,"log_name":"Security","computer":"WIN-CLIENT-02.corp.local","provider_name":"Microsoft-Windows-Security-Auditing","level":"Information","record_id":100488,"scenario":"Normal Authentication","attack_phase":"None","mitre_technique":"None","severity":"low","is_suspicious":false,"subject_user":"SYSTEM","subject_domain":"NT AUTHORITY","target_user":"tnguyen","target_domain":"CORP","src_ip":"10.10.10.128","src_port":53399,"dest_host":"WIN-CLIENT-02","logon_type":5,"authentication_package":"Kerberos","workstation_name":"WIN-CLIENT-02","logon_id":"0x62A74","logon_process":"Advapi","ip_address":"10.10.10.128","message":"An account was successfully logged on."}
{"timestamp":"2026-09-02T19:02:35Z","host":"WIN-CLIENT-05","source":"WinEventLog:Security","sourcetype":"WinEventLog:Security","index":"windows","EventCode":4624,"event_id":4624,"log_name":"Security","computer":"WIN-CLIENT-05.corp.local","provider_name":"Microsoft-Windows-Security-Auditing","level":"Information","record_id":100489,"scenario":"Normal Authentication","attack_phase":"None","mitre_technique":"None","severity":"low","is_suspicious":false,"subject_user":"SYSTEM","subject_domain":"NT AUTHORITY","target_user":"kwright","target_domain":"CORP","src_ip":"10.10.10.146","src_port":62966,"dest_host":"WIN-CLIENT-05","logon_type":7,"authentication_package":"Kerberos","workstation_name":"WIN-CLIENT-05","logon_id":"0x8C3F1","logon_process":"User32","ip_address":"10.10.10.146","message":"An account was successfully logged on."}
{"timestamp":"2026-09-02T19:08:36Z","host":"WIN-SRV-02","source":"WinEventLog:Security","sourcetype":"WinEventLog:Security","index":"windows","EventCode":4624,"event_id":4624,"log_name":"Security","computer":"WIN-SRV-02.corp.local","provider_name":"Microsoft-Windows-Security-Auditing","level":"Information","record_id":100490,"scenario":"Normal Authentication","attack_phase":"None","mitre_technique":"None","severity":"low","is_suspicious":false,"subject_user":"SYSTEM","subject_domain":"NT AUTHORITY","target_user":"svc_backup","target_domain":"CORP","src_ip":"10.10.10.27","src_port":59259,"dest_host":"WIN-SRV-02","logon_type":2,"authentication_package":"Kerberos","workstation_name":"WIN-SRV-02","logon_id":"0xD8ACF","logon_process":"User32","ip_address":"10.10.10.27","message":"An account was successfully logged on."}
{"timestamp":"2026-09-02T19:16:36Z","host":"WIN-CLIENT-01","source":"WinEventLog:Security","sourcetype":"WinEventLog:Security","index":"windows","EventCode":4624,"event_id":4624,"log_name":"Security","computer":"WIN-CLIENT-01.corp.local","provider_name":"Microsoft-Windows-Security-Auditing","level":"Information","record_id":100491,"scenario":"Normal Authentication","attack_phase":"None","mitre_technique":"None","severity":"low","is_suspicious":false,"subject_user":"SYSTEM","subject_domain":"NT AUTHORITY","target_user":"jsmith","target_domain":"CORP","src_ip":"10.10.10.114","src_port":56479,"dest_host":"WIN-CLIENT-01","logon_type":11,"authentication_package":"Kerberos","workstation_name":"WIN-CLIENT-01","logon_id":"0x102C4","logon_process":"User32","ip_address":"10.10.10.114","message":"An account was successfully logged on."}
{"timestamp":"2026-09-02T19:24:04Z","host":"WIN-SRV-01","source":"WinEventLog:Security","sourcetype":"WinEventLog:Security","index":"windows","EventCode":4624,"event_id":4624,"log_name":"Security","computer":"WIN-SRV-01.corp.local","provider_name":"Microsoft-Windows-Security-Auditing","level":"Information","record_id":100492,"scenario":"Normal Authentication","attack_phase":"None","mitre_technique":"None","severity":"low","is_suspicious":false,"subject_user":"SYSTEM","subject_domain":"NT AUTHORITY","target_user":"rpatel","target_domain":"CORP","src_ip":"10.10.20.42","src_port":63326,"dest_host":"WIN-SRV-01","logon_type":3,"authentication_package":"Kerberos","workstation_name":"WIN-SRV-01","logon_id":"0xFEC71","logon_process":"NtLmSsp","ip_address":"10.10.20.42","message":"An account was successfully logged on."}
{"timestamp":"2026-09-02T19:28:54Z","host":"WIN-SRV-01","source":"WinEventLog:Security","sourcetype":"WinEventLog:Security","index":"windows","EventCode":4624,"event_id":4624,"log_name":"Security","computer":"WIN-SRV-01.corp.local","provider_name":"Microsoft-Windows-Security-Auditing","level":"Information","record_id":100493,"scenario":"Normal Authentication","attack_phase":"None","mitre_technique":"None","severity":"low","is_suspicious":false,"subject_user":"SYSTEM","subject_domain":"NT AUTHORITY","target_user":"agarcia","target_domain":"CORP","src_ip":"10.10.20.23","src_port":55092,"dest_host":"WIN-SRV-01","logon_type":4,"authentication_package":"Kerberos","workstation_name":"WIN-SRV-01","logon_id":"0xBA1D3","logon_process":"Advapi","ip_address":"10.10.20.23","message":"An account was successfully logged on."}
{"timestamp":"2026-09-02T19:31:53Z","host":"WIN-CLIENT-04","source":"WinEventLog:Security","sourcetype":"WinEventLog:Security","index":"windows","EventCode":4624,"event_id":4624,"log_name":"Security","computer":"WIN-CLIENT-04.corp.local","provider_name":"Microsoft-Windows-Security-Auditing","level":"Information","record_id":100494,"scenario":"Normal Authentication","attack_phase":"None","mitre_technique":"None","severity":"low","is_suspicious":false,"subject_user":"SYSTEM","subject_domain":"NT AUTHORITY","target_user":"jsmith","target_domain":"CORP","src_ip":"10.10.20.187","src_port":60459,"dest_host":"WIN-CLIENT-04","logon_type":10,"authentication_package":"Kerberos","workstation_name":"WIN-CLIENT-04","logon_id":"0xD156E","logon_process":"Advapi","ip_address":"10.10.20.187","message":"An account was successfully logged on."}
{"timestamp":"2026-09-02T19:36:02Z","host":"WIN-SRV-01","source":"WinEventLog:Security","sourcetype":"WinEventLog:Security","index":"windows","EventCode":4624,"event_id":4624,"log_name":"Security","computer":"WIN-SRV-01.corp.local","provider_name":"Microsoft-Windows-Security-Auditing","level":"Information","record_id":100495,"scenario":"Normal Authentication","attack_phase":"None","mitre_technique":"None","severity":"low","is_suspicious":false,"subject_user":"SYSTEM","subject_domain":"NT AUTHORITY","target_user":"tnguyen","target_domain":"CORP","src_ip":"10.10.10.2","src_port":52496,"dest_host":"WIN-SRV-01","logon_type":2,"authentication_package":"Kerberos","workstation_name":"WIN-SRV-01","logon_id":"0x8A100","logon_process":"User32","ip_address":"10.10.10.2","message":"An account was successfully logged on."}
{"timestamp":"2026-09-02T19:37:31Z","host":"WIN-CLIENT-05","source":"WinEventLog:Security","sourcetype":"WinEventLog:Security","index":"windows","EventCode":4624,"event_id":4624,"log_name":"Security","computer":"WIN-CLIENT-05.corp.local","provider_name":"Microsoft-Windows-Security-Auditing","level":"Information","record_id":100496,"scenario":"Normal Authentication","attack_phase":"None","mitre_technique":"None","severity":"low","is_suspicious":false,"subject_user":"SYSTEM","subject_domain":"NT AUTHORITY","target_user":"mchen","target_domain":"CORP","src_ip":"10.10.20.4","src_port":49132,"dest_host":"WIN-CLIENT-05","logon_type":3,"authentication_package":"Kerberos","workstation_name":"WIN-CLIENT-05","logon_id":"0xC212A","logon_process":"NtLmSsp","ip_address":"10.10.20.4","message":"An account was successfully logged on."}
{"timestamp":"2026-09-02T19:43:32Z","host":"WIN-SRV-02","source":"WinEventLog:Security","sourcetype":"WinEventLog:Security","index":"windows","EventCode":4624,"event_id":4624,"log_name":"Security","computer":"WIN-SRV-02.corp.local","provider_name":"Microsoft-Windows-Security-Auditing","level":"Information","record_id":100497,"scenario":"Normal Authentication","attack_phase":"None","mitre_technique":"None","severity":"low","is_suspicious":false,"subject_user":"SYSTEM","subject_domain":"NT AUTHORITY","target_user":"agarcia","target_domain":"CORP","src_ip":"10.10.10.124","src_port":50160,"dest_host":"WIN-SRV-02","logon_type":5,"authentication_package":"Kerberos","workstation_name":"WIN-SRV-02","logon_id":"0x4A9C4","logon_process":"Advapi","ip_address":"10.10.10.124","message":"An account was successfully logged on."}
{"timestamp":"2026-09-02T19:50:14Z","host":"WIN-SRV-01","source":"WinEventLog:Security","sourcetype":"WinEventLog:Security","index":"windows","EventCode":4624,"event_id":4624,"log_name":"Security","computer":"WIN-SRV-01.corp.local","provider_name":"Microsoft-Windows-Security-Auditing","level":"Information","record_id":100498,"scenario":"Normal Authentication","attack_phase":"None","mitre_technique":"None","severity":"low","is_suspicious":false,"subject_user":"SYSTEM","subject_domain":"NT AUTHORITY","target_user":"agarcia","target_domain":"CORP","src_ip":"10.10.10.28","src_port":54133,"dest_host":"WIN-SRV-01","logon_type":11,"authentication_package":"Kerberos","workstation_name":"WIN-SRV-01","logon_id":"0x6E188","logon_process":"User32","ip_address":"10.10.10.28","message":"An account was successfully logged on."}
{"timestamp":"2026-09-02T19:55:30Z","host":"WIN-CLIENT-04","source":"WinEventLog:Security","sourcetype":"WinEventLog:Security","index":"windows","EventCode":4624,"event_id":4624,"log_name":"Security","computer":"WIN-CLIENT-04.corp.local","provider_name":"Microsoft-Windows-Security-Auditing","level":"Information","record_id":100499,"scenario":"Normal Authentication","attack_phase":"None","mitre_technique":"None","severity":"low","is_suspicious":false,"subject_user":"SYSTEM","subject_domain":"NT AUTHORITY","target_user":"mchen","target_domain":"CORP","src_ip":"10.10.10.166","src_port":60094,"dest_host":"WIN-CLIENT-04","logon_type":11,"authentication_package":"Kerberos","workstation_name":"WIN-CLIENT-04","logon_id":"0x34920","logon_process":"User32","ip_address":"10.10.10.166","message":"An account was successfully logged on."}
{"timestamp":"2026-09-02T19:56:50Z","host":"WIN-CLIENT-05","source":"WinEventLog:Security","sourcetype":"WinEventLog:Security","index":"windows","EventCode":4624,"event_id":4624,"log_name":"Security","computer":"WIN-CLIENT-05.corp.local","provider_name":"Microsoft-Windows-Security-Auditing","level":"Information","record_id":100500,"scenario":"Normal Authentication","attack_phase":"None","mitre_technique":"None","severity":"low","is_suspicious":false,"subject_user":"SYSTEM","subject_domain":"NT AUTHORITY","target_user":"sbrooks","target_domain":"CORP","src_ip":"10.10.10.114","src_port":54753,"dest_host":"WIN-CLIENT-05","logon_type":2,"authentication_package":"Kerberos","workstation_name":"WIN-CLIENT-05","logon_id":"0xC8F14","logon_process":"User32","ip_address":"10.10.10.114","message":"An account was successfully logged on."}
{"timestamp":"2026-09-02T20:00:38Z","host":"WIN-SRV-01","source":"WinEventLog:Security","sourcetype":"WinEventLog:Security","index":"windows","EventCode":4624,"event_id":4624,"log_name":"Security","computer":"WIN-SRV-01.corp.local","provider_name":"Microsoft-Windows-Security-Auditing","level":"Information","record_id":100501,"scenario":"Normal Authentication","attack_phase":"None","mitre_technique":"None","severity":"low","is_suspicious":false,"subject_user":"SYSTEM","subject_domain":"NT AUTHORITY","target_user":"svc_backup","target_domain":"CORP","src_ip":"10.10.20.159","src_port":60248,"dest_host":"WIN-SRV-01","logon_type":3,"authentication_package":"Kerberos","workstation_name":"WIN-SRV-01","logon_id":"0x81401","logon_process":"NtLmSsp","ip_address":"10.10.20.159","message":"An account was successfully logged on."}
{"timestamp":"2026-09-02T20:04:30Z","host":"WIN-CLIENT-01","source":"WinEventLog:Security","sourcetype":"WinEventLog:Security","index":"windows","EventCode":4624,"event_id":4624,"log_name":"Security","computer":"WIN-CLIENT-01.corp.local","provider_name":"Microsoft-Windows-Security-Auditing","level":"Information","record_id":100502,"scenario":"Normal Authentication","attack_phase":"None","mitre_technique":"None","severity":"low","is_suspicious":false,"subject_user":"SYSTEM","subject_domain":"NT AUTHORITY","target_user":"agarcia","target_domain":"CORP","src_ip":"10.10.10.152","src_port":60960,"dest_host":"WIN-CLIENT-01","logon_type":3,"authentication_package":"Kerberos","workstation_name":"WIN-CLIENT-01","logon_id":"0x724FE","logon_process":"NtLmSsp","ip_address":"10.10.10.152","message":"An account was successfully logged on."}
{"timestamp":"2026-09-02T20:10:39Z","host":"WIN-CLIENT-03","source":"WinEventLog:Security","sourcetype":"WinEventLog:Security","index":"windows","EventCode":4624,"event_id":4624,"log_name":"Security","computer":"WIN-CLIENT-03.corp.local","provider_name":"Microsoft-Windows-Security-Auditing","level":"Information","record_id":100503,"scenario":"Normal Authentication","attack_phase":"None","mitre_technique":"None","severity":"low","is_suspicious":false,"subject_user":"SYSTEM","subject_domain":"NT AUTHORITY","target_user":"tnguyen","target_domain":"CORP","src_ip":"10.10.10.65","src_port":53537,"dest_host":"WIN-CLIENT-03","logon_type":11,"authentication_package":"Kerberos","workstation_name":"WIN-CLIENT-03","logon_id":"0xB505D","logon_process":"User32","ip_address":"10.10.10.65","message":"An account was successfully logged on."}
{"timestamp":"2026-09-02T20:12:15Z","host":"WIN-CLIENT-05","source":"WinEventLog:Security","sourcetype":"WinEventLog:Security","index":"windows","EventCode":4624,"event_id":4624,"log_name":"Security","computer":"WIN-CLIENT-05.corp.local","provider_name":"Microsoft-Windows-Security-Auditing","level":"Information","record_id":100504,"scenario":"Normal Authentication","attack_phase":"None","mitre_technique":"None","severity":"low","is_suspicious":false,"subject_user":"SYSTEM","subject_domain":"NT AUTHORITY","target_user":"rpatel","target_domain":"CORP","src_ip":"10.10.20.201","src_port":64421,"dest_host":"WIN-CLIENT-05","logon_type":7,"authentication_package":"Kerberos","workstation_name":"WIN-CLIENT-05","logon_id":"0xC0C30","logon_process":"User32","ip_address":"10.10.20.201","message":"An account was successfully logged on."}
{"timestamp":"2026-09-02T20:12:52Z","host":"WIN-CLIENT-03","source":"WinEventLog:Security","sourcetype":"WinEventLog:Security","index":"windows","EventCode":4624,"event_id":4624,"log_name":"Security","computer":"WIN-CLIENT-03.corp.local","provider_name":"Microsoft-Windows-Security-Auditing","level":"Information","record_id":100505,"scenario":"Normal Authentication","attack_phase":"None","mitre_technique":"None","severity":"low","is_suspicious":false,"subject_user":"SYSTEM","subject_domain":"NT AUTHORITY","target_user":"svc_backup","target_domain":"CORP","src_ip":"10.10.10.193","src_port":55418,"dest_host":"WIN-CLIENT-03","logon_type":3,"authentication_package":"Kerberos","workstation_name":"WIN-CLIENT-03","logon_id":"0x5BA8A","logon_process":"NtLmSsp","ip_address":"10.10.10.193","message":"An account was successfully logged on."}
{"timestamp":"2026-09-02T20:13:57Z","host":"WIN-SRV-02","source":"WinEventLog:Security","sourcetype":"WinEventLog:Security","index":"windows","EventCode":4624,"event_id":4624,"log_name":"Security","computer":"WIN-SRV-02.corp.local","provider_name":"Microsoft-Windows-Security-Auditing","level":"Information","record_id":100506,"scenario":"Normal Authentication","attack_phase":"None","mitre_technique":"None","severity":"low","is_suspicious":false,"subject_user":"SYSTEM","subject_domain":"NT AUTHORITY","target_user":"svc_web","target_domain":"CORP","src_ip":"10.10.20.100","src_port":50847,"dest_host":"WIN-SRV-02","logon_type":3,"authentication_package":"Kerberos","workstation_name":"WIN-SRV-02","logon_id":"0x4DB78","logon_process":"NtLmSsp","ip_address":"10.10.20.100","message":"An account was successfully logged on."}
{"timestamp":"2026-09-02T20:22:38Z","host":"WIN-CLIENT-05","source":"WinEventLog:Security","sourcetype":"WinEventLog:Security","index":"windows","EventCode":4624,"event_id":4624,"log_name":"Security","computer":"WIN-CLIENT-05.corp.local","provider_name":"Microsoft-Windows-Security-Auditing","level":"Information","record_id":100507,"scenario":"Normal Authentication","attack_phase":"None","mitre_technique":"None","severity":"low","is_suspicious":false,"subject_user":"SYSTEM","subject_domain":"NT AUTHORITY","target_user":"svc_backup","target_domain":"CORP","src_ip":"10.10.10.94","src_port":64301,"dest_host":"WIN-CLIENT-05","logon_type":2,"authentication_package":"Kerberos","workstation_name":"WIN-CLIENT-05","logon_id":"0x61045","logon_process":"User32","ip_address":"10.10.10.94","message":"An account was successfully logged on."}
{"timestamp":"2026-09-02T20:25:03Z","host":"WIN-SRV-02","source":"WinEventLog:Security","sourcetype":"WinEventLog:Security","index":"windows","EventCode":4624,"event_id":4624,"log_name":"Security","computer":"WIN-SRV-02.corp.local","provider_name":"Microsoft-Windows-Security-Auditing","level":"Information","record_id":100508,"scenario":"Normal Authentication","attack_phase":"None","mitre_technique":"None","severity":"low","is_suspicious":false,"subject_user":"SYSTEM","subject_domain":"NT AUTHORITY","target_user":"tnguyen","target_domain":"CORP","src_ip":"10.10.20.95","src_port":57951,"dest_host":"WIN-SRV-02","logon_type":11,"authentication_package":"Kerberos","workstation_name":"WIN-SRV-02","logon_id":"0xBED54","logon_process":"User32","ip_address":"10.10.20.95","message":"An account was successfully logged on."}
{"timestamp":"2026-09-02T20:28:09Z","host":"WIN-CLIENT-04","source":"WinEventLog:Security","sourcetype":"WinEventLog:Security","index":"windows","EventCode":4624,"event_id":4624,"log_name":"Security","computer":"WIN-CLIENT-04.corp.local","provider_name":"Microsoft-Windows-Security-Auditing","level":"Information","record_id":100509,"scenario":"Normal Authentication","attack_phase":"None","mitre_technique":"None","severity":"low","is_suspicious":false,"subject_user":"SYSTEM","subject_domain":"NT AUTHORITY","target_user":"svc_web","target_domain":"CORP","src_ip":"10.10.10.6","src_port":58623,"dest_host":"WIN-CLIENT-04","logon_type":11,"authentication_package":"Kerberos","workstation_name":"WIN-CLIENT-04","logon_id":"0x2149D","logon_process":"User32","ip_address":"10.10.10.6","message":"An account was successfully logged on."}
{"timestamp":"2026-09-02T20:28:33Z","host":"WIN-CLIENT-02","source":"WinEventLog:Security","sourcetype":"WinEventLog:Security","index":"windows","EventCode":4624,"event_id":4624,"log_name":"Security","computer":"WIN-CLIENT-02.corp.local","provider_name":"Microsoft-Windows-Security-Auditing","level":"Information","record_id":100510,"scenario":"Normal Authentication","attack_phase":"None","mitre_technique":"None","severity":"low","is_suspicious":false,"subject_user":"SYSTEM","subject_domain":"NT AUTHORITY","target_user":"lwilson","target_domain":"CORP","src_ip":"10.10.10.244","src_port":61931,"dest_host":"WIN-CLIENT-02","logon_type":2,"authentication_package":"Kerberos","workstation_name":"WIN-CLIENT-02","logon_id":"0x75E1B","logon_process":"User32","ip_address":"10.10.10.244","message":"An account was successfully logged on."}
{"timestamp":"2026-09-02T20:37:21Z","host":"WIN-SRV-01","source":"WinEventLog:Security","sourcetype":"WinEventLog:Security","index":"windows","EventCode":4624,"event_id":4624,"log_name":"Security","computer":"WIN-SRV-01.corp.local","provider_name":"Microsoft-Windows-Security-Auditing","level":"Information","record_id":100511,"scenario":"Normal Authentication","attack_phase":"None","mitre_technique":"None","severity":"low","is_suspicious":false,"subject_user":"SYSTEM","subject_domain":"NT AUTHORITY","target_user":"lwilson","target_domain":"CORP","src_ip":"10.10.20.110","src_port":60498,"dest_host":"WIN-SRV-01","logon_type":10,"authentication_package":"Kerberos","workstation_name":"WIN-SRV-01","logon_id":"0x76FBA","logon_process":"Advapi","ip_address":"10.10.20.110","message":"An account was successfully logged on."}
{"timestamp":"2026-09-02T20:38:55Z","host":"WIN-CLIENT-05","source":"WinEventLog:Security","sourcetype":"WinEventLog:Security","index":"windows","EventCode":4624,"event_id":4624,"log_name":"Security","computer":"WIN-CLIENT-05.corp.local","provider_name":"Microsoft-Windows-Security-Auditing","level":"Information","record_id":100512,"scenario":"Normal Authentication","attack_phase":"None","mitre_technique":"None","severity":"low","is_suspicious":false,"subject_user":"SYSTEM","subject_domain":"NT AUTHORITY","target_user":"svc_backup","target_domain":"CORP","src_ip":"10.10.10.73","src_port":50369,"dest_host":"WIN-CLIENT-05","logon_type":7,"authentication_package":"Kerberos","workstation_name":"WIN-CLIENT-05","logon_id":"0x5F560","logon_process":"User32","ip_address":"10.10.10.73","message":"An account was successfully logged on."}
{"timestamp":"2026-09-02T20:40:25Z","host":"WIN-CLIENT-02","source":"WinEventLog:Security","sourcetype":"WinEventLog:Security","index":"windows","EventCode":4624,"event_id":4624,"log_name":"Security","computer":"WIN-CLIENT-02.corp.local","provider_name":"Microsoft-Windows-Security-Auditing","level":"Information","record_id":100513,"scenario":"Normal Authentication","attack_phase":"None","mitre_technique":"None","severity":"low","is_suspicious":false,"subject_user":"SYSTEM","subject_domain":"NT AUTHORITY","target_user":"sbrooks","target_domain":"CORP","src_ip":"10.10.10.139","src_port":54353,"dest_host":"WIN-CLIENT-02","logon_type":11,"authentication_package":"Kerberos","workstation_name":"WIN-CLIENT-02","logon_id":"0x7406F","logon_process":"User32","ip_address":"10.10.10.139","message":"An account was successfully logged on."}
{"timestamp":"2026-09-02T20:41:42Z","host":"WIN-SRV-01","source":"WinEventLog:Security","sourcetype":"WinEventLog:Security","index":"windows","EventCode":4624,"event_id":4624,"log_name":"Security","computer":"WIN-SRV-01.corp.local","provider_name":"Microsoft-Windows-Security-Auditing","level":"Information","record_id":100514,"scenario":"Normal Authentication","attack_phase":"None","mitre_technique":"None","severity":"low","is_suspicious":false,"subject_user":"SYSTEM","subject_domain":"NT AUTHORITY","target_user":"lwilson","target_domain":"CORP","src_ip":"10.10.10.16","src_port":53005,"dest_host":"WIN-SRV-01","logon_type":5,"authentication_package":"Kerberos","workstation_name":"WIN-SRV-01","logon_id":"0x26120","logon_process":"Advapi","ip_address":"10.10.10.16","message":"An account was successfully logged on."}
{"timestamp":"2026-09-02T20:49:16Z","host":"WIN-CLIENT-04","source":"WinEventLog:Security","sourcetype":"WinEventLog:Security","index":"windows","EventCode":4624,"event_id":4624,"log_name":"Security","computer":"WIN-CLIENT-04.corp.local","provider_name":"Microsoft-Windows-Security-Auditing","level":"Information","record_id":100515,"scenario":"Normal Authentication","attack_phase":"None","mitre_technique":"None","severity":"low","is_suspicious":false,"subject_user":"SYSTEM","subject_domain":"NT AUTHORITY","target_user":"agarcia","target_domain":"CORP","src_ip":"10.10.10.81","src_port":59913,"dest_host":"WIN-CLIENT-04","logon_type":7,"authentication_package":"Kerberos","workstation_name":"WIN-CLIENT-04","logon_id":"0xCDDFA","logon_process":"User32","ip_address":"10.10.10.81","message":"An account was successfully logged on."}
{"timestamp":"2026-09-02T20:52:25Z","host":"WIN-CLIENT-01","source":"WinEventLog:Security","sourcetype":"WinEventLog:Security","index":"windows","EventCode":4624,"event_id":4624,"log_name":"Security","computer":"WIN-CLIENT-01.corp.local","provider_name":"Microsoft-Windows-Security-Auditing","level":"Information","record_id":100516,"scenario":"Normal Authentication","attack_phase":"None","mitre_technique":"None","severity":"low","is_suspicious":false,"subject_user":"SYSTEM","subject_domain":"NT AUTHORITY","target_user":"agarcia","target_domain":"CORP","src_ip":"10.10.10.181","src_port":49185,"dest_host":"WIN-CLIENT-01","logon_type":10,"authentication_package":"Kerberos","workstation_name":"WIN-CLIENT-01","logon_id":"0x39F0E","logon_process":"Advapi","ip_address":"10.10.10.181","message":"An account was successfully logged on."}
{"timestamp":"2026-09-02T21:01:03Z","host":"WIN-CLIENT-05","source":"WinEventLog:Security","sourcetype":"WinEventLog:Security","index":"windows","EventCode":4624,"event_id":4624,"log_name":"Security","computer":"WIN-CLIENT-05.corp.local","provider_name":"Microsoft-Windows-Security-Auditing","level":"Information","record_id":100517,"scenario":"Normal Authentication","attack_phase":"None","mitre_technique":"None","severity":"low","is_suspicious":false,"subject_user":"SYSTEM","subject_domain":"NT AUTHORITY","target_user":"kwright","target_domain":"CORP","src_ip":"10.10.20.44","src_port":55092,"dest_host":"WIN-CLIENT-05","logon_type":7,"authentication_package":"Kerberos","workstation_name":"WIN-CLIENT-05","logon_id":"0x307E8","logon_process":"User32","ip_address":"10.10.20.44","message":"An account was successfully logged on."}
{"timestamp":"2026-09-02T21:05:48Z","host":"WIN-CLIENT-01","source":"WinEventLog:Security","sourcetype":"WinEventLog:Security","index":"windows","EventCode":4624,"event_id":4624,"log_name":"Security","computer":"WIN-CLIENT-01.corp.local","provider_name":"Microsoft-Windows-Security-Auditing","level":"Information","record_id":100518,"scenario":"Normal Authentication","attack_phase":"None","mitre_technique":"None","severity":"low","is_suspicious":false,"subject_user":"SYSTEM","subject_domain":"NT AUTHORITY","target_user":"svc_sql","target_domain":"CORP","src_ip":"10.10.10.87","src_port":62223,"dest_host":"WIN-CLIENT-01","logon_type":11,"authentication_package":"Kerberos","workstation_name":"WIN-CLIENT-01","logon_id":"0x7DE83","logon_process":"User32","ip_address":"10.10.10.87","message":"An account was successfully logged on."}
{"timestamp":"2026-09-02T21:10:36Z","host":"WIN-CLIENT-01","source":"WinEventLog:Security","sourcetype":"WinEventLog:Security","index":"windows","EventCode":4624,"event_id":4624,"log_name":"Security","computer":"WIN-CLIENT-01.corp.local","provider_name":"Microsoft-Windows-Security-Auditing","level":"Information","record_id":100519,"scenario":"Normal Authentication","attack_phase":"None","mitre_technique":"None","severity":"low","is_suspicious":false,"subject_user":"SYSTEM","subject_domain":"NT AUTHORITY","target_user":"sbrooks","target_domain":"CORP","src_ip":"10.10.10.129","src_port":56457,"dest_host":"WIN-CLIENT-01","logon_type":4,"authentication_package":"Kerberos","workstation_name":"WIN-CLIENT-01","logon_id":"0x92C29","logon_process":"Advapi","ip_address":"10.10.10.129","message":"An account was successfully logged on."}
{"timestamp":"2026-09-02T21:16:54Z","host":"WIN-CLIENT-04","source":"WinEventLog:Security","sourcetype":"WinEventLog:Security","index":"windows","EventCode":4624,"event_id":4624,"log_name":"Security","computer":"WIN-CLIENT-04.corp.local","provider_name":"Microsoft-Windows-Security-Auditing","level":"Information","record_id":100520,"scenario":"Normal Authentication","attack_phase":"None","mitre_technique":"None","severity":"low","is_suspicious":false,"subject_user":"SYSTEM","subject_domain":"NT AUTHORITY","target_user":"jsmith","target_domain":"CORP","src_ip":"10.10.10.96","src_port":51577,"dest_host":"WIN-CLIENT-04","logon_type":11,"authentication_package":"Kerberos","workstation_name":"WIN-CLIENT-04","logon_id":"0x514F4","logon_process":"User32","ip_address":"10.10.10.96","message":"An account was successfully logged on."}
{"timestamp":"2026-09-02T21:18:49Z","host":"WIN-SRV-01","source":"WinEventLog:Security","sourcetype":"WinEventLog:Security","index":"windows","EventCode":4624,"event_id":4624,"log_name":"Security","computer":"WIN-SRV-01.corp.local","provider_name":"Microsoft-Windows-Security-Auditing","level":"Information","record_id":100521,"scenario":"Normal Authentication","attack_phase":"None","mitre_technique":"None","severity":"low","is_suspicious":false,"subject_user":"SYSTEM","subject_domain":"NT AUTHORITY","target_user":"cwalker","target_domain":"CORP","src_ip":"10.10.10.60","src_port":61136,"dest_host":"WIN-SRV-01","logon_type":10,"authentication_package":"Kerberos","workstation_name":"WIN-SRV-01","logon_id":"0x92425","logon_process":"Advapi","ip_address":"10.10.10.60","message":"An account was successfully logged on."}
{"timestamp":"2026-09-02T21:19:01Z","host":"WIN-SRV-02","source":"WinEventLog:Security","sourcetype":"WinEventLog:Security","index":"windows","EventCode":4624,"event_id":4624,"log_name":"Security","computer":"WIN-SRV-02.corp.local","provider_name":"Microsoft-Windows-Security-Auditing","level":"Information","record_id":100522,"scenario":"Normal Authentication","attack_phase":"None","mitre_technique":"None","severity":"low","is_suspicious":false,"subject_user":"SYSTEM","subject_domain":"NT AUTHORITY","target_user":"jsmith","target_domain":"CORP","src_ip":"10.10.10.64","src_port":49753,"dest_host":"WIN-SRV-02","logon_type":11,"authentication_package":"Kerberos","workstation_name":"WIN-SRV-02","logon_id":"0x88C59","logon_process":"User32","ip_address":"10.10.10.64","message":"An account was successfully logged on."}
{"timestamp":"2026-09-02T21:25:23Z","host":"WIN-CLIENT-02","source":"WinEventLog:Security","sourcetype":"WinEventLog:Security","index":"windows","EventCode":4624,"event_id":4624,"log_name":"Security","computer":"WIN-CLIENT-02.corp.local","provider_name":"Microsoft-Windows-Security-Auditing","level":"Information","record_id":100523,"scenario":"Normal Authentication","attack_phase":"None","mitre_technique":"None","severity":"low","is_suspicious":false,"subject_user":"SYSTEM","subject_domain":"NT AUTHORITY","target_user":"tnguyen","target_domain":"CORP","src_ip":"10.10.10.143","src_port":62158,"dest_host":"WIN-CLIENT-02","logon_type":3,"authentication_package":"Kerberos","workstation_name":"WIN-CLIENT-02","logon_id":"0xF9F87","logon_process":"NtLmSsp","ip_address":"10.10.10.143","message":"An account was successfully logged on."}
{"timestamp":"2026-09-02T21:32:42Z","host":"WIN-CLIENT-03","source":"WinEventLog:Security","sourcetype":"WinEventLog:Security","index":"windows","EventCode":4624,"event_id":4624,"log_name":"Security","computer":"WIN-CLIENT-03.corp.local","provider_name":"Microsoft-Windows-Security-Auditing","level":"Information","record_id":100524,"scenario":"Normal Authentication","attack_phase":"None","mitre_technique":"None","severity":"low","is_suspicious":false,"subject_user":"SYSTEM","subject_domain":"NT AUTHORITY","target_user":"rpatel","target_domain":"CORP","src_ip":"10.10.20.236","src_port":60801,"dest_host":"WIN-CLIENT-03","logon_type":3,"authentication_package":"Kerberos","workstation_name":"WIN-CLIENT-03","logon_id":"0x61E74","logon_process":"NtLmSsp","ip_address":"10.10.20.236","message":"An account was successfully logged on."}
{"timestamp":"2026-09-02T21:37:29Z","host":"WIN-CLIENT-05","source":"WinEventLog:Security","sourcetype":"WinEventLog:Security","index":"windows","EventCode":4624,"event_id":4624,"log_name":"Security","computer":"WIN-CLIENT-05.corp.local","provider_name":"Microsoft-Windows-Security-Auditing","level":"Information","record_id":100525,"scenario":"Normal Authentication","attack_phase":"None","mitre_technique":"None","severity":"low","is_suspicious":false,"subject_user":"SYSTEM","subject_domain":"NT AUTHORITY","target_user":"agarcia","target_domain":"CORP","src_ip":"10.10.10.130","src_port":60031,"dest_host":"WIN-CLIENT-05","logon_type":4,"authentication_package":"Kerberos","workstation_name":"WIN-CLIENT-05","logon_id":"0xF6E59","logon_process":"Advapi","ip_address":"10.10.10.130","message":"An account was successfully logged on."}
{"timestamp":"2026-09-02T21:38:32Z","host":"WIN-CLIENT-02","source":"WinEventLog:Security","sourcetype":"WinEventLog:Security","index":"windows","EventCode":4624,"event_id":4624,"log_name":"Security","computer":"WIN-CLIENT-02.corp.local","provider_name":"Microsoft-Windows-Security-Auditing","level":"Information","record_id":100526,"scenario":"Normal Authentication","attack_phase":"None","mitre_technique":"None","severity":"low","is_suspicious":false,"subject_user":"SYSTEM","subject_domain":"NT AUTHORITY","target_user":"mchen","target_domain":"CORP","src_ip":"10.10.10.246","src_port":55568,"dest_host":"WIN-CLIENT-02","logon_type":11,"authentication_package":"Kerberos","workstation_name":"WIN-CLIENT-02","logon_id":"0x21A52","logon_process":"User32","ip_address":"10.10.10.246","message":"An account was successfully logged on."}
{"timestamp":"2026-09-02T21:46:38Z","host":"WIN-SRV-02","source":"WinEventLog:Security","sourcetype":"WinEventLog:Security","index":"windows","EventCode":4624,"event_id":4624,"log_name":"Security","computer":"WIN-SRV-02.corp.local","provider_name":"Microsoft-Windows-Security-Auditing","level":"Information","record_id":100527,"scenario":"Normal Authentication","attack_phase":"None","mitre_technique":"None","severity":"low","is_suspicious":false,"subject_user":"SYSTEM","subject_domain":"NT AUTHORITY","target_user":"lwilson","target_domain":"CORP","src_ip":"10.10.20.85","src_port":50415,"dest_host":"WIN-SRV-02","logon_type":11,"authentication_package":"Kerberos","workstation_name":"WIN-SRV-02","logon_id":"0x9D976","logon_process":"User32","ip_address":"10.10.20.85","message":"An account was successfully logged on."}
{"timestamp":"2026-09-02T21:54:35Z","host":"WIN-CLIENT-03","source":"WinEventLog:Security","sourcetype":"WinEventLog:Security","index":"windows","EventCode":4624,"event_id":4624,"log_name":"Security","computer":"WIN-CLIENT-03.corp.local","provider_name":"Microsoft-Windows-Security-Auditing","level":"Information","record_id":100528,"scenario":"Normal Authentication","attack_phase":"None","mitre_technique":"None","severity":"low","is_suspicious":false,"subject_user":"SYSTEM","subject_domain":"NT AUTHORITY","target_user":"jsmith","target_domain":"CORP","src_ip":"10.10.20.146","src_port":61853,"dest_host":"WIN-CLIENT-03","logon_type":3,"authentication_package":"Kerberos","workstation_name":"WIN-CLIENT-03","logon_id":"0x5DCD0","logon_process":"NtLmSsp","ip_address":"10.10.20.146","message":"An account was successfully logged on."}
{"timestamp":"2026-09-02T21:58:53Z","host":"WIN-CLIENT-03","source":"WinEventLog:Security","sourcetype":"WinEventLog:Security","index":"windows","EventCode":4624,"event_id":4624,"log_name":"Security","computer":"WIN-CLIENT-03.corp.local","provider_name":"Microsoft-Windows-Security-Auditing","level":"Information","record_id":100529,"scenario":"Normal Authentication","attack_phase":"None","mitre_technique":"None","severity":"low","is_suspicious":false,"subject_user":"SYSTEM","subject_domain":"NT AUTHORITY","target_user":"dohara","target_domain":"CORP","src_ip":"10.10.20.199","src_port":61712,"dest_host":"WIN-CLIENT-03","logon_type":7,"authentication_package":"Kerberos","workstation_name":"WIN-CLIENT-03","logon_id":"0x42073","logon_process":"User32","ip_address":"10.10.20.199","message":"An account was successfully logged on."}
{"timestamp":"2026-09-02T22:08:22Z","host":"WIN-SRV-02","source":"WinEventLog:Security","sourcetype":"WinEventLog:Security","index":"windows","EventCode":4624,"event_id":4624,"log_name":"Security","computer":"WIN-SRV-02.corp.local","provider_name":"Microsoft-Windows-Security-Auditing","level":"Information","record_id":100530,"scenario":"Normal Authentication","attack_phase":"None","mitre_technique":"None","severity":"low","is_suspicious":false,"subject_user":"SYSTEM","subject_domain":"NT AUTHORITY","target_user":"svc_web","target_domain":"CORP","src_ip":"10.10.10.3","src_port":64276,"dest_host":"WIN-SRV-02","logon_type":3,"authentication_package":"Kerberos","workstation_name":"WIN-SRV-02","logon_id":"0x78F82","logon_process":"NtLmSsp","ip_address":"10.10.10.3","message":"An account was successfully logged on."}
{"timestamp":"2026-09-02T22:08:56Z","host":"WIN-CLIENT-05","source":"WinEventLog:Security","sourcetype":"WinEventLog:Security","index":"windows","EventCode":4624,"event_id":4624,"log_name":"Security","computer":"WIN-CLIENT-05.corp.local","provider_name":"Microsoft-Windows-Security-Auditing","level":"Information","record_id":100531,"scenario":"Normal Authentication","attack_phase":"None","mitre_technique":"None","severity":"low","is_suspicious":false,"subject_user":"SYSTEM","subject_domain":"NT AUTHORITY","target_user":"rpatel","target_domain":"CORP","src_ip":"10.10.10.245","src_port":54488,"dest_host":"WIN-CLIENT-05","logon_type":4,"authentication_package":"Kerberos","workstation_name":"WIN-CLIENT-05","logon_id":"0x105FD","logon_process":"Advapi","ip_address":"10.10.10.245","message":"An account was successfully logged on."}
{"timestamp":"2026-09-02T22:15:31Z","host":"WIN-SRV-01","source":"WinEventLog:Security","sourcetype":"WinEventLog:Security","index":"windows","EventCode":4624,"event_id":4624,"log_name":"Security","computer":"WIN-SRV-01.corp.local","provider_name":"Microsoft-Windows-Security-Auditing","level":"Information","record_id":100532,"scenario":"Normal Authentication","attack_phase":"None","mitre_technique":"None","severity":"low","is_suspicious":false,"subject_user":"SYSTEM","subject_domain":"NT AUTHORITY","target_user":"svc_sql","target_domain":"CORP","src_ip":"10.10.10.54","src_port":57680,"dest_host":"WIN-SRV-01","logon_type":4,"authentication_package":"Kerberos","workstation_name":"WIN-SRV-01","logon_id":"0x4CF88","logon_process":"Advapi","ip_address":"10.10.10.54","message":"An account was successfully logged on."}
{"timestamp":"2026-09-02T22:22:50Z","host":"WIN-CLIENT-01","source":"WinEventLog:Security","sourcetype":"WinEventLog:Security","index":"windows","EventCode":4624,"event_id":4624,"log_name":"Security","computer":"WIN-CLIENT-01.corp.local","provider_name":"Microsoft-Windows-Security-Auditing","level":"Information","record_id":100533,"scenario":"Normal Authentication","attack_phase":"None","mitre_technique":"None","severity":"low","is_suspicious":false,"subject_user":"SYSTEM","subject_domain":"NT AUTHORITY","target_user":"dohara","target_domain":"CORP","src_ip":"10.10.20.25","src_port":49719,"dest_host":"WIN-CLIENT-01","logon_type":3,"authentication_package":"Kerberos","workstation_name":"WIN-CLIENT-01","logon_id":"0xFBD8A","logon_process":"NtLmSsp","ip_address":"10.10.20.25","message":"An account was successfully logged on."}
{"timestamp":"2026-09-02T22:26:57Z","host":"WIN-CLIENT-04","source":"WinEventLog:Security","sourcetype":"WinEventLog:Security","index":"windows","EventCode":4624,"event_id":4624,"log_name":"Security","computer":"WIN-CLIENT-04.corp.local","provider_name":"Microsoft-Windows-Security-Auditing","level":"Information","record_id":100534,"scenario":"Normal Authentication","attack_phase":"None","mitre_technique":"None","severity":"low","is_suspicious":false,"subject_user":"SYSTEM","subject_domain":"NT AUTHORITY","target_user":"sbrooks","target_domain":"CORP","src_ip":"10.10.20.119","src_port":64967,"dest_host":"WIN-CLIENT-04","logon_type":10,"authentication_package":"Kerberos","workstation_name":"WIN-CLIENT-04","logon_id":"0xCF765","logon_process":"Advapi","ip_address":"10.10.20.119","message":"An account was successfully logged on."}
