{"timestamp":"2026-09-09T10:27:20Z","host":"WIN-FILE-01","source":"WinEventLog:Security","sourcetype":"WinEventLog:Security","index":"windows","EventCode":4698,"event_id":4698,"log_name":"Security","computer":"WIN-FILE-01.corp.local","provider_name":"Microsoft-Windows-Security-Auditing","level":"Information","record_id":100191,"scenario":"Normal Scheduled Task","attack_phase":"Persistence","mitre_technique":"None","severity":"low","is_suspicious":false,"subject_user":"SYSTEM","task_name":"\\Microsoft\\Windows\\Update\\Scheduled Update","author":"Microsoft Corporation","run_as_user":"SYSTEM","action":"C:\\Windows\\System32\\UsoClient.exe","trigger":"Daily","task_content":"Routine Windows update task."}
{"timestamp":"2026-09-09T12:41:39Z","host":"WIN-CLIENT-01","source":"WinEventLog:Security","sourcetype":"WinEventLog:Security","index":"windows","EventCode":4688,"event_id":4688,"log_name":"Security","computer":"WIN-CLIENT-01.corp.local","provider_name":"Microsoft-Windows-Security-Auditing","level":"Information","record_id":100658,"scenario":"Normal Process Activity","attack_phase":"Execution","mitre_technique":"None","severity":"low","is_suspicious":false,"new_process_name":"C:\\Windows\\System32\\services.exe","parent_process_name":"C:\\Windows\\System32\\services.exe","command_line":"C:\\Windows\\System32\\services.exe","creator_user":"frank","process_id":"0x2416","parent_process_id":"0xab2","integrity_level":"Medium","token_elevation_type":"Limited","message":"A new process has been created."}
{"timestamp":"2026-09-09T12:52:04Z","host":"WIN-DC-02","source":"WinEventLog:Security","sourcetype":"WinEventLog:Security","index":"windows","EventCode":4720,"event_id":4720,"log_name":"Security","computer":"WIN-DC-02.corp.local","provider_name":"Microsoft-Windows-Security-Auditing","level":"Information","record_id":100992,"scenario":"Account Creation","attack_phase":"Persistence","mitre_technique":"T1136.002","severity":"medium","is_suspicious":true,"subject_user":"administrator","target_user":"svc_monitor","target_domain":"CORP","account_type":"User","password_last_set":"Never","src_ip":"10.10.20.50","message":"A user account was created."}
{"timestamp":"2026-09-09T13:34:41Z","host":"WIN-DC-02","source":"WinEventLog:Security","sourcetype":"WinEventLog:Security","index":"windows","EventCode":4768,"event_id":4768,"log_name":"Security","computer":"WIN-DC-02.corp.local","provider_name":"Microsoft-Windows-Security-Auditing","level":"Information","record_id":100372,"scenario":"Normal Kerberos Authentication","attack_phase":"Credential Access","mitre_technique":"None","severity":"low","is_suspicious":false,"target_user":"david","target_domain":"CORP","src_ip":"10.10.10.11","service_name":"krbtgt/CORP","ticket_options":"0x40810010","status":"0x0","message":"A Kerberos authentication ticket was requested."}
{"timestamp":"2026-09-09T14:01:51Z","host":"WIN-DC-01","source":"WinEventLog:Security","sourcetype":"WinEventLog:Security","index":"windows","EventCode":4688,"event_id":4688,"log_name":"Security","computer":"WIN-DC-01.corp.local","provider_name":"Microsoft-Windows-Security-Auditing","level":"Information","record_id":100575,"scenario":"Normal Process Activity","attack_phase":"Execution","mitre_technique":"None","severity":"low","is_suspicious":false,"new_process_name":"C:\\Windows\\explorer.exe","parent_process_name":"C:\\Windows\\System32\\services.exe","command_line":"C:\\Windows\\explorer.exe","creator_user":"bob","process_id":"0x1aa4","parent_process_id":"0x1233","integrity_level":"Medium","token_elevation_type":"Limited","message":"A new process has been created."}
{"timestamp":"2026-09-09T14:17:53Z","host":"WIN-DC-01","source":"WinEventLog:Security","sourcetype":"WinEventLog:Security","index":"windows","EventCode":5145,"event_id":5145,"log_name":"Security","computer":"WIN-DC-01.corp.local","provider_name":"Microsoft-Windows-Security-Auditing","level":"Information","record_id":100895,"scenario":"Administrative Share Access","attack_phase":"Lateral Movement","mitre_technique":"T1021.002","severity":"medium","is_suspicious":true,"subject_user":"administrator","src_ip":"10.10.20.50","share_name":"\\\\WIN-SRV-01\\C$","relative_target_name":"Windows\\Temp\\stage.exe","access_mask":"0x12019f","message":"A network share object was checked for desired access."}
{"timestamp":"2026-09-09T14:25:15Z","host":"WIN-FILE-01","source":"WinEventLog:Security","sourcetype":"WinEventLog:Security","index":"windows","EventCode":4768,"event_id":4768,"log_name":"Security","computer":"WIN-FILE-01.corp.local","provider_name":"Microsoft-Windows-Security-Auditing","level":"Information","record_id":100611,"scenario":"Normal Kerberos Authentication","attack_phase":"Credential Access","mitre_technique":"None","severity":"low","is_suspicious":false,"target_user":"carol","target_domain":"CORP","src_ip":"10.10.30.20","service_name":"krbtgt/CORP","ticket_options":"0x40810010","status":"0x0","message":"A Kerberos authentication ticket was requested."}
{"timestamp":"2026-09-09T14:32:00Z","host":"WIN-CLIENT-02","source":"WinEventLog:Security","sourcetype":"WinEventLog:Security","index":"windows","EventCode":5157,"event_id":5157,"log_name":"Security","computer":"WIN-CLIENT-02.corp.local","provider_name":"Microsoft-Windows-Security-Auditing","level":"Information","record_id":100966,"scenario":"Suspicious Network Activity","attack_phase":"Command and Control","mitre_technique":"T1071","severity":"medium","is_suspicious":true,"application_path":"C:\\Users\\Public\\audit-helper.exe","src_ip":"10.10.20.22","src_port":40482,"dest_ip":"10.10.40.127","dest_port":4444,"protocol":"TCP","direction":"Outbound","message":"The Windows Filtering Platform has blocked a connection."}
{"timestamp":"2026-09-09T14:39:23Z","host":"WIN-FILE-01","source":"WinEventLog:Security","sourcetype":"WinEventLog:Security","index":"windows","EventCode":5156,"event_id":5156,"log_name":"Security","computer":"WIN-FILE-01.corp.local","provider_name":"Microsoft-Windows-Security-Auditing","level":"Information","record_id":100301,"scenario":"Normal Firewall Activity","attack_phase":"Command and Control","mitre_technique":"None","severity":"low","is_suspicious":false,"application_path":"C:\\Windows\\System32\\svchost.exe","src_ip":"10.10.30.20","src_port":58686,"dest_ip":"10.10.30.144","dest_port":80,"protocol":"TCP","direction":"Outbound","message":"The Windows Filtering Platform has permitted a connection."}
{"timestamp":"2026-09-09T14:44:33Z","host":"WIN-DC-01","source":"WinEventLog:Security","sourcetype":"WinEventLog:Security","index":"windows","EventCode":5156,"event_id":5156,"log_name":"Security","computer":"WIN-DC-01.corp.local","provider_name":"Microsoft-Windows-Security-Auditing","level":"Information","record_id":100588,"scenario":"Normal Firewall Activity","attack_phase":"Command and Control","mitre_technique":"None","severity":"low","is_suspicious":false,"application_path":"C:\\Windows\\System32\\winlogon.exe","src_ip":"10.10.10.10","src_port":44384,"dest_ip":"10.10.30.88","dest_port":445,"protocol":"TCP","direction":"Outbound","message":"The Windows Filtering Platform has permitted a connection."}
{"timestamp":"2026-09-09T15:52:04Z","host":"WIN-DC-01","source":"WinEventLog:Security","sourcetype":"WinEventLog:Security","index":"windows","EventCode":4698,"event_id":4698,"log_name":"Security","computer":"WIN-DC-01.corp.local","provider_name":"Microsoft-Windows-Security-Auditing","level":"Information","record_id":100530,"scenario":"Normal Scheduled Task","attack_phase":"Persistence","mitre_technique":"None","severity":"low","is_suspicious":false,"subject_user":"SYSTEM","task_name":"\\Microsoft\\Windows\\Update\\Scheduled Update","author":"Microsoft Corporation","run_as_user":"SYSTEM","action":"C:\\Windows\\System32\\UsoClient.exe","trigger":"Daily","task_content":"Routine Windows update task."}
{"timestamp":"2026-09-09T15:59:29Z","host":"WIN-SRV-01","source":"WinEventLog:Security","sourcetype":"WinEventLog:Security","index":"windows","EventCode":5145,"event_id":5145,"log_name":"Security","computer":"WIN-SRV-01.corp.local","provider_name":"Microsoft-Windows-Security-Auditing","level":"Information","record_id":100988,"scenario":"Administrative Share Access","attack_phase":"Lateral Movement","mitre_technique":"T1021.002","severity":"medium","is_suspicious":true,"subject_user":"alice","src_ip":"10.10.20.50","share_name":"\\\\WIN-DC-01\\ADMIN$","relative_target_name":"Windows\\Temp\\stage.exe","access_mask":"0x12019f","message":"A network share object was checked for desired access."}
{"timestamp":"2026-09-09T16:05:50Z","host":"WIN-SRV-01","source":"WinEventLog:Security","sourcetype":"WinEventLog:Security","index":"windows","EventCode":7045,"event_id":7045,"log_name":"Security","computer":"WIN-SRV-01.corp.local","provider_name":"Microsoft-Windows-Security-Auditing","level":"Information","record_id":100373,"scenario":"Normal Service Installation","attack_phase":"Persistence","mitre_technique":"None","severity":"low","is_suspicious":false,"service_name":"W32Time","service_file_name":"C:\\Windows\\explorer.exe","service_type":"Win32OwnProcess","start_type":"Auto","account_name":"LocalSystem","subject_user":"SYSTEM","message":"A service was installed in the system."}
{"timestamp":"2026-09-09T16:18:56Z","host":"WIN-DC-02","source":"WinEventLog:Security","sourcetype":"WinEventLog:Security","index":"windows","EventCode":4624,"event_id":4624,"log_name":"Security","computer":"WIN-DC-02.corp.local","provider_name":"Microsoft-Windows-Security-Auditing","level":"Information","record_id":100676,"scenario":"Normal Authentication","attack_phase":"Initial Access","mitre_technique":"None","severity":"low","is_suspicious":false,"target_user":"alice","target_domain":"CORP","src_ip":"10.10.20.50","src_port":59067,"dest_host":"WIN-DC-02","logon_type":2,"authentication_package":"NTLM","workstation_name":"WKSTN-19","logon_id":"0x93fe","message":"An account was successfully logged on."}
{"timestamp":"2026-09-09T17:07:59Z","host":"WIN-SRV-01","source":"WinEventLog:Security","sourcetype":"WinEventLog:Security","index":"windows","EventCode":4776,"event_id":4776,"log_name":"Security","computer":"WIN-SRV-01.corp.local","provider_name":"Microsoft-Windows-Security-Auditing","level":"Information","record_id":100057,"scenario":"Normal NTLM Validation","attack_phase":"Credential Access","mitre_technique":"None","severity":"low","is_suspicious":false,"target_user":"david","source_workstation":"WIN-SRV-01","package_name":"MICROSOFT_AUTHENTICATION_PACKAGE_V1_0","status":"0x0","message":"The domain controller attempted to validate the credentials for an account."}
{"timestamp":"2026-09-09T17:12:59Z","host":"WIN-DC-01","source":"WinEventLog:Security","sourcetype":"WinEventLog:Security","index":"windows","EventCode":4769,"event_id":4769,"log_name":"Security","computer":"WIN-DC-01.corp.local","provider_name":"Microsoft-Windows-Security-Auditing","level":"Information","record_id":100631,"scenario":"Normal Service Ticket Activity","attack_phase":"Credential Access","mitre_technique":"None","severity":"low","is_suspicious":false,"target_user":"frank","target_domain":"CORP","src_ip":"10.10.20.51","service_name":"cifs/WIN-FILE-01","ticket_encryption_type":"0x12","status":"0x0","message":"A Kerberos service ticket was requested."}
{"timestamp":"2026-09-09T17:24:18Z","host":"WIN-FILE-01","source":"WinEventLog:Security","sourcetype":"WinEventLog:Security","index":"windows","EventCode":5145,"event_id":5145,"log_name":"Security","computer":"WIN-FILE-01.corp.local","provider_name":"Microsoft-Windows-Security-Auditing","level":"Information","record_id":100946,"scenario":"Administrative Share Access","attack_phase":"Lateral Movement","mitre_technique":"T1021.002","severity":"medium","is_suspicious":true,"subject_user":"alice","src_ip":"10.10.20.50","share_name":"\\\\WIN-DC-01\\ADMIN$","relative_target_name":"Windows\\Temp\\stage.exe","access_mask":"0x12019f","message":"A network share object was checked for desired access."}
{"timestamp":"2026-09-09T17:41:30Z","host":"WIN-SRV-01","source":"WinEventLog:Security","sourcetype":"WinEventLog:Security","index":"windows","EventCode":4688,"event_id":4688,"log_name":"Security","computer":"WIN-SRV-01.corp.local","provider_name":"Microsoft-Windows-Security-Auditing","level":"Information","record_id":100112,"scenario":"Normal Process Activity","attack_phase":"Execution","mitre_technique":"None","severity":"low","is_suspicious":false,"new_process_name":"C:\\Windows\\explorer.exe","parent_process_name":"C:\\Windows\\System32\\services.exe","command_line":"C:\\Windows\\explorer.exe","creator_user":"frank","process_id":"0x16dd","parent_process_id":"0x1277","integrity_level":"Medium","token_elevation_type":"Limited","message":"A new process has been created."}
{"timestamp":"2026-09-09T17:42:46Z","host":"WIN-CLIENT-01","source":"WinEventLog:Security","sourcetype":"WinEventLog:Security","index":"windows","EventCode":4768,"event_id":4768,"log_name":"Security","computer":"WIN-CLIENT-01.corp.local","provider_name":"Microsoft-Windows-Security-Auditing","level":"Information","record_id":100326,"scenario":"Normal Kerberos Authentication","attack_phase":"Credential Access","mitre_technique":"None","severity":"low","is_suspicious":false,"target_user":"bob","target_domain":"CORP","src_ip":"10.10.20.21","service_name":"krbtgt/CORP","ticket_options":"0x40810010","status":"0x0","message":"A Kerberos authentication ticket was requested."}
{"timestamp":"2026-09-09T18:24:28Z","host":"WIN-DC-01","source":"WinEventLog:Security","sourcetype":"WinEventLog:Security","index":"windows","EventCode":7045,"event_id":7045,"log_name":"Security","computer":"WIN-DC-01.corp.local","provider_name":"Microsoft-Windows-Security-Auditing","level":"Information","record_id":100051,"scenario":"Normal Service Installation","attack_phase":"Persistence","mitre_technique":"None","severity":"low","is_suspicious":false,"service_name":"Windows Update","service_file_name":"C:\\Windows\\System32\\svchost.exe","service_type":"Win32OwnProcess","start_type":"Auto","account_name":"LocalSystem","subject_user":"SYSTEM","message":"A service was installed in the system."}
{"timestamp":"2026-09-09T18:28:07Z","host":"WIN-DC-02","source":"WinEventLog:Security","sourcetype":"WinEventLog:Security","index":"windows","EventCode":4769,"event_id":4769,"log_name":"Security","computer":"WIN-DC-02.corp.local","provider_name":"Microsoft-Windows-Security-Auditing","level":"Information","record_id":100364,"scenario":"Normal Service Ticket Activity","attack_phase":"Credential Access","mitre_technique":"None","severity":"low","is_suspicious":false,"target_user":"david","target_domain":"CORP","src_ip":"10.10.20.51","service_name":"HOST/WIN-SRV-01","ticket_encryption_type":"0x12","status":"0x0","message":"A Kerberos service ticket was requested."}
{"timestamp":"2026-09-09T18:32:26Z","host":"WIN-DC-01","source":"WinEventLog:Security","sourcetype":"WinEventLog:Security","index":"windows","EventCode":4698,"event_id":4698,"log_name":"Security","computer":"WIN-DC-01.corp.local","provider_name":"Microsoft-Windows-Security-Auditing","level":"Information","record_id":100186,"scenario":"Normal Scheduled Task","attack_phase":"Persistence","mitre_technique":"None","severity":"low","is_suspicious":false,"subject_user":"SYSTEM","task_name":"\\Microsoft\\Windows\\Update\\Scheduled Update","author":"Microsoft Corporation","run_as_user":"SYSTEM","action":"C:\\Windows\\System32\\UsoClient.exe","trigger":"Daily","task_content":"Routine Windows update task."}
{"timestamp":"2026-09-09T19:04:55Z","host":"WIN-FILE-01","source":"WinEventLog:Security","sourcetype":"WinEventLog:Security","index":"windows","EventCode":4769,"event_id":4769,"log_name":"Security","computer":"WIN-FILE-01.corp.local","provider_name":"Microsoft-Windows-Security-Auditing","level":"Information","record_id":100078,"scenario":"Normal Service Ticket Activity","attack_phase":"Credential Access","mitre_technique":"None","severity":"low","is_suspicious":false,"target_user":"david","target_domain":"CORP","src_ip":"10.10.20.52","service_name":"MSSQLSvc/WIN-SRV-01","ticket_encryption_type":"0x12","status":"0x0","message":"A Kerberos service ticket was requested."}
{"timestamp":"2026-09-09T19:13:55Z","host":"WIN-SRV-01","source":"WinEventLog:Security","sourcetype":"WinEventLog:Security","index":"windows","EventCode":5140,"event_id":5140,"log_name":"Security","computer":"WIN-SRV-01.corp.local","provider_name":"Microsoft-Windows-Security-Auditing","level":"Information","record_id":100576,"scenario":"Normal Network Share Access","attack_phase":"Lateral Movement","mitre_technique":"None","severity":"low","is_suspicious":false,"subject_user":"david","src_ip":"10.10.20.52","share_name":"\\\\WIN-FILE-01\\Users","share_path":"\\\\WIN-FILE-01\\Users","access_type":"Read","message":"A network share object was accessed."}
{"timestamp":"2026-09-09T19:19:47Z","host":"WIN-SRV-01","source":"WinEventLog:Security","sourcetype":"WinEventLog:Security","index":"windows","EventCode":7045,"event_id":7045,"log_name":"Security","computer":"WIN-SRV-01.corp.local","provider_name":"Microsoft-Windows-Security-Auditing","level":"Information","record_id":100196,"scenario":"Normal Service Installation","attack_phase":"Persistence","mitre_technique":"None","severity":"low","is_suspicious":false,"service_name":"BITS","service_file_name":"C:\\Windows\\System32\\winlogon.exe","service_type":"Win32OwnProcess","start_type":"Auto","account_name":"LocalSystem","subject_user":"SYSTEM","message":"A service was installed in the system."}
{"timestamp":"2026-09-09T19:21:30Z","host":"WIN-DC-02","source":"WinEventLog:Security","sourcetype":"WinEventLog:Security","index":"windows","EventCode":4768,"event_id":4768,"log_name":"Security","computer":"WIN-DC-02.corp.local","provider_name":"Microsoft-Windows-Security-Auditing","level":"Information","record_id":100147,"scenario":"Normal Kerberos Authentication","attack_phase":"Credential Access","mitre_technique":"None","severity":"low","is_suspicious":false,"target_user":"david","target_domain":"CORP","src_ip":"10.10.10.11","service_name":"krbtgt/CORP","ticket_options":"0x40810010","status":"0x0","message":"A Kerberos authentication ticket was requested."}
{"timestamp":"2026-09-09T19:39:21Z","host":"WIN-CLIENT-02","source":"WinEventLog:Security","sourcetype":"WinEventLog:Security","index":"windows","EventCode":4688,"event_id":4688,"log_name":"Security","computer":"WIN-CLIENT-02.corp.local","provider_name":"Microsoft-Windows-Security-Auditing","level":"Information","record_id":100215,"scenario":"Normal Process Activity","attack_phase":"Execution","mitre_technique":"None","severity":"low","is_suspicious":false,"new_process_name":"C:\\Windows\\System32\\taskhostw.exe","parent_process_name":"C:\\Windows\\System32\\services.exe","command_line":"C:\\Windows\\System32\\taskhostw.exe","creator_user":"carol","process_id":"0xb34","parent_process_id":"0x25dd","integrity_level":"Medium","token_elevation_type":"Limited","message":"A new process has been created."}
{"timestamp":"2026-09-09T19:44:33Z","host":"WIN-CLIENT-02","source":"WinEventLog:Security","sourcetype":"WinEventLog:Security","index":"windows","EventCode":4698,"event_id":4698,"log_name":"Security","computer":"WIN-CLIENT-02.corp.local","provider_name":"Microsoft-Windows-Security-Auditing","level":"Information","record_id":100203,"scenario":"Normal Scheduled Task","attack_phase":"Persistence","mitre_technique":"None","severity":"low","is_suspicious":false,"subject_user":"SYSTEM","task_name":"\\Microsoft\\Windows\\Update\\Scheduled Update","author":"Microsoft Corporation","run_as_user":"SYSTEM","action":"C:\\Windows\\System32\\UsoClient.exe","trigger":"Daily","task_content":"Routine Windows update task."}
{"timestamp":"2026-09-09T19:55:05Z","host":"WIN-FILE-01","source":"WinEventLog:Security","sourcetype":"WinEventLog:Security","index":"windows","EventCode":4698,"event_id":4698,"log_name":"Security","computer":"WIN-FILE-01.corp.local","provider_name":"Microsoft-Windows-Security-Auditing","level":"Information","record_id":100152,"scenario":"Normal Scheduled Task","attack_phase":"Persistence","mitre_technique":"None","severity":"low","is_suspicious":false,"subject_user":"SYSTEM","task_name":"\\Microsoft\\Windows\\Update\\Scheduled Update","author":"Microsoft Corporation","run_as_user":"SYSTEM","action":"C:\\Windows\\System32\\UsoClient.exe","trigger":"Daily","task_content":"Routine Windows update task."}
{"timestamp":"2026-09-09T20:04:30Z","host":"WIN-CLIENT-02","source":"WinEventLog:Security","sourcetype":"WinEventLog:Security","index":"windows","EventCode":7045,"event_id":7045,"log_name":"Security","computer":"WIN-CLIENT-02.corp.local","provider_name":"Microsoft-Windows-Security-Auditing","level":"Information","record_id":100321,"scenario":"Normal Service Installation","attack_phase":"Persistence","mitre_technique":"None","severity":"low","is_suspicious":false,"service_name":"BITS","service_file_name":"C:\\Windows\\explorer.exe","service_type":"Win32OwnProcess","start_type":"Auto","account_name":"LocalSystem","subject_user":"SYSTEM","message":"A service was installed in the system."}
{"timestamp":"2026-09-09T20:07:47Z","host":"WIN-DC-01","source":"WinEventLog:Security","sourcetype":"WinEventLog:Security","index":"windows","EventCode":4698,"event_id":4698,"log_name":"Security","computer":"WIN-DC-01.corp.local","provider_name":"Microsoft-Windows-Security-Auditing","level":"Information","record_id":100085,"scenario":"Normal Scheduled Task","attack_phase":"Persistence","mitre_technique":"None","severity":"low","is_suspicious":false,"subject_user":"SYSTEM","task_name":"\\Microsoft\\Windows\\Update\\Scheduled Update","author":"Microsoft Corporation","run_as_user":"SYSTEM","action":"C:\\Windows\\System32\\UsoClient.exe","trigger":"Daily","task_content":"Routine Windows update task."}
{"timestamp":"2026-09-09T20:30:53Z","host":"WIN-DC-02","source":"WinEventLog:Security","sourcetype":"WinEventLog:Security","index":"windows","EventCode":4624,"event_id":4624,"log_name":"Security","computer":"WIN-DC-02.corp.local","provider_name":"Microsoft-Windows-Security-Auditing","level":"Information","record_id":100561,"scenario":"Normal Authentication","attack_phase":"Initial Access","mitre_technique":"None","severity":"low","is_suspicious":false,"target_user":"alice","target_domain":"CORP","src_ip":"10.10.20.52","src_port":41626,"dest_host":"WIN-DC-02","logon_type":10,"authentication_package":"Kerberos","workstation_name":"WKSTN-19","logon_id":"0x94cb","message":"An account was successfully logged on."}
{"timestamp":"2026-09-09T20:49:50Z","host":"WIN-FILE-01","source":"WinEventLog:Security","sourcetype":"WinEventLog:Security","index":"windows","EventCode":4768,"event_id":4768,"log_name":"Security","computer":"WIN-FILE-01.corp.local","provider_name":"Microsoft-Windows-Security-Auditing","level":"Information","record_id":100442,"scenario":"Normal Kerberos Authentication","attack_phase":"Credential Access","mitre_technique":"None","severity":"low","is_suspicious":false,"target_user":"alice","target_domain":"CORP","src_ip":"10.10.20.52","service_name":"krbtgt/CORP","ticket_options":"0x40810010","status":"0x0","message":"A Kerberos authentication ticket was requested."}
{"timestamp":"2026-09-09T21:26:45Z","host":"WIN-CLIENT-01","source":"WinEventLog:Security","sourcetype":"WinEventLog:Security","index":"windows","EventCode":7045,"event_id":7045,"log_name":"Security","computer":"WIN-CLIENT-01.corp.local","provider_name":"Microsoft-Windows-Security-Auditing","level":"Information","record_id":100423,"scenario":"Normal Service Installation","attack_phase":"Persistence","mitre_technique":"None","severity":"low","is_suspicious":false,"service_name":"Spooler","service_file_name":"C:\\Windows\\System32\\services.exe","service_type":"Win32OwnProcess","start_type":"Auto","account_name":"LocalSystem","subject_user":"SYSTEM","message":"A service was installed in the system."}
{"timestamp":"2026-09-09T21:56:14Z","host":"WIN-DC-02","source":"WinEventLog:Security","sourcetype":"WinEventLog:Security","index":"windows","EventCode":7045,"event_id":7045,"log_name":"Security","computer":"WIN-DC-02.corp.local","provider_name":"Microsoft-Windows-Security-Auditing","level":"Information","record_id":100170,"scenario":"Normal Service Installation","attack_phase":"Persistence","mitre_technique":"None","severity":"low","is_suspicious":false,"service_name":"BITS","service_file_name":"C:\\Windows\\System32\\svchost.exe","service_type":"Win32OwnProcess","start_type":"Auto","account_name":"LocalSystem","subject_user":"SYSTEM","message":"A service was installed in the system."}
{"timestamp":"2026-09-09T22:00:36Z","host":"WIN-DC-01","source":"WinEventLog:Security","sourcetype":"WinEventLog:Security","index":"windows","EventCode":5140,"event_id":5140,"log_name":"Security","computer":"WIN-DC-01.corp.local","provider_name":"Microsoft-Windows-Security-Auditing","level":"Information","record_id":100218,"scenario":"Normal Network Share Access","attack_phase":"Lateral Movement","mitre_technique":"None","severity":"low","is_suspicious":false,"subject_user":"david","src_ip":"10.10.20.52","share_name":"\\\\WIN-FILE-01\\Public","share_path":"\\\\WIN-FILE-01\\Public","access_type":"Read","message":"A network share object was accessed."}
{"timestamp":"2026-09-09T22:00:39Z","host":"WIN-CLIENT-01","source":"WinEventLog:Security","sourcetype":"WinEventLog:Security","index":"windows","EventCode":4776,"event_id":4776,"log_name":"Security","computer":"WIN-CLIENT-01.corp.local","provider_name":"Microsoft-Windows-Security-Auditing","level":"Information","record_id":100205,"scenario":"Normal NTLM Validation","attack_phase":"Credential Access","mitre_technique":"None","severity":"low","is_suspicious":false,"target_user":"frank","source_workstation":"WIN-CLIENT-01","package_name":"MICROSOFT_AUTHENTICATION_PACKAGE_V1_0","status":"0x0","message":"The domain controller attempted to validate the credentials for an account."}
{"timestamp":"2026-09-09T22:14:46Z","host":"WIN-DC-02","source":"WinEventLog:Security","sourcetype":"WinEventLog:Security","index":"windows","EventCode":5156,"event_id":5156,"log_name":"Security","computer":"WIN-DC-02.corp.local","provider_name":"Microsoft-Windows-Security-Auditing","level":"Information","record_id":100025,"scenario":"Normal Firewall Activity","attack_phase":"Command and Control","mitre_technique":"None","severity":"low","is_suspicious":false,"application_path":"C:\\Windows\\System32\\winlogon.exe","src_ip":"10.10.10.11","src_port":52236,"dest_ip":"10.10.30.113","dest_port":445,"protocol":"TCP","direction":"Outbound","message":"The Windows Filtering Platform has permitted a connection."}
{"timestamp":"2026-09-09T22:24:18Z","host":"WIN-SRV-01","source":"WinEventLog:Security","sourcetype":"WinEventLog:Security","index":"windows","EventCode":4688,"event_id":4688,"log_name":"Security","computer":"WIN-SRV-01.corp.local","provider_name":"Microsoft-Windows-Security-Auditing","level":"Information","record_id":100325,"scenario":"Normal Process Activity","attack_phase":"Execution","mitre_technique":"None","severity":"low","is_suspicious":false,"new_process_name":"C:\\Windows\\System32\\winlogon.exe","parent_process_name":"C:\\Windows\\System32\\services.exe","command_line":"C:\\Windows\\System32\\winlogon.exe","creator_user":"carol","process_id":"0x12c4","parent_process_id":"0x2627","integrity_level":"Medium","token_elevation_type":"Limited","message":"A new process has been created."}
{"timestamp":"2026-09-09T22:29:01Z","host":"WIN-SRV-01","source":"WinEventLog:Security","sourcetype":"WinEventLog:Security","index":"windows","EventCode":7045,"event_id":7045,"log_name":"Security","computer":"WIN-SRV-01.corp.local","provider_name":"Microsoft-Windows-Security-Auditing","level":"Information","record_id":100350,"scenario":"Normal Service Installation","attack_phase":"Persistence","mitre_technique":"None","severity":"low","is_suspicious":false,"service_name":"W32Time","service_file_name":"C:\\Windows\\explorer.exe","service_type":"Win32OwnProcess","start_type":"Auto","account_name":"LocalSystem","subject_user":"SYSTEM","message":"A service was installed in the system."}
{"timestamp":"2026-09-09T22:37:22Z","host":"WIN-FILE-01","source":"WinEventLog:Security","sourcetype":"WinEventLog:Security","index":"windows","EventCode":5157,"event_id":5157,"log_name":"Security","computer":"WIN-FILE-01.corp.local","provider_name":"Microsoft-Windows-Security-Auditing","level":"Information","record_id":100984,"scenario":"Suspicious Network Activity","attack_phase":"Command and Control","mitre_technique":"T1071","severity":"medium","is_suspicious":true,"application_path":"C:\\Users\\Public\\audit-helper.exe","src_ip":"10.10.30.20","src_port":40699,"dest_ip":"10.10.40.177","dest_port":8080,"protocol":"TCP","direction":"Outbound","message":"The Windows Filtering Platform has blocked a connection."}
{"timestamp":"2026-09-09T23:55:53Z","host":"WIN-DC-02","source":"WinEventLog:Security","sourcetype":"WinEventLog:Security","index":"windows","EventCode":4768,"event_id":4768,"log_name":"Security","computer":"WIN-DC-02.corp.local","provider_name":"Microsoft-Windows-Security-Auditing","level":"Information","record_id":100444,"scenario":"Normal Kerberos Authentication","attack_phase":"Credential Access","mitre_technique":"None","severity":"low","is_suspicious":false,"target_user":"david","target_domain":"CORP","src_ip":"10.10.10.11","service_name":"krbtgt/CORP","ticket_options":"0x40810010","status":"0x0","message":"A Kerberos authentication ticket was requested."}
{"timestamp":"2026-09-10T00:08:03Z","host":"WIN-CLIENT-01","source":"WinEventLog:Security","sourcetype":"WinEventLog:Security","index":"windows","EventCode":4624,"event_id":4624,"log_name":"Security","computer":"WIN-CLIENT-01.corp.local","provider_name":"Microsoft-Windows-Security-Auditing","level":"Information","record_id":100451,"scenario":"Normal Authentication","attack_phase":"Initial Access","mitre_technique":"None","severity":"low","is_suspicious":false,"target_user":"alice","target_domain":"CORP","src_ip":"10.10.20.21","src_port":45176,"dest_host":"WIN-CLIENT-01","logon_type":2,"authentication_package":"NTLM","workstation_name":"WKSTN-15","logon_id":"0x2768","message":"An account was successfully logged on."}
{"timestamp":"2026-09-10T00:29:21Z","host":"WIN-CLIENT-01","source":"WinEventLog:Security","sourcetype":"WinEventLog:Security","index":"windows","EventCode":4688,"event_id":4688,"log_name":"Security","computer":"WIN-CLIENT-01.corp.local","provider_name":"Microsoft-Windows-Security-Auditing","level":"Information","record_id":100004,"scenario":"Normal Process Activity","attack_phase":"Execution","mitre_technique":"None","severity":"low","is_suspicious":false,"new_process_name":"C:\\Windows\\System32\\services.exe","parent_process_name":"C:\\Windows\\System32\\services.exe","command_line":"C:\\Windows\\System32\\services.exe","creator_user":"alice","process_id":"0x19eb","parent_process_id":"0x14d5","integrity_level":"Medium","token_elevation_type":"Limited","message":"A new process has been created."}
{"timestamp":"2026-09-10T00:41:58Z","host":"WIN-DC-01","source":"WinEventLog:Security","sourcetype":"WinEventLog:Security","index":"windows","EventCode":4720,"event_id":4720,"log_name":"Security","computer":"WIN-DC-01.corp.local","provider_name":"Microsoft-Windows-Security-Auditing","level":"Information","record_id":100914,"scenario":"Account Creation","attack_phase":"Persistence","mitre_technique":"T1136.002","severity":"medium","is_suspicious":true,"subject_user":"administrator","target_user":"svc_monitor","target_domain":"CORP","account_type":"User","password_last_set":"Never","src_ip":"10.10.20.91","message":"A user account was created."}
{"timestamp":"2026-09-10T00:58:59Z","host":"WIN-FILE-01","source":"WinEventLog:Security","sourcetype":"WinEventLog:Security","index":"windows","EventCode":4624,"event_id":4624,"log_name":"Security","computer":"WIN-FILE-01.corp.local","provider_name":"Microsoft-Windows-Security-Auditing","level":"Information","record_id":100660,"scenario":"Normal Authentication","attack_phase":"Initial Access","mitre_technique":"None","severity":"low","is_suspicious":false,"target_user":"david","target_domain":"CORP","src_ip":"10.10.30.20","src_port":45122,"dest_host":"WIN-FILE-01","logon_type":10,"authentication_package":"Kerberos","workstation_name":"WKSTN-05","logon_id":"0xef40","message":"An account was successfully logged on."}
{"timestamp":"2026-09-10T01:01:07Z","host":"WIN-CLIENT-01","source":"WinEventLog:Security","sourcetype":"WinEventLog:Security","index":"windows","EventCode":4624,"event_id":4624,"log_name":"Security","computer":"WIN-CLIENT-01.corp.local","provider_name":"Microsoft-Windows-Security-Auditing","level":"Information","record_id":100352,"scenario":"Normal Authentication","attack_phase":"Initial Access","mitre_technique":"None","severity":"low","is_suspicious":false,"target_user":"frank","target_domain":"CORP","src_ip":"10.10.20.21","src_port":46752,"dest_host":"WIN-CLIENT-01","logon_type":3,"authentication_package":"Kerberos","workstation_name":"WKSTN-04","logon_id":"0x15729","message":"An account was successfully logged on."}
{"timestamp":"2026-09-10T01:08:27Z","host":"WIN-SRV-01","source":"WinEventLog:Security","sourcetype":"WinEventLog:Security","index":"windows","EventCode":4720,"event_id":4720,"log_name":"Security","computer":"WIN-SRV-01.corp.local","provider_name":"Microsoft-Windows-Security-Auditing","level":"Information","record_id":100956,"scenario":"Account Creation","attack_phase":"Persistence","mitre_technique":"T1136.002","severity":"medium","is_suspicious":true,"subject_user":"administrator","target_user":"svc_update","target_domain":"CORP","account_type":"User","password_last_set":"Never","src_ip":"10.10.20.50","message":"A user account was created."}
{"timestamp":"2026-09-10T02:15:15Z","host":"WIN-SRV-01","source":"WinEventLog:Security","sourcetype":"WinEventLog:Security","index":"windows","EventCode":5145,"event_id":5145,"log_name":"Security","computer":"WIN-SRV-01.corp.local","provider_name":"Microsoft-Windows-Security-Auditing","level":"Information","record_id":100901,"scenario":"Administrative Share Access","attack_phase":"Lateral Movement","mitre_technique":"T1021.002","severity":"medium","is_suspicious":true,"subject_user":"administrator","src_ip":"10.10.20.91","share_name":"\\\\WIN-FILE-01\\IPC$","relative_target_name":"Windows\\Temp\\stage.exe","access_mask":"0x12019f","message":"A network share object was checked for desired access."}
{"timestamp":"2026-09-10T02:30:25Z","host":"WIN-DC-01","source":"WinEventLog:Security","sourcetype":"WinEventLog:Security","index":"windows","EventCode":4720,"event_id":4720,"log_name":"Security","computer":"WIN-DC-01.corp.local","provider_name":"Microsoft-Windows-Security-Auditing","level":"Information","record_id":100944,"scenario":"Account Creation","attack_phase":"Persistence","mitre_technique":"T1136.002","severity":"medium","is_suspicious":true,"subject_user":"administrator","target_user":"svc_update","target_domain":"CORP","account_type":"User","password_last_set":"Never","src_ip":"10.10.20.90","message":"A user account was created."}
{"timestamp":"2026-09-10T02:31:06Z","host":"WIN-DC-01","source":"WinEventLog:Security","sourcetype":"WinEventLog:Security","index":"windows","EventCode":5145,"event_id":5145,"log_name":"Security","computer":"WIN-DC-01.corp.local","provider_name":"Microsoft-Windows-Security-Auditing","level":"Information","record_id":100973,"scenario":"Administrative Share Access","attack_phase":"Lateral Movement","mitre_technique":"T1021.002","severity":"medium","is_suspicious":true,"subject_user":"alice","src_ip":"10.10.20.50","share_name":"\\\\WIN-SRV-01\\C$","relative_target_name":"Windows\\Temp\\stage.exe","access_mask":"0x12019f","message":"A network share object was checked for desired access."}
{"timestamp":"2026-09-10T02:35:28Z","host":"WIN-CLIENT-02","source":"WinEventLog:Security","sourcetype":"WinEventLog:Security","index":"windows","EventCode":5157,"event_id":5157,"log_name":"Security","computer":"WIN-CLIENT-02.corp.local","provider_name":"Microsoft-Windows-Security-Auditing","level":"Information","record_id":100972,"scenario":"Suspicious Network Activity","attack_phase":"Command and Control","mitre_technique":"T1071","severity":"medium","is_suspicious":true,"application_path":"C:\\Users\\Public\\update.exe","src_ip":"10.10.20.22","src_port":46526,"dest_ip":"10.10.40.118","dest_port":9001,"protocol":"TCP","direction":"Outbound","message":"The Windows Filtering Platform has blocked a connection."}
{"timestamp":"2026-09-10T02:40:37Z","host":"WIN-DC-02","source":"WinEventLog:Security","sourcetype":"WinEventLog:Security","index":"windows","EventCode":4624,"event_id":4624,"log_name":"Security","computer":"WIN-DC-02.corp.local","provider_name":"Microsoft-Windows-Security-Auditing","level":"Information","record_id":100254,"scenario":"Normal Authentication","attack_phase":"Initial Access","mitre_technique":"None","severity":"low","is_suspicious":false,"target_user":"carol","target_domain":"CORP","src_ip":"10.10.20.51","src_port":57891,"dest_host":"WIN-DC-02","logon_type":7,"authentication_package":"NTLM","workstation_name":"WKSTN-06","logon_id":"0x1859e","message":"An account was successfully logged on."}
{"timestamp":"2026-09-10T03:13:20Z","host":"WIN-CLIENT-01","source":"WinEventLog:Security","sourcetype":"WinEventLog:Security","index":"windows","EventCode":4698,"event_id":4698,"log_name":"Security","computer":"WIN-CLIENT-01.corp.local","provider_name":"Microsoft-Windows-Security-Auditing","level":"Information","record_id":100389,"scenario":"Normal Scheduled Task","attack_phase":"Persistence","mitre_technique":"None","severity":"low","is_suspicious":false,"subject_user":"SYSTEM","task_name":"\\Microsoft\\Windows\\Update\\Scheduled Update","author":"Microsoft Corporation","run_as_user":"SYSTEM","action":"C:\\Windows\\System32\\UsoClient.exe","trigger":"Daily","task_content":"Routine Windows update task."}
{"timestamp":"2026-09-10T03:27:09Z","host":"WIN-DC-01","source":"WinEventLog:Security","sourcetype":"WinEventLog:Security","index":"windows","EventCode":4768,"event_id":4768,"log_name":"Security","computer":"WIN-DC-01.corp.local","provider_name":"Microsoft-Windows-Security-Auditing","level":"Information","record_id":100183,"scenario":"Normal Kerberos Authentication","attack_phase":"Credential Access","mitre_technique":"None","severity":"low","is_suspicious":false,"target_user":"alice","target_domain":"CORP","src_ip":"10.10.20.52","service_name":"krbtgt/CORP","ticket_options":"0x40810010","status":"0x0","message":"A Kerberos authentication ticket was requested."}
{"timestamp":"2026-09-10T05:07:54Z","host":"WIN-DC-01","source":"WinEventLog:Security","sourcetype":"WinEventLog:Security","index":"windows","EventCode":4768,"event_id":4768,"log_name":"Security","computer":"WIN-DC-01.corp.local","provider_name":"Microsoft-Windows-Security-Auditing","level":"Information","record_id":100556,"scenario":"Normal Kerberos Authentication","attack_phase":"Credential Access","mitre_technique":"None","severity":"low","is_suspicious":false,"target_user":"erin","target_domain":"CORP","src_ip":"10.10.20.50","service_name":"krbtgt/CORP","ticket_options":"0x40810010","status":"0x0","message":"A Kerberos authentication ticket was requested."}
{"timestamp":"2026-09-10T05:11:29Z","host":"WIN-DC-01","source":"WinEventLog:Security","sourcetype":"WinEventLog:Security","index":"windows","EventCode":7045,"event_id":7045,"log_name":"Security","computer":"WIN-DC-01.corp.local","provider_name":"Microsoft-Windows-Security-Auditing","level":"Information","record_id":100434,"scenario":"Normal Service Installation","attack_phase":"Persistence","mitre_technique":"None","severity":"low","is_suspicious":false,"service_name":"Windows Update","service_file_name":"C:\\Windows\\System32\\taskhostw.exe","service_type":"Win32OwnProcess","start_type":"Auto","account_name":"LocalSystem","subject_user":"SYSTEM","message":"A service was installed in the system."}
{"timestamp":"2026-09-10T05:30:45Z","host":"WIN-SRV-01","source":"WinEventLog:Security","sourcetype":"WinEventLog:Security","index":"windows","EventCode":5140,"event_id":5140,"log_name":"Security","computer":"WIN-SRV-01.corp.local","provider_name":"Microsoft-Windows-Security-Auditing","level":"Information","record_id":100508,"scenario":"Normal Network Share Access","attack_phase":"Lateral Movement","mitre_technique":"None","severity":"low","is_suspicious":false,"subject_user":"david","src_ip":"10.10.30.10","share_name":"\\\\WIN-SRV-01\\Reports","share_path":"\\\\WIN-SRV-01\\Reports","access_type":"Read","message":"A network share object was accessed."}
{"timestamp":"2026-09-10T06:01:35Z","host":"WIN-FILE-01","source":"WinEventLog:Security","sourcetype":"WinEventLog:Security","index":"windows","EventCode":5157,"event_id":5157,"log_name":"Security","computer":"WIN-FILE-01.corp.local","provider_name":"Microsoft-Windows-Security-Auditing","level":"Information","record_id":100879,"scenario":"Suspicious Network Activity","attack_phase":"Command and Control","mitre_technique":"T1071","severity":"medium","is_suspicious":true,"application_path":"C:\\Windows\\Temp\\svc-host.exe","src_ip":"10.10.30.20","src_port":58320,"dest_ip":"10.10.40.143","dest_port":8080,"protocol":"TCP","direction":"Outbound","message":"The Windows Filtering Platform has blocked a connection."}
{"timestamp":"2026-09-10T06:04:38Z","host":"WIN-DC-01","source":"WinEventLog:Security","sourcetype":"WinEventLog:Security","index":"windows","EventCode":4720,"event_id":4720,"log_name":"Security","computer":"WIN-DC-01.corp.local","provider_name":"Microsoft-Windows-Security-Auditing","level":"Information","record_id":100890,"scenario":"Account Creation","attack_phase":"Persistence","mitre_technique":"T1136.002","severity":"medium","is_suspicious":true,"subject_user":"administrator","target_user":"svc_backup","target_domain":"CORP","account_type":"User","password_last_set":"Never","src_ip":"10.10.20.50","message":"A user account was created."}
{"timestamp":"2026-09-10T06:06:50Z","host":"WIN-FILE-01","source":"WinEventLog:Security","sourcetype":"WinEventLog:Security","index":"windows","EventCode":7045,"event_id":7045,"log_name":"Security","computer":"WIN-FILE-01.corp.local","provider_name":"Microsoft-Windows-Security-Auditing","level":"Information","record_id":100035,"scenario":"Normal Service Installation","attack_phase":"Persistence","mitre_technique":"None","severity":"low","is_suspicious":false,"service_name":"W32Time","service_file_name":"C:\\Windows\\explorer.exe","service_type":"Win32OwnProcess","start_type":"Auto","account_name":"LocalSystem","subject_user":"SYSTEM","message":"A service was installed in the system."}
{"timestamp":"2026-09-10T06:12:20Z","host":"WIN-FILE-01","source":"WinEventLog:Security","sourcetype":"WinEventLog:Security","index":"windows","EventCode":5156,"event_id":5156,"log_name":"Security","computer":"WIN-FILE-01.corp.local","provider_name":"Microsoft-Windows-Security-Auditing","level":"Information","record_id":100396,"scenario":"Normal Firewall Activity","attack_phase":"Command and Control","mitre_technique":"None","severity":"low","is_suspicious":false,"application_path":"C:\\Windows\\System32\\lsass.exe","src_ip":"10.10.30.20","src_port":42775,"dest_ip":"10.10.30.186","dest_port":80,"protocol":"TCP","direction":"Outbound","message":"The Windows Filtering Platform has permitted a connection."}
{"timestamp":"2026-09-10T06:19:25Z","host":"WIN-FILE-01","source":"WinEventLog:Security","sourcetype":"WinEventLog:Security","index":"windows","EventCode":4688,"event_id":4688,"log_name":"Security","computer":"WIN-FILE-01.corp.local","provider_name":"Microsoft-Windows-Security-Auditing","level":"Information","record_id":100537,"scenario":"Normal Process Activity","attack_phase":"Execution","mitre_technique":"None","severity":"low","is_suspicious":false,"new_process_name":"C:\\Windows\\System32\\winlogon.exe","parent_process_name":"C:\\Windows\\System32\\services.exe","command_line":"C:\\Windows\\System32\\winlogon.exe","creator_user":"david","process_id":"0x26ba","parent_process_id":"0x1cb5","integrity_level":"Medium","token_elevation_type":"Limited","message":"A new process has been created."}
{"timestamp":"2026-09-10T06:19:30Z","host":"WIN-DC-02","source":"WinEventLog:Security","sourcetype":"WinEventLog:Security","index":"windows","EventCode":4768,"event_id":4768,"log_name":"Security","computer":"WIN-DC-02.corp.local","provider_name":"Microsoft-Windows-Security-Auditing","level":"Information","record_id":100573,"scenario":"Normal Kerberos Authentication","attack_phase":"Credential Access","mitre_technique":"None","severity":"low","is_suspicious":false,"target_user":"carol","target_domain":"CORP","src_ip":"10.10.20.52","service_name":"krbtgt/CORP","ticket_options":"0x40810010","status":"0x0","message":"A Kerberos authentication ticket was requested."}
{"timestamp":"2026-09-10T06:24:48Z","host":"WIN-CLIENT-01","source":"WinEventLog:Security","sourcetype":"WinEventLog:Security","index":"windows","EventCode":5156,"event_id":5156,"log_name":"Security","computer":"WIN-CLIENT-01.corp.local","provider_name":"Microsoft-Windows-Security-Auditing","level":"Information","record_id":100583,"scenario":"Normal Firewall Activity","attack_phase":"Command and Control","mitre_technique":"None","severity":"low","is_suspicious":false,"application_path":"C:\\Windows\\System32\\lsass.exe","src_ip":"10.10.20.21","src_port":54058,"dest_ip":"10.10.30.123","dest_port":445,"protocol":"TCP","direction":"Outbound","message":"The Windows Filtering Platform has permitted a connection."}
{"timestamp":"2026-09-10T06:39:21Z","host":"WIN-DC-01","source":"WinEventLog:Security","sourcetype":"WinEventLog:Security","index":"windows","EventCode":5145,"event_id":5145,"log_name":"Security","computer":"WIN-DC-01.corp.local","provider_name":"Microsoft-Windows-Security-Auditing","level":"Information","record_id":100883,"scenario":"Administrative Share Access","attack_phase":"Lateral Movement","mitre_technique":"T1021.002","severity":"medium","is_suspicious":true,"subject_user":"alice","src_ip":"10.10.20.50","share_name":"\\\\WIN-DC-01\\ADMIN$","relative_target_name":"Windows\\Temp\\stage.exe","access_mask":"0x12019f","message":"A network share object was checked for desired access."}
{"timestamp":"2026-09-10T06:54:06Z","host":"WIN-DC-02","source":"WinEventLog:Security","sourcetype":"WinEventLog:Security","index":"windows","EventCode":5156,"event_id":5156,"log_name":"Security","computer":"WIN-DC-02.corp.local","provider_name":"Microsoft-Windows-Security-Auditing","level":"Information","record_id":100526,"scenario":"Normal Firewall Activity","attack_phase":"Command and Control","mitre_technique":"None","severity":"low","is_suspicious":false,"application_path":"C:\\Windows\\System32\\lsass.exe","src_ip":"10.10.10.11","src_port":53751,"dest_ip":"10.10.30.43","dest_port":445,"protocol":"TCP","direction":"Outbound","message":"The Windows Filtering Platform has permitted a connection."}
{"timestamp":"2026-09-10T07:05:32Z","host":"WIN-SRV-01","source":"WinEventLog:Security","sourcetype":"WinEventLog:Security","index":"windows","EventCode":4776,"event_id":4776,"log_name":"Security","computer":"WIN-SRV-01.corp.local","provider_name":"Microsoft-Windows-Security-Auditing","level":"Information","record_id":100143,"scenario":"Normal NTLM Validation","attack_phase":"Credential Access","mitre_technique":"None","severity":"low","is_suspicious":false,"target_user":"alice","source_workstation":"WIN-SRV-01","package_name":"MICROSOFT_AUTHENTICATION_PACKAGE_V1_0","status":"0x0","message":"The domain controller attempted to validate the credentials for an account."}
{"timestamp":"2026-09-10T07:20:28Z","host":"WIN-CLIENT-01","source":"WinEventLog:Security","sourcetype":"WinEventLog:Security","index":"windows","EventCode":4768,"event_id":4768,"log_name":"Security","computer":"WIN-CLIENT-01.corp.local","provider_name":"Microsoft-Windows-Security-Auditing","level":"Information","record_id":100166,"scenario":"Normal Kerberos Authentication","attack_phase":"Credential Access","mitre_technique":"None","severity":"low","is_suspicious":false,"target_user":"erin","target_domain":"CORP","src_ip":"10.10.20.52","service_name":"krbtgt/CORP","ticket_options":"0x40810010","status":"0x0","message":"A Kerberos authentication ticket was requested."}
{"timestamp":"2026-09-10T07:41:36Z","host":"WIN-DC-01","source":"WinEventLog:Security","sourcetype":"WinEventLog:Security","index":"windows","EventCode":5140,"event_id":5140,"log_name":"Security","computer":"WIN-DC-01.corp.local","provider_name":"Microsoft-Windows-Security-Auditing","level":"Information","record_id":100646,"scenario":"Normal Network Share Access","attack_phase":"Lateral Movement","mitre_technique":"None","severity":"low","is_suspicious":false,"subject_user":"carol","src_ip":"10.10.20.50","share_name":"\\\\WIN-SRV-01\\Reports","share_path":"\\\\WIN-SRV-01\\Reports","access_type":"Read","message":"A network share object was accessed."}
{"timestamp":"2026-09-10T07:54:25Z","host":"WIN-CLIENT-01","source":"WinEventLog:Security","sourcetype":"WinEventLog:Security","index":"windows","EventCode":4698,"event_id":4698,"log_name":"Security","computer":"WIN-CLIENT-01.corp.local","provider_name":"Microsoft-Windows-Security-Auditing","level":"Information","record_id":100171,"scenario":"Normal Scheduled Task","attack_phase":"Persistence","mitre_technique":"None","severity":"low","is_suspicious":false,"subject_user":"SYSTEM","task_name":"\\Microsoft\\Windows\\Update\\Scheduled Update","author":"Microsoft Corporation","run_as_user":"SYSTEM","action":"C:\\Windows\\System32\\UsoClient.exe","trigger":"Daily","task_content":"Routine Windows update task."}
