{"timestamp":"2026-09-08T03:33:53Z","host":"WIN-DC-01","source":"WinEventLog:Security","sourcetype":"WinEventLog:Security","index":"windows","EventCode":4768,"event_id":4768,"log_name":"Security","computer":"WIN-DC-01.corp.local","provider_name":"Microsoft-Windows-Security-Auditing","level":"Information","record_id":101792,"scenario":"Normal Kerberos TGT Request","attack_phase":"None","mitre_technique":"None","severity":"low","is_suspicious":false,"target_user":"lwilson","target_domain":"CORP","src_ip":"10.10.10.23","dest_host":"WIN-DC-01","authentication_package":"Kerberos","certificate_issuer_name":"","pre_auth_type":"2","message":"A Kerberos authentication ticket (TGT) was requested."}
{"timestamp":"2026-09-08T03:35:01Z","host":"WIN-DC-02","source":"WinEventLog:Security","sourcetype":"WinEventLog:Security","index":"windows","EventCode":4768,"event_id":4768,"log_name":"Security","computer":"WIN-DC-02.corp.local","provider_name":"Microsoft-Windows-Security-Auditing","level":"Information","record_id":101793,"scenario":"Normal Kerberos TGT Request","attack_phase":"None","mitre_technique":"None","severity":"low","is_suspicious":false,"target_user":"sbrooks","target_domain":"CORP","src_ip":"10.10.10.95","dest_host":"WIN-DC-02","authentication_package":"Kerberos","certificate_issuer_name":"","pre_auth_type":"2","message":"A Kerberos authentication ticket (TGT) was requested."}
{"timestamp":"2026-09-08T03:39:44Z","host":"WIN-DC-02","source":"WinEventLog:Security","sourcetype":"WinEventLog:Security","index":"windows","EventCode":4768,"event_id":4768,"log_name":"Security","computer":"WIN-DC-02.corp.local","provider_name":"Microsoft-Windows-Security-Auditing","level":"Information","record_id":101794,"scenario":"Normal Kerberos TGT Request","attack_phase":"None","mitre_technique":"None","severity":"low","is_suspicious":false,"target_user":"mchen","target_domain":"CORP","src_ip":"10.10.10.243","dest_host":"WIN-DC-02","authentication_package":"Kerberos","certificate_issuer_name":"","pre_auth_type":"2","message":"A Kerberos authentication ticket (TGT) was requested."}
{"timestamp":"2026-09-08T03:39:49Z","host":"WIN-DC-02","source":"WinEventLog:Security","sourcetype":"WinEventLog:Security","index":"windows","EventCode":4768,"event_id":4768,"log_name":"Security","computer":"WIN-DC-02.corp.local","provider_name":"Microsoft-Windows-Security-Auditing","level":"Information","record_id":101795,"scenario":"Normal Kerberos TGT Request","attack_phase":"None","mitre_technique":"None","severity":"low","is_suspicious":false,"target_user":"rpatel","target_domain":"CORP","src_ip":"10.10.10.13","dest_host":"WIN-DC-02","authentication_package":"Kerberos","certificate_issuer_name":"","pre_auth_type":"2","message":"A Kerberos authentication ticket (TGT) was requested."}
{"timestamp":"2026-09-08T03:44:19Z","host":"WIN-DC-02","source":"WinEventLog:Security","sourcetype":"WinEventLog:Security","index":"windows","EventCode":4768,"event_id":4768,"log_name":"Security","computer":"WIN-DC-02.corp.local","provider_name":"Microsoft-Windows-Security-Auditing","level":"Information","record_id":101796,"scenario":"Normal Kerberos TGT Request","attack_phase":"None","mitre_technique":"None","severity":"low","is_suspicious":false,"target_user":"lwilson","target_domain":"CORP","src_ip":"10.10.10.37","dest_host":"WIN-DC-02","authentication_package":"Kerberos","certificate_issuer_name":"","pre_auth_type":"2","message":"A Kerberos authentication ticket (TGT) was requested."}
{"timestamp":"2026-09-08T03:49:19Z","host":"WIN-DC-02","source":"WinEventLog:Security","sourcetype":"WinEventLog:Security","index":"windows","EventCode":4768,"event_id":4768,"log_name":"Security","computer":"WIN-DC-02.corp.local","provider_name":"Microsoft-Windows-Security-Auditing","level":"Information","record_id":101797,"scenario":"Normal Kerberos TGT Request","attack_phase":"None","mitre_technique":"None","severity":"low","is_suspicious":false,"target_user":"dohara","target_domain":"CORP","src_ip":"10.10.10.135","dest_host":"WIN-DC-02","authentication_package":"Kerberos","certificate_issuer_name":"","pre_auth_type":"2","message":"A Kerberos authentication ticket (TGT) was requested."}
{"timestamp":"2026-09-08T03:52:24Z","host":"WIN-DC-01","source":"WinEventLog:Security","sourcetype":"WinEventLog:Security","index":"windows","EventCode":4768,"event_id":4768,"log_name":"Security","computer":"WIN-DC-01.corp.local","provider_name":"Microsoft-Windows-Security-Auditing","level":"Information","record_id":101798,"scenario":"Normal Kerberos TGT Request","attack_phase":"None","mitre_technique":"None","severity":"low","is_suspicious":false,"target_user":"cwalker","target_domain":"CORP","src_ip":"10.10.10.178","dest_host":"WIN-DC-01","authentication_package":"Kerberos","certificate_issuer_name":"","pre_auth_type":"2","message":"A Kerberos authentication ticket (TGT) was requested."}
{"timestamp":"2026-09-08T03:53:19Z","host":"WIN-DC-01","source":"WinEventLog:Security","sourcetype":"WinEventLog:Security","index":"windows","EventCode":4768,"event_id":4768,"log_name":"Security","computer":"WIN-DC-01.corp.local","provider_name":"Microsoft-Windows-Security-Auditing","level":"Information","record_id":101799,"scenario":"Normal Kerberos TGT Request","attack_phase":"None","mitre_technique":"None","severity":"low","is_suspicious":false,"target_user":"jsmith","target_domain":"CORP","src_ip":"10.10.10.11","dest_host":"WIN-DC-01","authentication_package":"Kerberos","certificate_issuer_name":"","pre_auth_type":"2","message":"A Kerberos authentication ticket (TGT) was requested."}
{"timestamp":"2026-09-08T03:55:00Z","host":"WIN-DC-02","source":"WinEventLog:Security","sourcetype":"WinEventLog:Security","index":"windows","EventCode":4768,"event_id":4768,"log_name":"Security","computer":"WIN-DC-02.corp.local","provider_name":"Microsoft-Windows-Security-Auditing","level":"Information","record_id":101800,"scenario":"Normal Kerberos TGT Request","attack_phase":"None","mitre_technique":"None","severity":"low","is_suspicious":false,"target_user":"mchen","target_domain":"CORP","src_ip":"10.10.10.221","dest_host":"WIN-DC-02","authentication_package":"Kerberos","certificate_issuer_name":"","pre_auth_type":"2","message":"A Kerberos authentication ticket (TGT) was requested."}
{"timestamp":"2026-09-08T03:56:55Z","host":"WIN-DC-01","source":"WinEventLog:Security","sourcetype":"WinEventLog:Security","index":"windows","EventCode":4768,"event_id":4768,"log_name":"Security","computer":"WIN-DC-01.corp.local","provider_name":"Microsoft-Windows-Security-Auditing","level":"Information","record_id":101801,"scenario":"Normal Kerberos TGT Request","attack_phase":"None","mitre_technique":"None","severity":"low","is_suspicious":false,"target_user":"mchen","target_domain":"CORP","src_ip":"10.10.10.153","dest_host":"WIN-DC-01","authentication_package":"Kerberos","certificate_issuer_name":"","pre_auth_type":"2","message":"A Kerberos authentication ticket (TGT) was requested."}
{"timestamp":"2026-09-08T04:00:03Z","host":"WIN-DC-01","source":"WinEventLog:Security","sourcetype":"WinEventLog:Security","index":"windows","EventCode":4768,"event_id":4768,"log_name":"Security","computer":"WIN-DC-01.corp.local","provider_name":"Microsoft-Windows-Security-Auditing","level":"Information","record_id":101802,"scenario":"Normal Kerberos TGT Request","attack_phase":"None","mitre_technique":"None","severity":"low","is_suspicious":false,"target_user":"lwilson","target_domain":"CORP","src_ip":"10.10.10.188","dest_host":"WIN-DC-01","authentication_package":"Kerberos","certificate_issuer_name":"","pre_auth_type":"2","message":"A Kerberos authentication ticket (TGT) was requested."}
{"timestamp":"2026-09-08T04:03:44Z","host":"WIN-DC-02","source":"WinEventLog:Security","sourcetype":"WinEventLog:Security","index":"windows","EventCode":4768,"event_id":4768,"log_name":"Security","computer":"WIN-DC-02.corp.local","provider_name":"Microsoft-Windows-Security-Auditing","level":"Information","record_id":101803,"scenario":"Normal Kerberos TGT Request","attack_phase":"None","mitre_technique":"None","severity":"low","is_suspicious":false,"target_user":"agarcia","target_domain":"CORP","src_ip":"10.10.10.68","dest_host":"WIN-DC-02","authentication_package":"Kerberos","certificate_issuer_name":"","pre_auth_type":"2","message":"A Kerberos authentication ticket (TGT) was requested."}
{"timestamp":"2026-09-08T04:07:04Z","host":"WIN-DC-02","source":"WinEventLog:Security","sourcetype":"WinEventLog:Security","index":"windows","EventCode":4768,"event_id":4768,"log_name":"Security","computer":"WIN-DC-02.corp.local","provider_name":"Microsoft-Windows-Security-Auditing","level":"Information","record_id":101804,"scenario":"Normal Kerberos TGT Request","attack_phase":"None","mitre_technique":"None","severity":"low","is_suspicious":false,"target_user":"mchen","target_domain":"CORP","src_ip":"10.10.10.118","dest_host":"WIN-DC-02","authentication_package":"Kerberos","certificate_issuer_name":"","pre_auth_type":"2","message":"A Kerberos authentication ticket (TGT) was requested."}
{"timestamp":"2026-09-08T04:07:51Z","host":"WIN-DC-02","source":"WinEventLog:Security","sourcetype":"WinEventLog:Security","index":"windows","EventCode":4768,"event_id":4768,"log_name":"Security","computer":"WIN-DC-02.corp.local","provider_name":"Microsoft-Windows-Security-Auditing","level":"Information","record_id":101805,"scenario":"Normal Kerberos TGT Request","attack_phase":"None","mitre_technique":"None","severity":"low","is_suspicious":false,"target_user":"lwilson","target_domain":"CORP","src_ip":"10.10.10.242","dest_host":"WIN-DC-02","authentication_package":"Kerberos","certificate_issuer_name":"","pre_auth_type":"2","message":"A Kerberos authentication ticket (TGT) was requested."}
{"timestamp":"2026-09-08T04:09:09Z","host":"WIN-DC-01","source":"WinEventLog:Security","sourcetype":"WinEventLog:Security","index":"windows","EventCode":4768,"event_id":4768,"log_name":"Security","computer":"WIN-DC-01.corp.local","provider_name":"Microsoft-Windows-Security-Auditing","level":"Information","record_id":101806,"scenario":"Normal Kerberos TGT Request","attack_phase":"None","mitre_technique":"None","severity":"low","is_suspicious":false,"target_user":"sbrooks","target_domain":"CORP","src_ip":"10.10.10.20","dest_host":"WIN-DC-01","authentication_package":"Kerberos","certificate_issuer_name":"","pre_auth_type":"2","message":"A Kerberos authentication ticket (TGT) was requested."}
{"timestamp":"2026-09-08T04:11:31Z","host":"WIN-DC-02","source":"WinEventLog:Security","sourcetype":"WinEventLog:Security","index":"windows","EventCode":4768,"event_id":4768,"log_name":"Security","computer":"WIN-DC-02.corp.local","provider_name":"Microsoft-Windows-Security-Auditing","level":"Information","record_id":101807,"scenario":"Normal Kerberos TGT Request","attack_phase":"None","mitre_technique":"None","severity":"low","is_suspicious":false,"target_user":"rpatel","target_domain":"CORP","src_ip":"10.10.10.146","dest_host":"WIN-DC-02","authentication_package":"Kerberos","certificate_issuer_name":"","pre_auth_type":"2","message":"A Kerberos authentication ticket (TGT) was requested."}
{"timestamp":"2026-09-08T04:15:57Z","host":"WIN-DC-01","source":"WinEventLog:Security","sourcetype":"WinEventLog:Security","index":"windows","EventCode":4768,"event_id":4768,"log_name":"Security","computer":"WIN-DC-01.corp.local","provider_name":"Microsoft-Windows-Security-Auditing","level":"Information","record_id":101808,"scenario":"Normal Kerberos TGT Request","attack_phase":"None","mitre_technique":"None","severity":"low","is_suspicious":false,"target_user":"cwalker","target_domain":"CORP","src_ip":"10.10.10.109","dest_host":"WIN-DC-01","authentication_package":"Kerberos","certificate_issuer_name":"","pre_auth_type":"2","message":"A Kerberos authentication ticket (TGT) was requested."}
{"timestamp":"2026-09-08T04:17:20Z","host":"WIN-DC-02","source":"WinEventLog:Security","sourcetype":"WinEventLog:Security","index":"windows","EventCode":4768,"event_id":4768,"log_name":"Security","computer":"WIN-DC-02.corp.local","provider_name":"Microsoft-Windows-Security-Auditing","level":"Information","record_id":101809,"scenario":"Normal Kerberos TGT Request","attack_phase":"None","mitre_technique":"None","severity":"low","is_suspicious":false,"target_user":"kwright","target_domain":"CORP","src_ip":"10.10.10.99","dest_host":"WIN-DC-02","authentication_package":"Kerberos","certificate_issuer_name":"","pre_auth_type":"2","message":"A Kerberos authentication ticket (TGT) was requested."}
{"timestamp":"2026-09-08T04:17:38Z","host":"WIN-DC-01","source":"WinEventLog:Security","sourcetype":"WinEventLog:Security","index":"windows","EventCode":4768,"event_id":4768,"log_name":"Security","computer":"WIN-DC-01.corp.local","provider_name":"Microsoft-Windows-Security-Auditing","level":"Information","record_id":101810,"scenario":"Normal Kerberos TGT Request","attack_phase":"None","mitre_technique":"None","severity":"low","is_suspicious":false,"target_user":"cwalker","target_domain":"CORP","src_ip":"10.10.10.21","dest_host":"WIN-DC-01","authentication_package":"Kerberos","certificate_issuer_name":"","pre_auth_type":"2","message":"A Kerberos authentication ticket (TGT) was requested."}
{"timestamp":"2026-09-08T04:20:01Z","host":"WIN-DC-01","source":"WinEventLog:Security","sourcetype":"WinEventLog:Security","index":"windows","EventCode":4768,"event_id":4768,"log_name":"Security","computer":"WIN-DC-01.corp.local","provider_name":"Microsoft-Windows-Security-Auditing","level":"Information","record_id":101811,"scenario":"Normal Kerberos TGT Request","attack_phase":"None","mitre_technique":"None","severity":"low","is_suspicious":false,"target_user":"agarcia","target_domain":"CORP","src_ip":"10.10.10.177","dest_host":"WIN-DC-01","authentication_package":"Kerberos","certificate_issuer_name":"","pre_auth_type":"2","message":"A Kerberos authentication ticket (TGT) was requested."}
{"timestamp":"2026-09-08T04:24:46Z","host":"WIN-DC-01","source":"WinEventLog:Security","sourcetype":"WinEventLog:Security","index":"windows","EventCode":4768,"event_id":4768,"log_name":"Security","computer":"WIN-DC-01.corp.local","provider_name":"Microsoft-Windows-Security-Auditing","level":"Information","record_id":101812,"scenario":"Normal Kerberos TGT Request","attack_phase":"None","mitre_technique":"None","severity":"low","is_suspicious":false,"target_user":"tnguyen","target_domain":"CORP","src_ip":"10.10.10.86","dest_host":"WIN-DC-01","authentication_package":"Kerberos","certificate_issuer_name":"","pre_auth_type":"2","message":"A Kerberos authentication ticket (TGT) was requested."}
{"timestamp":"2026-09-08T04:25:36Z","host":"WIN-DC-02","source":"WinEventLog:Security","sourcetype":"WinEventLog:Security","index":"windows","EventCode":4768,"event_id":4768,"log_name":"Security","computer":"WIN-DC-02.corp.local","provider_name":"Microsoft-Windows-Security-Auditing","level":"Information","record_id":101813,"scenario":"Normal Kerberos TGT Request","attack_phase":"None","mitre_technique":"None","severity":"low","is_suspicious":false,"target_user":"kwright","target_domain":"CORP","src_ip":"10.10.10.201","dest_host":"WIN-DC-02","authentication_package":"Kerberos","certificate_issuer_name":"","pre_auth_type":"2","message":"A Kerberos authentication ticket (TGT) was requested."}
{"timestamp":"2026-09-08T04:28:00Z","host":"WIN-DC-01","source":"WinEventLog:Security","sourcetype":"WinEventLog:Security","index":"windows","EventCode":4768,"event_id":4768,"log_name":"Security","computer":"WIN-DC-01.corp.local","provider_name":"Microsoft-Windows-Security-Auditing","level":"Information","record_id":101814,"scenario":"Normal Kerberos TGT Request","attack_phase":"None","mitre_technique":"None","severity":"low","is_suspicious":false,"target_user":"mchen","target_domain":"CORP","src_ip":"10.10.10.72","dest_host":"WIN-DC-01","authentication_package":"Kerberos","certificate_issuer_name":"","pre_auth_type":"2","message":"A Kerberos authentication ticket (TGT) was requested."}
{"timestamp":"2026-09-08T04:28:10Z","host":"WIN-DC-02","source":"WinEventLog:Security","sourcetype":"WinEventLog:Security","index":"windows","EventCode":4768,"event_id":4768,"log_name":"Security","computer":"WIN-DC-02.corp.local","provider_name":"Microsoft-Windows-Security-Auditing","level":"Information","record_id":101815,"scenario":"Normal Kerberos TGT Request","attack_phase":"None","mitre_technique":"None","severity":"low","is_suspicious":false,"target_user":"agarcia","target_domain":"CORP","src_ip":"10.10.10.250","dest_host":"WIN-DC-02","authentication_package":"Kerberos","certificate_issuer_name":"","pre_auth_type":"2","message":"A Kerberos authentication ticket (TGT) was requested."}
{"timestamp":"2026-09-08T04:30:08Z","host":"WIN-DC-01","source":"WinEventLog:Security","sourcetype":"WinEventLog:Security","index":"windows","EventCode":4768,"event_id":4768,"log_name":"Security","computer":"WIN-DC-01.corp.local","provider_name":"Microsoft-Windows-Security-Auditing","level":"Information","record_id":101816,"scenario":"Normal Kerberos TGT Request","attack_phase":"None","mitre_technique":"None","severity":"low","is_suspicious":false,"target_user":"tnguyen","target_domain":"CORP","src_ip":"10.10.10.202","dest_host":"WIN-DC-01","authentication_package":"Kerberos","certificate_issuer_name":"","pre_auth_type":"2","message":"A Kerberos authentication ticket (TGT) was requested."}
{"timestamp":"2026-09-08T04:31:16Z","host":"WIN-DC-02","source":"WinEventLog:Security","sourcetype":"WinEventLog:Security","index":"windows","EventCode":4768,"event_id":4768,"log_name":"Security","computer":"WIN-DC-02.corp.local","provider_name":"Microsoft-Windows-Security-Auditing","level":"Information","record_id":101817,"scenario":"Normal Kerberos TGT Request","attack_phase":"None","mitre_technique":"None","severity":"low","is_suspicious":false,"target_user":"mchen","target_domain":"CORP","src_ip":"10.10.10.152","dest_host":"WIN-DC-02","authentication_package":"Kerberos","certificate_issuer_name":"","pre_auth_type":"2","message":"A Kerberos authentication ticket (TGT) was requested."}
{"timestamp":"2026-09-08T04:35:31Z","host":"WIN-DC-02","source":"WinEventLog:Security","sourcetype":"WinEventLog:Security","index":"windows","EventCode":4768,"event_id":4768,"log_name":"Security","computer":"WIN-DC-02.corp.local","provider_name":"Microsoft-Windows-Security-Auditing","level":"Information","record_id":101818,"scenario":"Normal Kerberos TGT Request","attack_phase":"None","mitre_technique":"None","severity":"low","is_suspicious":false,"target_user":"agarcia","target_domain":"CORP","src_ip":"10.10.10.181","dest_host":"WIN-DC-02","authentication_package":"Kerberos","certificate_issuer_name":"","pre_auth_type":"2","message":"A Kerberos authentication ticket (TGT) was requested."}
{"timestamp":"2026-09-08T04:40:28Z","host":"WIN-DC-02","source":"WinEventLog:Security","sourcetype":"WinEventLog:Security","index":"windows","EventCode":4768,"event_id":4768,"log_name":"Security","computer":"WIN-DC-02.corp.local","provider_name":"Microsoft-Windows-Security-Auditing","level":"Information","record_id":101819,"scenario":"Normal Kerberos TGT Request","attack_phase":"None","mitre_technique":"None","severity":"low","is_suspicious":false,"target_user":"lwilson","target_domain":"CORP","src_ip":"10.10.10.157","dest_host":"WIN-DC-02","authentication_package":"Kerberos","certificate_issuer_name":"","pre_auth_type":"2","message":"A Kerberos authentication ticket (TGT) was requested."}
{"timestamp":"2026-09-08T04:41:23Z","host":"WIN-DC-01","source":"WinEventLog:Security","sourcetype":"WinEventLog:Security","index":"windows","EventCode":4768,"event_id":4768,"log_name":"Security","computer":"WIN-DC-01.corp.local","provider_name":"Microsoft-Windows-Security-Auditing","level":"Information","record_id":101820,"scenario":"Normal Kerberos TGT Request","attack_phase":"None","mitre_technique":"None","severity":"low","is_suspicious":false,"target_user":"jsmith","target_domain":"CORP","src_ip":"10.10.10.83","dest_host":"WIN-DC-01","authentication_package":"Kerberos","certificate_issuer_name":"","pre_auth_type":"2","message":"A Kerberos authentication ticket (TGT) was requested."}
{"timestamp":"2026-09-08T04:44:47Z","host":"WIN-DC-02","source":"WinEventLog:Security","sourcetype":"WinEventLog:Security","index":"windows","EventCode":4769,"event_id":4769,"log_name":"Security","computer":"WIN-DC-02.corp.local","provider_name":"Microsoft-Windows-Security-Auditing","level":"Information","record_id":101821,"scenario":"Normal Kerberos Service Ticket","attack_phase":"None","mitre_technique":"None","severity":"low","is_suspicious":false,"target_user":"mchen","target_domain":"CORP","service_name":"ldap/WIN-DC-01","src_ip":"10.10.10.175","dest_host":"WIN-DC-02","ticket_options":"0x40810000","ticket_encryption_type":"0x12","message":"A Kerberos service ticket was requested."}
{"timestamp":"2026-09-08T04:49:24Z","host":"WIN-DC-02","source":"WinEventLog:Security","sourcetype":"WinEventLog:Security","index":"windows","EventCode":4769,"event_id":4769,"log_name":"Security","computer":"WIN-DC-02.corp.local","provider_name":"Microsoft-Windows-Security-Auditing","level":"Information","record_id":101822,"scenario":"Normal Kerberos Service Ticket","attack_phase":"None","mitre_technique":"None","severity":"low","is_suspicious":false,"target_user":"sbrooks","target_domain":"CORP","service_name":"http/WIN-SRV-01","src_ip":"10.10.10.153","dest_host":"WIN-DC-02","ticket_options":"0x40810000","ticket_encryption_type":"0x12","message":"A Kerberos service ticket was requested."}
{"timestamp":"2026-09-08T04:50:34Z","host":"WIN-DC-01","source":"WinEventLog:Security","sourcetype":"WinEventLog:Security","index":"windows","EventCode":4769,"event_id":4769,"log_name":"Security","computer":"WIN-DC-01.corp.local","provider_name":"Microsoft-Windows-Security-Auditing","level":"Information","record_id":101823,"scenario":"Normal Kerberos Service Ticket","attack_phase":"None","mitre_technique":"None","severity":"low","is_suspicious":false,"target_user":"lwilson","target_domain":"CORP","service_name":"ldap/WIN-DC-01","src_ip":"10.10.10.133","dest_host":"WIN-DC-01","ticket_options":"0x40810000","ticket_encryption_type":"0x12","message":"A Kerberos service ticket was requested."}
{"timestamp":"2026-09-08T04:51:58Z","host":"WIN-DC-01","source":"WinEventLog:Security","sourcetype":"WinEventLog:Security","index":"windows","EventCode":4769,"event_id":4769,"log_name":"Security","computer":"WIN-DC-01.corp.local","provider_name":"Microsoft-Windows-Security-Auditing","level":"Information","record_id":101824,"scenario":"Normal Kerberos Service Ticket","attack_phase":"None","mitre_technique":"None","severity":"low","is_suspicious":false,"target_user":"mchen","target_domain":"CORP","service_name":"http/WIN-SRV-01","src_ip":"10.10.10.147","dest_host":"WIN-DC-01","ticket_options":"0x40810000","ticket_encryption_type":"0x12","message":"A Kerberos service ticket was requested."}
{"timestamp":"2026-09-08T04:54:19Z","host":"WIN-DC-02","source":"WinEventLog:Security","sourcetype":"WinEventLog:Security","index":"windows","EventCode":4769,"event_id":4769,"log_name":"Security","computer":"WIN-DC-02.corp.local","provider_name":"Microsoft-Windows-Security-Auditing","level":"Information","record_id":101825,"scenario":"Normal Kerberos Service Ticket","attack_phase":"None","mitre_technique":"None","severity":"low","is_suspicious":false,"target_user":"jsmith","target_domain":"CORP","service_name":"ldap/WIN-DC-01","src_ip":"10.10.10.201","dest_host":"WIN-DC-02","ticket_options":"0x40810000","ticket_encryption_type":"0x12","message":"A Kerberos service ticket was requested."}
{"timestamp":"2026-09-08T04:56:31Z","host":"WIN-DC-02","source":"WinEventLog:Security","sourcetype":"WinEventLog:Security","index":"windows","EventCode":4769,"event_id":4769,"log_name":"Security","computer":"WIN-DC-02.corp.local","provider_name":"Microsoft-Windows-Security-Auditing","level":"Information","record_id":101826,"scenario":"Normal Kerberos Service Ticket","attack_phase":"None","mitre_technique":"None","severity":"low","is_suspicious":false,"target_user":"cwalker","target_domain":"CORP","service_name":"ldap/WIN-DC-01","src_ip":"10.10.10.119","dest_host":"WIN-DC-02","ticket_options":"0x40810000","ticket_encryption_type":"0x12","message":"A Kerberos service ticket was requested."}
{"timestamp":"2026-09-08T04:58:09Z","host":"WIN-DC-02","source":"WinEventLog:Security","sourcetype":"WinEventLog:Security","index":"windows","EventCode":4769,"event_id":4769,"log_name":"Security","computer":"WIN-DC-02.corp.local","provider_name":"Microsoft-Windows-Security-Auditing","level":"Information","record_id":101827,"scenario":"Normal Kerberos Service Ticket","attack_phase":"None","mitre_technique":"None","severity":"low","is_suspicious":false,"target_user":"dohara","target_domain":"CORP","service_name":"http/WIN-SRV-01","src_ip":"10.10.10.130","dest_host":"WIN-DC-02","ticket_options":"0x40810000","ticket_encryption_type":"0x12","message":"A Kerberos service ticket was requested."}
{"timestamp":"2026-09-08T05:00:40Z","host":"WIN-DC-02","source":"WinEventLog:Security","sourcetype":"WinEventLog:Security","index":"windows","EventCode":4769,"event_id":4769,"log_name":"Security","computer":"WIN-DC-02.corp.local","provider_name":"Microsoft-Windows-Security-Auditing","level":"Information","record_id":101828,"scenario":"Normal Kerberos Service Ticket","attack_phase":"None","mitre_technique":"None","severity":"low","is_suspicious":false,"target_user":"lwilson","target_domain":"CORP","service_name":"ldap/WIN-DC-01","src_ip":"10.10.10.243","dest_host":"WIN-DC-02","ticket_options":"0x40810000","ticket_encryption_type":"0x12","message":"A Kerberos service ticket was requested."}
{"timestamp":"2026-09-08T05:02:42Z","host":"WIN-DC-01","source":"WinEventLog:Security","sourcetype":"WinEventLog:Security","index":"windows","EventCode":4769,"event_id":4769,"log_name":"Security","computer":"WIN-DC-01.corp.local","provider_name":"Microsoft-Windows-Security-Auditing","level":"Information","record_id":101829,"scenario":"Normal Kerberos Service Ticket","attack_phase":"None","mitre_technique":"None","severity":"low","is_suspicious":false,"target_user":"lwilson","target_domain":"CORP","service_name":"http/WIN-SRV-01","src_ip":"10.10.10.106","dest_host":"WIN-DC-01","ticket_options":"0x40810000","ticket_encryption_type":"0x12","message":"A Kerberos service ticket was requested."}
{"timestamp":"2026-09-08T05:05:27Z","host":"WIN-DC-01","source":"WinEventLog:Security","sourcetype":"WinEventLog:Security","index":"windows","EventCode":4769,"event_id":4769,"log_name":"Security","computer":"WIN-DC-01.corp.local","provider_name":"Microsoft-Windows-Security-Auditing","level":"Information","record_id":101830,"scenario":"Normal Kerberos Service Ticket","attack_phase":"None","mitre_technique":"None","severity":"low","is_suspicious":false,"target_user":"agarcia","target_domain":"CORP","service_name":"cifs/WIN-FILE-01","src_ip":"10.10.10.188","dest_host":"WIN-DC-01","ticket_options":"0x40810000","ticket_encryption_type":"0x12","message":"A Kerberos service ticket was requested."}
{"timestamp":"2026-09-08T05:07:34Z","host":"WIN-DC-01","source":"WinEventLog:Security","sourcetype":"WinEventLog:Security","index":"windows","EventCode":4769,"event_id":4769,"log_name":"Security","computer":"WIN-DC-01.corp.local","provider_name":"Microsoft-Windows-Security-Auditing","level":"Information","record_id":101831,"scenario":"Normal Kerberos Service Ticket","attack_phase":"None","mitre_technique":"None","severity":"low","is_suspicious":false,"target_user":"agarcia","target_domain":"CORP","service_name":"ldap/WIN-DC-01","src_ip":"10.10.10.16","dest_host":"WIN-DC-01","ticket_options":"0x40810000","ticket_encryption_type":"0x12","message":"A Kerberos service ticket was requested."}
{"timestamp":"2026-09-08T05:08:22Z","host":"WIN-DC-02","source":"WinEventLog:Security","sourcetype":"WinEventLog:Security","index":"windows","EventCode":4769,"event_id":4769,"log_name":"Security","computer":"WIN-DC-02.corp.local","provider_name":"Microsoft-Windows-Security-Auditing","level":"Information","record_id":101832,"scenario":"Normal Kerberos Service Ticket","attack_phase":"None","mitre_technique":"None","severity":"low","is_suspicious":false,"target_user":"lwilson","target_domain":"CORP","service_name":"cifs/WIN-FILE-01","src_ip":"10.10.10.248","dest_host":"WIN-DC-02","ticket_options":"0x40810000","ticket_encryption_type":"0x12","message":"A Kerberos service ticket was requested."}
{"timestamp":"2026-09-08T05:12:04Z","host":"WIN-DC-01","source":"WinEventLog:Security","sourcetype":"WinEventLog:Security","index":"windows","EventCode":4769,"event_id":4769,"log_name":"Security","computer":"WIN-DC-01.corp.local","provider_name":"Microsoft-Windows-Security-Auditing","level":"Information","record_id":101833,"scenario":"Normal Kerberos Service Ticket","attack_phase":"None","mitre_technique":"None","severity":"low","is_suspicious":false,"target_user":"sbrooks","target_domain":"CORP","service_name":"http/WIN-SRV-01","src_ip":"10.10.10.129","dest_host":"WIN-DC-01","ticket_options":"0x40810000","ticket_encryption_type":"0x12","message":"A Kerberos service ticket was requested."}
{"timestamp":"2026-09-08T05:16:32Z","host":"WIN-DC-01","source":"WinEventLog:Security","sourcetype":"WinEventLog:Security","index":"windows","EventCode":4769,"event_id":4769,"log_name":"Security","computer":"WIN-DC-01.corp.local","provider_name":"Microsoft-Windows-Security-Auditing","level":"Information","record_id":101834,"scenario":"Normal Kerberos Service Ticket","attack_phase":"None","mitre_technique":"None","severity":"low","is_suspicious":false,"target_user":"sbrooks","target_domain":"CORP","service_name":"http/WIN-SRV-01","src_ip":"10.10.10.5","dest_host":"WIN-DC-01","ticket_options":"0x40810000","ticket_encryption_type":"0x12","message":"A Kerberos service ticket was requested."}
{"timestamp":"2026-09-08T05:18:14Z","host":"WIN-DC-02","source":"WinEventLog:Security","sourcetype":"WinEventLog:Security","index":"windows","EventCode":4769,"event_id":4769,"log_name":"Security","computer":"WIN-DC-02.corp.local","provider_name":"Microsoft-Windows-Security-Auditing","level":"Information","record_id":101835,"scenario":"Normal Kerberos Service Ticket","attack_phase":"None","mitre_technique":"None","severity":"low","is_suspicious":false,"target_user":"jsmith","target_domain":"CORP","service_name":"ldap/WIN-DC-01","src_ip":"10.10.10.138","dest_host":"WIN-DC-02","ticket_options":"0x40810000","ticket_encryption_type":"0x12","message":"A Kerberos service ticket was requested."}
{"timestamp":"2026-09-08T05:21:15Z","host":"WIN-DC-01","source":"WinEventLog:Security","sourcetype":"WinEventLog:Security","index":"windows","EventCode":4769,"event_id":4769,"log_name":"Security","computer":"WIN-DC-01.corp.local","provider_name":"Microsoft-Windows-Security-Auditing","level":"Information","record_id":101836,"scenario":"Normal Kerberos Service Ticket","attack_phase":"None","mitre_technique":"None","severity":"low","is_suspicious":false,"target_user":"rpatel","target_domain":"CORP","service_name":"ldap/WIN-DC-01","src_ip":"10.10.10.116","dest_host":"WIN-DC-01","ticket_options":"0x40810000","ticket_encryption_type":"0x12","message":"A Kerberos service ticket was requested."}
{"timestamp":"2026-09-08T05:22:46Z","host":"WIN-DC-01","source":"WinEventLog:Security","sourcetype":"WinEventLog:Security","index":"windows","EventCode":4769,"event_id":4769,"log_name":"Security","computer":"WIN-DC-01.corp.local","provider_name":"Microsoft-Windows-Security-Auditing","level":"Information","record_id":101837,"scenario":"Normal Kerberos Service Ticket","attack_phase":"None","mitre_technique":"None","severity":"low","is_suspicious":false,"target_user":"sbrooks","target_domain":"CORP","service_name":"cifs/WIN-FILE-01","src_ip":"10.10.10.21","dest_host":"WIN-DC-01","ticket_options":"0x40810000","ticket_encryption_type":"0x12","message":"A Kerberos service ticket was requested."}
{"timestamp":"2026-09-08T05:25:58Z","host":"WIN-DC-02","source":"WinEventLog:Security","sourcetype":"WinEventLog:Security","index":"windows","EventCode":4769,"event_id":4769,"log_name":"Security","computer":"WIN-DC-02.corp.local","provider_name":"Microsoft-Windows-Security-Auditing","level":"Information","record_id":101838,"scenario":"Normal Kerberos Service Ticket","attack_phase":"None","mitre_technique":"None","severity":"low","is_suspicious":false,"target_user":"mchen","target_domain":"CORP","service_name":"cifs/WIN-FILE-01","src_ip":"10.10.10.110","dest_host":"WIN-DC-02","ticket_options":"0x40810000","ticket_encryption_type":"0x12","message":"A Kerberos service ticket was requested."}
{"timestamp":"2026-09-08T05:30:16Z","host":"WIN-DC-01","source":"WinEventLog:Security","sourcetype":"WinEventLog:Security","index":"windows","EventCode":4769,"event_id":4769,"log_name":"Security","computer":"WIN-DC-01.corp.local","provider_name":"Microsoft-Windows-Security-Auditing","level":"Information","record_id":101839,"scenario":"Normal Kerberos Service Ticket","attack_phase":"None","mitre_technique":"None","severity":"low","is_suspicious":false,"target_user":"tnguyen","target_domain":"CORP","service_name":"http/WIN-SRV-01","src_ip":"10.10.10.250","dest_host":"WIN-DC-01","ticket_options":"0x40810000","ticket_encryption_type":"0x12","message":"A Kerberos service ticket was requested."}
{"timestamp":"2026-09-08T05:31:18Z","host":"WIN-DC-01","source":"WinEventLog:Security","sourcetype":"WinEventLog:Security","index":"windows","EventCode":4769,"event_id":4769,"log_name":"Security","computer":"WIN-DC-01.corp.local","provider_name":"Microsoft-Windows-Security-Auditing","level":"Information","record_id":101840,"scenario":"Normal Kerberos Service Ticket","attack_phase":"None","mitre_technique":"None","severity":"low","is_suspicious":false,"target_user":"kwright","target_domain":"CORP","service_name":"ldap/WIN-DC-01","src_ip":"10.10.10.219","dest_host":"WIN-DC-01","ticket_options":"0x40810000","ticket_encryption_type":"0x12","message":"A Kerberos service ticket was requested."}
{"timestamp":"2026-09-08T05:32:23Z","host":"WIN-DC-02","source":"WinEventLog:Security","sourcetype":"WinEventLog:Security","index":"windows","EventCode":4769,"event_id":4769,"log_name":"Security","computer":"WIN-DC-02.corp.local","provider_name":"Microsoft-Windows-Security-Auditing","level":"Information","record_id":101841,"scenario":"Normal Kerberos Service Ticket","attack_phase":"None","mitre_technique":"None","severity":"low","is_suspicious":false,"target_user":"lwilson","target_domain":"CORP","service_name":"http/WIN-SRV-01","src_ip":"10.10.10.77","dest_host":"WIN-DC-02","ticket_options":"0x40810000","ticket_encryption_type":"0x12","message":"A Kerberos service ticket was requested."}
{"timestamp":"2026-09-08T05:34:43Z","host":"WIN-DC-01","source":"WinEventLog:Security","sourcetype":"WinEventLog:Security","index":"windows","EventCode":4769,"event_id":4769,"log_name":"Security","computer":"WIN-DC-01.corp.local","provider_name":"Microsoft-Windows-Security-Auditing","level":"Information","record_id":101842,"scenario":"Normal Kerberos Service Ticket","attack_phase":"None","mitre_technique":"None","severity":"low","is_suspicious":false,"target_user":"rpatel","target_domain":"CORP","service_name":"ldap/WIN-DC-01","src_ip":"10.10.10.163","dest_host":"WIN-DC-01","ticket_options":"0x40810000","ticket_encryption_type":"0x12","message":"A Kerberos service ticket was requested."}
{"timestamp":"2026-09-08T05:39:39Z","host":"WIN-DC-01","source":"WinEventLog:Security","sourcetype":"WinEventLog:Security","index":"windows","EventCode":4769,"event_id":4769,"log_name":"Security","computer":"WIN-DC-01.corp.local","provider_name":"Microsoft-Windows-Security-Auditing","level":"Information","record_id":101843,"scenario":"Normal Kerberos Service Ticket","attack_phase":"None","mitre_technique":"None","severity":"low","is_suspicious":false,"target_user":"tnguyen","target_domain":"CORP","service_name":"http/WIN-SRV-01","src_ip":"10.10.10.239","dest_host":"WIN-DC-01","ticket_options":"0x40810000","ticket_encryption_type":"0x12","message":"A Kerberos service ticket was requested."}
{"timestamp":"2026-09-08T05:44:07Z","host":"WIN-DC-02","source":"WinEventLog:Security","sourcetype":"WinEventLog:Security","index":"windows","EventCode":4769,"event_id":4769,"log_name":"Security","computer":"WIN-DC-02.corp.local","provider_name":"Microsoft-Windows-Security-Auditing","level":"Information","record_id":101844,"scenario":"Normal Kerberos Service Ticket","attack_phase":"None","mitre_technique":"None","severity":"low","is_suspicious":false,"target_user":"jsmith","target_domain":"CORP","service_name":"ldap/WIN-DC-01","src_ip":"10.10.10.219","dest_host":"WIN-DC-02","ticket_options":"0x40810000","ticket_encryption_type":"0x12","message":"A Kerberos service ticket was requested."}
{"timestamp":"2026-09-08T05:48:21Z","host":"WIN-DC-02","source":"WinEventLog:Security","sourcetype":"WinEventLog:Security","index":"windows","EventCode":4769,"event_id":4769,"log_name":"Security","computer":"WIN-DC-02.corp.local","provider_name":"Microsoft-Windows-Security-Auditing","level":"Information","record_id":101845,"scenario":"Normal Kerberos Service Ticket","attack_phase":"None","mitre_technique":"None","severity":"low","is_suspicious":false,"target_user":"jsmith","target_domain":"CORP","service_name":"cifs/WIN-FILE-01","src_ip":"10.10.10.159","dest_host":"WIN-DC-02","ticket_options":"0x40810000","ticket_encryption_type":"0x12","message":"A Kerberos service ticket was requested."}
{"timestamp":"2026-09-08T05:52:21Z","host":"WIN-DC-02","source":"WinEventLog:Security","sourcetype":"WinEventLog:Security","index":"windows","EventCode":4769,"event_id":4769,"log_name":"Security","computer":"WIN-DC-02.corp.local","provider_name":"Microsoft-Windows-Security-Auditing","level":"Information","record_id":101846,"scenario":"Normal Kerberos Service Ticket","attack_phase":"None","mitre_technique":"None","severity":"low","is_suspicious":false,"target_user":"kwright","target_domain":"CORP","service_name":"http/WIN-SRV-01","src_ip":"10.10.10.29","dest_host":"WIN-DC-02","ticket_options":"0x40810000","ticket_encryption_type":"0x12","message":"A Kerberos service ticket was requested."}
{"timestamp":"2026-09-08T05:52:28Z","host":"WIN-DC-01","source":"WinEventLog:Security","sourcetype":"WinEventLog:Security","index":"windows","EventCode":4769,"event_id":4769,"log_name":"Security","computer":"WIN-DC-01.corp.local","provider_name":"Microsoft-Windows-Security-Auditing","level":"Information","record_id":101847,"scenario":"Normal Kerberos Service Ticket","attack_phase":"None","mitre_technique":"None","severity":"low","is_suspicious":false,"target_user":"kwright","target_domain":"CORP","service_name":"http/WIN-SRV-01","src_ip":"10.10.10.92","dest_host":"WIN-DC-01","ticket_options":"0x40810000","ticket_encryption_type":"0x12","message":"A Kerberos service ticket was requested."}
{"timestamp":"2026-09-08T05:52:37Z","host":"WIN-DC-02","source":"WinEventLog:Security","sourcetype":"WinEventLog:Security","index":"windows","EventCode":4769,"event_id":4769,"log_name":"Security","computer":"WIN-DC-02.corp.local","provider_name":"Microsoft-Windows-Security-Auditing","level":"Information","record_id":101848,"scenario":"Normal Kerberos Service Ticket","attack_phase":"None","mitre_technique":"None","severity":"low","is_suspicious":false,"target_user":"agarcia","target_domain":"CORP","service_name":"http/WIN-SRV-01","src_ip":"10.10.10.52","dest_host":"WIN-DC-02","ticket_options":"0x40810000","ticket_encryption_type":"0x12","message":"A Kerberos service ticket was requested."}
{"timestamp":"2026-09-08T05:53:25Z","host":"WIN-DC-01","source":"WinEventLog:Security","sourcetype":"WinEventLog:Security","index":"windows","EventCode":4769,"event_id":4769,"log_name":"Security","computer":"WIN-DC-01.corp.local","provider_name":"Microsoft-Windows-Security-Auditing","level":"Information","record_id":101849,"scenario":"Normal Kerberos Service Ticket","attack_phase":"None","mitre_technique":"None","severity":"low","is_suspicious":false,"target_user":"sbrooks","target_domain":"CORP","service_name":"http/WIN-SRV-01","src_ip":"10.10.10.33","dest_host":"WIN-DC-01","ticket_options":"0x40810000","ticket_encryption_type":"0x12","message":"A Kerberos service ticket was requested."}
{"timestamp":"2026-09-08T05:57:39Z","host":"WIN-DC-01","source":"WinEventLog:Security","sourcetype":"WinEventLog:Security","index":"windows","EventCode":4769,"event_id":4769,"log_name":"Security","computer":"WIN-DC-01.corp.local","provider_name":"Microsoft-Windows-Security-Auditing","level":"Information","record_id":101850,"scenario":"Normal Kerberos Service Ticket","attack_phase":"None","mitre_technique":"None","severity":"low","is_suspicious":false,"target_user":"jsmith","target_domain":"CORP","service_name":"ldap/WIN-DC-01","src_ip":"10.10.10.66","dest_host":"WIN-DC-01","ticket_options":"0x40810000","ticket_encryption_type":"0x12","message":"A Kerberos service ticket was requested."}
{"timestamp":"2026-09-08T05:59:39Z","host":"WIN-DC-02","source":"WinEventLog:Security","sourcetype":"WinEventLog:Security","index":"windows","EventCode":4769,"event_id":4769,"log_name":"Security","computer":"WIN-DC-02.corp.local","provider_name":"Microsoft-Windows-Security-Auditing","level":"Information","record_id":101851,"scenario":"Normal Kerberos Service Ticket","attack_phase":"None","mitre_technique":"None","severity":"low","is_suspicious":false,"target_user":"dohara","target_domain":"CORP","service_name":"http/WIN-SRV-01","src_ip":"10.10.10.78","dest_host":"WIN-DC-02","ticket_options":"0x40810000","ticket_encryption_type":"0x12","message":"A Kerberos service ticket was requested."}
{"timestamp":"2026-09-08T06:02:50Z","host":"WIN-DC-01","source":"WinEventLog:Security","sourcetype":"WinEventLog:Security","index":"windows","EventCode":4769,"event_id":4769,"log_name":"Security","computer":"WIN-DC-01.corp.local","provider_name":"Microsoft-Windows-Security-Auditing","level":"Information","record_id":101852,"scenario":"Normal Kerberos Service Ticket","attack_phase":"None","mitre_technique":"None","severity":"low","is_suspicious":false,"target_user":"tnguyen","target_domain":"CORP","service_name":"ldap/WIN-DC-01","src_ip":"10.10.10.209","dest_host":"WIN-DC-01","ticket_options":"0x40810000","ticket_encryption_type":"0x12","message":"A Kerberos service ticket was requested."}
{"timestamp":"2026-09-08T06:05:12Z","host":"WIN-DC-02","source":"WinEventLog:Security","sourcetype":"WinEventLog:Security","index":"windows","EventCode":4769,"event_id":4769,"log_name":"Security","computer":"WIN-DC-02.corp.local","provider_name":"Microsoft-Windows-Security-Auditing","level":"Information","record_id":101853,"scenario":"Normal Kerberos Service Ticket","attack_phase":"None","mitre_technique":"None","severity":"low","is_suspicious":false,"target_user":"agarcia","target_domain":"CORP","service_name":"ldap/WIN-DC-01","src_ip":"10.10.10.216","dest_host":"WIN-DC-02","ticket_options":"0x40810000","ticket_encryption_type":"0x12","message":"A Kerberos service ticket was requested."}
{"timestamp":"2026-09-08T06:09:01Z","host":"WIN-DC-01","source":"WinEventLog:Security","sourcetype":"WinEventLog:Security","index":"windows","EventCode":4769,"event_id":4769,"log_name":"Security","computer":"WIN-DC-01.corp.local","provider_name":"Microsoft-Windows-Security-Auditing","level":"Information","record_id":101854,"scenario":"Normal Kerberos Service Ticket","attack_phase":"None","mitre_technique":"None","severity":"low","is_suspicious":false,"target_user":"mchen","target_domain":"CORP","service_name":"http/WIN-SRV-01","src_ip":"10.10.10.193","dest_host":"WIN-DC-01","ticket_options":"0x40810000","ticket_encryption_type":"0x12","message":"A Kerberos service ticket was requested."}
{"timestamp":"2026-09-08T06:12:48Z","host":"WIN-DC-02","source":"WinEventLog:Security","sourcetype":"WinEventLog:Security","index":"windows","EventCode":4769,"event_id":4769,"log_name":"Security","computer":"WIN-DC-02.corp.local","provider_name":"Microsoft-Windows-Security-Auditing","level":"Information","record_id":101855,"scenario":"Normal Kerberos Service Ticket","attack_phase":"None","mitre_technique":"None","severity":"low","is_suspicious":false,"target_user":"jsmith","target_domain":"CORP","service_name":"ldap/WIN-DC-01","src_ip":"10.10.10.52","dest_host":"WIN-DC-02","ticket_options":"0x40810000","ticket_encryption_type":"0x12","message":"A Kerberos service ticket was requested."}
{"timestamp":"2026-09-08T06:13:49Z","host":"WIN-DC-02","source":"WinEventLog:Security","sourcetype":"WinEventLog:Security","index":"windows","EventCode":4769,"event_id":4769,"log_name":"Security","computer":"WIN-DC-02.corp.local","provider_name":"Microsoft-Windows-Security-Auditing","level":"Information","record_id":101856,"scenario":"Normal Kerberos Service Ticket","attack_phase":"None","mitre_technique":"None","severity":"low","is_suspicious":false,"target_user":"rpatel","target_domain":"CORP","service_name":"cifs/WIN-FILE-01","src_ip":"10.10.10.36","dest_host":"WIN-DC-02","ticket_options":"0x40810000","ticket_encryption_type":"0x12","message":"A Kerberos service ticket was requested."}
{"timestamp":"2026-09-08T06:17:16Z","host":"WIN-DC-02","source":"WinEventLog:Security","sourcetype":"WinEventLog:Security","index":"windows","EventCode":4769,"event_id":4769,"log_name":"Security","computer":"WIN-DC-02.corp.local","provider_name":"Microsoft-Windows-Security-Auditing","level":"Information","record_id":101857,"scenario":"Normal Kerberos Service Ticket","attack_phase":"None","mitre_technique":"None","severity":"low","is_suspicious":false,"target_user":"tnguyen","target_domain":"CORP","service_name":"cifs/WIN-FILE-01","src_ip":"10.10.10.43","dest_host":"WIN-DC-02","ticket_options":"0x40810000","ticket_encryption_type":"0x12","message":"A Kerberos service ticket was requested."}
{"timestamp":"2026-09-08T06:19:02Z","host":"WIN-DC-02","source":"WinEventLog:Security","sourcetype":"WinEventLog:Security","index":"windows","EventCode":4769,"event_id":4769,"log_name":"Security","computer":"WIN-DC-02.corp.local","provider_name":"Microsoft-Windows-Security-Auditing","level":"Information","record_id":101858,"scenario":"Normal Kerberos Service Ticket","attack_phase":"None","mitre_technique":"None","severity":"low","is_suspicious":false,"target_user":"dohara","target_domain":"CORP","service_name":"cifs/WIN-FILE-01","src_ip":"10.10.10.109","dest_host":"WIN-DC-02","ticket_options":"0x40810000","ticket_encryption_type":"0x12","message":"A Kerberos service ticket was requested."}
{"timestamp":"2026-09-08T06:23:17Z","host":"WIN-DC-02","source":"WinEventLog:Security","sourcetype":"WinEventLog:Security","index":"windows","EventCode":4769,"event_id":4769,"log_name":"Security","computer":"WIN-DC-02.corp.local","provider_name":"Microsoft-Windows-Security-Auditing","level":"Information","record_id":101859,"scenario":"Normal Kerberos Service Ticket","attack_phase":"None","mitre_technique":"None","severity":"low","is_suspicious":false,"target_user":"sbrooks","target_domain":"CORP","service_name":"ldap/WIN-DC-01","src_ip":"10.10.10.184","dest_host":"WIN-DC-02","ticket_options":"0x40810000","ticket_encryption_type":"0x12","message":"A Kerberos service ticket was requested."}
{"timestamp":"2026-09-08T06:24:27Z","host":"WIN-DC-02","source":"WinEventLog:Security","sourcetype":"WinEventLog:Security","index":"windows","EventCode":4769,"event_id":4769,"log_name":"Security","computer":"WIN-DC-02.corp.local","provider_name":"Microsoft-Windows-Security-Auditing","level":"Information","record_id":101860,"scenario":"Normal Kerberos Service Ticket","attack_phase":"None","mitre_technique":"None","severity":"low","is_suspicious":false,"target_user":"kwright","target_domain":"CORP","service_name":"ldap/WIN-DC-01","src_ip":"10.10.10.187","dest_host":"WIN-DC-02","ticket_options":"0x40810000","ticket_encryption_type":"0x12","message":"A Kerberos service ticket was requested."}
{"timestamp":"2026-09-08T06:27:51Z","host":"WIN-DC-01","source":"WinEventLog:Security","sourcetype":"WinEventLog:Security","index":"windows","EventCode":4769,"event_id":4769,"log_name":"Security","computer":"WIN-DC-01.corp.local","provider_name":"Microsoft-Windows-Security-Auditing","level":"Information","record_id":101861,"scenario":"Normal Kerberos Service Ticket","attack_phase":"None","mitre_technique":"None","severity":"low","is_suspicious":false,"target_user":"mchen","target_domain":"CORP","service_name":"cifs/WIN-FILE-01","src_ip":"10.10.10.204","dest_host":"WIN-DC-01","ticket_options":"0x40810000","ticket_encryption_type":"0x12","message":"A Kerberos service ticket was requested."}
{"timestamp":"2026-09-08T06:28:06Z","host":"WIN-DC-01","source":"WinEventLog:Security","sourcetype":"WinEventLog:Security","index":"windows","EventCode":4769,"event_id":4769,"log_name":"Security","computer":"WIN-DC-01.corp.local","provider_name":"Microsoft-Windows-Security-Auditing","level":"Information","record_id":101862,"scenario":"Normal Kerberos Service Ticket","attack_phase":"None","mitre_technique":"None","severity":"low","is_suspicious":false,"target_user":"mchen","target_domain":"CORP","service_name":"http/WIN-SRV-01","src_ip":"10.10.10.130","dest_host":"WIN-DC-01","ticket_options":"0x40810000","ticket_encryption_type":"0x12","message":"A Kerberos service ticket was requested."}
