{"timestamp":"2026-09-08T06:28:17Z","host":"WIN-DC-01","source":"WinEventLog:Security","sourcetype":"WinEventLog:Security","index":"windows","EventCode":4769,"event_id":4769,"log_name":"Security","computer":"WIN-DC-01.corp.local","provider_name":"Microsoft-Windows-Security-Auditing","level":"Information","record_id":101863,"scenario":"Normal Kerberos Service Ticket","attack_phase":"None","mitre_technique":"None","severity":"low","is_suspicious":false,"target_user":"rpatel","target_domain":"CORP","service_name":"ldap/WIN-DC-01","src_ip":"10.10.10.214","dest_host":"WIN-DC-01","ticket_options":"0x40810000","ticket_encryption_type":"0x12","message":"A Kerberos service ticket was requested."}
{"timestamp":"2026-09-08T06:31:17Z","host":"WIN-DC-01","source":"WinEventLog:Security","sourcetype":"WinEventLog:Security","index":"windows","EventCode":4769,"event_id":4769,"log_name":"Security","computer":"WIN-DC-01.corp.local","provider_name":"Microsoft-Windows-Security-Auditing","level":"Information","record_id":101864,"scenario":"Normal Kerberos Service Ticket","attack_phase":"None","mitre_technique":"None","severity":"low","is_suspicious":false,"target_user":"tnguyen","target_domain":"CORP","service_name":"http/WIN-SRV-01","src_ip":"10.10.10.124","dest_host":"WIN-DC-01","ticket_options":"0x40810000","ticket_encryption_type":"0x12","message":"A Kerberos service ticket was requested."}
{"timestamp":"2026-09-08T06:33:50Z","host":"WIN-DC-02","source":"WinEventLog:Security","sourcetype":"WinEventLog:Security","index":"windows","EventCode":4769,"event_id":4769,"log_name":"Security","computer":"WIN-DC-02.corp.local","provider_name":"Microsoft-Windows-Security-Auditing","level":"Information","record_id":101865,"scenario":"Normal Kerberos Service Ticket","attack_phase":"None","mitre_technique":"None","severity":"low","is_suspicious":false,"target_user":"lwilson","target_domain":"CORP","service_name":"cifs/WIN-FILE-01","src_ip":"10.10.10.196","dest_host":"WIN-DC-02","ticket_options":"0x40810000","ticket_encryption_type":"0x12","message":"A Kerberos service ticket was requested."}
{"timestamp":"2026-09-08T06:37:34Z","host":"WIN-DC-01","source":"WinEventLog:Security","sourcetype":"WinEventLog:Security","index":"windows","EventCode":4769,"event_id":4769,"log_name":"Security","computer":"WIN-DC-01.corp.local","provider_name":"Microsoft-Windows-Security-Auditing","level":"Information","record_id":101866,"scenario":"Normal Kerberos Service Ticket","attack_phase":"None","mitre_technique":"None","severity":"low","is_suspicious":false,"target_user":"rpatel","target_domain":"CORP","service_name":"ldap/WIN-DC-01","src_ip":"10.10.10.132","dest_host":"WIN-DC-01","ticket_options":"0x40810000","ticket_encryption_type":"0x12","message":"A Kerberos service ticket was requested."}
{"timestamp":"2026-09-08T06:39:14Z","host":"WIN-DC-02","source":"WinEventLog:Security","sourcetype":"WinEventLog:Security","index":"windows","EventCode":4769,"event_id":4769,"log_name":"Security","computer":"WIN-DC-02.corp.local","provider_name":"Microsoft-Windows-Security-Auditing","level":"Information","record_id":101867,"scenario":"Normal Kerberos Service Ticket","attack_phase":"None","mitre_technique":"None","severity":"low","is_suspicious":false,"target_user":"rpatel","target_domain":"CORP","service_name":"cifs/WIN-FILE-01","src_ip":"10.10.10.223","dest_host":"WIN-DC-02","ticket_options":"0x40810000","ticket_encryption_type":"0x12","message":"A Kerberos service ticket was requested."}
{"timestamp":"2026-09-08T06:41:33Z","host":"WIN-DC-02","source":"WinEventLog:Security","sourcetype":"WinEventLog:Security","index":"windows","EventCode":4769,"event_id":4769,"log_name":"Security","computer":"WIN-DC-02.corp.local","provider_name":"Microsoft-Windows-Security-Auditing","level":"Information","record_id":101868,"scenario":"Normal Kerberos Service Ticket","attack_phase":"None","mitre_technique":"None","severity":"low","is_suspicious":false,"target_user":"rpatel","target_domain":"CORP","service_name":"cifs/WIN-FILE-01","src_ip":"10.10.10.123","dest_host":"WIN-DC-02","ticket_options":"0x40810000","ticket_encryption_type":"0x12","message":"A Kerberos service ticket was requested."}
{"timestamp":"2026-09-08T06:42:30Z","host":"WIN-DC-01","source":"WinEventLog:Security","sourcetype":"WinEventLog:Security","index":"windows","EventCode":4769,"event_id":4769,"log_name":"Security","computer":"WIN-DC-01.corp.local","provider_name":"Microsoft-Windows-Security-Auditing","level":"Information","record_id":101869,"scenario":"Normal Kerberos Service Ticket","attack_phase":"None","mitre_technique":"None","severity":"low","is_suspicious":false,"target_user":"sbrooks","target_domain":"CORP","service_name":"cifs/WIN-FILE-01","src_ip":"10.10.10.220","dest_host":"WIN-DC-01","ticket_options":"0x40810000","ticket_encryption_type":"0x12","message":"A Kerberos service ticket was requested."}
{"timestamp":"2026-09-08T06:43:51Z","host":"WIN-DC-01","source":"WinEventLog:Security","sourcetype":"WinEventLog:Security","index":"windows","EventCode":4769,"event_id":4769,"log_name":"Security","computer":"WIN-DC-01.corp.local","provider_name":"Microsoft-Windows-Security-Auditing","level":"Information","record_id":101870,"scenario":"Normal Kerberos Service Ticket","attack_phase":"None","mitre_technique":"None","severity":"low","is_suspicious":false,"target_user":"rpatel","target_domain":"CORP","service_name":"cifs/WIN-FILE-01","src_ip":"10.10.10.104","dest_host":"WIN-DC-01","ticket_options":"0x40810000","ticket_encryption_type":"0x12","message":"A Kerberos service ticket was requested."}
{"timestamp":"2026-09-08T06:44:15Z","host":"WIN-DC-01","source":"WinEventLog:Security","sourcetype":"WinEventLog:Security","index":"windows","EventCode":4769,"event_id":4769,"log_name":"Security","computer":"WIN-DC-01.corp.local","provider_name":"Microsoft-Windows-Security-Auditing","level":"Information","record_id":101871,"scenario":"Normal Kerberos Service Ticket","attack_phase":"None","mitre_technique":"None","severity":"low","is_suspicious":false,"target_user":"lwilson","target_domain":"CORP","service_name":"cifs/WIN-FILE-01","src_ip":"10.10.10.111","dest_host":"WIN-DC-01","ticket_options":"0x40810000","ticket_encryption_type":"0x12","message":"A Kerberos service ticket was requested."}
{"timestamp":"2026-09-08T06:44:29Z","host":"WIN-DC-01","source":"WinEventLog:Security","sourcetype":"WinEventLog:Security","index":"windows","EventCode":4769,"event_id":4769,"log_name":"Security","computer":"WIN-DC-01.corp.local","provider_name":"Microsoft-Windows-Security-Auditing","level":"Information","record_id":101872,"scenario":"Normal Kerberos Service Ticket","attack_phase":"None","mitre_technique":"None","severity":"low","is_suspicious":false,"target_user":"cwalker","target_domain":"CORP","service_name":"cifs/WIN-FILE-01","src_ip":"10.10.10.223","dest_host":"WIN-DC-01","ticket_options":"0x40810000","ticket_encryption_type":"0x12","message":"A Kerberos service ticket was requested."}
{"timestamp":"2026-09-08T06:45:00Z","host":"WIN-DC-02","source":"WinEventLog:Security","sourcetype":"WinEventLog:Security","index":"windows","EventCode":4769,"event_id":4769,"log_name":"Security","computer":"WIN-DC-02.corp.local","provider_name":"Microsoft-Windows-Security-Auditing","level":"Information","record_id":101873,"scenario":"Normal Kerberos Service Ticket","attack_phase":"None","mitre_technique":"None","severity":"low","is_suspicious":false,"target_user":"tnguyen","target_domain":"CORP","service_name":"ldap/WIN-DC-01","src_ip":"10.10.10.80","dest_host":"WIN-DC-02","ticket_options":"0x40810000","ticket_encryption_type":"0x12","message":"A Kerberos service ticket was requested."}
{"timestamp":"2026-09-08T06:47:03Z","host":"WIN-DC-02","source":"WinEventLog:Security","sourcetype":"WinEventLog:Security","index":"windows","EventCode":4769,"event_id":4769,"log_name":"Security","computer":"WIN-DC-02.corp.local","provider_name":"Microsoft-Windows-Security-Auditing","level":"Information","record_id":101874,"scenario":"Normal Kerberos Service Ticket","attack_phase":"None","mitre_technique":"None","severity":"low","is_suspicious":false,"target_user":"rpatel","target_domain":"CORP","service_name":"http/WIN-SRV-01","src_ip":"10.10.10.124","dest_host":"WIN-DC-02","ticket_options":"0x40810000","ticket_encryption_type":"0x12","message":"A Kerberos service ticket was requested."}
{"timestamp":"2026-09-08T06:47:39Z","host":"WIN-DC-02","source":"WinEventLog:Security","sourcetype":"WinEventLog:Security","index":"windows","EventCode":4769,"event_id":4769,"log_name":"Security","computer":"WIN-DC-02.corp.local","provider_name":"Microsoft-Windows-Security-Auditing","level":"Information","record_id":101875,"scenario":"Normal Kerberos Service Ticket","attack_phase":"None","mitre_technique":"None","severity":"low","is_suspicious":false,"target_user":"sbrooks","target_domain":"CORP","service_name":"ldap/WIN-DC-01","src_ip":"10.10.10.15","dest_host":"WIN-DC-02","ticket_options":"0x40810000","ticket_encryption_type":"0x12","message":"A Kerberos service ticket was requested."}
{"timestamp":"2026-09-08T06:50:19Z","host":"WIN-DC-02","source":"WinEventLog:Security","sourcetype":"WinEventLog:Security","index":"windows","EventCode":4769,"event_id":4769,"log_name":"Security","computer":"WIN-DC-02.corp.local","provider_name":"Microsoft-Windows-Security-Auditing","level":"Information","record_id":101876,"scenario":"Normal Kerberos Service Ticket","attack_phase":"None","mitre_technique":"None","severity":"low","is_suspicious":false,"target_user":"agarcia","target_domain":"CORP","service_name":"http/WIN-SRV-01","src_ip":"10.10.10.73","dest_host":"WIN-DC-02","ticket_options":"0x40810000","ticket_encryption_type":"0x12","message":"A Kerberos service ticket was requested."}
{"timestamp":"2026-09-08T06:53:23Z","host":"WIN-DC-01","source":"WinEventLog:Security","sourcetype":"WinEventLog:Security","index":"windows","EventCode":4769,"event_id":4769,"log_name":"Security","computer":"WIN-DC-01.corp.local","provider_name":"Microsoft-Windows-Security-Auditing","level":"Information","record_id":101877,"scenario":"Normal Kerberos Service Ticket","attack_phase":"None","mitre_technique":"None","severity":"low","is_suspicious":false,"target_user":"tnguyen","target_domain":"CORP","service_name":"http/WIN-SRV-01","src_ip":"10.10.10.231","dest_host":"WIN-DC-01","ticket_options":"0x40810000","ticket_encryption_type":"0x12","message":"A Kerberos service ticket was requested."}
{"timestamp":"2026-09-08T06:53:52Z","host":"WIN-DC-01","source":"WinEventLog:Security","sourcetype":"WinEventLog:Security","index":"windows","EventCode":4769,"event_id":4769,"log_name":"Security","computer":"WIN-DC-01.corp.local","provider_name":"Microsoft-Windows-Security-Auditing","level":"Information","record_id":101878,"scenario":"Normal Kerberos Service Ticket","attack_phase":"None","mitre_technique":"None","severity":"low","is_suspicious":false,"target_user":"mchen","target_domain":"CORP","service_name":"cifs/WIN-FILE-01","src_ip":"10.10.10.15","dest_host":"WIN-DC-01","ticket_options":"0x40810000","ticket_encryption_type":"0x12","message":"A Kerberos service ticket was requested."}
{"timestamp":"2026-09-08T06:56:41Z","host":"WIN-DC-02","source":"WinEventLog:Security","sourcetype":"WinEventLog:Security","index":"windows","EventCode":4769,"event_id":4769,"log_name":"Security","computer":"WIN-DC-02.corp.local","provider_name":"Microsoft-Windows-Security-Auditing","level":"Information","record_id":101879,"scenario":"Normal Kerberos Service Ticket","attack_phase":"None","mitre_technique":"None","severity":"low","is_suspicious":false,"target_user":"rpatel","target_domain":"CORP","service_name":"http/WIN-SRV-01","src_ip":"10.10.10.73","dest_host":"WIN-DC-02","ticket_options":"0x40810000","ticket_encryption_type":"0x12","message":"A Kerberos service ticket was requested."}
{"timestamp":"2026-09-08T06:57:37Z","host":"WIN-DC-01","source":"WinEventLog:Security","sourcetype":"WinEventLog:Security","index":"windows","EventCode":4769,"event_id":4769,"log_name":"Security","computer":"WIN-DC-01.corp.local","provider_name":"Microsoft-Windows-Security-Auditing","level":"Information","record_id":101880,"scenario":"Normal Kerberos Service Ticket","attack_phase":"None","mitre_technique":"None","severity":"low","is_suspicious":false,"target_user":"tnguyen","target_domain":"CORP","service_name":"http/WIN-SRV-01","src_ip":"10.10.10.244","dest_host":"WIN-DC-01","ticket_options":"0x40810000","ticket_encryption_type":"0x12","message":"A Kerberos service ticket was requested."}
{"timestamp":"2026-09-08T07:01:53Z","host":"WIN-DC-02","source":"WinEventLog:Security","sourcetype":"WinEventLog:Security","index":"windows","EventCode":4769,"event_id":4769,"log_name":"Security","computer":"WIN-DC-02.corp.local","provider_name":"Microsoft-Windows-Security-Auditing","level":"Information","record_id":101881,"scenario":"Normal Kerberos Service Ticket","attack_phase":"None","mitre_technique":"None","severity":"low","is_suspicious":false,"target_user":"kwright","target_domain":"CORP","service_name":"http/WIN-SRV-01","src_ip":"10.10.10.30","dest_host":"WIN-DC-02","ticket_options":"0x40810000","ticket_encryption_type":"0x12","message":"A Kerberos service ticket was requested."}
{"timestamp":"2026-09-08T07:02:47Z","host":"WIN-DC-01","source":"WinEventLog:Security","sourcetype":"WinEventLog:Security","index":"windows","EventCode":4769,"event_id":4769,"log_name":"Security","computer":"WIN-DC-01.corp.local","provider_name":"Microsoft-Windows-Security-Auditing","level":"Information","record_id":101882,"scenario":"Normal Kerberos Service Ticket","attack_phase":"None","mitre_technique":"None","severity":"low","is_suspicious":false,"target_user":"jsmith","target_domain":"CORP","service_name":"http/WIN-SRV-01","src_ip":"10.10.10.94","dest_host":"WIN-DC-01","ticket_options":"0x40810000","ticket_encryption_type":"0x12","message":"A Kerberos service ticket was requested."}
{"timestamp":"2026-09-08T07:05:57Z","host":"WIN-DC-02","source":"WinEventLog:Security","sourcetype":"WinEventLog:Security","index":"windows","EventCode":4769,"event_id":4769,"log_name":"Security","computer":"WIN-DC-02.corp.local","provider_name":"Microsoft-Windows-Security-Auditing","level":"Information","record_id":101883,"scenario":"Normal Kerberos Service Ticket","attack_phase":"None","mitre_technique":"None","severity":"low","is_suspicious":false,"target_user":"cwalker","target_domain":"CORP","service_name":"cifs/WIN-FILE-01","src_ip":"10.10.10.168","dest_host":"WIN-DC-02","ticket_options":"0x40810000","ticket_encryption_type":"0x12","message":"A Kerberos service ticket was requested."}
{"timestamp":"2026-09-08T07:08:23Z","host":"WIN-DC-02","source":"WinEventLog:Security","sourcetype":"WinEventLog:Security","index":"windows","EventCode":4769,"event_id":4769,"log_name":"Security","computer":"WIN-DC-02.corp.local","provider_name":"Microsoft-Windows-Security-Auditing","level":"Information","record_id":101884,"scenario":"Normal Kerberos Service Ticket","attack_phase":"None","mitre_technique":"None","severity":"low","is_suspicious":false,"target_user":"rpatel","target_domain":"CORP","service_name":"cifs/WIN-FILE-01","src_ip":"10.10.10.229","dest_host":"WIN-DC-02","ticket_options":"0x40810000","ticket_encryption_type":"0x12","message":"A Kerberos service ticket was requested."}
{"timestamp":"2026-09-08T07:09:22Z","host":"WIN-DC-01","source":"WinEventLog:Security","sourcetype":"WinEventLog:Security","index":"windows","EventCode":4769,"event_id":4769,"log_name":"Security","computer":"WIN-DC-01.corp.local","provider_name":"Microsoft-Windows-Security-Auditing","level":"Information","record_id":101885,"scenario":"Normal Kerberos Service Ticket","attack_phase":"None","mitre_technique":"None","severity":"low","is_suspicious":false,"target_user":"mchen","target_domain":"CORP","service_name":"cifs/WIN-FILE-01","src_ip":"10.10.10.152","dest_host":"WIN-DC-01","ticket_options":"0x40810000","ticket_encryption_type":"0x12","message":"A Kerberos service ticket was requested."}
{"timestamp":"2026-09-08T07:11:04Z","host":"WIN-DC-02","source":"WinEventLog:Security","sourcetype":"WinEventLog:Security","index":"windows","EventCode":4769,"event_id":4769,"log_name":"Security","computer":"WIN-DC-02.corp.local","provider_name":"Microsoft-Windows-Security-Auditing","level":"Information","record_id":101886,"scenario":"Normal Kerberos Service Ticket","attack_phase":"None","mitre_technique":"None","severity":"low","is_suspicious":false,"target_user":"rpatel","target_domain":"CORP","service_name":"cifs/WIN-FILE-01","src_ip":"10.10.10.21","dest_host":"WIN-DC-02","ticket_options":"0x40810000","ticket_encryption_type":"0x12","message":"A Kerberos service ticket was requested."}
{"timestamp":"2026-09-08T07:15:48Z","host":"WIN-DC-02","source":"WinEventLog:Security","sourcetype":"WinEventLog:Security","index":"windows","EventCode":4769,"event_id":4769,"log_name":"Security","computer":"WIN-DC-02.corp.local","provider_name":"Microsoft-Windows-Security-Auditing","level":"Information","record_id":101887,"scenario":"Normal Kerberos Service Ticket","attack_phase":"None","mitre_technique":"None","severity":"low","is_suspicious":false,"target_user":"cwalker","target_domain":"CORP","service_name":"http/WIN-SRV-01","src_ip":"10.10.10.187","dest_host":"WIN-DC-02","ticket_options":"0x40810000","ticket_encryption_type":"0x12","message":"A Kerberos service ticket was requested."}
{"timestamp":"2026-09-08T07:19:55Z","host":"WIN-DC-01","source":"WinEventLog:Security","sourcetype":"WinEventLog:Security","index":"windows","EventCode":4769,"event_id":4769,"log_name":"Security","computer":"WIN-DC-01.corp.local","provider_name":"Microsoft-Windows-Security-Auditing","level":"Information","record_id":101888,"scenario":"Normal Kerberos Service Ticket","attack_phase":"None","mitre_technique":"None","severity":"low","is_suspicious":false,"target_user":"rpatel","target_domain":"CORP","service_name":"cifs/WIN-FILE-01","src_ip":"10.10.10.34","dest_host":"WIN-DC-01","ticket_options":"0x40810000","ticket_encryption_type":"0x12","message":"A Kerberos service ticket was requested."}
{"timestamp":"2026-09-08T07:21:38Z","host":"WIN-DC-02","source":"WinEventLog:Security","sourcetype":"WinEventLog:Security","index":"windows","EventCode":4769,"event_id":4769,"log_name":"Security","computer":"WIN-DC-02.corp.local","provider_name":"Microsoft-Windows-Security-Auditing","level":"Information","record_id":101889,"scenario":"Normal Kerberos Service Ticket","attack_phase":"None","mitre_technique":"None","severity":"low","is_suspicious":false,"target_user":"tnguyen","target_domain":"CORP","service_name":"ldap/WIN-DC-01","src_ip":"10.10.10.90","dest_host":"WIN-DC-02","ticket_options":"0x40810000","ticket_encryption_type":"0x12","message":"A Kerberos service ticket was requested."}
{"timestamp":"2026-09-08T07:24:50Z","host":"WIN-DC-01","source":"WinEventLog:Security","sourcetype":"WinEventLog:Security","index":"windows","EventCode":4769,"event_id":4769,"log_name":"Security","computer":"WIN-DC-01.corp.local","provider_name":"Microsoft-Windows-Security-Auditing","level":"Information","record_id":101890,"scenario":"Normal Kerberos Service Ticket","attack_phase":"None","mitre_technique":"None","severity":"low","is_suspicious":false,"target_user":"dohara","target_domain":"CORP","service_name":"http/WIN-SRV-01","src_ip":"10.10.10.19","dest_host":"WIN-DC-01","ticket_options":"0x40810000","ticket_encryption_type":"0x12","message":"A Kerberos service ticket was requested."}
{"timestamp":"2026-09-08T07:29:02Z","host":"WIN-DC-01","source":"WinEventLog:Security","sourcetype":"WinEventLog:Security","index":"windows","EventCode":4769,"event_id":4769,"log_name":"Security","computer":"WIN-DC-01.corp.local","provider_name":"Microsoft-Windows-Security-Auditing","level":"Information","record_id":101891,"scenario":"Normal Kerberos Service Ticket","attack_phase":"None","mitre_technique":"None","severity":"low","is_suspicious":false,"target_user":"tnguyen","target_domain":"CORP","service_name":"cifs/WIN-FILE-01","src_ip":"10.10.10.155","dest_host":"WIN-DC-01","ticket_options":"0x40810000","ticket_encryption_type":"0x12","message":"A Kerberos service ticket was requested."}
{"timestamp":"2026-09-08T07:31:27Z","host":"WIN-DC-02","source":"WinEventLog:Security","sourcetype":"WinEventLog:Security","index":"windows","EventCode":4769,"event_id":4769,"log_name":"Security","computer":"WIN-DC-02.corp.local","provider_name":"Microsoft-Windows-Security-Auditing","level":"Information","record_id":101892,"scenario":"Normal Kerberos Service Ticket","attack_phase":"None","mitre_technique":"None","severity":"low","is_suspicious":false,"target_user":"mchen","target_domain":"CORP","service_name":"cifs/WIN-FILE-01","src_ip":"10.10.10.246","dest_host":"WIN-DC-02","ticket_options":"0x40810000","ticket_encryption_type":"0x12","message":"A Kerberos service ticket was requested."}
{"timestamp":"2026-09-08T07:36:21Z","host":"WIN-DC-01","source":"WinEventLog:Security","sourcetype":"WinEventLog:Security","index":"windows","EventCode":4769,"event_id":4769,"log_name":"Security","computer":"WIN-DC-01.corp.local","provider_name":"Microsoft-Windows-Security-Auditing","level":"Information","record_id":101893,"scenario":"Normal Kerberos Service Ticket","attack_phase":"None","mitre_technique":"None","severity":"low","is_suspicious":false,"target_user":"jsmith","target_domain":"CORP","service_name":"ldap/WIN-DC-01","src_ip":"10.10.10.210","dest_host":"WIN-DC-01","ticket_options":"0x40810000","ticket_encryption_type":"0x12","message":"A Kerberos service ticket was requested."}
{"timestamp":"2026-09-08T07:39:49Z","host":"WIN-DC-01","source":"WinEventLog:Security","sourcetype":"WinEventLog:Security","index":"windows","EventCode":4769,"event_id":4769,"log_name":"Security","computer":"WIN-DC-01.corp.local","provider_name":"Microsoft-Windows-Security-Auditing","level":"Information","record_id":101894,"scenario":"Normal Kerberos Service Ticket","attack_phase":"None","mitre_technique":"None","severity":"low","is_suspicious":false,"target_user":"dohara","target_domain":"CORP","service_name":"cifs/WIN-FILE-01","src_ip":"10.10.10.114","dest_host":"WIN-DC-01","ticket_options":"0x40810000","ticket_encryption_type":"0x12","message":"A Kerberos service ticket was requested."}
{"timestamp":"2026-09-08T07:44:14Z","host":"WIN-DC-02","source":"WinEventLog:Security","sourcetype":"WinEventLog:Security","index":"windows","EventCode":4769,"event_id":4769,"log_name":"Security","computer":"WIN-DC-02.corp.local","provider_name":"Microsoft-Windows-Security-Auditing","level":"Information","record_id":101895,"scenario":"Normal Kerberos Service Ticket","attack_phase":"None","mitre_technique":"None","severity":"low","is_suspicious":false,"target_user":"tnguyen","target_domain":"CORP","service_name":"http/WIN-SRV-01","src_ip":"10.10.10.157","dest_host":"WIN-DC-02","ticket_options":"0x40810000","ticket_encryption_type":"0x12","message":"A Kerberos service ticket was requested."}
{"timestamp":"2026-09-08T07:46:38Z","host":"WIN-DC-01","source":"WinEventLog:Security","sourcetype":"WinEventLog:Security","index":"windows","EventCode":4769,"event_id":4769,"log_name":"Security","computer":"WIN-DC-01.corp.local","provider_name":"Microsoft-Windows-Security-Auditing","level":"Information","record_id":101896,"scenario":"Normal Kerberos Service Ticket","attack_phase":"None","mitre_technique":"None","severity":"low","is_suspicious":false,"target_user":"rpatel","target_domain":"CORP","service_name":"cifs/WIN-FILE-01","src_ip":"10.10.10.42","dest_host":"WIN-DC-01","ticket_options":"0x40810000","ticket_encryption_type":"0x12","message":"A Kerberos service ticket was requested."}
{"timestamp":"2026-09-08T07:51:35Z","host":"WIN-DC-01","source":"WinEventLog:Security","sourcetype":"WinEventLog:Security","index":"windows","EventCode":4769,"event_id":4769,"log_name":"Security","computer":"WIN-DC-01.corp.local","provider_name":"Microsoft-Windows-Security-Auditing","level":"Information","record_id":101897,"scenario":"Normal Kerberos Service Ticket","attack_phase":"None","mitre_technique":"None","severity":"low","is_suspicious":false,"target_user":"rpatel","target_domain":"CORP","service_name":"ldap/WIN-DC-01","src_ip":"10.10.10.118","dest_host":"WIN-DC-01","ticket_options":"0x40810000","ticket_encryption_type":"0x12","message":"A Kerberos service ticket was requested."}
{"timestamp":"2026-09-08T07:55:57Z","host":"WIN-DC-02","source":"WinEventLog:Security","sourcetype":"WinEventLog:Security","index":"windows","EventCode":4769,"event_id":4769,"log_name":"Security","computer":"WIN-DC-02.corp.local","provider_name":"Microsoft-Windows-Security-Auditing","level":"Information","record_id":101898,"scenario":"Normal Kerberos Service Ticket","attack_phase":"None","mitre_technique":"None","severity":"low","is_suspicious":false,"target_user":"sbrooks","target_domain":"CORP","service_name":"http/WIN-SRV-01","src_ip":"10.10.10.220","dest_host":"WIN-DC-02","ticket_options":"0x40810000","ticket_encryption_type":"0x12","message":"A Kerberos service ticket was requested."}
{"timestamp":"2026-09-08T07:57:54Z","host":"WIN-DC-02","source":"WinEventLog:Security","sourcetype":"WinEventLog:Security","index":"windows","EventCode":4769,"event_id":4769,"log_name":"Security","computer":"WIN-DC-02.corp.local","provider_name":"Microsoft-Windows-Security-Auditing","level":"Information","record_id":101899,"scenario":"Normal Kerberos Service Ticket","attack_phase":"None","mitre_technique":"None","severity":"low","is_suspicious":false,"target_user":"lwilson","target_domain":"CORP","service_name":"ldap/WIN-DC-01","src_ip":"10.10.10.32","dest_host":"WIN-DC-02","ticket_options":"0x40810000","ticket_encryption_type":"0x12","message":"A Kerberos service ticket was requested."}
{"timestamp":"2026-09-08T07:59:26Z","host":"WIN-DC-01","source":"WinEventLog:Security","sourcetype":"WinEventLog:Security","index":"windows","EventCode":4769,"event_id":4769,"log_name":"Security","computer":"WIN-DC-01.corp.local","provider_name":"Microsoft-Windows-Security-Auditing","level":"Information","record_id":101900,"scenario":"Normal Kerberos Service Ticket","attack_phase":"None","mitre_technique":"None","severity":"low","is_suspicious":false,"target_user":"rpatel","target_domain":"CORP","service_name":"ldap/WIN-DC-01","src_ip":"10.10.10.62","dest_host":"WIN-DC-01","ticket_options":"0x40810000","ticket_encryption_type":"0x12","message":"A Kerberos service ticket was requested."}
{"timestamp":"2026-09-08T08:02:00Z","host":"WIN-DC-01","source":"WinEventLog:Security","sourcetype":"WinEventLog:Security","index":"windows","EventCode":4769,"event_id":4769,"log_name":"Security","computer":"WIN-DC-01.corp.local","provider_name":"Microsoft-Windows-Security-Auditing","level":"Information","record_id":101901,"scenario":"Normal Kerberos Service Ticket","attack_phase":"None","mitre_technique":"None","severity":"low","is_suspicious":false,"target_user":"jsmith","target_domain":"CORP","service_name":"http/WIN-SRV-01","src_ip":"10.10.10.239","dest_host":"WIN-DC-01","ticket_options":"0x40810000","ticket_encryption_type":"0x12","message":"A Kerberos service ticket was requested."}
{"timestamp":"2026-09-08T08:03:13Z","host":"WIN-DC-01","source":"WinEventLog:Security","sourcetype":"WinEventLog:Security","index":"windows","EventCode":4769,"event_id":4769,"log_name":"Security","computer":"WIN-DC-01.corp.local","provider_name":"Microsoft-Windows-Security-Auditing","level":"Information","record_id":101902,"scenario":"Normal Kerberos Service Ticket","attack_phase":"None","mitre_technique":"None","severity":"low","is_suspicious":false,"target_user":"lwilson","target_domain":"CORP","service_name":"ldap/WIN-DC-01","src_ip":"10.10.10.65","dest_host":"WIN-DC-01","ticket_options":"0x40810000","ticket_encryption_type":"0x12","message":"A Kerberos service ticket was requested."}
{"timestamp":"2026-09-08T08:05:05Z","host":"WIN-DC-01","source":"WinEventLog:Security","sourcetype":"WinEventLog:Security","index":"windows","EventCode":4769,"event_id":4769,"log_name":"Security","computer":"WIN-DC-01.corp.local","provider_name":"Microsoft-Windows-Security-Auditing","level":"Information","record_id":101903,"scenario":"Normal Kerberos Service Ticket","attack_phase":"None","mitre_technique":"None","severity":"low","is_suspicious":false,"target_user":"sbrooks","target_domain":"CORP","service_name":"cifs/WIN-FILE-01","src_ip":"10.10.10.168","dest_host":"WIN-DC-01","ticket_options":"0x40810000","ticket_encryption_type":"0x12","message":"A Kerberos service ticket was requested."}
{"timestamp":"2026-09-08T08:08:07Z","host":"WIN-DC-02","source":"WinEventLog:Security","sourcetype":"WinEventLog:Security","index":"windows","EventCode":4769,"event_id":4769,"log_name":"Security","computer":"WIN-DC-02.corp.local","provider_name":"Microsoft-Windows-Security-Auditing","level":"Information","record_id":101904,"scenario":"Normal Kerberos Service Ticket","attack_phase":"None","mitre_technique":"None","severity":"low","is_suspicious":false,"target_user":"cwalker","target_domain":"CORP","service_name":"http/WIN-SRV-01","src_ip":"10.10.10.23","dest_host":"WIN-DC-02","ticket_options":"0x40810000","ticket_encryption_type":"0x12","message":"A Kerberos service ticket was requested."}
{"timestamp":"2026-09-08T08:12:53Z","host":"WIN-DC-01","source":"WinEventLog:Security","sourcetype":"WinEventLog:Security","index":"windows","EventCode":4769,"event_id":4769,"log_name":"Security","computer":"WIN-DC-01.corp.local","provider_name":"Microsoft-Windows-Security-Auditing","level":"Information","record_id":101905,"scenario":"Normal Kerberos Service Ticket","attack_phase":"None","mitre_technique":"None","severity":"low","is_suspicious":false,"target_user":"lwilson","target_domain":"CORP","service_name":"http/WIN-SRV-01","src_ip":"10.10.10.231","dest_host":"WIN-DC-01","ticket_options":"0x40810000","ticket_encryption_type":"0x12","message":"A Kerberos service ticket was requested."}
{"timestamp":"2026-09-08T08:15:28Z","host":"WIN-DC-01","source":"WinEventLog:Security","sourcetype":"WinEventLog:Security","index":"windows","EventCode":4769,"event_id":4769,"log_name":"Security","computer":"WIN-DC-01.corp.local","provider_name":"Microsoft-Windows-Security-Auditing","level":"Information","record_id":101906,"scenario":"Normal Kerberos Service Ticket","attack_phase":"None","mitre_technique":"None","severity":"low","is_suspicious":false,"target_user":"kwright","target_domain":"CORP","service_name":"ldap/WIN-DC-01","src_ip":"10.10.10.210","dest_host":"WIN-DC-01","ticket_options":"0x40810000","ticket_encryption_type":"0x12","message":"A Kerberos service ticket was requested."}
{"timestamp":"2026-09-08T08:15:38Z","host":"WIN-DC-01","source":"WinEventLog:Security","sourcetype":"WinEventLog:Security","index":"windows","EventCode":4769,"event_id":4769,"log_name":"Security","computer":"WIN-DC-01.corp.local","provider_name":"Microsoft-Windows-Security-Auditing","level":"Information","record_id":101907,"scenario":"Normal Kerberos Service Ticket","attack_phase":"None","mitre_technique":"None","severity":"low","is_suspicious":false,"target_user":"kwright","target_domain":"CORP","service_name":"ldap/WIN-DC-01","src_ip":"10.10.10.249","dest_host":"WIN-DC-01","ticket_options":"0x40810000","ticket_encryption_type":"0x12","message":"A Kerberos service ticket was requested."}
{"timestamp":"2026-09-08T08:18:06Z","host":"WIN-DC-02","source":"WinEventLog:Security","sourcetype":"WinEventLog:Security","index":"windows","EventCode":4769,"event_id":4769,"log_name":"Security","computer":"WIN-DC-02.corp.local","provider_name":"Microsoft-Windows-Security-Auditing","level":"Information","record_id":101908,"scenario":"Normal Kerberos Service Ticket","attack_phase":"None","mitre_technique":"None","severity":"low","is_suspicious":false,"target_user":"mchen","target_domain":"CORP","service_name":"cifs/WIN-FILE-01","src_ip":"10.10.10.139","dest_host":"WIN-DC-02","ticket_options":"0x40810000","ticket_encryption_type":"0x12","message":"A Kerberos service ticket was requested."}
{"timestamp":"2026-09-08T08:19:05Z","host":"WIN-DC-02","source":"WinEventLog:Security","sourcetype":"WinEventLog:Security","index":"windows","EventCode":4769,"event_id":4769,"log_name":"Security","computer":"WIN-DC-02.corp.local","provider_name":"Microsoft-Windows-Security-Auditing","level":"Information","record_id":101909,"scenario":"Normal Kerberos Service Ticket","attack_phase":"None","mitre_technique":"None","severity":"low","is_suspicious":false,"target_user":"tnguyen","target_domain":"CORP","service_name":"ldap/WIN-DC-01","src_ip":"10.10.10.164","dest_host":"WIN-DC-02","ticket_options":"0x40810000","ticket_encryption_type":"0x12","message":"A Kerberos service ticket was requested."}
{"timestamp":"2026-09-08T08:23:52Z","host":"WIN-DC-02","source":"WinEventLog:Security","sourcetype":"WinEventLog:Security","index":"windows","EventCode":4769,"event_id":4769,"log_name":"Security","computer":"WIN-DC-02.corp.local","provider_name":"Microsoft-Windows-Security-Auditing","level":"Information","record_id":101910,"scenario":"Normal Kerberos Service Ticket","attack_phase":"None","mitre_technique":"None","severity":"low","is_suspicious":false,"target_user":"rpatel","target_domain":"CORP","service_name":"cifs/WIN-FILE-01","src_ip":"10.10.10.85","dest_host":"WIN-DC-02","ticket_options":"0x40810000","ticket_encryption_type":"0x12","message":"A Kerberos service ticket was requested."}
{"timestamp":"2026-09-08T08:26:14Z","host":"WIN-DC-02","source":"WinEventLog:Security","sourcetype":"WinEventLog:Security","index":"windows","EventCode":4769,"event_id":4769,"log_name":"Security","computer":"WIN-DC-02.corp.local","provider_name":"Microsoft-Windows-Security-Auditing","level":"Information","record_id":101911,"scenario":"Normal Kerberos Service Ticket","attack_phase":"None","mitre_technique":"None","severity":"low","is_suspicious":false,"target_user":"rpatel","target_domain":"CORP","service_name":"cifs/WIN-FILE-01","src_ip":"10.10.10.116","dest_host":"WIN-DC-02","ticket_options":"0x40810000","ticket_encryption_type":"0x12","message":"A Kerberos service ticket was requested."}
{"timestamp":"2026-09-08T08:28:17Z","host":"WIN-DC-02","source":"WinEventLog:Security","sourcetype":"WinEventLog:Security","index":"windows","EventCode":4769,"event_id":4769,"log_name":"Security","computer":"WIN-DC-02.corp.local","provider_name":"Microsoft-Windows-Security-Auditing","level":"Information","record_id":101912,"scenario":"Normal Kerberos Service Ticket","attack_phase":"None","mitre_technique":"None","severity":"low","is_suspicious":false,"target_user":"tnguyen","target_domain":"CORP","service_name":"cifs/WIN-FILE-01","src_ip":"10.10.10.232","dest_host":"WIN-DC-02","ticket_options":"0x40810000","ticket_encryption_type":"0x12","message":"A Kerberos service ticket was requested."}
{"timestamp":"2026-09-08T08:32:27Z","host":"WIN-DC-02","source":"WinEventLog:Security","sourcetype":"WinEventLog:Security","index":"windows","EventCode":4769,"event_id":4769,"log_name":"Security","computer":"WIN-DC-02.corp.local","provider_name":"Microsoft-Windows-Security-Auditing","level":"Information","record_id":101913,"scenario":"Normal Kerberos Service Ticket","attack_phase":"None","mitre_technique":"None","severity":"low","is_suspicious":false,"target_user":"agarcia","target_domain":"CORP","service_name":"cifs/WIN-FILE-01","src_ip":"10.10.10.119","dest_host":"WIN-DC-02","ticket_options":"0x40810000","ticket_encryption_type":"0x12","message":"A Kerberos service ticket was requested."}
{"timestamp":"2026-09-08T08:34:06Z","host":"WIN-DC-01","source":"WinEventLog:Security","sourcetype":"WinEventLog:Security","index":"windows","EventCode":4769,"event_id":4769,"log_name":"Security","computer":"WIN-DC-01.corp.local","provider_name":"Microsoft-Windows-Security-Auditing","level":"Information","record_id":101914,"scenario":"Normal Kerberos Service Ticket","attack_phase":"None","mitre_technique":"None","severity":"low","is_suspicious":false,"target_user":"mchen","target_domain":"CORP","service_name":"ldap/WIN-DC-01","src_ip":"10.10.10.127","dest_host":"WIN-DC-01","ticket_options":"0x40810000","ticket_encryption_type":"0x12","message":"A Kerberos service ticket was requested."}
{"timestamp":"2026-09-08T08:35:43Z","host":"WIN-DC-01","source":"WinEventLog:Security","sourcetype":"WinEventLog:Security","index":"windows","EventCode":4769,"event_id":4769,"log_name":"Security","computer":"WIN-DC-01.corp.local","provider_name":"Microsoft-Windows-Security-Auditing","level":"Information","record_id":101915,"scenario":"Normal Kerberos Service Ticket","attack_phase":"None","mitre_technique":"None","severity":"low","is_suspicious":false,"target_user":"lwilson","target_domain":"CORP","service_name":"http/WIN-SRV-01","src_ip":"10.10.10.43","dest_host":"WIN-DC-01","ticket_options":"0x40810000","ticket_encryption_type":"0x12","message":"A Kerberos service ticket was requested."}
{"timestamp":"2026-09-08T08:37:18Z","host":"WIN-DC-01","source":"WinEventLog:Security","sourcetype":"WinEventLog:Security","index":"windows","EventCode":4769,"event_id":4769,"log_name":"Security","computer":"WIN-DC-01.corp.local","provider_name":"Microsoft-Windows-Security-Auditing","level":"Information","record_id":101916,"scenario":"Normal Kerberos Service Ticket","attack_phase":"None","mitre_technique":"None","severity":"low","is_suspicious":false,"target_user":"tnguyen","target_domain":"CORP","service_name":"cifs/WIN-FILE-01","src_ip":"10.10.10.38","dest_host":"WIN-DC-01","ticket_options":"0x40810000","ticket_encryption_type":"0x12","message":"A Kerberos service ticket was requested."}
{"timestamp":"2026-09-08T08:37:59Z","host":"WIN-DC-01","source":"WinEventLog:Security","sourcetype":"WinEventLog:Security","index":"windows","EventCode":4769,"event_id":4769,"log_name":"Security","computer":"WIN-DC-01.corp.local","provider_name":"Microsoft-Windows-Security-Auditing","level":"Information","record_id":101917,"scenario":"Normal Kerberos Service Ticket","attack_phase":"None","mitre_technique":"None","severity":"low","is_suspicious":false,"target_user":"tnguyen","target_domain":"CORP","service_name":"http/WIN-SRV-01","src_ip":"10.10.10.234","dest_host":"WIN-DC-01","ticket_options":"0x40810000","ticket_encryption_type":"0x12","message":"A Kerberos service ticket was requested."}
{"timestamp":"2026-09-08T08:41:30Z","host":"WIN-DC-01","source":"WinEventLog:Security","sourcetype":"WinEventLog:Security","index":"windows","EventCode":4769,"event_id":4769,"log_name":"Security","computer":"WIN-DC-01.corp.local","provider_name":"Microsoft-Windows-Security-Auditing","level":"Information","record_id":101918,"scenario":"Normal Kerberos Service Ticket","attack_phase":"None","mitre_technique":"None","severity":"low","is_suspicious":false,"target_user":"agarcia","target_domain":"CORP","service_name":"ldap/WIN-DC-01","src_ip":"10.10.10.194","dest_host":"WIN-DC-01","ticket_options":"0x40810000","ticket_encryption_type":"0x12","message":"A Kerberos service ticket was requested."}
{"timestamp":"2026-09-08T08:41:41Z","host":"WIN-DC-01","source":"WinEventLog:Security","sourcetype":"WinEventLog:Security","index":"windows","EventCode":4769,"event_id":4769,"log_name":"Security","computer":"WIN-DC-01.corp.local","provider_name":"Microsoft-Windows-Security-Auditing","level":"Information","record_id":101919,"scenario":"Normal Kerberos Service Ticket","attack_phase":"None","mitre_technique":"None","severity":"low","is_suspicious":false,"target_user":"cwalker","target_domain":"CORP","service_name":"http/WIN-SRV-01","src_ip":"10.10.10.100","dest_host":"WIN-DC-01","ticket_options":"0x40810000","ticket_encryption_type":"0x12","message":"A Kerberos service ticket was requested."}
{"timestamp":"2026-09-08T08:41:56Z","host":"WIN-DC-01","source":"WinEventLog:Security","sourcetype":"WinEventLog:Security","index":"windows","EventCode":4769,"event_id":4769,"log_name":"Security","computer":"WIN-DC-01.corp.local","provider_name":"Microsoft-Windows-Security-Auditing","level":"Information","record_id":101920,"scenario":"Normal Kerberos Service Ticket","attack_phase":"None","mitre_technique":"None","severity":"low","is_suspicious":false,"target_user":"agarcia","target_domain":"CORP","service_name":"ldap/WIN-DC-01","src_ip":"10.10.10.241","dest_host":"WIN-DC-01","ticket_options":"0x40810000","ticket_encryption_type":"0x12","message":"A Kerberos service ticket was requested."}
{"timestamp":"2026-09-08T08:42:23Z","host":"WIN-DC-01","source":"WinEventLog:Security","sourcetype":"WinEventLog:Security","index":"windows","EventCode":4769,"event_id":4769,"log_name":"Security","computer":"WIN-DC-01.corp.local","provider_name":"Microsoft-Windows-Security-Auditing","level":"Information","record_id":101921,"scenario":"Normal Kerberos Service Ticket","attack_phase":"None","mitre_technique":"None","severity":"low","is_suspicious":false,"target_user":"mchen","target_domain":"CORP","service_name":"cifs/WIN-FILE-01","src_ip":"10.10.10.70","dest_host":"WIN-DC-01","ticket_options":"0x40810000","ticket_encryption_type":"0x12","message":"A Kerberos service ticket was requested."}
{"timestamp":"2026-09-08T08:43:41Z","host":"WIN-DC-01","source":"WinEventLog:Security","sourcetype":"WinEventLog:Security","index":"windows","EventCode":4769,"event_id":4769,"log_name":"Security","computer":"WIN-DC-01.corp.local","provider_name":"Microsoft-Windows-Security-Auditing","level":"Information","record_id":101922,"scenario":"Normal Kerberos Service Ticket","attack_phase":"None","mitre_technique":"None","severity":"low","is_suspicious":false,"target_user":"cwalker","target_domain":"CORP","service_name":"cifs/WIN-FILE-01","src_ip":"10.10.10.247","dest_host":"WIN-DC-01","ticket_options":"0x40810000","ticket_encryption_type":"0x12","message":"A Kerberos service ticket was requested."}
{"timestamp":"2026-09-08T08:44:40Z","host":"WIN-DC-02","source":"WinEventLog:Security","sourcetype":"WinEventLog:Security","index":"windows","EventCode":4769,"event_id":4769,"log_name":"Security","computer":"WIN-DC-02.corp.local","provider_name":"Microsoft-Windows-Security-Auditing","level":"Information","record_id":101923,"scenario":"Normal Kerberos Service Ticket","attack_phase":"None","mitre_technique":"None","severity":"low","is_suspicious":false,"target_user":"sbrooks","target_domain":"CORP","service_name":"ldap/WIN-DC-01","src_ip":"10.10.10.23","dest_host":"WIN-DC-02","ticket_options":"0x40810000","ticket_encryption_type":"0x12","message":"A Kerberos service ticket was requested."}
{"timestamp":"2026-09-08T08:46:28Z","host":"WIN-DC-02","source":"WinEventLog:Security","sourcetype":"WinEventLog:Security","index":"windows","EventCode":4769,"event_id":4769,"log_name":"Security","computer":"WIN-DC-02.corp.local","provider_name":"Microsoft-Windows-Security-Auditing","level":"Information","record_id":101924,"scenario":"Normal Kerberos Service Ticket","attack_phase":"None","mitre_technique":"None","severity":"low","is_suspicious":false,"target_user":"mchen","target_domain":"CORP","service_name":"ldap/WIN-DC-01","src_ip":"10.10.10.230","dest_host":"WIN-DC-02","ticket_options":"0x40810000","ticket_encryption_type":"0x12","message":"A Kerberos service ticket was requested."}
{"timestamp":"2026-09-08T08:50:20Z","host":"WIN-DC-02","source":"WinEventLog:Security","sourcetype":"WinEventLog:Security","index":"windows","EventCode":4769,"event_id":4769,"log_name":"Security","computer":"WIN-DC-02.corp.local","provider_name":"Microsoft-Windows-Security-Auditing","level":"Information","record_id":101925,"scenario":"Normal Kerberos Service Ticket","attack_phase":"None","mitre_technique":"None","severity":"low","is_suspicious":false,"target_user":"mchen","target_domain":"CORP","service_name":"http/WIN-SRV-01","src_ip":"10.10.10.124","dest_host":"WIN-DC-02","ticket_options":"0x40810000","ticket_encryption_type":"0x12","message":"A Kerberos service ticket was requested."}
{"timestamp":"2026-09-08T08:51:44Z","host":"WIN-DC-01","source":"WinEventLog:Security","sourcetype":"WinEventLog:Security","index":"windows","EventCode":4769,"event_id":4769,"log_name":"Security","computer":"WIN-DC-01.corp.local","provider_name":"Microsoft-Windows-Security-Auditing","level":"Information","record_id":101926,"scenario":"Normal Kerberos Service Ticket","attack_phase":"None","mitre_technique":"None","severity":"low","is_suspicious":false,"target_user":"rpatel","target_domain":"CORP","service_name":"ldap/WIN-DC-01","src_ip":"10.10.10.179","dest_host":"WIN-DC-01","ticket_options":"0x40810000","ticket_encryption_type":"0x12","message":"A Kerberos service ticket was requested."}
{"timestamp":"2026-09-08T08:54:05Z","host":"WIN-DC-01","source":"WinEventLog:Security","sourcetype":"WinEventLog:Security","index":"windows","EventCode":4769,"event_id":4769,"log_name":"Security","computer":"WIN-DC-01.corp.local","provider_name":"Microsoft-Windows-Security-Auditing","level":"Information","record_id":101927,"scenario":"Normal Kerberos Service Ticket","attack_phase":"None","mitre_technique":"None","severity":"low","is_suspicious":false,"target_user":"sbrooks","target_domain":"CORP","service_name":"cifs/WIN-FILE-01","src_ip":"10.10.10.213","dest_host":"WIN-DC-01","ticket_options":"0x40810000","ticket_encryption_type":"0x12","message":"A Kerberos service ticket was requested."}
{"timestamp":"2026-09-08T08:54:32Z","host":"WIN-DC-02","source":"WinEventLog:Security","sourcetype":"WinEventLog:Security","index":"windows","EventCode":4769,"event_id":4769,"log_name":"Security","computer":"WIN-DC-02.corp.local","provider_name":"Microsoft-Windows-Security-Auditing","level":"Information","record_id":101928,"scenario":"Normal Kerberos Service Ticket","attack_phase":"None","mitre_technique":"None","severity":"low","is_suspicious":false,"target_user":"agarcia","target_domain":"CORP","service_name":"cifs/WIN-FILE-01","src_ip":"10.10.10.132","dest_host":"WIN-DC-02","ticket_options":"0x40810000","ticket_encryption_type":"0x12","message":"A Kerberos service ticket was requested."}
{"timestamp":"2026-09-08T08:58:09Z","host":"WIN-DC-01","source":"WinEventLog:Security","sourcetype":"WinEventLog:Security","index":"windows","EventCode":4769,"event_id":4769,"log_name":"Security","computer":"WIN-DC-01.corp.local","provider_name":"Microsoft-Windows-Security-Auditing","level":"Information","record_id":101929,"scenario":"Normal Kerberos Service Ticket","attack_phase":"None","mitre_technique":"None","severity":"low","is_suspicious":false,"target_user":"mchen","target_domain":"CORP","service_name":"cifs/WIN-FILE-01","src_ip":"10.10.10.8","dest_host":"WIN-DC-01","ticket_options":"0x40810000","ticket_encryption_type":"0x12","message":"A Kerberos service ticket was requested."}
{"timestamp":"2026-09-08T09:00:10Z","host":"WIN-DC-02","source":"WinEventLog:Security","sourcetype":"WinEventLog:Security","index":"windows","EventCode":4769,"event_id":4769,"log_name":"Security","computer":"WIN-DC-02.corp.local","provider_name":"Microsoft-Windows-Security-Auditing","level":"Information","record_id":101930,"scenario":"Normal Kerberos Service Ticket","attack_phase":"None","mitre_technique":"None","severity":"low","is_suspicious":false,"target_user":"tnguyen","target_domain":"CORP","service_name":"cifs/WIN-FILE-01","src_ip":"10.10.10.92","dest_host":"WIN-DC-02","ticket_options":"0x40810000","ticket_encryption_type":"0x12","message":"A Kerberos service ticket was requested."}
{"timestamp":"2026-09-08T09:02:41Z","host":"WIN-DC-02","source":"WinEventLog:Security","sourcetype":"WinEventLog:Security","index":"windows","EventCode":4769,"event_id":4769,"log_name":"Security","computer":"WIN-DC-02.corp.local","provider_name":"Microsoft-Windows-Security-Auditing","level":"Information","record_id":101931,"scenario":"Normal Kerberos Service Ticket","attack_phase":"None","mitre_technique":"None","severity":"low","is_suspicious":false,"target_user":"rpatel","target_domain":"CORP","service_name":"ldap/WIN-DC-01","src_ip":"10.10.10.228","dest_host":"WIN-DC-02","ticket_options":"0x40810000","ticket_encryption_type":"0x12","message":"A Kerberos service ticket was requested."}
{"timestamp":"2026-09-08T09:03:43Z","host":"WIN-DC-01","source":"WinEventLog:Security","sourcetype":"WinEventLog:Security","index":"windows","EventCode":4769,"event_id":4769,"log_name":"Security","computer":"WIN-DC-01.corp.local","provider_name":"Microsoft-Windows-Security-Auditing","level":"Information","record_id":101932,"scenario":"Normal Kerberos Service Ticket","attack_phase":"None","mitre_technique":"None","severity":"low","is_suspicious":false,"target_user":"dohara","target_domain":"CORP","service_name":"cifs/WIN-FILE-01","src_ip":"10.10.10.59","dest_host":"WIN-DC-01","ticket_options":"0x40810000","ticket_encryption_type":"0x12","message":"A Kerberos service ticket was requested."}
{"timestamp":"2026-09-08T09:04:40Z","host":"WIN-DC-02","source":"WinEventLog:Security","sourcetype":"WinEventLog:Security","index":"windows","EventCode":4769,"event_id":4769,"log_name":"Security","computer":"WIN-DC-02.corp.local","provider_name":"Microsoft-Windows-Security-Auditing","level":"Information","record_id":101933,"scenario":"Normal Kerberos Service Ticket","attack_phase":"None","mitre_technique":"None","severity":"low","is_suspicious":false,"target_user":"lwilson","target_domain":"CORP","service_name":"cifs/WIN-FILE-01","src_ip":"10.10.10.159","dest_host":"WIN-DC-02","ticket_options":"0x40810000","ticket_encryption_type":"0x12","message":"A Kerberos service ticket was requested."}
