{"timestamp":"2026-09-04T12:20:28Z","host":"WIN-CLIENT-04","source":"WinEventLog:Security","sourcetype":"WinEventLog:Security","index":"windows","EventCode":4625,"event_id":4625,"log_name":"Security","computer":"WIN-CLIENT-04.corp.local","provider_name":"Microsoft-Windows-Security-Auditing","level":"Information","record_id":100948,"scenario":"Normal Failed Logon (user error)","attack_phase":"None","mitre_technique":"None","severity":"low","is_suspicious":false,"subject_user":"SYSTEM","subject_domain":"NT AUTHORITY","target_user":"sbrooks","target_domain":"CORP","src_ip":"10.10.10.98","src_port":58016,"dest_host":"WIN-CLIENT-04","logon_type":3,"authentication_package":"NTLM","status":"0xC000006D","sub_status":"0xC0000064","process_name":"C:\\Windows\\System32\\winlogon.exe","process_id":"0x2a4","message":"An account failed to log on. Reason: Invalid username"}
{"timestamp":"2026-09-04T12:21:22Z","host":"WIN-CLIENT-03","source":"WinEventLog:Security","sourcetype":"WinEventLog:Security","index":"windows","EventCode":4625,"event_id":4625,"log_name":"Security","computer":"WIN-CLIENT-03.corp.local","provider_name":"Microsoft-Windows-Security-Auditing","level":"Information","record_id":100949,"scenario":"Normal Failed Logon (user error)","attack_phase":"None","mitre_technique":"None","severity":"low","is_suspicious":false,"subject_user":"SYSTEM","subject_domain":"NT AUTHORITY","target_user":"mchen","target_domain":"CORP","src_ip":"10.10.10.43","src_port":63234,"dest_host":"WIN-CLIENT-03","logon_type":2,"authentication_package":"NTLM","status":"0xC000006D","sub_status":"0xC0000064","process_name":"C:\\Windows\\System32\\winlogon.exe","process_id":"0x2a4","message":"An account failed to log on. Reason: Invalid username"}
{"timestamp":"2026-09-04T12:24:35Z","host":"WIN-CLIENT-04","source":"WinEventLog:Security","sourcetype":"WinEventLog:Security","index":"windows","EventCode":4625,"event_id":4625,"log_name":"Security","computer":"WIN-CLIENT-04.corp.local","provider_name":"Microsoft-Windows-Security-Auditing","level":"Information","record_id":100950,"scenario":"Normal Failed Logon (user error)","attack_phase":"None","mitre_technique":"None","severity":"low","is_suspicious":false,"subject_user":"SYSTEM","subject_domain":"NT AUTHORITY","target_user":"jsmith","target_domain":"CORP","src_ip":"10.10.10.81","src_port":60962,"dest_host":"WIN-CLIENT-04","logon_type":3,"authentication_package":"NTLM","status":"0xC000006D","sub_status":"0xC0000072","process_name":"C:\\Windows\\System32\\winlogon.exe","process_id":"0x2a4","message":"An account failed to log on. Reason: Account disabled"}
{"timestamp":"2026-09-04T12:29:40Z","host":"WIN-CLIENT-01","source":"WinEventLog:Security","sourcetype":"WinEventLog:Security","index":"windows","EventCode":4625,"event_id":4625,"log_name":"Security","computer":"WIN-CLIENT-01.corp.local","provider_name":"Microsoft-Windows-Security-Auditing","level":"Information","record_id":100951,"scenario":"Normal Failed Logon (user error)","attack_phase":"None","mitre_technique":"None","severity":"low","is_suspicious":false,"subject_user":"SYSTEM","subject_domain":"NT AUTHORITY","target_user":"mchen","target_domain":"CORP","src_ip":"10.10.10.247","src_port":52323,"dest_host":"WIN-CLIENT-01","logon_type":2,"authentication_package":"NTLM","status":"0xC000006D","sub_status":"0xC0000064","process_name":"C:\\Windows\\System32\\winlogon.exe","process_id":"0x2a4","message":"An account failed to log on. Reason: Invalid username"}
{"timestamp":"2026-09-04T12:40:27Z","host":"WIN-CLIENT-01","source":"WinEventLog:Security","sourcetype":"WinEventLog:Security","index":"windows","EventCode":4625,"event_id":4625,"log_name":"Security","computer":"WIN-CLIENT-01.corp.local","provider_name":"Microsoft-Windows-Security-Auditing","level":"Information","record_id":100952,"scenario":"Normal Failed Logon (user error)","attack_phase":"None","mitre_technique":"None","severity":"low","is_suspicious":false,"subject_user":"SYSTEM","subject_domain":"NT AUTHORITY","target_user":"lwilson","target_domain":"CORP","src_ip":"10.10.10.129","src_port":63015,"dest_host":"WIN-CLIENT-01","logon_type":3,"authentication_package":"NTLM","status":"0xC000006D","sub_status":"0xC0000193","process_name":"C:\\Windows\\System32\\winlogon.exe","process_id":"0x2a4","message":"An account failed to log on. Reason: Account expired"}
{"timestamp":"2026-09-04T12:49:53Z","host":"WIN-CLIENT-05","source":"WinEventLog:Security","sourcetype":"WinEventLog:Security","index":"windows","EventCode":4625,"event_id":4625,"log_name":"Security","computer":"WIN-CLIENT-05.corp.local","provider_name":"Microsoft-Windows-Security-Auditing","level":"Information","record_id":100953,"scenario":"Normal Failed Logon (user error)","attack_phase":"None","mitre_technique":"None","severity":"low","is_suspicious":false,"subject_user":"SYSTEM","subject_domain":"NT AUTHORITY","target_user":"jsmith","target_domain":"CORP","src_ip":"10.10.10.62","src_port":52553,"dest_host":"WIN-CLIENT-05","logon_type":3,"authentication_package":"NTLM","status":"0xC000006D","sub_status":"0xC0000193","process_name":"C:\\Windows\\System32\\winlogon.exe","process_id":"0x2a4","message":"An account failed to log on. Reason: Account expired"}
{"timestamp":"2026-09-04T12:57:47Z","host":"WIN-CLIENT-04","source":"WinEventLog:Security","sourcetype":"WinEventLog:Security","index":"windows","EventCode":4625,"event_id":4625,"log_name":"Security","computer":"WIN-CLIENT-04.corp.local","provider_name":"Microsoft-Windows-Security-Auditing","level":"Information","record_id":100954,"scenario":"Normal Failed Logon (user error)","attack_phase":"None","mitre_technique":"None","severity":"low","is_suspicious":false,"subject_user":"SYSTEM","subject_domain":"NT AUTHORITY","target_user":"tnguyen","target_domain":"CORP","src_ip":"10.10.10.155","src_port":58832,"dest_host":"WIN-CLIENT-04","logon_type":2,"authentication_package":"NTLM","status":"0xC000006D","sub_status":"0xC000006A","process_name":"C:\\Windows\\System32\\winlogon.exe","process_id":"0x2a4","message":"An account failed to log on. Reason: Incorrect password"}
{"timestamp":"2026-09-04T13:02:07Z","host":"WIN-CLIENT-03","source":"WinEventLog:Security","sourcetype":"WinEventLog:Security","index":"windows","EventCode":4625,"event_id":4625,"log_name":"Security","computer":"WIN-CLIENT-03.corp.local","provider_name":"Microsoft-Windows-Security-Auditing","level":"Information","record_id":100955,"scenario":"Normal Failed Logon (user error)","attack_phase":"None","mitre_technique":"None","severity":"low","is_suspicious":false,"subject_user":"SYSTEM","subject_domain":"NT AUTHORITY","target_user":"sbrooks","target_domain":"CORP","src_ip":"10.10.10.14","src_port":52028,"dest_host":"WIN-CLIENT-03","logon_type":2,"authentication_package":"NTLM","status":"0xC000006D","sub_status":"0xC0000064","process_name":"C:\\Windows\\System32\\winlogon.exe","process_id":"0x2a4","message":"An account failed to log on. Reason: Invalid username"}
{"timestamp":"2026-09-04T13:03:13Z","host":"WIN-CLIENT-01","source":"WinEventLog:Security","sourcetype":"WinEventLog:Security","index":"windows","EventCode":4625,"event_id":4625,"log_name":"Security","computer":"WIN-CLIENT-01.corp.local","provider_name":"Microsoft-Windows-Security-Auditing","level":"Information","record_id":100956,"scenario":"Normal Failed Logon (user error)","attack_phase":"None","mitre_technique":"None","severity":"low","is_suspicious":false,"subject_user":"SYSTEM","subject_domain":"NT AUTHORITY","target_user":"kwright","target_domain":"CORP","src_ip":"10.10.10.220","src_port":49531,"dest_host":"WIN-CLIENT-01","logon_type":3,"authentication_package":"NTLM","status":"0xC000006D","sub_status":"0xC0000064","process_name":"C:\\Windows\\System32\\winlogon.exe","process_id":"0x2a4","message":"An account failed to log on. Reason: Invalid username"}
{"timestamp":"2026-09-04T13:09:02Z","host":"WIN-CLIENT-01","source":"WinEventLog:Security","sourcetype":"WinEventLog:Security","index":"windows","EventCode":4625,"event_id":4625,"log_name":"Security","computer":"WIN-CLIENT-01.corp.local","provider_name":"Microsoft-Windows-Security-Auditing","level":"Information","record_id":100957,"scenario":"Normal Failed Logon (user error)","attack_phase":"None","mitre_technique":"None","severity":"low","is_suspicious":false,"subject_user":"SYSTEM","subject_domain":"NT AUTHORITY","target_user":"agarcia","target_domain":"CORP","src_ip":"10.10.10.108","src_port":51920,"dest_host":"WIN-CLIENT-01","logon_type":2,"authentication_package":"NTLM","status":"0xC000006D","sub_status":"0xC000006A","process_name":"C:\\Windows\\System32\\winlogon.exe","process_id":"0x2a4","message":"An account failed to log on. Reason: Incorrect password"}
{"timestamp":"2026-09-04T13:20:40Z","host":"WIN-CLIENT-05","source":"WinEventLog:Security","sourcetype":"WinEventLog:Security","index":"windows","EventCode":4625,"event_id":4625,"log_name":"Security","computer":"WIN-CLIENT-05.corp.local","provider_name":"Microsoft-Windows-Security-Auditing","level":"Information","record_id":100958,"scenario":"Normal Failed Logon (user error)","attack_phase":"None","mitre_technique":"None","severity":"low","is_suspicious":false,"subject_user":"SYSTEM","subject_domain":"NT AUTHORITY","target_user":"lwilson","target_domain":"CORP","src_ip":"10.10.10.249","src_port":56460,"dest_host":"WIN-CLIENT-05","logon_type":3,"authentication_package":"NTLM","status":"0xC000006D","sub_status":"0xC0000064","process_name":"C:\\Windows\\System32\\winlogon.exe","process_id":"0x2a4","message":"An account failed to log on. Reason: Invalid username"}
{"timestamp":"2026-09-04T13:21:26Z","host":"WIN-CLIENT-03","source":"WinEventLog:Security","sourcetype":"WinEventLog:Security","index":"windows","EventCode":4625,"event_id":4625,"log_name":"Security","computer":"WIN-CLIENT-03.corp.local","provider_name":"Microsoft-Windows-Security-Auditing","level":"Information","record_id":100959,"scenario":"Normal Failed Logon (user error)","attack_phase":"None","mitre_technique":"None","severity":"low","is_suspicious":false,"subject_user":"SYSTEM","subject_domain":"NT AUTHORITY","target_user":"agarcia","target_domain":"CORP","src_ip":"10.10.10.96","src_port":63705,"dest_host":"WIN-CLIENT-03","logon_type":3,"authentication_package":"NTLM","status":"0xC000006D","sub_status":"0xC0000072","process_name":"C:\\Windows\\System32\\winlogon.exe","process_id":"0x2a4","message":"An account failed to log on. Reason: Account disabled"}
{"timestamp":"2026-09-04T13:35:35Z","host":"WIN-CLIENT-04","source":"WinEventLog:Security","sourcetype":"WinEventLog:Security","index":"windows","EventCode":4625,"event_id":4625,"log_name":"Security","computer":"WIN-CLIENT-04.corp.local","provider_name":"Microsoft-Windows-Security-Auditing","level":"Information","record_id":100960,"scenario":"Normal Failed Logon (user error)","attack_phase":"None","mitre_technique":"None","severity":"low","is_suspicious":false,"subject_user":"SYSTEM","subject_domain":"NT AUTHORITY","target_user":"agarcia","target_domain":"CORP","src_ip":"10.10.10.76","src_port":56713,"dest_host":"WIN-CLIENT-04","logon_type":2,"authentication_package":"NTLM","status":"0xC000006D","sub_status":"0xC000006A","process_name":"C:\\Windows\\System32\\winlogon.exe","process_id":"0x2a4","message":"An account failed to log on. Reason: Incorrect password"}
{"timestamp":"2026-09-04T13:37:49Z","host":"WIN-CLIENT-03","source":"WinEventLog:Security","sourcetype":"WinEventLog:Security","index":"windows","EventCode":4625,"event_id":4625,"log_name":"Security","computer":"WIN-CLIENT-03.corp.local","provider_name":"Microsoft-Windows-Security-Auditing","level":"Information","record_id":100961,"scenario":"Normal Failed Logon (user error)","attack_phase":"None","mitre_technique":"None","severity":"low","is_suspicious":false,"subject_user":"SYSTEM","subject_domain":"NT AUTHORITY","target_user":"lwilson","target_domain":"CORP","src_ip":"10.10.10.136","src_port":52438,"dest_host":"WIN-CLIENT-03","logon_type":2,"authentication_package":"NTLM","status":"0xC000006D","sub_status":"0xC0000193","process_name":"C:\\Windows\\System32\\winlogon.exe","process_id":"0x2a4","message":"An account failed to log on. Reason: Account expired"}
{"timestamp":"2026-09-04T13:48:25Z","host":"WIN-CLIENT-01","source":"WinEventLog:Security","sourcetype":"WinEventLog:Security","index":"windows","EventCode":4625,"event_id":4625,"log_name":"Security","computer":"WIN-CLIENT-01.corp.local","provider_name":"Microsoft-Windows-Security-Auditing","level":"Information","record_id":100962,"scenario":"Normal Failed Logon (user error)","attack_phase":"None","mitre_technique":"None","severity":"low","is_suspicious":false,"subject_user":"SYSTEM","subject_domain":"NT AUTHORITY","target_user":"jsmith","target_domain":"CORP","src_ip":"10.10.10.125","src_port":60863,"dest_host":"WIN-CLIENT-01","logon_type":3,"authentication_package":"NTLM","status":"0xC000006D","sub_status":"0xC000006A","process_name":"C:\\Windows\\System32\\winlogon.exe","process_id":"0x2a4","message":"An account failed to log on. Reason: Incorrect password"}
{"timestamp":"2026-09-04T13:55:52Z","host":"WIN-CLIENT-03","source":"WinEventLog:Security","sourcetype":"WinEventLog:Security","index":"windows","EventCode":4625,"event_id":4625,"log_name":"Security","computer":"WIN-CLIENT-03.corp.local","provider_name":"Microsoft-Windows-Security-Auditing","level":"Information","record_id":100963,"scenario":"Normal Failed Logon (user error)","attack_phase":"None","mitre_technique":"None","severity":"low","is_suspicious":false,"subject_user":"SYSTEM","subject_domain":"NT AUTHORITY","target_user":"cwalker","target_domain":"CORP","src_ip":"10.10.10.136","src_port":58423,"dest_host":"WIN-CLIENT-03","logon_type":3,"authentication_package":"NTLM","status":"0xC000006D","sub_status":"0xC0000072","process_name":"C:\\Windows\\System32\\winlogon.exe","process_id":"0x2a4","message":"An account failed to log on. Reason: Account disabled"}
{"timestamp":"2026-09-04T13:58:14Z","host":"WIN-CLIENT-05","source":"WinEventLog:Security","sourcetype":"WinEventLog:Security","index":"windows","EventCode":4625,"event_id":4625,"log_name":"Security","computer":"WIN-CLIENT-05.corp.local","provider_name":"Microsoft-Windows-Security-Auditing","level":"Information","record_id":100964,"scenario":"Normal Failed Logon (user error)","attack_phase":"None","mitre_technique":"None","severity":"low","is_suspicious":false,"subject_user":"SYSTEM","subject_domain":"NT AUTHORITY","target_user":"cwalker","target_domain":"CORP","src_ip":"10.10.10.135","src_port":60946,"dest_host":"WIN-CLIENT-05","logon_type":3,"authentication_package":"NTLM","status":"0xC000006D","sub_status":"0xC0000193","process_name":"C:\\Windows\\System32\\winlogon.exe","process_id":"0x2a4","message":"An account failed to log on. Reason: Account expired"}
{"timestamp":"2026-09-04T14:06:48Z","host":"WIN-CLIENT-05","source":"WinEventLog:Security","sourcetype":"WinEventLog:Security","index":"windows","EventCode":4625,"event_id":4625,"log_name":"Security","computer":"WIN-CLIENT-05.corp.local","provider_name":"Microsoft-Windows-Security-Auditing","level":"Information","record_id":100965,"scenario":"Normal Failed Logon (user error)","attack_phase":"None","mitre_technique":"None","severity":"low","is_suspicious":false,"subject_user":"SYSTEM","subject_domain":"NT AUTHORITY","target_user":"mchen","target_domain":"CORP","src_ip":"10.10.10.183","src_port":53759,"dest_host":"WIN-CLIENT-05","logon_type":2,"authentication_package":"NTLM","status":"0xC000006D","sub_status":"0xC0000064","process_name":"C:\\Windows\\System32\\winlogon.exe","process_id":"0x2a4","message":"An account failed to log on. Reason: Invalid username"}
{"timestamp":"2026-09-04T14:06:59Z","host":"WIN-CLIENT-01","source":"WinEventLog:Security","sourcetype":"WinEventLog:Security","index":"windows","EventCode":4625,"event_id":4625,"log_name":"Security","computer":"WIN-CLIENT-01.corp.local","provider_name":"Microsoft-Windows-Security-Auditing","level":"Information","record_id":100966,"scenario":"Normal Failed Logon (user error)","attack_phase":"None","mitre_technique":"None","severity":"low","is_suspicious":false,"subject_user":"SYSTEM","subject_domain":"NT AUTHORITY","target_user":"agarcia","target_domain":"CORP","src_ip":"10.10.10.162","src_port":62053,"dest_host":"WIN-CLIENT-01","logon_type":2,"authentication_package":"NTLM","status":"0xC000006D","sub_status":"0xC0000193","process_name":"C:\\Windows\\System32\\winlogon.exe","process_id":"0x2a4","message":"An account failed to log on. Reason: Account expired"}
{"timestamp":"2026-09-04T14:19:44Z","host":"WIN-CLIENT-05","source":"WinEventLog:Security","sourcetype":"WinEventLog:Security","index":"windows","EventCode":4625,"event_id":4625,"log_name":"Security","computer":"WIN-CLIENT-05.corp.local","provider_name":"Microsoft-Windows-Security-Auditing","level":"Information","record_id":100967,"scenario":"Normal Failed Logon (user error)","attack_phase":"None","mitre_technique":"None","severity":"low","is_suspicious":false,"subject_user":"SYSTEM","subject_domain":"NT AUTHORITY","target_user":"rpatel","target_domain":"CORP","src_ip":"10.10.10.107","src_port":49745,"dest_host":"WIN-CLIENT-05","logon_type":3,"authentication_package":"NTLM","status":"0xC000006D","sub_status":"0xC0000193","process_name":"C:\\Windows\\System32\\winlogon.exe","process_id":"0x2a4","message":"An account failed to log on. Reason: Account expired"}
{"timestamp":"2026-09-04T14:25:52Z","host":"WIN-CLIENT-02","source":"WinEventLog:Security","sourcetype":"WinEventLog:Security","index":"windows","EventCode":4625,"event_id":4625,"log_name":"Security","computer":"WIN-CLIENT-02.corp.local","provider_name":"Microsoft-Windows-Security-Auditing","level":"Information","record_id":100968,"scenario":"Normal Failed Logon (user error)","attack_phase":"None","mitre_technique":"None","severity":"low","is_suspicious":false,"subject_user":"SYSTEM","subject_domain":"NT AUTHORITY","target_user":"sbrooks","target_domain":"CORP","src_ip":"10.10.10.165","src_port":52296,"dest_host":"WIN-CLIENT-02","logon_type":3,"authentication_package":"NTLM","status":"0xC000006D","sub_status":"0xC000006A","process_name":"C:\\Windows\\System32\\winlogon.exe","process_id":"0x2a4","message":"An account failed to log on. Reason: Incorrect password"}
{"timestamp":"2026-09-04T14:30:22Z","host":"WIN-CLIENT-03","source":"WinEventLog:Security","sourcetype":"WinEventLog:Security","index":"windows","EventCode":4625,"event_id":4625,"log_name":"Security","computer":"WIN-CLIENT-03.corp.local","provider_name":"Microsoft-Windows-Security-Auditing","level":"Information","record_id":100969,"scenario":"Normal Failed Logon (user error)","attack_phase":"None","mitre_technique":"None","severity":"low","is_suspicious":false,"subject_user":"SYSTEM","subject_domain":"NT AUTHORITY","target_user":"agarcia","target_domain":"CORP","src_ip":"10.10.10.131","src_port":58011,"dest_host":"WIN-CLIENT-03","logon_type":3,"authentication_package":"NTLM","status":"0xC000006D","sub_status":"0xC0000072","process_name":"C:\\Windows\\System32\\winlogon.exe","process_id":"0x2a4","message":"An account failed to log on. Reason: Account disabled"}
{"timestamp":"2026-09-04T14:43:37Z","host":"WIN-CLIENT-01","source":"WinEventLog:Security","sourcetype":"WinEventLog:Security","index":"windows","EventCode":4625,"event_id":4625,"log_name":"Security","computer":"WIN-CLIENT-01.corp.local","provider_name":"Microsoft-Windows-Security-Auditing","level":"Information","record_id":100970,"scenario":"Normal Failed Logon (user error)","attack_phase":"None","mitre_technique":"None","severity":"low","is_suspicious":false,"subject_user":"SYSTEM","subject_domain":"NT AUTHORITY","target_user":"jsmith","target_domain":"CORP","src_ip":"10.10.10.89","src_port":55488,"dest_host":"WIN-CLIENT-01","logon_type":2,"authentication_package":"NTLM","status":"0xC000006D","sub_status":"0xC0000072","process_name":"C:\\Windows\\System32\\winlogon.exe","process_id":"0x2a4","message":"An account failed to log on. Reason: Account disabled"}
{"timestamp":"2026-09-04T14:57:59Z","host":"WIN-CLIENT-02","source":"WinEventLog:Security","sourcetype":"WinEventLog:Security","index":"windows","EventCode":4625,"event_id":4625,"log_name":"Security","computer":"WIN-CLIENT-02.corp.local","provider_name":"Microsoft-Windows-Security-Auditing","level":"Information","record_id":100971,"scenario":"Normal Failed Logon (user error)","attack_phase":"None","mitre_technique":"None","severity":"low","is_suspicious":false,"subject_user":"SYSTEM","subject_domain":"NT AUTHORITY","target_user":"mchen","target_domain":"CORP","src_ip":"10.10.10.215","src_port":54536,"dest_host":"WIN-CLIENT-02","logon_type":3,"authentication_package":"NTLM","status":"0xC000006D","sub_status":"0xC0000072","process_name":"C:\\Windows\\System32\\winlogon.exe","process_id":"0x2a4","message":"An account failed to log on. Reason: Account disabled"}
{"timestamp":"2026-09-04T15:06:14Z","host":"WIN-CLIENT-02","source":"WinEventLog:Security","sourcetype":"WinEventLog:Security","index":"windows","EventCode":4625,"event_id":4625,"log_name":"Security","computer":"WIN-CLIENT-02.corp.local","provider_name":"Microsoft-Windows-Security-Auditing","level":"Information","record_id":100972,"scenario":"Normal Failed Logon (user error)","attack_phase":"None","mitre_technique":"None","severity":"low","is_suspicious":false,"subject_user":"SYSTEM","subject_domain":"NT AUTHORITY","target_user":"jsmith","target_domain":"CORP","src_ip":"10.10.10.41","src_port":59276,"dest_host":"WIN-CLIENT-02","logon_type":3,"authentication_package":"NTLM","status":"0xC000006D","sub_status":"0xC0000193","process_name":"C:\\Windows\\System32\\winlogon.exe","process_id":"0x2a4","message":"An account failed to log on. Reason: Account expired"}
{"timestamp":"2026-09-04T15:21:09Z","host":"WIN-CLIENT-03","source":"WinEventLog:Security","sourcetype":"WinEventLog:Security","index":"windows","EventCode":4625,"event_id":4625,"log_name":"Security","computer":"WIN-CLIENT-03.corp.local","provider_name":"Microsoft-Windows-Security-Auditing","level":"Information","record_id":100973,"scenario":"Normal Failed Logon (user error)","attack_phase":"None","mitre_technique":"None","severity":"low","is_suspicious":false,"subject_user":"SYSTEM","subject_domain":"NT AUTHORITY","target_user":"sbrooks","target_domain":"CORP","src_ip":"10.10.10.202","src_port":62339,"dest_host":"WIN-CLIENT-03","logon_type":3,"authentication_package":"NTLM","status":"0xC000006D","sub_status":"0xC0000193","process_name":"C:\\Windows\\System32\\winlogon.exe","process_id":"0x2a4","message":"An account failed to log on. Reason: Account expired"}
{"timestamp":"2026-09-04T15:33:59Z","host":"WIN-CLIENT-05","source":"WinEventLog:Security","sourcetype":"WinEventLog:Security","index":"windows","EventCode":4625,"event_id":4625,"log_name":"Security","computer":"WIN-CLIENT-05.corp.local","provider_name":"Microsoft-Windows-Security-Auditing","level":"Information","record_id":100974,"scenario":"Normal Failed Logon (user error)","attack_phase":"None","mitre_technique":"None","severity":"low","is_suspicious":false,"subject_user":"SYSTEM","subject_domain":"NT AUTHORITY","target_user":"jsmith","target_domain":"CORP","src_ip":"10.10.10.146","src_port":60877,"dest_host":"WIN-CLIENT-05","logon_type":3,"authentication_package":"NTLM","status":"0xC000006D","sub_status":"0xC0000072","process_name":"C:\\Windows\\System32\\winlogon.exe","process_id":"0x2a4","message":"An account failed to log on. Reason: Account disabled"}
{"timestamp":"2026-09-04T15:43:37Z","host":"WIN-CLIENT-01","source":"WinEventLog:Security","sourcetype":"WinEventLog:Security","index":"windows","EventCode":4625,"event_id":4625,"log_name":"Security","computer":"WIN-CLIENT-01.corp.local","provider_name":"Microsoft-Windows-Security-Auditing","level":"Information","record_id":100975,"scenario":"Normal Failed Logon (user error)","attack_phase":"None","mitre_technique":"None","severity":"low","is_suspicious":false,"subject_user":"SYSTEM","subject_domain":"NT AUTHORITY","target_user":"sbrooks","target_domain":"CORP","src_ip":"10.10.10.149","src_port":60231,"dest_host":"WIN-CLIENT-01","logon_type":3,"authentication_package":"NTLM","status":"0xC000006D","sub_status":"0xC0000064","process_name":"C:\\Windows\\System32\\winlogon.exe","process_id":"0x2a4","message":"An account failed to log on. Reason: Invalid username"}
{"timestamp":"2026-09-04T15:57:25Z","host":"WIN-CLIENT-01","source":"WinEventLog:Security","sourcetype":"WinEventLog:Security","index":"windows","EventCode":4625,"event_id":4625,"log_name":"Security","computer":"WIN-CLIENT-01.corp.local","provider_name":"Microsoft-Windows-Security-Auditing","level":"Information","record_id":100976,"scenario":"Normal Failed Logon (user error)","attack_phase":"None","mitre_technique":"None","severity":"low","is_suspicious":false,"subject_user":"SYSTEM","subject_domain":"NT AUTHORITY","target_user":"kwright","target_domain":"CORP","src_ip":"10.10.10.73","src_port":62774,"dest_host":"WIN-CLIENT-01","logon_type":2,"authentication_package":"NTLM","status":"0xC000006D","sub_status":"0xC0000064","process_name":"C:\\Windows\\System32\\winlogon.exe","process_id":"0x2a4","message":"An account failed to log on. Reason: Invalid username"}
{"timestamp":"2026-09-04T16:03:22Z","host":"WIN-CLIENT-05","source":"WinEventLog:Security","sourcetype":"WinEventLog:Security","index":"windows","EventCode":4625,"event_id":4625,"log_name":"Security","computer":"WIN-CLIENT-05.corp.local","provider_name":"Microsoft-Windows-Security-Auditing","level":"Information","record_id":100977,"scenario":"Normal Failed Logon (user error)","attack_phase":"None","mitre_technique":"None","severity":"low","is_suspicious":false,"subject_user":"SYSTEM","subject_domain":"NT AUTHORITY","target_user":"tnguyen","target_domain":"CORP","src_ip":"10.10.10.148","src_port":58923,"dest_host":"WIN-CLIENT-05","logon_type":3,"authentication_package":"NTLM","status":"0xC000006D","sub_status":"0xC0000064","process_name":"C:\\Windows\\System32\\winlogon.exe","process_id":"0x2a4","message":"An account failed to log on. Reason: Invalid username"}
{"timestamp":"2026-09-04T16:06:43Z","host":"WIN-CLIENT-01","source":"WinEventLog:Security","sourcetype":"WinEventLog:Security","index":"windows","EventCode":4625,"event_id":4625,"log_name":"Security","computer":"WIN-CLIENT-01.corp.local","provider_name":"Microsoft-Windows-Security-Auditing","level":"Information","record_id":100978,"scenario":"Normal Failed Logon (user error)","attack_phase":"None","mitre_technique":"None","severity":"low","is_suspicious":false,"subject_user":"SYSTEM","subject_domain":"NT AUTHORITY","target_user":"cwalker","target_domain":"CORP","src_ip":"10.10.10.182","src_port":63054,"dest_host":"WIN-CLIENT-01","logon_type":3,"authentication_package":"NTLM","status":"0xC000006D","sub_status":"0xC0000072","process_name":"C:\\Windows\\System32\\winlogon.exe","process_id":"0x2a4","message":"An account failed to log on. Reason: Account disabled"}
{"timestamp":"2026-09-04T16:18:59Z","host":"WIN-CLIENT-03","source":"WinEventLog:Security","sourcetype":"WinEventLog:Security","index":"windows","EventCode":4625,"event_id":4625,"log_name":"Security","computer":"WIN-CLIENT-03.corp.local","provider_name":"Microsoft-Windows-Security-Auditing","level":"Information","record_id":100979,"scenario":"Normal Failed Logon (user error)","attack_phase":"None","mitre_technique":"None","severity":"low","is_suspicious":false,"subject_user":"SYSTEM","subject_domain":"NT AUTHORITY","target_user":"jsmith","target_domain":"CORP","src_ip":"10.10.10.24","src_port":57143,"dest_host":"WIN-CLIENT-03","logon_type":2,"authentication_package":"NTLM","status":"0xC000006D","sub_status":"0xC0000193","process_name":"C:\\Windows\\System32\\winlogon.exe","process_id":"0x2a4","message":"An account failed to log on. Reason: Account expired"}
{"timestamp":"2026-09-04T16:25:29Z","host":"WIN-CLIENT-03","source":"WinEventLog:Security","sourcetype":"WinEventLog:Security","index":"windows","EventCode":4625,"event_id":4625,"log_name":"Security","computer":"WIN-CLIENT-03.corp.local","provider_name":"Microsoft-Windows-Security-Auditing","level":"Information","record_id":100980,"scenario":"Normal Failed Logon (user error)","attack_phase":"None","mitre_technique":"None","severity":"low","is_suspicious":false,"subject_user":"SYSTEM","subject_domain":"NT AUTHORITY","target_user":"dohara","target_domain":"CORP","src_ip":"10.10.10.136","src_port":53953,"dest_host":"WIN-CLIENT-03","logon_type":2,"authentication_package":"NTLM","status":"0xC000006D","sub_status":"0xC0000064","process_name":"C:\\Windows\\System32\\winlogon.exe","process_id":"0x2a4","message":"An account failed to log on. Reason: Invalid username"}
{"timestamp":"2026-09-04T16:27:33Z","host":"WIN-CLIENT-01","source":"WinEventLog:Security","sourcetype":"WinEventLog:Security","index":"windows","EventCode":4625,"event_id":4625,"log_name":"Security","computer":"WIN-CLIENT-01.corp.local","provider_name":"Microsoft-Windows-Security-Auditing","level":"Information","record_id":100981,"scenario":"Normal Failed Logon (user error)","attack_phase":"None","mitre_technique":"None","severity":"low","is_suspicious":false,"subject_user":"SYSTEM","subject_domain":"NT AUTHORITY","target_user":"kwright","target_domain":"CORP","src_ip":"10.10.10.235","src_port":50517,"dest_host":"WIN-CLIENT-01","logon_type":3,"authentication_package":"NTLM","status":"0xC000006D","sub_status":"0xC0000064","process_name":"C:\\Windows\\System32\\winlogon.exe","process_id":"0x2a4","message":"An account failed to log on. Reason: Invalid username"}
{"timestamp":"2026-09-04T16:36:21Z","host":"WIN-CLIENT-04","source":"WinEventLog:Security","sourcetype":"WinEventLog:Security","index":"windows","EventCode":4625,"event_id":4625,"log_name":"Security","computer":"WIN-CLIENT-04.corp.local","provider_name":"Microsoft-Windows-Security-Auditing","level":"Information","record_id":100982,"scenario":"Normal Failed Logon (user error)","attack_phase":"None","mitre_technique":"None","severity":"low","is_suspicious":false,"subject_user":"SYSTEM","subject_domain":"NT AUTHORITY","target_user":"jsmith","target_domain":"CORP","src_ip":"10.10.10.50","src_port":54572,"dest_host":"WIN-CLIENT-04","logon_type":3,"authentication_package":"NTLM","status":"0xC000006D","sub_status":"0xC0000064","process_name":"C:\\Windows\\System32\\winlogon.exe","process_id":"0x2a4","message":"An account failed to log on. Reason: Invalid username"}
{"timestamp":"2026-09-04T16:49:01Z","host":"WIN-CLIENT-03","source":"WinEventLog:Security","sourcetype":"WinEventLog:Security","index":"windows","EventCode":4625,"event_id":4625,"log_name":"Security","computer":"WIN-CLIENT-03.corp.local","provider_name":"Microsoft-Windows-Security-Auditing","level":"Information","record_id":100983,"scenario":"Normal Failed Logon (user error)","attack_phase":"None","mitre_technique":"None","severity":"low","is_suspicious":false,"subject_user":"SYSTEM","subject_domain":"NT AUTHORITY","target_user":"sbrooks","target_domain":"CORP","src_ip":"10.10.10.38","src_port":61607,"dest_host":"WIN-CLIENT-03","logon_type":2,"authentication_package":"NTLM","status":"0xC000006D","sub_status":"0xC0000072","process_name":"C:\\Windows\\System32\\winlogon.exe","process_id":"0x2a4","message":"An account failed to log on. Reason: Account disabled"}
{"timestamp":"2026-09-04T17:03:12Z","host":"WIN-CLIENT-02","source":"WinEventLog:Security","sourcetype":"WinEventLog:Security","index":"windows","EventCode":4625,"event_id":4625,"log_name":"Security","computer":"WIN-CLIENT-02.corp.local","provider_name":"Microsoft-Windows-Security-Auditing","level":"Information","record_id":100984,"scenario":"Normal Failed Logon (user error)","attack_phase":"None","mitre_technique":"None","severity":"low","is_suspicious":false,"subject_user":"SYSTEM","subject_domain":"NT AUTHORITY","target_user":"sbrooks","target_domain":"CORP","src_ip":"10.10.10.187","src_port":49598,"dest_host":"WIN-CLIENT-02","logon_type":3,"authentication_package":"NTLM","status":"0xC000006D","sub_status":"0xC0000064","process_name":"C:\\Windows\\System32\\winlogon.exe","process_id":"0x2a4","message":"An account failed to log on. Reason: Invalid username"}
{"timestamp":"2026-09-04T17:09:58Z","host":"WIN-CLIENT-01","source":"WinEventLog:Security","sourcetype":"WinEventLog:Security","index":"windows","EventCode":4625,"event_id":4625,"log_name":"Security","computer":"WIN-CLIENT-01.corp.local","provider_name":"Microsoft-Windows-Security-Auditing","level":"Information","record_id":100985,"scenario":"Normal Failed Logon (user error)","attack_phase":"None","mitre_technique":"None","severity":"low","is_suspicious":false,"subject_user":"SYSTEM","subject_domain":"NT AUTHORITY","target_user":"sbrooks","target_domain":"CORP","src_ip":"10.10.10.81","src_port":64275,"dest_host":"WIN-CLIENT-01","logon_type":2,"authentication_package":"NTLM","status":"0xC000006D","sub_status":"0xC000006A","process_name":"C:\\Windows\\System32\\winlogon.exe","process_id":"0x2a4","message":"An account failed to log on. Reason: Incorrect password"}
{"timestamp":"2026-09-04T17:21:51Z","host":"WIN-CLIENT-01","source":"WinEventLog:Security","sourcetype":"WinEventLog:Security","index":"windows","EventCode":4625,"event_id":4625,"log_name":"Security","computer":"WIN-CLIENT-01.corp.local","provider_name":"Microsoft-Windows-Security-Auditing","level":"Information","record_id":100986,"scenario":"Normal Failed Logon (user error)","attack_phase":"None","mitre_technique":"None","severity":"low","is_suspicious":false,"subject_user":"SYSTEM","subject_domain":"NT AUTHORITY","target_user":"cwalker","target_domain":"CORP","src_ip":"10.10.10.121","src_port":63568,"dest_host":"WIN-CLIENT-01","logon_type":2,"authentication_package":"NTLM","status":"0xC000006D","sub_status":"0xC0000072","process_name":"C:\\Windows\\System32\\winlogon.exe","process_id":"0x2a4","message":"An account failed to log on. Reason: Account disabled"}
{"timestamp":"2026-09-04T17:23:46Z","host":"WIN-CLIENT-03","source":"WinEventLog:Security","sourcetype":"WinEventLog:Security","index":"windows","EventCode":4625,"event_id":4625,"log_name":"Security","computer":"WIN-CLIENT-03.corp.local","provider_name":"Microsoft-Windows-Security-Auditing","level":"Information","record_id":100987,"scenario":"Normal Failed Logon (user error)","attack_phase":"None","mitre_technique":"None","severity":"low","is_suspicious":false,"subject_user":"SYSTEM","subject_domain":"NT AUTHORITY","target_user":"sbrooks","target_domain":"CORP","src_ip":"10.10.10.149","src_port":61427,"dest_host":"WIN-CLIENT-03","logon_type":3,"authentication_package":"NTLM","status":"0xC000006D","sub_status":"0xC000006A","process_name":"C:\\Windows\\System32\\winlogon.exe","process_id":"0x2a4","message":"An account failed to log on. Reason: Incorrect password"}
{"timestamp":"2026-09-04T17:34:50Z","host":"WIN-CLIENT-03","source":"WinEventLog:Security","sourcetype":"WinEventLog:Security","index":"windows","EventCode":4625,"event_id":4625,"log_name":"Security","computer":"WIN-CLIENT-03.corp.local","provider_name":"Microsoft-Windows-Security-Auditing","level":"Information","record_id":100988,"scenario":"Normal Failed Logon (user error)","attack_phase":"None","mitre_technique":"None","severity":"low","is_suspicious":false,"subject_user":"SYSTEM","subject_domain":"NT AUTHORITY","target_user":"rpatel","target_domain":"CORP","src_ip":"10.10.10.51","src_port":53695,"dest_host":"WIN-CLIENT-03","logon_type":3,"authentication_package":"NTLM","status":"0xC000006D","sub_status":"0xC0000064","process_name":"C:\\Windows\\System32\\winlogon.exe","process_id":"0x2a4","message":"An account failed to log on. Reason: Invalid username"}
{"timestamp":"2026-09-04T17:44:05Z","host":"WIN-CLIENT-04","source":"WinEventLog:Security","sourcetype":"WinEventLog:Security","index":"windows","EventCode":4625,"event_id":4625,"log_name":"Security","computer":"WIN-CLIENT-04.corp.local","provider_name":"Microsoft-Windows-Security-Auditing","level":"Information","record_id":100989,"scenario":"Normal Failed Logon (user error)","attack_phase":"None","mitre_technique":"None","severity":"low","is_suspicious":false,"subject_user":"SYSTEM","subject_domain":"NT AUTHORITY","target_user":"kwright","target_domain":"CORP","src_ip":"10.10.10.71","src_port":51446,"dest_host":"WIN-CLIENT-04","logon_type":2,"authentication_package":"NTLM","status":"0xC000006D","sub_status":"0xC000006A","process_name":"C:\\Windows\\System32\\winlogon.exe","process_id":"0x2a4","message":"An account failed to log on. Reason: Incorrect password"}
{"timestamp":"2026-09-04T17:48:55Z","host":"WIN-CLIENT-01","source":"WinEventLog:Security","sourcetype":"WinEventLog:Security","index":"windows","EventCode":4625,"event_id":4625,"log_name":"Security","computer":"WIN-CLIENT-01.corp.local","provider_name":"Microsoft-Windows-Security-Auditing","level":"Information","record_id":100990,"scenario":"Normal Failed Logon (user error)","attack_phase":"None","mitre_technique":"None","severity":"low","is_suspicious":false,"subject_user":"SYSTEM","subject_domain":"NT AUTHORITY","target_user":"agarcia","target_domain":"CORP","src_ip":"10.10.10.54","src_port":57888,"dest_host":"WIN-CLIENT-01","logon_type":3,"authentication_package":"NTLM","status":"0xC000006D","sub_status":"0xC000006A","process_name":"C:\\Windows\\System32\\winlogon.exe","process_id":"0x2a4","message":"An account failed to log on. Reason: Incorrect password"}
{"timestamp":"2026-09-04T17:58:27Z","host":"WIN-CLIENT-03","source":"WinEventLog:Security","sourcetype":"WinEventLog:Security","index":"windows","EventCode":4625,"event_id":4625,"log_name":"Security","computer":"WIN-CLIENT-03.corp.local","provider_name":"Microsoft-Windows-Security-Auditing","level":"Information","record_id":100991,"scenario":"Normal Failed Logon (user error)","attack_phase":"None","mitre_technique":"None","severity":"low","is_suspicious":false,"subject_user":"SYSTEM","subject_domain":"NT AUTHORITY","target_user":"kwright","target_domain":"CORP","src_ip":"10.10.10.243","src_port":60540,"dest_host":"WIN-CLIENT-03","logon_type":3,"authentication_package":"NTLM","status":"0xC000006D","sub_status":"0xC0000064","process_name":"C:\\Windows\\System32\\winlogon.exe","process_id":"0x2a4","message":"An account failed to log on. Reason: Invalid username"}
{"timestamp":"2026-09-04T18:08:24Z","host":"WIN-CLIENT-02","source":"WinEventLog:Security","sourcetype":"WinEventLog:Security","index":"windows","EventCode":4625,"event_id":4625,"log_name":"Security","computer":"WIN-CLIENT-02.corp.local","provider_name":"Microsoft-Windows-Security-Auditing","level":"Information","record_id":100992,"scenario":"Normal Failed Logon (user error)","attack_phase":"None","mitre_technique":"None","severity":"low","is_suspicious":false,"subject_user":"SYSTEM","subject_domain":"NT AUTHORITY","target_user":"rpatel","target_domain":"CORP","src_ip":"10.10.10.81","src_port":59047,"dest_host":"WIN-CLIENT-02","logon_type":3,"authentication_package":"NTLM","status":"0xC000006D","sub_status":"0xC000006A","process_name":"C:\\Windows\\System32\\winlogon.exe","process_id":"0x2a4","message":"An account failed to log on. Reason: Incorrect password"}
{"timestamp":"2026-09-04T18:17:47Z","host":"WIN-CLIENT-01","source":"WinEventLog:Security","sourcetype":"WinEventLog:Security","index":"windows","EventCode":4625,"event_id":4625,"log_name":"Security","computer":"WIN-CLIENT-01.corp.local","provider_name":"Microsoft-Windows-Security-Auditing","level":"Information","record_id":100993,"scenario":"Normal Failed Logon (user error)","attack_phase":"None","mitre_technique":"None","severity":"low","is_suspicious":false,"subject_user":"SYSTEM","subject_domain":"NT AUTHORITY","target_user":"dohara","target_domain":"CORP","src_ip":"10.10.10.9","src_port":56712,"dest_host":"WIN-CLIENT-01","logon_type":2,"authentication_package":"NTLM","status":"0xC000006D","sub_status":"0xC0000064","process_name":"C:\\Windows\\System32\\winlogon.exe","process_id":"0x2a4","message":"An account failed to log on. Reason: Invalid username"}
{"timestamp":"2026-09-04T18:19:45Z","host":"WIN-CLIENT-01","source":"WinEventLog:Security","sourcetype":"WinEventLog:Security","index":"windows","EventCode":4625,"event_id":4625,"log_name":"Security","computer":"WIN-CLIENT-01.corp.local","provider_name":"Microsoft-Windows-Security-Auditing","level":"Information","record_id":100994,"scenario":"Normal Failed Logon (user error)","attack_phase":"None","mitre_technique":"None","severity":"low","is_suspicious":false,"subject_user":"SYSTEM","subject_domain":"NT AUTHORITY","target_user":"tnguyen","target_domain":"CORP","src_ip":"10.10.10.111","src_port":55421,"dest_host":"WIN-CLIENT-01","logon_type":2,"authentication_package":"NTLM","status":"0xC000006D","sub_status":"0xC000006A","process_name":"C:\\Windows\\System32\\winlogon.exe","process_id":"0x2a4","message":"An account failed to log on. Reason: Incorrect password"}
{"timestamp":"2026-09-04T18:31:56Z","host":"WIN-CLIENT-05","source":"WinEventLog:Security","sourcetype":"WinEventLog:Security","index":"windows","EventCode":4625,"event_id":4625,"log_name":"Security","computer":"WIN-CLIENT-05.corp.local","provider_name":"Microsoft-Windows-Security-Auditing","level":"Information","record_id":100995,"scenario":"Normal Failed Logon (user error)","attack_phase":"None","mitre_technique":"None","severity":"low","is_suspicious":false,"subject_user":"SYSTEM","subject_domain":"NT AUTHORITY","target_user":"cwalker","target_domain":"CORP","src_ip":"10.10.10.159","src_port":54826,"dest_host":"WIN-CLIENT-05","logon_type":3,"authentication_package":"NTLM","status":"0xC000006D","sub_status":"0xC0000193","process_name":"C:\\Windows\\System32\\winlogon.exe","process_id":"0x2a4","message":"An account failed to log on. Reason: Account expired"}
{"timestamp":"2026-09-04T18:37:46Z","host":"WIN-CLIENT-05","source":"WinEventLog:Security","sourcetype":"WinEventLog:Security","index":"windows","EventCode":4625,"event_id":4625,"log_name":"Security","computer":"WIN-CLIENT-05.corp.local","provider_name":"Microsoft-Windows-Security-Auditing","level":"Information","record_id":100996,"scenario":"Normal Failed Logon (user error)","attack_phase":"None","mitre_technique":"None","severity":"low","is_suspicious":false,"subject_user":"SYSTEM","subject_domain":"NT AUTHORITY","target_user":"rpatel","target_domain":"CORP","src_ip":"10.10.10.238","src_port":61382,"dest_host":"WIN-CLIENT-05","logon_type":3,"authentication_package":"NTLM","status":"0xC000006D","sub_status":"0xC000006A","process_name":"C:\\Windows\\System32\\winlogon.exe","process_id":"0x2a4","message":"An account failed to log on. Reason: Incorrect password"}
{"timestamp":"2026-09-04T18:47:37Z","host":"WIN-CLIENT-01","source":"WinEventLog:Security","sourcetype":"WinEventLog:Security","index":"windows","EventCode":4625,"event_id":4625,"log_name":"Security","computer":"WIN-CLIENT-01.corp.local","provider_name":"Microsoft-Windows-Security-Auditing","level":"Information","record_id":100997,"scenario":"Normal Failed Logon (user error)","attack_phase":"None","mitre_technique":"None","severity":"low","is_suspicious":false,"subject_user":"SYSTEM","subject_domain":"NT AUTHORITY","target_user":"mchen","target_domain":"CORP","src_ip":"10.10.10.26","src_port":56464,"dest_host":"WIN-CLIENT-01","logon_type":3,"authentication_package":"NTLM","status":"0xC000006D","sub_status":"0xC0000193","process_name":"C:\\Windows\\System32\\winlogon.exe","process_id":"0x2a4","message":"An account failed to log on. Reason: Account expired"}
{"timestamp":"2026-09-04T18:59:27Z","host":"WIN-CLIENT-04","source":"WinEventLog:Security","sourcetype":"WinEventLog:Security","index":"windows","EventCode":4625,"event_id":4625,"log_name":"Security","computer":"WIN-CLIENT-04.corp.local","provider_name":"Microsoft-Windows-Security-Auditing","level":"Information","record_id":100998,"scenario":"Normal Failed Logon (user error)","attack_phase":"None","mitre_technique":"None","severity":"low","is_suspicious":false,"subject_user":"SYSTEM","subject_domain":"NT AUTHORITY","target_user":"dohara","target_domain":"CORP","src_ip":"10.10.10.244","src_port":52666,"dest_host":"WIN-CLIENT-04","logon_type":2,"authentication_package":"NTLM","status":"0xC000006D","sub_status":"0xC0000064","process_name":"C:\\Windows\\System32\\winlogon.exe","process_id":"0x2a4","message":"An account failed to log on. Reason: Invalid username"}
{"timestamp":"2026-09-04T19:14:18Z","host":"WIN-CLIENT-03","source":"WinEventLog:Security","sourcetype":"WinEventLog:Security","index":"windows","EventCode":4625,"event_id":4625,"log_name":"Security","computer":"WIN-CLIENT-03.corp.local","provider_name":"Microsoft-Windows-Security-Auditing","level":"Information","record_id":100999,"scenario":"Normal Failed Logon (user error)","attack_phase":"None","mitre_technique":"None","severity":"low","is_suspicious":false,"subject_user":"SYSTEM","subject_domain":"NT AUTHORITY","target_user":"cwalker","target_domain":"CORP","src_ip":"10.10.10.102","src_port":52004,"dest_host":"WIN-CLIENT-03","logon_type":3,"authentication_package":"NTLM","status":"0xC000006D","sub_status":"0xC0000072","process_name":"C:\\Windows\\System32\\winlogon.exe","process_id":"0x2a4","message":"An account failed to log on. Reason: Account disabled"}
{"timestamp":"2026-09-04T19:27:55Z","host":"WIN-CLIENT-04","source":"WinEventLog:Security","sourcetype":"WinEventLog:Security","index":"windows","EventCode":4625,"event_id":4625,"log_name":"Security","computer":"WIN-CLIENT-04.corp.local","provider_name":"Microsoft-Windows-Security-Auditing","level":"Information","record_id":101000,"scenario":"Normal Failed Logon (user error)","attack_phase":"None","mitre_technique":"None","severity":"low","is_suspicious":false,"subject_user":"SYSTEM","subject_domain":"NT AUTHORITY","target_user":"kwright","target_domain":"CORP","src_ip":"10.10.10.9","src_port":50070,"dest_host":"WIN-CLIENT-04","logon_type":3,"authentication_package":"NTLM","status":"0xC000006D","sub_status":"0xC0000193","process_name":"C:\\Windows\\System32\\winlogon.exe","process_id":"0x2a4","message":"An account failed to log on. Reason: Account expired"}
{"timestamp":"2026-09-04T19:30:00Z","host":"WIN-CLIENT-04","source":"WinEventLog:Security","sourcetype":"WinEventLog:Security","index":"windows","EventCode":4625,"event_id":4625,"log_name":"Security","computer":"WIN-CLIENT-04.corp.local","provider_name":"Microsoft-Windows-Security-Auditing","level":"Information","record_id":101001,"scenario":"Normal Failed Logon (user error)","attack_phase":"None","mitre_technique":"None","severity":"low","is_suspicious":false,"subject_user":"SYSTEM","subject_domain":"NT AUTHORITY","target_user":"kwright","target_domain":"CORP","src_ip":"10.10.10.218","src_port":51798,"dest_host":"WIN-CLIENT-04","logon_type":3,"authentication_package":"NTLM","status":"0xC000006D","sub_status":"0xC0000193","process_name":"C:\\Windows\\System32\\winlogon.exe","process_id":"0x2a4","message":"An account failed to log on. Reason: Account expired"}
{"timestamp":"2026-09-04T19:43:16Z","host":"WIN-CLIENT-05","source":"WinEventLog:Security","sourcetype":"WinEventLog:Security","index":"windows","EventCode":4625,"event_id":4625,"log_name":"Security","computer":"WIN-CLIENT-05.corp.local","provider_name":"Microsoft-Windows-Security-Auditing","level":"Information","record_id":101002,"scenario":"Normal Failed Logon (user error)","attack_phase":"None","mitre_technique":"None","severity":"low","is_suspicious":false,"subject_user":"SYSTEM","subject_domain":"NT AUTHORITY","target_user":"kwright","target_domain":"CORP","src_ip":"10.10.10.132","src_port":50686,"dest_host":"WIN-CLIENT-05","logon_type":3,"authentication_package":"NTLM","status":"0xC000006D","sub_status":"0xC0000064","process_name":"C:\\Windows\\System32\\winlogon.exe","process_id":"0x2a4","message":"An account failed to log on. Reason: Invalid username"}
{"timestamp":"2026-09-04T19:57:23Z","host":"WIN-CLIENT-03","source":"WinEventLog:Security","sourcetype":"WinEventLog:Security","index":"windows","EventCode":4625,"event_id":4625,"log_name":"Security","computer":"WIN-CLIENT-03.corp.local","provider_name":"Microsoft-Windows-Security-Auditing","level":"Information","record_id":101003,"scenario":"Normal Failed Logon (user error)","attack_phase":"None","mitre_technique":"None","severity":"low","is_suspicious":false,"subject_user":"SYSTEM","subject_domain":"NT AUTHORITY","target_user":"agarcia","target_domain":"CORP","src_ip":"10.10.10.204","src_port":53949,"dest_host":"WIN-CLIENT-03","logon_type":3,"authentication_package":"NTLM","status":"0xC000006D","sub_status":"0xC000006A","process_name":"C:\\Windows\\System32\\winlogon.exe","process_id":"0x2a4","message":"An account failed to log on. Reason: Incorrect password"}
{"timestamp":"2026-09-04T20:04:23Z","host":"WIN-CLIENT-04","source":"WinEventLog:Security","sourcetype":"WinEventLog:Security","index":"windows","EventCode":4625,"event_id":4625,"log_name":"Security","computer":"WIN-CLIENT-04.corp.local","provider_name":"Microsoft-Windows-Security-Auditing","level":"Information","record_id":101004,"scenario":"Normal Failed Logon (user error)","attack_phase":"None","mitre_technique":"None","severity":"low","is_suspicious":false,"subject_user":"SYSTEM","subject_domain":"NT AUTHORITY","target_user":"cwalker","target_domain":"CORP","src_ip":"10.10.10.160","src_port":52992,"dest_host":"WIN-CLIENT-04","logon_type":2,"authentication_package":"NTLM","status":"0xC000006D","sub_status":"0xC0000064","process_name":"C:\\Windows\\System32\\winlogon.exe","process_id":"0x2a4","message":"An account failed to log on. Reason: Invalid username"}
