{"timestamp":"2026-09-02T12:45:15Z","host":"WIN-CLIENT-02","source":"WinEventLog:Security","sourcetype":"WinEventLog:Security","index":"windows","EventCode":4624,"event_id":4624,"log_name":"Security","computer":"WIN-CLIENT-02.corp.local","provider_name":"Microsoft-Windows-Security-Auditing","level":"Information","record_id":100417,"scenario":"Normal Authentication","attack_phase":"None","mitre_technique":"None","severity":"low","is_suspicious":false,"subject_user":"SYSTEM","subject_domain":"NT AUTHORITY","target_user":"jsmith","target_domain":"CORP","src_ip":"10.10.20.71","src_port":49762,"dest_host":"WIN-CLIENT-02","logon_type":3,"authentication_package":"Kerberos","workstation_name":"WIN-CLIENT-02","logon_id":"0xFC95B","logon_process":"NtLmSsp","ip_address":"10.10.20.71","message":"An account was successfully logged on."}
{"timestamp":"2026-09-02T12:46:41Z","host":"WIN-CLIENT-03","source":"WinEventLog:Security","sourcetype":"WinEventLog:Security","index":"windows","EventCode":4624,"event_id":4624,"log_name":"Security","computer":"WIN-CLIENT-03.corp.local","provider_name":"Microsoft-Windows-Security-Auditing","level":"Information","record_id":100418,"scenario":"Normal Authentication","attack_phase":"None","mitre_technique":"None","severity":"low","is_suspicious":false,"subject_user":"SYSTEM","subject_domain":"NT AUTHORITY","target_user":"svc_backup","target_domain":"CORP","src_ip":"10.10.10.47","src_port":64216,"dest_host":"WIN-CLIENT-03","logon_type":7,"authentication_package":"Kerberos","workstation_name":"WIN-CLIENT-03","logon_id":"0xE9B59","logon_process":"User32","ip_address":"10.10.10.47","message":"An account was successfully logged on."}
{"timestamp":"2026-09-02T12:52:13Z","host":"WIN-CLIENT-02","source":"WinEventLog:Security","sourcetype":"WinEventLog:Security","index":"windows","EventCode":4624,"event_id":4624,"log_name":"Security","computer":"WIN-CLIENT-02.corp.local","provider_name":"Microsoft-Windows-Security-Auditing","level":"Information","record_id":100419,"scenario":"Normal Authentication","attack_phase":"None","mitre_technique":"None","severity":"low","is_suspicious":false,"subject_user":"SYSTEM","subject_domain":"NT AUTHORITY","target_user":"jsmith","target_domain":"CORP","src_ip":"10.10.10.194","src_port":62446,"dest_host":"WIN-CLIENT-02","logon_type":7,"authentication_package":"Kerberos","workstation_name":"WIN-CLIENT-02","logon_id":"0xC6744","logon_process":"User32","ip_address":"10.10.10.194","message":"An account was successfully logged on."}
{"timestamp":"2026-09-02T12:59:10Z","host":"WIN-CLIENT-03","source":"WinEventLog:Security","sourcetype":"WinEventLog:Security","index":"windows","EventCode":4624,"event_id":4624,"log_name":"Security","computer":"WIN-CLIENT-03.corp.local","provider_name":"Microsoft-Windows-Security-Auditing","level":"Information","record_id":100420,"scenario":"Normal Authentication","attack_phase":"None","mitre_technique":"None","severity":"low","is_suspicious":false,"subject_user":"SYSTEM","subject_domain":"NT AUTHORITY","target_user":"agarcia","target_domain":"CORP","src_ip":"10.10.10.147","src_port":62674,"dest_host":"WIN-CLIENT-03","logon_type":3,"authentication_package":"Kerberos","workstation_name":"WIN-CLIENT-03","logon_id":"0xE9750","logon_process":"NtLmSsp","ip_address":"10.10.10.147","message":"An account was successfully logged on."}
{"timestamp":"2026-09-02T13:05:58Z","host":"WIN-CLIENT-05","source":"WinEventLog:Security","sourcetype":"WinEventLog:Security","index":"windows","EventCode":4624,"event_id":4624,"log_name":"Security","computer":"WIN-CLIENT-05.corp.local","provider_name":"Microsoft-Windows-Security-Auditing","level":"Information","record_id":100421,"scenario":"Normal Authentication","attack_phase":"None","mitre_technique":"None","severity":"low","is_suspicious":false,"subject_user":"SYSTEM","subject_domain":"NT AUTHORITY","target_user":"svc_backup","target_domain":"CORP","src_ip":"10.10.20.195","src_port":61119,"dest_host":"WIN-CLIENT-05","logon_type":4,"authentication_package":"Kerberos","workstation_name":"WIN-CLIENT-05","logon_id":"0x33D3C","logon_process":"Advapi","ip_address":"10.10.20.195","message":"An account was successfully logged on."}
{"timestamp":"2026-09-02T13:07:28Z","host":"WIN-SRV-01","source":"WinEventLog:Security","sourcetype":"WinEventLog:Security","index":"windows","EventCode":4624,"event_id":4624,"log_name":"Security","computer":"WIN-SRV-01.corp.local","provider_name":"Microsoft-Windows-Security-Auditing","level":"Information","record_id":100422,"scenario":"Normal Authentication","attack_phase":"None","mitre_technique":"None","severity":"low","is_suspicious":false,"subject_user":"SYSTEM","subject_domain":"NT AUTHORITY","target_user":"sbrooks","target_domain":"CORP","src_ip":"10.10.10.27","src_port":56161,"dest_host":"WIN-SRV-01","logon_type":4,"authentication_package":"Kerberos","workstation_name":"WIN-SRV-01","logon_id":"0x4B6DC","logon_process":"Advapi","ip_address":"10.10.10.27","message":"An account was successfully logged on."}
{"timestamp":"2026-09-02T13:08:55Z","host":"WIN-CLIENT-05","source":"WinEventLog:Security","sourcetype":"WinEventLog:Security","index":"windows","EventCode":4624,"event_id":4624,"log_name":"Security","computer":"WIN-CLIENT-05.corp.local","provider_name":"Microsoft-Windows-Security-Auditing","level":"Information","record_id":100423,"scenario":"Normal Authentication","attack_phase":"None","mitre_technique":"None","severity":"low","is_suspicious":false,"subject_user":"SYSTEM","subject_domain":"NT AUTHORITY","target_user":"kwright","target_domain":"CORP","src_ip":"10.10.20.250","src_port":61673,"dest_host":"WIN-CLIENT-05","logon_type":11,"authentication_package":"Kerberos","workstation_name":"WIN-CLIENT-05","logon_id":"0x638D6","logon_process":"User32","ip_address":"10.10.20.250","message":"An account was successfully logged on."}
{"timestamp":"2026-09-02T13:09:35Z","host":"WIN-CLIENT-03","source":"WinEventLog:Security","sourcetype":"WinEventLog:Security","index":"windows","EventCode":4624,"event_id":4624,"log_name":"Security","computer":"WIN-CLIENT-03.corp.local","provider_name":"Microsoft-Windows-Security-Auditing","level":"Information","record_id":100424,"scenario":"Normal Authentication","attack_phase":"None","mitre_technique":"None","severity":"low","is_suspicious":false,"subject_user":"SYSTEM","subject_domain":"NT AUTHORITY","target_user":"svc_backup","target_domain":"CORP","src_ip":"10.10.20.127","src_port":52737,"dest_host":"WIN-CLIENT-03","logon_type":11,"authentication_package":"Kerberos","workstation_name":"WIN-CLIENT-03","logon_id":"0x6B167","logon_process":"User32","ip_address":"10.10.20.127","message":"An account was successfully logged on."}
{"timestamp":"2026-09-02T13:19:11Z","host":"WIN-CLIENT-04","source":"WinEventLog:Security","sourcetype":"WinEventLog:Security","index":"windows","EventCode":4624,"event_id":4624,"log_name":"Security","computer":"WIN-CLIENT-04.corp.local","provider_name":"Microsoft-Windows-Security-Auditing","level":"Information","record_id":100425,"scenario":"Normal Authentication","attack_phase":"None","mitre_technique":"None","severity":"low","is_suspicious":false,"subject_user":"SYSTEM","subject_domain":"NT AUTHORITY","target_user":"tnguyen","target_domain":"CORP","src_ip":"10.10.20.23","src_port":61651,"dest_host":"WIN-CLIENT-04","logon_type":3,"authentication_package":"Kerberos","workstation_name":"WIN-CLIENT-04","logon_id":"0xAE5D9","logon_process":"NtLmSsp","ip_address":"10.10.20.23","message":"An account was successfully logged on."}
{"timestamp":"2026-09-02T13:24:23Z","host":"WIN-CLIENT-02","source":"WinEventLog:Security","sourcetype":"WinEventLog:Security","index":"windows","EventCode":4624,"event_id":4624,"log_name":"Security","computer":"WIN-CLIENT-02.corp.local","provider_name":"Microsoft-Windows-Security-Auditing","level":"Information","record_id":100426,"scenario":"Normal Authentication","attack_phase":"None","mitre_technique":"None","severity":"low","is_suspicious":false,"subject_user":"SYSTEM","subject_domain":"NT AUTHORITY","target_user":"svc_web","target_domain":"CORP","src_ip":"10.10.10.23","src_port":53390,"dest_host":"WIN-CLIENT-02","logon_type":10,"authentication_package":"Kerberos","workstation_name":"WIN-CLIENT-02","logon_id":"0x377B0","logon_process":"Advapi","ip_address":"10.10.10.23","message":"An account was successfully logged on."}
{"timestamp":"2026-09-02T13:31:02Z","host":"WIN-SRV-02","source":"WinEventLog:Security","sourcetype":"WinEventLog:Security","index":"windows","EventCode":4624,"event_id":4624,"log_name":"Security","computer":"WIN-SRV-02.corp.local","provider_name":"Microsoft-Windows-Security-Auditing","level":"Information","record_id":100427,"scenario":"Normal Authentication","attack_phase":"None","mitre_technique":"None","severity":"low","is_suspicious":false,"subject_user":"SYSTEM","subject_domain":"NT AUTHORITY","target_user":"svc_sql","target_domain":"CORP","src_ip":"10.10.10.191","src_port":55383,"dest_host":"WIN-SRV-02","logon_type":10,"authentication_package":"Kerberos","workstation_name":"WIN-SRV-02","logon_id":"0x6111D","logon_process":"Advapi","ip_address":"10.10.10.191","message":"An account was successfully logged on."}
{"timestamp":"2026-09-02T13:37:21Z","host":"WIN-CLIENT-01","source":"WinEventLog:Security","sourcetype":"WinEventLog:Security","index":"windows","EventCode":4624,"event_id":4624,"log_name":"Security","computer":"WIN-CLIENT-01.corp.local","provider_name":"Microsoft-Windows-Security-Auditing","level":"Information","record_id":100428,"scenario":"Normal Authentication","attack_phase":"None","mitre_technique":"None","severity":"low","is_suspicious":false,"subject_user":"SYSTEM","subject_domain":"NT AUTHORITY","target_user":"agarcia","target_domain":"CORP","src_ip":"10.10.20.115","src_port":54896,"dest_host":"WIN-CLIENT-01","logon_type":2,"authentication_package":"Kerberos","workstation_name":"WIN-CLIENT-01","logon_id":"0xD2E79","logon_process":"User32","ip_address":"10.10.20.115","message":"An account was successfully logged on."}
{"timestamp":"2026-09-02T13:42:07Z","host":"WIN-CLIENT-02","source":"WinEventLog:Security","sourcetype":"WinEventLog:Security","index":"windows","EventCode":4624,"event_id":4624,"log_name":"Security","computer":"WIN-CLIENT-02.corp.local","provider_name":"Microsoft-Windows-Security-Auditing","level":"Information","record_id":100429,"scenario":"Normal Authentication","attack_phase":"None","mitre_technique":"None","severity":"low","is_suspicious":false,"subject_user":"SYSTEM","subject_domain":"NT AUTHORITY","target_user":"agarcia","target_domain":"CORP","src_ip":"10.10.10.112","src_port":56353,"dest_host":"WIN-CLIENT-02","logon_type":2,"authentication_package":"Kerberos","workstation_name":"WIN-CLIENT-02","logon_id":"0x9E969","logon_process":"User32","ip_address":"10.10.10.112","message":"An account was successfully logged on."}
{"timestamp":"2026-09-02T13:51:45Z","host":"WIN-CLIENT-04","source":"WinEventLog:Security","sourcetype":"WinEventLog:Security","index":"windows","EventCode":4624,"event_id":4624,"log_name":"Security","computer":"WIN-CLIENT-04.corp.local","provider_name":"Microsoft-Windows-Security-Auditing","level":"Information","record_id":100430,"scenario":"Normal Authentication","attack_phase":"None","mitre_technique":"None","severity":"low","is_suspicious":false,"subject_user":"SYSTEM","subject_domain":"NT AUTHORITY","target_user":"sbrooks","target_domain":"CORP","src_ip":"10.10.10.24","src_port":54798,"dest_host":"WIN-CLIENT-04","logon_type":2,"authentication_package":"Kerberos","workstation_name":"WIN-CLIENT-04","logon_id":"0x9DE15","logon_process":"User32","ip_address":"10.10.10.24","message":"An account was successfully logged on."}
{"timestamp":"2026-09-02T13:53:30Z","host":"WIN-CLIENT-05","source":"WinEventLog:Security","sourcetype":"WinEventLog:Security","index":"windows","EventCode":4624,"event_id":4624,"log_name":"Security","computer":"WIN-CLIENT-05.corp.local","provider_name":"Microsoft-Windows-Security-Auditing","level":"Information","record_id":100431,"scenario":"Normal Authentication","attack_phase":"None","mitre_technique":"None","severity":"low","is_suspicious":false,"subject_user":"SYSTEM","subject_domain":"NT AUTHORITY","target_user":"cwalker","target_domain":"CORP","src_ip":"10.10.20.223","src_port":55311,"dest_host":"WIN-CLIENT-05","logon_type":11,"authentication_package":"Kerberos","workstation_name":"WIN-CLIENT-05","logon_id":"0x1328C","logon_process":"User32","ip_address":"10.10.20.223","message":"An account was successfully logged on."}
{"timestamp":"2026-09-02T13:58:38Z","host":"WIN-CLIENT-04","source":"WinEventLog:Security","sourcetype":"WinEventLog:Security","index":"windows","EventCode":4624,"event_id":4624,"log_name":"Security","computer":"WIN-CLIENT-04.corp.local","provider_name":"Microsoft-Windows-Security-Auditing","level":"Information","record_id":100432,"scenario":"Normal Authentication","attack_phase":"None","mitre_technique":"None","severity":"low","is_suspicious":false,"subject_user":"SYSTEM","subject_domain":"NT AUTHORITY","target_user":"tnguyen","target_domain":"CORP","src_ip":"10.10.10.187","src_port":63764,"dest_host":"WIN-CLIENT-04","logon_type":11,"authentication_package":"Kerberos","workstation_name":"WIN-CLIENT-04","logon_id":"0x9F3DC","logon_process":"User32","ip_address":"10.10.10.187","message":"An account was successfully logged on."}
{"timestamp":"2026-09-02T14:02:56Z","host":"WIN-CLIENT-05","source":"WinEventLog:Security","sourcetype":"WinEventLog:Security","index":"windows","EventCode":4624,"event_id":4624,"log_name":"Security","computer":"WIN-CLIENT-05.corp.local","provider_name":"Microsoft-Windows-Security-Auditing","level":"Information","record_id":100433,"scenario":"Normal Authentication","attack_phase":"None","mitre_technique":"None","severity":"low","is_suspicious":false,"subject_user":"SYSTEM","subject_domain":"NT AUTHORITY","target_user":"cwalker","target_domain":"CORP","src_ip":"10.10.20.45","src_port":51274,"dest_host":"WIN-CLIENT-05","logon_type":3,"authentication_package":"Kerberos","workstation_name":"WIN-CLIENT-05","logon_id":"0x54D7D","logon_process":"NtLmSsp","ip_address":"10.10.20.45","message":"An account was successfully logged on."}
{"timestamp":"2026-09-02T14:08:14Z","host":"WIN-CLIENT-04","source":"WinEventLog:Security","sourcetype":"WinEventLog:Security","index":"windows","EventCode":4624,"event_id":4624,"log_name":"Security","computer":"WIN-CLIENT-04.corp.local","provider_name":"Microsoft-Windows-Security-Auditing","level":"Information","record_id":100434,"scenario":"Normal Authentication","attack_phase":"None","mitre_technique":"None","severity":"low","is_suspicious":false,"subject_user":"SYSTEM","subject_domain":"NT AUTHORITY","target_user":"lwilson","target_domain":"CORP","src_ip":"10.10.10.44","src_port":56121,"dest_host":"WIN-CLIENT-04","logon_type":3,"authentication_package":"Kerberos","workstation_name":"WIN-CLIENT-04","logon_id":"0x56A56","logon_process":"NtLmSsp","ip_address":"10.10.10.44","message":"An account was successfully logged on."}
{"timestamp":"2026-09-02T14:15:35Z","host":"WIN-CLIENT-04","source":"WinEventLog:Security","sourcetype":"WinEventLog:Security","index":"windows","EventCode":4624,"event_id":4624,"log_name":"Security","computer":"WIN-CLIENT-04.corp.local","provider_name":"Microsoft-Windows-Security-Auditing","level":"Information","record_id":100435,"scenario":"Normal Authentication","attack_phase":"None","mitre_technique":"None","severity":"low","is_suspicious":false,"subject_user":"SYSTEM","subject_domain":"NT AUTHORITY","target_user":"lwilson","target_domain":"CORP","src_ip":"10.10.10.94","src_port":53123,"dest_host":"WIN-CLIENT-04","logon_type":11,"authentication_package":"Kerberos","workstation_name":"WIN-CLIENT-04","logon_id":"0x4F208","logon_process":"User32","ip_address":"10.10.10.94","message":"An account was successfully logged on."}
{"timestamp":"2026-09-02T14:24:12Z","host":"WIN-CLIENT-05","source":"WinEventLog:Security","sourcetype":"WinEventLog:Security","index":"windows","EventCode":4624,"event_id":4624,"log_name":"Security","computer":"WIN-CLIENT-05.corp.local","provider_name":"Microsoft-Windows-Security-Auditing","level":"Information","record_id":100436,"scenario":"Normal Authentication","attack_phase":"None","mitre_technique":"None","severity":"low","is_suspicious":false,"subject_user":"SYSTEM","subject_domain":"NT AUTHORITY","target_user":"cwalker","target_domain":"CORP","src_ip":"10.10.20.29","src_port":51219,"dest_host":"WIN-CLIENT-05","logon_type":3,"authentication_package":"Kerberos","workstation_name":"WIN-CLIENT-05","logon_id":"0x5DFE1","logon_process":"NtLmSsp","ip_address":"10.10.20.29","message":"An account was successfully logged on."}
{"timestamp":"2026-09-02T14:24:28Z","host":"WIN-CLIENT-03","source":"WinEventLog:Security","sourcetype":"WinEventLog:Security","index":"windows","EventCode":4624,"event_id":4624,"log_name":"Security","computer":"WIN-CLIENT-03.corp.local","provider_name":"Microsoft-Windows-Security-Auditing","level":"Information","record_id":100437,"scenario":"Normal Authentication","attack_phase":"None","mitre_technique":"None","severity":"low","is_suspicious":false,"subject_user":"SYSTEM","subject_domain":"NT AUTHORITY","target_user":"tnguyen","target_domain":"CORP","src_ip":"10.10.20.207","src_port":63126,"dest_host":"WIN-CLIENT-03","logon_type":11,"authentication_package":"Kerberos","workstation_name":"WIN-CLIENT-03","logon_id":"0x645CD","logon_process":"User32","ip_address":"10.10.20.207","message":"An account was successfully logged on."}
{"timestamp":"2026-09-02T14:32:08Z","host":"WIN-CLIENT-04","source":"WinEventLog:Security","sourcetype":"WinEventLog:Security","index":"windows","EventCode":4624,"event_id":4624,"log_name":"Security","computer":"WIN-CLIENT-04.corp.local","provider_name":"Microsoft-Windows-Security-Auditing","level":"Information","record_id":100438,"scenario":"Normal Authentication","attack_phase":"None","mitre_technique":"None","severity":"low","is_suspicious":false,"subject_user":"SYSTEM","subject_domain":"NT AUTHORITY","target_user":"kwright","target_domain":"CORP","src_ip":"10.10.10.78","src_port":54253,"dest_host":"WIN-CLIENT-04","logon_type":11,"authentication_package":"Kerberos","workstation_name":"WIN-CLIENT-04","logon_id":"0xAA6C0","logon_process":"User32","ip_address":"10.10.10.78","message":"An account was successfully logged on."}
{"timestamp":"2026-09-02T14:35:43Z","host":"WIN-CLIENT-03","source":"WinEventLog:Security","sourcetype":"WinEventLog:Security","index":"windows","EventCode":4624,"event_id":4624,"log_name":"Security","computer":"WIN-CLIENT-03.corp.local","provider_name":"Microsoft-Windows-Security-Auditing","level":"Information","record_id":100439,"scenario":"Normal Authentication","attack_phase":"None","mitre_technique":"None","severity":"low","is_suspicious":false,"subject_user":"SYSTEM","subject_domain":"NT AUTHORITY","target_user":"dohara","target_domain":"CORP","src_ip":"10.10.20.249","src_port":54228,"dest_host":"WIN-CLIENT-03","logon_type":3,"authentication_package":"Kerberos","workstation_name":"WIN-CLIENT-03","logon_id":"0x5A9C5","logon_process":"NtLmSsp","ip_address":"10.10.20.249","message":"An account was successfully logged on."}
{"timestamp":"2026-09-02T14:44:15Z","host":"WIN-SRV-02","source":"WinEventLog:Security","sourcetype":"WinEventLog:Security","index":"windows","EventCode":4624,"event_id":4624,"log_name":"Security","computer":"WIN-SRV-02.corp.local","provider_name":"Microsoft-Windows-Security-Auditing","level":"Information","record_id":100440,"scenario":"Normal Authentication","attack_phase":"None","mitre_technique":"None","severity":"low","is_suspicious":false,"subject_user":"SYSTEM","subject_domain":"NT AUTHORITY","target_user":"cwalker","target_domain":"CORP","src_ip":"10.10.20.98","src_port":53592,"dest_host":"WIN-SRV-02","logon_type":3,"authentication_package":"Kerberos","workstation_name":"WIN-SRV-02","logon_id":"0xE105C","logon_process":"NtLmSsp","ip_address":"10.10.20.98","message":"An account was successfully logged on."}
{"timestamp":"2026-09-02T14:51:07Z","host":"WIN-CLIENT-01","source":"WinEventLog:Security","sourcetype":"WinEventLog:Security","index":"windows","EventCode":4624,"event_id":4624,"log_name":"Security","computer":"WIN-CLIENT-01.corp.local","provider_name":"Microsoft-Windows-Security-Auditing","level":"Information","record_id":100441,"scenario":"Normal Authentication","attack_phase":"None","mitre_technique":"None","severity":"low","is_suspicious":false,"subject_user":"SYSTEM","subject_domain":"NT AUTHORITY","target_user":"kwright","target_domain":"CORP","src_ip":"10.10.10.153","src_port":57939,"dest_host":"WIN-CLIENT-01","logon_type":7,"authentication_package":"Kerberos","workstation_name":"WIN-CLIENT-01","logon_id":"0x3E0FB","logon_process":"User32","ip_address":"10.10.10.153","message":"An account was successfully logged on."}
{"timestamp":"2026-09-02T15:00:40Z","host":"WIN-SRV-01","source":"WinEventLog:Security","sourcetype":"WinEventLog:Security","index":"windows","EventCode":4624,"event_id":4624,"log_name":"Security","computer":"WIN-SRV-01.corp.local","provider_name":"Microsoft-Windows-Security-Auditing","level":"Information","record_id":100442,"scenario":"Normal Authentication","attack_phase":"None","mitre_technique":"None","severity":"low","is_suspicious":false,"subject_user":"SYSTEM","subject_domain":"NT AUTHORITY","target_user":"jsmith","target_domain":"CORP","src_ip":"10.10.10.114","src_port":62069,"dest_host":"WIN-SRV-01","logon_type":5,"authentication_package":"Kerberos","workstation_name":"WIN-SRV-01","logon_id":"0x5A94A","logon_process":"Advapi","ip_address":"10.10.10.114","message":"An account was successfully logged on."}
{"timestamp":"2026-09-02T15:02:00Z","host":"WIN-SRV-02","source":"WinEventLog:Security","sourcetype":"WinEventLog:Security","index":"windows","EventCode":4624,"event_id":4624,"log_name":"Security","computer":"WIN-SRV-02.corp.local","provider_name":"Microsoft-Windows-Security-Auditing","level":"Information","record_id":100443,"scenario":"Normal Authentication","attack_phase":"None","mitre_technique":"None","severity":"low","is_suspicious":false,"subject_user":"SYSTEM","subject_domain":"NT AUTHORITY","target_user":"svc_web","target_domain":"CORP","src_ip":"10.10.20.37","src_port":59376,"dest_host":"WIN-SRV-02","logon_type":5,"authentication_package":"Kerberos","workstation_name":"WIN-SRV-02","logon_id":"0x5D867","logon_process":"Advapi","ip_address":"10.10.20.37","message":"An account was successfully logged on."}
{"timestamp":"2026-09-02T15:06:17Z","host":"WIN-SRV-01","source":"WinEventLog:Security","sourcetype":"WinEventLog:Security","index":"windows","EventCode":4624,"event_id":4624,"log_name":"Security","computer":"WIN-SRV-01.corp.local","provider_name":"Microsoft-Windows-Security-Auditing","level":"Information","record_id":100444,"scenario":"Normal Authentication","attack_phase":"None","mitre_technique":"None","severity":"low","is_suspicious":false,"subject_user":"SYSTEM","subject_domain":"NT AUTHORITY","target_user":"lwilson","target_domain":"CORP","src_ip":"10.10.20.204","src_port":55176,"dest_host":"WIN-SRV-01","logon_type":3,"authentication_package":"Kerberos","workstation_name":"WIN-SRV-01","logon_id":"0x22EF6","logon_process":"NtLmSsp","ip_address":"10.10.20.204","message":"An account was successfully logged on."}
{"timestamp":"2026-09-02T15:14:06Z","host":"WIN-CLIENT-04","source":"WinEventLog:Security","sourcetype":"WinEventLog:Security","index":"windows","EventCode":4624,"event_id":4624,"log_name":"Security","computer":"WIN-CLIENT-04.corp.local","provider_name":"Microsoft-Windows-Security-Auditing","level":"Information","record_id":100445,"scenario":"Normal Authentication","attack_phase":"None","mitre_technique":"None","severity":"low","is_suspicious":false,"subject_user":"SYSTEM","subject_domain":"NT AUTHORITY","target_user":"cwalker","target_domain":"CORP","src_ip":"10.10.20.138","src_port":57300,"dest_host":"WIN-CLIENT-04","logon_type":7,"authentication_package":"Kerberos","workstation_name":"WIN-CLIENT-04","logon_id":"0xFC6A3","logon_process":"User32","ip_address":"10.10.20.138","message":"An account was successfully logged on."}
{"timestamp":"2026-09-02T15:21:24Z","host":"WIN-CLIENT-01","source":"WinEventLog:Security","sourcetype":"WinEventLog:Security","index":"windows","EventCode":4624,"event_id":4624,"log_name":"Security","computer":"WIN-CLIENT-01.corp.local","provider_name":"Microsoft-Windows-Security-Auditing","level":"Information","record_id":100446,"scenario":"Normal Authentication","attack_phase":"None","mitre_technique":"None","severity":"low","is_suspicious":false,"subject_user":"SYSTEM","subject_domain":"NT AUTHORITY","target_user":"sbrooks","target_domain":"CORP","src_ip":"10.10.20.181","src_port":63671,"dest_host":"WIN-CLIENT-01","logon_type":11,"authentication_package":"Kerberos","workstation_name":"WIN-CLIENT-01","logon_id":"0xDFF2B","logon_process":"User32","ip_address":"10.10.20.181","message":"An account was successfully logged on."}
{"timestamp":"2026-09-02T15:30:43Z","host":"WIN-SRV-01","source":"WinEventLog:Security","sourcetype":"WinEventLog:Security","index":"windows","EventCode":4624,"event_id":4624,"log_name":"Security","computer":"WIN-SRV-01.corp.local","provider_name":"Microsoft-Windows-Security-Auditing","level":"Information","record_id":100447,"scenario":"Normal Authentication","attack_phase":"None","mitre_technique":"None","severity":"low","is_suspicious":false,"subject_user":"SYSTEM","subject_domain":"NT AUTHORITY","target_user":"cwalker","target_domain":"CORP","src_ip":"10.10.10.198","src_port":53067,"dest_host":"WIN-SRV-01","logon_type":2,"authentication_package":"Kerberos","workstation_name":"WIN-SRV-01","logon_id":"0xB8589","logon_process":"User32","ip_address":"10.10.10.198","message":"An account was successfully logged on."}
{"timestamp":"2026-09-02T15:36:56Z","host":"WIN-SRV-01","source":"WinEventLog:Security","sourcetype":"WinEventLog:Security","index":"windows","EventCode":4624,"event_id":4624,"log_name":"Security","computer":"WIN-SRV-01.corp.local","provider_name":"Microsoft-Windows-Security-Auditing","level":"Information","record_id":100448,"scenario":"Normal Authentication","attack_phase":"None","mitre_technique":"None","severity":"low","is_suspicious":false,"subject_user":"SYSTEM","subject_domain":"NT AUTHORITY","target_user":"mchen","target_domain":"CORP","src_ip":"10.10.10.146","src_port":59568,"dest_host":"WIN-SRV-01","logon_type":7,"authentication_package":"Kerberos","workstation_name":"WIN-SRV-01","logon_id":"0xBD6EC","logon_process":"User32","ip_address":"10.10.10.146","message":"An account was successfully logged on."}
{"timestamp":"2026-09-02T15:43:55Z","host":"WIN-CLIENT-03","source":"WinEventLog:Security","sourcetype":"WinEventLog:Security","index":"windows","EventCode":4624,"event_id":4624,"log_name":"Security","computer":"WIN-CLIENT-03.corp.local","provider_name":"Microsoft-Windows-Security-Auditing","level":"Information","record_id":100449,"scenario":"Normal Authentication","attack_phase":"None","mitre_technique":"None","severity":"low","is_suspicious":false,"subject_user":"SYSTEM","subject_domain":"NT AUTHORITY","target_user":"svc_web","target_domain":"CORP","src_ip":"10.10.20.29","src_port":49172,"dest_host":"WIN-CLIENT-03","logon_type":11,"authentication_package":"Kerberos","workstation_name":"WIN-CLIENT-03","logon_id":"0x293E4","logon_process":"User32","ip_address":"10.10.20.29","message":"An account was successfully logged on."}
{"timestamp":"2026-09-02T15:48:29Z","host":"WIN-CLIENT-05","source":"WinEventLog:Security","sourcetype":"WinEventLog:Security","index":"windows","EventCode":4624,"event_id":4624,"log_name":"Security","computer":"WIN-CLIENT-05.corp.local","provider_name":"Microsoft-Windows-Security-Auditing","level":"Information","record_id":100450,"scenario":"Normal Authentication","attack_phase":"None","mitre_technique":"None","severity":"low","is_suspicious":false,"subject_user":"SYSTEM","subject_domain":"NT AUTHORITY","target_user":"rpatel","target_domain":"CORP","src_ip":"10.10.10.116","src_port":55129,"dest_host":"WIN-CLIENT-05","logon_type":10,"authentication_package":"Kerberos","workstation_name":"WIN-CLIENT-05","logon_id":"0x74215","logon_process":"Advapi","ip_address":"10.10.10.116","message":"An account was successfully logged on."}
{"timestamp":"2026-09-02T15:56:33Z","host":"WIN-SRV-01","source":"WinEventLog:Security","sourcetype":"WinEventLog:Security","index":"windows","EventCode":4624,"event_id":4624,"log_name":"Security","computer":"WIN-SRV-01.corp.local","provider_name":"Microsoft-Windows-Security-Auditing","level":"Information","record_id":100451,"scenario":"Normal Authentication","attack_phase":"None","mitre_technique":"None","severity":"low","is_suspicious":false,"subject_user":"SYSTEM","subject_domain":"NT AUTHORITY","target_user":"svc_web","target_domain":"CORP","src_ip":"10.10.10.90","src_port":49402,"dest_host":"WIN-SRV-01","logon_type":7,"authentication_package":"Kerberos","workstation_name":"WIN-SRV-01","logon_id":"0x8B96E","logon_process":"User32","ip_address":"10.10.10.90","message":"An account was successfully logged on."}
{"timestamp":"2026-09-02T15:58:30Z","host":"WIN-CLIENT-04","source":"WinEventLog:Security","sourcetype":"WinEventLog:Security","index":"windows","EventCode":4624,"event_id":4624,"log_name":"Security","computer":"WIN-CLIENT-04.corp.local","provider_name":"Microsoft-Windows-Security-Auditing","level":"Information","record_id":100452,"scenario":"Normal Authentication","attack_phase":"None","mitre_technique":"None","severity":"low","is_suspicious":false,"subject_user":"SYSTEM","subject_domain":"NT AUTHORITY","target_user":"lwilson","target_domain":"CORP","src_ip":"10.10.10.214","src_port":64412,"dest_host":"WIN-CLIENT-04","logon_type":2,"authentication_package":"Kerberos","workstation_name":"WIN-CLIENT-04","logon_id":"0xCAEB2","logon_process":"User32","ip_address":"10.10.10.214","message":"An account was successfully logged on."}
{"timestamp":"2026-09-02T16:01:05Z","host":"WIN-CLIENT-03","source":"WinEventLog:Security","sourcetype":"WinEventLog:Security","index":"windows","EventCode":4624,"event_id":4624,"log_name":"Security","computer":"WIN-CLIENT-03.corp.local","provider_name":"Microsoft-Windows-Security-Auditing","level":"Information","record_id":100453,"scenario":"Normal Authentication","attack_phase":"None","mitre_technique":"None","severity":"low","is_suspicious":false,"subject_user":"SYSTEM","subject_domain":"NT AUTHORITY","target_user":"kwright","target_domain":"CORP","src_ip":"10.10.20.202","src_port":52389,"dest_host":"WIN-CLIENT-03","logon_type":4,"authentication_package":"Kerberos","workstation_name":"WIN-CLIENT-03","logon_id":"0x9567C","logon_process":"Advapi","ip_address":"10.10.20.202","message":"An account was successfully logged on."}
{"timestamp":"2026-09-02T16:09:29Z","host":"WIN-CLIENT-04","source":"WinEventLog:Security","sourcetype":"WinEventLog:Security","index":"windows","EventCode":4624,"event_id":4624,"log_name":"Security","computer":"WIN-CLIENT-04.corp.local","provider_name":"Microsoft-Windows-Security-Auditing","level":"Information","record_id":100454,"scenario":"Normal Authentication","attack_phase":"None","mitre_technique":"None","severity":"low","is_suspicious":false,"subject_user":"SYSTEM","subject_domain":"NT AUTHORITY","target_user":"kwright","target_domain":"CORP","src_ip":"10.10.20.186","src_port":60415,"dest_host":"WIN-CLIENT-04","logon_type":2,"authentication_package":"Kerberos","workstation_name":"WIN-CLIENT-04","logon_id":"0x83D39","logon_process":"User32","ip_address":"10.10.20.186","message":"An account was successfully logged on."}
{"timestamp":"2026-09-02T16:15:05Z","host":"WIN-CLIENT-03","source":"WinEventLog:Security","sourcetype":"WinEventLog:Security","index":"windows","EventCode":4624,"event_id":4624,"log_name":"Security","computer":"WIN-CLIENT-03.corp.local","provider_name":"Microsoft-Windows-Security-Auditing","level":"Information","record_id":100455,"scenario":"Normal Authentication","attack_phase":"None","mitre_technique":"None","severity":"low","is_suspicious":false,"subject_user":"SYSTEM","subject_domain":"NT AUTHORITY","target_user":"agarcia","target_domain":"CORP","src_ip":"10.10.10.7","src_port":62912,"dest_host":"WIN-CLIENT-03","logon_type":2,"authentication_package":"Kerberos","workstation_name":"WIN-CLIENT-03","logon_id":"0x67D3F","logon_process":"User32","ip_address":"10.10.10.7","message":"An account was successfully logged on."}
{"timestamp":"2026-09-02T16:17:06Z","host":"WIN-SRV-02","source":"WinEventLog:Security","sourcetype":"WinEventLog:Security","index":"windows","EventCode":4624,"event_id":4624,"log_name":"Security","computer":"WIN-SRV-02.corp.local","provider_name":"Microsoft-Windows-Security-Auditing","level":"Information","record_id":100456,"scenario":"Normal Authentication","attack_phase":"None","mitre_technique":"None","severity":"low","is_suspicious":false,"subject_user":"SYSTEM","subject_domain":"NT AUTHORITY","target_user":"svc_backup","target_domain":"CORP","src_ip":"10.10.10.134","src_port":51858,"dest_host":"WIN-SRV-02","logon_type":3,"authentication_package":"Kerberos","workstation_name":"WIN-SRV-02","logon_id":"0x9D49F","logon_process":"NtLmSsp","ip_address":"10.10.10.134","message":"An account was successfully logged on."}
{"timestamp":"2026-09-02T16:19:59Z","host":"WIN-CLIENT-05","source":"WinEventLog:Security","sourcetype":"WinEventLog:Security","index":"windows","EventCode":4624,"event_id":4624,"log_name":"Security","computer":"WIN-CLIENT-05.corp.local","provider_name":"Microsoft-Windows-Security-Auditing","level":"Information","record_id":100457,"scenario":"Normal Authentication","attack_phase":"None","mitre_technique":"None","severity":"low","is_suspicious":false,"subject_user":"SYSTEM","subject_domain":"NT AUTHORITY","target_user":"kwright","target_domain":"CORP","src_ip":"10.10.20.61","src_port":62070,"dest_host":"WIN-CLIENT-05","logon_type":5,"authentication_package":"Kerberos","workstation_name":"WIN-CLIENT-05","logon_id":"0x77B13","logon_process":"Advapi","ip_address":"10.10.20.61","message":"An account was successfully logged on."}
{"timestamp":"2026-09-02T16:23:17Z","host":"WIN-SRV-01","source":"WinEventLog:Security","sourcetype":"WinEventLog:Security","index":"windows","EventCode":4624,"event_id":4624,"log_name":"Security","computer":"WIN-SRV-01.corp.local","provider_name":"Microsoft-Windows-Security-Auditing","level":"Information","record_id":100458,"scenario":"Normal Authentication","attack_phase":"None","mitre_technique":"None","severity":"low","is_suspicious":false,"subject_user":"SYSTEM","subject_domain":"NT AUTHORITY","target_user":"mchen","target_domain":"CORP","src_ip":"10.10.20.103","src_port":49478,"dest_host":"WIN-SRV-01","logon_type":10,"authentication_package":"Kerberos","workstation_name":"WIN-SRV-01","logon_id":"0xCCC57","logon_process":"Advapi","ip_address":"10.10.20.103","message":"An account was successfully logged on."}
{"timestamp":"2026-09-02T16:26:49Z","host":"WIN-CLIENT-05","source":"WinEventLog:Security","sourcetype":"WinEventLog:Security","index":"windows","EventCode":4624,"event_id":4624,"log_name":"Security","computer":"WIN-CLIENT-05.corp.local","provider_name":"Microsoft-Windows-Security-Auditing","level":"Information","record_id":100459,"scenario":"Normal Authentication","attack_phase":"None","mitre_technique":"None","severity":"low","is_suspicious":false,"subject_user":"SYSTEM","subject_domain":"NT AUTHORITY","target_user":"dohara","target_domain":"CORP","src_ip":"10.10.20.3","src_port":60546,"dest_host":"WIN-CLIENT-05","logon_type":5,"authentication_package":"Kerberos","workstation_name":"WIN-CLIENT-05","logon_id":"0x46FCE","logon_process":"Advapi","ip_address":"10.10.20.3","message":"An account was successfully logged on."}
{"timestamp":"2026-09-02T16:30:29Z","host":"WIN-SRV-02","source":"WinEventLog:Security","sourcetype":"WinEventLog:Security","index":"windows","EventCode":4624,"event_id":4624,"log_name":"Security","computer":"WIN-SRV-02.corp.local","provider_name":"Microsoft-Windows-Security-Auditing","level":"Information","record_id":100460,"scenario":"Normal Authentication","attack_phase":"None","mitre_technique":"None","severity":"low","is_suspicious":false,"subject_user":"SYSTEM","subject_domain":"NT AUTHORITY","target_user":"lwilson","target_domain":"CORP","src_ip":"10.10.10.149","src_port":50667,"dest_host":"WIN-SRV-02","logon_type":10,"authentication_package":"Kerberos","workstation_name":"WIN-SRV-02","logon_id":"0xDCAC2","logon_process":"Advapi","ip_address":"10.10.10.149","message":"An account was successfully logged on."}
{"timestamp":"2026-09-02T16:39:48Z","host":"WIN-CLIENT-03","source":"WinEventLog:Security","sourcetype":"WinEventLog:Security","index":"windows","EventCode":4624,"event_id":4624,"log_name":"Security","computer":"WIN-CLIENT-03.corp.local","provider_name":"Microsoft-Windows-Security-Auditing","level":"Information","record_id":100461,"scenario":"Normal Authentication","attack_phase":"None","mitre_technique":"None","severity":"low","is_suspicious":false,"subject_user":"SYSTEM","subject_domain":"NT AUTHORITY","target_user":"mchen","target_domain":"CORP","src_ip":"10.10.10.119","src_port":50867,"dest_host":"WIN-CLIENT-03","logon_type":4,"authentication_package":"Kerberos","workstation_name":"WIN-CLIENT-03","logon_id":"0x53299","logon_process":"Advapi","ip_address":"10.10.10.119","message":"An account was successfully logged on."}
{"timestamp":"2026-09-02T16:48:19Z","host":"WIN-SRV-01","source":"WinEventLog:Security","sourcetype":"WinEventLog:Security","index":"windows","EventCode":4624,"event_id":4624,"log_name":"Security","computer":"WIN-SRV-01.corp.local","provider_name":"Microsoft-Windows-Security-Auditing","level":"Information","record_id":100462,"scenario":"Normal Authentication","attack_phase":"None","mitre_technique":"None","severity":"low","is_suspicious":false,"subject_user":"SYSTEM","subject_domain":"NT AUTHORITY","target_user":"sbrooks","target_domain":"CORP","src_ip":"10.10.20.158","src_port":55431,"dest_host":"WIN-SRV-01","logon_type":4,"authentication_package":"Kerberos","workstation_name":"WIN-SRV-01","logon_id":"0xA645F","logon_process":"Advapi","ip_address":"10.10.20.158","message":"An account was successfully logged on."}
{"timestamp":"2026-09-02T16:50:25Z","host":"WIN-CLIENT-03","source":"WinEventLog:Security","sourcetype":"WinEventLog:Security","index":"windows","EventCode":4624,"event_id":4624,"log_name":"Security","computer":"WIN-CLIENT-03.corp.local","provider_name":"Microsoft-Windows-Security-Auditing","level":"Information","record_id":100463,"scenario":"Normal Authentication","attack_phase":"None","mitre_technique":"None","severity":"low","is_suspicious":false,"subject_user":"SYSTEM","subject_domain":"NT AUTHORITY","target_user":"kwright","target_domain":"CORP","src_ip":"10.10.20.160","src_port":51826,"dest_host":"WIN-CLIENT-03","logon_type":11,"authentication_package":"Kerberos","workstation_name":"WIN-CLIENT-03","logon_id":"0xE0512","logon_process":"User32","ip_address":"10.10.20.160","message":"An account was successfully logged on."}
{"timestamp":"2026-09-02T16:55:39Z","host":"WIN-CLIENT-05","source":"WinEventLog:Security","sourcetype":"WinEventLog:Security","index":"windows","EventCode":4624,"event_id":4624,"log_name":"Security","computer":"WIN-CLIENT-05.corp.local","provider_name":"Microsoft-Windows-Security-Auditing","level":"Information","record_id":100464,"scenario":"Normal Authentication","attack_phase":"None","mitre_technique":"None","severity":"low","is_suspicious":false,"subject_user":"SYSTEM","subject_domain":"NT AUTHORITY","target_user":"cwalker","target_domain":"CORP","src_ip":"10.10.10.82","src_port":50931,"dest_host":"WIN-CLIENT-05","logon_type":2,"authentication_package":"Kerberos","workstation_name":"WIN-CLIENT-05","logon_id":"0x4D131","logon_process":"User32","ip_address":"10.10.10.82","message":"An account was successfully logged on."}
{"timestamp":"2026-09-02T17:01:01Z","host":"WIN-CLIENT-02","source":"WinEventLog:Security","sourcetype":"WinEventLog:Security","index":"windows","EventCode":4624,"event_id":4624,"log_name":"Security","computer":"WIN-CLIENT-02.corp.local","provider_name":"Microsoft-Windows-Security-Auditing","level":"Information","record_id":100465,"scenario":"Normal Authentication","attack_phase":"None","mitre_technique":"None","severity":"low","is_suspicious":false,"subject_user":"SYSTEM","subject_domain":"NT AUTHORITY","target_user":"agarcia","target_domain":"CORP","src_ip":"10.10.10.132","src_port":55364,"dest_host":"WIN-CLIENT-02","logon_type":4,"authentication_package":"Kerberos","workstation_name":"WIN-CLIENT-02","logon_id":"0x7B11B","logon_process":"Advapi","ip_address":"10.10.10.132","message":"An account was successfully logged on."}
{"timestamp":"2026-09-02T17:03:32Z","host":"WIN-CLIENT-04","source":"WinEventLog:Security","sourcetype":"WinEventLog:Security","index":"windows","EventCode":4624,"event_id":4624,"log_name":"Security","computer":"WIN-CLIENT-04.corp.local","provider_name":"Microsoft-Windows-Security-Auditing","level":"Information","record_id":100466,"scenario":"Normal Authentication","attack_phase":"None","mitre_technique":"None","severity":"low","is_suspicious":false,"subject_user":"SYSTEM","subject_domain":"NT AUTHORITY","target_user":"cwalker","target_domain":"CORP","src_ip":"10.10.10.126","src_port":59412,"dest_host":"WIN-CLIENT-04","logon_type":5,"authentication_package":"Kerberos","workstation_name":"WIN-CLIENT-04","logon_id":"0x9991B","logon_process":"Advapi","ip_address":"10.10.10.126","message":"An account was successfully logged on."}
{"timestamp":"2026-09-02T17:06:39Z","host":"WIN-CLIENT-02","source":"WinEventLog:Security","sourcetype":"WinEventLog:Security","index":"windows","EventCode":4624,"event_id":4624,"log_name":"Security","computer":"WIN-CLIENT-02.corp.local","provider_name":"Microsoft-Windows-Security-Auditing","level":"Information","record_id":100467,"scenario":"Normal Authentication","attack_phase":"None","mitre_technique":"None","severity":"low","is_suspicious":false,"subject_user":"SYSTEM","subject_domain":"NT AUTHORITY","target_user":"sbrooks","target_domain":"CORP","src_ip":"10.10.20.37","src_port":52065,"dest_host":"WIN-CLIENT-02","logon_type":5,"authentication_package":"Kerberos","workstation_name":"WIN-CLIENT-02","logon_id":"0x60885","logon_process":"Advapi","ip_address":"10.10.20.37","message":"An account was successfully logged on."}
{"timestamp":"2026-09-02T17:14:30Z","host":"WIN-CLIENT-01","source":"WinEventLog:Security","sourcetype":"WinEventLog:Security","index":"windows","EventCode":4624,"event_id":4624,"log_name":"Security","computer":"WIN-CLIENT-01.corp.local","provider_name":"Microsoft-Windows-Security-Auditing","level":"Information","record_id":100468,"scenario":"Normal Authentication","attack_phase":"None","mitre_technique":"None","severity":"low","is_suspicious":false,"subject_user":"SYSTEM","subject_domain":"NT AUTHORITY","target_user":"cwalker","target_domain":"CORP","src_ip":"10.10.20.245","src_port":49157,"dest_host":"WIN-CLIENT-01","logon_type":11,"authentication_package":"Kerberos","workstation_name":"WIN-CLIENT-01","logon_id":"0x8C0F5","logon_process":"User32","ip_address":"10.10.20.245","message":"An account was successfully logged on."}
{"timestamp":"2026-09-02T17:16:59Z","host":"WIN-SRV-02","source":"WinEventLog:Security","sourcetype":"WinEventLog:Security","index":"windows","EventCode":4624,"event_id":4624,"log_name":"Security","computer":"WIN-SRV-02.corp.local","provider_name":"Microsoft-Windows-Security-Auditing","level":"Information","record_id":100469,"scenario":"Normal Authentication","attack_phase":"None","mitre_technique":"None","severity":"low","is_suspicious":false,"subject_user":"SYSTEM","subject_domain":"NT AUTHORITY","target_user":"rpatel","target_domain":"CORP","src_ip":"10.10.20.106","src_port":60218,"dest_host":"WIN-SRV-02","logon_type":5,"authentication_package":"Kerberos","workstation_name":"WIN-SRV-02","logon_id":"0x8DE1B","logon_process":"Advapi","ip_address":"10.10.20.106","message":"An account was successfully logged on."}
{"timestamp":"2026-09-02T17:24:14Z","host":"WIN-SRV-02","source":"WinEventLog:Security","sourcetype":"WinEventLog:Security","index":"windows","EventCode":4624,"event_id":4624,"log_name":"Security","computer":"WIN-SRV-02.corp.local","provider_name":"Microsoft-Windows-Security-Auditing","level":"Information","record_id":100470,"scenario":"Normal Authentication","attack_phase":"None","mitre_technique":"None","severity":"low","is_suspicious":false,"subject_user":"SYSTEM","subject_domain":"NT AUTHORITY","target_user":"svc_sql","target_domain":"CORP","src_ip":"10.10.20.44","src_port":50354,"dest_host":"WIN-SRV-02","logon_type":5,"authentication_package":"Kerberos","workstation_name":"WIN-SRV-02","logon_id":"0xA0BDE","logon_process":"Advapi","ip_address":"10.10.20.44","message":"An account was successfully logged on."}
{"timestamp":"2026-09-02T17:24:55Z","host":"WIN-SRV-02","source":"WinEventLog:Security","sourcetype":"WinEventLog:Security","index":"windows","EventCode":4624,"event_id":4624,"log_name":"Security","computer":"WIN-SRV-02.corp.local","provider_name":"Microsoft-Windows-Security-Auditing","level":"Information","record_id":100471,"scenario":"Normal Authentication","attack_phase":"None","mitre_technique":"None","severity":"low","is_suspicious":false,"subject_user":"SYSTEM","subject_domain":"NT AUTHORITY","target_user":"svc_web","target_domain":"CORP","src_ip":"10.10.20.10","src_port":53503,"dest_host":"WIN-SRV-02","logon_type":3,"authentication_package":"Kerberos","workstation_name":"WIN-SRV-02","logon_id":"0x498F5","logon_process":"NtLmSsp","ip_address":"10.10.20.10","message":"An account was successfully logged on."}
{"timestamp":"2026-09-02T17:34:15Z","host":"WIN-CLIENT-02","source":"WinEventLog:Security","sourcetype":"WinEventLog:Security","index":"windows","EventCode":4624,"event_id":4624,"log_name":"Security","computer":"WIN-CLIENT-02.corp.local","provider_name":"Microsoft-Windows-Security-Auditing","level":"Information","record_id":100472,"scenario":"Normal Authentication","attack_phase":"None","mitre_technique":"None","severity":"low","is_suspicious":false,"subject_user":"SYSTEM","subject_domain":"NT AUTHORITY","target_user":"lwilson","target_domain":"CORP","src_ip":"10.10.20.146","src_port":61165,"dest_host":"WIN-CLIENT-02","logon_type":11,"authentication_package":"Kerberos","workstation_name":"WIN-CLIENT-02","logon_id":"0xD5C5A","logon_process":"User32","ip_address":"10.10.20.146","message":"An account was successfully logged on."}
{"timestamp":"2026-09-02T17:42:52Z","host":"WIN-CLIENT-05","source":"WinEventLog:Security","sourcetype":"WinEventLog:Security","index":"windows","EventCode":4624,"event_id":4624,"log_name":"Security","computer":"WIN-CLIENT-05.corp.local","provider_name":"Microsoft-Windows-Security-Auditing","level":"Information","record_id":100473,"scenario":"Normal Authentication","attack_phase":"None","mitre_technique":"None","severity":"low","is_suspicious":false,"subject_user":"SYSTEM","subject_domain":"NT AUTHORITY","target_user":"sbrooks","target_domain":"CORP","src_ip":"10.10.10.70","src_port":61699,"dest_host":"WIN-CLIENT-05","logon_type":2,"authentication_package":"Kerberos","workstation_name":"WIN-CLIENT-05","logon_id":"0x9B090","logon_process":"User32","ip_address":"10.10.10.70","message":"An account was successfully logged on."}
{"timestamp":"2026-09-02T17:49:17Z","host":"WIN-SRV-02","source":"WinEventLog:Security","sourcetype":"WinEventLog:Security","index":"windows","EventCode":4624,"event_id":4624,"log_name":"Security","computer":"WIN-SRV-02.corp.local","provider_name":"Microsoft-Windows-Security-Auditing","level":"Information","record_id":100474,"scenario":"Normal Authentication","attack_phase":"None","mitre_technique":"None","severity":"low","is_suspicious":false,"subject_user":"SYSTEM","subject_domain":"NT AUTHORITY","target_user":"sbrooks","target_domain":"CORP","src_ip":"10.10.10.196","src_port":60779,"dest_host":"WIN-SRV-02","logon_type":11,"authentication_package":"Kerberos","workstation_name":"WIN-SRV-02","logon_id":"0x80FD6","logon_process":"User32","ip_address":"10.10.10.196","message":"An account was successfully logged on."}
{"timestamp":"2026-09-02T17:58:46Z","host":"WIN-CLIENT-04","source":"WinEventLog:Security","sourcetype":"WinEventLog:Security","index":"windows","EventCode":4624,"event_id":4624,"log_name":"Security","computer":"WIN-CLIENT-04.corp.local","provider_name":"Microsoft-Windows-Security-Auditing","level":"Information","record_id":100475,"scenario":"Normal Authentication","attack_phase":"None","mitre_technique":"None","severity":"low","is_suspicious":false,"subject_user":"SYSTEM","subject_domain":"NT AUTHORITY","target_user":"rpatel","target_domain":"CORP","src_ip":"10.10.10.78","src_port":63332,"dest_host":"WIN-CLIENT-04","logon_type":2,"authentication_package":"Kerberos","workstation_name":"WIN-CLIENT-04","logon_id":"0x18404","logon_process":"User32","ip_address":"10.10.10.78","message":"An account was successfully logged on."}
