{"timestamp":"2026-09-07T18:32:27Z","host":"WIN-DC-01","source":"WinEventLog:Security","sourcetype":"WinEventLog:Security","index":"windows","EventCode":4768,"event_id":4768,"log_name":"Security","computer":"WIN-DC-01.corp.local","provider_name":"Microsoft-Windows-Security-Auditing","level":"Information","record_id":101579,"scenario":"Normal Kerberos TGT Request","attack_phase":"None","mitre_technique":"None","severity":"low","is_suspicious":false,"target_user":"dohara","target_domain":"CORP","src_ip":"10.10.10.97","dest_host":"WIN-DC-01","authentication_package":"Kerberos","certificate_issuer_name":"","pre_auth_type":"2","message":"A Kerberos authentication ticket (TGT) was requested."}
{"timestamp":"2026-09-07T18:33:43Z","host":"WIN-DC-01","source":"WinEventLog:Security","sourcetype":"WinEventLog:Security","index":"windows","EventCode":4768,"event_id":4768,"log_name":"Security","computer":"WIN-DC-01.corp.local","provider_name":"Microsoft-Windows-Security-Auditing","level":"Information","record_id":101580,"scenario":"Normal Kerberos TGT Request","attack_phase":"None","mitre_technique":"None","severity":"low","is_suspicious":false,"target_user":"cwalker","target_domain":"CORP","src_ip":"10.10.10.80","dest_host":"WIN-DC-01","authentication_package":"Kerberos","certificate_issuer_name":"","pre_auth_type":"2","message":"A Kerberos authentication ticket (TGT) was requested."}
{"timestamp":"2026-09-07T18:33:52Z","host":"WIN-DC-02","source":"WinEventLog:Security","sourcetype":"WinEventLog:Security","index":"windows","EventCode":4768,"event_id":4768,"log_name":"Security","computer":"WIN-DC-02.corp.local","provider_name":"Microsoft-Windows-Security-Auditing","level":"Information","record_id":101581,"scenario":"Normal Kerberos TGT Request","attack_phase":"None","mitre_technique":"None","severity":"low","is_suspicious":false,"target_user":"dohara","target_domain":"CORP","src_ip":"10.10.10.88","dest_host":"WIN-DC-02","authentication_package":"Kerberos","certificate_issuer_name":"","pre_auth_type":"2","message":"A Kerberos authentication ticket (TGT) was requested."}
{"timestamp":"2026-09-07T18:35:52Z","host":"WIN-DC-02","source":"WinEventLog:Security","sourcetype":"WinEventLog:Security","index":"windows","EventCode":4768,"event_id":4768,"log_name":"Security","computer":"WIN-DC-02.corp.local","provider_name":"Microsoft-Windows-Security-Auditing","level":"Information","record_id":101582,"scenario":"Normal Kerberos TGT Request","attack_phase":"None","mitre_technique":"None","severity":"low","is_suspicious":false,"target_user":"tnguyen","target_domain":"CORP","src_ip":"10.10.10.177","dest_host":"WIN-DC-02","authentication_package":"Kerberos","certificate_issuer_name":"","pre_auth_type":"2","message":"A Kerberos authentication ticket (TGT) was requested."}
{"timestamp":"2026-09-07T18:39:23Z","host":"WIN-DC-02","source":"WinEventLog:Security","sourcetype":"WinEventLog:Security","index":"windows","EventCode":4768,"event_id":4768,"log_name":"Security","computer":"WIN-DC-02.corp.local","provider_name":"Microsoft-Windows-Security-Auditing","level":"Information","record_id":101583,"scenario":"Normal Kerberos TGT Request","attack_phase":"None","mitre_technique":"None","severity":"low","is_suspicious":false,"target_user":"sbrooks","target_domain":"CORP","src_ip":"10.10.10.85","dest_host":"WIN-DC-02","authentication_package":"Kerberos","certificate_issuer_name":"","pre_auth_type":"2","message":"A Kerberos authentication ticket (TGT) was requested."}
{"timestamp":"2026-09-07T18:39:39Z","host":"WIN-DC-01","source":"WinEventLog:Security","sourcetype":"WinEventLog:Security","index":"windows","EventCode":4768,"event_id":4768,"log_name":"Security","computer":"WIN-DC-01.corp.local","provider_name":"Microsoft-Windows-Security-Auditing","level":"Information","record_id":101584,"scenario":"Normal Kerberos TGT Request","attack_phase":"None","mitre_technique":"None","severity":"low","is_suspicious":false,"target_user":"cwalker","target_domain":"CORP","src_ip":"10.10.10.238","dest_host":"WIN-DC-01","authentication_package":"Kerberos","certificate_issuer_name":"","pre_auth_type":"2","message":"A Kerberos authentication ticket (TGT) was requested."}
{"timestamp":"2026-09-07T18:40:55Z","host":"WIN-DC-02","source":"WinEventLog:Security","sourcetype":"WinEventLog:Security","index":"windows","EventCode":4768,"event_id":4768,"log_name":"Security","computer":"WIN-DC-02.corp.local","provider_name":"Microsoft-Windows-Security-Auditing","level":"Information","record_id":101585,"scenario":"Normal Kerberos TGT Request","attack_phase":"None","mitre_technique":"None","severity":"low","is_suspicious":false,"target_user":"mchen","target_domain":"CORP","src_ip":"10.10.10.147","dest_host":"WIN-DC-02","authentication_package":"Kerberos","certificate_issuer_name":"","pre_auth_type":"2","message":"A Kerberos authentication ticket (TGT) was requested."}
{"timestamp":"2026-09-07T18:45:53Z","host":"WIN-DC-02","source":"WinEventLog:Security","sourcetype":"WinEventLog:Security","index":"windows","EventCode":4768,"event_id":4768,"log_name":"Security","computer":"WIN-DC-02.corp.local","provider_name":"Microsoft-Windows-Security-Auditing","level":"Information","record_id":101586,"scenario":"Normal Kerberos TGT Request","attack_phase":"None","mitre_technique":"None","severity":"low","is_suspicious":false,"target_user":"tnguyen","target_domain":"CORP","src_ip":"10.10.10.54","dest_host":"WIN-DC-02","authentication_package":"Kerberos","certificate_issuer_name":"","pre_auth_type":"2","message":"A Kerberos authentication ticket (TGT) was requested."}
{"timestamp":"2026-09-07T18:49:18Z","host":"WIN-DC-02","source":"WinEventLog:Security","sourcetype":"WinEventLog:Security","index":"windows","EventCode":4768,"event_id":4768,"log_name":"Security","computer":"WIN-DC-02.corp.local","provider_name":"Microsoft-Windows-Security-Auditing","level":"Information","record_id":101587,"scenario":"Normal Kerberos TGT Request","attack_phase":"None","mitre_technique":"None","severity":"low","is_suspicious":false,"target_user":"agarcia","target_domain":"CORP","src_ip":"10.10.10.50","dest_host":"WIN-DC-02","authentication_package":"Kerberos","certificate_issuer_name":"","pre_auth_type":"2","message":"A Kerberos authentication ticket (TGT) was requested."}
{"timestamp":"2026-09-07T18:53:26Z","host":"WIN-DC-02","source":"WinEventLog:Security","sourcetype":"WinEventLog:Security","index":"windows","EventCode":4768,"event_id":4768,"log_name":"Security","computer":"WIN-DC-02.corp.local","provider_name":"Microsoft-Windows-Security-Auditing","level":"Information","record_id":101588,"scenario":"Normal Kerberos TGT Request","attack_phase":"None","mitre_technique":"None","severity":"low","is_suspicious":false,"target_user":"agarcia","target_domain":"CORP","src_ip":"10.10.10.147","dest_host":"WIN-DC-02","authentication_package":"Kerberos","certificate_issuer_name":"","pre_auth_type":"2","message":"A Kerberos authentication ticket (TGT) was requested."}
{"timestamp":"2026-09-07T18:57:22Z","host":"WIN-DC-01","source":"WinEventLog:Security","sourcetype":"WinEventLog:Security","index":"windows","EventCode":4768,"event_id":4768,"log_name":"Security","computer":"WIN-DC-01.corp.local","provider_name":"Microsoft-Windows-Security-Auditing","level":"Information","record_id":101589,"scenario":"Normal Kerberos TGT Request","attack_phase":"None","mitre_technique":"None","severity":"low","is_suspicious":false,"target_user":"lwilson","target_domain":"CORP","src_ip":"10.10.10.45","dest_host":"WIN-DC-01","authentication_package":"Kerberos","certificate_issuer_name":"","pre_auth_type":"2","message":"A Kerberos authentication ticket (TGT) was requested."}
{"timestamp":"2026-09-07T18:58:20Z","host":"WIN-DC-01","source":"WinEventLog:Security","sourcetype":"WinEventLog:Security","index":"windows","EventCode":4768,"event_id":4768,"log_name":"Security","computer":"WIN-DC-01.corp.local","provider_name":"Microsoft-Windows-Security-Auditing","level":"Information","record_id":101590,"scenario":"Normal Kerberos TGT Request","attack_phase":"None","mitre_technique":"None","severity":"low","is_suspicious":false,"target_user":"sbrooks","target_domain":"CORP","src_ip":"10.10.10.10","dest_host":"WIN-DC-01","authentication_package":"Kerberos","certificate_issuer_name":"","pre_auth_type":"2","message":"A Kerberos authentication ticket (TGT) was requested."}
{"timestamp":"2026-09-07T19:02:35Z","host":"WIN-DC-01","source":"WinEventLog:Security","sourcetype":"WinEventLog:Security","index":"windows","EventCode":4768,"event_id":4768,"log_name":"Security","computer":"WIN-DC-01.corp.local","provider_name":"Microsoft-Windows-Security-Auditing","level":"Information","record_id":101591,"scenario":"Normal Kerberos TGT Request","attack_phase":"None","mitre_technique":"None","severity":"low","is_suspicious":false,"target_user":"jsmith","target_domain":"CORP","src_ip":"10.10.10.52","dest_host":"WIN-DC-01","authentication_package":"Kerberos","certificate_issuer_name":"","pre_auth_type":"2","message":"A Kerberos authentication ticket (TGT) was requested."}
{"timestamp":"2026-09-07T19:03:15Z","host":"WIN-DC-02","source":"WinEventLog:Security","sourcetype":"WinEventLog:Security","index":"windows","EventCode":4768,"event_id":4768,"log_name":"Security","computer":"WIN-DC-02.corp.local","provider_name":"Microsoft-Windows-Security-Auditing","level":"Information","record_id":101592,"scenario":"Normal Kerberos TGT Request","attack_phase":"None","mitre_technique":"None","severity":"low","is_suspicious":false,"target_user":"tnguyen","target_domain":"CORP","src_ip":"10.10.10.54","dest_host":"WIN-DC-02","authentication_package":"Kerberos","certificate_issuer_name":"","pre_auth_type":"2","message":"A Kerberos authentication ticket (TGT) was requested."}
{"timestamp":"2026-09-07T19:05:19Z","host":"WIN-DC-01","source":"WinEventLog:Security","sourcetype":"WinEventLog:Security","index":"windows","EventCode":4768,"event_id":4768,"log_name":"Security","computer":"WIN-DC-01.corp.local","provider_name":"Microsoft-Windows-Security-Auditing","level":"Information","record_id":101593,"scenario":"Normal Kerberos TGT Request","attack_phase":"None","mitre_technique":"None","severity":"low","is_suspicious":false,"target_user":"lwilson","target_domain":"CORP","src_ip":"10.10.10.118","dest_host":"WIN-DC-01","authentication_package":"Kerberos","certificate_issuer_name":"","pre_auth_type":"2","message":"A Kerberos authentication ticket (TGT) was requested."}
{"timestamp":"2026-09-07T19:05:53Z","host":"WIN-DC-01","source":"WinEventLog:Security","sourcetype":"WinEventLog:Security","index":"windows","EventCode":4768,"event_id":4768,"log_name":"Security","computer":"WIN-DC-01.corp.local","provider_name":"Microsoft-Windows-Security-Auditing","level":"Information","record_id":101594,"scenario":"Normal Kerberos TGT Request","attack_phase":"None","mitre_technique":"None","severity":"low","is_suspicious":false,"target_user":"kwright","target_domain":"CORP","src_ip":"10.10.10.45","dest_host":"WIN-DC-01","authentication_package":"Kerberos","certificate_issuer_name":"","pre_auth_type":"2","message":"A Kerberos authentication ticket (TGT) was requested."}
{"timestamp":"2026-09-07T19:08:45Z","host":"WIN-DC-02","source":"WinEventLog:Security","sourcetype":"WinEventLog:Security","index":"windows","EventCode":4768,"event_id":4768,"log_name":"Security","computer":"WIN-DC-02.corp.local","provider_name":"Microsoft-Windows-Security-Auditing","level":"Information","record_id":101595,"scenario":"Normal Kerberos TGT Request","attack_phase":"None","mitre_technique":"None","severity":"low","is_suspicious":false,"target_user":"tnguyen","target_domain":"CORP","src_ip":"10.10.10.42","dest_host":"WIN-DC-02","authentication_package":"Kerberos","certificate_issuer_name":"","pre_auth_type":"2","message":"A Kerberos authentication ticket (TGT) was requested."}
{"timestamp":"2026-09-07T19:09:46Z","host":"WIN-DC-02","source":"WinEventLog:Security","sourcetype":"WinEventLog:Security","index":"windows","EventCode":4768,"event_id":4768,"log_name":"Security","computer":"WIN-DC-02.corp.local","provider_name":"Microsoft-Windows-Security-Auditing","level":"Information","record_id":101596,"scenario":"Normal Kerberos TGT Request","attack_phase":"None","mitre_technique":"None","severity":"low","is_suspicious":false,"target_user":"mchen","target_domain":"CORP","src_ip":"10.10.10.124","dest_host":"WIN-DC-02","authentication_package":"Kerberos","certificate_issuer_name":"","pre_auth_type":"2","message":"A Kerberos authentication ticket (TGT) was requested."}
{"timestamp":"2026-09-07T19:10:26Z","host":"WIN-DC-01","source":"WinEventLog:Security","sourcetype":"WinEventLog:Security","index":"windows","EventCode":4768,"event_id":4768,"log_name":"Security","computer":"WIN-DC-01.corp.local","provider_name":"Microsoft-Windows-Security-Auditing","level":"Information","record_id":101597,"scenario":"Normal Kerberos TGT Request","attack_phase":"None","mitre_technique":"None","severity":"low","is_suspicious":false,"target_user":"tnguyen","target_domain":"CORP","src_ip":"10.10.10.35","dest_host":"WIN-DC-01","authentication_package":"Kerberos","certificate_issuer_name":"","pre_auth_type":"2","message":"A Kerberos authentication ticket (TGT) was requested."}
{"timestamp":"2026-09-07T19:12:16Z","host":"WIN-DC-02","source":"WinEventLog:Security","sourcetype":"WinEventLog:Security","index":"windows","EventCode":4768,"event_id":4768,"log_name":"Security","computer":"WIN-DC-02.corp.local","provider_name":"Microsoft-Windows-Security-Auditing","level":"Information","record_id":101598,"scenario":"Normal Kerberos TGT Request","attack_phase":"None","mitre_technique":"None","severity":"low","is_suspicious":false,"target_user":"lwilson","target_domain":"CORP","src_ip":"10.10.10.211","dest_host":"WIN-DC-02","authentication_package":"Kerberos","certificate_issuer_name":"","pre_auth_type":"2","message":"A Kerberos authentication ticket (TGT) was requested."}
{"timestamp":"2026-09-07T19:16:24Z","host":"WIN-DC-02","source":"WinEventLog:Security","sourcetype":"WinEventLog:Security","index":"windows","EventCode":4768,"event_id":4768,"log_name":"Security","computer":"WIN-DC-02.corp.local","provider_name":"Microsoft-Windows-Security-Auditing","level":"Information","record_id":101599,"scenario":"Normal Kerberos TGT Request","attack_phase":"None","mitre_technique":"None","severity":"low","is_suspicious":false,"target_user":"mchen","target_domain":"CORP","src_ip":"10.10.10.152","dest_host":"WIN-DC-02","authentication_package":"Kerberos","certificate_issuer_name":"","pre_auth_type":"2","message":"A Kerberos authentication ticket (TGT) was requested."}
{"timestamp":"2026-09-07T19:18:12Z","host":"WIN-DC-02","source":"WinEventLog:Security","sourcetype":"WinEventLog:Security","index":"windows","EventCode":4768,"event_id":4768,"log_name":"Security","computer":"WIN-DC-02.corp.local","provider_name":"Microsoft-Windows-Security-Auditing","level":"Information","record_id":101600,"scenario":"Normal Kerberos TGT Request","attack_phase":"None","mitre_technique":"None","severity":"low","is_suspicious":false,"target_user":"sbrooks","target_domain":"CORP","src_ip":"10.10.10.72","dest_host":"WIN-DC-02","authentication_package":"Kerberos","certificate_issuer_name":"","pre_auth_type":"2","message":"A Kerberos authentication ticket (TGT) was requested."}
{"timestamp":"2026-09-07T19:20:00Z","host":"WIN-DC-01","source":"WinEventLog:Security","sourcetype":"WinEventLog:Security","index":"windows","EventCode":4768,"event_id":4768,"log_name":"Security","computer":"WIN-DC-01.corp.local","provider_name":"Microsoft-Windows-Security-Auditing","level":"Information","record_id":101601,"scenario":"Normal Kerberos TGT Request","attack_phase":"None","mitre_technique":"None","severity":"low","is_suspicious":false,"target_user":"jsmith","target_domain":"CORP","src_ip":"10.10.10.116","dest_host":"WIN-DC-01","authentication_package":"Kerberos","certificate_issuer_name":"","pre_auth_type":"2","message":"A Kerberos authentication ticket (TGT) was requested."}
{"timestamp":"2026-09-07T19:20:37Z","host":"WIN-DC-01","source":"WinEventLog:Security","sourcetype":"WinEventLog:Security","index":"windows","EventCode":4768,"event_id":4768,"log_name":"Security","computer":"WIN-DC-01.corp.local","provider_name":"Microsoft-Windows-Security-Auditing","level":"Information","record_id":101602,"scenario":"Normal Kerberos TGT Request","attack_phase":"None","mitre_technique":"None","severity":"low","is_suspicious":false,"target_user":"tnguyen","target_domain":"CORP","src_ip":"10.10.10.136","dest_host":"WIN-DC-01","authentication_package":"Kerberos","certificate_issuer_name":"","pre_auth_type":"2","message":"A Kerberos authentication ticket (TGT) was requested."}
{"timestamp":"2026-09-07T19:23:30Z","host":"WIN-DC-02","source":"WinEventLog:Security","sourcetype":"WinEventLog:Security","index":"windows","EventCode":4768,"event_id":4768,"log_name":"Security","computer":"WIN-DC-02.corp.local","provider_name":"Microsoft-Windows-Security-Auditing","level":"Information","record_id":101603,"scenario":"Normal Kerberos TGT Request","attack_phase":"None","mitre_technique":"None","severity":"low","is_suspicious":false,"target_user":"cwalker","target_domain":"CORP","src_ip":"10.10.10.119","dest_host":"WIN-DC-02","authentication_package":"Kerberos","certificate_issuer_name":"","pre_auth_type":"2","message":"A Kerberos authentication ticket (TGT) was requested."}
{"timestamp":"2026-09-07T19:27:31Z","host":"WIN-DC-01","source":"WinEventLog:Security","sourcetype":"WinEventLog:Security","index":"windows","EventCode":4768,"event_id":4768,"log_name":"Security","computer":"WIN-DC-01.corp.local","provider_name":"Microsoft-Windows-Security-Auditing","level":"Information","record_id":101604,"scenario":"Normal Kerberos TGT Request","attack_phase":"None","mitre_technique":"None","severity":"low","is_suspicious":false,"target_user":"cwalker","target_domain":"CORP","src_ip":"10.10.10.190","dest_host":"WIN-DC-01","authentication_package":"Kerberos","certificate_issuer_name":"","pre_auth_type":"2","message":"A Kerberos authentication ticket (TGT) was requested."}
{"timestamp":"2026-09-07T19:28:22Z","host":"WIN-DC-02","source":"WinEventLog:Security","sourcetype":"WinEventLog:Security","index":"windows","EventCode":4768,"event_id":4768,"log_name":"Security","computer":"WIN-DC-02.corp.local","provider_name":"Microsoft-Windows-Security-Auditing","level":"Information","record_id":101605,"scenario":"Normal Kerberos TGT Request","attack_phase":"None","mitre_technique":"None","severity":"low","is_suspicious":false,"target_user":"lwilson","target_domain":"CORP","src_ip":"10.10.10.90","dest_host":"WIN-DC-02","authentication_package":"Kerberos","certificate_issuer_name":"","pre_auth_type":"2","message":"A Kerberos authentication ticket (TGT) was requested."}
{"timestamp":"2026-09-07T19:30:59Z","host":"WIN-DC-01","source":"WinEventLog:Security","sourcetype":"WinEventLog:Security","index":"windows","EventCode":4768,"event_id":4768,"log_name":"Security","computer":"WIN-DC-01.corp.local","provider_name":"Microsoft-Windows-Security-Auditing","level":"Information","record_id":101606,"scenario":"Normal Kerberos TGT Request","attack_phase":"None","mitre_technique":"None","severity":"low","is_suspicious":false,"target_user":"tnguyen","target_domain":"CORP","src_ip":"10.10.10.108","dest_host":"WIN-DC-01","authentication_package":"Kerberos","certificate_issuer_name":"","pre_auth_type":"2","message":"A Kerberos authentication ticket (TGT) was requested."}
{"timestamp":"2026-09-07T19:33:11Z","host":"WIN-DC-02","source":"WinEventLog:Security","sourcetype":"WinEventLog:Security","index":"windows","EventCode":4768,"event_id":4768,"log_name":"Security","computer":"WIN-DC-02.corp.local","provider_name":"Microsoft-Windows-Security-Auditing","level":"Information","record_id":101607,"scenario":"Normal Kerberos TGT Request","attack_phase":"None","mitre_technique":"None","severity":"low","is_suspicious":false,"target_user":"mchen","target_domain":"CORP","src_ip":"10.10.10.119","dest_host":"WIN-DC-02","authentication_package":"Kerberos","certificate_issuer_name":"","pre_auth_type":"2","message":"A Kerberos authentication ticket (TGT) was requested."}
{"timestamp":"2026-09-07T19:36:32Z","host":"WIN-DC-01","source":"WinEventLog:Security","sourcetype":"WinEventLog:Security","index":"windows","EventCode":4768,"event_id":4768,"log_name":"Security","computer":"WIN-DC-01.corp.local","provider_name":"Microsoft-Windows-Security-Auditing","level":"Information","record_id":101608,"scenario":"Normal Kerberos TGT Request","attack_phase":"None","mitre_technique":"None","severity":"low","is_suspicious":false,"target_user":"mchen","target_domain":"CORP","src_ip":"10.10.10.102","dest_host":"WIN-DC-01","authentication_package":"Kerberos","certificate_issuer_name":"","pre_auth_type":"2","message":"A Kerberos authentication ticket (TGT) was requested."}
{"timestamp":"2026-09-07T19:36:59Z","host":"WIN-DC-01","source":"WinEventLog:Security","sourcetype":"WinEventLog:Security","index":"windows","EventCode":4768,"event_id":4768,"log_name":"Security","computer":"WIN-DC-01.corp.local","provider_name":"Microsoft-Windows-Security-Auditing","level":"Information","record_id":101609,"scenario":"Normal Kerberos TGT Request","attack_phase":"None","mitre_technique":"None","severity":"low","is_suspicious":false,"target_user":"rpatel","target_domain":"CORP","src_ip":"10.10.10.72","dest_host":"WIN-DC-01","authentication_package":"Kerberos","certificate_issuer_name":"","pre_auth_type":"2","message":"A Kerberos authentication ticket (TGT) was requested."}
{"timestamp":"2026-09-07T19:41:39Z","host":"WIN-DC-01","source":"WinEventLog:Security","sourcetype":"WinEventLog:Security","index":"windows","EventCode":4768,"event_id":4768,"log_name":"Security","computer":"WIN-DC-01.corp.local","provider_name":"Microsoft-Windows-Security-Auditing","level":"Information","record_id":101610,"scenario":"Normal Kerberos TGT Request","attack_phase":"None","mitre_technique":"None","severity":"low","is_suspicious":false,"target_user":"lwilson","target_domain":"CORP","src_ip":"10.10.10.180","dest_host":"WIN-DC-01","authentication_package":"Kerberos","certificate_issuer_name":"","pre_auth_type":"2","message":"A Kerberos authentication ticket (TGT) was requested."}
{"timestamp":"2026-09-07T19:43:35Z","host":"WIN-DC-02","source":"WinEventLog:Security","sourcetype":"WinEventLog:Security","index":"windows","EventCode":4768,"event_id":4768,"log_name":"Security","computer":"WIN-DC-02.corp.local","provider_name":"Microsoft-Windows-Security-Auditing","level":"Information","record_id":101611,"scenario":"Normal Kerberos TGT Request","attack_phase":"None","mitre_technique":"None","severity":"low","is_suspicious":false,"target_user":"dohara","target_domain":"CORP","src_ip":"10.10.10.197","dest_host":"WIN-DC-02","authentication_package":"Kerberos","certificate_issuer_name":"","pre_auth_type":"2","message":"A Kerberos authentication ticket (TGT) was requested."}
{"timestamp":"2026-09-07T19:48:23Z","host":"WIN-DC-02","source":"WinEventLog:Security","sourcetype":"WinEventLog:Security","index":"windows","EventCode":4768,"event_id":4768,"log_name":"Security","computer":"WIN-DC-02.corp.local","provider_name":"Microsoft-Windows-Security-Auditing","level":"Information","record_id":101612,"scenario":"Normal Kerberos TGT Request","attack_phase":"None","mitre_technique":"None","severity":"low","is_suspicious":false,"target_user":"agarcia","target_domain":"CORP","src_ip":"10.10.10.21","dest_host":"WIN-DC-02","authentication_package":"Kerberos","certificate_issuer_name":"","pre_auth_type":"2","message":"A Kerberos authentication ticket (TGT) was requested."}
{"timestamp":"2026-09-07T19:49:21Z","host":"WIN-DC-02","source":"WinEventLog:Security","sourcetype":"WinEventLog:Security","index":"windows","EventCode":4768,"event_id":4768,"log_name":"Security","computer":"WIN-DC-02.corp.local","provider_name":"Microsoft-Windows-Security-Auditing","level":"Information","record_id":101613,"scenario":"Normal Kerberos TGT Request","attack_phase":"None","mitre_technique":"None","severity":"low","is_suspicious":false,"target_user":"sbrooks","target_domain":"CORP","src_ip":"10.10.10.106","dest_host":"WIN-DC-02","authentication_package":"Kerberos","certificate_issuer_name":"","pre_auth_type":"2","message":"A Kerberos authentication ticket (TGT) was requested."}
{"timestamp":"2026-09-07T19:53:16Z","host":"WIN-DC-02","source":"WinEventLog:Security","sourcetype":"WinEventLog:Security","index":"windows","EventCode":4768,"event_id":4768,"log_name":"Security","computer":"WIN-DC-02.corp.local","provider_name":"Microsoft-Windows-Security-Auditing","level":"Information","record_id":101614,"scenario":"Normal Kerberos TGT Request","attack_phase":"None","mitre_technique":"None","severity":"low","is_suspicious":false,"target_user":"mchen","target_domain":"CORP","src_ip":"10.10.10.55","dest_host":"WIN-DC-02","authentication_package":"Kerberos","certificate_issuer_name":"","pre_auth_type":"2","message":"A Kerberos authentication ticket (TGT) was requested."}
{"timestamp":"2026-09-07T19:57:40Z","host":"WIN-DC-02","source":"WinEventLog:Security","sourcetype":"WinEventLog:Security","index":"windows","EventCode":4768,"event_id":4768,"log_name":"Security","computer":"WIN-DC-02.corp.local","provider_name":"Microsoft-Windows-Security-Auditing","level":"Information","record_id":101615,"scenario":"Normal Kerberos TGT Request","attack_phase":"None","mitre_technique":"None","severity":"low","is_suspicious":false,"target_user":"jsmith","target_domain":"CORP","src_ip":"10.10.10.8","dest_host":"WIN-DC-02","authentication_package":"Kerberos","certificate_issuer_name":"","pre_auth_type":"2","message":"A Kerberos authentication ticket (TGT) was requested."}
{"timestamp":"2026-09-07T19:58:22Z","host":"WIN-DC-02","source":"WinEventLog:Security","sourcetype":"WinEventLog:Security","index":"windows","EventCode":4768,"event_id":4768,"log_name":"Security","computer":"WIN-DC-02.corp.local","provider_name":"Microsoft-Windows-Security-Auditing","level":"Information","record_id":101616,"scenario":"Normal Kerberos TGT Request","attack_phase":"None","mitre_technique":"None","severity":"low","is_suspicious":false,"target_user":"dohara","target_domain":"CORP","src_ip":"10.10.10.89","dest_host":"WIN-DC-02","authentication_package":"Kerberos","certificate_issuer_name":"","pre_auth_type":"2","message":"A Kerberos authentication ticket (TGT) was requested."}
{"timestamp":"2026-09-07T20:01:51Z","host":"WIN-DC-02","source":"WinEventLog:Security","sourcetype":"WinEventLog:Security","index":"windows","EventCode":4768,"event_id":4768,"log_name":"Security","computer":"WIN-DC-02.corp.local","provider_name":"Microsoft-Windows-Security-Auditing","level":"Information","record_id":101617,"scenario":"Normal Kerberos TGT Request","attack_phase":"None","mitre_technique":"None","severity":"low","is_suspicious":false,"target_user":"rpatel","target_domain":"CORP","src_ip":"10.10.10.11","dest_host":"WIN-DC-02","authentication_package":"Kerberos","certificate_issuer_name":"","pre_auth_type":"2","message":"A Kerberos authentication ticket (TGT) was requested."}
{"timestamp":"2026-09-07T20:02:01Z","host":"WIN-DC-01","source":"WinEventLog:Security","sourcetype":"WinEventLog:Security","index":"windows","EventCode":4768,"event_id":4768,"log_name":"Security","computer":"WIN-DC-01.corp.local","provider_name":"Microsoft-Windows-Security-Auditing","level":"Information","record_id":101618,"scenario":"Normal Kerberos TGT Request","attack_phase":"None","mitre_technique":"None","severity":"low","is_suspicious":false,"target_user":"lwilson","target_domain":"CORP","src_ip":"10.10.10.183","dest_host":"WIN-DC-01","authentication_package":"Kerberos","certificate_issuer_name":"","pre_auth_type":"2","message":"A Kerberos authentication ticket (TGT) was requested."}
{"timestamp":"2026-09-07T20:03:15Z","host":"WIN-DC-02","source":"WinEventLog:Security","sourcetype":"WinEventLog:Security","index":"windows","EventCode":4768,"event_id":4768,"log_name":"Security","computer":"WIN-DC-02.corp.local","provider_name":"Microsoft-Windows-Security-Auditing","level":"Information","record_id":101619,"scenario":"Normal Kerberos TGT Request","attack_phase":"None","mitre_technique":"None","severity":"low","is_suspicious":false,"target_user":"kwright","target_domain":"CORP","src_ip":"10.10.10.126","dest_host":"WIN-DC-02","authentication_package":"Kerberos","certificate_issuer_name":"","pre_auth_type":"2","message":"A Kerberos authentication ticket (TGT) was requested."}
{"timestamp":"2026-09-07T20:07:16Z","host":"WIN-DC-01","source":"WinEventLog:Security","sourcetype":"WinEventLog:Security","index":"windows","EventCode":4768,"event_id":4768,"log_name":"Security","computer":"WIN-DC-01.corp.local","provider_name":"Microsoft-Windows-Security-Auditing","level":"Information","record_id":101620,"scenario":"Normal Kerberos TGT Request","attack_phase":"None","mitre_technique":"None","severity":"low","is_suspicious":false,"target_user":"agarcia","target_domain":"CORP","src_ip":"10.10.10.142","dest_host":"WIN-DC-01","authentication_package":"Kerberos","certificate_issuer_name":"","pre_auth_type":"2","message":"A Kerberos authentication ticket (TGT) was requested."}
{"timestamp":"2026-09-07T20:09:25Z","host":"WIN-DC-01","source":"WinEventLog:Security","sourcetype":"WinEventLog:Security","index":"windows","EventCode":4768,"event_id":4768,"log_name":"Security","computer":"WIN-DC-01.corp.local","provider_name":"Microsoft-Windows-Security-Auditing","level":"Information","record_id":101621,"scenario":"Normal Kerberos TGT Request","attack_phase":"None","mitre_technique":"None","severity":"low","is_suspicious":false,"target_user":"dohara","target_domain":"CORP","src_ip":"10.10.10.122","dest_host":"WIN-DC-01","authentication_package":"Kerberos","certificate_issuer_name":"","pre_auth_type":"2","message":"A Kerberos authentication ticket (TGT) was requested."}
{"timestamp":"2026-09-07T20:11:52Z","host":"WIN-DC-01","source":"WinEventLog:Security","sourcetype":"WinEventLog:Security","index":"windows","EventCode":4768,"event_id":4768,"log_name":"Security","computer":"WIN-DC-01.corp.local","provider_name":"Microsoft-Windows-Security-Auditing","level":"Information","record_id":101622,"scenario":"Normal Kerberos TGT Request","attack_phase":"None","mitre_technique":"None","severity":"low","is_suspicious":false,"target_user":"mchen","target_domain":"CORP","src_ip":"10.10.10.216","dest_host":"WIN-DC-01","authentication_package":"Kerberos","certificate_issuer_name":"","pre_auth_type":"2","message":"A Kerberos authentication ticket (TGT) was requested."}
{"timestamp":"2026-09-07T20:12:06Z","host":"WIN-DC-01","source":"WinEventLog:Security","sourcetype":"WinEventLog:Security","index":"windows","EventCode":4768,"event_id":4768,"log_name":"Security","computer":"WIN-DC-01.corp.local","provider_name":"Microsoft-Windows-Security-Auditing","level":"Information","record_id":101623,"scenario":"Normal Kerberos TGT Request","attack_phase":"None","mitre_technique":"None","severity":"low","is_suspicious":false,"target_user":"cwalker","target_domain":"CORP","src_ip":"10.10.10.47","dest_host":"WIN-DC-01","authentication_package":"Kerberos","certificate_issuer_name":"","pre_auth_type":"2","message":"A Kerberos authentication ticket (TGT) was requested."}
{"timestamp":"2026-09-07T20:14:41Z","host":"WIN-DC-02","source":"WinEventLog:Security","sourcetype":"WinEventLog:Security","index":"windows","EventCode":4768,"event_id":4768,"log_name":"Security","computer":"WIN-DC-02.corp.local","provider_name":"Microsoft-Windows-Security-Auditing","level":"Information","record_id":101624,"scenario":"Normal Kerberos TGT Request","attack_phase":"None","mitre_technique":"None","severity":"low","is_suspicious":false,"target_user":"agarcia","target_domain":"CORP","src_ip":"10.10.10.45","dest_host":"WIN-DC-02","authentication_package":"Kerberos","certificate_issuer_name":"","pre_auth_type":"2","message":"A Kerberos authentication ticket (TGT) was requested."}
{"timestamp":"2026-09-07T20:15:25Z","host":"WIN-DC-02","source":"WinEventLog:Security","sourcetype":"WinEventLog:Security","index":"windows","EventCode":4768,"event_id":4768,"log_name":"Security","computer":"WIN-DC-02.corp.local","provider_name":"Microsoft-Windows-Security-Auditing","level":"Information","record_id":101625,"scenario":"Normal Kerberos TGT Request","attack_phase":"None","mitre_technique":"None","severity":"low","is_suspicious":false,"target_user":"jsmith","target_domain":"CORP","src_ip":"10.10.10.41","dest_host":"WIN-DC-02","authentication_package":"Kerberos","certificate_issuer_name":"","pre_auth_type":"2","message":"A Kerberos authentication ticket (TGT) was requested."}
{"timestamp":"2026-09-07T20:19:15Z","host":"WIN-DC-01","source":"WinEventLog:Security","sourcetype":"WinEventLog:Security","index":"windows","EventCode":4768,"event_id":4768,"log_name":"Security","computer":"WIN-DC-01.corp.local","provider_name":"Microsoft-Windows-Security-Auditing","level":"Information","record_id":101626,"scenario":"Normal Kerberos TGT Request","attack_phase":"None","mitre_technique":"None","severity":"low","is_suspicious":false,"target_user":"kwright","target_domain":"CORP","src_ip":"10.10.10.57","dest_host":"WIN-DC-01","authentication_package":"Kerberos","certificate_issuer_name":"","pre_auth_type":"2","message":"A Kerberos authentication ticket (TGT) was requested."}
{"timestamp":"2026-09-07T20:19:37Z","host":"WIN-DC-01","source":"WinEventLog:Security","sourcetype":"WinEventLog:Security","index":"windows","EventCode":4768,"event_id":4768,"log_name":"Security","computer":"WIN-DC-01.corp.local","provider_name":"Microsoft-Windows-Security-Auditing","level":"Information","record_id":101627,"scenario":"Normal Kerberos TGT Request","attack_phase":"None","mitre_technique":"None","severity":"low","is_suspicious":false,"target_user":"sbrooks","target_domain":"CORP","src_ip":"10.10.10.115","dest_host":"WIN-DC-01","authentication_package":"Kerberos","certificate_issuer_name":"","pre_auth_type":"2","message":"A Kerberos authentication ticket (TGT) was requested."}
{"timestamp":"2026-09-07T20:20:06Z","host":"WIN-DC-01","source":"WinEventLog:Security","sourcetype":"WinEventLog:Security","index":"windows","EventCode":4768,"event_id":4768,"log_name":"Security","computer":"WIN-DC-01.corp.local","provider_name":"Microsoft-Windows-Security-Auditing","level":"Information","record_id":101628,"scenario":"Normal Kerberos TGT Request","attack_phase":"None","mitre_technique":"None","severity":"low","is_suspicious":false,"target_user":"sbrooks","target_domain":"CORP","src_ip":"10.10.10.101","dest_host":"WIN-DC-01","authentication_package":"Kerberos","certificate_issuer_name":"","pre_auth_type":"2","message":"A Kerberos authentication ticket (TGT) was requested."}
{"timestamp":"2026-09-07T20:22:48Z","host":"WIN-DC-01","source":"WinEventLog:Security","sourcetype":"WinEventLog:Security","index":"windows","EventCode":4768,"event_id":4768,"log_name":"Security","computer":"WIN-DC-01.corp.local","provider_name":"Microsoft-Windows-Security-Auditing","level":"Information","record_id":101629,"scenario":"Normal Kerberos TGT Request","attack_phase":"None","mitre_technique":"None","severity":"low","is_suspicious":false,"target_user":"dohara","target_domain":"CORP","src_ip":"10.10.10.155","dest_host":"WIN-DC-01","authentication_package":"Kerberos","certificate_issuer_name":"","pre_auth_type":"2","message":"A Kerberos authentication ticket (TGT) was requested."}
{"timestamp":"2026-09-07T20:22:55Z","host":"WIN-DC-02","source":"WinEventLog:Security","sourcetype":"WinEventLog:Security","index":"windows","EventCode":4768,"event_id":4768,"log_name":"Security","computer":"WIN-DC-02.corp.local","provider_name":"Microsoft-Windows-Security-Auditing","level":"Information","record_id":101630,"scenario":"Normal Kerberos TGT Request","attack_phase":"None","mitre_technique":"None","severity":"low","is_suspicious":false,"target_user":"jsmith","target_domain":"CORP","src_ip":"10.10.10.198","dest_host":"WIN-DC-02","authentication_package":"Kerberos","certificate_issuer_name":"","pre_auth_type":"2","message":"A Kerberos authentication ticket (TGT) was requested."}
{"timestamp":"2026-09-07T20:24:43Z","host":"WIN-DC-02","source":"WinEventLog:Security","sourcetype":"WinEventLog:Security","index":"windows","EventCode":4768,"event_id":4768,"log_name":"Security","computer":"WIN-DC-02.corp.local","provider_name":"Microsoft-Windows-Security-Auditing","level":"Information","record_id":101631,"scenario":"Normal Kerberos TGT Request","attack_phase":"None","mitre_technique":"None","severity":"low","is_suspicious":false,"target_user":"rpatel","target_domain":"CORP","src_ip":"10.10.10.234","dest_host":"WIN-DC-02","authentication_package":"Kerberos","certificate_issuer_name":"","pre_auth_type":"2","message":"A Kerberos authentication ticket (TGT) was requested."}
{"timestamp":"2026-09-07T20:26:50Z","host":"WIN-DC-01","source":"WinEventLog:Security","sourcetype":"WinEventLog:Security","index":"windows","EventCode":4768,"event_id":4768,"log_name":"Security","computer":"WIN-DC-01.corp.local","provider_name":"Microsoft-Windows-Security-Auditing","level":"Information","record_id":101632,"scenario":"Normal Kerberos TGT Request","attack_phase":"None","mitre_technique":"None","severity":"low","is_suspicious":false,"target_user":"rpatel","target_domain":"CORP","src_ip":"10.10.10.6","dest_host":"WIN-DC-01","authentication_package":"Kerberos","certificate_issuer_name":"","pre_auth_type":"2","message":"A Kerberos authentication ticket (TGT) was requested."}
{"timestamp":"2026-09-07T20:30:30Z","host":"WIN-DC-01","source":"WinEventLog:Security","sourcetype":"WinEventLog:Security","index":"windows","EventCode":4768,"event_id":4768,"log_name":"Security","computer":"WIN-DC-01.corp.local","provider_name":"Microsoft-Windows-Security-Auditing","level":"Information","record_id":101633,"scenario":"Normal Kerberos TGT Request","attack_phase":"None","mitre_technique":"None","severity":"low","is_suspicious":false,"target_user":"jsmith","target_domain":"CORP","src_ip":"10.10.10.88","dest_host":"WIN-DC-01","authentication_package":"Kerberos","certificate_issuer_name":"","pre_auth_type":"2","message":"A Kerberos authentication ticket (TGT) was requested."}
{"timestamp":"2026-09-07T20:32:13Z","host":"WIN-DC-01","source":"WinEventLog:Security","sourcetype":"WinEventLog:Security","index":"windows","EventCode":4768,"event_id":4768,"log_name":"Security","computer":"WIN-DC-01.corp.local","provider_name":"Microsoft-Windows-Security-Auditing","level":"Information","record_id":101634,"scenario":"Normal Kerberos TGT Request","attack_phase":"None","mitre_technique":"None","severity":"low","is_suspicious":false,"target_user":"agarcia","target_domain":"CORP","src_ip":"10.10.10.247","dest_host":"WIN-DC-01","authentication_package":"Kerberos","certificate_issuer_name":"","pre_auth_type":"2","message":"A Kerberos authentication ticket (TGT) was requested."}
{"timestamp":"2026-09-07T20:33:07Z","host":"WIN-DC-01","source":"WinEventLog:Security","sourcetype":"WinEventLog:Security","index":"windows","EventCode":4768,"event_id":4768,"log_name":"Security","computer":"WIN-DC-01.corp.local","provider_name":"Microsoft-Windows-Security-Auditing","level":"Information","record_id":101635,"scenario":"Normal Kerberos TGT Request","attack_phase":"None","mitre_technique":"None","severity":"low","is_suspicious":false,"target_user":"mchen","target_domain":"CORP","src_ip":"10.10.10.13","dest_host":"WIN-DC-01","authentication_package":"Kerberos","certificate_issuer_name":"","pre_auth_type":"2","message":"A Kerberos authentication ticket (TGT) was requested."}
{"timestamp":"2026-09-07T20:36:44Z","host":"WIN-DC-01","source":"WinEventLog:Security","sourcetype":"WinEventLog:Security","index":"windows","EventCode":4768,"event_id":4768,"log_name":"Security","computer":"WIN-DC-01.corp.local","provider_name":"Microsoft-Windows-Security-Auditing","level":"Information","record_id":101636,"scenario":"Normal Kerberos TGT Request","attack_phase":"None","mitre_technique":"None","severity":"low","is_suspicious":false,"target_user":"sbrooks","target_domain":"CORP","src_ip":"10.10.10.210","dest_host":"WIN-DC-01","authentication_package":"Kerberos","certificate_issuer_name":"","pre_auth_type":"2","message":"A Kerberos authentication ticket (TGT) was requested."}
{"timestamp":"2026-09-07T20:39:36Z","host":"WIN-DC-01","source":"WinEventLog:Security","sourcetype":"WinEventLog:Security","index":"windows","EventCode":4768,"event_id":4768,"log_name":"Security","computer":"WIN-DC-01.corp.local","provider_name":"Microsoft-Windows-Security-Auditing","level":"Information","record_id":101637,"scenario":"Normal Kerberos TGT Request","attack_phase":"None","mitre_technique":"None","severity":"low","is_suspicious":false,"target_user":"kwright","target_domain":"CORP","src_ip":"10.10.10.161","dest_host":"WIN-DC-01","authentication_package":"Kerberos","certificate_issuer_name":"","pre_auth_type":"2","message":"A Kerberos authentication ticket (TGT) was requested."}
{"timestamp":"2026-09-07T20:41:27Z","host":"WIN-DC-02","source":"WinEventLog:Security","sourcetype":"WinEventLog:Security","index":"windows","EventCode":4768,"event_id":4768,"log_name":"Security","computer":"WIN-DC-02.corp.local","provider_name":"Microsoft-Windows-Security-Auditing","level":"Information","record_id":101638,"scenario":"Normal Kerberos TGT Request","attack_phase":"None","mitre_technique":"None","severity":"low","is_suspicious":false,"target_user":"sbrooks","target_domain":"CORP","src_ip":"10.10.10.242","dest_host":"WIN-DC-02","authentication_package":"Kerberos","certificate_issuer_name":"","pre_auth_type":"2","message":"A Kerberos authentication ticket (TGT) was requested."}
{"timestamp":"2026-09-07T20:45:11Z","host":"WIN-DC-01","source":"WinEventLog:Security","sourcetype":"WinEventLog:Security","index":"windows","EventCode":4768,"event_id":4768,"log_name":"Security","computer":"WIN-DC-01.corp.local","provider_name":"Microsoft-Windows-Security-Auditing","level":"Information","record_id":101639,"scenario":"Normal Kerberos TGT Request","attack_phase":"None","mitre_technique":"None","severity":"low","is_suspicious":false,"target_user":"agarcia","target_domain":"CORP","src_ip":"10.10.10.56","dest_host":"WIN-DC-01","authentication_package":"Kerberos","certificate_issuer_name":"","pre_auth_type":"2","message":"A Kerberos authentication ticket (TGT) was requested."}
{"timestamp":"2026-09-07T20:46:10Z","host":"WIN-DC-02","source":"WinEventLog:Security","sourcetype":"WinEventLog:Security","index":"windows","EventCode":4768,"event_id":4768,"log_name":"Security","computer":"WIN-DC-02.corp.local","provider_name":"Microsoft-Windows-Security-Auditing","level":"Information","record_id":101640,"scenario":"Normal Kerberos TGT Request","attack_phase":"None","mitre_technique":"None","severity":"low","is_suspicious":false,"target_user":"kwright","target_domain":"CORP","src_ip":"10.10.10.46","dest_host":"WIN-DC-02","authentication_package":"Kerberos","certificate_issuer_name":"","pre_auth_type":"2","message":"A Kerberos authentication ticket (TGT) was requested."}
{"timestamp":"2026-09-07T20:46:22Z","host":"WIN-DC-02","source":"WinEventLog:Security","sourcetype":"WinEventLog:Security","index":"windows","EventCode":4768,"event_id":4768,"log_name":"Security","computer":"WIN-DC-02.corp.local","provider_name":"Microsoft-Windows-Security-Auditing","level":"Information","record_id":101641,"scenario":"Normal Kerberos TGT Request","attack_phase":"None","mitre_technique":"None","severity":"low","is_suspicious":false,"target_user":"tnguyen","target_domain":"CORP","src_ip":"10.10.10.5","dest_host":"WIN-DC-02","authentication_package":"Kerberos","certificate_issuer_name":"","pre_auth_type":"2","message":"A Kerberos authentication ticket (TGT) was requested."}
{"timestamp":"2026-09-07T20:49:46Z","host":"WIN-DC-02","source":"WinEventLog:Security","sourcetype":"WinEventLog:Security","index":"windows","EventCode":4768,"event_id":4768,"log_name":"Security","computer":"WIN-DC-02.corp.local","provider_name":"Microsoft-Windows-Security-Auditing","level":"Information","record_id":101642,"scenario":"Normal Kerberos TGT Request","attack_phase":"None","mitre_technique":"None","severity":"low","is_suspicious":false,"target_user":"rpatel","target_domain":"CORP","src_ip":"10.10.10.58","dest_host":"WIN-DC-02","authentication_package":"Kerberos","certificate_issuer_name":"","pre_auth_type":"2","message":"A Kerberos authentication ticket (TGT) was requested."}
{"timestamp":"2026-09-07T20:50:24Z","host":"WIN-DC-02","source":"WinEventLog:Security","sourcetype":"WinEventLog:Security","index":"windows","EventCode":4768,"event_id":4768,"log_name":"Security","computer":"WIN-DC-02.corp.local","provider_name":"Microsoft-Windows-Security-Auditing","level":"Information","record_id":101643,"scenario":"Normal Kerberos TGT Request","attack_phase":"None","mitre_technique":"None","severity":"low","is_suspicious":false,"target_user":"lwilson","target_domain":"CORP","src_ip":"10.10.10.13","dest_host":"WIN-DC-02","authentication_package":"Kerberos","certificate_issuer_name":"","pre_auth_type":"2","message":"A Kerberos authentication ticket (TGT) was requested."}
{"timestamp":"2026-09-07T20:51:03Z","host":"WIN-DC-02","source":"WinEventLog:Security","sourcetype":"WinEventLog:Security","index":"windows","EventCode":4768,"event_id":4768,"log_name":"Security","computer":"WIN-DC-02.corp.local","provider_name":"Microsoft-Windows-Security-Auditing","level":"Information","record_id":101644,"scenario":"Normal Kerberos TGT Request","attack_phase":"None","mitre_technique":"None","severity":"low","is_suspicious":false,"target_user":"rpatel","target_domain":"CORP","src_ip":"10.10.10.79","dest_host":"WIN-DC-02","authentication_package":"Kerberos","certificate_issuer_name":"","pre_auth_type":"2","message":"A Kerberos authentication ticket (TGT) was requested."}
{"timestamp":"2026-09-07T20:55:23Z","host":"WIN-DC-01","source":"WinEventLog:Security","sourcetype":"WinEventLog:Security","index":"windows","EventCode":4768,"event_id":4768,"log_name":"Security","computer":"WIN-DC-01.corp.local","provider_name":"Microsoft-Windows-Security-Auditing","level":"Information","record_id":101645,"scenario":"Normal Kerberos TGT Request","attack_phase":"None","mitre_technique":"None","severity":"low","is_suspicious":false,"target_user":"agarcia","target_domain":"CORP","src_ip":"10.10.10.66","dest_host":"WIN-DC-01","authentication_package":"Kerberos","certificate_issuer_name":"","pre_auth_type":"2","message":"A Kerberos authentication ticket (TGT) was requested."}
{"timestamp":"2026-09-07T20:56:16Z","host":"WIN-DC-02","source":"WinEventLog:Security","sourcetype":"WinEventLog:Security","index":"windows","EventCode":4768,"event_id":4768,"log_name":"Security","computer":"WIN-DC-02.corp.local","provider_name":"Microsoft-Windows-Security-Auditing","level":"Information","record_id":101646,"scenario":"Normal Kerberos TGT Request","attack_phase":"None","mitre_technique":"None","severity":"low","is_suspicious":false,"target_user":"cwalker","target_domain":"CORP","src_ip":"10.10.10.163","dest_host":"WIN-DC-02","authentication_package":"Kerberos","certificate_issuer_name":"","pre_auth_type":"2","message":"A Kerberos authentication ticket (TGT) was requested."}
{"timestamp":"2026-09-07T20:59:39Z","host":"WIN-DC-02","source":"WinEventLog:Security","sourcetype":"WinEventLog:Security","index":"windows","EventCode":4768,"event_id":4768,"log_name":"Security","computer":"WIN-DC-02.corp.local","provider_name":"Microsoft-Windows-Security-Auditing","level":"Information","record_id":101647,"scenario":"Normal Kerberos TGT Request","attack_phase":"None","mitre_technique":"None","severity":"low","is_suspicious":false,"target_user":"mchen","target_domain":"CORP","src_ip":"10.10.10.46","dest_host":"WIN-DC-02","authentication_package":"Kerberos","certificate_issuer_name":"","pre_auth_type":"2","message":"A Kerberos authentication ticket (TGT) was requested."}
{"timestamp":"2026-09-07T21:02:26Z","host":"WIN-DC-01","source":"WinEventLog:Security","sourcetype":"WinEventLog:Security","index":"windows","EventCode":4768,"event_id":4768,"log_name":"Security","computer":"WIN-DC-01.corp.local","provider_name":"Microsoft-Windows-Security-Auditing","level":"Information","record_id":101648,"scenario":"Normal Kerberos TGT Request","attack_phase":"None","mitre_technique":"None","severity":"low","is_suspicious":false,"target_user":"dohara","target_domain":"CORP","src_ip":"10.10.10.87","dest_host":"WIN-DC-01","authentication_package":"Kerberos","certificate_issuer_name":"","pre_auth_type":"2","message":"A Kerberos authentication ticket (TGT) was requested."}
{"timestamp":"2026-09-07T21:02:40Z","host":"WIN-DC-02","source":"WinEventLog:Security","sourcetype":"WinEventLog:Security","index":"windows","EventCode":4768,"event_id":4768,"log_name":"Security","computer":"WIN-DC-02.corp.local","provider_name":"Microsoft-Windows-Security-Auditing","level":"Information","record_id":101649,"scenario":"Normal Kerberos TGT Request","attack_phase":"None","mitre_technique":"None","severity":"low","is_suspicious":false,"target_user":"cwalker","target_domain":"CORP","src_ip":"10.10.10.99","dest_host":"WIN-DC-02","authentication_package":"Kerberos","certificate_issuer_name":"","pre_auth_type":"2","message":"A Kerberos authentication ticket (TGT) was requested."}
