{"timestamp":"2026-09-04T05:47:55Z","host":"WIN-CLIENT-05","source":"WinEventLog:Security","sourcetype":"WinEventLog:Security","index":"windows","EventCode":4624,"event_id":4624,"log_name":"Security","computer":"WIN-CLIENT-05.corp.local","provider_name":"Microsoft-Windows-Security-Auditing","level":"Information","record_id":100891,"scenario":"Normal Authentication","attack_phase":"None","mitre_technique":"None","severity":"low","is_suspicious":false,"subject_user":"SYSTEM","subject_domain":"NT AUTHORITY","target_user":"cwalker","target_domain":"CORP","src_ip":"10.10.10.11","src_port":56542,"dest_host":"WIN-CLIENT-05","logon_type":3,"authentication_package":"Kerberos","workstation_name":"WIN-CLIENT-05","logon_id":"0x6B0C4","logon_process":"NtLmSsp","ip_address":"10.10.10.11","message":"An account was successfully logged on."}
{"timestamp":"2026-09-04T05:50:44Z","host":"WIN-CLIENT-03","source":"WinEventLog:Security","sourcetype":"WinEventLog:Security","index":"windows","EventCode":4624,"event_id":4624,"log_name":"Security","computer":"WIN-CLIENT-03.corp.local","provider_name":"Microsoft-Windows-Security-Auditing","level":"Information","record_id":100892,"scenario":"Normal Authentication","attack_phase":"None","mitre_technique":"None","severity":"low","is_suspicious":false,"subject_user":"SYSTEM","subject_domain":"NT AUTHORITY","target_user":"mchen","target_domain":"CORP","src_ip":"10.10.10.61","src_port":53198,"dest_host":"WIN-CLIENT-03","logon_type":4,"authentication_package":"Kerberos","workstation_name":"WIN-CLIENT-03","logon_id":"0xDFA28","logon_process":"Advapi","ip_address":"10.10.10.61","message":"An account was successfully logged on."}
{"timestamp":"2026-09-04T05:56:01Z","host":"WIN-CLIENT-05","source":"WinEventLog:Security","sourcetype":"WinEventLog:Security","index":"windows","EventCode":4624,"event_id":4624,"log_name":"Security","computer":"WIN-CLIENT-05.corp.local","provider_name":"Microsoft-Windows-Security-Auditing","level":"Information","record_id":100893,"scenario":"Normal Authentication","attack_phase":"None","mitre_technique":"None","severity":"low","is_suspicious":false,"subject_user":"SYSTEM","subject_domain":"NT AUTHORITY","target_user":"agarcia","target_domain":"CORP","src_ip":"10.10.10.189","src_port":50264,"dest_host":"WIN-CLIENT-05","logon_type":5,"authentication_package":"Kerberos","workstation_name":"WIN-CLIENT-05","logon_id":"0xC93C9","logon_process":"Advapi","ip_address":"10.10.10.189","message":"An account was successfully logged on."}
{"timestamp":"2026-09-04T06:01:43Z","host":"WIN-CLIENT-04","source":"WinEventLog:Security","sourcetype":"WinEventLog:Security","index":"windows","EventCode":4624,"event_id":4624,"log_name":"Security","computer":"WIN-CLIENT-04.corp.local","provider_name":"Microsoft-Windows-Security-Auditing","level":"Information","record_id":100894,"scenario":"Normal Authentication","attack_phase":"None","mitre_technique":"None","severity":"low","is_suspicious":false,"subject_user":"SYSTEM","subject_domain":"NT AUTHORITY","target_user":"svc_web","target_domain":"CORP","src_ip":"10.10.20.213","src_port":63729,"dest_host":"WIN-CLIENT-04","logon_type":3,"authentication_package":"Kerberos","workstation_name":"WIN-CLIENT-04","logon_id":"0xC0894","logon_process":"NtLmSsp","ip_address":"10.10.20.213","message":"An account was successfully logged on."}
{"timestamp":"2026-09-04T06:11:43Z","host":"WIN-CLIENT-05","source":"WinEventLog:Security","sourcetype":"WinEventLog:Security","index":"windows","EventCode":4624,"event_id":4624,"log_name":"Security","computer":"WIN-CLIENT-05.corp.local","provider_name":"Microsoft-Windows-Security-Auditing","level":"Information","record_id":100895,"scenario":"Normal Authentication","attack_phase":"None","mitre_technique":"None","severity":"low","is_suspicious":false,"subject_user":"SYSTEM","subject_domain":"NT AUTHORITY","target_user":"agarcia","target_domain":"CORP","src_ip":"10.10.20.11","src_port":60973,"dest_host":"WIN-CLIENT-05","logon_type":10,"authentication_package":"Kerberos","workstation_name":"WIN-CLIENT-05","logon_id":"0xDEEF7","logon_process":"Advapi","ip_address":"10.10.20.11","message":"An account was successfully logged on."}
{"timestamp":"2026-09-04T06:21:43Z","host":"WIN-CLIENT-01","source":"WinEventLog:Security","sourcetype":"WinEventLog:Security","index":"windows","EventCode":4624,"event_id":4624,"log_name":"Security","computer":"WIN-CLIENT-01.corp.local","provider_name":"Microsoft-Windows-Security-Auditing","level":"Information","record_id":100896,"scenario":"Normal Authentication","attack_phase":"None","mitre_technique":"None","severity":"low","is_suspicious":false,"subject_user":"SYSTEM","subject_domain":"NT AUTHORITY","target_user":"tnguyen","target_domain":"CORP","src_ip":"10.10.10.237","src_port":61630,"dest_host":"WIN-CLIENT-01","logon_type":11,"authentication_package":"Kerberos","workstation_name":"WIN-CLIENT-01","logon_id":"0x659A8","logon_process":"User32","ip_address":"10.10.10.237","message":"An account was successfully logged on."}
{"timestamp":"2026-09-04T06:27:49Z","host":"WIN-CLIENT-04","source":"WinEventLog:Security","sourcetype":"WinEventLog:Security","index":"windows","EventCode":4624,"event_id":4624,"log_name":"Security","computer":"WIN-CLIENT-04.corp.local","provider_name":"Microsoft-Windows-Security-Auditing","level":"Information","record_id":100897,"scenario":"Normal Authentication","attack_phase":"None","mitre_technique":"None","severity":"low","is_suspicious":false,"subject_user":"SYSTEM","subject_domain":"NT AUTHORITY","target_user":"tnguyen","target_domain":"CORP","src_ip":"10.10.10.224","src_port":61622,"dest_host":"WIN-CLIENT-04","logon_type":11,"authentication_package":"Kerberos","workstation_name":"WIN-CLIENT-04","logon_id":"0x4A0A2","logon_process":"User32","ip_address":"10.10.10.224","message":"An account was successfully logged on."}
{"timestamp":"2026-09-04T06:28:10Z","host":"WIN-SRV-02","source":"WinEventLog:Security","sourcetype":"WinEventLog:Security","index":"windows","EventCode":4624,"event_id":4624,"log_name":"Security","computer":"WIN-SRV-02.corp.local","provider_name":"Microsoft-Windows-Security-Auditing","level":"Information","record_id":100898,"scenario":"Normal Authentication","attack_phase":"None","mitre_technique":"None","severity":"low","is_suspicious":false,"subject_user":"SYSTEM","subject_domain":"NT AUTHORITY","target_user":"svc_backup","target_domain":"CORP","src_ip":"10.10.20.15","src_port":53993,"dest_host":"WIN-SRV-02","logon_type":10,"authentication_package":"Kerberos","workstation_name":"WIN-SRV-02","logon_id":"0x963DF","logon_process":"Advapi","ip_address":"10.10.20.15","message":"An account was successfully logged on."}
{"timestamp":"2026-09-04T06:29:02Z","host":"WIN-CLIENT-05","source":"WinEventLog:Security","sourcetype":"WinEventLog:Security","index":"windows","EventCode":4624,"event_id":4624,"log_name":"Security","computer":"WIN-CLIENT-05.corp.local","provider_name":"Microsoft-Windows-Security-Auditing","level":"Information","record_id":100899,"scenario":"Normal Authentication","attack_phase":"None","mitre_technique":"None","severity":"low","is_suspicious":false,"subject_user":"SYSTEM","subject_domain":"NT AUTHORITY","target_user":"kwright","target_domain":"CORP","src_ip":"10.10.10.85","src_port":57231,"dest_host":"WIN-CLIENT-05","logon_type":7,"authentication_package":"Kerberos","workstation_name":"WIN-CLIENT-05","logon_id":"0xC2A0F","logon_process":"User32","ip_address":"10.10.10.85","message":"An account was successfully logged on."}
{"timestamp":"2026-09-04T06:32:58Z","host":"WIN-CLIENT-01","source":"WinEventLog:Security","sourcetype":"WinEventLog:Security","index":"windows","EventCode":4624,"event_id":4624,"log_name":"Security","computer":"WIN-CLIENT-01.corp.local","provider_name":"Microsoft-Windows-Security-Auditing","level":"Information","record_id":100900,"scenario":"Normal Authentication","attack_phase":"None","mitre_technique":"None","severity":"low","is_suspicious":false,"subject_user":"SYSTEM","subject_domain":"NT AUTHORITY","target_user":"mchen","target_domain":"CORP","src_ip":"10.10.20.250","src_port":56300,"dest_host":"WIN-CLIENT-01","logon_type":10,"authentication_package":"Kerberos","workstation_name":"WIN-CLIENT-01","logon_id":"0xD0BA2","logon_process":"Advapi","ip_address":"10.10.20.250","message":"An account was successfully logged on."}
{"timestamp":"2026-09-04T06:43:17Z","host":"WIN-CLIENT-05","source":"WinEventLog:Security","sourcetype":"WinEventLog:Security","index":"windows","EventCode":4625,"event_id":4625,"log_name":"Security","computer":"WIN-CLIENT-05.corp.local","provider_name":"Microsoft-Windows-Security-Auditing","level":"Information","record_id":100901,"scenario":"Normal Failed Logon (user error)","attack_phase":"None","mitre_technique":"None","severity":"low","is_suspicious":false,"subject_user":"SYSTEM","subject_domain":"NT AUTHORITY","target_user":"cwalker","target_domain":"CORP","src_ip":"10.10.10.58","src_port":56076,"dest_host":"WIN-CLIENT-05","logon_type":3,"authentication_package":"NTLM","status":"0xC000006D","sub_status":"0xC000006A","process_name":"C:\\Windows\\System32\\winlogon.exe","process_id":"0x2a4","message":"An account failed to log on. Reason: Incorrect password"}
{"timestamp":"2026-09-04T06:56:52Z","host":"WIN-CLIENT-02","source":"WinEventLog:Security","sourcetype":"WinEventLog:Security","index":"windows","EventCode":4625,"event_id":4625,"log_name":"Security","computer":"WIN-CLIENT-02.corp.local","provider_name":"Microsoft-Windows-Security-Auditing","level":"Information","record_id":100902,"scenario":"Normal Failed Logon (user error)","attack_phase":"None","mitre_technique":"None","severity":"low","is_suspicious":false,"subject_user":"SYSTEM","subject_domain":"NT AUTHORITY","target_user":"tnguyen","target_domain":"CORP","src_ip":"10.10.10.88","src_port":50352,"dest_host":"WIN-CLIENT-02","logon_type":3,"authentication_package":"NTLM","status":"0xC000006D","sub_status":"0xC0000064","process_name":"C:\\Windows\\System32\\winlogon.exe","process_id":"0x2a4","message":"An account failed to log on. Reason: Invalid username"}
{"timestamp":"2026-09-04T07:06:47Z","host":"WIN-CLIENT-05","source":"WinEventLog:Security","sourcetype":"WinEventLog:Security","index":"windows","EventCode":4625,"event_id":4625,"log_name":"Security","computer":"WIN-CLIENT-05.corp.local","provider_name":"Microsoft-Windows-Security-Auditing","level":"Information","record_id":100903,"scenario":"Normal Failed Logon (user error)","attack_phase":"None","mitre_technique":"None","severity":"low","is_suspicious":false,"subject_user":"SYSTEM","subject_domain":"NT AUTHORITY","target_user":"jsmith","target_domain":"CORP","src_ip":"10.10.10.69","src_port":50393,"dest_host":"WIN-CLIENT-05","logon_type":3,"authentication_package":"NTLM","status":"0xC000006D","sub_status":"0xC0000193","process_name":"C:\\Windows\\System32\\winlogon.exe","process_id":"0x2a4","message":"An account failed to log on. Reason: Account expired"}
{"timestamp":"2026-09-04T07:15:30Z","host":"WIN-CLIENT-02","source":"WinEventLog:Security","sourcetype":"WinEventLog:Security","index":"windows","EventCode":4625,"event_id":4625,"log_name":"Security","computer":"WIN-CLIENT-02.corp.local","provider_name":"Microsoft-Windows-Security-Auditing","level":"Information","record_id":100904,"scenario":"Normal Failed Logon (user error)","attack_phase":"None","mitre_technique":"None","severity":"low","is_suspicious":false,"subject_user":"SYSTEM","subject_domain":"NT AUTHORITY","target_user":"tnguyen","target_domain":"CORP","src_ip":"10.10.10.125","src_port":58163,"dest_host":"WIN-CLIENT-02","logon_type":2,"authentication_package":"NTLM","status":"0xC000006D","sub_status":"0xC0000064","process_name":"C:\\Windows\\System32\\winlogon.exe","process_id":"0x2a4","message":"An account failed to log on. Reason: Invalid username"}
{"timestamp":"2026-09-04T07:23:59Z","host":"WIN-CLIENT-05","source":"WinEventLog:Security","sourcetype":"WinEventLog:Security","index":"windows","EventCode":4625,"event_id":4625,"log_name":"Security","computer":"WIN-CLIENT-05.corp.local","provider_name":"Microsoft-Windows-Security-Auditing","level":"Information","record_id":100905,"scenario":"Normal Failed Logon (user error)","attack_phase":"None","mitre_technique":"None","severity":"low","is_suspicious":false,"subject_user":"SYSTEM","subject_domain":"NT AUTHORITY","target_user":"tnguyen","target_domain":"CORP","src_ip":"10.10.10.145","src_port":59092,"dest_host":"WIN-CLIENT-05","logon_type":2,"authentication_package":"NTLM","status":"0xC000006D","sub_status":"0xC0000064","process_name":"C:\\Windows\\System32\\winlogon.exe","process_id":"0x2a4","message":"An account failed to log on. Reason: Invalid username"}
{"timestamp":"2026-09-04T07:28:17Z","host":"WIN-CLIENT-03","source":"WinEventLog:Security","sourcetype":"WinEventLog:Security","index":"windows","EventCode":4625,"event_id":4625,"log_name":"Security","computer":"WIN-CLIENT-03.corp.local","provider_name":"Microsoft-Windows-Security-Auditing","level":"Information","record_id":100906,"scenario":"Normal Failed Logon (user error)","attack_phase":"None","mitre_technique":"None","severity":"low","is_suspicious":false,"subject_user":"SYSTEM","subject_domain":"NT AUTHORITY","target_user":"agarcia","target_domain":"CORP","src_ip":"10.10.10.84","src_port":60218,"dest_host":"WIN-CLIENT-03","logon_type":2,"authentication_package":"NTLM","status":"0xC000006D","sub_status":"0xC0000193","process_name":"C:\\Windows\\System32\\winlogon.exe","process_id":"0x2a4","message":"An account failed to log on. Reason: Account expired"}
{"timestamp":"2026-09-04T07:30:22Z","host":"WIN-CLIENT-04","source":"WinEventLog:Security","sourcetype":"WinEventLog:Security","index":"windows","EventCode":4625,"event_id":4625,"log_name":"Security","computer":"WIN-CLIENT-04.corp.local","provider_name":"Microsoft-Windows-Security-Auditing","level":"Information","record_id":100907,"scenario":"Normal Failed Logon (user error)","attack_phase":"None","mitre_technique":"None","severity":"low","is_suspicious":false,"subject_user":"SYSTEM","subject_domain":"NT AUTHORITY","target_user":"tnguyen","target_domain":"CORP","src_ip":"10.10.10.91","src_port":52120,"dest_host":"WIN-CLIENT-04","logon_type":3,"authentication_package":"NTLM","status":"0xC000006D","sub_status":"0xC0000072","process_name":"C:\\Windows\\System32\\winlogon.exe","process_id":"0x2a4","message":"An account failed to log on. Reason: Account disabled"}
{"timestamp":"2026-09-04T07:36:24Z","host":"WIN-CLIENT-01","source":"WinEventLog:Security","sourcetype":"WinEventLog:Security","index":"windows","EventCode":4625,"event_id":4625,"log_name":"Security","computer":"WIN-CLIENT-01.corp.local","provider_name":"Microsoft-Windows-Security-Auditing","level":"Information","record_id":100908,"scenario":"Normal Failed Logon (user error)","attack_phase":"None","mitre_technique":"None","severity":"low","is_suspicious":false,"subject_user":"SYSTEM","subject_domain":"NT AUTHORITY","target_user":"cwalker","target_domain":"CORP","src_ip":"10.10.10.45","src_port":54729,"dest_host":"WIN-CLIENT-01","logon_type":3,"authentication_package":"NTLM","status":"0xC000006D","sub_status":"0xC0000072","process_name":"C:\\Windows\\System32\\winlogon.exe","process_id":"0x2a4","message":"An account failed to log on. Reason: Account disabled"}
{"timestamp":"2026-09-04T07:47:12Z","host":"WIN-CLIENT-04","source":"WinEventLog:Security","sourcetype":"WinEventLog:Security","index":"windows","EventCode":4625,"event_id":4625,"log_name":"Security","computer":"WIN-CLIENT-04.corp.local","provider_name":"Microsoft-Windows-Security-Auditing","level":"Information","record_id":100909,"scenario":"Normal Failed Logon (user error)","attack_phase":"None","mitre_technique":"None","severity":"low","is_suspicious":false,"subject_user":"SYSTEM","subject_domain":"NT AUTHORITY","target_user":"mchen","target_domain":"CORP","src_ip":"10.10.10.238","src_port":62404,"dest_host":"WIN-CLIENT-04","logon_type":2,"authentication_package":"NTLM","status":"0xC000006D","sub_status":"0xC000006A","process_name":"C:\\Windows\\System32\\winlogon.exe","process_id":"0x2a4","message":"An account failed to log on. Reason: Incorrect password"}
{"timestamp":"2026-09-04T07:50:46Z","host":"WIN-CLIENT-02","source":"WinEventLog:Security","sourcetype":"WinEventLog:Security","index":"windows","EventCode":4625,"event_id":4625,"log_name":"Security","computer":"WIN-CLIENT-02.corp.local","provider_name":"Microsoft-Windows-Security-Auditing","level":"Information","record_id":100910,"scenario":"Normal Failed Logon (user error)","attack_phase":"None","mitre_technique":"None","severity":"low","is_suspicious":false,"subject_user":"SYSTEM","subject_domain":"NT AUTHORITY","target_user":"kwright","target_domain":"CORP","src_ip":"10.10.10.30","src_port":61117,"dest_host":"WIN-CLIENT-02","logon_type":2,"authentication_package":"NTLM","status":"0xC000006D","sub_status":"0xC000006A","process_name":"C:\\Windows\\System32\\winlogon.exe","process_id":"0x2a4","message":"An account failed to log on. Reason: Incorrect password"}
{"timestamp":"2026-09-04T07:55:04Z","host":"WIN-CLIENT-02","source":"WinEventLog:Security","sourcetype":"WinEventLog:Security","index":"windows","EventCode":4625,"event_id":4625,"log_name":"Security","computer":"WIN-CLIENT-02.corp.local","provider_name":"Microsoft-Windows-Security-Auditing","level":"Information","record_id":100911,"scenario":"Normal Failed Logon (user error)","attack_phase":"None","mitre_technique":"None","severity":"low","is_suspicious":false,"subject_user":"SYSTEM","subject_domain":"NT AUTHORITY","target_user":"cwalker","target_domain":"CORP","src_ip":"10.10.10.5","src_port":54624,"dest_host":"WIN-CLIENT-02","logon_type":2,"authentication_package":"NTLM","status":"0xC000006D","sub_status":"0xC0000072","process_name":"C:\\Windows\\System32\\winlogon.exe","process_id":"0x2a4","message":"An account failed to log on. Reason: Account disabled"}
{"timestamp":"2026-09-04T08:00:26Z","host":"WIN-CLIENT-04","source":"WinEventLog:Security","sourcetype":"WinEventLog:Security","index":"windows","EventCode":4625,"event_id":4625,"log_name":"Security","computer":"WIN-CLIENT-04.corp.local","provider_name":"Microsoft-Windows-Security-Auditing","level":"Information","record_id":100912,"scenario":"Normal Failed Logon (user error)","attack_phase":"None","mitre_technique":"None","severity":"low","is_suspicious":false,"subject_user":"SYSTEM","subject_domain":"NT AUTHORITY","target_user":"dohara","target_domain":"CORP","src_ip":"10.10.10.86","src_port":52424,"dest_host":"WIN-CLIENT-04","logon_type":2,"authentication_package":"NTLM","status":"0xC000006D","sub_status":"0xC000006A","process_name":"C:\\Windows\\System32\\winlogon.exe","process_id":"0x2a4","message":"An account failed to log on. Reason: Incorrect password"}
{"timestamp":"2026-09-04T08:04:04Z","host":"WIN-CLIENT-05","source":"WinEventLog:Security","sourcetype":"WinEventLog:Security","index":"windows","EventCode":4625,"event_id":4625,"log_name":"Security","computer":"WIN-CLIENT-05.corp.local","provider_name":"Microsoft-Windows-Security-Auditing","level":"Information","record_id":100913,"scenario":"Normal Failed Logon (user error)","attack_phase":"None","mitre_technique":"None","severity":"low","is_suspicious":false,"subject_user":"SYSTEM","subject_domain":"NT AUTHORITY","target_user":"sbrooks","target_domain":"CORP","src_ip":"10.10.10.142","src_port":56913,"dest_host":"WIN-CLIENT-05","logon_type":2,"authentication_package":"NTLM","status":"0xC000006D","sub_status":"0xC0000072","process_name":"C:\\Windows\\System32\\winlogon.exe","process_id":"0x2a4","message":"An account failed to log on. Reason: Account disabled"}
{"timestamp":"2026-09-04T08:16:05Z","host":"WIN-CLIENT-04","source":"WinEventLog:Security","sourcetype":"WinEventLog:Security","index":"windows","EventCode":4625,"event_id":4625,"log_name":"Security","computer":"WIN-CLIENT-04.corp.local","provider_name":"Microsoft-Windows-Security-Auditing","level":"Information","record_id":100914,"scenario":"Normal Failed Logon (user error)","attack_phase":"None","mitre_technique":"None","severity":"low","is_suspicious":false,"subject_user":"SYSTEM","subject_domain":"NT AUTHORITY","target_user":"jsmith","target_domain":"CORP","src_ip":"10.10.10.67","src_port":51790,"dest_host":"WIN-CLIENT-04","logon_type":2,"authentication_package":"NTLM","status":"0xC000006D","sub_status":"0xC000006A","process_name":"C:\\Windows\\System32\\winlogon.exe","process_id":"0x2a4","message":"An account failed to log on. Reason: Incorrect password"}
{"timestamp":"2026-09-04T08:21:05Z","host":"WIN-CLIENT-05","source":"WinEventLog:Security","sourcetype":"WinEventLog:Security","index":"windows","EventCode":4625,"event_id":4625,"log_name":"Security","computer":"WIN-CLIENT-05.corp.local","provider_name":"Microsoft-Windows-Security-Auditing","level":"Information","record_id":100915,"scenario":"Normal Failed Logon (user error)","attack_phase":"None","mitre_technique":"None","severity":"low","is_suspicious":false,"subject_user":"SYSTEM","subject_domain":"NT AUTHORITY","target_user":"rpatel","target_domain":"CORP","src_ip":"10.10.10.15","src_port":56617,"dest_host":"WIN-CLIENT-05","logon_type":2,"authentication_package":"NTLM","status":"0xC000006D","sub_status":"0xC0000072","process_name":"C:\\Windows\\System32\\winlogon.exe","process_id":"0x2a4","message":"An account failed to log on. Reason: Account disabled"}
{"timestamp":"2026-09-04T08:22:23Z","host":"WIN-CLIENT-03","source":"WinEventLog:Security","sourcetype":"WinEventLog:Security","index":"windows","EventCode":4625,"event_id":4625,"log_name":"Security","computer":"WIN-CLIENT-03.corp.local","provider_name":"Microsoft-Windows-Security-Auditing","level":"Information","record_id":100916,"scenario":"Normal Failed Logon (user error)","attack_phase":"None","mitre_technique":"None","severity":"low","is_suspicious":false,"subject_user":"SYSTEM","subject_domain":"NT AUTHORITY","target_user":"tnguyen","target_domain":"CORP","src_ip":"10.10.10.223","src_port":50767,"dest_host":"WIN-CLIENT-03","logon_type":2,"authentication_package":"NTLM","status":"0xC000006D","sub_status":"0xC0000072","process_name":"C:\\Windows\\System32\\winlogon.exe","process_id":"0x2a4","message":"An account failed to log on. Reason: Account disabled"}
{"timestamp":"2026-09-04T08:27:32Z","host":"WIN-CLIENT-02","source":"WinEventLog:Security","sourcetype":"WinEventLog:Security","index":"windows","EventCode":4625,"event_id":4625,"log_name":"Security","computer":"WIN-CLIENT-02.corp.local","provider_name":"Microsoft-Windows-Security-Auditing","level":"Information","record_id":100917,"scenario":"Normal Failed Logon (user error)","attack_phase":"None","mitre_technique":"None","severity":"low","is_suspicious":false,"subject_user":"SYSTEM","subject_domain":"NT AUTHORITY","target_user":"tnguyen","target_domain":"CORP","src_ip":"10.10.10.132","src_port":65000,"dest_host":"WIN-CLIENT-02","logon_type":2,"authentication_package":"NTLM","status":"0xC000006D","sub_status":"0xC0000193","process_name":"C:\\Windows\\System32\\winlogon.exe","process_id":"0x2a4","message":"An account failed to log on. Reason: Account expired"}
{"timestamp":"2026-09-04T08:33:05Z","host":"WIN-CLIENT-05","source":"WinEventLog:Security","sourcetype":"WinEventLog:Security","index":"windows","EventCode":4625,"event_id":4625,"log_name":"Security","computer":"WIN-CLIENT-05.corp.local","provider_name":"Microsoft-Windows-Security-Auditing","level":"Information","record_id":100918,"scenario":"Normal Failed Logon (user error)","attack_phase":"None","mitre_technique":"None","severity":"low","is_suspicious":false,"subject_user":"SYSTEM","subject_domain":"NT AUTHORITY","target_user":"dohara","target_domain":"CORP","src_ip":"10.10.10.49","src_port":52258,"dest_host":"WIN-CLIENT-05","logon_type":3,"authentication_package":"NTLM","status":"0xC000006D","sub_status":"0xC000006A","process_name":"C:\\Windows\\System32\\winlogon.exe","process_id":"0x2a4","message":"An account failed to log on. Reason: Incorrect password"}
{"timestamp":"2026-09-04T08:42:49Z","host":"WIN-CLIENT-01","source":"WinEventLog:Security","sourcetype":"WinEventLog:Security","index":"windows","EventCode":4625,"event_id":4625,"log_name":"Security","computer":"WIN-CLIENT-01.corp.local","provider_name":"Microsoft-Windows-Security-Auditing","level":"Information","record_id":100919,"scenario":"Normal Failed Logon (user error)","attack_phase":"None","mitre_technique":"None","severity":"low","is_suspicious":false,"subject_user":"SYSTEM","subject_domain":"NT AUTHORITY","target_user":"jsmith","target_domain":"CORP","src_ip":"10.10.10.238","src_port":57673,"dest_host":"WIN-CLIENT-01","logon_type":3,"authentication_package":"NTLM","status":"0xC000006D","sub_status":"0xC0000064","process_name":"C:\\Windows\\System32\\winlogon.exe","process_id":"0x2a4","message":"An account failed to log on. Reason: Invalid username"}
{"timestamp":"2026-09-04T08:48:40Z","host":"WIN-CLIENT-04","source":"WinEventLog:Security","sourcetype":"WinEventLog:Security","index":"windows","EventCode":4625,"event_id":4625,"log_name":"Security","computer":"WIN-CLIENT-04.corp.local","provider_name":"Microsoft-Windows-Security-Auditing","level":"Information","record_id":100920,"scenario":"Normal Failed Logon (user error)","attack_phase":"None","mitre_technique":"None","severity":"low","is_suspicious":false,"subject_user":"SYSTEM","subject_domain":"NT AUTHORITY","target_user":"dohara","target_domain":"CORP","src_ip":"10.10.10.6","src_port":54681,"dest_host":"WIN-CLIENT-04","logon_type":3,"authentication_package":"NTLM","status":"0xC000006D","sub_status":"0xC0000064","process_name":"C:\\Windows\\System32\\winlogon.exe","process_id":"0x2a4","message":"An account failed to log on. Reason: Invalid username"}
{"timestamp":"2026-09-04T08:54:53Z","host":"WIN-CLIENT-02","source":"WinEventLog:Security","sourcetype":"WinEventLog:Security","index":"windows","EventCode":4625,"event_id":4625,"log_name":"Security","computer":"WIN-CLIENT-02.corp.local","provider_name":"Microsoft-Windows-Security-Auditing","level":"Information","record_id":100921,"scenario":"Normal Failed Logon (user error)","attack_phase":"None","mitre_technique":"None","severity":"low","is_suspicious":false,"subject_user":"SYSTEM","subject_domain":"NT AUTHORITY","target_user":"lwilson","target_domain":"CORP","src_ip":"10.10.10.209","src_port":50015,"dest_host":"WIN-CLIENT-02","logon_type":3,"authentication_package":"NTLM","status":"0xC000006D","sub_status":"0xC0000072","process_name":"C:\\Windows\\System32\\winlogon.exe","process_id":"0x2a4","message":"An account failed to log on. Reason: Account disabled"}
{"timestamp":"2026-09-04T09:01:39Z","host":"WIN-CLIENT-05","source":"WinEventLog:Security","sourcetype":"WinEventLog:Security","index":"windows","EventCode":4625,"event_id":4625,"log_name":"Security","computer":"WIN-CLIENT-05.corp.local","provider_name":"Microsoft-Windows-Security-Auditing","level":"Information","record_id":100922,"scenario":"Normal Failed Logon (user error)","attack_phase":"None","mitre_technique":"None","severity":"low","is_suspicious":false,"subject_user":"SYSTEM","subject_domain":"NT AUTHORITY","target_user":"jsmith","target_domain":"CORP","src_ip":"10.10.10.59","src_port":51485,"dest_host":"WIN-CLIENT-05","logon_type":3,"authentication_package":"NTLM","status":"0xC000006D","sub_status":"0xC0000072","process_name":"C:\\Windows\\System32\\winlogon.exe","process_id":"0x2a4","message":"An account failed to log on. Reason: Account disabled"}
{"timestamp":"2026-09-04T09:08:31Z","host":"WIN-CLIENT-01","source":"WinEventLog:Security","sourcetype":"WinEventLog:Security","index":"windows","EventCode":4625,"event_id":4625,"log_name":"Security","computer":"WIN-CLIENT-01.corp.local","provider_name":"Microsoft-Windows-Security-Auditing","level":"Information","record_id":100923,"scenario":"Normal Failed Logon (user error)","attack_phase":"None","mitre_technique":"None","severity":"low","is_suspicious":false,"subject_user":"SYSTEM","subject_domain":"NT AUTHORITY","target_user":"mchen","target_domain":"CORP","src_ip":"10.10.10.135","src_port":64738,"dest_host":"WIN-CLIENT-01","logon_type":2,"authentication_package":"NTLM","status":"0xC000006D","sub_status":"0xC0000193","process_name":"C:\\Windows\\System32\\winlogon.exe","process_id":"0x2a4","message":"An account failed to log on. Reason: Account expired"}
{"timestamp":"2026-09-04T09:15:48Z","host":"WIN-CLIENT-05","source":"WinEventLog:Security","sourcetype":"WinEventLog:Security","index":"windows","EventCode":4625,"event_id":4625,"log_name":"Security","computer":"WIN-CLIENT-05.corp.local","provider_name":"Microsoft-Windows-Security-Auditing","level":"Information","record_id":100924,"scenario":"Normal Failed Logon (user error)","attack_phase":"None","mitre_technique":"None","severity":"low","is_suspicious":false,"subject_user":"SYSTEM","subject_domain":"NT AUTHORITY","target_user":"rpatel","target_domain":"CORP","src_ip":"10.10.10.111","src_port":64901,"dest_host":"WIN-CLIENT-05","logon_type":3,"authentication_package":"NTLM","status":"0xC000006D","sub_status":"0xC0000064","process_name":"C:\\Windows\\System32\\winlogon.exe","process_id":"0x2a4","message":"An account failed to log on. Reason: Invalid username"}
{"timestamp":"2026-09-04T09:26:17Z","host":"WIN-CLIENT-04","source":"WinEventLog:Security","sourcetype":"WinEventLog:Security","index":"windows","EventCode":4625,"event_id":4625,"log_name":"Security","computer":"WIN-CLIENT-04.corp.local","provider_name":"Microsoft-Windows-Security-Auditing","level":"Information","record_id":100925,"scenario":"Normal Failed Logon (user error)","attack_phase":"None","mitre_technique":"None","severity":"low","is_suspicious":false,"subject_user":"SYSTEM","subject_domain":"NT AUTHORITY","target_user":"kwright","target_domain":"CORP","src_ip":"10.10.10.54","src_port":59690,"dest_host":"WIN-CLIENT-04","logon_type":2,"authentication_package":"NTLM","status":"0xC000006D","sub_status":"0xC0000064","process_name":"C:\\Windows\\System32\\winlogon.exe","process_id":"0x2a4","message":"An account failed to log on. Reason: Invalid username"}
{"timestamp":"2026-09-04T09:36:21Z","host":"WIN-CLIENT-02","source":"WinEventLog:Security","sourcetype":"WinEventLog:Security","index":"windows","EventCode":4625,"event_id":4625,"log_name":"Security","computer":"WIN-CLIENT-02.corp.local","provider_name":"Microsoft-Windows-Security-Auditing","level":"Information","record_id":100926,"scenario":"Normal Failed Logon (user error)","attack_phase":"None","mitre_technique":"None","severity":"low","is_suspicious":false,"subject_user":"SYSTEM","subject_domain":"NT AUTHORITY","target_user":"sbrooks","target_domain":"CORP","src_ip":"10.10.10.81","src_port":60280,"dest_host":"WIN-CLIENT-02","logon_type":2,"authentication_package":"NTLM","status":"0xC000006D","sub_status":"0xC0000064","process_name":"C:\\Windows\\System32\\winlogon.exe","process_id":"0x2a4","message":"An account failed to log on. Reason: Invalid username"}
{"timestamp":"2026-09-04T09:43:51Z","host":"WIN-CLIENT-05","source":"WinEventLog:Security","sourcetype":"WinEventLog:Security","index":"windows","EventCode":4625,"event_id":4625,"log_name":"Security","computer":"WIN-CLIENT-05.corp.local","provider_name":"Microsoft-Windows-Security-Auditing","level":"Information","record_id":100927,"scenario":"Normal Failed Logon (user error)","attack_phase":"None","mitre_technique":"None","severity":"low","is_suspicious":false,"subject_user":"SYSTEM","subject_domain":"NT AUTHORITY","target_user":"mchen","target_domain":"CORP","src_ip":"10.10.10.83","src_port":50111,"dest_host":"WIN-CLIENT-05","logon_type":2,"authentication_package":"NTLM","status":"0xC000006D","sub_status":"0xC0000064","process_name":"C:\\Windows\\System32\\winlogon.exe","process_id":"0x2a4","message":"An account failed to log on. Reason: Invalid username"}
{"timestamp":"2026-09-04T09:47:09Z","host":"WIN-CLIENT-02","source":"WinEventLog:Security","sourcetype":"WinEventLog:Security","index":"windows","EventCode":4625,"event_id":4625,"log_name":"Security","computer":"WIN-CLIENT-02.corp.local","provider_name":"Microsoft-Windows-Security-Auditing","level":"Information","record_id":100928,"scenario":"Normal Failed Logon (user error)","attack_phase":"None","mitre_technique":"None","severity":"low","is_suspicious":false,"subject_user":"SYSTEM","subject_domain":"NT AUTHORITY","target_user":"kwright","target_domain":"CORP","src_ip":"10.10.10.197","src_port":54221,"dest_host":"WIN-CLIENT-02","logon_type":3,"authentication_package":"NTLM","status":"0xC000006D","sub_status":"0xC000006A","process_name":"C:\\Windows\\System32\\winlogon.exe","process_id":"0x2a4","message":"An account failed to log on. Reason: Incorrect password"}
{"timestamp":"2026-09-04T09:54:20Z","host":"WIN-CLIENT-04","source":"WinEventLog:Security","sourcetype":"WinEventLog:Security","index":"windows","EventCode":4625,"event_id":4625,"log_name":"Security","computer":"WIN-CLIENT-04.corp.local","provider_name":"Microsoft-Windows-Security-Auditing","level":"Information","record_id":100929,"scenario":"Normal Failed Logon (user error)","attack_phase":"None","mitre_technique":"None","severity":"low","is_suspicious":false,"subject_user":"SYSTEM","subject_domain":"NT AUTHORITY","target_user":"lwilson","target_domain":"CORP","src_ip":"10.10.10.40","src_port":61764,"dest_host":"WIN-CLIENT-04","logon_type":2,"authentication_package":"NTLM","status":"0xC000006D","sub_status":"0xC0000072","process_name":"C:\\Windows\\System32\\winlogon.exe","process_id":"0x2a4","message":"An account failed to log on. Reason: Account disabled"}
{"timestamp":"2026-09-04T09:56:19Z","host":"WIN-CLIENT-02","source":"WinEventLog:Security","sourcetype":"WinEventLog:Security","index":"windows","EventCode":4625,"event_id":4625,"log_name":"Security","computer":"WIN-CLIENT-02.corp.local","provider_name":"Microsoft-Windows-Security-Auditing","level":"Information","record_id":100930,"scenario":"Normal Failed Logon (user error)","attack_phase":"None","mitre_technique":"None","severity":"low","is_suspicious":false,"subject_user":"SYSTEM","subject_domain":"NT AUTHORITY","target_user":"mchen","target_domain":"CORP","src_ip":"10.10.10.197","src_port":59026,"dest_host":"WIN-CLIENT-02","logon_type":3,"authentication_package":"NTLM","status":"0xC000006D","sub_status":"0xC000006A","process_name":"C:\\Windows\\System32\\winlogon.exe","process_id":"0x2a4","message":"An account failed to log on. Reason: Incorrect password"}
{"timestamp":"2026-09-04T10:06:49Z","host":"WIN-CLIENT-05","source":"WinEventLog:Security","sourcetype":"WinEventLog:Security","index":"windows","EventCode":4625,"event_id":4625,"log_name":"Security","computer":"WIN-CLIENT-05.corp.local","provider_name":"Microsoft-Windows-Security-Auditing","level":"Information","record_id":100931,"scenario":"Normal Failed Logon (user error)","attack_phase":"None","mitre_technique":"None","severity":"low","is_suspicious":false,"subject_user":"SYSTEM","subject_domain":"NT AUTHORITY","target_user":"cwalker","target_domain":"CORP","src_ip":"10.10.10.154","src_port":52804,"dest_host":"WIN-CLIENT-05","logon_type":2,"authentication_package":"NTLM","status":"0xC000006D","sub_status":"0xC0000064","process_name":"C:\\Windows\\System32\\winlogon.exe","process_id":"0x2a4","message":"An account failed to log on. Reason: Invalid username"}
{"timestamp":"2026-09-04T10:18:42Z","host":"WIN-CLIENT-03","source":"WinEventLog:Security","sourcetype":"WinEventLog:Security","index":"windows","EventCode":4625,"event_id":4625,"log_name":"Security","computer":"WIN-CLIENT-03.corp.local","provider_name":"Microsoft-Windows-Security-Auditing","level":"Information","record_id":100932,"scenario":"Normal Failed Logon (user error)","attack_phase":"None","mitre_technique":"None","severity":"low","is_suspicious":false,"subject_user":"SYSTEM","subject_domain":"NT AUTHORITY","target_user":"jsmith","target_domain":"CORP","src_ip":"10.10.10.178","src_port":61776,"dest_host":"WIN-CLIENT-03","logon_type":3,"authentication_package":"NTLM","status":"0xC000006D","sub_status":"0xC000006A","process_name":"C:\\Windows\\System32\\winlogon.exe","process_id":"0x2a4","message":"An account failed to log on. Reason: Incorrect password"}
{"timestamp":"2026-09-04T10:21:09Z","host":"WIN-CLIENT-05","source":"WinEventLog:Security","sourcetype":"WinEventLog:Security","index":"windows","EventCode":4625,"event_id":4625,"log_name":"Security","computer":"WIN-CLIENT-05.corp.local","provider_name":"Microsoft-Windows-Security-Auditing","level":"Information","record_id":100933,"scenario":"Normal Failed Logon (user error)","attack_phase":"None","mitre_technique":"None","severity":"low","is_suspicious":false,"subject_user":"SYSTEM","subject_domain":"NT AUTHORITY","target_user":"sbrooks","target_domain":"CORP","src_ip":"10.10.10.184","src_port":59642,"dest_host":"WIN-CLIENT-05","logon_type":3,"authentication_package":"NTLM","status":"0xC000006D","sub_status":"0xC0000193","process_name":"C:\\Windows\\System32\\winlogon.exe","process_id":"0x2a4","message":"An account failed to log on. Reason: Account expired"}
{"timestamp":"2026-09-04T10:24:27Z","host":"WIN-CLIENT-04","source":"WinEventLog:Security","sourcetype":"WinEventLog:Security","index":"windows","EventCode":4625,"event_id":4625,"log_name":"Security","computer":"WIN-CLIENT-04.corp.local","provider_name":"Microsoft-Windows-Security-Auditing","level":"Information","record_id":100934,"scenario":"Normal Failed Logon (user error)","attack_phase":"None","mitre_technique":"None","severity":"low","is_suspicious":false,"subject_user":"SYSTEM","subject_domain":"NT AUTHORITY","target_user":"tnguyen","target_domain":"CORP","src_ip":"10.10.10.37","src_port":51683,"dest_host":"WIN-CLIENT-04","logon_type":2,"authentication_package":"NTLM","status":"0xC000006D","sub_status":"0xC0000193","process_name":"C:\\Windows\\System32\\winlogon.exe","process_id":"0x2a4","message":"An account failed to log on. Reason: Account expired"}
{"timestamp":"2026-09-04T10:28:28Z","host":"WIN-CLIENT-04","source":"WinEventLog:Security","sourcetype":"WinEventLog:Security","index":"windows","EventCode":4625,"event_id":4625,"log_name":"Security","computer":"WIN-CLIENT-04.corp.local","provider_name":"Microsoft-Windows-Security-Auditing","level":"Information","record_id":100935,"scenario":"Normal Failed Logon (user error)","attack_phase":"None","mitre_technique":"None","severity":"low","is_suspicious":false,"subject_user":"SYSTEM","subject_domain":"NT AUTHORITY","target_user":"jsmith","target_domain":"CORP","src_ip":"10.10.10.238","src_port":53421,"dest_host":"WIN-CLIENT-04","logon_type":3,"authentication_package":"NTLM","status":"0xC000006D","sub_status":"0xC000006A","process_name":"C:\\Windows\\System32\\winlogon.exe","process_id":"0x2a4","message":"An account failed to log on. Reason: Incorrect password"}
{"timestamp":"2026-09-04T10:32:25Z","host":"WIN-CLIENT-02","source":"WinEventLog:Security","sourcetype":"WinEventLog:Security","index":"windows","EventCode":4625,"event_id":4625,"log_name":"Security","computer":"WIN-CLIENT-02.corp.local","provider_name":"Microsoft-Windows-Security-Auditing","level":"Information","record_id":100936,"scenario":"Normal Failed Logon (user error)","attack_phase":"None","mitre_technique":"None","severity":"low","is_suspicious":false,"subject_user":"SYSTEM","subject_domain":"NT AUTHORITY","target_user":"rpatel","target_domain":"CORP","src_ip":"10.10.10.47","src_port":64189,"dest_host":"WIN-CLIENT-02","logon_type":3,"authentication_package":"NTLM","status":"0xC000006D","sub_status":"0xC000006A","process_name":"C:\\Windows\\System32\\winlogon.exe","process_id":"0x2a4","message":"An account failed to log on. Reason: Incorrect password"}
{"timestamp":"2026-09-04T10:47:22Z","host":"WIN-CLIENT-04","source":"WinEventLog:Security","sourcetype":"WinEventLog:Security","index":"windows","EventCode":4625,"event_id":4625,"log_name":"Security","computer":"WIN-CLIENT-04.corp.local","provider_name":"Microsoft-Windows-Security-Auditing","level":"Information","record_id":100937,"scenario":"Normal Failed Logon (user error)","attack_phase":"None","mitre_technique":"None","severity":"low","is_suspicious":false,"subject_user":"SYSTEM","subject_domain":"NT AUTHORITY","target_user":"cwalker","target_domain":"CORP","src_ip":"10.10.10.223","src_port":56496,"dest_host":"WIN-CLIENT-04","logon_type":2,"authentication_package":"NTLM","status":"0xC000006D","sub_status":"0xC0000072","process_name":"C:\\Windows\\System32\\winlogon.exe","process_id":"0x2a4","message":"An account failed to log on. Reason: Account disabled"}
{"timestamp":"2026-09-04T10:54:49Z","host":"WIN-CLIENT-01","source":"WinEventLog:Security","sourcetype":"WinEventLog:Security","index":"windows","EventCode":4625,"event_id":4625,"log_name":"Security","computer":"WIN-CLIENT-01.corp.local","provider_name":"Microsoft-Windows-Security-Auditing","level":"Information","record_id":100938,"scenario":"Normal Failed Logon (user error)","attack_phase":"None","mitre_technique":"None","severity":"low","is_suspicious":false,"subject_user":"SYSTEM","subject_domain":"NT AUTHORITY","target_user":"tnguyen","target_domain":"CORP","src_ip":"10.10.10.186","src_port":54126,"dest_host":"WIN-CLIENT-01","logon_type":3,"authentication_package":"NTLM","status":"0xC000006D","sub_status":"0xC0000193","process_name":"C:\\Windows\\System32\\winlogon.exe","process_id":"0x2a4","message":"An account failed to log on. Reason: Account expired"}
{"timestamp":"2026-09-04T11:05:25Z","host":"WIN-CLIENT-05","source":"WinEventLog:Security","sourcetype":"WinEventLog:Security","index":"windows","EventCode":4625,"event_id":4625,"log_name":"Security","computer":"WIN-CLIENT-05.corp.local","provider_name":"Microsoft-Windows-Security-Auditing","level":"Information","record_id":100939,"scenario":"Normal Failed Logon (user error)","attack_phase":"None","mitre_technique":"None","severity":"low","is_suspicious":false,"subject_user":"SYSTEM","subject_domain":"NT AUTHORITY","target_user":"cwalker","target_domain":"CORP","src_ip":"10.10.10.135","src_port":50791,"dest_host":"WIN-CLIENT-05","logon_type":3,"authentication_package":"NTLM","status":"0xC000006D","sub_status":"0xC000006A","process_name":"C:\\Windows\\System32\\winlogon.exe","process_id":"0x2a4","message":"An account failed to log on. Reason: Incorrect password"}
{"timestamp":"2026-09-04T11:13:22Z","host":"WIN-CLIENT-02","source":"WinEventLog:Security","sourcetype":"WinEventLog:Security","index":"windows","EventCode":4625,"event_id":4625,"log_name":"Security","computer":"WIN-CLIENT-02.corp.local","provider_name":"Microsoft-Windows-Security-Auditing","level":"Information","record_id":100940,"scenario":"Normal Failed Logon (user error)","attack_phase":"None","mitre_technique":"None","severity":"low","is_suspicious":false,"subject_user":"SYSTEM","subject_domain":"NT AUTHORITY","target_user":"jsmith","target_domain":"CORP","src_ip":"10.10.10.190","src_port":49643,"dest_host":"WIN-CLIENT-02","logon_type":3,"authentication_package":"NTLM","status":"0xC000006D","sub_status":"0xC0000193","process_name":"C:\\Windows\\System32\\winlogon.exe","process_id":"0x2a4","message":"An account failed to log on. Reason: Account expired"}
{"timestamp":"2026-09-04T11:22:20Z","host":"WIN-CLIENT-02","source":"WinEventLog:Security","sourcetype":"WinEventLog:Security","index":"windows","EventCode":4625,"event_id":4625,"log_name":"Security","computer":"WIN-CLIENT-02.corp.local","provider_name":"Microsoft-Windows-Security-Auditing","level":"Information","record_id":100941,"scenario":"Normal Failed Logon (user error)","attack_phase":"None","mitre_technique":"None","severity":"low","is_suspicious":false,"subject_user":"SYSTEM","subject_domain":"NT AUTHORITY","target_user":"jsmith","target_domain":"CORP","src_ip":"10.10.10.114","src_port":55521,"dest_host":"WIN-CLIENT-02","logon_type":3,"authentication_package":"NTLM","status":"0xC000006D","sub_status":"0xC0000072","process_name":"C:\\Windows\\System32\\winlogon.exe","process_id":"0x2a4","message":"An account failed to log on. Reason: Account disabled"}
{"timestamp":"2026-09-04T11:35:42Z","host":"WIN-CLIENT-04","source":"WinEventLog:Security","sourcetype":"WinEventLog:Security","index":"windows","EventCode":4625,"event_id":4625,"log_name":"Security","computer":"WIN-CLIENT-04.corp.local","provider_name":"Microsoft-Windows-Security-Auditing","level":"Information","record_id":100942,"scenario":"Normal Failed Logon (user error)","attack_phase":"None","mitre_technique":"None","severity":"low","is_suspicious":false,"subject_user":"SYSTEM","subject_domain":"NT AUTHORITY","target_user":"lwilson","target_domain":"CORP","src_ip":"10.10.10.110","src_port":53823,"dest_host":"WIN-CLIENT-04","logon_type":2,"authentication_package":"NTLM","status":"0xC000006D","sub_status":"0xC0000064","process_name":"C:\\Windows\\System32\\winlogon.exe","process_id":"0x2a4","message":"An account failed to log on. Reason: Invalid username"}
{"timestamp":"2026-09-04T11:47:38Z","host":"WIN-CLIENT-02","source":"WinEventLog:Security","sourcetype":"WinEventLog:Security","index":"windows","EventCode":4625,"event_id":4625,"log_name":"Security","computer":"WIN-CLIENT-02.corp.local","provider_name":"Microsoft-Windows-Security-Auditing","level":"Information","record_id":100943,"scenario":"Normal Failed Logon (user error)","attack_phase":"None","mitre_technique":"None","severity":"low","is_suspicious":false,"subject_user":"SYSTEM","subject_domain":"NT AUTHORITY","target_user":"sbrooks","target_domain":"CORP","src_ip":"10.10.10.214","src_port":59585,"dest_host":"WIN-CLIENT-02","logon_type":3,"authentication_package":"NTLM","status":"0xC000006D","sub_status":"0xC0000193","process_name":"C:\\Windows\\System32\\winlogon.exe","process_id":"0x2a4","message":"An account failed to log on. Reason: Account expired"}
{"timestamp":"2026-09-04T11:49:20Z","host":"WIN-CLIENT-01","source":"WinEventLog:Security","sourcetype":"WinEventLog:Security","index":"windows","EventCode":4625,"event_id":4625,"log_name":"Security","computer":"WIN-CLIENT-01.corp.local","provider_name":"Microsoft-Windows-Security-Auditing","level":"Information","record_id":100944,"scenario":"Normal Failed Logon (user error)","attack_phase":"None","mitre_technique":"None","severity":"low","is_suspicious":false,"subject_user":"SYSTEM","subject_domain":"NT AUTHORITY","target_user":"sbrooks","target_domain":"CORP","src_ip":"10.10.10.201","src_port":58591,"dest_host":"WIN-CLIENT-01","logon_type":2,"authentication_package":"NTLM","status":"0xC000006D","sub_status":"0xC0000064","process_name":"C:\\Windows\\System32\\winlogon.exe","process_id":"0x2a4","message":"An account failed to log on. Reason: Invalid username"}
{"timestamp":"2026-09-04T11:56:12Z","host":"WIN-CLIENT-03","source":"WinEventLog:Security","sourcetype":"WinEventLog:Security","index":"windows","EventCode":4625,"event_id":4625,"log_name":"Security","computer":"WIN-CLIENT-03.corp.local","provider_name":"Microsoft-Windows-Security-Auditing","level":"Information","record_id":100945,"scenario":"Normal Failed Logon (user error)","attack_phase":"None","mitre_technique":"None","severity":"low","is_suspicious":false,"subject_user":"SYSTEM","subject_domain":"NT AUTHORITY","target_user":"tnguyen","target_domain":"CORP","src_ip":"10.10.10.8","src_port":51930,"dest_host":"WIN-CLIENT-03","logon_type":3,"authentication_package":"NTLM","status":"0xC000006D","sub_status":"0xC0000193","process_name":"C:\\Windows\\System32\\winlogon.exe","process_id":"0x2a4","message":"An account failed to log on. Reason: Account expired"}
{"timestamp":"2026-09-04T12:06:26Z","host":"WIN-CLIENT-04","source":"WinEventLog:Security","sourcetype":"WinEventLog:Security","index":"windows","EventCode":4625,"event_id":4625,"log_name":"Security","computer":"WIN-CLIENT-04.corp.local","provider_name":"Microsoft-Windows-Security-Auditing","level":"Information","record_id":100946,"scenario":"Normal Failed Logon (user error)","attack_phase":"None","mitre_technique":"None","severity":"low","is_suspicious":false,"subject_user":"SYSTEM","subject_domain":"NT AUTHORITY","target_user":"rpatel","target_domain":"CORP","src_ip":"10.10.10.66","src_port":54309,"dest_host":"WIN-CLIENT-04","logon_type":2,"authentication_package":"NTLM","status":"0xC000006D","sub_status":"0xC000006A","process_name":"C:\\Windows\\System32\\winlogon.exe","process_id":"0x2a4","message":"An account failed to log on. Reason: Incorrect password"}
{"timestamp":"2026-09-04T12:18:51Z","host":"WIN-CLIENT-01","source":"WinEventLog:Security","sourcetype":"WinEventLog:Security","index":"windows","EventCode":4625,"event_id":4625,"log_name":"Security","computer":"WIN-CLIENT-01.corp.local","provider_name":"Microsoft-Windows-Security-Auditing","level":"Information","record_id":100947,"scenario":"Normal Failed Logon (user error)","attack_phase":"None","mitre_technique":"None","severity":"low","is_suspicious":false,"subject_user":"SYSTEM","subject_domain":"NT AUTHORITY","target_user":"agarcia","target_domain":"CORP","src_ip":"10.10.10.182","src_port":56362,"dest_host":"WIN-CLIENT-01","logon_type":3,"authentication_package":"NTLM","status":"0xC000006D","sub_status":"0xC000006A","process_name":"C:\\Windows\\System32\\winlogon.exe","process_id":"0x2a4","message":"An account failed to log on. Reason: Incorrect password"}
