{"timestamp":"2026-09-05T18:42:47Z","host":"WIN-CLIENT-03","source":"WinEventLog:Security","sourcetype":"WinEventLog:Security","index":"windows","EventCode":4625,"event_id":4625,"log_name":"Security","computer":"WIN-CLIENT-03.corp.local","provider_name":"Microsoft-Windows-Security-Auditing","level":"Information","record_id":101176,"scenario":"Normal Failed Logon (user error)","attack_phase":"None","mitre_technique":"None","severity":"low","is_suspicious":false,"subject_user":"SYSTEM","subject_domain":"NT AUTHORITY","target_user":"kwright","target_domain":"CORP","src_ip":"10.10.10.220","src_port":57202,"dest_host":"WIN-CLIENT-03","logon_type":2,"authentication_package":"NTLM","status":"0xC000006D","sub_status":"0xC0000064","process_name":"C:\\Windows\\System32\\winlogon.exe","process_id":"0x2a4","message":"An account failed to log on. Reason: Invalid username"}
{"timestamp":"2026-09-05T18:51:34Z","host":"WIN-CLIENT-01","source":"WinEventLog:Security","sourcetype":"WinEventLog:Security","index":"windows","EventCode":4625,"event_id":4625,"log_name":"Security","computer":"WIN-CLIENT-01.corp.local","provider_name":"Microsoft-Windows-Security-Auditing","level":"Information","record_id":101177,"scenario":"Normal Failed Logon (user error)","attack_phase":"None","mitre_technique":"None","severity":"low","is_suspicious":false,"subject_user":"SYSTEM","subject_domain":"NT AUTHORITY","target_user":"cwalker","target_domain":"CORP","src_ip":"10.10.10.211","src_port":58472,"dest_host":"WIN-CLIENT-01","logon_type":2,"authentication_package":"NTLM","status":"0xC000006D","sub_status":"0xC000006A","process_name":"C:\\Windows\\System32\\winlogon.exe","process_id":"0x2a4","message":"An account failed to log on. Reason: Incorrect password"}
{"timestamp":"2026-09-05T19:00:45Z","host":"WIN-CLIENT-02","source":"WinEventLog:Security","sourcetype":"WinEventLog:Security","index":"windows","EventCode":4625,"event_id":4625,"log_name":"Security","computer":"WIN-CLIENT-02.corp.local","provider_name":"Microsoft-Windows-Security-Auditing","level":"Information","record_id":101178,"scenario":"Normal Failed Logon (user error)","attack_phase":"None","mitre_technique":"None","severity":"low","is_suspicious":false,"subject_user":"SYSTEM","subject_domain":"NT AUTHORITY","target_user":"rpatel","target_domain":"CORP","src_ip":"10.10.10.45","src_port":63772,"dest_host":"WIN-CLIENT-02","logon_type":2,"authentication_package":"NTLM","status":"0xC000006D","sub_status":"0xC0000072","process_name":"C:\\Windows\\System32\\winlogon.exe","process_id":"0x2a4","message":"An account failed to log on. Reason: Account disabled"}
{"timestamp":"2026-09-05T19:13:17Z","host":"WIN-CLIENT-02","source":"WinEventLog:Security","sourcetype":"WinEventLog:Security","index":"windows","EventCode":4625,"event_id":4625,"log_name":"Security","computer":"WIN-CLIENT-02.corp.local","provider_name":"Microsoft-Windows-Security-Auditing","level":"Information","record_id":101179,"scenario":"Normal Failed Logon (user error)","attack_phase":"None","mitre_technique":"None","severity":"low","is_suspicious":false,"subject_user":"SYSTEM","subject_domain":"NT AUTHORITY","target_user":"agarcia","target_domain":"CORP","src_ip":"10.10.10.95","src_port":60438,"dest_host":"WIN-CLIENT-02","logon_type":2,"authentication_package":"NTLM","status":"0xC000006D","sub_status":"0xC0000193","process_name":"C:\\Windows\\System32\\winlogon.exe","process_id":"0x2a4","message":"An account failed to log on. Reason: Account expired"}
{"timestamp":"2026-09-05T19:20:57Z","host":"WIN-CLIENT-02","source":"WinEventLog:Security","sourcetype":"WinEventLog:Security","index":"windows","EventCode":4625,"event_id":4625,"log_name":"Security","computer":"WIN-CLIENT-02.corp.local","provider_name":"Microsoft-Windows-Security-Auditing","level":"Information","record_id":101180,"scenario":"Normal Failed Logon (user error)","attack_phase":"None","mitre_technique":"None","severity":"low","is_suspicious":false,"subject_user":"SYSTEM","subject_domain":"NT AUTHORITY","target_user":"agarcia","target_domain":"CORP","src_ip":"10.10.10.99","src_port":55948,"dest_host":"WIN-CLIENT-02","logon_type":2,"authentication_package":"NTLM","status":"0xC000006D","sub_status":"0xC0000072","process_name":"C:\\Windows\\System32\\winlogon.exe","process_id":"0x2a4","message":"An account failed to log on. Reason: Account disabled"}
{"timestamp":"2026-09-05T19:29:53Z","host":"WIN-CLIENT-04","source":"WinEventLog:Security","sourcetype":"WinEventLog:Security","index":"windows","EventCode":4625,"event_id":4625,"log_name":"Security","computer":"WIN-CLIENT-04.corp.local","provider_name":"Microsoft-Windows-Security-Auditing","level":"Information","record_id":101181,"scenario":"Normal Failed Logon (user error)","attack_phase":"None","mitre_technique":"None","severity":"low","is_suspicious":false,"subject_user":"SYSTEM","subject_domain":"NT AUTHORITY","target_user":"rpatel","target_domain":"CORP","src_ip":"10.10.10.196","src_port":54149,"dest_host":"WIN-CLIENT-04","logon_type":2,"authentication_package":"NTLM","status":"0xC000006D","sub_status":"0xC000006A","process_name":"C:\\Windows\\System32\\winlogon.exe","process_id":"0x2a4","message":"An account failed to log on. Reason: Incorrect password"}
{"timestamp":"2026-09-05T19:38:00Z","host":"WIN-CLIENT-05","source":"WinEventLog:Security","sourcetype":"WinEventLog:Security","index":"windows","EventCode":4625,"event_id":4625,"log_name":"Security","computer":"WIN-CLIENT-05.corp.local","provider_name":"Microsoft-Windows-Security-Auditing","level":"Information","record_id":101182,"scenario":"Normal Failed Logon (user error)","attack_phase":"None","mitre_technique":"None","severity":"low","is_suspicious":false,"subject_user":"SYSTEM","subject_domain":"NT AUTHORITY","target_user":"agarcia","target_domain":"CORP","src_ip":"10.10.10.128","src_port":61489,"dest_host":"WIN-CLIENT-05","logon_type":3,"authentication_package":"NTLM","status":"0xC000006D","sub_status":"0xC0000064","process_name":"C:\\Windows\\System32\\winlogon.exe","process_id":"0x2a4","message":"An account failed to log on. Reason: Invalid username"}
{"timestamp":"2026-09-05T19:50:11Z","host":"WIN-CLIENT-05","source":"WinEventLog:Security","sourcetype":"WinEventLog:Security","index":"windows","EventCode":4625,"event_id":4625,"log_name":"Security","computer":"WIN-CLIENT-05.corp.local","provider_name":"Microsoft-Windows-Security-Auditing","level":"Information","record_id":101183,"scenario":"Normal Failed Logon (user error)","attack_phase":"None","mitre_technique":"None","severity":"low","is_suspicious":false,"subject_user":"SYSTEM","subject_domain":"NT AUTHORITY","target_user":"lwilson","target_domain":"CORP","src_ip":"10.10.10.23","src_port":54375,"dest_host":"WIN-CLIENT-05","logon_type":3,"authentication_package":"NTLM","status":"0xC000006D","sub_status":"0xC000006A","process_name":"C:\\Windows\\System32\\winlogon.exe","process_id":"0x2a4","message":"An account failed to log on. Reason: Incorrect password"}
{"timestamp":"2026-09-05T19:52:19Z","host":"WIN-CLIENT-03","source":"WinEventLog:Security","sourcetype":"WinEventLog:Security","index":"windows","EventCode":4625,"event_id":4625,"log_name":"Security","computer":"WIN-CLIENT-03.corp.local","provider_name":"Microsoft-Windows-Security-Auditing","level":"Information","record_id":101184,"scenario":"Normal Failed Logon (user error)","attack_phase":"None","mitre_technique":"None","severity":"low","is_suspicious":false,"subject_user":"SYSTEM","subject_domain":"NT AUTHORITY","target_user":"tnguyen","target_domain":"CORP","src_ip":"10.10.10.155","src_port":61061,"dest_host":"WIN-CLIENT-03","logon_type":3,"authentication_package":"NTLM","status":"0xC000006D","sub_status":"0xC0000193","process_name":"C:\\Windows\\System32\\winlogon.exe","process_id":"0x2a4","message":"An account failed to log on. Reason: Account expired"}
{"timestamp":"2026-09-05T20:04:12Z","host":"WIN-CLIENT-02","source":"WinEventLog:Security","sourcetype":"WinEventLog:Security","index":"windows","EventCode":4625,"event_id":4625,"log_name":"Security","computer":"WIN-CLIENT-02.corp.local","provider_name":"Microsoft-Windows-Security-Auditing","level":"Information","record_id":101185,"scenario":"Normal Failed Logon (user error)","attack_phase":"None","mitre_technique":"None","severity":"low","is_suspicious":false,"subject_user":"SYSTEM","subject_domain":"NT AUTHORITY","target_user":"dohara","target_domain":"CORP","src_ip":"10.10.10.76","src_port":63014,"dest_host":"WIN-CLIENT-02","logon_type":3,"authentication_package":"NTLM","status":"0xC000006D","sub_status":"0xC0000193","process_name":"C:\\Windows\\System32\\winlogon.exe","process_id":"0x2a4","message":"An account failed to log on. Reason: Account expired"}
{"timestamp":"2026-09-05T20:07:35Z","host":"WIN-CLIENT-04","source":"WinEventLog:Security","sourcetype":"WinEventLog:Security","index":"windows","EventCode":4625,"event_id":4625,"log_name":"Security","computer":"WIN-CLIENT-04.corp.local","provider_name":"Microsoft-Windows-Security-Auditing","level":"Information","record_id":101186,"scenario":"Normal Failed Logon (user error)","attack_phase":"None","mitre_technique":"None","severity":"low","is_suspicious":false,"subject_user":"SYSTEM","subject_domain":"NT AUTHORITY","target_user":"agarcia","target_domain":"CORP","src_ip":"10.10.10.47","src_port":49209,"dest_host":"WIN-CLIENT-04","logon_type":3,"authentication_package":"NTLM","status":"0xC000006D","sub_status":"0xC0000072","process_name":"C:\\Windows\\System32\\winlogon.exe","process_id":"0x2a4","message":"An account failed to log on. Reason: Account disabled"}
{"timestamp":"2026-09-05T20:19:13Z","host":"WIN-CLIENT-04","source":"WinEventLog:Security","sourcetype":"WinEventLog:Security","index":"windows","EventCode":4625,"event_id":4625,"log_name":"Security","computer":"WIN-CLIENT-04.corp.local","provider_name":"Microsoft-Windows-Security-Auditing","level":"Information","record_id":101187,"scenario":"Normal Failed Logon (user error)","attack_phase":"None","mitre_technique":"None","severity":"low","is_suspicious":false,"subject_user":"SYSTEM","subject_domain":"NT AUTHORITY","target_user":"agarcia","target_domain":"CORP","src_ip":"10.10.10.135","src_port":59789,"dest_host":"WIN-CLIENT-04","logon_type":2,"authentication_package":"NTLM","status":"0xC000006D","sub_status":"0xC0000193","process_name":"C:\\Windows\\System32\\winlogon.exe","process_id":"0x2a4","message":"An account failed to log on. Reason: Account expired"}
{"timestamp":"2026-09-05T20:21:25Z","host":"WIN-CLIENT-04","source":"WinEventLog:Security","sourcetype":"WinEventLog:Security","index":"windows","EventCode":4625,"event_id":4625,"log_name":"Security","computer":"WIN-CLIENT-04.corp.local","provider_name":"Microsoft-Windows-Security-Auditing","level":"Information","record_id":101188,"scenario":"Normal Failed Logon (user error)","attack_phase":"None","mitre_technique":"None","severity":"low","is_suspicious":false,"subject_user":"SYSTEM","subject_domain":"NT AUTHORITY","target_user":"mchen","target_domain":"CORP","src_ip":"10.10.10.179","src_port":58675,"dest_host":"WIN-CLIENT-04","logon_type":2,"authentication_package":"NTLM","status":"0xC000006D","sub_status":"0xC0000193","process_name":"C:\\Windows\\System32\\winlogon.exe","process_id":"0x2a4","message":"An account failed to log on. Reason: Account expired"}
{"timestamp":"2026-09-05T20:34:14Z","host":"WIN-CLIENT-01","source":"WinEventLog:Security","sourcetype":"WinEventLog:Security","index":"windows","EventCode":4625,"event_id":4625,"log_name":"Security","computer":"WIN-CLIENT-01.corp.local","provider_name":"Microsoft-Windows-Security-Auditing","level":"Information","record_id":101189,"scenario":"Normal Failed Logon (user error)","attack_phase":"None","mitre_technique":"None","severity":"low","is_suspicious":false,"subject_user":"SYSTEM","subject_domain":"NT AUTHORITY","target_user":"mchen","target_domain":"CORP","src_ip":"10.10.10.52","src_port":54548,"dest_host":"WIN-CLIENT-01","logon_type":2,"authentication_package":"NTLM","status":"0xC000006D","sub_status":"0xC0000072","process_name":"C:\\Windows\\System32\\winlogon.exe","process_id":"0x2a4","message":"An account failed to log on. Reason: Account disabled"}
{"timestamp":"2026-09-05T20:44:33Z","host":"WIN-CLIENT-01","source":"WinEventLog:Security","sourcetype":"WinEventLog:Security","index":"windows","EventCode":4625,"event_id":4625,"log_name":"Security","computer":"WIN-CLIENT-01.corp.local","provider_name":"Microsoft-Windows-Security-Auditing","level":"Information","record_id":101190,"scenario":"Normal Failed Logon (user error)","attack_phase":"None","mitre_technique":"None","severity":"low","is_suspicious":false,"subject_user":"SYSTEM","subject_domain":"NT AUTHORITY","target_user":"tnguyen","target_domain":"CORP","src_ip":"10.10.10.216","src_port":55958,"dest_host":"WIN-CLIENT-01","logon_type":3,"authentication_package":"NTLM","status":"0xC000006D","sub_status":"0xC0000064","process_name":"C:\\Windows\\System32\\winlogon.exe","process_id":"0x2a4","message":"An account failed to log on. Reason: Invalid username"}
{"timestamp":"2026-09-05T20:49:28Z","host":"WIN-CLIENT-05","source":"WinEventLog:Security","sourcetype":"WinEventLog:Security","index":"windows","EventCode":4625,"event_id":4625,"log_name":"Security","computer":"WIN-CLIENT-05.corp.local","provider_name":"Microsoft-Windows-Security-Auditing","level":"Information","record_id":101191,"scenario":"Normal Failed Logon (user error)","attack_phase":"None","mitre_technique":"None","severity":"low","is_suspicious":false,"subject_user":"SYSTEM","subject_domain":"NT AUTHORITY","target_user":"cwalker","target_domain":"CORP","src_ip":"10.10.10.195","src_port":61935,"dest_host":"WIN-CLIENT-05","logon_type":3,"authentication_package":"NTLM","status":"0xC000006D","sub_status":"0xC0000072","process_name":"C:\\Windows\\System32\\winlogon.exe","process_id":"0x2a4","message":"An account failed to log on. Reason: Account disabled"}
{"timestamp":"2026-09-05T20:55:42Z","host":"WIN-CLIENT-05","source":"WinEventLog:Security","sourcetype":"WinEventLog:Security","index":"windows","EventCode":4625,"event_id":4625,"log_name":"Security","computer":"WIN-CLIENT-05.corp.local","provider_name":"Microsoft-Windows-Security-Auditing","level":"Information","record_id":101192,"scenario":"Normal Failed Logon (user error)","attack_phase":"None","mitre_technique":"None","severity":"low","is_suspicious":false,"subject_user":"SYSTEM","subject_domain":"NT AUTHORITY","target_user":"dohara","target_domain":"CORP","src_ip":"10.10.10.126","src_port":57379,"dest_host":"WIN-CLIENT-05","logon_type":3,"authentication_package":"NTLM","status":"0xC000006D","sub_status":"0xC0000193","process_name":"C:\\Windows\\System32\\winlogon.exe","process_id":"0x2a4","message":"An account failed to log on. Reason: Account expired"}
{"timestamp":"2026-09-05T20:58:22Z","host":"WIN-CLIENT-01","source":"WinEventLog:Security","sourcetype":"WinEventLog:Security","index":"windows","EventCode":4625,"event_id":4625,"log_name":"Security","computer":"WIN-CLIENT-01.corp.local","provider_name":"Microsoft-Windows-Security-Auditing","level":"Information","record_id":101193,"scenario":"Normal Failed Logon (user error)","attack_phase":"None","mitre_technique":"None","severity":"low","is_suspicious":false,"subject_user":"SYSTEM","subject_domain":"NT AUTHORITY","target_user":"dohara","target_domain":"CORP","src_ip":"10.10.10.66","src_port":57017,"dest_host":"WIN-CLIENT-01","logon_type":3,"authentication_package":"NTLM","status":"0xC000006D","sub_status":"0xC000006A","process_name":"C:\\Windows\\System32\\winlogon.exe","process_id":"0x2a4","message":"An account failed to log on. Reason: Incorrect password"}
{"timestamp":"2026-09-05T21:02:28Z","host":"WIN-CLIENT-01","source":"WinEventLog:Security","sourcetype":"WinEventLog:Security","index":"windows","EventCode":4625,"event_id":4625,"log_name":"Security","computer":"WIN-CLIENT-01.corp.local","provider_name":"Microsoft-Windows-Security-Auditing","level":"Information","record_id":101194,"scenario":"Normal Failed Logon (user error)","attack_phase":"None","mitre_technique":"None","severity":"low","is_suspicious":false,"subject_user":"SYSTEM","subject_domain":"NT AUTHORITY","target_user":"mchen","target_domain":"CORP","src_ip":"10.10.10.190","src_port":49865,"dest_host":"WIN-CLIENT-01","logon_type":2,"authentication_package":"NTLM","status":"0xC000006D","sub_status":"0xC000006A","process_name":"C:\\Windows\\System32\\winlogon.exe","process_id":"0x2a4","message":"An account failed to log on. Reason: Incorrect password"}
{"timestamp":"2026-09-05T21:11:08Z","host":"WIN-CLIENT-02","source":"WinEventLog:Security","sourcetype":"WinEventLog:Security","index":"windows","EventCode":4625,"event_id":4625,"log_name":"Security","computer":"WIN-CLIENT-02.corp.local","provider_name":"Microsoft-Windows-Security-Auditing","level":"Information","record_id":101195,"scenario":"Normal Failed Logon (user error)","attack_phase":"None","mitre_technique":"None","severity":"low","is_suspicious":false,"subject_user":"SYSTEM","subject_domain":"NT AUTHORITY","target_user":"jsmith","target_domain":"CORP","src_ip":"10.10.10.156","src_port":60128,"dest_host":"WIN-CLIENT-02","logon_type":3,"authentication_package":"NTLM","status":"0xC000006D","sub_status":"0xC0000193","process_name":"C:\\Windows\\System32\\winlogon.exe","process_id":"0x2a4","message":"An account failed to log on. Reason: Account expired"}
{"timestamp":"2026-09-05T21:13:54Z","host":"WIN-CLIENT-05","source":"WinEventLog:Security","sourcetype":"WinEventLog:Security","index":"windows","EventCode":4625,"event_id":4625,"log_name":"Security","computer":"WIN-CLIENT-05.corp.local","provider_name":"Microsoft-Windows-Security-Auditing","level":"Information","record_id":101196,"scenario":"Normal Failed Logon (user error)","attack_phase":"None","mitre_technique":"None","severity":"low","is_suspicious":false,"subject_user":"SYSTEM","subject_domain":"NT AUTHORITY","target_user":"lwilson","target_domain":"CORP","src_ip":"10.10.10.196","src_port":50253,"dest_host":"WIN-CLIENT-05","logon_type":3,"authentication_package":"NTLM","status":"0xC000006D","sub_status":"0xC000006A","process_name":"C:\\Windows\\System32\\winlogon.exe","process_id":"0x2a4","message":"An account failed to log on. Reason: Incorrect password"}
{"timestamp":"2026-09-05T21:27:35Z","host":"WIN-CLIENT-02","source":"WinEventLog:Security","sourcetype":"WinEventLog:Security","index":"windows","EventCode":4625,"event_id":4625,"log_name":"Security","computer":"WIN-CLIENT-02.corp.local","provider_name":"Microsoft-Windows-Security-Auditing","level":"Information","record_id":101197,"scenario":"Normal Failed Logon (user error)","attack_phase":"None","mitre_technique":"None","severity":"low","is_suspicious":false,"subject_user":"SYSTEM","subject_domain":"NT AUTHORITY","target_user":"dohara","target_domain":"CORP","src_ip":"10.10.10.171","src_port":57157,"dest_host":"WIN-CLIENT-02","logon_type":3,"authentication_package":"NTLM","status":"0xC000006D","sub_status":"0xC0000072","process_name":"C:\\Windows\\System32\\winlogon.exe","process_id":"0x2a4","message":"An account failed to log on. Reason: Account disabled"}
{"timestamp":"2026-09-05T21:36:21Z","host":"WIN-CLIENT-05","source":"WinEventLog:Security","sourcetype":"WinEventLog:Security","index":"windows","EventCode":4625,"event_id":4625,"log_name":"Security","computer":"WIN-CLIENT-05.corp.local","provider_name":"Microsoft-Windows-Security-Auditing","level":"Information","record_id":101198,"scenario":"Normal Failed Logon (user error)","attack_phase":"None","mitre_technique":"None","severity":"low","is_suspicious":false,"subject_user":"SYSTEM","subject_domain":"NT AUTHORITY","target_user":"lwilson","target_domain":"CORP","src_ip":"10.10.10.209","src_port":63084,"dest_host":"WIN-CLIENT-05","logon_type":2,"authentication_package":"NTLM","status":"0xC000006D","sub_status":"0xC0000072","process_name":"C:\\Windows\\System32\\winlogon.exe","process_id":"0x2a4","message":"An account failed to log on. Reason: Account disabled"}
{"timestamp":"2026-09-05T21:49:33Z","host":"WIN-CLIENT-04","source":"WinEventLog:Security","sourcetype":"WinEventLog:Security","index":"windows","EventCode":4625,"event_id":4625,"log_name":"Security","computer":"WIN-CLIENT-04.corp.local","provider_name":"Microsoft-Windows-Security-Auditing","level":"Information","record_id":101199,"scenario":"Normal Failed Logon (user error)","attack_phase":"None","mitre_technique":"None","severity":"low","is_suspicious":false,"subject_user":"SYSTEM","subject_domain":"NT AUTHORITY","target_user":"jsmith","target_domain":"CORP","src_ip":"10.10.10.100","src_port":56374,"dest_host":"WIN-CLIENT-04","logon_type":3,"authentication_package":"NTLM","status":"0xC000006D","sub_status":"0xC000006A","process_name":"C:\\Windows\\System32\\winlogon.exe","process_id":"0x2a4","message":"An account failed to log on. Reason: Incorrect password"}
{"timestamp":"2026-09-05T22:04:16Z","host":"WIN-CLIENT-04","source":"WinEventLog:Security","sourcetype":"WinEventLog:Security","index":"windows","EventCode":4625,"event_id":4625,"log_name":"Security","computer":"WIN-CLIENT-04.corp.local","provider_name":"Microsoft-Windows-Security-Auditing","level":"Information","record_id":101200,"scenario":"Normal Failed Logon (user error)","attack_phase":"None","mitre_technique":"None","severity":"low","is_suspicious":false,"subject_user":"SYSTEM","subject_domain":"NT AUTHORITY","target_user":"tnguyen","target_domain":"CORP","src_ip":"10.10.10.11","src_port":49538,"dest_host":"WIN-CLIENT-04","logon_type":2,"authentication_package":"NTLM","status":"0xC000006D","sub_status":"0xC0000193","process_name":"C:\\Windows\\System32\\winlogon.exe","process_id":"0x2a4","message":"An account failed to log on. Reason: Account expired"}
{"timestamp":"2026-09-05T22:13:56Z","host":"WIN-CLIENT-02","source":"WinEventLog:Security","sourcetype":"WinEventLog:Security","index":"windows","EventCode":4625,"event_id":4625,"log_name":"Security","computer":"WIN-CLIENT-02.corp.local","provider_name":"Microsoft-Windows-Security-Auditing","level":"Information","record_id":101201,"scenario":"Normal Failed Logon (user error)","attack_phase":"None","mitre_technique":"None","severity":"low","is_suspicious":false,"subject_user":"SYSTEM","subject_domain":"NT AUTHORITY","target_user":"lwilson","target_domain":"CORP","src_ip":"10.10.10.112","src_port":51203,"dest_host":"WIN-CLIENT-02","logon_type":3,"authentication_package":"NTLM","status":"0xC000006D","sub_status":"0xC0000193","process_name":"C:\\Windows\\System32\\winlogon.exe","process_id":"0x2a4","message":"An account failed to log on. Reason: Account expired"}
{"timestamp":"2026-09-05T22:26:18Z","host":"WIN-CLIENT-04","source":"WinEventLog:Security","sourcetype":"WinEventLog:Security","index":"windows","EventCode":4625,"event_id":4625,"log_name":"Security","computer":"WIN-CLIENT-04.corp.local","provider_name":"Microsoft-Windows-Security-Auditing","level":"Information","record_id":101202,"scenario":"Normal Failed Logon (user error)","attack_phase":"None","mitre_technique":"None","severity":"low","is_suspicious":false,"subject_user":"SYSTEM","subject_domain":"NT AUTHORITY","target_user":"tnguyen","target_domain":"CORP","src_ip":"10.10.10.147","src_port":60059,"dest_host":"WIN-CLIENT-04","logon_type":3,"authentication_package":"NTLM","status":"0xC000006D","sub_status":"0xC000006A","process_name":"C:\\Windows\\System32\\winlogon.exe","process_id":"0x2a4","message":"An account failed to log on. Reason: Incorrect password"}
{"timestamp":"2026-09-05T22:37:43Z","host":"WIN-CLIENT-05","source":"WinEventLog:Security","sourcetype":"WinEventLog:Security","index":"windows","EventCode":4625,"event_id":4625,"log_name":"Security","computer":"WIN-CLIENT-05.corp.local","provider_name":"Microsoft-Windows-Security-Auditing","level":"Information","record_id":101203,"scenario":"Normal Failed Logon (user error)","attack_phase":"None","mitre_technique":"None","severity":"low","is_suspicious":false,"subject_user":"SYSTEM","subject_domain":"NT AUTHORITY","target_user":"sbrooks","target_domain":"CORP","src_ip":"10.10.10.123","src_port":58211,"dest_host":"WIN-CLIENT-05","logon_type":2,"authentication_package":"NTLM","status":"0xC000006D","sub_status":"0xC0000193","process_name":"C:\\Windows\\System32\\winlogon.exe","process_id":"0x2a4","message":"An account failed to log on. Reason: Account expired"}
{"timestamp":"2026-09-05T22:46:31Z","host":"WIN-CLIENT-04","source":"WinEventLog:Security","sourcetype":"WinEventLog:Security","index":"windows","EventCode":4625,"event_id":4625,"log_name":"Security","computer":"WIN-CLIENT-04.corp.local","provider_name":"Microsoft-Windows-Security-Auditing","level":"Information","record_id":101204,"scenario":"Normal Failed Logon (user error)","attack_phase":"None","mitre_technique":"None","severity":"low","is_suspicious":false,"subject_user":"SYSTEM","subject_domain":"NT AUTHORITY","target_user":"jsmith","target_domain":"CORP","src_ip":"10.10.10.128","src_port":58683,"dest_host":"WIN-CLIENT-04","logon_type":3,"authentication_package":"NTLM","status":"0xC000006D","sub_status":"0xC0000072","process_name":"C:\\Windows\\System32\\winlogon.exe","process_id":"0x2a4","message":"An account failed to log on. Reason: Account disabled"}
{"timestamp":"2026-09-05T22:57:12Z","host":"WIN-CLIENT-03","source":"WinEventLog:Security","sourcetype":"WinEventLog:Security","index":"windows","EventCode":4625,"event_id":4625,"log_name":"Security","computer":"WIN-CLIENT-03.corp.local","provider_name":"Microsoft-Windows-Security-Auditing","level":"Information","record_id":101205,"scenario":"Normal Failed Logon (user error)","attack_phase":"None","mitre_technique":"None","severity":"low","is_suspicious":false,"subject_user":"SYSTEM","subject_domain":"NT AUTHORITY","target_user":"kwright","target_domain":"CORP","src_ip":"10.10.10.17","src_port":49461,"dest_host":"WIN-CLIENT-03","logon_type":2,"authentication_package":"NTLM","status":"0xC000006D","sub_status":"0xC0000072","process_name":"C:\\Windows\\System32\\winlogon.exe","process_id":"0x2a4","message":"An account failed to log on. Reason: Account disabled"}
{"timestamp":"2026-09-05T22:59:33Z","host":"WIN-CLIENT-03","source":"WinEventLog:Security","sourcetype":"WinEventLog:Security","index":"windows","EventCode":4625,"event_id":4625,"log_name":"Security","computer":"WIN-CLIENT-03.corp.local","provider_name":"Microsoft-Windows-Security-Auditing","level":"Information","record_id":101206,"scenario":"Normal Failed Logon (user error)","attack_phase":"None","mitre_technique":"None","severity":"low","is_suspicious":false,"subject_user":"SYSTEM","subject_domain":"NT AUTHORITY","target_user":"kwright","target_domain":"CORP","src_ip":"10.10.10.197","src_port":63603,"dest_host":"WIN-CLIENT-03","logon_type":3,"authentication_package":"NTLM","status":"0xC000006D","sub_status":"0xC000006A","process_name":"C:\\Windows\\System32\\winlogon.exe","process_id":"0x2a4","message":"An account failed to log on. Reason: Incorrect password"}
{"timestamp":"2026-09-05T23:06:12Z","host":"WIN-CLIENT-04","source":"WinEventLog:Security","sourcetype":"WinEventLog:Security","index":"windows","EventCode":4625,"event_id":4625,"log_name":"Security","computer":"WIN-CLIENT-04.corp.local","provider_name":"Microsoft-Windows-Security-Auditing","level":"Information","record_id":101207,"scenario":"Normal Failed Logon (user error)","attack_phase":"None","mitre_technique":"None","severity":"low","is_suspicious":false,"subject_user":"SYSTEM","subject_domain":"NT AUTHORITY","target_user":"agarcia","target_domain":"CORP","src_ip":"10.10.10.93","src_port":55749,"dest_host":"WIN-CLIENT-04","logon_type":3,"authentication_package":"NTLM","status":"0xC000006D","sub_status":"0xC0000072","process_name":"C:\\Windows\\System32\\winlogon.exe","process_id":"0x2a4","message":"An account failed to log on. Reason: Account disabled"}
{"timestamp":"2026-09-05T23:07:19Z","host":"WIN-CLIENT-02","source":"WinEventLog:Security","sourcetype":"WinEventLog:Security","index":"windows","EventCode":4625,"event_id":4625,"log_name":"Security","computer":"WIN-CLIENT-02.corp.local","provider_name":"Microsoft-Windows-Security-Auditing","level":"Information","record_id":101208,"scenario":"Normal Failed Logon (user error)","attack_phase":"None","mitre_technique":"None","severity":"low","is_suspicious":false,"subject_user":"SYSTEM","subject_domain":"NT AUTHORITY","target_user":"rpatel","target_domain":"CORP","src_ip":"10.10.10.167","src_port":54113,"dest_host":"WIN-CLIENT-02","logon_type":2,"authentication_package":"NTLM","status":"0xC000006D","sub_status":"0xC0000064","process_name":"C:\\Windows\\System32\\winlogon.exe","process_id":"0x2a4","message":"An account failed to log on. Reason: Invalid username"}
{"timestamp":"2026-09-05T23:19:13Z","host":"WIN-CLIENT-03","source":"WinEventLog:Security","sourcetype":"WinEventLog:Security","index":"windows","EventCode":4625,"event_id":4625,"log_name":"Security","computer":"WIN-CLIENT-03.corp.local","provider_name":"Microsoft-Windows-Security-Auditing","level":"Information","record_id":101209,"scenario":"Normal Failed Logon (user error)","attack_phase":"None","mitre_technique":"None","severity":"low","is_suspicious":false,"subject_user":"SYSTEM","subject_domain":"NT AUTHORITY","target_user":"agarcia","target_domain":"CORP","src_ip":"10.10.10.88","src_port":51781,"dest_host":"WIN-CLIENT-03","logon_type":2,"authentication_package":"NTLM","status":"0xC000006D","sub_status":"0xC000006A","process_name":"C:\\Windows\\System32\\winlogon.exe","process_id":"0x2a4","message":"An account failed to log on. Reason: Incorrect password"}
{"timestamp":"2026-09-05T23:28:34Z","host":"WIN-CLIENT-01","source":"WinEventLog:Security","sourcetype":"WinEventLog:Security","index":"windows","EventCode":4625,"event_id":4625,"log_name":"Security","computer":"WIN-CLIENT-01.corp.local","provider_name":"Microsoft-Windows-Security-Auditing","level":"Information","record_id":101210,"scenario":"Normal Failed Logon (user error)","attack_phase":"None","mitre_technique":"None","severity":"low","is_suspicious":false,"subject_user":"SYSTEM","subject_domain":"NT AUTHORITY","target_user":"kwright","target_domain":"CORP","src_ip":"10.10.10.170","src_port":63145,"dest_host":"WIN-CLIENT-01","logon_type":3,"authentication_package":"NTLM","status":"0xC000006D","sub_status":"0xC0000193","process_name":"C:\\Windows\\System32\\winlogon.exe","process_id":"0x2a4","message":"An account failed to log on. Reason: Account expired"}
{"timestamp":"2026-09-05T23:38:25Z","host":"WIN-CLIENT-04","source":"WinEventLog:Security","sourcetype":"WinEventLog:Security","index":"windows","EventCode":4625,"event_id":4625,"log_name":"Security","computer":"WIN-CLIENT-04.corp.local","provider_name":"Microsoft-Windows-Security-Auditing","level":"Information","record_id":101211,"scenario":"Normal Failed Logon (user error)","attack_phase":"None","mitre_technique":"None","severity":"low","is_suspicious":false,"subject_user":"SYSTEM","subject_domain":"NT AUTHORITY","target_user":"sbrooks","target_domain":"CORP","src_ip":"10.10.10.7","src_port":60402,"dest_host":"WIN-CLIENT-04","logon_type":3,"authentication_package":"NTLM","status":"0xC000006D","sub_status":"0xC0000072","process_name":"C:\\Windows\\System32\\winlogon.exe","process_id":"0x2a4","message":"An account failed to log on. Reason: Account disabled"}
{"timestamp":"2026-09-05T23:48:37Z","host":"WIN-CLIENT-03","source":"WinEventLog:Security","sourcetype":"WinEventLog:Security","index":"windows","EventCode":4625,"event_id":4625,"log_name":"Security","computer":"WIN-CLIENT-03.corp.local","provider_name":"Microsoft-Windows-Security-Auditing","level":"Information","record_id":101212,"scenario":"Normal Failed Logon (user error)","attack_phase":"None","mitre_technique":"None","severity":"low","is_suspicious":false,"subject_user":"SYSTEM","subject_domain":"NT AUTHORITY","target_user":"jsmith","target_domain":"CORP","src_ip":"10.10.10.148","src_port":55394,"dest_host":"WIN-CLIENT-03","logon_type":3,"authentication_package":"NTLM","status":"0xC000006D","sub_status":"0xC0000193","process_name":"C:\\Windows\\System32\\winlogon.exe","process_id":"0x2a4","message":"An account failed to log on. Reason: Account expired"}
{"timestamp":"2026-09-05T23:58:33Z","host":"WIN-CLIENT-04","source":"WinEventLog:Security","sourcetype":"WinEventLog:Security","index":"windows","EventCode":4625,"event_id":4625,"log_name":"Security","computer":"WIN-CLIENT-04.corp.local","provider_name":"Microsoft-Windows-Security-Auditing","level":"Information","record_id":101213,"scenario":"Normal Failed Logon (user error)","attack_phase":"None","mitre_technique":"None","severity":"low","is_suspicious":false,"subject_user":"SYSTEM","subject_domain":"NT AUTHORITY","target_user":"agarcia","target_domain":"CORP","src_ip":"10.10.10.178","src_port":60061,"dest_host":"WIN-CLIENT-04","logon_type":2,"authentication_package":"NTLM","status":"0xC000006D","sub_status":"0xC000006A","process_name":"C:\\Windows\\System32\\winlogon.exe","process_id":"0x2a4","message":"An account failed to log on. Reason: Incorrect password"}
{"timestamp":"2026-09-06T00:04:27Z","host":"WIN-CLIENT-05","source":"WinEventLog:Security","sourcetype":"WinEventLog:Security","index":"windows","EventCode":4625,"event_id":4625,"log_name":"Security","computer":"WIN-CLIENT-05.corp.local","provider_name":"Microsoft-Windows-Security-Auditing","level":"Information","record_id":101214,"scenario":"Normal Failed Logon (user error)","attack_phase":"None","mitre_technique":"None","severity":"low","is_suspicious":false,"subject_user":"SYSTEM","subject_domain":"NT AUTHORITY","target_user":"dohara","target_domain":"CORP","src_ip":"10.10.10.44","src_port":59073,"dest_host":"WIN-CLIENT-05","logon_type":3,"authentication_package":"NTLM","status":"0xC000006D","sub_status":"0xC0000072","process_name":"C:\\Windows\\System32\\winlogon.exe","process_id":"0x2a4","message":"An account failed to log on. Reason: Account disabled"}
{"timestamp":"2026-09-06T00:10:49Z","host":"WIN-CLIENT-02","source":"WinEventLog:Security","sourcetype":"WinEventLog:Security","index":"windows","EventCode":4625,"event_id":4625,"log_name":"Security","computer":"WIN-CLIENT-02.corp.local","provider_name":"Microsoft-Windows-Security-Auditing","level":"Information","record_id":101215,"scenario":"Normal Failed Logon (user error)","attack_phase":"None","mitre_technique":"None","severity":"low","is_suspicious":false,"subject_user":"SYSTEM","subject_domain":"NT AUTHORITY","target_user":"tnguyen","target_domain":"CORP","src_ip":"10.10.10.164","src_port":62882,"dest_host":"WIN-CLIENT-02","logon_type":2,"authentication_package":"NTLM","status":"0xC000006D","sub_status":"0xC0000193","process_name":"C:\\Windows\\System32\\winlogon.exe","process_id":"0x2a4","message":"An account failed to log on. Reason: Account expired"}
{"timestamp":"2026-09-06T00:25:19Z","host":"WIN-CLIENT-02","source":"WinEventLog:Security","sourcetype":"WinEventLog:Security","index":"windows","EventCode":4625,"event_id":4625,"log_name":"Security","computer":"WIN-CLIENT-02.corp.local","provider_name":"Microsoft-Windows-Security-Auditing","level":"Information","record_id":101216,"scenario":"Normal Failed Logon (user error)","attack_phase":"None","mitre_technique":"None","severity":"low","is_suspicious":false,"subject_user":"SYSTEM","subject_domain":"NT AUTHORITY","target_user":"sbrooks","target_domain":"CORP","src_ip":"10.10.10.69","src_port":49778,"dest_host":"WIN-CLIENT-02","logon_type":3,"authentication_package":"NTLM","status":"0xC000006D","sub_status":"0xC0000072","process_name":"C:\\Windows\\System32\\winlogon.exe","process_id":"0x2a4","message":"An account failed to log on. Reason: Account disabled"}
{"timestamp":"2026-09-06T00:35:16Z","host":"WIN-CLIENT-02","source":"WinEventLog:Security","sourcetype":"WinEventLog:Security","index":"windows","EventCode":4625,"event_id":4625,"log_name":"Security","computer":"WIN-CLIENT-02.corp.local","provider_name":"Microsoft-Windows-Security-Auditing","level":"Information","record_id":101217,"scenario":"Normal Failed Logon (user error)","attack_phase":"None","mitre_technique":"None","severity":"low","is_suspicious":false,"subject_user":"SYSTEM","subject_domain":"NT AUTHORITY","target_user":"tnguyen","target_domain":"CORP","src_ip":"10.10.10.185","src_port":62831,"dest_host":"WIN-CLIENT-02","logon_type":2,"authentication_package":"NTLM","status":"0xC000006D","sub_status":"0xC000006A","process_name":"C:\\Windows\\System32\\winlogon.exe","process_id":"0x2a4","message":"An account failed to log on. Reason: Incorrect password"}
{"timestamp":"2026-09-06T00:45:32Z","host":"WIN-CLIENT-03","source":"WinEventLog:Security","sourcetype":"WinEventLog:Security","index":"windows","EventCode":4625,"event_id":4625,"log_name":"Security","computer":"WIN-CLIENT-03.corp.local","provider_name":"Microsoft-Windows-Security-Auditing","level":"Information","record_id":101218,"scenario":"Normal Failed Logon (user error)","attack_phase":"None","mitre_technique":"None","severity":"low","is_suspicious":false,"subject_user":"SYSTEM","subject_domain":"NT AUTHORITY","target_user":"kwright","target_domain":"CORP","src_ip":"10.10.10.147","src_port":62126,"dest_host":"WIN-CLIENT-03","logon_type":3,"authentication_package":"NTLM","status":"0xC000006D","sub_status":"0xC000006A","process_name":"C:\\Windows\\System32\\winlogon.exe","process_id":"0x2a4","message":"An account failed to log on. Reason: Incorrect password"}
{"timestamp":"2026-09-06T00:52:59Z","host":"WIN-CLIENT-03","source":"WinEventLog:Security","sourcetype":"WinEventLog:Security","index":"windows","EventCode":4625,"event_id":4625,"log_name":"Security","computer":"WIN-CLIENT-03.corp.local","provider_name":"Microsoft-Windows-Security-Auditing","level":"Information","record_id":101219,"scenario":"Normal Failed Logon (user error)","attack_phase":"None","mitre_technique":"None","severity":"low","is_suspicious":false,"subject_user":"SYSTEM","subject_domain":"NT AUTHORITY","target_user":"rpatel","target_domain":"CORP","src_ip":"10.10.10.168","src_port":62496,"dest_host":"WIN-CLIENT-03","logon_type":3,"authentication_package":"NTLM","status":"0xC000006D","sub_status":"0xC000006A","process_name":"C:\\Windows\\System32\\winlogon.exe","process_id":"0x2a4","message":"An account failed to log on. Reason: Incorrect password"}
{"timestamp":"2026-09-06T01:01:45Z","host":"WIN-CLIENT-04","source":"WinEventLog:Security","sourcetype":"WinEventLog:Security","index":"windows","EventCode":4625,"event_id":4625,"log_name":"Security","computer":"WIN-CLIENT-04.corp.local","provider_name":"Microsoft-Windows-Security-Auditing","level":"Information","record_id":101220,"scenario":"Normal Failed Logon (user error)","attack_phase":"None","mitre_technique":"None","severity":"low","is_suspicious":false,"subject_user":"SYSTEM","subject_domain":"NT AUTHORITY","target_user":"lwilson","target_domain":"CORP","src_ip":"10.10.10.53","src_port":55788,"dest_host":"WIN-CLIENT-04","logon_type":3,"authentication_package":"NTLM","status":"0xC000006D","sub_status":"0xC0000072","process_name":"C:\\Windows\\System32\\winlogon.exe","process_id":"0x2a4","message":"An account failed to log on. Reason: Account disabled"}
{"timestamp":"2026-09-06T01:06:12Z","host":"WIN-CLIENT-05","source":"WinEventLog:Security","sourcetype":"WinEventLog:Security","index":"windows","EventCode":4625,"event_id":4625,"log_name":"Security","computer":"WIN-CLIENT-05.corp.local","provider_name":"Microsoft-Windows-Security-Auditing","level":"Information","record_id":101221,"scenario":"Normal Failed Logon (user error)","attack_phase":"None","mitre_technique":"None","severity":"low","is_suspicious":false,"subject_user":"SYSTEM","subject_domain":"NT AUTHORITY","target_user":"cwalker","target_domain":"CORP","src_ip":"10.10.10.173","src_port":61508,"dest_host":"WIN-CLIENT-05","logon_type":2,"authentication_package":"NTLM","status":"0xC000006D","sub_status":"0xC0000193","process_name":"C:\\Windows\\System32\\winlogon.exe","process_id":"0x2a4","message":"An account failed to log on. Reason: Account expired"}
{"timestamp":"2026-09-06T01:06:41Z","host":"WIN-CLIENT-02","source":"WinEventLog:Security","sourcetype":"WinEventLog:Security","index":"windows","EventCode":4625,"event_id":4625,"log_name":"Security","computer":"WIN-CLIENT-02.corp.local","provider_name":"Microsoft-Windows-Security-Auditing","level":"Information","record_id":101222,"scenario":"Normal Failed Logon (user error)","attack_phase":"None","mitre_technique":"None","severity":"low","is_suspicious":false,"subject_user":"SYSTEM","subject_domain":"NT AUTHORITY","target_user":"sbrooks","target_domain":"CORP","src_ip":"10.10.10.56","src_port":59826,"dest_host":"WIN-CLIENT-02","logon_type":3,"authentication_package":"NTLM","status":"0xC000006D","sub_status":"0xC0000193","process_name":"C:\\Windows\\System32\\winlogon.exe","process_id":"0x2a4","message":"An account failed to log on. Reason: Account expired"}
{"timestamp":"2026-09-06T01:11:25Z","host":"WIN-CLIENT-05","source":"WinEventLog:Security","sourcetype":"WinEventLog:Security","index":"windows","EventCode":4625,"event_id":4625,"log_name":"Security","computer":"WIN-CLIENT-05.corp.local","provider_name":"Microsoft-Windows-Security-Auditing","level":"Information","record_id":101223,"scenario":"Normal Failed Logon (user error)","attack_phase":"None","mitre_technique":"None","severity":"low","is_suspicious":false,"subject_user":"SYSTEM","subject_domain":"NT AUTHORITY","target_user":"sbrooks","target_domain":"CORP","src_ip":"10.10.10.241","src_port":58275,"dest_host":"WIN-CLIENT-05","logon_type":2,"authentication_package":"NTLM","status":"0xC000006D","sub_status":"0xC0000193","process_name":"C:\\Windows\\System32\\winlogon.exe","process_id":"0x2a4","message":"An account failed to log on. Reason: Account expired"}
{"timestamp":"2026-09-06T01:20:29Z","host":"WIN-CLIENT-03","source":"WinEventLog:Security","sourcetype":"WinEventLog:Security","index":"windows","EventCode":4625,"event_id":4625,"log_name":"Security","computer":"WIN-CLIENT-03.corp.local","provider_name":"Microsoft-Windows-Security-Auditing","level":"Information","record_id":101224,"scenario":"Normal Failed Logon (user error)","attack_phase":"None","mitre_technique":"None","severity":"low","is_suspicious":false,"subject_user":"SYSTEM","subject_domain":"NT AUTHORITY","target_user":"rpatel","target_domain":"CORP","src_ip":"10.10.10.39","src_port":52938,"dest_host":"WIN-CLIENT-03","logon_type":2,"authentication_package":"NTLM","status":"0xC000006D","sub_status":"0xC0000193","process_name":"C:\\Windows\\System32\\winlogon.exe","process_id":"0x2a4","message":"An account failed to log on. Reason: Account expired"}
{"timestamp":"2026-09-06T01:33:23Z","host":"WIN-CLIENT-04","source":"WinEventLog:Security","sourcetype":"WinEventLog:Security","index":"windows","EventCode":4625,"event_id":4625,"log_name":"Security","computer":"WIN-CLIENT-04.corp.local","provider_name":"Microsoft-Windows-Security-Auditing","level":"Information","record_id":101225,"scenario":"Normal Failed Logon (user error)","attack_phase":"None","mitre_technique":"None","severity":"low","is_suspicious":false,"subject_user":"SYSTEM","subject_domain":"NT AUTHORITY","target_user":"lwilson","target_domain":"CORP","src_ip":"10.10.10.83","src_port":63093,"dest_host":"WIN-CLIENT-04","logon_type":2,"authentication_package":"NTLM","status":"0xC000006D","sub_status":"0xC0000193","process_name":"C:\\Windows\\System32\\winlogon.exe","process_id":"0x2a4","message":"An account failed to log on. Reason: Account expired"}
{"timestamp":"2026-09-06T01:44:22Z","host":"WIN-CLIENT-04","source":"WinEventLog:Security","sourcetype":"WinEventLog:Security","index":"windows","EventCode":4625,"event_id":4625,"log_name":"Security","computer":"WIN-CLIENT-04.corp.local","provider_name":"Microsoft-Windows-Security-Auditing","level":"Information","record_id":101226,"scenario":"Normal Failed Logon (user error)","attack_phase":"None","mitre_technique":"None","severity":"low","is_suspicious":false,"subject_user":"SYSTEM","subject_domain":"NT AUTHORITY","target_user":"rpatel","target_domain":"CORP","src_ip":"10.10.10.212","src_port":53702,"dest_host":"WIN-CLIENT-04","logon_type":2,"authentication_package":"NTLM","status":"0xC000006D","sub_status":"0xC0000072","process_name":"C:\\Windows\\System32\\winlogon.exe","process_id":"0x2a4","message":"An account failed to log on. Reason: Account disabled"}
{"timestamp":"2026-09-06T01:48:54Z","host":"WIN-CLIENT-02","source":"WinEventLog:Security","sourcetype":"WinEventLog:Security","index":"windows","EventCode":4625,"event_id":4625,"log_name":"Security","computer":"WIN-CLIENT-02.corp.local","provider_name":"Microsoft-Windows-Security-Auditing","level":"Information","record_id":101227,"scenario":"Normal Failed Logon (user error)","attack_phase":"None","mitre_technique":"None","severity":"low","is_suspicious":false,"subject_user":"SYSTEM","subject_domain":"NT AUTHORITY","target_user":"cwalker","target_domain":"CORP","src_ip":"10.10.10.63","src_port":50860,"dest_host":"WIN-CLIENT-02","logon_type":2,"authentication_package":"NTLM","status":"0xC000006D","sub_status":"0xC0000193","process_name":"C:\\Windows\\System32\\winlogon.exe","process_id":"0x2a4","message":"An account failed to log on. Reason: Account expired"}
{"timestamp":"2026-09-06T01:52:20Z","host":"WIN-CLIENT-02","source":"WinEventLog:Security","sourcetype":"WinEventLog:Security","index":"windows","EventCode":4625,"event_id":4625,"log_name":"Security","computer":"WIN-CLIENT-02.corp.local","provider_name":"Microsoft-Windows-Security-Auditing","level":"Information","record_id":101228,"scenario":"Normal Failed Logon (user error)","attack_phase":"None","mitre_technique":"None","severity":"low","is_suspicious":false,"subject_user":"SYSTEM","subject_domain":"NT AUTHORITY","target_user":"jsmith","target_domain":"CORP","src_ip":"10.10.10.120","src_port":56952,"dest_host":"WIN-CLIENT-02","logon_type":3,"authentication_package":"NTLM","status":"0xC000006D","sub_status":"0xC0000072","process_name":"C:\\Windows\\System32\\winlogon.exe","process_id":"0x2a4","message":"An account failed to log on. Reason: Account disabled"}
{"timestamp":"2026-09-06T01:59:42Z","host":"WIN-CLIENT-02","source":"WinEventLog:Security","sourcetype":"WinEventLog:Security","index":"windows","EventCode":4625,"event_id":4625,"log_name":"Security","computer":"WIN-CLIENT-02.corp.local","provider_name":"Microsoft-Windows-Security-Auditing","level":"Information","record_id":101229,"scenario":"Normal Failed Logon (user error)","attack_phase":"None","mitre_technique":"None","severity":"low","is_suspicious":false,"subject_user":"SYSTEM","subject_domain":"NT AUTHORITY","target_user":"jsmith","target_domain":"CORP","src_ip":"10.10.10.71","src_port":51235,"dest_host":"WIN-CLIENT-02","logon_type":2,"authentication_package":"NTLM","status":"0xC000006D","sub_status":"0xC0000064","process_name":"C:\\Windows\\System32\\winlogon.exe","process_id":"0x2a4","message":"An account failed to log on. Reason: Invalid username"}
{"timestamp":"2026-09-06T02:04:16Z","host":"WIN-CLIENT-05","source":"WinEventLog:Security","sourcetype":"WinEventLog:Security","index":"windows","EventCode":4625,"event_id":4625,"log_name":"Security","computer":"WIN-CLIENT-05.corp.local","provider_name":"Microsoft-Windows-Security-Auditing","level":"Information","record_id":101230,"scenario":"Normal Failed Logon (user error)","attack_phase":"None","mitre_technique":"None","severity":"low","is_suspicious":false,"subject_user":"SYSTEM","subject_domain":"NT AUTHORITY","target_user":"lwilson","target_domain":"CORP","src_ip":"10.10.10.166","src_port":62967,"dest_host":"WIN-CLIENT-05","logon_type":2,"authentication_package":"NTLM","status":"0xC000006D","sub_status":"0xC0000064","process_name":"C:\\Windows\\System32\\winlogon.exe","process_id":"0x2a4","message":"An account failed to log on. Reason: Invalid username"}
{"timestamp":"2026-09-06T02:16:45Z","host":"WIN-CLIENT-01","source":"WinEventLog:Security","sourcetype":"WinEventLog:Security","index":"windows","EventCode":4625,"event_id":4625,"log_name":"Security","computer":"WIN-CLIENT-01.corp.local","provider_name":"Microsoft-Windows-Security-Auditing","level":"Information","record_id":101231,"scenario":"Normal Failed Logon (user error)","attack_phase":"None","mitre_technique":"None","severity":"low","is_suspicious":false,"subject_user":"SYSTEM","subject_domain":"NT AUTHORITY","target_user":"dohara","target_domain":"CORP","src_ip":"10.10.10.222","src_port":63688,"dest_host":"WIN-CLIENT-01","logon_type":2,"authentication_package":"NTLM","status":"0xC000006D","sub_status":"0xC000006A","process_name":"C:\\Windows\\System32\\winlogon.exe","process_id":"0x2a4","message":"An account failed to log on. Reason: Incorrect password"}
{"timestamp":"2026-09-06T02:22:16Z","host":"WIN-CLIENT-03","source":"WinEventLog:Security","sourcetype":"WinEventLog:Security","index":"windows","EventCode":4625,"event_id":4625,"log_name":"Security","computer":"WIN-CLIENT-03.corp.local","provider_name":"Microsoft-Windows-Security-Auditing","level":"Information","record_id":101232,"scenario":"Normal Failed Logon (user error)","attack_phase":"None","mitre_technique":"None","severity":"low","is_suspicious":false,"subject_user":"SYSTEM","subject_domain":"NT AUTHORITY","target_user":"cwalker","target_domain":"CORP","src_ip":"10.10.10.232","src_port":64648,"dest_host":"WIN-CLIENT-03","logon_type":3,"authentication_package":"NTLM","status":"0xC000006D","sub_status":"0xC000006A","process_name":"C:\\Windows\\System32\\winlogon.exe","process_id":"0x2a4","message":"An account failed to log on. Reason: Incorrect password"}
