{"timestamp":"2026-09-01T20:15:40Z","host":"WIN-CLIENT-02","source":"WinEventLog:Security","sourcetype":"WinEventLog:Security","index":"windows","EventCode":4625,"event_id":4625,"log_name":"Security","computer":"WIN-CLIENT-02.corp.local","provider_name":"Microsoft-Windows-Security-Auditing","level":"Information","record_id":100724,"scenario":"Password Spraying","attack_phase":"Credential Access","mitre_technique":"T1110.003","severity":"medium","is_suspicious":true,"target_user":"carol","target_domain":"CORP","src_ip":"10.10.20.91","src_port":51002,"logon_type":3,"authentication_package":"NTLM","status":"0xC000006D","sub_status":"0xC000006A","message":"An account failed to log on."}
{"timestamp":"2026-09-01T20:16:00Z","host":"WIN-CLIENT-02","source":"WinEventLog:Security","sourcetype":"WinEventLog:Security","index":"windows","EventCode":4625,"event_id":4625,"log_name":"Security","computer":"WIN-CLIENT-02.corp.local","provider_name":"Microsoft-Windows-Security-Auditing","level":"Information","record_id":100725,"scenario":"Password Spraying","attack_phase":"Credential Access","mitre_technique":"T1110.003","severity":"medium","is_suspicious":true,"target_user":"david","target_domain":"CORP","src_ip":"10.10.20.91","src_port":51003,"logon_type":3,"authentication_package":"NTLM","status":"0xC000006D","sub_status":"0xC000006A","message":"An account failed to log on."}
{"timestamp":"2026-09-01T20:16:20Z","host":"WIN-CLIENT-02","source":"WinEventLog:Security","sourcetype":"WinEventLog:Security","index":"windows","EventCode":4625,"event_id":4625,"log_name":"Security","computer":"WIN-CLIENT-02.corp.local","provider_name":"Microsoft-Windows-Security-Auditing","level":"Information","record_id":100726,"scenario":"Password Spraying","attack_phase":"Credential Access","mitre_technique":"T1110.003","severity":"medium","is_suspicious":true,"target_user":"erin","target_domain":"CORP","src_ip":"10.10.20.91","src_port":51004,"logon_type":3,"authentication_package":"NTLM","status":"0xC000006D","sub_status":"0xC000006A","message":"An account failed to log on."}
{"timestamp":"2026-09-01T20:16:40Z","host":"WIN-CLIENT-02","source":"WinEventLog:Security","sourcetype":"WinEventLog:Security","index":"windows","EventCode":4625,"event_id":4625,"log_name":"Security","computer":"WIN-CLIENT-02.corp.local","provider_name":"Microsoft-Windows-Security-Auditing","level":"Information","record_id":100727,"scenario":"Password Spraying","attack_phase":"Credential Access","mitre_technique":"T1110.003","severity":"medium","is_suspicious":true,"target_user":"frank","target_domain":"CORP","src_ip":"10.10.20.91","src_port":51005,"logon_type":3,"authentication_package":"NTLM","status":"0xC000006D","sub_status":"0xC000006A","message":"An account failed to log on."}
{"timestamp":"2026-09-01T20:18:00Z","host":"WIN-CLIENT-02","source":"WinEventLog:Security","sourcetype":"WinEventLog:Security","index":"windows","EventCode":4624,"event_id":4624,"log_name":"Security","computer":"WIN-CLIENT-02.corp.local","provider_name":"Microsoft-Windows-Security-Auditing","level":"Information","record_id":100728,"scenario":"Password Spraying","attack_phase":"Credential Access","mitre_technique":"T1110.003","severity":"high","is_suspicious":true,"target_user":"alice","target_domain":"CORP","src_ip":"10.10.20.91","src_port":52001,"logon_type":3,"authentication_package":"NTLM","logon_id":"0x8f21","message":"An account was successfully logged on."}
{"timestamp":"2026-09-01T20:19:00Z","host":"WIN-CLIENT-02","source":"WinEventLog:Security","sourcetype":"WinEventLog:Security","index":"windows","EventCode":4740,"event_id":4740,"log_name":"Security","computer":"WIN-CLIENT-02.corp.local","provider_name":"Microsoft-Windows-Security-Auditing","level":"Information","record_id":100729,"scenario":"Password Spraying","attack_phase":"Credential Access","mitre_technique":"T1110.003","severity":"high","is_suspicious":true,"target_user":"bob","target_domain":"CORP","caller_computer":"WIN-CLIENT-02","src_ip":"10.10.20.91","message":"A user account was locked out."}
{"timestamp":"2026-09-01T20:23:00Z","host":"WIN-CLIENT-02","source":"WinEventLog:Security","sourcetype":"WinEventLog:Security","index":"windows","EventCode":4688,"event_id":4688,"log_name":"Security","computer":"WIN-CLIENT-02.corp.local","provider_name":"Microsoft-Windows-Security-Auditing","level":"Information","record_id":100730,"scenario":"PowerShell Execution","attack_phase":"Execution","mitre_technique":"T1059.001","severity":"medium","is_suspicious":true,"new_process_name":"C:\\Windows\\System32\\WindowsPowerShell\\v1.0\\powershell.exe","parent_process_name":"C:\\Windows\\explorer.exe","command_line":"powershell.exe -NoProfile -ExecutionPolicy Bypass -EncodedCommand SYNTHETIC_TRAINING_PAYLOAD","creator_user":"alice","process_id":"0x1a20","parent_process_id":"0x1120","integrity_level":"High","token_elevation_type":"Full","message":"A new process has been created."}
{"timestamp":"2026-09-01T20:23:02Z","host":"WIN-CLIENT-02","source":"WinEventLog:Security","sourcetype":"WinEventLog:Security","index":"windows","EventCode":4104,"event_id":4104,"log_name":"Security","computer":"WIN-CLIENT-02.corp.local","provider_name":"Microsoft-Windows-Security-Auditing","level":"Information","record_id":100731,"scenario":"PowerShell Execution","attack_phase":"Execution","mitre_technique":"T1059.001","severity":"high","is_suspicious":true,"user":"alice","path":"C:\\Users\\alice\\Downloads\\maintenance.ps1","script_block_id":"b92758cd-25eb-4a31-957c-0caecfc06d76","message_number":1,"message_total":1,"script_block_text":"PowerShell script block contains -EncodedCommand, FromBase64String, and synthetic discovery activity.","process_name":"C:\\Windows\\System32\\WindowsPowerShell\\v1.0\\powershell.exe","message":"Creating Scriptblock text (1 of 1)."}
{"timestamp":"2026-09-01T20:23:03Z","host":"WIN-CLIENT-02","source":"WinEventLog:Security","sourcetype":"WinEventLog:Security","index":"windows","EventCode":4103,"event_id":4103,"log_name":"Security","computer":"WIN-CLIENT-02.corp.local","provider_name":"Microsoft-Windows-Security-Auditing","level":"Information","record_id":100732,"scenario":"PowerShell Execution","attack_phase":"Execution","mitre_technique":"T1059.001","severity":"medium","is_suspicious":true,"user":"alice","module_name":"Microsoft.PowerShell.Management","command_invocation":"Get-Process; Get-Service; Get-ChildItem","host_application":"ConsoleHost","process_name":"C:\\Windows\\System32\\WindowsPowerShell\\v1.0\\powershell.exe","message":"Command invocation detail."}
{"timestamp":"2026-09-01T20:25:03Z","host":"WIN-DC-01","source":"WinEventLog:Security","sourcetype":"WinEventLog:Security","index":"windows","EventCode":4698,"event_id":4698,"log_name":"Security","computer":"WIN-DC-01.corp.local","provider_name":"Microsoft-Windows-Security-Auditing","level":"Information","record_id":100114,"scenario":"Normal Scheduled Task","attack_phase":"Persistence","mitre_technique":"None","severity":"low","is_suspicious":false,"subject_user":"SYSTEM","task_name":"\\Microsoft\\Windows\\Update\\Scheduled Update","author":"Microsoft Corporation","run_as_user":"SYSTEM","action":"C:\\Windows\\System32\\UsoClient.exe","trigger":"Daily","task_content":"Routine Windows update task."}
{"timestamp":"2026-09-01T20:26:00Z","host":"WIN-CLIENT-02","source":"WinEventLog:Security","sourcetype":"WinEventLog:Security","index":"windows","EventCode":7045,"event_id":7045,"log_name":"Security","computer":"WIN-CLIENT-02.corp.local","provider_name":"Microsoft-Windows-Security-Auditing","level":"Information","record_id":100733,"scenario":"Service Persistence","attack_phase":"Persistence","mitre_technique":"T1543.003","severity":"high","is_suspicious":true,"service_name":"WindowsTelemetryUpdater","service_file_name":"C:\\Users\\Public\\update.exe","service_type":"Win32OwnProcess","start_type":"Auto","account_name":"LocalSystem","subject_user":"alice","src_ip":"10.10.20.91","message":"A service was installed in the system."}
{"timestamp":"2026-09-01T20:27:00Z","host":"WIN-CLIENT-02","source":"WinEventLog:Security","sourcetype":"WinEventLog:Security","index":"windows","EventCode":4698,"event_id":4698,"log_name":"Security","computer":"WIN-CLIENT-02.corp.local","provider_name":"Microsoft-Windows-Security-Auditing","level":"Information","record_id":100734,"scenario":"Scheduled Task Persistence","attack_phase":"Persistence","mitre_technique":"T1053.005","severity":"high","is_suspicious":true,"subject_user":"alice","task_name":"\\Microsoft\\Windows\\Maintenance\\TelemetryUpdate","author":"alice","run_as_user":"SYSTEM","action":"C:\\Users\\Public\\update.exe","trigger":"At logon","working_directory":"C:\\Users\\Public","task_content":"Synthetic scheduled task executing a non-functional training binary.","message":"A scheduled task was created."}
{"timestamp":"2026-09-01T20:31:00Z","host":"WIN-CLIENT-02","source":"WinEventLog:Security","sourcetype":"WinEventLog:Security","index":"windows","EventCode":4719,"event_id":4719,"log_name":"Security","computer":"WIN-CLIENT-02.corp.local","provider_name":"Microsoft-Windows-Security-Auditing","level":"Information","record_id":100735,"scenario":"Defense Evasion","attack_phase":"Defense Evasion","mitre_technique":"T1562.002","severity":"high","is_suspicious":true,"subject_user":"alice","subject_domain":"CORP","src_ip":"10.10.20.91","subcategory":"Audit Process Creation","old_value":"Success and Failure","new_value":"No Auditing","audit_policy_change":"Process Creation auditing reduced","process_name":"C:\\Windows\\System32\\auditpol.exe","message":"System audit policy was changed."}
{"timestamp":"2026-09-01T20:32:00Z","host":"WIN-CLIENT-02","source":"WinEventLog:Security","sourcetype":"WinEventLog:Security","index":"windows","EventCode":1102,"event_id":1102,"log_name":"Security","computer":"WIN-CLIENT-02.corp.local","provider_name":"Microsoft-Windows-Security-Auditing","level":"Information","record_id":100736,"scenario":"Defense Evasion","attack_phase":"Defense Evasion","mitre_technique":"T1070.001","severity":"critical","is_suspicious":true,"subject_user":"alice","subject_domain":"CORP","subject_logon_id":"0x8f21","src_ip":"10.10.20.91","process_name":"C:\\Windows\\System32\\wevtutil.exe","reason":"Synthetic attacker cleared the Security event log after suspicious activity.","message":"The audit log was cleared."}
{"timestamp":"2026-09-01T20:33:04Z","host":"WIN-SRV-01","source":"WinEventLog:Security","sourcetype":"WinEventLog:Security","index":"windows","EventCode":4624,"event_id":4624,"log_name":"Security","computer":"WIN-SRV-01.corp.local","provider_name":"Microsoft-Windows-Security-Auditing","level":"Information","record_id":100610,"scenario":"Normal Authentication","attack_phase":"Initial Access","mitre_technique":"None","severity":"low","is_suspicious":false,"target_user":"frank","target_domain":"CORP","src_ip":"10.10.20.52","src_port":51085,"dest_host":"WIN-SRV-01","logon_type":3,"authentication_package":"Kerberos","workstation_name":"WKSTN-14","logon_id":"0x179dc","message":"An account was successfully logged on."}
{"timestamp":"2026-09-01T20:35:00Z","host":"WIN-CLIENT-02","source":"WinEventLog:Security","sourcetype":"WinEventLog:Security","index":"windows","EventCode":4656,"event_id":4656,"log_name":"Security","computer":"WIN-CLIENT-02.corp.local","provider_name":"Microsoft-Windows-Security-Auditing","level":"Information","record_id":100737,"scenario":"Credential Access","attack_phase":"Credential Access","mitre_technique":"T1003.001","severity":"high","is_suspicious":true,"subject_user":"alice","object_name":"\\Device\\HarddiskVolume3\\Windows\\System32\\lsass.exe","object_type":"Process","access_mask":"0x1FFFFF","accesses":"ReadProcessMemory","process_name":"C:\\Users\\Public\\audit-helper.exe","process_id":"0x2b10","message":"A handle to an object was requested."}
{"timestamp":"2026-09-01T20:35:02Z","host":"WIN-CLIENT-02","source":"WinEventLog:Security","sourcetype":"WinEventLog:Security","index":"windows","EventCode":4663,"event_id":4663,"log_name":"Security","computer":"WIN-CLIENT-02.corp.local","provider_name":"Microsoft-Windows-Security-Auditing","level":"Information","record_id":100738,"scenario":"Credential Access","attack_phase":"Credential Access","mitre_technique":"T1003.001","severity":"high","is_suspicious":true,"subject_user":"alice","object_name":"\\Device\\HarddiskVolume3\\Windows\\System32\\lsass.exe","object_type":"Process","access_mask":"0x1010","accesses":"ReadData;ReadProcessMemory","process_name":"C:\\Users\\Public\\audit-helper.exe","process_id":"0x2b10","message":"An attempt was made to access an object."}
{"timestamp":"2026-09-01T20:35:04Z","host":"WIN-CLIENT-02","source":"WinEventLog:Security","sourcetype":"WinEventLog:Security","index":"windows","EventCode":4673,"event_id":4673,"log_name":"Security","computer":"WIN-CLIENT-02.corp.local","provider_name":"Microsoft-Windows-Security-Auditing","level":"Information","record_id":100739,"scenario":"Credential Access","attack_phase":"Credential Access","mitre_technique":"T1003.001","severity":"high","is_suspicious":true,"subject_user":"alice","service":"SeDebugPrivilege","privilege":"SeDebugPrivilege","process_name":"C:\\Users\\Public\\audit-helper.exe","process_id":"0x2b10","message":"A privileged service was called."}
{"timestamp":"2026-09-01T20:40:00Z","host":"WIN-DC-01","source":"WinEventLog:Security","sourcetype":"WinEventLog:Security","index":"windows","EventCode":4662,"event_id":4662,"log_name":"Security","computer":"WIN-DC-01.corp.local","provider_name":"Microsoft-Windows-Security-Auditing","level":"Information","record_id":100740,"scenario":"DCSync-Like Activity","attack_phase":"Credential Access","mitre_technique":"T1003.006","severity":"critical","is_suspicious":true,"subject_user":"alice","subject_domain":"CORP","src_ip":"10.10.20.91","object_name":"DC=corp,DC=local","object_type":"domainDNS","object_server":"DS","access_mask":"0x100","accesses":"Control Access","properties":"89e95b76-444d-4c62-991a-0facbeda640c","message":"An operation was performed on an object."}
{"timestamp":"2026-09-01T20:40:15Z","host":"WIN-DC-01","source":"WinEventLog:Security","sourcetype":"WinEventLog:Security","index":"windows","EventCode":4662,"event_id":4662,"log_name":"Security","computer":"WIN-DC-01.corp.local","provider_name":"Microsoft-Windows-Security-Auditing","level":"Information","record_id":100741,"scenario":"DCSync-Like Activity","attack_phase":"Credential Access","mitre_technique":"T1003.006","severity":"critical","is_suspicious":true,"subject_user":"alice","subject_domain":"CORP","src_ip":"10.10.20.91","object_name":"DC=corp,DC=local","object_type":"domainDNS","object_server":"DS","access_mask":"0x100","accesses":"Control Access","properties":"89e95b76-444d-4c62-991a-0facbeda640c","message":"An operation was performed on an object."}
{"timestamp":"2026-09-01T20:40:30Z","host":"WIN-DC-01","source":"WinEventLog:Security","sourcetype":"WinEventLog:Security","index":"windows","EventCode":4662,"event_id":4662,"log_name":"Security","computer":"WIN-DC-01.corp.local","provider_name":"Microsoft-Windows-Security-Auditing","level":"Information","record_id":100742,"scenario":"DCSync-Like Activity","attack_phase":"Credential Access","mitre_technique":"T1003.006","severity":"critical","is_suspicious":true,"subject_user":"alice","subject_domain":"CORP","src_ip":"10.10.20.91","object_name":"DC=corp,DC=local","object_type":"domainDNS","object_server":"DS","access_mask":"0x100","accesses":"Control Access","properties":"89e95b76-444d-4c62-991a-0facbeda640c","message":"An operation was performed on an object."}
{"timestamp":"2026-09-01T20:42:59Z","host":"WIN-CLIENT-01","source":"WinEventLog:Security","sourcetype":"WinEventLog:Security","index":"windows","EventCode":7045,"event_id":7045,"log_name":"Security","computer":"WIN-CLIENT-01.corp.local","provider_name":"Microsoft-Windows-Security-Auditing","level":"Information","record_id":100385,"scenario":"Normal Service Installation","attack_phase":"Persistence","mitre_technique":"None","severity":"low","is_suspicious":false,"service_name":"Windows Update","service_file_name":"C:\\Windows\\explorer.exe","service_type":"Win32OwnProcess","start_type":"Auto","account_name":"LocalSystem","subject_user":"SYSTEM","message":"A service was installed in the system."}
{"timestamp":"2026-09-01T20:43:00Z","host":"WIN-CLIENT-02","source":"WinEventLog:Security","sourcetype":"WinEventLog:Security","index":"windows","EventCode":4728,"event_id":4728,"log_name":"Security","computer":"WIN-CLIENT-02.corp.local","provider_name":"Microsoft-Windows-Security-Auditing","level":"Information","record_id":100743,"scenario":"Privilege Escalation","attack_phase":"Privilege Escalation","mitre_technique":"T1098","severity":"high","is_suspicious":true,"subject_user":"alice","target_user":"alice","target_group":"Domain Admins","target_domain":"CORP","member_name":"CN=alice,CN=Users,DC=corp,DC=local","src_ip":"10.10.20.91","message":"A member was added to a security-enabled global group."}
{"timestamp":"2026-09-01T21:40:06Z","host":"WIN-CLIENT-02","source":"WinEventLog:Security","sourcetype":"WinEventLog:Security","index":"windows","EventCode":5140,"event_id":5140,"log_name":"Security","computer":"WIN-CLIENT-02.corp.local","provider_name":"Microsoft-Windows-Security-Auditing","level":"Information","record_id":100601,"scenario":"Normal Network Share Access","attack_phase":"Lateral Movement","mitre_technique":"None","severity":"low","is_suspicious":false,"subject_user":"alice","src_ip":"10.10.20.52","share_name":"\\\\WIN-SRV-01\\Reports","share_path":"\\\\WIN-SRV-01\\Reports","access_type":"Read","message":"A network share object was accessed."}
{"timestamp":"2026-09-01T21:41:37Z","host":"WIN-FILE-01","source":"WinEventLog:Security","sourcetype":"WinEventLog:Security","index":"windows","EventCode":4624,"event_id":4624,"log_name":"Security","computer":"WIN-FILE-01.corp.local","provider_name":"Microsoft-Windows-Security-Auditing","level":"Information","record_id":100037,"scenario":"Normal Authentication","attack_phase":"Initial Access","mitre_technique":"None","severity":"low","is_suspicious":false,"target_user":"erin","target_domain":"CORP","src_ip":"10.10.20.51","src_port":46089,"dest_host":"WIN-FILE-01","logon_type":2,"authentication_package":"Kerberos","workstation_name":"WKSTN-20","logon_id":"0x49db","message":"An account was successfully logged on."}
{"timestamp":"2026-09-01T21:43:16Z","host":"WIN-FILE-01","source":"WinEventLog:Security","sourcetype":"WinEventLog:Security","index":"windows","EventCode":4698,"event_id":4698,"log_name":"Security","computer":"WIN-FILE-01.corp.local","provider_name":"Microsoft-Windows-Security-Auditing","level":"Information","record_id":100089,"scenario":"Normal Scheduled Task","attack_phase":"Persistence","mitre_technique":"None","severity":"low","is_suspicious":false,"subject_user":"SYSTEM","task_name":"\\Microsoft\\Windows\\Update\\Scheduled Update","author":"Microsoft Corporation","run_as_user":"SYSTEM","action":"C:\\Windows\\System32\\UsoClient.exe","trigger":"Daily","task_content":"Routine Windows update task."}
{"timestamp":"2026-09-01T21:44:32Z","host":"WIN-CLIENT-02","source":"WinEventLog:Security","sourcetype":"WinEventLog:Security","index":"windows","EventCode":5156,"event_id":5156,"log_name":"Security","computer":"WIN-CLIENT-02.corp.local","provider_name":"Microsoft-Windows-Security-Auditing","level":"Information","record_id":100614,"scenario":"Normal Firewall Activity","attack_phase":"Command and Control","mitre_technique":"None","severity":"low","is_suspicious":false,"application_path":"C:\\Windows\\explorer.exe","src_ip":"10.10.20.22","src_port":42583,"dest_ip":"10.10.30.118","dest_port":445,"protocol":"TCP","direction":"Outbound","message":"The Windows Filtering Platform has permitted a connection."}
{"timestamp":"2026-09-01T21:48:50Z","host":"WIN-SRV-01","source":"WinEventLog:Security","sourcetype":"WinEventLog:Security","index":"windows","EventCode":4769,"event_id":4769,"log_name":"Security","computer":"WIN-SRV-01.corp.local","provider_name":"Microsoft-Windows-Security-Auditing","level":"Information","record_id":100181,"scenario":"Normal Service Ticket Activity","attack_phase":"Credential Access","mitre_technique":"None","severity":"low","is_suspicious":false,"target_user":"bob","target_domain":"CORP","src_ip":"10.10.20.51","service_name":"cifs/WIN-FILE-01","ticket_encryption_type":"0x12","status":"0x0","message":"A Kerberos service ticket was requested."}
{"timestamp":"2026-09-01T21:53:49Z","host":"WIN-DC-02","source":"WinEventLog:Security","sourcetype":"WinEventLog:Security","index":"windows","EventCode":4698,"event_id":4698,"log_name":"Security","computer":"WIN-DC-02.corp.local","provider_name":"Microsoft-Windows-Security-Auditing","level":"Information","record_id":100645,"scenario":"Normal Scheduled Task","attack_phase":"Persistence","mitre_technique":"None","severity":"low","is_suspicious":false,"subject_user":"SYSTEM","task_name":"\\Microsoft\\Windows\\Update\\Scheduled Update","author":"Microsoft Corporation","run_as_user":"SYSTEM","action":"C:\\Windows\\System32\\UsoClient.exe","trigger":"Daily","task_content":"Routine Windows update task."}
{"timestamp":"2026-09-01T22:53:23Z","host":"WIN-CLIENT-01","source":"WinEventLog:Security","sourcetype":"WinEventLog:Security","index":"windows","EventCode":4776,"event_id":4776,"log_name":"Security","computer":"WIN-CLIENT-01.corp.local","provider_name":"Microsoft-Windows-Security-Auditing","level":"Information","record_id":100534,"scenario":"Normal NTLM Validation","attack_phase":"Credential Access","mitre_technique":"None","severity":"low","is_suspicious":false,"target_user":"david","source_workstation":"WIN-CLIENT-01","package_name":"MICROSOFT_AUTHENTICATION_PACKAGE_V1_0","status":"0x0","message":"The domain controller attempted to validate the credentials for an account."}
{"timestamp":"2026-09-01T23:16:10Z","host":"WIN-SRV-01","source":"WinEventLog:Security","sourcetype":"WinEventLog:Security","index":"windows","EventCode":4624,"event_id":4624,"log_name":"Security","computer":"WIN-SRV-01.corp.local","provider_name":"Microsoft-Windows-Security-Auditing","level":"Information","record_id":100693,"scenario":"Normal Authentication","attack_phase":"Initial Access","mitre_technique":"None","severity":"low","is_suspicious":false,"target_user":"bob","target_domain":"CORP","src_ip":"10.10.30.10","src_port":42809,"dest_host":"WIN-SRV-01","logon_type":7,"authentication_package":"Kerberos","workstation_name":"WKSTN-15","logon_id":"0x15d9a","message":"An account was successfully logged on."}
{"timestamp":"2026-09-01T23:59:51Z","host":"WIN-FILE-01","source":"WinEventLog:Security","sourcetype":"WinEventLog:Security","index":"windows","EventCode":4769,"event_id":4769,"log_name":"Security","computer":"WIN-FILE-01.corp.local","provider_name":"Microsoft-Windows-Security-Auditing","level":"Information","record_id":100510,"scenario":"Normal Service Ticket Activity","attack_phase":"Credential Access","mitre_technique":"None","severity":"low","is_suspicious":false,"target_user":"erin","target_domain":"CORP","src_ip":"10.10.20.52","service_name":"cifs/WIN-FILE-01","ticket_encryption_type":"0x12","status":"0x0","message":"A Kerberos service ticket was requested."}
{"timestamp":"2026-09-02T01:13:45Z","host":"WIN-FILE-01","source":"WinEventLog:Security","sourcetype":"WinEventLog:Security","index":"windows","EventCode":4769,"event_id":4769,"log_name":"Security","computer":"WIN-FILE-01.corp.local","provider_name":"Microsoft-Windows-Security-Auditing","level":"Information","record_id":100256,"scenario":"Normal Service Ticket Activity","attack_phase":"Credential Access","mitre_technique":"None","severity":"low","is_suspicious":false,"target_user":"alice","target_domain":"CORP","src_ip":"10.10.20.52","service_name":"cifs/WIN-FILE-01","ticket_encryption_type":"0x12","status":"0x0","message":"A Kerberos service ticket was requested."}
{"timestamp":"2026-09-02T01:15:40Z","host":"WIN-FILE-01","source":"WinEventLog:Security","sourcetype":"WinEventLog:Security","index":"windows","EventCode":5156,"event_id":5156,"log_name":"Security","computer":"WIN-FILE-01.corp.local","provider_name":"Microsoft-Windows-Security-Auditing","level":"Information","record_id":100174,"scenario":"Normal Firewall Activity","attack_phase":"Command and Control","mitre_technique":"None","severity":"low","is_suspicious":false,"application_path":"C:\\Windows\\System32\\svchost.exe","src_ip":"10.10.30.20","src_port":44580,"dest_ip":"10.10.30.12","dest_port":53,"protocol":"TCP","direction":"Outbound","message":"The Windows Filtering Platform has permitted a connection."}
{"timestamp":"2026-09-02T01:16:10Z","host":"WIN-FILE-01","source":"WinEventLog:Security","sourcetype":"WinEventLog:Security","index":"windows","EventCode":4776,"event_id":4776,"log_name":"Security","computer":"WIN-FILE-01.corp.local","provider_name":"Microsoft-Windows-Security-Auditing","level":"Information","record_id":100399,"scenario":"Normal NTLM Validation","attack_phase":"Credential Access","mitre_technique":"None","severity":"low","is_suspicious":false,"target_user":"carol","source_workstation":"WIN-FILE-01","package_name":"MICROSOFT_AUTHENTICATION_PACKAGE_V1_0","status":"0x0","message":"The domain controller attempted to validate the credentials for an account."}
{"timestamp":"2026-09-02T01:49:52Z","host":"WIN-CLIENT-01","source":"WinEventLog:Security","sourcetype":"WinEventLog:Security","index":"windows","EventCode":4698,"event_id":4698,"log_name":"Security","computer":"WIN-CLIENT-01.corp.local","provider_name":"Microsoft-Windows-Security-Auditing","level":"Information","record_id":100587,"scenario":"Normal Scheduled Task","attack_phase":"Persistence","mitre_technique":"None","severity":"low","is_suspicious":false,"subject_user":"SYSTEM","task_name":"\\Microsoft\\Windows\\Update\\Scheduled Update","author":"Microsoft Corporation","run_as_user":"SYSTEM","action":"C:\\Windows\\System32\\UsoClient.exe","trigger":"Daily","task_content":"Routine Windows update task."}
{"timestamp":"2026-09-02T02:26:24Z","host":"WIN-DC-02","source":"WinEventLog:Security","sourcetype":"WinEventLog:Security","index":"windows","EventCode":5157,"event_id":5157,"log_name":"Security","computer":"WIN-DC-02.corp.local","provider_name":"Microsoft-Windows-Security-Auditing","level":"Information","record_id":100903,"scenario":"Suspicious Network Activity","attack_phase":"Command and Control","mitre_technique":"T1071","severity":"medium","is_suspicious":true,"application_path":"C:\\Users\\Public\\audit-helper.exe","src_ip":"10.10.10.11","src_port":50345,"dest_ip":"10.10.40.106","dest_port":8080,"protocol":"TCP","direction":"Outbound","message":"The Windows Filtering Platform has blocked a connection."}
{"timestamp":"2026-09-02T02:49:56Z","host":"WIN-FILE-01","source":"WinEventLog:Security","sourcetype":"WinEventLog:Security","index":"windows","EventCode":5140,"event_id":5140,"log_name":"Security","computer":"WIN-FILE-01.corp.local","provider_name":"Microsoft-Windows-Security-Auditing","level":"Information","record_id":100483,"scenario":"Normal Network Share Access","attack_phase":"Lateral Movement","mitre_technique":"None","severity":"low","is_suspicious":false,"subject_user":"carol","src_ip":"10.10.20.52","share_name":"\\\\WIN-FILE-01\\Public","share_path":"\\\\WIN-FILE-01\\Public","access_type":"Read","message":"A network share object was accessed."}
{"timestamp":"2026-09-02T02:50:59Z","host":"WIN-FILE-01","source":"WinEventLog:Security","sourcetype":"WinEventLog:Security","index":"windows","EventCode":5156,"event_id":5156,"log_name":"Security","computer":"WIN-FILE-01.corp.local","provider_name":"Microsoft-Windows-Security-Auditing","level":"Information","record_id":100347,"scenario":"Normal Firewall Activity","attack_phase":"Command and Control","mitre_technique":"None","severity":"low","is_suspicious":false,"application_path":"C:\\Windows\\explorer.exe","src_ip":"10.10.30.20","src_port":44437,"dest_ip":"10.10.30.197","dest_port":445,"protocol":"TCP","direction":"Outbound","message":"The Windows Filtering Platform has permitted a connection."}
{"timestamp":"2026-09-02T03:06:42Z","host":"WIN-SRV-01","source":"WinEventLog:Security","sourcetype":"WinEventLog:Security","index":"windows","EventCode":4688,"event_id":4688,"log_name":"Security","computer":"WIN-SRV-01.corp.local","provider_name":"Microsoft-Windows-Security-Auditing","level":"Information","record_id":100064,"scenario":"Normal Process Activity","attack_phase":"Execution","mitre_technique":"None","severity":"low","is_suspicious":false,"new_process_name":"C:\\Windows\\System32\\winlogon.exe","parent_process_name":"C:\\Windows\\System32\\services.exe","command_line":"C:\\Windows\\System32\\winlogon.exe","creator_user":"erin","process_id":"0x1720","parent_process_id":"0x245c","integrity_level":"Medium","token_elevation_type":"Limited","message":"A new process has been created."}
{"timestamp":"2026-09-02T03:26:43Z","host":"WIN-CLIENT-02","source":"WinEventLog:Security","sourcetype":"WinEventLog:Security","index":"windows","EventCode":5156,"event_id":5156,"log_name":"Security","computer":"WIN-CLIENT-02.corp.local","provider_name":"Microsoft-Windows-Security-Auditing","level":"Information","record_id":100125,"scenario":"Normal Firewall Activity","attack_phase":"Command and Control","mitre_technique":"None","severity":"low","is_suspicious":false,"application_path":"C:\\Windows\\System32\\svchost.exe","src_ip":"10.10.20.22","src_port":57844,"dest_ip":"10.10.30.58","dest_port":80,"protocol":"TCP","direction":"Outbound","message":"The Windows Filtering Platform has permitted a connection."}
{"timestamp":"2026-09-02T03:55:44Z","host":"WIN-CLIENT-01","source":"WinEventLog:Security","sourcetype":"WinEventLog:Security","index":"windows","EventCode":5156,"event_id":5156,"log_name":"Security","computer":"WIN-CLIENT-01.corp.local","provider_name":"Microsoft-Windows-Security-Auditing","level":"Information","record_id":100290,"scenario":"Normal Firewall Activity","attack_phase":"Command and Control","mitre_technique":"None","severity":"low","is_suspicious":false,"application_path":"C:\\Windows\\System32\\lsass.exe","src_ip":"10.10.20.21","src_port":55218,"dest_ip":"10.10.30.53","dest_port":443,"protocol":"TCP","direction":"Outbound","message":"The Windows Filtering Platform has permitted a connection."}
{"timestamp":"2026-09-02T04:04:57Z","host":"WIN-CLIENT-01","source":"WinEventLog:Security","sourcetype":"WinEventLog:Security","index":"windows","EventCode":4688,"event_id":4688,"log_name":"Security","computer":"WIN-CLIENT-01.corp.local","provider_name":"Microsoft-Windows-Security-Auditing","level":"Information","record_id":100190,"scenario":"Normal Process Activity","attack_phase":"Execution","mitre_technique":"None","severity":"low","is_suspicious":false,"new_process_name":"C:\\Windows\\explorer.exe","parent_process_name":"C:\\Windows\\System32\\services.exe","command_line":"C:\\Windows\\explorer.exe","creator_user":"carol","process_id":"0x1581","parent_process_id":"0x2700","integrity_level":"Medium","token_elevation_type":"Limited","message":"A new process has been created."}
{"timestamp":"2026-09-02T04:13:36Z","host":"WIN-DC-02","source":"WinEventLog:Security","sourcetype":"WinEventLog:Security","index":"windows","EventCode":4768,"event_id":4768,"log_name":"Security","computer":"WIN-DC-02.corp.local","provider_name":"Microsoft-Windows-Security-Auditing","level":"Information","record_id":100118,"scenario":"Normal Kerberos Authentication","attack_phase":"Credential Access","mitre_technique":"None","severity":"low","is_suspicious":false,"target_user":"frank","target_domain":"CORP","src_ip":"10.10.20.50","service_name":"krbtgt/CORP","ticket_options":"0x40810010","status":"0x0","message":"A Kerberos authentication ticket was requested."}
{"timestamp":"2026-09-02T04:25:30Z","host":"WIN-SRV-01","source":"WinEventLog:Security","sourcetype":"WinEventLog:Security","index":"windows","EventCode":4688,"event_id":4688,"log_name":"Security","computer":"WIN-SRV-01.corp.local","provider_name":"Microsoft-Windows-Security-Auditing","level":"Information","record_id":100150,"scenario":"Normal Process Activity","attack_phase":"Execution","mitre_technique":"None","severity":"low","is_suspicious":false,"new_process_name":"C:\\Windows\\System32\\services.exe","parent_process_name":"C:\\Windows\\System32\\services.exe","command_line":"C:\\Windows\\System32\\services.exe","creator_user":"carol","process_id":"0x260e","parent_process_id":"0x1c3a","integrity_level":"Medium","token_elevation_type":"Limited","message":"A new process has been created."}
{"timestamp":"2026-09-02T04:26:48Z","host":"WIN-FILE-01","source":"WinEventLog:Security","sourcetype":"WinEventLog:Security","index":"windows","EventCode":5140,"event_id":5140,"log_name":"Security","computer":"WIN-FILE-01.corp.local","provider_name":"Microsoft-Windows-Security-Auditing","level":"Information","record_id":100613,"scenario":"Normal Network Share Access","attack_phase":"Lateral Movement","mitre_technique":"None","severity":"low","is_suspicious":false,"subject_user":"carol","src_ip":"10.10.20.51","share_name":"\\\\WIN-FILE-01\\Users","share_path":"\\\\WIN-FILE-01\\Users","access_type":"Read","message":"A network share object was accessed."}
{"timestamp":"2026-09-02T04:32:56Z","host":"WIN-DC-02","source":"WinEventLog:Security","sourcetype":"WinEventLog:Security","index":"windows","EventCode":5140,"event_id":5140,"log_name":"Security","computer":"WIN-DC-02.corp.local","provider_name":"Microsoft-Windows-Security-Auditing","level":"Information","record_id":100052,"scenario":"Normal Network Share Access","attack_phase":"Lateral Movement","mitre_technique":"None","severity":"low","is_suspicious":false,"subject_user":"bob","src_ip":"10.10.20.50","share_name":"\\\\WIN-SRV-01\\Reports","share_path":"\\\\WIN-SRV-01\\Reports","access_type":"Read","message":"A network share object was accessed."}
{"timestamp":"2026-09-02T04:57:41Z","host":"WIN-CLIENT-01","source":"WinEventLog:Security","sourcetype":"WinEventLog:Security","index":"windows","EventCode":4698,"event_id":4698,"log_name":"Security","computer":"WIN-CLIENT-01.corp.local","provider_name":"Microsoft-Windows-Security-Auditing","level":"Information","record_id":100222,"scenario":"Normal Scheduled Task","attack_phase":"Persistence","mitre_technique":"None","severity":"low","is_suspicious":false,"subject_user":"SYSTEM","task_name":"\\Microsoft\\Windows\\Update\\Scheduled Update","author":"Microsoft Corporation","run_as_user":"SYSTEM","action":"C:\\Windows\\System32\\UsoClient.exe","trigger":"Daily","task_content":"Routine Windows update task."}
{"timestamp":"2026-09-02T05:14:15Z","host":"WIN-SRV-01","source":"WinEventLog:Security","sourcetype":"WinEventLog:Security","index":"windows","EventCode":4688,"event_id":4688,"log_name":"Security","computer":"WIN-SRV-01.corp.local","provider_name":"Microsoft-Windows-Security-Auditing","level":"Information","record_id":100524,"scenario":"Normal Process Activity","attack_phase":"Execution","mitre_technique":"None","severity":"low","is_suspicious":false,"new_process_name":"C:\\Windows\\System32\\winlogon.exe","parent_process_name":"C:\\Windows\\System32\\services.exe","command_line":"C:\\Windows\\System32\\winlogon.exe","creator_user":"carol","process_id":"0x1964","parent_process_id":"0x207d","integrity_level":"Medium","token_elevation_type":"Limited","message":"A new process has been created."}
{"timestamp":"2026-09-02T05:16:08Z","host":"WIN-DC-01","source":"WinEventLog:Security","sourcetype":"WinEventLog:Security","index":"windows","EventCode":4624,"event_id":4624,"log_name":"Security","computer":"WIN-DC-01.corp.local","provider_name":"Microsoft-Windows-Security-Auditing","level":"Information","record_id":100456,"scenario":"Normal Authentication","attack_phase":"Initial Access","mitre_technique":"None","severity":"low","is_suspicious":false,"target_user":"bob","target_domain":"CORP","src_ip":"10.10.10.10","src_port":51258,"dest_host":"WIN-DC-01","logon_type":2,"authentication_package":"Kerberos","workstation_name":"WKSTN-14","logon_id":"0x6abc","message":"An account was successfully logged on."}
{"timestamp":"2026-09-02T05:24:24Z","host":"WIN-DC-01","source":"WinEventLog:Security","sourcetype":"WinEventLog:Security","index":"windows","EventCode":5157,"event_id":5157,"log_name":"Security","computer":"WIN-DC-01.corp.local","provider_name":"Microsoft-Windows-Security-Auditing","level":"Information","record_id":100936,"scenario":"Suspicious Network Activity","attack_phase":"Command and Control","mitre_technique":"T1071","severity":"medium","is_suspicious":true,"application_path":"C:\\Users\\alice\\AppData\\Local\\Temp\\stage.exe","src_ip":"10.10.10.10","src_port":44746,"dest_ip":"10.10.40.223","dest_port":4444,"protocol":"TCP","direction":"Outbound","message":"The Windows Filtering Platform has blocked a connection."}
{"timestamp":"2026-09-02T05:33:39Z","host":"WIN-FILE-01","source":"WinEventLog:Security","sourcetype":"WinEventLog:Security","index":"windows","EventCode":4698,"event_id":4698,"log_name":"Security","computer":"WIN-FILE-01.corp.local","provider_name":"Microsoft-Windows-Security-Auditing","level":"Information","record_id":100156,"scenario":"Normal Scheduled Task","attack_phase":"Persistence","mitre_technique":"None","severity":"low","is_suspicious":false,"subject_user":"SYSTEM","task_name":"\\Microsoft\\Windows\\Update\\Scheduled Update","author":"Microsoft Corporation","run_as_user":"SYSTEM","action":"C:\\Windows\\System32\\UsoClient.exe","trigger":"Daily","task_content":"Routine Windows update task."}
{"timestamp":"2026-09-02T05:36:10Z","host":"WIN-SRV-01","source":"WinEventLog:Security","sourcetype":"WinEventLog:Security","index":"windows","EventCode":4720,"event_id":4720,"log_name":"Security","computer":"WIN-SRV-01.corp.local","provider_name":"Microsoft-Windows-Security-Auditing","level":"Information","record_id":100938,"scenario":"Account Creation","attack_phase":"Persistence","mitre_technique":"T1136.002","severity":"medium","is_suspicious":true,"subject_user":"administrator","target_user":"svc_monitor","target_domain":"CORP","account_type":"User","password_last_set":"Never","src_ip":"10.10.20.90","message":"A user account was created."}
{"timestamp":"2026-09-02T05:47:54Z","host":"WIN-CLIENT-02","source":"WinEventLog:Security","sourcetype":"WinEventLog:Security","index":"windows","EventCode":4776,"event_id":4776,"log_name":"Security","computer":"WIN-CLIENT-02.corp.local","provider_name":"Microsoft-Windows-Security-Auditing","level":"Information","record_id":100007,"scenario":"Normal NTLM Validation","attack_phase":"Credential Access","mitre_technique":"None","severity":"low","is_suspicious":false,"target_user":"alice","source_workstation":"WIN-CLIENT-02","package_name":"MICROSOFT_AUTHENTICATION_PACKAGE_V1_0","status":"0x0","message":"The domain controller attempted to validate the credentials for an account."}
{"timestamp":"2026-09-02T06:10:10Z","host":"WIN-CLIENT-02","source":"WinEventLog:Security","sourcetype":"WinEventLog:Security","index":"windows","EventCode":4768,"event_id":4768,"log_name":"Security","computer":"WIN-CLIENT-02.corp.local","provider_name":"Microsoft-Windows-Security-Auditing","level":"Information","record_id":100122,"scenario":"Normal Kerberos Authentication","attack_phase":"Credential Access","mitre_technique":"None","severity":"low","is_suspicious":false,"target_user":"bob","target_domain":"CORP","src_ip":"10.10.20.50","service_name":"krbtgt/CORP","ticket_options":"0x40810010","status":"0x0","message":"A Kerberos authentication ticket was requested."}
{"timestamp":"2026-09-02T06:30:23Z","host":"WIN-DC-02","source":"WinEventLog:Security","sourcetype":"WinEventLog:Security","index":"windows","EventCode":4624,"event_id":4624,"log_name":"Security","computer":"WIN-DC-02.corp.local","provider_name":"Microsoft-Windows-Security-Auditing","level":"Information","record_id":100454,"scenario":"Normal Authentication","attack_phase":"Initial Access","mitre_technique":"None","severity":"low","is_suspicious":false,"target_user":"frank","target_domain":"CORP","src_ip":"10.10.20.51","src_port":50010,"dest_host":"WIN-DC-02","logon_type":10,"authentication_package":"Kerberos","workstation_name":"WKSTN-14","logon_id":"0x176ab","message":"An account was successfully logged on."}
{"timestamp":"2026-09-02T06:49:19Z","host":"WIN-CLIENT-01","source":"WinEventLog:Security","sourcetype":"WinEventLog:Security","index":"windows","EventCode":4768,"event_id":4768,"log_name":"Security","computer":"WIN-CLIENT-01.corp.local","provider_name":"Microsoft-Windows-Security-Auditing","level":"Information","record_id":100469,"scenario":"Normal Kerberos Authentication","attack_phase":"Credential Access","mitre_technique":"None","severity":"low","is_suspicious":false,"target_user":"erin","target_domain":"CORP","src_ip":"10.10.20.51","service_name":"krbtgt/CORP","ticket_options":"0x40810010","status":"0x0","message":"A Kerberos authentication ticket was requested."}
{"timestamp":"2026-09-02T06:55:41Z","host":"WIN-FILE-01","source":"WinEventLog:Security","sourcetype":"WinEventLog:Security","index":"windows","EventCode":4768,"event_id":4768,"log_name":"Security","computer":"WIN-FILE-01.corp.local","provider_name":"Microsoft-Windows-Security-Auditing","level":"Information","record_id":100088,"scenario":"Normal Kerberos Authentication","attack_phase":"Credential Access","mitre_technique":"None","severity":"low","is_suspicious":false,"target_user":"bob","target_domain":"CORP","src_ip":"10.10.30.20","service_name":"krbtgt/CORP","ticket_options":"0x40810010","status":"0x0","message":"A Kerberos authentication ticket was requested."}
{"timestamp":"2026-09-02T07:24:49Z","host":"WIN-DC-01","source":"WinEventLog:Security","sourcetype":"WinEventLog:Security","index":"windows","EventCode":4688,"event_id":4688,"log_name":"Security","computer":"WIN-DC-01.corp.local","provider_name":"Microsoft-Windows-Security-Auditing","level":"Information","record_id":100391,"scenario":"Normal Process Activity","attack_phase":"Execution","mitre_technique":"None","severity":"low","is_suspicious":false,"new_process_name":"C:\\Windows\\System32\\svchost.exe","parent_process_name":"C:\\Windows\\System32\\services.exe","command_line":"C:\\Windows\\System32\\svchost.exe","creator_user":"carol","process_id":"0x150e","parent_process_id":"0xdc6","integrity_level":"Medium","token_elevation_type":"Limited","message":"A new process has been created."}
{"timestamp":"2026-09-02T07:40:57Z","host":"WIN-CLIENT-01","source":"WinEventLog:Security","sourcetype":"WinEventLog:Security","index":"windows","EventCode":5156,"event_id":5156,"log_name":"Security","computer":"WIN-CLIENT-01.corp.local","provider_name":"Microsoft-Windows-Security-Auditing","level":"Information","record_id":100460,"scenario":"Normal Firewall Activity","attack_phase":"Command and Control","mitre_technique":"None","severity":"low","is_suspicious":false,"application_path":"C:\\Windows\\System32\\services.exe","src_ip":"10.10.20.21","src_port":54070,"dest_ip":"10.10.30.81","dest_port":80,"protocol":"TCP","direction":"Outbound","message":"The Windows Filtering Platform has permitted a connection."}
{"timestamp":"2026-09-02T08:02:20Z","host":"WIN-SRV-01","source":"WinEventLog:Security","sourcetype":"WinEventLog:Security","index":"windows","EventCode":5156,"event_id":5156,"log_name":"Security","computer":"WIN-SRV-01.corp.local","provider_name":"Microsoft-Windows-Security-Auditing","level":"Information","record_id":100135,"scenario":"Normal Firewall Activity","attack_phase":"Command and Control","mitre_technique":"None","severity":"low","is_suspicious":false,"application_path":"C:\\Windows\\System32\\taskhostw.exe","src_ip":"10.10.30.10","src_port":40037,"dest_ip":"10.10.30.169","dest_port":445,"protocol":"TCP","direction":"Outbound","message":"The Windows Filtering Platform has permitted a connection."}
{"timestamp":"2026-09-02T08:15:00Z","host":"WIN-SRV-01","source":"WinEventLog:Security","sourcetype":"WinEventLog:Security","index":"windows","EventCode":4625,"event_id":4625,"log_name":"Security","computer":"WIN-SRV-01.corp.local","provider_name":"Microsoft-Windows-Security-Auditing","level":"Information","record_id":100744,"scenario":"Password Spraying","attack_phase":"Credential Access","mitre_technique":"T1110.003","severity":"medium","is_suspicious":true,"target_user":"alice","target_domain":"CORP","src_ip":"10.10.20.90","src_port":51000,"logon_type":3,"authentication_package":"NTLM","status":"0xC000006D","sub_status":"0xC000006A","message":"An account failed to log on."}
{"timestamp":"2026-09-02T08:15:20Z","host":"WIN-SRV-01","source":"WinEventLog:Security","sourcetype":"WinEventLog:Security","index":"windows","EventCode":4625,"event_id":4625,"log_name":"Security","computer":"WIN-SRV-01.corp.local","provider_name":"Microsoft-Windows-Security-Auditing","level":"Information","record_id":100745,"scenario":"Password Spraying","attack_phase":"Credential Access","mitre_technique":"T1110.003","severity":"medium","is_suspicious":true,"target_user":"bob","target_domain":"CORP","src_ip":"10.10.20.90","src_port":51001,"logon_type":3,"authentication_package":"NTLM","status":"0xC000006D","sub_status":"0xC000006A","message":"An account failed to log on."}
{"timestamp":"2026-09-02T08:15:40Z","host":"WIN-SRV-01","source":"WinEventLog:Security","sourcetype":"WinEventLog:Security","index":"windows","EventCode":4625,"event_id":4625,"log_name":"Security","computer":"WIN-SRV-01.corp.local","provider_name":"Microsoft-Windows-Security-Auditing","level":"Information","record_id":100746,"scenario":"Password Spraying","attack_phase":"Credential Access","mitre_technique":"T1110.003","severity":"medium","is_suspicious":true,"target_user":"carol","target_domain":"CORP","src_ip":"10.10.20.90","src_port":51002,"logon_type":3,"authentication_package":"NTLM","status":"0xC000006D","sub_status":"0xC000006A","message":"An account failed to log on."}
{"timestamp":"2026-09-02T08:16:00Z","host":"WIN-SRV-01","source":"WinEventLog:Security","sourcetype":"WinEventLog:Security","index":"windows","EventCode":4625,"event_id":4625,"log_name":"Security","computer":"WIN-SRV-01.corp.local","provider_name":"Microsoft-Windows-Security-Auditing","level":"Information","record_id":100747,"scenario":"Password Spraying","attack_phase":"Credential Access","mitre_technique":"T1110.003","severity":"medium","is_suspicious":true,"target_user":"david","target_domain":"CORP","src_ip":"10.10.20.90","src_port":51003,"logon_type":3,"authentication_package":"NTLM","status":"0xC000006D","sub_status":"0xC000006A","message":"An account failed to log on."}
{"timestamp":"2026-09-02T08:16:20Z","host":"WIN-SRV-01","source":"WinEventLog:Security","sourcetype":"WinEventLog:Security","index":"windows","EventCode":4625,"event_id":4625,"log_name":"Security","computer":"WIN-SRV-01.corp.local","provider_name":"Microsoft-Windows-Security-Auditing","level":"Information","record_id":100748,"scenario":"Password Spraying","attack_phase":"Credential Access","mitre_technique":"T1110.003","severity":"medium","is_suspicious":true,"target_user":"erin","target_domain":"CORP","src_ip":"10.10.20.90","src_port":51004,"logon_type":3,"authentication_package":"NTLM","status":"0xC000006D","sub_status":"0xC000006A","message":"An account failed to log on."}
{"timestamp":"2026-09-02T08:16:40Z","host":"WIN-SRV-01","source":"WinEventLog:Security","sourcetype":"WinEventLog:Security","index":"windows","EventCode":4625,"event_id":4625,"log_name":"Security","computer":"WIN-SRV-01.corp.local","provider_name":"Microsoft-Windows-Security-Auditing","level":"Information","record_id":100749,"scenario":"Password Spraying","attack_phase":"Credential Access","mitre_technique":"T1110.003","severity":"medium","is_suspicious":true,"target_user":"frank","target_domain":"CORP","src_ip":"10.10.20.90","src_port":51005,"logon_type":3,"authentication_package":"NTLM","status":"0xC000006D","sub_status":"0xC000006A","message":"An account failed to log on."}
{"timestamp":"2026-09-02T08:18:00Z","host":"WIN-SRV-01","source":"WinEventLog:Security","sourcetype":"WinEventLog:Security","index":"windows","EventCode":4624,"event_id":4624,"log_name":"Security","computer":"WIN-SRV-01.corp.local","provider_name":"Microsoft-Windows-Security-Auditing","level":"Information","record_id":100750,"scenario":"Password Spraying","attack_phase":"Credential Access","mitre_technique":"T1110.003","severity":"high","is_suspicious":true,"target_user":"alice","target_domain":"CORP","src_ip":"10.10.20.90","src_port":52001,"logon_type":3,"authentication_package":"NTLM","logon_id":"0x8f21","message":"An account was successfully logged on."}
{"timestamp":"2026-09-02T08:19:00Z","host":"WIN-SRV-01","source":"WinEventLog:Security","sourcetype":"WinEventLog:Security","index":"windows","EventCode":4740,"event_id":4740,"log_name":"Security","computer":"WIN-SRV-01.corp.local","provider_name":"Microsoft-Windows-Security-Auditing","level":"Information","record_id":100751,"scenario":"Password Spraying","attack_phase":"Credential Access","mitre_technique":"T1110.003","severity":"high","is_suspicious":true,"target_user":"bob","target_domain":"CORP","caller_computer":"WIN-CLIENT-02","src_ip":"10.10.20.90","message":"A user account was locked out."}
