{"timestamp":"2026-09-10T17:02:40Z","host":"WIN-DC-01","source":"WinEventLog:Security","sourcetype":"WinEventLog:Security","index":"windows","EventCode":4662,"event_id":4662,"log_name":"Security","computer":"WIN-DC-01.corp.local","provider_name":"Microsoft-Windows-Security-Auditing","level":"Information","record_id":102518,"scenario":"Normal Directory Service Access","attack_phase":"None","mitre_technique":"None","severity":"low","is_suspicious":false,"subject_user":"kwright","subject_domain":"CORP","subject_logon_id":"0xBFA1F","object_name":"CN=agarcia,CN=Users,DC=corp,DC=local","object_type":"organizationalPerson","object_server":"DS","access_mask":"0x20","accesses":"Read Property","src_ip":"10.10.10.169","dest_host":"WIN-DC-01","message":"A normal directory object was accessed."}
{"timestamp":"2026-09-10T17:10:04Z","host":"WIN-DC-01","source":"WinEventLog:Security","sourcetype":"WinEventLog:Security","index":"windows","EventCode":4662,"event_id":4662,"log_name":"Security","computer":"WIN-DC-01.corp.local","provider_name":"Microsoft-Windows-Security-Auditing","level":"Information","record_id":102519,"scenario":"Normal Directory Service Access","attack_phase":"None","mitre_technique":"None","severity":"low","is_suspicious":false,"subject_user":"mchen","subject_domain":"CORP","subject_logon_id":"0x61ABA","object_name":"CN=mchen,CN=Users,DC=corp,DC=local","object_type":"organizationalPerson","object_server":"DS","access_mask":"0x20","accesses":"Read Property","src_ip":"10.10.10.149","dest_host":"WIN-DC-01","message":"A normal directory object was accessed."}
{"timestamp":"2026-09-10T17:19:13Z","host":"WIN-DC-02","source":"WinEventLog:Security","sourcetype":"WinEventLog:Security","index":"windows","EventCode":4662,"event_id":4662,"log_name":"Security","computer":"WIN-DC-02.corp.local","provider_name":"Microsoft-Windows-Security-Auditing","level":"Information","record_id":102520,"scenario":"Normal Directory Service Access","attack_phase":"None","mitre_technique":"None","severity":"low","is_suspicious":false,"subject_user":"administrator","subject_domain":"CORP","subject_logon_id":"0x8466B","object_name":"CN=jsmith,CN=Users,DC=corp,DC=local","object_type":"organizationalPerson","object_server":"DS","access_mask":"0x20","accesses":"Read Property","src_ip":"10.10.10.126","dest_host":"WIN-DC-02","message":"A normal directory object was accessed."}
{"timestamp":"2026-09-10T17:30:52Z","host":"WIN-DC-02","source":"WinEventLog:Security","sourcetype":"WinEventLog:Security","index":"windows","EventCode":4662,"event_id":4662,"log_name":"Security","computer":"WIN-DC-02.corp.local","provider_name":"Microsoft-Windows-Security-Auditing","level":"Information","record_id":102521,"scenario":"Normal Directory Service Access","attack_phase":"None","mitre_technique":"None","severity":"low","is_suspicious":false,"subject_user":"tnguyen","subject_domain":"CORP","subject_logon_id":"0xD577D","object_name":"CN=jsmith,CN=Users,DC=corp,DC=local","object_type":"organizationalPerson","object_server":"DS","access_mask":"0x20","accesses":"Read Property","src_ip":"10.10.10.79","dest_host":"WIN-DC-02","message":"A normal directory object was accessed."}
{"timestamp":"2026-09-10T17:38:37Z","host":"WIN-DC-02","source":"WinEventLog:Security","sourcetype":"WinEventLog:Security","index":"windows","EventCode":4662,"event_id":4662,"log_name":"Security","computer":"WIN-DC-02.corp.local","provider_name":"Microsoft-Windows-Security-Auditing","level":"Information","record_id":102522,"scenario":"Normal Directory Service Access","attack_phase":"None","mitre_technique":"None","severity":"low","is_suspicious":false,"subject_user":"j.admin","subject_domain":"CORP","subject_logon_id":"0xB2558","object_name":"CN=agarcia,CN=Users,DC=corp,DC=local","object_type":"organizationalPerson","object_server":"DS","access_mask":"0x20","accesses":"Read Property","src_ip":"10.10.10.156","dest_host":"WIN-DC-02","message":"A normal directory object was accessed."}
{"timestamp":"2026-09-10T17:52:53Z","host":"WIN-DC-02","source":"WinEventLog:Security","sourcetype":"WinEventLog:Security","index":"windows","EventCode":4662,"event_id":4662,"log_name":"Security","computer":"WIN-DC-02.corp.local","provider_name":"Microsoft-Windows-Security-Auditing","level":"Information","record_id":102523,"scenario":"Normal Directory Service Access","attack_phase":"None","mitre_technique":"None","severity":"low","is_suspicious":false,"subject_user":"sbrooks","subject_domain":"CORP","subject_logon_id":"0x6F717","object_name":"CN=dohara,CN=Users,DC=corp,DC=local","object_type":"organizationalPerson","object_server":"DS","access_mask":"0x20","accesses":"Read Property","src_ip":"10.10.10.184","dest_host":"WIN-DC-02","message":"A normal directory object was accessed."}
{"timestamp":"2026-09-10T17:59:06Z","host":"WIN-DC-02","source":"WinEventLog:Security","sourcetype":"WinEventLog:Security","index":"windows","EventCode":4662,"event_id":4662,"log_name":"Security","computer":"WIN-DC-02.corp.local","provider_name":"Microsoft-Windows-Security-Auditing","level":"Information","record_id":102524,"scenario":"Normal Directory Service Access","attack_phase":"None","mitre_technique":"None","severity":"low","is_suspicious":false,"subject_user":"agarcia","subject_domain":"CORP","subject_logon_id":"0xD9162","object_name":"CN=mchen,CN=Users,DC=corp,DC=local","object_type":"organizationalPerson","object_server":"DS","access_mask":"0x20","accesses":"Read Property","src_ip":"10.10.10.110","dest_host":"WIN-DC-02","message":"A normal directory object was accessed."}
{"timestamp":"2026-09-10T18:08:40Z","host":"WIN-DC-02","source":"WinEventLog:Security","sourcetype":"WinEventLog:Security","index":"windows","EventCode":4662,"event_id":4662,"log_name":"Security","computer":"WIN-DC-02.corp.local","provider_name":"Microsoft-Windows-Security-Auditing","level":"Information","record_id":102525,"scenario":"Normal Directory Service Access","attack_phase":"None","mitre_technique":"None","severity":"low","is_suspicious":false,"subject_user":"administrator","subject_domain":"CORP","subject_logon_id":"0x247B7","object_name":"CN=mchen,CN=Users,DC=corp,DC=local","object_type":"organizationalPerson","object_server":"DS","access_mask":"0x20","accesses":"Read Property","src_ip":"10.10.10.3","dest_host":"WIN-DC-02","message":"A normal directory object was accessed."}
{"timestamp":"2026-09-10T18:14:55Z","host":"WIN-DC-02","source":"WinEventLog:Security","sourcetype":"WinEventLog:Security","index":"windows","EventCode":4662,"event_id":4662,"log_name":"Security","computer":"WIN-DC-02.corp.local","provider_name":"Microsoft-Windows-Security-Auditing","level":"Information","record_id":102526,"scenario":"Normal Directory Service Access","attack_phase":"None","mitre_technique":"None","severity":"low","is_suspicious":false,"subject_user":"rpatel","subject_domain":"CORP","subject_logon_id":"0x93D03","object_name":"CN=cwalker,CN=Users,DC=corp,DC=local","object_type":"organizationalPerson","object_server":"DS","access_mask":"0x20","accesses":"Read Property","src_ip":"10.10.10.188","dest_host":"WIN-DC-02","message":"A normal directory object was accessed."}
{"timestamp":"2026-09-10T18:23:10Z","host":"WIN-DC-02","source":"WinEventLog:Security","sourcetype":"WinEventLog:Security","index":"windows","EventCode":4662,"event_id":4662,"log_name":"Security","computer":"WIN-DC-02.corp.local","provider_name":"Microsoft-Windows-Security-Auditing","level":"Information","record_id":102527,"scenario":"Normal Directory Service Access","attack_phase":"None","mitre_technique":"None","severity":"low","is_suspicious":false,"subject_user":"jsmith","subject_domain":"CORP","subject_logon_id":"0x86FAB","object_name":"CN=lwilson,CN=Users,DC=corp,DC=local","object_type":"organizationalPerson","object_server":"DS","access_mask":"0x20","accesses":"Read Property","src_ip":"10.10.10.12","dest_host":"WIN-DC-02","message":"A normal directory object was accessed."}
{"timestamp":"2026-09-10T18:25:44Z","host":"WIN-DC-02","source":"WinEventLog:Security","sourcetype":"WinEventLog:Security","index":"windows","EventCode":4662,"event_id":4662,"log_name":"Security","computer":"WIN-DC-02.corp.local","provider_name":"Microsoft-Windows-Security-Auditing","level":"Information","record_id":102528,"scenario":"Normal Directory Service Access","attack_phase":"None","mitre_technique":"None","severity":"low","is_suspicious":false,"subject_user":"dohara","subject_domain":"CORP","subject_logon_id":"0x6DFA8","object_name":"CN=jsmith,CN=Users,DC=corp,DC=local","object_type":"organizationalPerson","object_server":"DS","access_mask":"0x20","accesses":"Read Property","src_ip":"10.10.10.229","dest_host":"WIN-DC-02","message":"A normal directory object was accessed."}
{"timestamp":"2026-09-10T18:36:27Z","host":"WIN-DC-02","source":"WinEventLog:Security","sourcetype":"WinEventLog:Security","index":"windows","EventCode":4662,"event_id":4662,"log_name":"Security","computer":"WIN-DC-02.corp.local","provider_name":"Microsoft-Windows-Security-Auditing","level":"Information","record_id":102529,"scenario":"Normal Directory Service Access","attack_phase":"None","mitre_technique":"None","severity":"low","is_suspicious":false,"subject_user":"lwilson","subject_domain":"CORP","subject_logon_id":"0x7CFAD","object_name":"CN=kwright,CN=Users,DC=corp,DC=local","object_type":"organizationalPerson","object_server":"DS","access_mask":"0x20","accesses":"Read Property","src_ip":"10.10.10.174","dest_host":"WIN-DC-02","message":"A normal directory object was accessed."}
{"timestamp":"2026-09-10T18:42:00Z","host":"WIN-DC-01","source":"WinEventLog:Security","sourcetype":"WinEventLog:Security","index":"windows","EventCode":4662,"event_id":4662,"log_name":"Security","computer":"WIN-DC-01.corp.local","provider_name":"Microsoft-Windows-Security-Auditing","level":"Information","record_id":102530,"scenario":"Normal Directory Service Access","attack_phase":"None","mitre_technique":"None","severity":"low","is_suspicious":false,"subject_user":"sbrooks","subject_domain":"CORP","subject_logon_id":"0x54698","object_name":"CN=mchen,CN=Users,DC=corp,DC=local","object_type":"organizationalPerson","object_server":"DS","access_mask":"0x20","accesses":"Read Property","src_ip":"10.10.10.77","dest_host":"WIN-DC-01","message":"A normal directory object was accessed."}
{"timestamp":"2026-09-10T18:48:35Z","host":"WIN-DC-02","source":"WinEventLog:Security","sourcetype":"WinEventLog:Security","index":"windows","EventCode":4662,"event_id":4662,"log_name":"Security","computer":"WIN-DC-02.corp.local","provider_name":"Microsoft-Windows-Security-Auditing","level":"Information","record_id":102531,"scenario":"Normal Directory Service Access","attack_phase":"None","mitre_technique":"None","severity":"low","is_suspicious":false,"subject_user":"jsmith","subject_domain":"CORP","subject_logon_id":"0x825F8","object_name":"CN=kwright,CN=Users,DC=corp,DC=local","object_type":"organizationalPerson","object_server":"DS","access_mask":"0x20","accesses":"Read Property","src_ip":"10.10.10.78","dest_host":"WIN-DC-02","message":"A normal directory object was accessed."}
{"timestamp":"2026-09-10T18:59:56Z","host":"WIN-DC-01","source":"WinEventLog:Security","sourcetype":"WinEventLog:Security","index":"windows","EventCode":4662,"event_id":4662,"log_name":"Security","computer":"WIN-DC-01.corp.local","provider_name":"Microsoft-Windows-Security-Auditing","level":"Information","record_id":102532,"scenario":"Normal Directory Service Access","attack_phase":"None","mitre_technique":"None","severity":"low","is_suspicious":false,"subject_user":"cwalker","subject_domain":"CORP","subject_logon_id":"0x2C974","object_name":"CN=kwright,CN=Users,DC=corp,DC=local","object_type":"organizationalPerson","object_server":"DS","access_mask":"0x20","accesses":"Read Property","src_ip":"10.10.10.189","dest_host":"WIN-DC-01","message":"A normal directory object was accessed."}
{"timestamp":"2026-09-10T19:01:03Z","host":"WIN-DC-02","source":"WinEventLog:Security","sourcetype":"WinEventLog:Security","index":"windows","EventCode":4662,"event_id":4662,"log_name":"Security","computer":"WIN-DC-02.corp.local","provider_name":"Microsoft-Windows-Security-Auditing","level":"Information","record_id":102533,"scenario":"Normal Directory Service Access","attack_phase":"None","mitre_technique":"None","severity":"low","is_suspicious":false,"subject_user":"rpatel","subject_domain":"CORP","subject_logon_id":"0x3CDC1","object_name":"CN=agarcia,CN=Users,DC=corp,DC=local","object_type":"organizationalPerson","object_server":"DS","access_mask":"0x20","accesses":"Read Property","src_ip":"10.10.10.138","dest_host":"WIN-DC-02","message":"A normal directory object was accessed."}
{"timestamp":"2026-09-10T19:03:09Z","host":"WIN-DC-01","source":"WinEventLog:Security","sourcetype":"WinEventLog:Security","index":"windows","EventCode":4662,"event_id":4662,"log_name":"Security","computer":"WIN-DC-01.corp.local","provider_name":"Microsoft-Windows-Security-Auditing","level":"Information","record_id":102534,"scenario":"Normal Directory Service Access","attack_phase":"None","mitre_technique":"None","severity":"low","is_suspicious":false,"subject_user":"j.admin","subject_domain":"CORP","subject_logon_id":"0x35076","object_name":"CN=dohara,CN=Users,DC=corp,DC=local","object_type":"organizationalPerson","object_server":"DS","access_mask":"0x20","accesses":"Read Property","src_ip":"10.10.10.112","dest_host":"WIN-DC-01","message":"A normal directory object was accessed."}
{"timestamp":"2026-09-10T19:08:20Z","host":"WIN-DC-02","source":"WinEventLog:Security","sourcetype":"WinEventLog:Security","index":"windows","EventCode":4662,"event_id":4662,"log_name":"Security","computer":"WIN-DC-02.corp.local","provider_name":"Microsoft-Windows-Security-Auditing","level":"Information","record_id":102535,"scenario":"Normal Directory Service Access","attack_phase":"None","mitre_technique":"None","severity":"low","is_suspicious":false,"subject_user":"dohara","subject_domain":"CORP","subject_logon_id":"0xC061C","object_name":"CN=cwalker,CN=Users,DC=corp,DC=local","object_type":"organizationalPerson","object_server":"DS","access_mask":"0x20","accesses":"Read Property","src_ip":"10.10.10.64","dest_host":"WIN-DC-02","message":"A normal directory object was accessed."}
{"timestamp":"2026-09-10T19:22:55Z","host":"WIN-DC-02","source":"WinEventLog:Security","sourcetype":"WinEventLog:Security","index":"windows","EventCode":4662,"event_id":4662,"log_name":"Security","computer":"WIN-DC-02.corp.local","provider_name":"Microsoft-Windows-Security-Auditing","level":"Information","record_id":102536,"scenario":"Normal Directory Service Access","attack_phase":"None","mitre_technique":"None","severity":"low","is_suspicious":false,"subject_user":"jsmith","subject_domain":"CORP","subject_logon_id":"0x2397D","object_name":"CN=kwright,CN=Users,DC=corp,DC=local","object_type":"organizationalPerson","object_server":"DS","access_mask":"0x20","accesses":"Read Property","src_ip":"10.10.10.97","dest_host":"WIN-DC-02","message":"A normal directory object was accessed."}
{"timestamp":"2026-09-10T19:24:04Z","host":"WIN-DC-01","source":"WinEventLog:Security","sourcetype":"WinEventLog:Security","index":"windows","EventCode":4662,"event_id":4662,"log_name":"Security","computer":"WIN-DC-01.corp.local","provider_name":"Microsoft-Windows-Security-Auditing","level":"Information","record_id":102537,"scenario":"Normal Directory Service Access","attack_phase":"None","mitre_technique":"None","severity":"low","is_suspicious":false,"subject_user":"cwalker","subject_domain":"CORP","subject_logon_id":"0xC94BA","object_name":"CN=agarcia,CN=Users,DC=corp,DC=local","object_type":"organizationalPerson","object_server":"DS","access_mask":"0x20","accesses":"Read Property","src_ip":"10.10.10.99","dest_host":"WIN-DC-01","message":"A normal directory object was accessed."}
{"timestamp":"2026-09-10T19:33:18Z","host":"WIN-DC-01","source":"WinEventLog:Security","sourcetype":"WinEventLog:Security","index":"windows","EventCode":4662,"event_id":4662,"log_name":"Security","computer":"WIN-DC-01.corp.local","provider_name":"Microsoft-Windows-Security-Auditing","level":"Information","record_id":102538,"scenario":"Normal Directory Service Access","attack_phase":"None","mitre_technique":"None","severity":"low","is_suspicious":false,"subject_user":"kwright","subject_domain":"CORP","subject_logon_id":"0xFD6CB","object_name":"CN=lwilson,CN=Users,DC=corp,DC=local","object_type":"organizationalPerson","object_server":"DS","access_mask":"0x20","accesses":"Read Property","src_ip":"10.10.10.110","dest_host":"WIN-DC-01","message":"A normal directory object was accessed."}
{"timestamp":"2026-09-10T19:40:38Z","host":"WIN-DC-01","source":"WinEventLog:Security","sourcetype":"WinEventLog:Security","index":"windows","EventCode":4662,"event_id":4662,"log_name":"Security","computer":"WIN-DC-01.corp.local","provider_name":"Microsoft-Windows-Security-Auditing","level":"Information","record_id":102539,"scenario":"Normal Directory Service Access","attack_phase":"None","mitre_technique":"None","severity":"low","is_suspicious":false,"subject_user":"mchen","subject_domain":"CORP","subject_logon_id":"0xCF2C1","object_name":"CN=lwilson,CN=Users,DC=corp,DC=local","object_type":"organizationalPerson","object_server":"DS","access_mask":"0x20","accesses":"Read Property","src_ip":"10.10.10.186","dest_host":"WIN-DC-01","message":"A normal directory object was accessed."}
{"timestamp":"2026-09-10T19:52:16Z","host":"WIN-DC-01","source":"WinEventLog:Security","sourcetype":"WinEventLog:Security","index":"windows","EventCode":4662,"event_id":4662,"log_name":"Security","computer":"WIN-DC-01.corp.local","provider_name":"Microsoft-Windows-Security-Auditing","level":"Information","record_id":102540,"scenario":"Normal Directory Service Access","attack_phase":"None","mitre_technique":"None","severity":"low","is_suspicious":false,"subject_user":"tnguyen","subject_domain":"CORP","subject_logon_id":"0x2DCE0","object_name":"CN=rpatel,CN=Users,DC=corp,DC=local","object_type":"organizationalPerson","object_server":"DS","access_mask":"0x20","accesses":"Read Property","src_ip":"10.10.10.148","dest_host":"WIN-DC-01","message":"A normal directory object was accessed."}
{"timestamp":"2026-09-10T19:57:13Z","host":"WIN-DC-02","source":"WinEventLog:Security","sourcetype":"WinEventLog:Security","index":"windows","EventCode":4662,"event_id":4662,"log_name":"Security","computer":"WIN-DC-02.corp.local","provider_name":"Microsoft-Windows-Security-Auditing","level":"Information","record_id":102541,"scenario":"Normal Directory Service Access","attack_phase":"None","mitre_technique":"None","severity":"low","is_suspicious":false,"subject_user":"cwalker","subject_domain":"CORP","subject_logon_id":"0x93981","object_name":"CN=sbrooks,CN=Users,DC=corp,DC=local","object_type":"organizationalPerson","object_server":"DS","access_mask":"0x20","accesses":"Read Property","src_ip":"10.10.10.220","dest_host":"WIN-DC-02","message":"A normal directory object was accessed."}
{"timestamp":"2026-09-10T20:11:15Z","host":"WIN-DC-01","source":"WinEventLog:Security","sourcetype":"WinEventLog:Security","index":"windows","EventCode":4662,"event_id":4662,"log_name":"Security","computer":"WIN-DC-01.corp.local","provider_name":"Microsoft-Windows-Security-Auditing","level":"Information","record_id":102542,"scenario":"Normal Directory Service Access","attack_phase":"None","mitre_technique":"None","severity":"low","is_suspicious":false,"subject_user":"j.admin","subject_domain":"CORP","subject_logon_id":"0xDC884","object_name":"CN=jsmith,CN=Users,DC=corp,DC=local","object_type":"organizationalPerson","object_server":"DS","access_mask":"0x20","accesses":"Read Property","src_ip":"10.10.10.97","dest_host":"WIN-DC-01","message":"A normal directory object was accessed."}
{"timestamp":"2026-09-10T20:21:32Z","host":"WIN-DC-02","source":"WinEventLog:Security","sourcetype":"WinEventLog:Security","index":"windows","EventCode":4662,"event_id":4662,"log_name":"Security","computer":"WIN-DC-02.corp.local","provider_name":"Microsoft-Windows-Security-Auditing","level":"Information","record_id":102543,"scenario":"Normal Directory Service Access","attack_phase":"None","mitre_technique":"None","severity":"low","is_suspicious":false,"subject_user":"rpatel","subject_domain":"CORP","subject_logon_id":"0xD2BE7","object_name":"CN=tnguyen,CN=Users,DC=corp,DC=local","object_type":"organizationalPerson","object_server":"DS","access_mask":"0x20","accesses":"Read Property","src_ip":"10.10.10.72","dest_host":"WIN-DC-02","message":"A normal directory object was accessed."}
{"timestamp":"2026-09-10T20:34:46Z","host":"WIN-DC-01","source":"WinEventLog:Security","sourcetype":"WinEventLog:Security","index":"windows","EventCode":4662,"event_id":4662,"log_name":"Security","computer":"WIN-DC-01.corp.local","provider_name":"Microsoft-Windows-Security-Auditing","level":"Information","record_id":102544,"scenario":"Normal Directory Service Access","attack_phase":"None","mitre_technique":"None","severity":"low","is_suspicious":false,"subject_user":"lwilson","subject_domain":"CORP","subject_logon_id":"0x90667","object_name":"CN=jsmith,CN=Users,DC=corp,DC=local","object_type":"organizationalPerson","object_server":"DS","access_mask":"0x20","accesses":"Read Property","src_ip":"10.10.10.156","dest_host":"WIN-DC-01","message":"A normal directory object was accessed."}
{"timestamp":"2026-09-10T20:42:04Z","host":"WIN-DC-01","source":"WinEventLog:Security","sourcetype":"WinEventLog:Security","index":"windows","EventCode":4662,"event_id":4662,"log_name":"Security","computer":"WIN-DC-01.corp.local","provider_name":"Microsoft-Windows-Security-Auditing","level":"Information","record_id":102545,"scenario":"Normal Directory Service Access","attack_phase":"None","mitre_technique":"None","severity":"low","is_suspicious":false,"subject_user":"administrator","subject_domain":"CORP","subject_logon_id":"0x58F00","object_name":"CN=lwilson,CN=Users,DC=corp,DC=local","object_type":"organizationalPerson","object_server":"DS","access_mask":"0x20","accesses":"Read Property","src_ip":"10.10.10.3","dest_host":"WIN-DC-01","message":"A normal directory object was accessed."}
{"timestamp":"2026-09-10T20:49:30Z","host":"WIN-DC-01","source":"WinEventLog:Security","sourcetype":"WinEventLog:Security","index":"windows","EventCode":4662,"event_id":4662,"log_name":"Security","computer":"WIN-DC-01.corp.local","provider_name":"Microsoft-Windows-Security-Auditing","level":"Information","record_id":102546,"scenario":"Normal Directory Service Access","attack_phase":"None","mitre_technique":"None","severity":"low","is_suspicious":false,"subject_user":"jsmith","subject_domain":"CORP","subject_logon_id":"0xD8347","object_name":"CN=tnguyen,CN=Users,DC=corp,DC=local","object_type":"organizationalPerson","object_server":"DS","access_mask":"0x20","accesses":"Read Property","src_ip":"10.10.10.170","dest_host":"WIN-DC-01","message":"A normal directory object was accessed."}
{"timestamp":"2026-09-10T20:52:12Z","host":"WIN-DC-02","source":"WinEventLog:Security","sourcetype":"WinEventLog:Security","index":"windows","EventCode":4662,"event_id":4662,"log_name":"Security","computer":"WIN-DC-02.corp.local","provider_name":"Microsoft-Windows-Security-Auditing","level":"Information","record_id":102547,"scenario":"Normal Directory Service Access","attack_phase":"None","mitre_technique":"None","severity":"low","is_suspicious":false,"subject_user":"lwilson","subject_domain":"CORP","subject_logon_id":"0x86628","object_name":"CN=cwalker,CN=Users,DC=corp,DC=local","object_type":"organizationalPerson","object_server":"DS","access_mask":"0x20","accesses":"Read Property","src_ip":"10.10.10.204","dest_host":"WIN-DC-02","message":"A normal directory object was accessed."}
{"timestamp":"2026-09-10T21:03:32Z","host":"WIN-DC-02","source":"WinEventLog:Security","sourcetype":"WinEventLog:Security","index":"windows","EventCode":4662,"event_id":4662,"log_name":"Security","computer":"WIN-DC-02.corp.local","provider_name":"Microsoft-Windows-Security-Auditing","level":"Information","record_id":102548,"scenario":"Normal Directory Service Access","attack_phase":"None","mitre_technique":"None","severity":"low","is_suspicious":false,"subject_user":"agarcia","subject_domain":"CORP","subject_logon_id":"0x48A8A","object_name":"CN=rpatel,CN=Users,DC=corp,DC=local","object_type":"organizationalPerson","object_server":"DS","access_mask":"0x20","accesses":"Read Property","src_ip":"10.10.10.6","dest_host":"WIN-DC-02","message":"A normal directory object was accessed."}
{"timestamp":"2026-09-10T21:16:08Z","host":"WIN-DC-02","source":"WinEventLog:Security","sourcetype":"WinEventLog:Security","index":"windows","EventCode":4662,"event_id":4662,"log_name":"Security","computer":"WIN-DC-02.corp.local","provider_name":"Microsoft-Windows-Security-Auditing","level":"Information","record_id":102549,"scenario":"Normal Directory Service Access","attack_phase":"None","mitre_technique":"None","severity":"low","is_suspicious":false,"subject_user":"rpatel","subject_domain":"CORP","subject_logon_id":"0x20501","object_name":"CN=cwalker,CN=Users,DC=corp,DC=local","object_type":"organizationalPerson","object_server":"DS","access_mask":"0x20","accesses":"Read Property","src_ip":"10.10.10.75","dest_host":"WIN-DC-02","message":"A normal directory object was accessed."}
{"timestamp":"2026-09-10T21:29:03Z","host":"WIN-DC-02","source":"WinEventLog:Security","sourcetype":"WinEventLog:Security","index":"windows","EventCode":4662,"event_id":4662,"log_name":"Security","computer":"WIN-DC-02.corp.local","provider_name":"Microsoft-Windows-Security-Auditing","level":"Information","record_id":102550,"scenario":"Normal Directory Service Access","attack_phase":"None","mitre_technique":"None","severity":"low","is_suspicious":false,"subject_user":"cwalker","subject_domain":"CORP","subject_logon_id":"0x7BB73","object_name":"CN=cwalker,CN=Users,DC=corp,DC=local","object_type":"organizationalPerson","object_server":"DS","access_mask":"0x20","accesses":"Read Property","src_ip":"10.10.10.86","dest_host":"WIN-DC-02","message":"A normal directory object was accessed."}
{"timestamp":"2026-09-10T21:38:47Z","host":"WIN-DC-02","source":"WinEventLog:Security","sourcetype":"WinEventLog:Security","index":"windows","EventCode":4662,"event_id":4662,"log_name":"Security","computer":"WIN-DC-02.corp.local","provider_name":"Microsoft-Windows-Security-Auditing","level":"Information","record_id":102551,"scenario":"Normal Directory Service Access","attack_phase":"None","mitre_technique":"None","severity":"low","is_suspicious":false,"subject_user":"dohara","subject_domain":"CORP","subject_logon_id":"0xFE0C2","object_name":"CN=sbrooks,CN=Users,DC=corp,DC=local","object_type":"organizationalPerson","object_server":"DS","access_mask":"0x20","accesses":"Read Property","src_ip":"10.10.10.5","dest_host":"WIN-DC-02","message":"A normal directory object was accessed."}
{"timestamp":"2026-09-10T21:45:08Z","host":"WIN-DC-02","source":"WinEventLog:Security","sourcetype":"WinEventLog:Security","index":"windows","EventCode":4662,"event_id":4662,"log_name":"Security","computer":"WIN-DC-02.corp.local","provider_name":"Microsoft-Windows-Security-Auditing","level":"Information","record_id":102552,"scenario":"Normal Directory Service Access","attack_phase":"None","mitre_technique":"None","severity":"low","is_suspicious":false,"subject_user":"kwright","subject_domain":"CORP","subject_logon_id":"0x68AB7","object_name":"CN=dohara,CN=Users,DC=corp,DC=local","object_type":"organizationalPerson","object_server":"DS","access_mask":"0x20","accesses":"Read Property","src_ip":"10.10.10.40","dest_host":"WIN-DC-02","message":"A normal directory object was accessed."}
{"timestamp":"2026-09-10T21:53:31Z","host":"WIN-DC-02","source":"WinEventLog:Security","sourcetype":"WinEventLog:Security","index":"windows","EventCode":4662,"event_id":4662,"log_name":"Security","computer":"WIN-DC-02.corp.local","provider_name":"Microsoft-Windows-Security-Auditing","level":"Information","record_id":102553,"scenario":"Normal Directory Service Access","attack_phase":"None","mitre_technique":"None","severity":"low","is_suspicious":false,"subject_user":"rpatel","subject_domain":"CORP","subject_logon_id":"0x9840E","object_name":"CN=mchen,CN=Users,DC=corp,DC=local","object_type":"organizationalPerson","object_server":"DS","access_mask":"0x20","accesses":"Read Property","src_ip":"10.10.10.174","dest_host":"WIN-DC-02","message":"A normal directory object was accessed."}
{"timestamp":"2026-09-10T22:00:40Z","host":"WIN-DC-02","source":"WinEventLog:Security","sourcetype":"WinEventLog:Security","index":"windows","EventCode":4662,"event_id":4662,"log_name":"Security","computer":"WIN-DC-02.corp.local","provider_name":"Microsoft-Windows-Security-Auditing","level":"Information","record_id":102554,"scenario":"Normal Directory Service Access","attack_phase":"None","mitre_technique":"None","severity":"low","is_suspicious":false,"subject_user":"tnguyen","subject_domain":"CORP","subject_logon_id":"0x18429","object_name":"CN=cwalker,CN=Users,DC=corp,DC=local","object_type":"organizationalPerson","object_server":"DS","access_mask":"0x20","accesses":"Read Property","src_ip":"10.10.10.249","dest_host":"WIN-DC-02","message":"A normal directory object was accessed."}
{"timestamp":"2026-09-10T22:02:30Z","host":"WIN-DC-02","source":"WinEventLog:Security","sourcetype":"WinEventLog:Security","index":"windows","EventCode":4662,"event_id":4662,"log_name":"Security","computer":"WIN-DC-02.corp.local","provider_name":"Microsoft-Windows-Security-Auditing","level":"Information","record_id":102555,"scenario":"Normal Directory Service Access","attack_phase":"None","mitre_technique":"None","severity":"low","is_suspicious":false,"subject_user":"sbrooks","subject_domain":"CORP","subject_logon_id":"0x68658","object_name":"CN=agarcia,CN=Users,DC=corp,DC=local","object_type":"organizationalPerson","object_server":"DS","access_mask":"0x20","accesses":"Read Property","src_ip":"10.10.10.55","dest_host":"WIN-DC-02","message":"A normal directory object was accessed."}
{"timestamp":"2026-09-10T22:15:45Z","host":"WIN-DC-02","source":"WinEventLog:Security","sourcetype":"WinEventLog:Security","index":"windows","EventCode":4662,"event_id":4662,"log_name":"Security","computer":"WIN-DC-02.corp.local","provider_name":"Microsoft-Windows-Security-Auditing","level":"Information","record_id":102556,"scenario":"Normal Directory Service Access","attack_phase":"None","mitre_technique":"None","severity":"low","is_suspicious":false,"subject_user":"lwilson","subject_domain":"CORP","subject_logon_id":"0x5AB4E","object_name":"CN=kwright,CN=Users,DC=corp,DC=local","object_type":"organizationalPerson","object_server":"DS","access_mask":"0x20","accesses":"Read Property","src_ip":"10.10.10.117","dest_host":"WIN-DC-02","message":"A normal directory object was accessed."}
{"timestamp":"2026-09-10T22:27:45Z","host":"WIN-DC-02","source":"WinEventLog:Security","sourcetype":"WinEventLog:Security","index":"windows","EventCode":4662,"event_id":4662,"log_name":"Security","computer":"WIN-DC-02.corp.local","provider_name":"Microsoft-Windows-Security-Auditing","level":"Information","record_id":102557,"scenario":"Normal Directory Service Access","attack_phase":"None","mitre_technique":"None","severity":"low","is_suspicious":false,"subject_user":"jsmith","subject_domain":"CORP","subject_logon_id":"0x37E91","object_name":"CN=cwalker,CN=Users,DC=corp,DC=local","object_type":"organizationalPerson","object_server":"DS","access_mask":"0x20","accesses":"Read Property","src_ip":"10.10.10.151","dest_host":"WIN-DC-02","message":"A normal directory object was accessed."}
{"timestamp":"2026-09-10T22:31:05Z","host":"WIN-DC-02","source":"WinEventLog:Security","sourcetype":"WinEventLog:Security","index":"windows","EventCode":4662,"event_id":4662,"log_name":"Security","computer":"WIN-DC-02.corp.local","provider_name":"Microsoft-Windows-Security-Auditing","level":"Information","record_id":102558,"scenario":"Normal Directory Service Access","attack_phase":"None","mitre_technique":"None","severity":"low","is_suspicious":false,"subject_user":"cwalker","subject_domain":"CORP","subject_logon_id":"0x7E78C","object_name":"CN=tnguyen,CN=Users,DC=corp,DC=local","object_type":"organizationalPerson","object_server":"DS","access_mask":"0x20","accesses":"Read Property","src_ip":"10.10.10.197","dest_host":"WIN-DC-02","message":"A normal directory object was accessed."}
{"timestamp":"2026-09-10T22:31:58Z","host":"WIN-DC-02","source":"WinEventLog:Security","sourcetype":"WinEventLog:Security","index":"windows","EventCode":4662,"event_id":4662,"log_name":"Security","computer":"WIN-DC-02.corp.local","provider_name":"Microsoft-Windows-Security-Auditing","level":"Information","record_id":102559,"scenario":"Normal Directory Service Access","attack_phase":"None","mitre_technique":"None","severity":"low","is_suspicious":false,"subject_user":"sbrooks","subject_domain":"CORP","subject_logon_id":"0xCE7A3","object_name":"CN=dohara,CN=Users,DC=corp,DC=local","object_type":"organizationalPerson","object_server":"DS","access_mask":"0x20","accesses":"Read Property","src_ip":"10.10.10.62","dest_host":"WIN-DC-02","message":"A normal directory object was accessed."}
{"timestamp":"2026-09-10T22:38:52Z","host":"WIN-DC-01","source":"WinEventLog:Security","sourcetype":"WinEventLog:Security","index":"windows","EventCode":4662,"event_id":4662,"log_name":"Security","computer":"WIN-DC-01.corp.local","provider_name":"Microsoft-Windows-Security-Auditing","level":"Information","record_id":102560,"scenario":"Normal Directory Service Access","attack_phase":"None","mitre_technique":"None","severity":"low","is_suspicious":false,"subject_user":"tnguyen","subject_domain":"CORP","subject_logon_id":"0xAB6C5","object_name":"CN=agarcia,CN=Users,DC=corp,DC=local","object_type":"organizationalPerson","object_server":"DS","access_mask":"0x20","accesses":"Read Property","src_ip":"10.10.10.26","dest_host":"WIN-DC-01","message":"A normal directory object was accessed."}
{"timestamp":"2026-09-10T22:46:07Z","host":"WIN-DC-01","source":"WinEventLog:Security","sourcetype":"WinEventLog:Security","index":"windows","EventCode":4662,"event_id":4662,"log_name":"Security","computer":"WIN-DC-01.corp.local","provider_name":"Microsoft-Windows-Security-Auditing","level":"Information","record_id":102561,"scenario":"Normal Directory Service Access","attack_phase":"None","mitre_technique":"None","severity":"low","is_suspicious":false,"subject_user":"rpatel","subject_domain":"CORP","subject_logon_id":"0x2C526","object_name":"CN=cwalker,CN=Users,DC=corp,DC=local","object_type":"organizationalPerson","object_server":"DS","access_mask":"0x20","accesses":"Read Property","src_ip":"10.10.10.76","dest_host":"WIN-DC-01","message":"A normal directory object was accessed."}
{"timestamp":"2026-09-10T22:49:39Z","host":"WIN-DC-01","source":"WinEventLog:Security","sourcetype":"WinEventLog:Security","index":"windows","EventCode":4662,"event_id":4662,"log_name":"Security","computer":"WIN-DC-01.corp.local","provider_name":"Microsoft-Windows-Security-Auditing","level":"Information","record_id":102562,"scenario":"Normal Directory Service Access","attack_phase":"None","mitre_technique":"None","severity":"low","is_suspicious":false,"subject_user":"s.domadmin","subject_domain":"CORP","subject_logon_id":"0xD70BD","object_name":"CN=tnguyen,CN=Users,DC=corp,DC=local","object_type":"organizationalPerson","object_server":"DS","access_mask":"0x20","accesses":"Read Property","src_ip":"10.10.10.142","dest_host":"WIN-DC-01","message":"A normal directory object was accessed."}
{"timestamp":"2026-09-10T22:57:07Z","host":"WIN-DC-02","source":"WinEventLog:Security","sourcetype":"WinEventLog:Security","index":"windows","EventCode":4662,"event_id":4662,"log_name":"Security","computer":"WIN-DC-02.corp.local","provider_name":"Microsoft-Windows-Security-Auditing","level":"Information","record_id":102563,"scenario":"Normal Directory Service Access","attack_phase":"None","mitre_technique":"None","severity":"low","is_suspicious":false,"subject_user":"s.domadmin","subject_domain":"CORP","subject_logon_id":"0x47BEA","object_name":"CN=tnguyen,CN=Users,DC=corp,DC=local","object_type":"organizationalPerson","object_server":"DS","access_mask":"0x20","accesses":"Read Property","src_ip":"10.10.10.232","dest_host":"WIN-DC-02","message":"A normal directory object was accessed."}
{"timestamp":"2026-09-10T23:07:50Z","host":"WIN-DC-02","source":"WinEventLog:Security","sourcetype":"WinEventLog:Security","index":"windows","EventCode":4662,"event_id":4662,"log_name":"Security","computer":"WIN-DC-02.corp.local","provider_name":"Microsoft-Windows-Security-Auditing","level":"Information","record_id":102564,"scenario":"Normal Directory Service Access","attack_phase":"None","mitre_technique":"None","severity":"low","is_suspicious":false,"subject_user":"kwright","subject_domain":"CORP","subject_logon_id":"0xD53F7","object_name":"CN=kwright,CN=Users,DC=corp,DC=local","object_type":"organizationalPerson","object_server":"DS","access_mask":"0x20","accesses":"Read Property","src_ip":"10.10.10.163","dest_host":"WIN-DC-02","message":"A normal directory object was accessed."}
{"timestamp":"2026-09-10T23:10:08Z","host":"WIN-DC-02","source":"WinEventLog:Security","sourcetype":"WinEventLog:Security","index":"windows","EventCode":4662,"event_id":4662,"log_name":"Security","computer":"WIN-DC-02.corp.local","provider_name":"Microsoft-Windows-Security-Auditing","level":"Information","record_id":102565,"scenario":"Normal Directory Service Access","attack_phase":"None","mitre_technique":"None","severity":"low","is_suspicious":false,"subject_user":"sbrooks","subject_domain":"CORP","subject_logon_id":"0x991ED","object_name":"CN=sbrooks,CN=Users,DC=corp,DC=local","object_type":"organizationalPerson","object_server":"DS","access_mask":"0x20","accesses":"Read Property","src_ip":"10.10.10.102","dest_host":"WIN-DC-02","message":"A normal directory object was accessed."}
{"timestamp":"2026-09-10T23:14:28Z","host":"WIN-DC-02","source":"WinEventLog:Security","sourcetype":"WinEventLog:Security","index":"windows","EventCode":4662,"event_id":4662,"log_name":"Security","computer":"WIN-DC-02.corp.local","provider_name":"Microsoft-Windows-Security-Auditing","level":"Information","record_id":102566,"scenario":"Normal Directory Service Access","attack_phase":"None","mitre_technique":"None","severity":"low","is_suspicious":false,"subject_user":"dohara","subject_domain":"CORP","subject_logon_id":"0xD1BF7","object_name":"CN=dohara,CN=Users,DC=corp,DC=local","object_type":"organizationalPerson","object_server":"DS","access_mask":"0x20","accesses":"Read Property","src_ip":"10.10.10.75","dest_host":"WIN-DC-02","message":"A normal directory object was accessed."}
{"timestamp":"2026-09-10T23:29:03Z","host":"WIN-DC-02","source":"WinEventLog:Security","sourcetype":"WinEventLog:Security","index":"windows","EventCode":4662,"event_id":4662,"log_name":"Security","computer":"WIN-DC-02.corp.local","provider_name":"Microsoft-Windows-Security-Auditing","level":"Information","record_id":102567,"scenario":"Normal Directory Service Access","attack_phase":"None","mitre_technique":"None","severity":"low","is_suspicious":false,"subject_user":"mchen","subject_domain":"CORP","subject_logon_id":"0xFC856","object_name":"CN=mchen,CN=Users,DC=corp,DC=local","object_type":"organizationalPerson","object_server":"DS","access_mask":"0x20","accesses":"Read Property","src_ip":"10.10.10.104","dest_host":"WIN-DC-02","message":"A normal directory object was accessed."}
{"timestamp":"2026-09-10T23:34:28Z","host":"WIN-DC-01","source":"WinEventLog:Security","sourcetype":"WinEventLog:Security","index":"windows","EventCode":4662,"event_id":4662,"log_name":"Security","computer":"WIN-DC-01.corp.local","provider_name":"Microsoft-Windows-Security-Auditing","level":"Information","record_id":102568,"scenario":"Normal Directory Service Access","attack_phase":"None","mitre_technique":"None","severity":"low","is_suspicious":false,"subject_user":"sbrooks","subject_domain":"CORP","subject_logon_id":"0xE4721","object_name":"CN=kwright,CN=Users,DC=corp,DC=local","object_type":"organizationalPerson","object_server":"DS","access_mask":"0x20","accesses":"Read Property","src_ip":"10.10.10.197","dest_host":"WIN-DC-01","message":"A normal directory object was accessed."}
{"timestamp":"2026-09-10T23:42:53Z","host":"WIN-DC-01","source":"WinEventLog:Security","sourcetype":"WinEventLog:Security","index":"windows","EventCode":4662,"event_id":4662,"log_name":"Security","computer":"WIN-DC-01.corp.local","provider_name":"Microsoft-Windows-Security-Auditing","level":"Information","record_id":102569,"scenario":"Normal Directory Service Access","attack_phase":"None","mitre_technique":"None","severity":"low","is_suspicious":false,"subject_user":"administrator","subject_domain":"CORP","subject_logon_id":"0xF8438","object_name":"CN=agarcia,CN=Users,DC=corp,DC=local","object_type":"organizationalPerson","object_server":"DS","access_mask":"0x20","accesses":"Read Property","src_ip":"10.10.10.100","dest_host":"WIN-DC-01","message":"A normal directory object was accessed."}
{"timestamp":"2026-09-10T23:53:17Z","host":"WIN-DC-02","source":"WinEventLog:Security","sourcetype":"WinEventLog:Security","index":"windows","EventCode":4662,"event_id":4662,"log_name":"Security","computer":"WIN-DC-02.corp.local","provider_name":"Microsoft-Windows-Security-Auditing","level":"Information","record_id":102570,"scenario":"Normal Directory Service Access","attack_phase":"None","mitre_technique":"None","severity":"low","is_suspicious":false,"subject_user":"tnguyen","subject_domain":"CORP","subject_logon_id":"0x79090","object_name":"CN=rpatel,CN=Users,DC=corp,DC=local","object_type":"organizationalPerson","object_server":"DS","access_mask":"0x20","accesses":"Read Property","src_ip":"10.10.10.164","dest_host":"WIN-DC-02","message":"A normal directory object was accessed."}
{"timestamp":"2026-09-10T23:54:16Z","host":"WIN-DC-01","source":"WinEventLog:Security","sourcetype":"WinEventLog:Security","index":"windows","EventCode":4662,"event_id":4662,"log_name":"Security","computer":"WIN-DC-01.corp.local","provider_name":"Microsoft-Windows-Security-Auditing","level":"Information","record_id":102571,"scenario":"Normal Directory Service Access","attack_phase":"None","mitre_technique":"None","severity":"low","is_suspicious":false,"subject_user":"mchen","subject_domain":"CORP","subject_logon_id":"0xAC15B","object_name":"CN=cwalker,CN=Users,DC=corp,DC=local","object_type":"organizationalPerson","object_server":"DS","access_mask":"0x20","accesses":"Read Property","src_ip":"10.10.10.130","dest_host":"WIN-DC-01","message":"A normal directory object was accessed."}
{"timestamp":"2026-09-10T23:56:08Z","host":"WIN-DC-02","source":"WinEventLog:Security","sourcetype":"WinEventLog:Security","index":"windows","EventCode":4662,"event_id":4662,"log_name":"Security","computer":"WIN-DC-02.corp.local","provider_name":"Microsoft-Windows-Security-Auditing","level":"Information","record_id":102572,"scenario":"Normal Directory Service Access","attack_phase":"None","mitre_technique":"None","severity":"low","is_suspicious":false,"subject_user":"jsmith","subject_domain":"CORP","subject_logon_id":"0x63348","object_name":"CN=cwalker,CN=Users,DC=corp,DC=local","object_type":"organizationalPerson","object_server":"DS","access_mask":"0x20","accesses":"Read Property","src_ip":"10.10.10.65","dest_host":"WIN-DC-02","message":"A normal directory object was accessed."}
{"timestamp":"2026-09-10T23:59:28Z","host":"WIN-DC-02","source":"WinEventLog:Security","sourcetype":"WinEventLog:Security","index":"windows","EventCode":4662,"event_id":4662,"log_name":"Security","computer":"WIN-DC-02.corp.local","provider_name":"Microsoft-Windows-Security-Auditing","level":"Information","record_id":102573,"scenario":"Normal Directory Service Access","attack_phase":"None","mitre_technique":"None","severity":"low","is_suspicious":false,"subject_user":"administrator","subject_domain":"CORP","subject_logon_id":"0x27499","object_name":"CN=kwright,CN=Users,DC=corp,DC=local","object_type":"organizationalPerson","object_server":"DS","access_mask":"0x20","accesses":"Read Property","src_ip":"10.10.10.7","dest_host":"WIN-DC-02","message":"A normal directory object was accessed."}
{"timestamp":"2026-09-11T00:12:38Z","host":"WIN-DC-02","source":"WinEventLog:Security","sourcetype":"WinEventLog:Security","index":"windows","EventCode":4662,"event_id":4662,"log_name":"Security","computer":"WIN-DC-02.corp.local","provider_name":"Microsoft-Windows-Security-Auditing","level":"Information","record_id":102574,"scenario":"Normal Directory Service Access","attack_phase":"None","mitre_technique":"None","severity":"low","is_suspicious":false,"subject_user":"sbrooks","subject_domain":"CORP","subject_logon_id":"0x92E6E","object_name":"CN=rpatel,CN=Users,DC=corp,DC=local","object_type":"organizationalPerson","object_server":"DS","access_mask":"0x20","accesses":"Read Property","src_ip":"10.10.10.219","dest_host":"WIN-DC-02","message":"A normal directory object was accessed."}
{"timestamp":"2026-09-11T00:15:53Z","host":"WIN-DC-02","source":"WinEventLog:Security","sourcetype":"WinEventLog:Security","index":"windows","EventCode":4662,"event_id":4662,"log_name":"Security","computer":"WIN-DC-02.corp.local","provider_name":"Microsoft-Windows-Security-Auditing","level":"Information","record_id":102575,"scenario":"Normal Directory Service Access","attack_phase":"None","mitre_technique":"None","severity":"low","is_suspicious":false,"subject_user":"kwright","subject_domain":"CORP","subject_logon_id":"0xC91A7","object_name":"CN=rpatel,CN=Users,DC=corp,DC=local","object_type":"organizationalPerson","object_server":"DS","access_mask":"0x20","accesses":"Read Property","src_ip":"10.10.10.46","dest_host":"WIN-DC-02","message":"A normal directory object was accessed."}
{"timestamp":"2026-09-11T00:24:26Z","host":"WIN-DC-01","source":"WinEventLog:Security","sourcetype":"WinEventLog:Security","index":"windows","EventCode":4662,"event_id":4662,"log_name":"Security","computer":"WIN-DC-01.corp.local","provider_name":"Microsoft-Windows-Security-Auditing","level":"Information","record_id":102576,"scenario":"Normal Directory Service Access","attack_phase":"None","mitre_technique":"None","severity":"low","is_suspicious":false,"subject_user":"kwright","subject_domain":"CORP","subject_logon_id":"0x31F55","object_name":"CN=lwilson,CN=Users,DC=corp,DC=local","object_type":"organizationalPerson","object_server":"DS","access_mask":"0x20","accesses":"Read Property","src_ip":"10.10.10.18","dest_host":"WIN-DC-01","message":"A normal directory object was accessed."}
{"timestamp":"2026-09-11T00:25:27Z","host":"WIN-DC-01","source":"WinEventLog:Security","sourcetype":"WinEventLog:Security","index":"windows","EventCode":4662,"event_id":4662,"log_name":"Security","computer":"WIN-DC-01.corp.local","provider_name":"Microsoft-Windows-Security-Auditing","level":"Information","record_id":102577,"scenario":"Normal Directory Service Access","attack_phase":"None","mitre_technique":"None","severity":"low","is_suspicious":false,"subject_user":"cwalker","subject_domain":"CORP","subject_logon_id":"0x860FD","object_name":"CN=dohara,CN=Users,DC=corp,DC=local","object_type":"organizationalPerson","object_server":"DS","access_mask":"0x20","accesses":"Read Property","src_ip":"10.10.10.64","dest_host":"WIN-DC-01","message":"A normal directory object was accessed."}
{"timestamp":"2026-09-11T00:37:37Z","host":"WIN-DC-02","source":"WinEventLog:Security","sourcetype":"WinEventLog:Security","index":"windows","EventCode":4662,"event_id":4662,"log_name":"Security","computer":"WIN-DC-02.corp.local","provider_name":"Microsoft-Windows-Security-Auditing","level":"Information","record_id":102578,"scenario":"Normal Directory Service Access","attack_phase":"None","mitre_technique":"None","severity":"low","is_suspicious":false,"subject_user":"rpatel","subject_domain":"CORP","subject_logon_id":"0xDBF80","object_name":"CN=mchen,CN=Users,DC=corp,DC=local","object_type":"organizationalPerson","object_server":"DS","access_mask":"0x20","accesses":"Read Property","src_ip":"10.10.10.120","dest_host":"WIN-DC-02","message":"A normal directory object was accessed."}
{"timestamp":"2026-09-11T00:46:39Z","host":"WIN-DC-01","source":"WinEventLog:Security","sourcetype":"WinEventLog:Security","index":"windows","EventCode":4662,"event_id":4662,"log_name":"Security","computer":"WIN-DC-01.corp.local","provider_name":"Microsoft-Windows-Security-Auditing","level":"Information","record_id":102579,"scenario":"Normal Directory Service Access","attack_phase":"None","mitre_technique":"None","severity":"low","is_suspicious":false,"subject_user":"s.domadmin","subject_domain":"CORP","subject_logon_id":"0xAAA03","object_name":"CN=kwright,CN=Users,DC=corp,DC=local","object_type":"organizationalPerson","object_server":"DS","access_mask":"0x20","accesses":"Read Property","src_ip":"10.10.10.225","dest_host":"WIN-DC-01","message":"A normal directory object was accessed."}
{"timestamp":"2026-09-11T00:49:52Z","host":"WIN-DC-01","source":"WinEventLog:Security","sourcetype":"WinEventLog:Security","index":"windows","EventCode":4662,"event_id":4662,"log_name":"Security","computer":"WIN-DC-01.corp.local","provider_name":"Microsoft-Windows-Security-Auditing","level":"Information","record_id":102580,"scenario":"Normal Directory Service Access","attack_phase":"None","mitre_technique":"None","severity":"low","is_suspicious":false,"subject_user":"dohara","subject_domain":"CORP","subject_logon_id":"0xC8D80","object_name":"CN=agarcia,CN=Users,DC=corp,DC=local","object_type":"organizationalPerson","object_server":"DS","access_mask":"0x20","accesses":"Read Property","src_ip":"10.10.10.3","dest_host":"WIN-DC-01","message":"A normal directory object was accessed."}
