{"timestamp":"2026-09-06T02:28:38Z","host":"WIN-CLIENT-04","source":"WinEventLog:Security","sourcetype":"WinEventLog:Security","index":"windows","EventCode":4625,"event_id":4625,"log_name":"Security","computer":"WIN-CLIENT-04.corp.local","provider_name":"Microsoft-Windows-Security-Auditing","level":"Information","record_id":101233,"scenario":"Normal Failed Logon (user error)","attack_phase":"None","mitre_technique":"None","severity":"low","is_suspicious":false,"subject_user":"SYSTEM","subject_domain":"NT AUTHORITY","target_user":"agarcia","target_domain":"CORP","src_ip":"10.10.10.62","src_port":50833,"dest_host":"WIN-CLIENT-04","logon_type":2,"authentication_package":"NTLM","status":"0xC000006D","sub_status":"0xC0000064","process_name":"C:\\Windows\\System32\\winlogon.exe","process_id":"0x2a4","message":"An account failed to log on. Reason: Invalid username"}
{"timestamp":"2026-09-06T02:37:42Z","host":"WIN-CLIENT-05","source":"WinEventLog:Security","sourcetype":"WinEventLog:Security","index":"windows","EventCode":4625,"event_id":4625,"log_name":"Security","computer":"WIN-CLIENT-05.corp.local","provider_name":"Microsoft-Windows-Security-Auditing","level":"Information","record_id":101234,"scenario":"Normal Failed Logon (user error)","attack_phase":"None","mitre_technique":"None","severity":"low","is_suspicious":false,"subject_user":"SYSTEM","subject_domain":"NT AUTHORITY","target_user":"cwalker","target_domain":"CORP","src_ip":"10.10.10.129","src_port":63492,"dest_host":"WIN-CLIENT-05","logon_type":2,"authentication_package":"NTLM","status":"0xC000006D","sub_status":"0xC0000072","process_name":"C:\\Windows\\System32\\winlogon.exe","process_id":"0x2a4","message":"An account failed to log on. Reason: Account disabled"}
{"timestamp":"2026-09-06T02:41:55Z","host":"WIN-CLIENT-01","source":"WinEventLog:Security","sourcetype":"WinEventLog:Security","index":"windows","EventCode":4625,"event_id":4625,"log_name":"Security","computer":"WIN-CLIENT-01.corp.local","provider_name":"Microsoft-Windows-Security-Auditing","level":"Information","record_id":101235,"scenario":"Normal Failed Logon (user error)","attack_phase":"None","mitre_technique":"None","severity":"low","is_suspicious":false,"subject_user":"SYSTEM","subject_domain":"NT AUTHORITY","target_user":"cwalker","target_domain":"CORP","src_ip":"10.10.10.86","src_port":62636,"dest_host":"WIN-CLIENT-01","logon_type":3,"authentication_package":"NTLM","status":"0xC000006D","sub_status":"0xC0000072","process_name":"C:\\Windows\\System32\\winlogon.exe","process_id":"0x2a4","message":"An account failed to log on. Reason: Account disabled"}
{"timestamp":"2026-09-06T02:55:50Z","host":"WIN-CLIENT-04","source":"WinEventLog:Security","sourcetype":"WinEventLog:Security","index":"windows","EventCode":4625,"event_id":4625,"log_name":"Security","computer":"WIN-CLIENT-04.corp.local","provider_name":"Microsoft-Windows-Security-Auditing","level":"Information","record_id":101236,"scenario":"Normal Failed Logon (user error)","attack_phase":"None","mitre_technique":"None","severity":"low","is_suspicious":false,"subject_user":"SYSTEM","subject_domain":"NT AUTHORITY","target_user":"rpatel","target_domain":"CORP","src_ip":"10.10.10.38","src_port":50750,"dest_host":"WIN-CLIENT-04","logon_type":2,"authentication_package":"NTLM","status":"0xC000006D","sub_status":"0xC0000064","process_name":"C:\\Windows\\System32\\winlogon.exe","process_id":"0x2a4","message":"An account failed to log on. Reason: Invalid username"}
{"timestamp":"2026-09-06T02:59:39Z","host":"WIN-CLIENT-04","source":"WinEventLog:Security","sourcetype":"WinEventLog:Security","index":"windows","EventCode":4625,"event_id":4625,"log_name":"Security","computer":"WIN-CLIENT-04.corp.local","provider_name":"Microsoft-Windows-Security-Auditing","level":"Information","record_id":101237,"scenario":"Normal Failed Logon (user error)","attack_phase":"None","mitre_technique":"None","severity":"low","is_suspicious":false,"subject_user":"SYSTEM","subject_domain":"NT AUTHORITY","target_user":"lwilson","target_domain":"CORP","src_ip":"10.10.10.67","src_port":63137,"dest_host":"WIN-CLIENT-04","logon_type":2,"authentication_package":"NTLM","status":"0xC000006D","sub_status":"0xC0000193","process_name":"C:\\Windows\\System32\\winlogon.exe","process_id":"0x2a4","message":"An account failed to log on. Reason: Account expired"}
{"timestamp":"2026-09-06T03:08:11Z","host":"WIN-CLIENT-03","source":"WinEventLog:Security","sourcetype":"WinEventLog:Security","index":"windows","EventCode":4625,"event_id":4625,"log_name":"Security","computer":"WIN-CLIENT-03.corp.local","provider_name":"Microsoft-Windows-Security-Auditing","level":"Information","record_id":101238,"scenario":"Normal Failed Logon (user error)","attack_phase":"None","mitre_technique":"None","severity":"low","is_suspicious":false,"subject_user":"SYSTEM","subject_domain":"NT AUTHORITY","target_user":"sbrooks","target_domain":"CORP","src_ip":"10.10.10.83","src_port":57941,"dest_host":"WIN-CLIENT-03","logon_type":3,"authentication_package":"NTLM","status":"0xC000006D","sub_status":"0xC000006A","process_name":"C:\\Windows\\System32\\winlogon.exe","process_id":"0x2a4","message":"An account failed to log on. Reason: Incorrect password"}
{"timestamp":"2026-09-06T03:16:27Z","host":"WIN-CLIENT-03","source":"WinEventLog:Security","sourcetype":"WinEventLog:Security","index":"windows","EventCode":4625,"event_id":4625,"log_name":"Security","computer":"WIN-CLIENT-03.corp.local","provider_name":"Microsoft-Windows-Security-Auditing","level":"Information","record_id":101239,"scenario":"Normal Failed Logon (user error)","attack_phase":"None","mitre_technique":"None","severity":"low","is_suspicious":false,"subject_user":"SYSTEM","subject_domain":"NT AUTHORITY","target_user":"rpatel","target_domain":"CORP","src_ip":"10.10.10.94","src_port":56786,"dest_host":"WIN-CLIENT-03","logon_type":3,"authentication_package":"NTLM","status":"0xC000006D","sub_status":"0xC0000064","process_name":"C:\\Windows\\System32\\winlogon.exe","process_id":"0x2a4","message":"An account failed to log on. Reason: Invalid username"}
{"timestamp":"2026-09-06T03:30:38Z","host":"WIN-CLIENT-01","source":"WinEventLog:Security","sourcetype":"WinEventLog:Security","index":"windows","EventCode":4625,"event_id":4625,"log_name":"Security","computer":"WIN-CLIENT-01.corp.local","provider_name":"Microsoft-Windows-Security-Auditing","level":"Information","record_id":101240,"scenario":"Normal Failed Logon (user error)","attack_phase":"None","mitre_technique":"None","severity":"low","is_suspicious":false,"subject_user":"SYSTEM","subject_domain":"NT AUTHORITY","target_user":"lwilson","target_domain":"CORP","src_ip":"10.10.10.217","src_port":61115,"dest_host":"WIN-CLIENT-01","logon_type":2,"authentication_package":"NTLM","status":"0xC000006D","sub_status":"0xC000006A","process_name":"C:\\Windows\\System32\\winlogon.exe","process_id":"0x2a4","message":"An account failed to log on. Reason: Incorrect password"}
{"timestamp":"2026-09-06T03:42:35Z","host":"WIN-CLIENT-03","source":"WinEventLog:Security","sourcetype":"WinEventLog:Security","index":"windows","EventCode":4625,"event_id":4625,"log_name":"Security","computer":"WIN-CLIENT-03.corp.local","provider_name":"Microsoft-Windows-Security-Auditing","level":"Information","record_id":101241,"scenario":"Normal Failed Logon (user error)","attack_phase":"None","mitre_technique":"None","severity":"low","is_suspicious":false,"subject_user":"SYSTEM","subject_domain":"NT AUTHORITY","target_user":"rpatel","target_domain":"CORP","src_ip":"10.10.10.81","src_port":59468,"dest_host":"WIN-CLIENT-03","logon_type":3,"authentication_package":"NTLM","status":"0xC000006D","sub_status":"0xC0000193","process_name":"C:\\Windows\\System32\\winlogon.exe","process_id":"0x2a4","message":"An account failed to log on. Reason: Account expired"}
{"timestamp":"2026-09-06T03:56:36Z","host":"WIN-CLIENT-05","source":"WinEventLog:Security","sourcetype":"WinEventLog:Security","index":"windows","EventCode":4625,"event_id":4625,"log_name":"Security","computer":"WIN-CLIENT-05.corp.local","provider_name":"Microsoft-Windows-Security-Auditing","level":"Information","record_id":101242,"scenario":"Normal Failed Logon (user error)","attack_phase":"None","mitre_technique":"None","severity":"low","is_suspicious":false,"subject_user":"SYSTEM","subject_domain":"NT AUTHORITY","target_user":"agarcia","target_domain":"CORP","src_ip":"10.10.10.221","src_port":56248,"dest_host":"WIN-CLIENT-05","logon_type":3,"authentication_package":"NTLM","status":"0xC000006D","sub_status":"0xC0000064","process_name":"C:\\Windows\\System32\\winlogon.exe","process_id":"0x2a4","message":"An account failed to log on. Reason: Invalid username"}
{"timestamp":"2026-09-06T03:56:54Z","host":"WIN-CLIENT-03","source":"WinEventLog:Security","sourcetype":"WinEventLog:Security","index":"windows","EventCode":4625,"event_id":4625,"log_name":"Security","computer":"WIN-CLIENT-03.corp.local","provider_name":"Microsoft-Windows-Security-Auditing","level":"Information","record_id":101243,"scenario":"Normal Failed Logon (user error)","attack_phase":"None","mitre_technique":"None","severity":"low","is_suspicious":false,"subject_user":"SYSTEM","subject_domain":"NT AUTHORITY","target_user":"tnguyen","target_domain":"CORP","src_ip":"10.10.10.25","src_port":64340,"dest_host":"WIN-CLIENT-03","logon_type":2,"authentication_package":"NTLM","status":"0xC000006D","sub_status":"0xC0000072","process_name":"C:\\Windows\\System32\\winlogon.exe","process_id":"0x2a4","message":"An account failed to log on. Reason: Account disabled"}
{"timestamp":"2026-09-06T04:02:08Z","host":"WIN-CLIENT-02","source":"WinEventLog:Security","sourcetype":"WinEventLog:Security","index":"windows","EventCode":4625,"event_id":4625,"log_name":"Security","computer":"WIN-CLIENT-02.corp.local","provider_name":"Microsoft-Windows-Security-Auditing","level":"Information","record_id":101244,"scenario":"Normal Failed Logon (user error)","attack_phase":"None","mitre_technique":"None","severity":"low","is_suspicious":false,"subject_user":"SYSTEM","subject_domain":"NT AUTHORITY","target_user":"rpatel","target_domain":"CORP","src_ip":"10.10.10.163","src_port":54196,"dest_host":"WIN-CLIENT-02","logon_type":3,"authentication_package":"NTLM","status":"0xC000006D","sub_status":"0xC0000193","process_name":"C:\\Windows\\System32\\winlogon.exe","process_id":"0x2a4","message":"An account failed to log on. Reason: Account expired"}
{"timestamp":"2026-09-06T04:15:46Z","host":"WIN-CLIENT-03","source":"WinEventLog:Security","sourcetype":"WinEventLog:Security","index":"windows","EventCode":4625,"event_id":4625,"log_name":"Security","computer":"WIN-CLIENT-03.corp.local","provider_name":"Microsoft-Windows-Security-Auditing","level":"Information","record_id":101245,"scenario":"Normal Failed Logon (user error)","attack_phase":"None","mitre_technique":"None","severity":"low","is_suspicious":false,"subject_user":"SYSTEM","subject_domain":"NT AUTHORITY","target_user":"jsmith","target_domain":"CORP","src_ip":"10.10.10.212","src_port":61770,"dest_host":"WIN-CLIENT-03","logon_type":3,"authentication_package":"NTLM","status":"0xC000006D","sub_status":"0xC000006A","process_name":"C:\\Windows\\System32\\winlogon.exe","process_id":"0x2a4","message":"An account failed to log on. Reason: Incorrect password"}
{"timestamp":"2026-09-06T04:23:58Z","host":"WIN-CLIENT-03","source":"WinEventLog:Security","sourcetype":"WinEventLog:Security","index":"windows","EventCode":4625,"event_id":4625,"log_name":"Security","computer":"WIN-CLIENT-03.corp.local","provider_name":"Microsoft-Windows-Security-Auditing","level":"Information","record_id":101246,"scenario":"Normal Failed Logon (user error)","attack_phase":"None","mitre_technique":"None","severity":"low","is_suspicious":false,"subject_user":"SYSTEM","subject_domain":"NT AUTHORITY","target_user":"tnguyen","target_domain":"CORP","src_ip":"10.10.10.226","src_port":64049,"dest_host":"WIN-CLIENT-03","logon_type":2,"authentication_package":"NTLM","status":"0xC000006D","sub_status":"0xC0000193","process_name":"C:\\Windows\\System32\\winlogon.exe","process_id":"0x2a4","message":"An account failed to log on. Reason: Account expired"}
{"timestamp":"2026-09-06T04:38:12Z","host":"WIN-CLIENT-03","source":"WinEventLog:Security","sourcetype":"WinEventLog:Security","index":"windows","EventCode":4625,"event_id":4625,"log_name":"Security","computer":"WIN-CLIENT-03.corp.local","provider_name":"Microsoft-Windows-Security-Auditing","level":"Information","record_id":101247,"scenario":"Normal Failed Logon (user error)","attack_phase":"None","mitre_technique":"None","severity":"low","is_suspicious":false,"subject_user":"SYSTEM","subject_domain":"NT AUTHORITY","target_user":"mchen","target_domain":"CORP","src_ip":"10.10.10.92","src_port":55895,"dest_host":"WIN-CLIENT-03","logon_type":3,"authentication_package":"NTLM","status":"0xC000006D","sub_status":"0xC000006A","process_name":"C:\\Windows\\System32\\winlogon.exe","process_id":"0x2a4","message":"An account failed to log on. Reason: Incorrect password"}
{"timestamp":"2026-09-06T04:46:06Z","host":"WIN-CLIENT-01","source":"WinEventLog:Security","sourcetype":"WinEventLog:Security","index":"windows","EventCode":4625,"event_id":4625,"log_name":"Security","computer":"WIN-CLIENT-01.corp.local","provider_name":"Microsoft-Windows-Security-Auditing","level":"Information","record_id":101248,"scenario":"Normal Failed Logon (user error)","attack_phase":"None","mitre_technique":"None","severity":"low","is_suspicious":false,"subject_user":"SYSTEM","subject_domain":"NT AUTHORITY","target_user":"jsmith","target_domain":"CORP","src_ip":"10.10.10.163","src_port":56264,"dest_host":"WIN-CLIENT-01","logon_type":2,"authentication_package":"NTLM","status":"0xC000006D","sub_status":"0xC0000064","process_name":"C:\\Windows\\System32\\winlogon.exe","process_id":"0x2a4","message":"An account failed to log on. Reason: Invalid username"}
{"timestamp":"2026-09-06T04:46:19Z","host":"WIN-CLIENT-02","source":"WinEventLog:Security","sourcetype":"WinEventLog:Security","index":"windows","EventCode":4625,"event_id":4625,"log_name":"Security","computer":"WIN-CLIENT-02.corp.local","provider_name":"Microsoft-Windows-Security-Auditing","level":"Information","record_id":101249,"scenario":"Normal Failed Logon (user error)","attack_phase":"None","mitre_technique":"None","severity":"low","is_suspicious":false,"subject_user":"SYSTEM","subject_domain":"NT AUTHORITY","target_user":"tnguyen","target_domain":"CORP","src_ip":"10.10.10.82","src_port":58434,"dest_host":"WIN-CLIENT-02","logon_type":2,"authentication_package":"NTLM","status":"0xC000006D","sub_status":"0xC0000072","process_name":"C:\\Windows\\System32\\winlogon.exe","process_id":"0x2a4","message":"An account failed to log on. Reason: Account disabled"}
{"timestamp":"2026-09-06T04:48:22Z","host":"WIN-CLIENT-02","source":"WinEventLog:Security","sourcetype":"WinEventLog:Security","index":"windows","EventCode":4625,"event_id":4625,"log_name":"Security","computer":"WIN-CLIENT-02.corp.local","provider_name":"Microsoft-Windows-Security-Auditing","level":"Information","record_id":101250,"scenario":"Normal Failed Logon (user error)","attack_phase":"None","mitre_technique":"None","severity":"low","is_suspicious":false,"subject_user":"SYSTEM","subject_domain":"NT AUTHORITY","target_user":"mchen","target_domain":"CORP","src_ip":"10.10.10.218","src_port":58732,"dest_host":"WIN-CLIENT-02","logon_type":3,"authentication_package":"NTLM","status":"0xC000006D","sub_status":"0xC0000064","process_name":"C:\\Windows\\System32\\winlogon.exe","process_id":"0x2a4","message":"An account failed to log on. Reason: Invalid username"}
{"timestamp":"2026-09-06T05:02:23Z","host":"WIN-CLIENT-01","source":"WinEventLog:Security","sourcetype":"WinEventLog:Security","index":"windows","EventCode":4648,"event_id":4648,"log_name":"Security","computer":"WIN-CLIENT-01.corp.local","provider_name":"Microsoft-Windows-Security-Auditing","level":"Information","record_id":101251,"scenario":"Normal Explicit Credential Use","attack_phase":"None","mitre_technique":"None","severity":"low","is_suspicious":false,"subject_user":"dohara","subject_domain":"CORP","target_user":"svc_sql","target_domain":"CORP","src_ip":"10.10.10.225","dest_host":"WIN-SRV-01","process_name":"C:\\Windows\\System32\\mmc.exe","process_id":"0x1a2c","message":"A logon was attempted using explicit credentials."}
{"timestamp":"2026-09-06T05:07:19Z","host":"WIN-SRV-02","source":"WinEventLog:Security","sourcetype":"WinEventLog:Security","index":"windows","EventCode":4648,"event_id":4648,"log_name":"Security","computer":"WIN-SRV-02.corp.local","provider_name":"Microsoft-Windows-Security-Auditing","level":"Information","record_id":101252,"scenario":"Normal Explicit Credential Use","attack_phase":"None","mitre_technique":"None","severity":"low","is_suspicious":false,"subject_user":"cwalker","subject_domain":"CORP","target_user":"svc_web","target_domain":"CORP","src_ip":"10.10.10.213","dest_host":"WIN-SRV-02","process_name":"C:\\Windows\\System32\\mmc.exe","process_id":"0x1a2c","message":"A logon was attempted using explicit credentials."}
{"timestamp":"2026-09-06T05:21:27Z","host":"WIN-CLIENT-01","source":"WinEventLog:Security","sourcetype":"WinEventLog:Security","index":"windows","EventCode":4648,"event_id":4648,"log_name":"Security","computer":"WIN-CLIENT-01.corp.local","provider_name":"Microsoft-Windows-Security-Auditing","level":"Information","record_id":101253,"scenario":"Normal Explicit Credential Use","attack_phase":"None","mitre_technique":"None","severity":"low","is_suspicious":false,"subject_user":"agarcia","subject_domain":"CORP","target_user":"svc_backup","target_domain":"CORP","src_ip":"10.10.10.108","dest_host":"WIN-SRV-02","process_name":"C:\\Windows\\System32\\mmc.exe","process_id":"0x1a2c","message":"A logon was attempted using explicit credentials."}
{"timestamp":"2026-09-06T05:25:03Z","host":"WIN-CLIENT-02","source":"WinEventLog:Security","sourcetype":"WinEventLog:Security","index":"windows","EventCode":4648,"event_id":4648,"log_name":"Security","computer":"WIN-CLIENT-02.corp.local","provider_name":"Microsoft-Windows-Security-Auditing","level":"Information","record_id":101254,"scenario":"Normal Explicit Credential Use","attack_phase":"None","mitre_technique":"None","severity":"low","is_suspicious":false,"subject_user":"cwalker","subject_domain":"CORP","target_user":"svc_sql","target_domain":"CORP","src_ip":"10.10.10.59","dest_host":"WIN-SRV-01","process_name":"C:\\Windows\\System32\\mmc.exe","process_id":"0x1a2c","message":"A logon was attempted using explicit credentials."}
{"timestamp":"2026-09-06T05:25:56Z","host":"WIN-CLIENT-03","source":"WinEventLog:Security","sourcetype":"WinEventLog:Security","index":"windows","EventCode":4648,"event_id":4648,"log_name":"Security","computer":"WIN-CLIENT-03.corp.local","provider_name":"Microsoft-Windows-Security-Auditing","level":"Information","record_id":101255,"scenario":"Normal Explicit Credential Use","attack_phase":"None","mitre_technique":"None","severity":"low","is_suspicious":false,"subject_user":"cwalker","subject_domain":"CORP","target_user":"svc_web","target_domain":"CORP","src_ip":"10.10.10.162","dest_host":"WIN-SRV-01","process_name":"C:\\Windows\\System32\\mmc.exe","process_id":"0x1a2c","message":"A logon was attempted using explicit credentials."}
{"timestamp":"2026-09-06T05:27:57Z","host":"WIN-CLIENT-02","source":"WinEventLog:Security","sourcetype":"WinEventLog:Security","index":"windows","EventCode":4648,"event_id":4648,"log_name":"Security","computer":"WIN-CLIENT-02.corp.local","provider_name":"Microsoft-Windows-Security-Auditing","level":"Information","record_id":101256,"scenario":"Normal Explicit Credential Use","attack_phase":"None","mitre_technique":"None","severity":"low","is_suspicious":false,"subject_user":"lwilson","subject_domain":"CORP","target_user":"svc_backup","target_domain":"CORP","src_ip":"10.10.10.181","dest_host":"WIN-SRV-01","process_name":"C:\\Windows\\System32\\mmc.exe","process_id":"0x1a2c","message":"A logon was attempted using explicit credentials."}
{"timestamp":"2026-09-06T05:29:17Z","host":"WIN-CLIENT-02","source":"WinEventLog:Security","sourcetype":"WinEventLog:Security","index":"windows","EventCode":4648,"event_id":4648,"log_name":"Security","computer":"WIN-CLIENT-02.corp.local","provider_name":"Microsoft-Windows-Security-Auditing","level":"Information","record_id":101257,"scenario":"Normal Explicit Credential Use","attack_phase":"None","mitre_technique":"None","severity":"low","is_suspicious":false,"subject_user":"tnguyen","subject_domain":"CORP","target_user":"svc_web","target_domain":"CORP","src_ip":"10.10.10.155","dest_host":"WIN-SRV-02","process_name":"C:\\Windows\\System32\\mmc.exe","process_id":"0x1a2c","message":"A logon was attempted using explicit credentials."}
{"timestamp":"2026-09-06T05:32:19Z","host":"WIN-SRV-01","source":"WinEventLog:Security","sourcetype":"WinEventLog:Security","index":"windows","EventCode":4648,"event_id":4648,"log_name":"Security","computer":"WIN-SRV-01.corp.local","provider_name":"Microsoft-Windows-Security-Auditing","level":"Information","record_id":101258,"scenario":"Normal Explicit Credential Use","attack_phase":"None","mitre_technique":"None","severity":"low","is_suspicious":false,"subject_user":"mchen","subject_domain":"CORP","target_user":"svc_sql","target_domain":"CORP","src_ip":"10.10.10.244","dest_host":"WIN-SRV-01","process_name":"C:\\Windows\\System32\\mmc.exe","process_id":"0x1a2c","message":"A logon was attempted using explicit credentials."}
{"timestamp":"2026-09-06T05:33:03Z","host":"WIN-CLIENT-04","source":"WinEventLog:Security","sourcetype":"WinEventLog:Security","index":"windows","EventCode":4648,"event_id":4648,"log_name":"Security","computer":"WIN-CLIENT-04.corp.local","provider_name":"Microsoft-Windows-Security-Auditing","level":"Information","record_id":101259,"scenario":"Normal Explicit Credential Use","attack_phase":"None","mitre_technique":"None","severity":"low","is_suspicious":false,"subject_user":"tnguyen","subject_domain":"CORP","target_user":"svc_web","target_domain":"CORP","src_ip":"10.10.10.199","dest_host":"WIN-SRV-02","process_name":"C:\\Windows\\System32\\mmc.exe","process_id":"0x1a2c","message":"A logon was attempted using explicit credentials."}
{"timestamp":"2026-09-06T05:47:40Z","host":"WIN-CLIENT-04","source":"WinEventLog:Security","sourcetype":"WinEventLog:Security","index":"windows","EventCode":4648,"event_id":4648,"log_name":"Security","computer":"WIN-CLIENT-04.corp.local","provider_name":"Microsoft-Windows-Security-Auditing","level":"Information","record_id":101260,"scenario":"Normal Explicit Credential Use","attack_phase":"None","mitre_technique":"None","severity":"low","is_suspicious":false,"subject_user":"agarcia","subject_domain":"CORP","target_user":"svc_sql","target_domain":"CORP","src_ip":"10.10.10.59","dest_host":"WIN-SRV-01","process_name":"C:\\Windows\\System32\\mmc.exe","process_id":"0x1a2c","message":"A logon was attempted using explicit credentials."}
{"timestamp":"2026-09-06T05:51:25Z","host":"WIN-CLIENT-05","source":"WinEventLog:Security","sourcetype":"WinEventLog:Security","index":"windows","EventCode":4648,"event_id":4648,"log_name":"Security","computer":"WIN-CLIENT-05.corp.local","provider_name":"Microsoft-Windows-Security-Auditing","level":"Information","record_id":101261,"scenario":"Normal Explicit Credential Use","attack_phase":"None","mitre_technique":"None","severity":"low","is_suspicious":false,"subject_user":"lwilson","subject_domain":"CORP","target_user":"svc_sql","target_domain":"CORP","src_ip":"10.10.10.193","dest_host":"WIN-SRV-02","process_name":"C:\\Windows\\System32\\mmc.exe","process_id":"0x1a2c","message":"A logon was attempted using explicit credentials."}
{"timestamp":"2026-09-06T05:58:26Z","host":"WIN-SRV-02","source":"WinEventLog:Security","sourcetype":"WinEventLog:Security","index":"windows","EventCode":4648,"event_id":4648,"log_name":"Security","computer":"WIN-SRV-02.corp.local","provider_name":"Microsoft-Windows-Security-Auditing","level":"Information","record_id":101262,"scenario":"Normal Explicit Credential Use","attack_phase":"None","mitre_technique":"None","severity":"low","is_suspicious":false,"subject_user":"rpatel","subject_domain":"CORP","target_user":"svc_sql","target_domain":"CORP","src_ip":"10.10.10.155","dest_host":"WIN-SRV-01","process_name":"C:\\Windows\\System32\\mmc.exe","process_id":"0x1a2c","message":"A logon was attempted using explicit credentials."}
{"timestamp":"2026-09-06T06:12:59Z","host":"WIN-CLIENT-01","source":"WinEventLog:Security","sourcetype":"WinEventLog:Security","index":"windows","EventCode":4648,"event_id":4648,"log_name":"Security","computer":"WIN-CLIENT-01.corp.local","provider_name":"Microsoft-Windows-Security-Auditing","level":"Information","record_id":101263,"scenario":"Normal Explicit Credential Use","attack_phase":"None","mitre_technique":"None","severity":"low","is_suspicious":false,"subject_user":"rpatel","subject_domain":"CORP","target_user":"svc_web","target_domain":"CORP","src_ip":"10.10.10.109","dest_host":"WIN-SRV-01","process_name":"C:\\Windows\\System32\\mmc.exe","process_id":"0x1a2c","message":"A logon was attempted using explicit credentials."}
{"timestamp":"2026-09-06T06:20:27Z","host":"WIN-CLIENT-05","source":"WinEventLog:Security","sourcetype":"WinEventLog:Security","index":"windows","EventCode":4648,"event_id":4648,"log_name":"Security","computer":"WIN-CLIENT-05.corp.local","provider_name":"Microsoft-Windows-Security-Auditing","level":"Information","record_id":101264,"scenario":"Normal Explicit Credential Use","attack_phase":"None","mitre_technique":"None","severity":"low","is_suspicious":false,"subject_user":"jsmith","subject_domain":"CORP","target_user":"svc_backup","target_domain":"CORP","src_ip":"10.10.10.76","dest_host":"WIN-SRV-02","process_name":"C:\\Windows\\System32\\mmc.exe","process_id":"0x1a2c","message":"A logon was attempted using explicit credentials."}
{"timestamp":"2026-09-06T06:24:58Z","host":"WIN-CLIENT-03","source":"WinEventLog:Security","sourcetype":"WinEventLog:Security","index":"windows","EventCode":4648,"event_id":4648,"log_name":"Security","computer":"WIN-CLIENT-03.corp.local","provider_name":"Microsoft-Windows-Security-Auditing","level":"Information","record_id":101265,"scenario":"Normal Explicit Credential Use","attack_phase":"None","mitre_technique":"None","severity":"low","is_suspicious":false,"subject_user":"rpatel","subject_domain":"CORP","target_user":"svc_sql","target_domain":"CORP","src_ip":"10.10.10.96","dest_host":"WIN-SRV-02","process_name":"C:\\Windows\\System32\\mmc.exe","process_id":"0x1a2c","message":"A logon was attempted using explicit credentials."}
{"timestamp":"2026-09-06T06:26:55Z","host":"WIN-SRV-01","source":"WinEventLog:Security","sourcetype":"WinEventLog:Security","index":"windows","EventCode":4648,"event_id":4648,"log_name":"Security","computer":"WIN-SRV-01.corp.local","provider_name":"Microsoft-Windows-Security-Auditing","level":"Information","record_id":101266,"scenario":"Normal Explicit Credential Use","attack_phase":"None","mitre_technique":"None","severity":"low","is_suspicious":false,"subject_user":"mchen","subject_domain":"CORP","target_user":"svc_sql","target_domain":"CORP","src_ip":"10.10.10.225","dest_host":"WIN-SRV-02","process_name":"C:\\Windows\\System32\\mmc.exe","process_id":"0x1a2c","message":"A logon was attempted using explicit credentials."}
{"timestamp":"2026-09-06T06:39:14Z","host":"WIN-CLIENT-02","source":"WinEventLog:Security","sourcetype":"WinEventLog:Security","index":"windows","EventCode":4648,"event_id":4648,"log_name":"Security","computer":"WIN-CLIENT-02.corp.local","provider_name":"Microsoft-Windows-Security-Auditing","level":"Information","record_id":101267,"scenario":"Normal Explicit Credential Use","attack_phase":"None","mitre_technique":"None","severity":"low","is_suspicious":false,"subject_user":"rpatel","subject_domain":"CORP","target_user":"svc_web","target_domain":"CORP","src_ip":"10.10.10.184","dest_host":"WIN-SRV-02","process_name":"C:\\Windows\\System32\\mmc.exe","process_id":"0x1a2c","message":"A logon was attempted using explicit credentials."}
{"timestamp":"2026-09-06T06:51:49Z","host":"WIN-CLIENT-02","source":"WinEventLog:Security","sourcetype":"WinEventLog:Security","index":"windows","EventCode":4648,"event_id":4648,"log_name":"Security","computer":"WIN-CLIENT-02.corp.local","provider_name":"Microsoft-Windows-Security-Auditing","level":"Information","record_id":101268,"scenario":"Normal Explicit Credential Use","attack_phase":"None","mitre_technique":"None","severity":"low","is_suspicious":false,"subject_user":"cwalker","subject_domain":"CORP","target_user":"svc_web","target_domain":"CORP","src_ip":"10.10.10.67","dest_host":"WIN-SRV-01","process_name":"C:\\Windows\\System32\\mmc.exe","process_id":"0x1a2c","message":"A logon was attempted using explicit credentials."}
{"timestamp":"2026-09-06T06:53:56Z","host":"WIN-CLIENT-03","source":"WinEventLog:Security","sourcetype":"WinEventLog:Security","index":"windows","EventCode":4648,"event_id":4648,"log_name":"Security","computer":"WIN-CLIENT-03.corp.local","provider_name":"Microsoft-Windows-Security-Auditing","level":"Information","record_id":101269,"scenario":"Normal Explicit Credential Use","attack_phase":"None","mitre_technique":"None","severity":"low","is_suspicious":false,"subject_user":"jsmith","subject_domain":"CORP","target_user":"svc_backup","target_domain":"CORP","src_ip":"10.10.10.87","dest_host":"WIN-SRV-01","process_name":"C:\\Windows\\System32\\mmc.exe","process_id":"0x1a2c","message":"A logon was attempted using explicit credentials."}
{"timestamp":"2026-09-06T07:02:28Z","host":"WIN-CLIENT-01","source":"WinEventLog:Security","sourcetype":"WinEventLog:Security","index":"windows","EventCode":4648,"event_id":4648,"log_name":"Security","computer":"WIN-CLIENT-01.corp.local","provider_name":"Microsoft-Windows-Security-Auditing","level":"Information","record_id":101270,"scenario":"Normal Explicit Credential Use","attack_phase":"None","mitre_technique":"None","severity":"low","is_suspicious":false,"subject_user":"cwalker","subject_domain":"CORP","target_user":"svc_web","target_domain":"CORP","src_ip":"10.10.10.183","dest_host":"WIN-SRV-01","process_name":"C:\\Windows\\System32\\mmc.exe","process_id":"0x1a2c","message":"A logon was attempted using explicit credentials."}
{"timestamp":"2026-09-06T07:03:03Z","host":"WIN-CLIENT-01","source":"WinEventLog:Security","sourcetype":"WinEventLog:Security","index":"windows","EventCode":4648,"event_id":4648,"log_name":"Security","computer":"WIN-CLIENT-01.corp.local","provider_name":"Microsoft-Windows-Security-Auditing","level":"Information","record_id":101271,"scenario":"Normal Explicit Credential Use","attack_phase":"None","mitre_technique":"None","severity":"low","is_suspicious":false,"subject_user":"cwalker","subject_domain":"CORP","target_user":"svc_web","target_domain":"CORP","src_ip":"10.10.10.99","dest_host":"WIN-SRV-02","process_name":"C:\\Windows\\System32\\mmc.exe","process_id":"0x1a2c","message":"A logon was attempted using explicit credentials."}
{"timestamp":"2026-09-06T07:10:17Z","host":"WIN-CLIENT-04","source":"WinEventLog:Security","sourcetype":"WinEventLog:Security","index":"windows","EventCode":4648,"event_id":4648,"log_name":"Security","computer":"WIN-CLIENT-04.corp.local","provider_name":"Microsoft-Windows-Security-Auditing","level":"Information","record_id":101272,"scenario":"Normal Explicit Credential Use","attack_phase":"None","mitre_technique":"None","severity":"low","is_suspicious":false,"subject_user":"mchen","subject_domain":"CORP","target_user":"svc_sql","target_domain":"CORP","src_ip":"10.10.10.249","dest_host":"WIN-SRV-01","process_name":"C:\\Windows\\System32\\mmc.exe","process_id":"0x1a2c","message":"A logon was attempted using explicit credentials."}
{"timestamp":"2026-09-06T07:20:41Z","host":"WIN-SRV-02","source":"WinEventLog:Security","sourcetype":"WinEventLog:Security","index":"windows","EventCode":4648,"event_id":4648,"log_name":"Security","computer":"WIN-SRV-02.corp.local","provider_name":"Microsoft-Windows-Security-Auditing","level":"Information","record_id":101273,"scenario":"Normal Explicit Credential Use","attack_phase":"None","mitre_technique":"None","severity":"low","is_suspicious":false,"subject_user":"mchen","subject_domain":"CORP","target_user":"svc_sql","target_domain":"CORP","src_ip":"10.10.10.130","dest_host":"WIN-SRV-02","process_name":"C:\\Windows\\System32\\mmc.exe","process_id":"0x1a2c","message":"A logon was attempted using explicit credentials."}
{"timestamp":"2026-09-06T07:26:58Z","host":"WIN-CLIENT-02","source":"WinEventLog:Security","sourcetype":"WinEventLog:Security","index":"windows","EventCode":4648,"event_id":4648,"log_name":"Security","computer":"WIN-CLIENT-02.corp.local","provider_name":"Microsoft-Windows-Security-Auditing","level":"Information","record_id":101274,"scenario":"Normal Explicit Credential Use","attack_phase":"None","mitre_technique":"None","severity":"low","is_suspicious":false,"subject_user":"agarcia","subject_domain":"CORP","target_user":"svc_backup","target_domain":"CORP","src_ip":"10.10.10.83","dest_host":"WIN-SRV-02","process_name":"C:\\Windows\\System32\\mmc.exe","process_id":"0x1a2c","message":"A logon was attempted using explicit credentials."}
{"timestamp":"2026-09-06T07:29:53Z","host":"WIN-CLIENT-01","source":"WinEventLog:Security","sourcetype":"WinEventLog:Security","index":"windows","EventCode":4648,"event_id":4648,"log_name":"Security","computer":"WIN-CLIENT-01.corp.local","provider_name":"Microsoft-Windows-Security-Auditing","level":"Information","record_id":101275,"scenario":"Normal Explicit Credential Use","attack_phase":"None","mitre_technique":"None","severity":"low","is_suspicious":false,"subject_user":"kwright","subject_domain":"CORP","target_user":"svc_backup","target_domain":"CORP","src_ip":"10.10.10.13","dest_host":"WIN-SRV-01","process_name":"C:\\Windows\\System32\\mmc.exe","process_id":"0x1a2c","message":"A logon was attempted using explicit credentials."}
{"timestamp":"2026-09-06T07:38:54Z","host":"WIN-CLIENT-05","source":"WinEventLog:Security","sourcetype":"WinEventLog:Security","index":"windows","EventCode":4648,"event_id":4648,"log_name":"Security","computer":"WIN-CLIENT-05.corp.local","provider_name":"Microsoft-Windows-Security-Auditing","level":"Information","record_id":101276,"scenario":"Normal Explicit Credential Use","attack_phase":"None","mitre_technique":"None","severity":"low","is_suspicious":false,"subject_user":"kwright","subject_domain":"CORP","target_user":"svc_sql","target_domain":"CORP","src_ip":"10.10.10.239","dest_host":"WIN-SRV-02","process_name":"C:\\Windows\\System32\\mmc.exe","process_id":"0x1a2c","message":"A logon was attempted using explicit credentials."}
{"timestamp":"2026-09-06T07:44:13Z","host":"WIN-CLIENT-01","source":"WinEventLog:Security","sourcetype":"WinEventLog:Security","index":"windows","EventCode":4648,"event_id":4648,"log_name":"Security","computer":"WIN-CLIENT-01.corp.local","provider_name":"Microsoft-Windows-Security-Auditing","level":"Information","record_id":101277,"scenario":"Normal Explicit Credential Use","attack_phase":"None","mitre_technique":"None","severity":"low","is_suspicious":false,"subject_user":"lwilson","subject_domain":"CORP","target_user":"svc_web","target_domain":"CORP","src_ip":"10.10.10.134","dest_host":"WIN-SRV-02","process_name":"C:\\Windows\\System32\\mmc.exe","process_id":"0x1a2c","message":"A logon was attempted using explicit credentials."}
{"timestamp":"2026-09-06T07:52:09Z","host":"WIN-SRV-02","source":"WinEventLog:Security","sourcetype":"WinEventLog:Security","index":"windows","EventCode":4648,"event_id":4648,"log_name":"Security","computer":"WIN-SRV-02.corp.local","provider_name":"Microsoft-Windows-Security-Auditing","level":"Information","record_id":101278,"scenario":"Normal Explicit Credential Use","attack_phase":"None","mitre_technique":"None","severity":"low","is_suspicious":false,"subject_user":"dohara","subject_domain":"CORP","target_user":"svc_sql","target_domain":"CORP","src_ip":"10.10.10.197","dest_host":"WIN-SRV-01","process_name":"C:\\Windows\\System32\\mmc.exe","process_id":"0x1a2c","message":"A logon was attempted using explicit credentials."}
{"timestamp":"2026-09-06T08:02:08Z","host":"WIN-CLIENT-05","source":"WinEventLog:Security","sourcetype":"WinEventLog:Security","index":"windows","EventCode":4648,"event_id":4648,"log_name":"Security","computer":"WIN-CLIENT-05.corp.local","provider_name":"Microsoft-Windows-Security-Auditing","level":"Information","record_id":101279,"scenario":"Normal Explicit Credential Use","attack_phase":"None","mitre_technique":"None","severity":"low","is_suspicious":false,"subject_user":"dohara","subject_domain":"CORP","target_user":"svc_web","target_domain":"CORP","src_ip":"10.10.10.15","dest_host":"WIN-SRV-01","process_name":"C:\\Windows\\System32\\mmc.exe","process_id":"0x1a2c","message":"A logon was attempted using explicit credentials."}
{"timestamp":"2026-09-06T08:05:10Z","host":"WIN-SRV-01","source":"WinEventLog:Security","sourcetype":"WinEventLog:Security","index":"windows","EventCode":4648,"event_id":4648,"log_name":"Security","computer":"WIN-SRV-01.corp.local","provider_name":"Microsoft-Windows-Security-Auditing","level":"Information","record_id":101280,"scenario":"Normal Explicit Credential Use","attack_phase":"None","mitre_technique":"None","severity":"low","is_suspicious":false,"subject_user":"mchen","subject_domain":"CORP","target_user":"svc_backup","target_domain":"CORP","src_ip":"10.10.10.11","dest_host":"WIN-SRV-02","process_name":"C:\\Windows\\System32\\mmc.exe","process_id":"0x1a2c","message":"A logon was attempted using explicit credentials."}
{"timestamp":"2026-09-06T08:10:06Z","host":"WIN-SRV-02","source":"WinEventLog:Security","sourcetype":"WinEventLog:Security","index":"windows","EventCode":4648,"event_id":4648,"log_name":"Security","computer":"WIN-SRV-02.corp.local","provider_name":"Microsoft-Windows-Security-Auditing","level":"Information","record_id":101281,"scenario":"Normal Explicit Credential Use","attack_phase":"None","mitre_technique":"None","severity":"low","is_suspicious":false,"subject_user":"dohara","subject_domain":"CORP","target_user":"svc_web","target_domain":"CORP","src_ip":"10.10.10.113","dest_host":"WIN-SRV-01","process_name":"C:\\Windows\\System32\\mmc.exe","process_id":"0x1a2c","message":"A logon was attempted using explicit credentials."}
{"timestamp":"2026-09-06T08:19:02Z","host":"WIN-SRV-01","source":"WinEventLog:Security","sourcetype":"WinEventLog:Security","index":"windows","EventCode":4648,"event_id":4648,"log_name":"Security","computer":"WIN-SRV-01.corp.local","provider_name":"Microsoft-Windows-Security-Auditing","level":"Information","record_id":101282,"scenario":"Normal Explicit Credential Use","attack_phase":"None","mitre_technique":"None","severity":"low","is_suspicious":false,"subject_user":"kwright","subject_domain":"CORP","target_user":"svc_sql","target_domain":"CORP","src_ip":"10.10.10.183","dest_host":"WIN-SRV-02","process_name":"C:\\Windows\\System32\\mmc.exe","process_id":"0x1a2c","message":"A logon was attempted using explicit credentials."}
{"timestamp":"2026-09-06T08:27:20Z","host":"WIN-CLIENT-02","source":"WinEventLog:Security","sourcetype":"WinEventLog:Security","index":"windows","EventCode":4648,"event_id":4648,"log_name":"Security","computer":"WIN-CLIENT-02.corp.local","provider_name":"Microsoft-Windows-Security-Auditing","level":"Information","record_id":101283,"scenario":"Normal Explicit Credential Use","attack_phase":"None","mitre_technique":"None","severity":"low","is_suspicious":false,"subject_user":"mchen","subject_domain":"CORP","target_user":"svc_backup","target_domain":"CORP","src_ip":"10.10.10.33","dest_host":"WIN-SRV-02","process_name":"C:\\Windows\\System32\\mmc.exe","process_id":"0x1a2c","message":"A logon was attempted using explicit credentials."}
{"timestamp":"2026-09-06T08:29:25Z","host":"WIN-SRV-02","source":"WinEventLog:Security","sourcetype":"WinEventLog:Security","index":"windows","EventCode":4648,"event_id":4648,"log_name":"Security","computer":"WIN-SRV-02.corp.local","provider_name":"Microsoft-Windows-Security-Auditing","level":"Information","record_id":101284,"scenario":"Normal Explicit Credential Use","attack_phase":"None","mitre_technique":"None","severity":"low","is_suspicious":false,"subject_user":"mchen","subject_domain":"CORP","target_user":"svc_sql","target_domain":"CORP","src_ip":"10.10.10.215","dest_host":"WIN-SRV-01","process_name":"C:\\Windows\\System32\\mmc.exe","process_id":"0x1a2c","message":"A logon was attempted using explicit credentials."}
{"timestamp":"2026-09-06T08:42:42Z","host":"WIN-CLIENT-03","source":"WinEventLog:Security","sourcetype":"WinEventLog:Security","index":"windows","EventCode":4648,"event_id":4648,"log_name":"Security","computer":"WIN-CLIENT-03.corp.local","provider_name":"Microsoft-Windows-Security-Auditing","level":"Information","record_id":101285,"scenario":"Normal Explicit Credential Use","attack_phase":"None","mitre_technique":"None","severity":"low","is_suspicious":false,"subject_user":"cwalker","subject_domain":"CORP","target_user":"svc_sql","target_domain":"CORP","src_ip":"10.10.10.230","dest_host":"WIN-SRV-01","process_name":"C:\\Windows\\System32\\mmc.exe","process_id":"0x1a2c","message":"A logon was attempted using explicit credentials."}
{"timestamp":"2026-09-06T08:53:09Z","host":"WIN-SRV-01","source":"WinEventLog:Security","sourcetype":"WinEventLog:Security","index":"windows","EventCode":4648,"event_id":4648,"log_name":"Security","computer":"WIN-SRV-01.corp.local","provider_name":"Microsoft-Windows-Security-Auditing","level":"Information","record_id":101286,"scenario":"Normal Explicit Credential Use","attack_phase":"None","mitre_technique":"None","severity":"low","is_suspicious":false,"subject_user":"cwalker","subject_domain":"CORP","target_user":"svc_web","target_domain":"CORP","src_ip":"10.10.10.48","dest_host":"WIN-SRV-02","process_name":"C:\\Windows\\System32\\mmc.exe","process_id":"0x1a2c","message":"A logon was attempted using explicit credentials."}
{"timestamp":"2026-09-06T08:54:57Z","host":"WIN-SRV-02","source":"WinEventLog:Security","sourcetype":"WinEventLog:Security","index":"windows","EventCode":4648,"event_id":4648,"log_name":"Security","computer":"WIN-SRV-02.corp.local","provider_name":"Microsoft-Windows-Security-Auditing","level":"Information","record_id":101287,"scenario":"Normal Explicit Credential Use","attack_phase":"None","mitre_technique":"None","severity":"low","is_suspicious":false,"subject_user":"agarcia","subject_domain":"CORP","target_user":"svc_sql","target_domain":"CORP","src_ip":"10.10.10.229","dest_host":"WIN-SRV-02","process_name":"C:\\Windows\\System32\\mmc.exe","process_id":"0x1a2c","message":"A logon was attempted using explicit credentials."}
{"timestamp":"2026-09-06T08:55:53Z","host":"WIN-CLIENT-01","source":"WinEventLog:Security","sourcetype":"WinEventLog:Security","index":"windows","EventCode":4648,"event_id":4648,"log_name":"Security","computer":"WIN-CLIENT-01.corp.local","provider_name":"Microsoft-Windows-Security-Auditing","level":"Information","record_id":101288,"scenario":"Normal Explicit Credential Use","attack_phase":"None","mitre_technique":"None","severity":"low","is_suspicious":false,"subject_user":"agarcia","subject_domain":"CORP","target_user":"svc_web","target_domain":"CORP","src_ip":"10.10.10.102","dest_host":"WIN-SRV-02","process_name":"C:\\Windows\\System32\\mmc.exe","process_id":"0x1a2c","message":"A logon was attempted using explicit credentials."}
{"timestamp":"2026-09-06T09:06:27Z","host":"WIN-SRV-01","source":"WinEventLog:Security","sourcetype":"WinEventLog:Security","index":"windows","EventCode":4648,"event_id":4648,"log_name":"Security","computer":"WIN-SRV-01.corp.local","provider_name":"Microsoft-Windows-Security-Auditing","level":"Information","record_id":101289,"scenario":"Normal Explicit Credential Use","attack_phase":"None","mitre_technique":"None","severity":"low","is_suspicious":false,"subject_user":"mchen","subject_domain":"CORP","target_user":"svc_sql","target_domain":"CORP","src_ip":"10.10.10.9","dest_host":"WIN-SRV-01","process_name":"C:\\Windows\\System32\\mmc.exe","process_id":"0x1a2c","message":"A logon was attempted using explicit credentials."}
{"timestamp":"2026-09-06T09:14:48Z","host":"WIN-CLIENT-05","source":"WinEventLog:Security","sourcetype":"WinEventLog:Security","index":"windows","EventCode":4648,"event_id":4648,"log_name":"Security","computer":"WIN-CLIENT-05.corp.local","provider_name":"Microsoft-Windows-Security-Auditing","level":"Information","record_id":101290,"scenario":"Normal Explicit Credential Use","attack_phase":"None","mitre_technique":"None","severity":"low","is_suspicious":false,"subject_user":"dohara","subject_domain":"CORP","target_user":"svc_web","target_domain":"CORP","src_ip":"10.10.10.118","dest_host":"WIN-SRV-02","process_name":"C:\\Windows\\System32\\mmc.exe","process_id":"0x1a2c","message":"A logon was attempted using explicit credentials."}
{"timestamp":"2026-09-06T09:25:26Z","host":"WIN-CLIENT-04","source":"WinEventLog:Security","sourcetype":"WinEventLog:Security","index":"windows","EventCode":4648,"event_id":4648,"log_name":"Security","computer":"WIN-CLIENT-04.corp.local","provider_name":"Microsoft-Windows-Security-Auditing","level":"Information","record_id":101291,"scenario":"Normal Explicit Credential Use","attack_phase":"None","mitre_technique":"None","severity":"low","is_suspicious":false,"subject_user":"kwright","subject_domain":"CORP","target_user":"svc_backup","target_domain":"CORP","src_ip":"10.10.10.250","dest_host":"WIN-SRV-01","process_name":"C:\\Windows\\System32\\mmc.exe","process_id":"0x1a2c","message":"A logon was attempted using explicit credentials."}
{"timestamp":"2026-09-06T09:37:07Z","host":"WIN-CLIENT-03","source":"WinEventLog:Security","sourcetype":"WinEventLog:Security","index":"windows","EventCode":4648,"event_id":4648,"log_name":"Security","computer":"WIN-CLIENT-03.corp.local","provider_name":"Microsoft-Windows-Security-Auditing","level":"Information","record_id":101292,"scenario":"Normal Explicit Credential Use","attack_phase":"None","mitre_technique":"None","severity":"low","is_suspicious":false,"subject_user":"kwright","subject_domain":"CORP","target_user":"svc_sql","target_domain":"CORP","src_ip":"10.10.10.244","dest_host":"WIN-SRV-01","process_name":"C:\\Windows\\System32\\mmc.exe","process_id":"0x1a2c","message":"A logon was attempted using explicit credentials."}
{"timestamp":"2026-09-06T09:41:13Z","host":"WIN-CLIENT-05","source":"WinEventLog:Security","sourcetype":"WinEventLog:Security","index":"windows","EventCode":4648,"event_id":4648,"log_name":"Security","computer":"WIN-CLIENT-05.corp.local","provider_name":"Microsoft-Windows-Security-Auditing","level":"Information","record_id":101293,"scenario":"Normal Explicit Credential Use","attack_phase":"None","mitre_technique":"None","severity":"low","is_suspicious":false,"subject_user":"lwilson","subject_domain":"CORP","target_user":"svc_backup","target_domain":"CORP","src_ip":"10.10.10.84","dest_host":"WIN-SRV-01","process_name":"C:\\Windows\\System32\\mmc.exe","process_id":"0x1a2c","message":"A logon was attempted using explicit credentials."}
{"timestamp":"2026-09-06T09:54:24Z","host":"WIN-SRV-01","source":"WinEventLog:Security","sourcetype":"WinEventLog:Security","index":"windows","EventCode":4648,"event_id":4648,"log_name":"Security","computer":"WIN-SRV-01.corp.local","provider_name":"Microsoft-Windows-Security-Auditing","level":"Information","record_id":101294,"scenario":"Normal Explicit Credential Use","attack_phase":"None","mitre_technique":"None","severity":"low","is_suspicious":false,"subject_user":"cwalker","subject_domain":"CORP","target_user":"svc_web","target_domain":"CORP","src_ip":"10.10.10.99","dest_host":"WIN-SRV-01","process_name":"C:\\Windows\\System32\\mmc.exe","process_id":"0x1a2c","message":"A logon was attempted using explicit credentials."}
{"timestamp":"2026-09-06T10:01:42Z","host":"WIN-CLIENT-01","source":"WinEventLog:Security","sourcetype":"WinEventLog:Security","index":"windows","EventCode":4648,"event_id":4648,"log_name":"Security","computer":"WIN-CLIENT-01.corp.local","provider_name":"Microsoft-Windows-Security-Auditing","level":"Information","record_id":101295,"scenario":"Normal Explicit Credential Use","attack_phase":"None","mitre_technique":"None","severity":"low","is_suspicious":false,"subject_user":"rpatel","subject_domain":"CORP","target_user":"svc_backup","target_domain":"CORP","src_ip":"10.10.10.249","dest_host":"WIN-SRV-02","process_name":"C:\\Windows\\System32\\mmc.exe","process_id":"0x1a2c","message":"A logon was attempted using explicit credentials."}
{"timestamp":"2026-09-06T10:03:43Z","host":"WIN-SRV-01","source":"WinEventLog:Security","sourcetype":"WinEventLog:Security","index":"windows","EventCode":4648,"event_id":4648,"log_name":"Security","computer":"WIN-SRV-01.corp.local","provider_name":"Microsoft-Windows-Security-Auditing","level":"Information","record_id":101296,"scenario":"Normal Explicit Credential Use","attack_phase":"None","mitre_technique":"None","severity":"low","is_suspicious":false,"subject_user":"mchen","subject_domain":"CORP","target_user":"svc_backup","target_domain":"CORP","src_ip":"10.10.10.101","dest_host":"WIN-SRV-02","process_name":"C:\\Windows\\System32\\mmc.exe","process_id":"0x1a2c","message":"A logon was attempted using explicit credentials."}
