{"timestamp":"2026-09-08T09:07:35Z","host":"WIN-DC-02","source":"WinEventLog:Security","sourcetype":"WinEventLog:Security","index":"windows","EventCode":4769,"event_id":4769,"log_name":"Security","computer":"WIN-DC-02.corp.local","provider_name":"Microsoft-Windows-Security-Auditing","level":"Information","record_id":101934,"scenario":"Normal Kerberos Service Ticket","attack_phase":"None","mitre_technique":"None","severity":"low","is_suspicious":false,"target_user":"agarcia","target_domain":"CORP","service_name":"cifs/WIN-FILE-01","src_ip":"10.10.10.231","dest_host":"WIN-DC-02","ticket_options":"0x40810000","ticket_encryption_type":"0x12","message":"A Kerberos service ticket was requested."}
{"timestamp":"2026-09-08T09:08:02Z","host":"WIN-DC-01","source":"WinEventLog:Security","sourcetype":"WinEventLog:Security","index":"windows","EventCode":4769,"event_id":4769,"log_name":"Security","computer":"WIN-DC-01.corp.local","provider_name":"Microsoft-Windows-Security-Auditing","level":"Information","record_id":101935,"scenario":"Normal Kerberos Service Ticket","attack_phase":"None","mitre_technique":"None","severity":"low","is_suspicious":false,"target_user":"cwalker","target_domain":"CORP","service_name":"cifs/WIN-FILE-01","src_ip":"10.10.10.111","dest_host":"WIN-DC-01","ticket_options":"0x40810000","ticket_encryption_type":"0x12","message":"A Kerberos service ticket was requested."}
{"timestamp":"2026-09-08T09:12:38Z","host":"WIN-DC-01","source":"WinEventLog:Security","sourcetype":"WinEventLog:Security","index":"windows","EventCode":4769,"event_id":4769,"log_name":"Security","computer":"WIN-DC-01.corp.local","provider_name":"Microsoft-Windows-Security-Auditing","level":"Information","record_id":101936,"scenario":"Normal Kerberos Service Ticket","attack_phase":"None","mitre_technique":"None","severity":"low","is_suspicious":false,"target_user":"kwright","target_domain":"CORP","service_name":"ldap/WIN-DC-01","src_ip":"10.10.10.110","dest_host":"WIN-DC-01","ticket_options":"0x40810000","ticket_encryption_type":"0x12","message":"A Kerberos service ticket was requested."}
{"timestamp":"2026-09-08T09:13:59Z","host":"WIN-DC-02","source":"WinEventLog:Security","sourcetype":"WinEventLog:Security","index":"windows","EventCode":4769,"event_id":4769,"log_name":"Security","computer":"WIN-DC-02.corp.local","provider_name":"Microsoft-Windows-Security-Auditing","level":"Information","record_id":101937,"scenario":"Normal Kerberos Service Ticket","attack_phase":"None","mitre_technique":"None","severity":"low","is_suspicious":false,"target_user":"lwilson","target_domain":"CORP","service_name":"http/WIN-SRV-01","src_ip":"10.10.10.226","dest_host":"WIN-DC-02","ticket_options":"0x40810000","ticket_encryption_type":"0x12","message":"A Kerberos service ticket was requested."}
{"timestamp":"2026-09-08T09:14:57Z","host":"WIN-DC-02","source":"WinEventLog:Security","sourcetype":"WinEventLog:Security","index":"windows","EventCode":4769,"event_id":4769,"log_name":"Security","computer":"WIN-DC-02.corp.local","provider_name":"Microsoft-Windows-Security-Auditing","level":"Information","record_id":101938,"scenario":"Normal Kerberos Service Ticket","attack_phase":"None","mitre_technique":"None","severity":"low","is_suspicious":false,"target_user":"lwilson","target_domain":"CORP","service_name":"ldap/WIN-DC-01","src_ip":"10.10.10.96","dest_host":"WIN-DC-02","ticket_options":"0x40810000","ticket_encryption_type":"0x12","message":"A Kerberos service ticket was requested."}
{"timestamp":"2026-09-08T09:17:17Z","host":"WIN-DC-01","source":"WinEventLog:Security","sourcetype":"WinEventLog:Security","index":"windows","EventCode":4769,"event_id":4769,"log_name":"Security","computer":"WIN-DC-01.corp.local","provider_name":"Microsoft-Windows-Security-Auditing","level":"Information","record_id":101939,"scenario":"Normal Kerberos Service Ticket","attack_phase":"None","mitre_technique":"None","severity":"low","is_suspicious":false,"target_user":"agarcia","target_domain":"CORP","service_name":"cifs/WIN-FILE-01","src_ip":"10.10.10.201","dest_host":"WIN-DC-01","ticket_options":"0x40810000","ticket_encryption_type":"0x12","message":"A Kerberos service ticket was requested."}
{"timestamp":"2026-09-08T09:18:37Z","host":"WIN-DC-01","source":"WinEventLog:Security","sourcetype":"WinEventLog:Security","index":"windows","EventCode":4769,"event_id":4769,"log_name":"Security","computer":"WIN-DC-01.corp.local","provider_name":"Microsoft-Windows-Security-Auditing","level":"Information","record_id":101940,"scenario":"Normal Kerberos Service Ticket","attack_phase":"None","mitre_technique":"None","severity":"low","is_suspicious":false,"target_user":"kwright","target_domain":"CORP","service_name":"http/WIN-SRV-01","src_ip":"10.10.10.116","dest_host":"WIN-DC-01","ticket_options":"0x40810000","ticket_encryption_type":"0x12","message":"A Kerberos service ticket was requested."}
{"timestamp":"2026-09-08T09:22:46Z","host":"WIN-DC-01","source":"WinEventLog:Security","sourcetype":"WinEventLog:Security","index":"windows","EventCode":4769,"event_id":4769,"log_name":"Security","computer":"WIN-DC-01.corp.local","provider_name":"Microsoft-Windows-Security-Auditing","level":"Information","record_id":101941,"scenario":"Normal Kerberos Service Ticket","attack_phase":"None","mitre_technique":"None","severity":"low","is_suspicious":false,"target_user":"agarcia","target_domain":"CORP","service_name":"ldap/WIN-DC-01","src_ip":"10.10.10.111","dest_host":"WIN-DC-01","ticket_options":"0x40810000","ticket_encryption_type":"0x12","message":"A Kerberos service ticket was requested."}
{"timestamp":"2026-09-08T09:25:13Z","host":"WIN-DC-01","source":"WinEventLog:Security","sourcetype":"WinEventLog:Security","index":"windows","EventCode":4769,"event_id":4769,"log_name":"Security","computer":"WIN-DC-01.corp.local","provider_name":"Microsoft-Windows-Security-Auditing","level":"Information","record_id":101942,"scenario":"Normal Kerberos Service Ticket","attack_phase":"None","mitre_technique":"None","severity":"low","is_suspicious":false,"target_user":"mchen","target_domain":"CORP","service_name":"http/WIN-SRV-01","src_ip":"10.10.10.34","dest_host":"WIN-DC-01","ticket_options":"0x40810000","ticket_encryption_type":"0x12","message":"A Kerberos service ticket was requested."}
{"timestamp":"2026-09-08T09:26:51Z","host":"WIN-DC-02","source":"WinEventLog:Security","sourcetype":"WinEventLog:Security","index":"windows","EventCode":4769,"event_id":4769,"log_name":"Security","computer":"WIN-DC-02.corp.local","provider_name":"Microsoft-Windows-Security-Auditing","level":"Information","record_id":101943,"scenario":"Normal Kerberos Service Ticket","attack_phase":"None","mitre_technique":"None","severity":"low","is_suspicious":false,"target_user":"tnguyen","target_domain":"CORP","service_name":"http/WIN-SRV-01","src_ip":"10.10.10.128","dest_host":"WIN-DC-02","ticket_options":"0x40810000","ticket_encryption_type":"0x12","message":"A Kerberos service ticket was requested."}
{"timestamp":"2026-09-08T09:30:33Z","host":"WIN-DC-02","source":"WinEventLog:Security","sourcetype":"WinEventLog:Security","index":"windows","EventCode":4769,"event_id":4769,"log_name":"Security","computer":"WIN-DC-02.corp.local","provider_name":"Microsoft-Windows-Security-Auditing","level":"Information","record_id":101944,"scenario":"Normal Kerberos Service Ticket","attack_phase":"None","mitre_technique":"None","severity":"low","is_suspicious":false,"target_user":"dohara","target_domain":"CORP","service_name":"ldap/WIN-DC-01","src_ip":"10.10.10.205","dest_host":"WIN-DC-02","ticket_options":"0x40810000","ticket_encryption_type":"0x12","message":"A Kerberos service ticket was requested."}
{"timestamp":"2026-09-08T09:33:28Z","host":"WIN-DC-01","source":"WinEventLog:Security","sourcetype":"WinEventLog:Security","index":"windows","EventCode":4769,"event_id":4769,"log_name":"Security","computer":"WIN-DC-01.corp.local","provider_name":"Microsoft-Windows-Security-Auditing","level":"Information","record_id":101945,"scenario":"Normal Kerberos Service Ticket","attack_phase":"None","mitre_technique":"None","severity":"low","is_suspicious":false,"target_user":"mchen","target_domain":"CORP","service_name":"http/WIN-SRV-01","src_ip":"10.10.10.109","dest_host":"WIN-DC-01","ticket_options":"0x40810000","ticket_encryption_type":"0x12","message":"A Kerberos service ticket was requested."}
{"timestamp":"2026-09-08T09:38:14Z","host":"WIN-DC-02","source":"WinEventLog:Security","sourcetype":"WinEventLog:Security","index":"windows","EventCode":4769,"event_id":4769,"log_name":"Security","computer":"WIN-DC-02.corp.local","provider_name":"Microsoft-Windows-Security-Auditing","level":"Information","record_id":101946,"scenario":"Normal Kerberos Service Ticket","attack_phase":"None","mitre_technique":"None","severity":"low","is_suspicious":false,"target_user":"dohara","target_domain":"CORP","service_name":"ldap/WIN-DC-01","src_ip":"10.10.10.139","dest_host":"WIN-DC-02","ticket_options":"0x40810000","ticket_encryption_type":"0x12","message":"A Kerberos service ticket was requested."}
{"timestamp":"2026-09-08T09:40:16Z","host":"WIN-DC-01","source":"WinEventLog:Security","sourcetype":"WinEventLog:Security","index":"windows","EventCode":4769,"event_id":4769,"log_name":"Security","computer":"WIN-DC-01.corp.local","provider_name":"Microsoft-Windows-Security-Auditing","level":"Information","record_id":101947,"scenario":"Normal Kerberos Service Ticket","attack_phase":"None","mitre_technique":"None","severity":"low","is_suspicious":false,"target_user":"tnguyen","target_domain":"CORP","service_name":"ldap/WIN-DC-01","src_ip":"10.10.10.185","dest_host":"WIN-DC-01","ticket_options":"0x40810000","ticket_encryption_type":"0x12","message":"A Kerberos service ticket was requested."}
{"timestamp":"2026-09-08T09:43:56Z","host":"WIN-DC-01","source":"WinEventLog:Security","sourcetype":"WinEventLog:Security","index":"windows","EventCode":4769,"event_id":4769,"log_name":"Security","computer":"WIN-DC-01.corp.local","provider_name":"Microsoft-Windows-Security-Auditing","level":"Information","record_id":101948,"scenario":"Normal Kerberos Service Ticket","attack_phase":"None","mitre_technique":"None","severity":"low","is_suspicious":false,"target_user":"sbrooks","target_domain":"CORP","service_name":"ldap/WIN-DC-01","src_ip":"10.10.10.24","dest_host":"WIN-DC-01","ticket_options":"0x40810000","ticket_encryption_type":"0x12","message":"A Kerberos service ticket was requested."}
{"timestamp":"2026-09-08T09:46:01Z","host":"WIN-DC-01","source":"WinEventLog:Security","sourcetype":"WinEventLog:Security","index":"windows","EventCode":4769,"event_id":4769,"log_name":"Security","computer":"WIN-DC-01.corp.local","provider_name":"Microsoft-Windows-Security-Auditing","level":"Information","record_id":101949,"scenario":"Normal Kerberos Service Ticket","attack_phase":"None","mitre_technique":"None","severity":"low","is_suspicious":false,"target_user":"kwright","target_domain":"CORP","service_name":"cifs/WIN-FILE-01","src_ip":"10.10.10.219","dest_host":"WIN-DC-01","ticket_options":"0x40810000","ticket_encryption_type":"0x12","message":"A Kerberos service ticket was requested."}
{"timestamp":"2026-09-08T09:46:14Z","host":"WIN-DC-02","source":"WinEventLog:Security","sourcetype":"WinEventLog:Security","index":"windows","EventCode":4769,"event_id":4769,"log_name":"Security","computer":"WIN-DC-02.corp.local","provider_name":"Microsoft-Windows-Security-Auditing","level":"Information","record_id":101950,"scenario":"Normal Kerberos Service Ticket","attack_phase":"None","mitre_technique":"None","severity":"low","is_suspicious":false,"target_user":"kwright","target_domain":"CORP","service_name":"cifs/WIN-FILE-01","src_ip":"10.10.10.237","dest_host":"WIN-DC-02","ticket_options":"0x40810000","ticket_encryption_type":"0x12","message":"A Kerberos service ticket was requested."}
{"timestamp":"2026-09-08T09:47:15Z","host":"WIN-DC-02","source":"WinEventLog:Security","sourcetype":"WinEventLog:Security","index":"windows","EventCode":4769,"event_id":4769,"log_name":"Security","computer":"WIN-DC-02.corp.local","provider_name":"Microsoft-Windows-Security-Auditing","level":"Information","record_id":101951,"scenario":"Normal Kerberos Service Ticket","attack_phase":"None","mitre_technique":"None","severity":"low","is_suspicious":false,"target_user":"jsmith","target_domain":"CORP","service_name":"http/WIN-SRV-01","src_ip":"10.10.10.219","dest_host":"WIN-DC-02","ticket_options":"0x40810000","ticket_encryption_type":"0x12","message":"A Kerberos service ticket was requested."}
{"timestamp":"2026-09-08T09:48:31Z","host":"WIN-DC-02","source":"WinEventLog:Security","sourcetype":"WinEventLog:Security","index":"windows","EventCode":4769,"event_id":4769,"log_name":"Security","computer":"WIN-DC-02.corp.local","provider_name":"Microsoft-Windows-Security-Auditing","level":"Information","record_id":101952,"scenario":"Normal Kerberos Service Ticket","attack_phase":"None","mitre_technique":"None","severity":"low","is_suspicious":false,"target_user":"lwilson","target_domain":"CORP","service_name":"cifs/WIN-FILE-01","src_ip":"10.10.10.215","dest_host":"WIN-DC-02","ticket_options":"0x40810000","ticket_encryption_type":"0x12","message":"A Kerberos service ticket was requested."}
{"timestamp":"2026-09-08T09:53:18Z","host":"WIN-DC-01","source":"WinEventLog:Security","sourcetype":"WinEventLog:Security","index":"windows","EventCode":4769,"event_id":4769,"log_name":"Security","computer":"WIN-DC-01.corp.local","provider_name":"Microsoft-Windows-Security-Auditing","level":"Information","record_id":101953,"scenario":"Normal Kerberos Service Ticket","attack_phase":"None","mitre_technique":"None","severity":"low","is_suspicious":false,"target_user":"tnguyen","target_domain":"CORP","service_name":"cifs/WIN-FILE-01","src_ip":"10.10.10.213","dest_host":"WIN-DC-01","ticket_options":"0x40810000","ticket_encryption_type":"0x12","message":"A Kerberos service ticket was requested."}
{"timestamp":"2026-09-08T09:55:17Z","host":"WIN-DC-01","source":"WinEventLog:Security","sourcetype":"WinEventLog:Security","index":"windows","EventCode":4769,"event_id":4769,"log_name":"Security","computer":"WIN-DC-01.corp.local","provider_name":"Microsoft-Windows-Security-Auditing","level":"Information","record_id":101954,"scenario":"Normal Kerberos Service Ticket","attack_phase":"None","mitre_technique":"None","severity":"low","is_suspicious":false,"target_user":"jsmith","target_domain":"CORP","service_name":"cifs/WIN-FILE-01","src_ip":"10.10.10.248","dest_host":"WIN-DC-01","ticket_options":"0x40810000","ticket_encryption_type":"0x12","message":"A Kerberos service ticket was requested."}
{"timestamp":"2026-09-08T09:56:35Z","host":"WIN-DC-01","source":"WinEventLog:Security","sourcetype":"WinEventLog:Security","index":"windows","EventCode":4769,"event_id":4769,"log_name":"Security","computer":"WIN-DC-01.corp.local","provider_name":"Microsoft-Windows-Security-Auditing","level":"Information","record_id":101955,"scenario":"Normal Kerberos Service Ticket","attack_phase":"None","mitre_technique":"None","severity":"low","is_suspicious":false,"target_user":"tnguyen","target_domain":"CORP","service_name":"ldap/WIN-DC-01","src_ip":"10.10.10.249","dest_host":"WIN-DC-01","ticket_options":"0x40810000","ticket_encryption_type":"0x12","message":"A Kerberos service ticket was requested."}
{"timestamp":"2026-09-08T10:00:17Z","host":"WIN-DC-01","source":"WinEventLog:Security","sourcetype":"WinEventLog:Security","index":"windows","EventCode":4769,"event_id":4769,"log_name":"Security","computer":"WIN-DC-01.corp.local","provider_name":"Microsoft-Windows-Security-Auditing","level":"Information","record_id":101956,"scenario":"Normal Kerberos Service Ticket","attack_phase":"None","mitre_technique":"None","severity":"low","is_suspicious":false,"target_user":"kwright","target_domain":"CORP","service_name":"ldap/WIN-DC-01","src_ip":"10.10.10.29","dest_host":"WIN-DC-01","ticket_options":"0x40810000","ticket_encryption_type":"0x12","message":"A Kerberos service ticket was requested."}
{"timestamp":"2026-09-08T10:00:59Z","host":"WIN-DC-01","source":"WinEventLog:Security","sourcetype":"WinEventLog:Security","index":"windows","EventCode":4769,"event_id":4769,"log_name":"Security","computer":"WIN-DC-01.corp.local","provider_name":"Microsoft-Windows-Security-Auditing","level":"Information","record_id":101957,"scenario":"Normal Kerberos Service Ticket","attack_phase":"None","mitre_technique":"None","severity":"low","is_suspicious":false,"target_user":"dohara","target_domain":"CORP","service_name":"cifs/WIN-FILE-01","src_ip":"10.10.10.39","dest_host":"WIN-DC-01","ticket_options":"0x40810000","ticket_encryption_type":"0x12","message":"A Kerberos service ticket was requested."}
{"timestamp":"2026-09-08T10:04:11Z","host":"WIN-DC-01","source":"WinEventLog:Security","sourcetype":"WinEventLog:Security","index":"windows","EventCode":4769,"event_id":4769,"log_name":"Security","computer":"WIN-DC-01.corp.local","provider_name":"Microsoft-Windows-Security-Auditing","level":"Information","record_id":101958,"scenario":"Normal Kerberos Service Ticket","attack_phase":"None","mitre_technique":"None","severity":"low","is_suspicious":false,"target_user":"mchen","target_domain":"CORP","service_name":"cifs/WIN-FILE-01","src_ip":"10.10.10.21","dest_host":"WIN-DC-01","ticket_options":"0x40810000","ticket_encryption_type":"0x12","message":"A Kerberos service ticket was requested."}
{"timestamp":"2026-09-08T10:04:22Z","host":"WIN-DC-02","source":"WinEventLog:Security","sourcetype":"WinEventLog:Security","index":"windows","EventCode":4769,"event_id":4769,"log_name":"Security","computer":"WIN-DC-02.corp.local","provider_name":"Microsoft-Windows-Security-Auditing","level":"Information","record_id":101959,"scenario":"Normal Kerberos Service Ticket","attack_phase":"None","mitre_technique":"None","severity":"low","is_suspicious":false,"target_user":"cwalker","target_domain":"CORP","service_name":"cifs/WIN-FILE-01","src_ip":"10.10.10.197","dest_host":"WIN-DC-02","ticket_options":"0x40810000","ticket_encryption_type":"0x12","message":"A Kerberos service ticket was requested."}
{"timestamp":"2026-09-08T10:06:00Z","host":"WIN-DC-01","source":"WinEventLog:Security","sourcetype":"WinEventLog:Security","index":"windows","EventCode":4769,"event_id":4769,"log_name":"Security","computer":"WIN-DC-01.corp.local","provider_name":"Microsoft-Windows-Security-Auditing","level":"Information","record_id":101960,"scenario":"Normal Kerberos Service Ticket","attack_phase":"None","mitre_technique":"None","severity":"low","is_suspicious":false,"target_user":"dohara","target_domain":"CORP","service_name":"ldap/WIN-DC-01","src_ip":"10.10.10.137","dest_host":"WIN-DC-01","ticket_options":"0x40810000","ticket_encryption_type":"0x12","message":"A Kerberos service ticket was requested."}
{"timestamp":"2026-09-08T10:08:38Z","host":"WIN-DC-02","source":"WinEventLog:Security","sourcetype":"WinEventLog:Security","index":"windows","EventCode":4769,"event_id":4769,"log_name":"Security","computer":"WIN-DC-02.corp.local","provider_name":"Microsoft-Windows-Security-Auditing","level":"Information","record_id":101961,"scenario":"Normal Kerberos Service Ticket","attack_phase":"None","mitre_technique":"None","severity":"low","is_suspicious":false,"target_user":"dohara","target_domain":"CORP","service_name":"ldap/WIN-DC-01","src_ip":"10.10.10.88","dest_host":"WIN-DC-02","ticket_options":"0x40810000","ticket_encryption_type":"0x12","message":"A Kerberos service ticket was requested."}
{"timestamp":"2026-09-08T10:12:30Z","host":"WIN-DC-02","source":"WinEventLog:Security","sourcetype":"WinEventLog:Security","index":"windows","EventCode":4769,"event_id":4769,"log_name":"Security","computer":"WIN-DC-02.corp.local","provider_name":"Microsoft-Windows-Security-Auditing","level":"Information","record_id":101962,"scenario":"Normal Kerberos Service Ticket","attack_phase":"None","mitre_technique":"None","severity":"low","is_suspicious":false,"target_user":"jsmith","target_domain":"CORP","service_name":"cifs/WIN-FILE-01","src_ip":"10.10.10.41","dest_host":"WIN-DC-02","ticket_options":"0x40810000","ticket_encryption_type":"0x12","message":"A Kerberos service ticket was requested."}
{"timestamp":"2026-09-08T10:13:05Z","host":"WIN-DC-01","source":"WinEventLog:Security","sourcetype":"WinEventLog:Security","index":"windows","EventCode":4769,"event_id":4769,"log_name":"Security","computer":"WIN-DC-01.corp.local","provider_name":"Microsoft-Windows-Security-Auditing","level":"Information","record_id":101963,"scenario":"Normal Kerberos Service Ticket","attack_phase":"None","mitre_technique":"None","severity":"low","is_suspicious":false,"target_user":"jsmith","target_domain":"CORP","service_name":"ldap/WIN-DC-01","src_ip":"10.10.10.43","dest_host":"WIN-DC-01","ticket_options":"0x40810000","ticket_encryption_type":"0x12","message":"A Kerberos service ticket was requested."}
{"timestamp":"2026-09-08T10:13:15Z","host":"WIN-DC-02","source":"WinEventLog:Security","sourcetype":"WinEventLog:Security","index":"windows","EventCode":4769,"event_id":4769,"log_name":"Security","computer":"WIN-DC-02.corp.local","provider_name":"Microsoft-Windows-Security-Auditing","level":"Information","record_id":101964,"scenario":"Normal Kerberos Service Ticket","attack_phase":"None","mitre_technique":"None","severity":"low","is_suspicious":false,"target_user":"tnguyen","target_domain":"CORP","service_name":"ldap/WIN-DC-01","src_ip":"10.10.10.244","dest_host":"WIN-DC-02","ticket_options":"0x40810000","ticket_encryption_type":"0x12","message":"A Kerberos service ticket was requested."}
{"timestamp":"2026-09-08T10:17:12Z","host":"WIN-DC-02","source":"WinEventLog:Security","sourcetype":"WinEventLog:Security","index":"windows","EventCode":4769,"event_id":4769,"log_name":"Security","computer":"WIN-DC-02.corp.local","provider_name":"Microsoft-Windows-Security-Auditing","level":"Information","record_id":101965,"scenario":"Normal Kerberos Service Ticket","attack_phase":"None","mitre_technique":"None","severity":"low","is_suspicious":false,"target_user":"sbrooks","target_domain":"CORP","service_name":"ldap/WIN-DC-01","src_ip":"10.10.10.130","dest_host":"WIN-DC-02","ticket_options":"0x40810000","ticket_encryption_type":"0x12","message":"A Kerberos service ticket was requested."}
{"timestamp":"2026-09-08T10:19:53Z","host":"WIN-DC-02","source":"WinEventLog:Security","sourcetype":"WinEventLog:Security","index":"windows","EventCode":4769,"event_id":4769,"log_name":"Security","computer":"WIN-DC-02.corp.local","provider_name":"Microsoft-Windows-Security-Auditing","level":"Information","record_id":101966,"scenario":"Normal Kerberos Service Ticket","attack_phase":"None","mitre_technique":"None","severity":"low","is_suspicious":false,"target_user":"rpatel","target_domain":"CORP","service_name":"cifs/WIN-FILE-01","src_ip":"10.10.10.71","dest_host":"WIN-DC-02","ticket_options":"0x40810000","ticket_encryption_type":"0x12","message":"A Kerberos service ticket was requested."}
{"timestamp":"2026-09-08T10:20:45Z","host":"WIN-DC-02","source":"WinEventLog:Security","sourcetype":"WinEventLog:Security","index":"windows","EventCode":4769,"event_id":4769,"log_name":"Security","computer":"WIN-DC-02.corp.local","provider_name":"Microsoft-Windows-Security-Auditing","level":"Information","record_id":101967,"scenario":"Normal Kerberos Service Ticket","attack_phase":"None","mitre_technique":"None","severity":"low","is_suspicious":false,"target_user":"sbrooks","target_domain":"CORP","service_name":"cifs/WIN-FILE-01","src_ip":"10.10.10.192","dest_host":"WIN-DC-02","ticket_options":"0x40810000","ticket_encryption_type":"0x12","message":"A Kerberos service ticket was requested."}
{"timestamp":"2026-09-08T10:22:38Z","host":"WIN-DC-01","source":"WinEventLog:Security","sourcetype":"WinEventLog:Security","index":"windows","EventCode":4769,"event_id":4769,"log_name":"Security","computer":"WIN-DC-01.corp.local","provider_name":"Microsoft-Windows-Security-Auditing","level":"Information","record_id":101968,"scenario":"Normal Kerberos Service Ticket","attack_phase":"None","mitre_technique":"None","severity":"low","is_suspicious":false,"target_user":"tnguyen","target_domain":"CORP","service_name":"cifs/WIN-FILE-01","src_ip":"10.10.10.102","dest_host":"WIN-DC-01","ticket_options":"0x40810000","ticket_encryption_type":"0x12","message":"A Kerberos service ticket was requested."}
{"timestamp":"2026-09-08T10:24:17Z","host":"WIN-DC-01","source":"WinEventLog:Security","sourcetype":"WinEventLog:Security","index":"windows","EventCode":4769,"event_id":4769,"log_name":"Security","computer":"WIN-DC-01.corp.local","provider_name":"Microsoft-Windows-Security-Auditing","level":"Information","record_id":101969,"scenario":"Normal Kerberos Service Ticket","attack_phase":"None","mitre_technique":"None","severity":"low","is_suspicious":false,"target_user":"sbrooks","target_domain":"CORP","service_name":"ldap/WIN-DC-01","src_ip":"10.10.10.121","dest_host":"WIN-DC-01","ticket_options":"0x40810000","ticket_encryption_type":"0x12","message":"A Kerberos service ticket was requested."}
{"timestamp":"2026-09-08T10:28:26Z","host":"WIN-DC-02","source":"WinEventLog:Security","sourcetype":"WinEventLog:Security","index":"windows","EventCode":4769,"event_id":4769,"log_name":"Security","computer":"WIN-DC-02.corp.local","provider_name":"Microsoft-Windows-Security-Auditing","level":"Information","record_id":101970,"scenario":"Normal Kerberos Service Ticket","attack_phase":"None","mitre_technique":"None","severity":"low","is_suspicious":false,"target_user":"kwright","target_domain":"CORP","service_name":"http/WIN-SRV-01","src_ip":"10.10.10.44","dest_host":"WIN-DC-02","ticket_options":"0x40810000","ticket_encryption_type":"0x12","message":"A Kerberos service ticket was requested."}
{"timestamp":"2026-09-08T10:28:58Z","host":"WIN-DC-02","source":"WinEventLog:Security","sourcetype":"WinEventLog:Security","index":"windows","EventCode":4769,"event_id":4769,"log_name":"Security","computer":"WIN-DC-02.corp.local","provider_name":"Microsoft-Windows-Security-Auditing","level":"Information","record_id":101971,"scenario":"Normal Kerberos Service Ticket","attack_phase":"None","mitre_technique":"None","severity":"low","is_suspicious":false,"target_user":"kwright","target_domain":"CORP","service_name":"cifs/WIN-FILE-01","src_ip":"10.10.10.71","dest_host":"WIN-DC-02","ticket_options":"0x40810000","ticket_encryption_type":"0x12","message":"A Kerberos service ticket was requested."}
{"timestamp":"2026-09-08T10:29:58Z","host":"WIN-DC-01","source":"WinEventLog:Security","sourcetype":"WinEventLog:Security","index":"windows","EventCode":4769,"event_id":4769,"log_name":"Security","computer":"WIN-DC-01.corp.local","provider_name":"Microsoft-Windows-Security-Auditing","level":"Information","record_id":101972,"scenario":"Normal Kerberos Service Ticket","attack_phase":"None","mitre_technique":"None","severity":"low","is_suspicious":false,"target_user":"agarcia","target_domain":"CORP","service_name":"http/WIN-SRV-01","src_ip":"10.10.10.156","dest_host":"WIN-DC-01","ticket_options":"0x40810000","ticket_encryption_type":"0x12","message":"A Kerberos service ticket was requested."}
{"timestamp":"2026-09-08T10:32:54Z","host":"WIN-DC-01","source":"WinEventLog:Security","sourcetype":"WinEventLog:Security","index":"windows","EventCode":4769,"event_id":4769,"log_name":"Security","computer":"WIN-DC-01.corp.local","provider_name":"Microsoft-Windows-Security-Auditing","level":"Information","record_id":101973,"scenario":"Normal Kerberos Service Ticket","attack_phase":"None","mitre_technique":"None","severity":"low","is_suspicious":false,"target_user":"jsmith","target_domain":"CORP","service_name":"http/WIN-SRV-01","src_ip":"10.10.10.43","dest_host":"WIN-DC-01","ticket_options":"0x40810000","ticket_encryption_type":"0x12","message":"A Kerberos service ticket was requested."}
{"timestamp":"2026-09-08T10:37:36Z","host":"WIN-DC-01","source":"WinEventLog:Security","sourcetype":"WinEventLog:Security","index":"windows","EventCode":4769,"event_id":4769,"log_name":"Security","computer":"WIN-DC-01.corp.local","provider_name":"Microsoft-Windows-Security-Auditing","level":"Information","record_id":101974,"scenario":"Normal Kerberos Service Ticket","attack_phase":"None","mitre_technique":"None","severity":"low","is_suspicious":false,"target_user":"agarcia","target_domain":"CORP","service_name":"cifs/WIN-FILE-01","src_ip":"10.10.10.154","dest_host":"WIN-DC-01","ticket_options":"0x40810000","ticket_encryption_type":"0x12","message":"A Kerberos service ticket was requested."}
{"timestamp":"2026-09-08T10:37:46Z","host":"WIN-DC-01","source":"WinEventLog:Security","sourcetype":"WinEventLog:Security","index":"windows","EventCode":4769,"event_id":4769,"log_name":"Security","computer":"WIN-DC-01.corp.local","provider_name":"Microsoft-Windows-Security-Auditing","level":"Information","record_id":101975,"scenario":"Normal Kerberos Service Ticket","attack_phase":"None","mitre_technique":"None","severity":"low","is_suspicious":false,"target_user":"lwilson","target_domain":"CORP","service_name":"ldap/WIN-DC-01","src_ip":"10.10.10.53","dest_host":"WIN-DC-01","ticket_options":"0x40810000","ticket_encryption_type":"0x12","message":"A Kerberos service ticket was requested."}
{"timestamp":"2026-09-08T10:38:07Z","host":"WIN-DC-02","source":"WinEventLog:Security","sourcetype":"WinEventLog:Security","index":"windows","EventCode":4769,"event_id":4769,"log_name":"Security","computer":"WIN-DC-02.corp.local","provider_name":"Microsoft-Windows-Security-Auditing","level":"Information","record_id":101976,"scenario":"Normal Kerberos Service Ticket","attack_phase":"None","mitre_technique":"None","severity":"low","is_suspicious":false,"target_user":"rpatel","target_domain":"CORP","service_name":"cifs/WIN-FILE-01","src_ip":"10.10.10.147","dest_host":"WIN-DC-02","ticket_options":"0x40810000","ticket_encryption_type":"0x12","message":"A Kerberos service ticket was requested."}
{"timestamp":"2026-09-08T10:43:01Z","host":"WIN-DC-02","source":"WinEventLog:Security","sourcetype":"WinEventLog:Security","index":"windows","EventCode":4769,"event_id":4769,"log_name":"Security","computer":"WIN-DC-02.corp.local","provider_name":"Microsoft-Windows-Security-Auditing","level":"Information","record_id":101977,"scenario":"Normal Kerberos Service Ticket","attack_phase":"None","mitre_technique":"None","severity":"low","is_suspicious":false,"target_user":"jsmith","target_domain":"CORP","service_name":"cifs/WIN-FILE-01","src_ip":"10.10.10.14","dest_host":"WIN-DC-02","ticket_options":"0x40810000","ticket_encryption_type":"0x12","message":"A Kerberos service ticket was requested."}
{"timestamp":"2026-09-08T10:45:47Z","host":"WIN-DC-02","source":"WinEventLog:Security","sourcetype":"WinEventLog:Security","index":"windows","EventCode":4769,"event_id":4769,"log_name":"Security","computer":"WIN-DC-02.corp.local","provider_name":"Microsoft-Windows-Security-Auditing","level":"Information","record_id":101978,"scenario":"Normal Kerberos Service Ticket","attack_phase":"None","mitre_technique":"None","severity":"low","is_suspicious":false,"target_user":"agarcia","target_domain":"CORP","service_name":"cifs/WIN-FILE-01","src_ip":"10.10.10.93","dest_host":"WIN-DC-02","ticket_options":"0x40810000","ticket_encryption_type":"0x12","message":"A Kerberos service ticket was requested."}
{"timestamp":"2026-09-08T10:48:16Z","host":"WIN-DC-01","source":"WinEventLog:Security","sourcetype":"WinEventLog:Security","index":"windows","EventCode":4769,"event_id":4769,"log_name":"Security","computer":"WIN-DC-01.corp.local","provider_name":"Microsoft-Windows-Security-Auditing","level":"Information","record_id":101979,"scenario":"Normal Kerberos Service Ticket","attack_phase":"None","mitre_technique":"None","severity":"low","is_suspicious":false,"target_user":"tnguyen","target_domain":"CORP","service_name":"http/WIN-SRV-01","src_ip":"10.10.10.194","dest_host":"WIN-DC-01","ticket_options":"0x40810000","ticket_encryption_type":"0x12","message":"A Kerberos service ticket was requested."}
{"timestamp":"2026-09-08T10:51:41Z","host":"WIN-DC-01","source":"WinEventLog:Security","sourcetype":"WinEventLog:Security","index":"windows","EventCode":4769,"event_id":4769,"log_name":"Security","computer":"WIN-DC-01.corp.local","provider_name":"Microsoft-Windows-Security-Auditing","level":"Information","record_id":101980,"scenario":"Normal Kerberos Service Ticket","attack_phase":"None","mitre_technique":"None","severity":"low","is_suspicious":false,"target_user":"kwright","target_domain":"CORP","service_name":"ldap/WIN-DC-01","src_ip":"10.10.10.174","dest_host":"WIN-DC-01","ticket_options":"0x40810000","ticket_encryption_type":"0x12","message":"A Kerberos service ticket was requested."}
{"timestamp":"2026-09-08T10:52:35Z","host":"WIN-DC-02","source":"WinEventLog:Security","sourcetype":"WinEventLog:Security","index":"windows","EventCode":4769,"event_id":4769,"log_name":"Security","computer":"WIN-DC-02.corp.local","provider_name":"Microsoft-Windows-Security-Auditing","level":"Information","record_id":101981,"scenario":"Normal Kerberos Service Ticket","attack_phase":"None","mitre_technique":"None","severity":"low","is_suspicious":false,"target_user":"kwright","target_domain":"CORP","service_name":"ldap/WIN-DC-01","src_ip":"10.10.10.130","dest_host":"WIN-DC-02","ticket_options":"0x40810000","ticket_encryption_type":"0x12","message":"A Kerberos service ticket was requested."}
{"timestamp":"2026-09-08T10:53:31Z","host":"WIN-DC-01","source":"WinEventLog:Security","sourcetype":"WinEventLog:Security","index":"windows","EventCode":4769,"event_id":4769,"log_name":"Security","computer":"WIN-DC-01.corp.local","provider_name":"Microsoft-Windows-Security-Auditing","level":"Information","record_id":101982,"scenario":"Normal Kerberos Service Ticket","attack_phase":"None","mitre_technique":"None","severity":"low","is_suspicious":false,"target_user":"sbrooks","target_domain":"CORP","service_name":"cifs/WIN-FILE-01","src_ip":"10.10.10.152","dest_host":"WIN-DC-01","ticket_options":"0x40810000","ticket_encryption_type":"0x12","message":"A Kerberos service ticket was requested."}
{"timestamp":"2026-09-08T10:56:51Z","host":"WIN-DC-01","source":"WinEventLog:Security","sourcetype":"WinEventLog:Security","index":"windows","EventCode":4769,"event_id":4769,"log_name":"Security","computer":"WIN-DC-01.corp.local","provider_name":"Microsoft-Windows-Security-Auditing","level":"Information","record_id":101983,"scenario":"Normal Kerberos Service Ticket","attack_phase":"None","mitre_technique":"None","severity":"low","is_suspicious":false,"target_user":"dohara","target_domain":"CORP","service_name":"http/WIN-SRV-01","src_ip":"10.10.10.43","dest_host":"WIN-DC-01","ticket_options":"0x40810000","ticket_encryption_type":"0x12","message":"A Kerberos service ticket was requested."}
{"timestamp":"2026-09-08T10:58:13Z","host":"WIN-DC-01","source":"WinEventLog:Security","sourcetype":"WinEventLog:Security","index":"windows","EventCode":4769,"event_id":4769,"log_name":"Security","computer":"WIN-DC-01.corp.local","provider_name":"Microsoft-Windows-Security-Auditing","level":"Information","record_id":101984,"scenario":"Normal Kerberos Service Ticket","attack_phase":"None","mitre_technique":"None","severity":"low","is_suspicious":false,"target_user":"dohara","target_domain":"CORP","service_name":"ldap/WIN-DC-01","src_ip":"10.10.10.25","dest_host":"WIN-DC-01","ticket_options":"0x40810000","ticket_encryption_type":"0x12","message":"A Kerberos service ticket was requested."}
{"timestamp":"2026-09-08T11:00:16Z","host":"WIN-DC-01","source":"WinEventLog:Security","sourcetype":"WinEventLog:Security","index":"windows","EventCode":4769,"event_id":4769,"log_name":"Security","computer":"WIN-DC-01.corp.local","provider_name":"Microsoft-Windows-Security-Auditing","level":"Information","record_id":101985,"scenario":"Normal Kerberos Service Ticket","attack_phase":"None","mitre_technique":"None","severity":"low","is_suspicious":false,"target_user":"rpatel","target_domain":"CORP","service_name":"ldap/WIN-DC-01","src_ip":"10.10.10.43","dest_host":"WIN-DC-01","ticket_options":"0x40810000","ticket_encryption_type":"0x12","message":"A Kerberos service ticket was requested."}
{"timestamp":"2026-09-08T11:04:37Z","host":"WIN-DC-02","source":"WinEventLog:Security","sourcetype":"WinEventLog:Security","index":"windows","EventCode":4769,"event_id":4769,"log_name":"Security","computer":"WIN-DC-02.corp.local","provider_name":"Microsoft-Windows-Security-Auditing","level":"Information","record_id":101986,"scenario":"Normal Kerberos Service Ticket","attack_phase":"None","mitre_technique":"None","severity":"low","is_suspicious":false,"target_user":"sbrooks","target_domain":"CORP","service_name":"http/WIN-SRV-01","src_ip":"10.10.10.203","dest_host":"WIN-DC-02","ticket_options":"0x40810000","ticket_encryption_type":"0x12","message":"A Kerberos service ticket was requested."}
{"timestamp":"2026-09-08T11:05:49Z","host":"WIN-DC-02","source":"WinEventLog:Security","sourcetype":"WinEventLog:Security","index":"windows","EventCode":4769,"event_id":4769,"log_name":"Security","computer":"WIN-DC-02.corp.local","provider_name":"Microsoft-Windows-Security-Auditing","level":"Information","record_id":101987,"scenario":"Normal Kerberos Service Ticket","attack_phase":"None","mitre_technique":"None","severity":"low","is_suspicious":false,"target_user":"kwright","target_domain":"CORP","service_name":"http/WIN-SRV-01","src_ip":"10.10.10.161","dest_host":"WIN-DC-02","ticket_options":"0x40810000","ticket_encryption_type":"0x12","message":"A Kerberos service ticket was requested."}
{"timestamp":"2026-09-08T11:09:34Z","host":"WIN-DC-02","source":"WinEventLog:Security","sourcetype":"WinEventLog:Security","index":"windows","EventCode":4769,"event_id":4769,"log_name":"Security","computer":"WIN-DC-02.corp.local","provider_name":"Microsoft-Windows-Security-Auditing","level":"Information","record_id":101988,"scenario":"Normal Kerberos Service Ticket","attack_phase":"None","mitre_technique":"None","severity":"low","is_suspicious":false,"target_user":"jsmith","target_domain":"CORP","service_name":"cifs/WIN-FILE-01","src_ip":"10.10.10.55","dest_host":"WIN-DC-02","ticket_options":"0x40810000","ticket_encryption_type":"0x12","message":"A Kerberos service ticket was requested."}
{"timestamp":"2026-09-08T11:10:17Z","host":"WIN-DC-02","source":"WinEventLog:Security","sourcetype":"WinEventLog:Security","index":"windows","EventCode":4769,"event_id":4769,"log_name":"Security","computer":"WIN-DC-02.corp.local","provider_name":"Microsoft-Windows-Security-Auditing","level":"Information","record_id":101989,"scenario":"Normal Kerberos Service Ticket","attack_phase":"None","mitre_technique":"None","severity":"low","is_suspicious":false,"target_user":"mchen","target_domain":"CORP","service_name":"cifs/WIN-FILE-01","src_ip":"10.10.10.208","dest_host":"WIN-DC-02","ticket_options":"0x40810000","ticket_encryption_type":"0x12","message":"A Kerberos service ticket was requested."}
{"timestamp":"2026-09-08T11:10:29Z","host":"WIN-DC-02","source":"WinEventLog:Security","sourcetype":"WinEventLog:Security","index":"windows","EventCode":4769,"event_id":4769,"log_name":"Security","computer":"WIN-DC-02.corp.local","provider_name":"Microsoft-Windows-Security-Auditing","level":"Information","record_id":101990,"scenario":"Normal Kerberos Service Ticket","attack_phase":"None","mitre_technique":"None","severity":"low","is_suspicious":false,"target_user":"mchen","target_domain":"CORP","service_name":"ldap/WIN-DC-01","src_ip":"10.10.10.224","dest_host":"WIN-DC-02","ticket_options":"0x40810000","ticket_encryption_type":"0x12","message":"A Kerberos service ticket was requested."}
{"timestamp":"2026-09-08T11:11:18Z","host":"WIN-DC-01","source":"WinEventLog:Security","sourcetype":"WinEventLog:Security","index":"windows","EventCode":4769,"event_id":4769,"log_name":"Security","computer":"WIN-DC-01.corp.local","provider_name":"Microsoft-Windows-Security-Auditing","level":"Information","record_id":101991,"scenario":"Normal Kerberos Service Ticket","attack_phase":"None","mitre_technique":"None","severity":"low","is_suspicious":false,"target_user":"dohara","target_domain":"CORP","service_name":"http/WIN-SRV-01","src_ip":"10.10.10.82","dest_host":"WIN-DC-01","ticket_options":"0x40810000","ticket_encryption_type":"0x12","message":"A Kerberos service ticket was requested."}
{"timestamp":"2026-09-08T11:12:49Z","host":"WIN-DC-01","source":"WinEventLog:Security","sourcetype":"WinEventLog:Security","index":"windows","EventCode":4769,"event_id":4769,"log_name":"Security","computer":"WIN-DC-01.corp.local","provider_name":"Microsoft-Windows-Security-Auditing","level":"Information","record_id":101992,"scenario":"Normal Kerberos Service Ticket","attack_phase":"None","mitre_technique":"None","severity":"low","is_suspicious":false,"target_user":"lwilson","target_domain":"CORP","service_name":"cifs/WIN-FILE-01","src_ip":"10.10.10.73","dest_host":"WIN-DC-01","ticket_options":"0x40810000","ticket_encryption_type":"0x12","message":"A Kerberos service ticket was requested."}
{"timestamp":"2026-09-08T11:17:49Z","host":"WIN-DC-02","source":"WinEventLog:Security","sourcetype":"WinEventLog:Security","index":"windows","EventCode":4769,"event_id":4769,"log_name":"Security","computer":"WIN-DC-02.corp.local","provider_name":"Microsoft-Windows-Security-Auditing","level":"Information","record_id":101993,"scenario":"Normal Kerberos Service Ticket","attack_phase":"None","mitre_technique":"None","severity":"low","is_suspicious":false,"target_user":"kwright","target_domain":"CORP","service_name":"cifs/WIN-FILE-01","src_ip":"10.10.10.20","dest_host":"WIN-DC-02","ticket_options":"0x40810000","ticket_encryption_type":"0x12","message":"A Kerberos service ticket was requested."}
{"timestamp":"2026-09-08T11:19:25Z","host":"WIN-DC-02","source":"WinEventLog:Security","sourcetype":"WinEventLog:Security","index":"windows","EventCode":4769,"event_id":4769,"log_name":"Security","computer":"WIN-DC-02.corp.local","provider_name":"Microsoft-Windows-Security-Auditing","level":"Information","record_id":101994,"scenario":"Normal Kerberos Service Ticket","attack_phase":"None","mitre_technique":"None","severity":"low","is_suspicious":false,"target_user":"dohara","target_domain":"CORP","service_name":"http/WIN-SRV-01","src_ip":"10.10.10.67","dest_host":"WIN-DC-02","ticket_options":"0x40810000","ticket_encryption_type":"0x12","message":"A Kerberos service ticket was requested."}
{"timestamp":"2026-09-08T11:23:16Z","host":"WIN-DC-01","source":"WinEventLog:Security","sourcetype":"WinEventLog:Security","index":"windows","EventCode":4769,"event_id":4769,"log_name":"Security","computer":"WIN-DC-01.corp.local","provider_name":"Microsoft-Windows-Security-Auditing","level":"Information","record_id":101995,"scenario":"Normal Kerberos Service Ticket","attack_phase":"None","mitre_technique":"None","severity":"low","is_suspicious":false,"target_user":"mchen","target_domain":"CORP","service_name":"ldap/WIN-DC-01","src_ip":"10.10.10.126","dest_host":"WIN-DC-01","ticket_options":"0x40810000","ticket_encryption_type":"0x12","message":"A Kerberos service ticket was requested."}
{"timestamp":"2026-09-08T11:23:41Z","host":"WIN-DC-02","source":"WinEventLog:Security","sourcetype":"WinEventLog:Security","index":"windows","EventCode":4769,"event_id":4769,"log_name":"Security","computer":"WIN-DC-02.corp.local","provider_name":"Microsoft-Windows-Security-Auditing","level":"Information","record_id":101996,"scenario":"Normal Kerberos Service Ticket","attack_phase":"None","mitre_technique":"None","severity":"low","is_suspicious":false,"target_user":"kwright","target_domain":"CORP","service_name":"http/WIN-SRV-01","src_ip":"10.10.10.106","dest_host":"WIN-DC-02","ticket_options":"0x40810000","ticket_encryption_type":"0x12","message":"A Kerberos service ticket was requested."}
{"timestamp":"2026-09-08T11:24:52Z","host":"WIN-DC-02","source":"WinEventLog:Security","sourcetype":"WinEventLog:Security","index":"windows","EventCode":4769,"event_id":4769,"log_name":"Security","computer":"WIN-DC-02.corp.local","provider_name":"Microsoft-Windows-Security-Auditing","level":"Information","record_id":101997,"scenario":"Normal Kerberos Service Ticket","attack_phase":"None","mitre_technique":"None","severity":"low","is_suspicious":false,"target_user":"dohara","target_domain":"CORP","service_name":"ldap/WIN-DC-01","src_ip":"10.10.10.218","dest_host":"WIN-DC-02","ticket_options":"0x40810000","ticket_encryption_type":"0x12","message":"A Kerberos service ticket was requested."}
{"timestamp":"2026-09-08T11:27:37Z","host":"WIN-DC-01","source":"WinEventLog:Security","sourcetype":"WinEventLog:Security","index":"windows","EventCode":4769,"event_id":4769,"log_name":"Security","computer":"WIN-DC-01.corp.local","provider_name":"Microsoft-Windows-Security-Auditing","level":"Information","record_id":101998,"scenario":"Normal Kerberos Service Ticket","attack_phase":"None","mitre_technique":"None","severity":"low","is_suspicious":false,"target_user":"kwright","target_domain":"CORP","service_name":"ldap/WIN-DC-01","src_ip":"10.10.10.107","dest_host":"WIN-DC-01","ticket_options":"0x40810000","ticket_encryption_type":"0x12","message":"A Kerberos service ticket was requested."}
{"timestamp":"2026-09-08T11:32:01Z","host":"WIN-DC-02","source":"WinEventLog:Security","sourcetype":"WinEventLog:Security","index":"windows","EventCode":4769,"event_id":4769,"log_name":"Security","computer":"WIN-DC-02.corp.local","provider_name":"Microsoft-Windows-Security-Auditing","level":"Information","record_id":101999,"scenario":"Normal Kerberos Service Ticket","attack_phase":"None","mitre_technique":"None","severity":"low","is_suspicious":false,"target_user":"dohara","target_domain":"CORP","service_name":"ldap/WIN-DC-01","src_ip":"10.10.10.12","dest_host":"WIN-DC-02","ticket_options":"0x40810000","ticket_encryption_type":"0x12","message":"A Kerberos service ticket was requested."}
{"timestamp":"2026-09-08T11:32:35Z","host":"WIN-DC-01","source":"WinEventLog:Security","sourcetype":"WinEventLog:Security","index":"windows","EventCode":4769,"event_id":4769,"log_name":"Security","computer":"WIN-DC-01.corp.local","provider_name":"Microsoft-Windows-Security-Auditing","level":"Information","record_id":102000,"scenario":"Normal Kerberos Service Ticket","attack_phase":"None","mitre_technique":"None","severity":"low","is_suspicious":false,"target_user":"rpatel","target_domain":"CORP","service_name":"cifs/WIN-FILE-01","src_ip":"10.10.10.220","dest_host":"WIN-DC-01","ticket_options":"0x40810000","ticket_encryption_type":"0x12","message":"A Kerberos service ticket was requested."}
{"timestamp":"2026-09-08T11:33:33Z","host":"WIN-DC-02","source":"WinEventLog:Security","sourcetype":"WinEventLog:Security","index":"windows","EventCode":4769,"event_id":4769,"log_name":"Security","computer":"WIN-DC-02.corp.local","provider_name":"Microsoft-Windows-Security-Auditing","level":"Information","record_id":102001,"scenario":"Normal Kerberos Service Ticket","attack_phase":"None","mitre_technique":"None","severity":"low","is_suspicious":false,"target_user":"lwilson","target_domain":"CORP","service_name":"cifs/WIN-FILE-01","src_ip":"10.10.10.147","dest_host":"WIN-DC-02","ticket_options":"0x40810000","ticket_encryption_type":"0x12","message":"A Kerberos service ticket was requested."}
{"timestamp":"2026-09-08T11:37:02Z","host":"WIN-DC-01","source":"WinEventLog:Security","sourcetype":"WinEventLog:Security","index":"windows","EventCode":4769,"event_id":4769,"log_name":"Security","computer":"WIN-DC-01.corp.local","provider_name":"Microsoft-Windows-Security-Auditing","level":"Information","record_id":102002,"scenario":"Normal Kerberos Service Ticket","attack_phase":"None","mitre_technique":"None","severity":"low","is_suspicious":false,"target_user":"agarcia","target_domain":"CORP","service_name":"http/WIN-SRV-01","src_ip":"10.10.10.225","dest_host":"WIN-DC-01","ticket_options":"0x40810000","ticket_encryption_type":"0x12","message":"A Kerberos service ticket was requested."}
{"timestamp":"2026-09-08T11:41:03Z","host":"WIN-DC-02","source":"WinEventLog:Security","sourcetype":"WinEventLog:Security","index":"windows","EventCode":4769,"event_id":4769,"log_name":"Security","computer":"WIN-DC-02.corp.local","provider_name":"Microsoft-Windows-Security-Auditing","level":"Information","record_id":102003,"scenario":"Normal Kerberos Service Ticket","attack_phase":"None","mitre_technique":"None","severity":"low","is_suspicious":false,"target_user":"agarcia","target_domain":"CORP","service_name":"http/WIN-SRV-01","src_ip":"10.10.10.121","dest_host":"WIN-DC-02","ticket_options":"0x40810000","ticket_encryption_type":"0x12","message":"A Kerberos service ticket was requested."}
{"timestamp":"2026-09-08T11:45:41Z","host":"WIN-DC-01","source":"WinEventLog:Security","sourcetype":"WinEventLog:Security","index":"windows","EventCode":4769,"event_id":4769,"log_name":"Security","computer":"WIN-DC-01.corp.local","provider_name":"Microsoft-Windows-Security-Auditing","level":"Information","record_id":102004,"scenario":"Normal Kerberos Service Ticket","attack_phase":"None","mitre_technique":"None","severity":"low","is_suspicious":false,"target_user":"dohara","target_domain":"CORP","service_name":"cifs/WIN-FILE-01","src_ip":"10.10.10.48","dest_host":"WIN-DC-01","ticket_options":"0x40810000","ticket_encryption_type":"0x12","message":"A Kerberos service ticket was requested."}
