{"timestamp":"2026-09-10T08:01:12Z","host":"WIN-CLIENT-01","source":"WinEventLog:Security","sourcetype":"WinEventLog:Security","index":"windows","EventCode":7045,"event_id":7045,"log_name":"Security","computer":"WIN-CLIENT-01.corp.local","provider_name":"Microsoft-Windows-Security-Auditing","level":"Information","record_id":100257,"scenario":"Normal Service Installation","attack_phase":"Persistence","mitre_technique":"None","severity":"low","is_suspicious":false,"service_name":"W32Time","service_file_name":"C:\\Windows\\System32\\taskhostw.exe","service_type":"Win32OwnProcess","start_type":"Auto","account_name":"LocalSystem","subject_user":"SYSTEM","message":"A service was installed in the system."}
{"timestamp":"2026-09-10T08:26:19Z","host":"WIN-DC-01","source":"WinEventLog:Security","sourcetype":"WinEventLog:Security","index":"windows","EventCode":4698,"event_id":4698,"log_name":"Security","computer":"WIN-DC-01.corp.local","provider_name":"Microsoft-Windows-Security-Auditing","level":"Information","record_id":100127,"scenario":"Normal Scheduled Task","attack_phase":"Persistence","mitre_technique":"None","severity":"low","is_suspicious":false,"subject_user":"SYSTEM","task_name":"\\Microsoft\\Windows\\Update\\Scheduled Update","author":"Microsoft Corporation","run_as_user":"SYSTEM","action":"C:\\Windows\\System32\\UsoClient.exe","trigger":"Daily","task_content":"Routine Windows update task."}
{"timestamp":"2026-09-10T09:34:00Z","host":"WIN-DC-01","source":"WinEventLog:Security","sourcetype":"WinEventLog:Security","index":"windows","EventCode":5157,"event_id":5157,"log_name":"Security","computer":"WIN-DC-01.corp.local","provider_name":"Microsoft-Windows-Security-Auditing","level":"Information","record_id":100957,"scenario":"Suspicious Network Activity","attack_phase":"Command and Control","mitre_technique":"T1071","severity":"medium","is_suspicious":true,"application_path":"C:\\Users\\Public\\audit-helper.exe","src_ip":"10.10.10.10","src_port":53491,"dest_ip":"10.10.40.226","dest_port":9001,"protocol":"TCP","direction":"Outbound","message":"The Windows Filtering Platform has blocked a connection."}
{"timestamp":"2026-09-10T09:34:51Z","host":"WIN-DC-01","source":"WinEventLog:Security","sourcetype":"WinEventLog:Security","index":"windows","EventCode":4776,"event_id":4776,"log_name":"Security","computer":"WIN-DC-01.corp.local","provider_name":"Microsoft-Windows-Security-Auditing","level":"Information","record_id":100661,"scenario":"Normal NTLM Validation","attack_phase":"Credential Access","mitre_technique":"None","severity":"low","is_suspicious":false,"target_user":"carol","source_workstation":"WIN-DC-01","package_name":"MICROSOFT_AUTHENTICATION_PACKAGE_V1_0","status":"0x0","message":"The domain controller attempted to validate the credentials for an account."}
{"timestamp":"2026-09-10T10:25:51Z","host":"WIN-CLIENT-02","source":"WinEventLog:Security","sourcetype":"WinEventLog:Security","index":"windows","EventCode":4768,"event_id":4768,"log_name":"Security","computer":"WIN-CLIENT-02.corp.local","provider_name":"Microsoft-Windows-Security-Auditing","level":"Information","record_id":100056,"scenario":"Normal Kerberos Authentication","attack_phase":"Credential Access","mitre_technique":"None","severity":"low","is_suspicious":false,"target_user":"david","target_domain":"CORP","src_ip":"10.10.20.50","service_name":"krbtgt/CORP","ticket_options":"0x40810010","status":"0x0","message":"A Kerberos authentication ticket was requested."}
{"timestamp":"2026-09-10T10:47:36Z","host":"WIN-FILE-01","source":"WinEventLog:Security","sourcetype":"WinEventLog:Security","index":"windows","EventCode":4698,"event_id":4698,"log_name":"Security","computer":"WIN-FILE-01.corp.local","provider_name":"Microsoft-Windows-Security-Auditing","level":"Information","record_id":100615,"scenario":"Normal Scheduled Task","attack_phase":"Persistence","mitre_technique":"None","severity":"low","is_suspicious":false,"subject_user":"SYSTEM","task_name":"\\Microsoft\\Windows\\Update\\Scheduled Update","author":"Microsoft Corporation","run_as_user":"SYSTEM","action":"C:\\Windows\\System32\\UsoClient.exe","trigger":"Daily","task_content":"Routine Windows update task."}
{"timestamp":"2026-09-10T10:59:42Z","host":"WIN-CLIENT-02","source":"WinEventLog:Security","sourcetype":"WinEventLog:Security","index":"windows","EventCode":7045,"event_id":7045,"log_name":"Security","computer":"WIN-CLIENT-02.corp.local","provider_name":"Microsoft-Windows-Security-Auditing","level":"Information","record_id":100340,"scenario":"Normal Service Installation","attack_phase":"Persistence","mitre_technique":"None","severity":"low","is_suspicious":false,"service_name":"W32Time","service_file_name":"C:\\Windows\\System32\\taskhostw.exe","service_type":"Win32OwnProcess","start_type":"Auto","account_name":"LocalSystem","subject_user":"SYSTEM","message":"A service was installed in the system."}
{"timestamp":"2026-09-10T11:27:35Z","host":"WIN-CLIENT-02","source":"WinEventLog:Security","sourcetype":"WinEventLog:Security","index":"windows","EventCode":4688,"event_id":4688,"log_name":"Security","computer":"WIN-CLIENT-02.corp.local","provider_name":"Microsoft-Windows-Security-Auditing","level":"Information","record_id":100278,"scenario":"Normal Process Activity","attack_phase":"Execution","mitre_technique":"None","severity":"low","is_suspicious":false,"new_process_name":"C:\\Windows\\System32\\services.exe","parent_process_name":"C:\\Windows\\System32\\services.exe","command_line":"C:\\Windows\\System32\\services.exe","creator_user":"erin","process_id":"0x1d63","parent_process_id":"0x228a","integrity_level":"Medium","token_elevation_type":"Limited","message":"A new process has been created."}
{"timestamp":"2026-09-10T11:34:15Z","host":"WIN-DC-01","source":"WinEventLog:Security","sourcetype":"WinEventLog:Security","index":"windows","EventCode":5145,"event_id":5145,"log_name":"Security","computer":"WIN-DC-01.corp.local","provider_name":"Microsoft-Windows-Security-Auditing","level":"Information","record_id":100925,"scenario":"Administrative Share Access","attack_phase":"Lateral Movement","mitre_technique":"T1021.002","severity":"medium","is_suspicious":true,"subject_user":"administrator","src_ip":"10.10.20.91","share_name":"\\\\WIN-DC-01\\ADMIN$","relative_target_name":"Windows\\Temp\\stage.exe","access_mask":"0x12019f","message":"A network share object was checked for desired access."}
{"timestamp":"2026-09-10T11:34:44Z","host":"WIN-DC-01","source":"WinEventLog:Security","sourcetype":"WinEventLog:Security","index":"windows","EventCode":7045,"event_id":7045,"log_name":"Security","computer":"WIN-DC-01.corp.local","provider_name":"Microsoft-Windows-Security-Auditing","level":"Information","record_id":100075,"scenario":"Normal Service Installation","attack_phase":"Persistence","mitre_technique":"None","severity":"low","is_suspicious":false,"service_name":"Spooler","service_file_name":"C:\\Windows\\System32\\svchost.exe","service_type":"Win32OwnProcess","start_type":"Auto","account_name":"LocalSystem","subject_user":"SYSTEM","message":"A service was installed in the system."}
{"timestamp":"2026-09-10T11:43:48Z","host":"WIN-DC-01","source":"WinEventLog:Security","sourcetype":"WinEventLog:Security","index":"windows","EventCode":4698,"event_id":4698,"log_name":"Security","computer":"WIN-DC-01.corp.local","provider_name":"Microsoft-Windows-Security-Auditing","level":"Information","record_id":100362,"scenario":"Normal Scheduled Task","attack_phase":"Persistence","mitre_technique":"None","severity":"low","is_suspicious":false,"subject_user":"SYSTEM","task_name":"\\Microsoft\\Windows\\Update\\Scheduled Update","author":"Microsoft Corporation","run_as_user":"SYSTEM","action":"C:\\Windows\\System32\\UsoClient.exe","trigger":"Daily","task_content":"Routine Windows update task."}
{"timestamp":"2026-09-10T12:00:00Z","host":"WIN-CLIENT-02","source":"WinEventLog:Security","sourcetype":"WinEventLog:Security","index":"windows","EventCode":5157,"event_id":5157,"log_name":"Security","computer":"WIN-CLIENT-02.corp.local","provider_name":"Microsoft-Windows-Security-Auditing","level":"Information","record_id":100927,"scenario":"Suspicious Network Activity","attack_phase":"Command and Control","mitre_technique":"T1071","severity":"medium","is_suspicious":true,"application_path":"C:\\Users\\alice\\AppData\\Local\\Temp\\stage.exe","src_ip":"10.10.20.22","src_port":44406,"dest_ip":"10.10.40.229","dest_port":9001,"protocol":"TCP","direction":"Outbound","message":"The Windows Filtering Platform has blocked a connection."}
{"timestamp":"2026-09-10T12:14:12Z","host":"WIN-CLIENT-02","source":"WinEventLog:Security","sourcetype":"WinEventLog:Security","index":"windows","EventCode":4769,"event_id":4769,"log_name":"Security","computer":"WIN-CLIENT-02.corp.local","provider_name":"Microsoft-Windows-Security-Auditing","level":"Information","record_id":100071,"scenario":"Normal Service Ticket Activity","attack_phase":"Credential Access","mitre_technique":"None","severity":"low","is_suspicious":false,"target_user":"alice","target_domain":"CORP","src_ip":"10.10.20.50","service_name":"HOST/WIN-SRV-01","ticket_encryption_type":"0x12","status":"0x0","message":"A Kerberos service ticket was requested."}
{"timestamp":"2026-09-10T12:20:19Z","host":"WIN-DC-02","source":"WinEventLog:Security","sourcetype":"WinEventLog:Security","index":"windows","EventCode":4776,"event_id":4776,"log_name":"Security","computer":"WIN-DC-02.corp.local","provider_name":"Microsoft-Windows-Security-Auditing","level":"Information","record_id":100345,"scenario":"Normal NTLM Validation","attack_phase":"Credential Access","mitre_technique":"None","severity":"low","is_suspicious":false,"target_user":"alice","source_workstation":"WIN-DC-02","package_name":"MICROSOFT_AUTHENTICATION_PACKAGE_V1_0","status":"0x0","message":"The domain controller attempted to validate the credentials for an account."}
{"timestamp":"2026-09-10T12:23:02Z","host":"WIN-DC-02","source":"WinEventLog:Security","sourcetype":"WinEventLog:Security","index":"windows","EventCode":5156,"event_id":5156,"log_name":"Security","computer":"WIN-DC-02.corp.local","provider_name":"Microsoft-Windows-Security-Auditing","level":"Information","record_id":100005,"scenario":"Normal Firewall Activity","attack_phase":"Command and Control","mitre_technique":"None","severity":"low","is_suspicious":false,"application_path":"C:\\Windows\\System32\\svchost.exe","src_ip":"10.10.10.11","src_port":58089,"dest_ip":"10.10.30.76","dest_port":443,"protocol":"TCP","direction":"Outbound","message":"The Windows Filtering Platform has permitted a connection."}
{"timestamp":"2026-09-10T12:30:26Z","host":"WIN-CLIENT-02","source":"WinEventLog:Security","sourcetype":"WinEventLog:Security","index":"windows","EventCode":5156,"event_id":5156,"log_name":"Security","computer":"WIN-CLIENT-02.corp.local","provider_name":"Microsoft-Windows-Security-Auditing","level":"Information","record_id":100029,"scenario":"Normal Firewall Activity","attack_phase":"Command and Control","mitre_technique":"None","severity":"low","is_suspicious":false,"application_path":"C:\\Windows\\System32\\services.exe","src_ip":"10.10.20.22","src_port":53879,"dest_ip":"10.10.30.106","dest_port":445,"protocol":"TCP","direction":"Outbound","message":"The Windows Filtering Platform has permitted a connection."}
{"timestamp":"2026-09-10T12:48:50Z","host":"WIN-FILE-01","source":"WinEventLog:Security","sourcetype":"WinEventLog:Security","index":"windows","EventCode":4698,"event_id":4698,"log_name":"Security","computer":"WIN-FILE-01.corp.local","provider_name":"Microsoft-Windows-Security-Auditing","level":"Information","record_id":100239,"scenario":"Normal Scheduled Task","attack_phase":"Persistence","mitre_technique":"None","severity":"low","is_suspicious":false,"subject_user":"SYSTEM","task_name":"\\Microsoft\\Windows\\Update\\Scheduled Update","author":"Microsoft Corporation","run_as_user":"SYSTEM","action":"C:\\Windows\\System32\\UsoClient.exe","trigger":"Daily","task_content":"Routine Windows update task."}
{"timestamp":"2026-09-10T13:30:21Z","host":"WIN-DC-02","source":"WinEventLog:Security","sourcetype":"WinEventLog:Security","index":"windows","EventCode":4698,"event_id":4698,"log_name":"Security","computer":"WIN-DC-02.corp.local","provider_name":"Microsoft-Windows-Security-Auditing","level":"Information","record_id":100690,"scenario":"Normal Scheduled Task","attack_phase":"Persistence","mitre_technique":"None","severity":"low","is_suspicious":false,"subject_user":"SYSTEM","task_name":"\\Microsoft\\Windows\\Update\\Scheduled Update","author":"Microsoft Corporation","run_as_user":"SYSTEM","action":"C:\\Windows\\System32\\UsoClient.exe","trigger":"Daily","task_content":"Routine Windows update task."}
{"timestamp":"2026-09-10T14:02:50Z","host":"WIN-DC-01","source":"WinEventLog:Security","sourcetype":"WinEventLog:Security","index":"windows","EventCode":5157,"event_id":5157,"log_name":"Security","computer":"WIN-DC-01.corp.local","provider_name":"Microsoft-Windows-Security-Auditing","level":"Information","record_id":100900,"scenario":"Suspicious Network Activity","attack_phase":"Command and Control","mitre_technique":"T1071","severity":"medium","is_suspicious":true,"application_path":"C:\\Users\\alice\\AppData\\Local\\Temp\\stage.exe","src_ip":"10.10.10.10","src_port":52356,"dest_ip":"10.10.40.145","dest_port":8080,"protocol":"TCP","direction":"Outbound","message":"The Windows Filtering Platform has blocked a connection."}
{"timestamp":"2026-09-10T14:08:13Z","host":"WIN-CLIENT-01","source":"WinEventLog:Security","sourcetype":"WinEventLog:Security","index":"windows","EventCode":7045,"event_id":7045,"log_name":"Security","computer":"WIN-CLIENT-01.corp.local","provider_name":"Microsoft-Windows-Security-Auditing","level":"Information","record_id":100439,"scenario":"Normal Service Installation","attack_phase":"Persistence","mitre_technique":"None","severity":"low","is_suspicious":false,"service_name":"BITS","service_file_name":"C:\\Windows\\System32\\taskhostw.exe","service_type":"Win32OwnProcess","start_type":"Auto","account_name":"LocalSystem","subject_user":"SYSTEM","message":"A service was installed in the system."}
{"timestamp":"2026-09-10T14:08:20Z","host":"WIN-DC-01","source":"WinEventLog:Security","sourcetype":"WinEventLog:Security","index":"windows","EventCode":4769,"event_id":4769,"log_name":"Security","computer":"WIN-DC-01.corp.local","provider_name":"Microsoft-Windows-Security-Auditing","level":"Information","record_id":100295,"scenario":"Normal Service Ticket Activity","attack_phase":"Credential Access","mitre_technique":"None","severity":"low","is_suspicious":false,"target_user":"frank","target_domain":"CORP","src_ip":"10.10.20.52","service_name":"cifs/WIN-FILE-01","ticket_encryption_type":"0x12","status":"0x0","message":"A Kerberos service ticket was requested."}
{"timestamp":"2026-09-10T14:41:17Z","host":"WIN-CLIENT-02","source":"WinEventLog:Security","sourcetype":"WinEventLog:Security","index":"windows","EventCode":4720,"event_id":4720,"log_name":"Security","computer":"WIN-CLIENT-02.corp.local","provider_name":"Microsoft-Windows-Security-Auditing","level":"Information","record_id":100896,"scenario":"Account Creation","attack_phase":"Persistence","mitre_technique":"T1136.002","severity":"medium","is_suspicious":true,"subject_user":"administrator","target_user":"svc_update","target_domain":"CORP","account_type":"User","password_last_set":"Never","src_ip":"10.10.20.50","message":"A user account was created."}
{"timestamp":"2026-09-10T14:45:01Z","host":"WIN-SRV-01","source":"WinEventLog:Security","sourcetype":"WinEventLog:Security","index":"windows","EventCode":5156,"event_id":5156,"log_name":"Security","computer":"WIN-SRV-01.corp.local","provider_name":"Microsoft-Windows-Security-Auditing","level":"Information","record_id":100309,"scenario":"Normal Firewall Activity","attack_phase":"Command and Control","mitre_technique":"None","severity":"low","is_suspicious":false,"application_path":"C:\\Windows\\System32\\taskhostw.exe","src_ip":"10.10.30.10","src_port":50081,"dest_ip":"10.10.30.204","dest_port":53,"protocol":"TCP","direction":"Outbound","message":"The Windows Filtering Platform has permitted a connection."}
{"timestamp":"2026-09-10T14:49:04Z","host":"WIN-DC-01","source":"WinEventLog:Security","sourcetype":"WinEventLog:Security","index":"windows","EventCode":4698,"event_id":4698,"log_name":"Security","computer":"WIN-DC-01.corp.local","provider_name":"Microsoft-Windows-Security-Auditing","level":"Information","record_id":100023,"scenario":"Normal Scheduled Task","attack_phase":"Persistence","mitre_technique":"None","severity":"low","is_suspicious":false,"subject_user":"SYSTEM","task_name":"\\Microsoft\\Windows\\Update\\Scheduled Update","author":"Microsoft Corporation","run_as_user":"SYSTEM","action":"C:\\Windows\\System32\\UsoClient.exe","trigger":"Daily","task_content":"Routine Windows update task."}
{"timestamp":"2026-09-10T14:56:00Z","host":"WIN-DC-02","source":"WinEventLog:Security","sourcetype":"WinEventLog:Security","index":"windows","EventCode":4624,"event_id":4624,"log_name":"Security","computer":"WIN-DC-02.corp.local","provider_name":"Microsoft-Windows-Security-Auditing","level":"Information","record_id":100346,"scenario":"Normal Authentication","attack_phase":"Initial Access","mitre_technique":"None","severity":"low","is_suspicious":false,"target_user":"bob","target_domain":"CORP","src_ip":"10.10.20.50","src_port":51289,"dest_host":"WIN-DC-02","logon_type":10,"authentication_package":"Kerberos","workstation_name":"WKSTN-18","logon_id":"0x45e9","message":"An account was successfully logged on."}
{"timestamp":"2026-09-10T15:03:12Z","host":"WIN-DC-01","source":"WinEventLog:Security","sourcetype":"WinEventLog:Security","index":"windows","EventCode":4624,"event_id":4624,"log_name":"Security","computer":"WIN-DC-01.corp.local","provider_name":"Microsoft-Windows-Security-Auditing","level":"Information","record_id":100241,"scenario":"Normal Authentication","attack_phase":"Initial Access","mitre_technique":"None","severity":"low","is_suspicious":false,"target_user":"bob","target_domain":"CORP","src_ip":"10.10.20.52","src_port":52163,"dest_host":"WIN-DC-01","logon_type":10,"authentication_package":"Kerberos","workstation_name":"WKSTN-17","logon_id":"0x66e5","message":"An account was successfully logged on."}
{"timestamp":"2026-09-10T15:07:35Z","host":"WIN-SRV-01","source":"WinEventLog:Security","sourcetype":"WinEventLog:Security","index":"windows","EventCode":4768,"event_id":4768,"log_name":"Security","computer":"WIN-SRV-01.corp.local","provider_name":"Microsoft-Windows-Security-Auditing","level":"Information","record_id":100045,"scenario":"Normal Kerberos Authentication","attack_phase":"Credential Access","mitre_technique":"None","severity":"low","is_suspicious":false,"target_user":"frank","target_domain":"CORP","src_ip":"10.10.20.50","service_name":"krbtgt/CORP","ticket_options":"0x40810010","status":"0x0","message":"A Kerberos authentication ticket was requested."}
{"timestamp":"2026-09-10T15:54:25Z","host":"WIN-CLIENT-01","source":"WinEventLog:Security","sourcetype":"WinEventLog:Security","index":"windows","EventCode":5156,"event_id":5156,"log_name":"Security","computer":"WIN-CLIENT-01.corp.local","provider_name":"Microsoft-Windows-Security-Auditing","level":"Information","record_id":100492,"scenario":"Normal Firewall Activity","attack_phase":"Command and Control","mitre_technique":"None","severity":"low","is_suspicious":false,"application_path":"C:\\Windows\\System32\\winlogon.exe","src_ip":"10.10.20.21","src_port":44283,"dest_ip":"10.10.30.61","dest_port":443,"protocol":"TCP","direction":"Outbound","message":"The Windows Filtering Platform has permitted a connection."}
{"timestamp":"2026-09-10T15:56:11Z","host":"WIN-CLIENT-01","source":"WinEventLog:Security","sourcetype":"WinEventLog:Security","index":"windows","EventCode":7045,"event_id":7045,"log_name":"Security","computer":"WIN-CLIENT-01.corp.local","provider_name":"Microsoft-Windows-Security-Auditing","level":"Information","record_id":100499,"scenario":"Normal Service Installation","attack_phase":"Persistence","mitre_technique":"None","severity":"low","is_suspicious":false,"service_name":"Spooler","service_file_name":"C:\\Windows\\System32\\svchost.exe","service_type":"Win32OwnProcess","start_type":"Auto","account_name":"LocalSystem","subject_user":"SYSTEM","message":"A service was installed in the system."}
{"timestamp":"2026-09-10T16:12:21Z","host":"WIN-CLIENT-01","source":"WinEventLog:Security","sourcetype":"WinEventLog:Security","index":"windows","EventCode":5157,"event_id":5157,"log_name":"Security","computer":"WIN-CLIENT-01.corp.local","provider_name":"Microsoft-Windows-Security-Auditing","level":"Information","record_id":100906,"scenario":"Suspicious Network Activity","attack_phase":"Command and Control","mitre_technique":"T1071","severity":"medium","is_suspicious":true,"application_path":"C:\\Users\\Public\\audit-helper.exe","src_ip":"10.10.20.21","src_port":55615,"dest_ip":"10.10.40.81","dest_port":8080,"protocol":"TCP","direction":"Outbound","message":"The Windows Filtering Platform has blocked a connection."}
{"timestamp":"2026-09-10T16:58:42Z","host":"WIN-DC-02","source":"WinEventLog:Security","sourcetype":"WinEventLog:Security","index":"windows","EventCode":4769,"event_id":4769,"log_name":"Security","computer":"WIN-DC-02.corp.local","provider_name":"Microsoft-Windows-Security-Auditing","level":"Information","record_id":100535,"scenario":"Normal Service Ticket Activity","attack_phase":"Credential Access","mitre_technique":"None","severity":"low","is_suspicious":false,"target_user":"erin","target_domain":"CORP","src_ip":"10.10.10.11","service_name":"cifs/WIN-FILE-01","ticket_encryption_type":"0x12","status":"0x0","message":"A Kerberos service ticket was requested."}
{"timestamp":"2026-09-10T18:10:32Z","host":"WIN-DC-01","source":"WinEventLog:Security","sourcetype":"WinEventLog:Security","index":"windows","EventCode":4698,"event_id":4698,"log_name":"Security","computer":"WIN-DC-01.corp.local","provider_name":"Microsoft-Windows-Security-Auditing","level":"Information","record_id":100308,"scenario":"Normal Scheduled Task","attack_phase":"Persistence","mitre_technique":"None","severity":"low","is_suspicious":false,"subject_user":"SYSTEM","task_name":"\\Microsoft\\Windows\\Update\\Scheduled Update","author":"Microsoft Corporation","run_as_user":"SYSTEM","action":"C:\\Windows\\System32\\UsoClient.exe","trigger":"Daily","task_content":"Routine Windows update task."}
{"timestamp":"2026-09-10T18:35:48Z","host":"WIN-DC-01","source":"WinEventLog:Security","sourcetype":"WinEventLog:Security","index":"windows","EventCode":4769,"event_id":4769,"log_name":"Security","computer":"WIN-DC-01.corp.local","provider_name":"Microsoft-Windows-Security-Auditing","level":"Information","record_id":100182,"scenario":"Normal Service Ticket Activity","attack_phase":"Credential Access","mitre_technique":"None","severity":"low","is_suspicious":false,"target_user":"bob","target_domain":"CORP","src_ip":"10.10.20.51","service_name":"HOST/WIN-SRV-01","ticket_encryption_type":"0x12","status":"0x0","message":"A Kerberos service ticket was requested."}
{"timestamp":"2026-09-10T18:50:59Z","host":"WIN-CLIENT-01","source":"WinEventLog:Security","sourcetype":"WinEventLog:Security","index":"windows","EventCode":4769,"event_id":4769,"log_name":"Security","computer":"WIN-CLIENT-01.corp.local","provider_name":"Microsoft-Windows-Security-Auditing","level":"Information","record_id":100102,"scenario":"Normal Service Ticket Activity","attack_phase":"Credential Access","mitre_technique":"None","severity":"low","is_suspicious":false,"target_user":"carol","target_domain":"CORP","src_ip":"10.10.20.21","service_name":"HOST/WIN-SRV-01","ticket_encryption_type":"0x12","status":"0x0","message":"A Kerberos service ticket was requested."}
{"timestamp":"2026-09-10T19:03:33Z","host":"WIN-CLIENT-02","source":"WinEventLog:Security","sourcetype":"WinEventLog:Security","index":"windows","EventCode":4776,"event_id":4776,"log_name":"Security","computer":"WIN-CLIENT-02.corp.local","provider_name":"Microsoft-Windows-Security-Auditing","level":"Information","record_id":100596,"scenario":"Normal NTLM Validation","attack_phase":"Credential Access","mitre_technique":"None","severity":"low","is_suspicious":false,"target_user":"carol","source_workstation":"WIN-CLIENT-02","package_name":"MICROSOFT_AUTHENTICATION_PACKAGE_V1_0","status":"0x0","message":"The domain controller attempted to validate the credentials for an account."}
{"timestamp":"2026-09-10T19:25:57Z","host":"WIN-SRV-01","source":"WinEventLog:Security","sourcetype":"WinEventLog:Security","index":"windows","EventCode":4769,"event_id":4769,"log_name":"Security","computer":"WIN-SRV-01.corp.local","provider_name":"Microsoft-Windows-Security-Auditing","level":"Information","record_id":100164,"scenario":"Normal Service Ticket Activity","attack_phase":"Credential Access","mitre_technique":"None","severity":"low","is_suspicious":false,"target_user":"bob","target_domain":"CORP","src_ip":"10.10.20.52","service_name":"MSSQLSvc/WIN-SRV-01","ticket_encryption_type":"0x12","status":"0x0","message":"A Kerberos service ticket was requested."}
{"timestamp":"2026-09-10T19:46:38Z","host":"WIN-SRV-01","source":"WinEventLog:Security","sourcetype":"WinEventLog:Security","index":"windows","EventCode":4688,"event_id":4688,"log_name":"Security","computer":"WIN-SRV-01.corp.local","provider_name":"Microsoft-Windows-Security-Auditing","level":"Information","record_id":100545,"scenario":"Normal Process Activity","attack_phase":"Execution","mitre_technique":"None","severity":"low","is_suspicious":false,"new_process_name":"C:\\Windows\\System32\\lsass.exe","parent_process_name":"C:\\Windows\\System32\\services.exe","command_line":"C:\\Windows\\System32\\lsass.exe","creator_user":"carol","process_id":"0x1d56","parent_process_id":"0x18c7","integrity_level":"Medium","token_elevation_type":"Limited","message":"A new process has been created."}
{"timestamp":"2026-09-10T19:56:30Z","host":"WIN-FILE-01","source":"WinEventLog:Security","sourcetype":"WinEventLog:Security","index":"windows","EventCode":7045,"event_id":7045,"log_name":"Security","computer":"WIN-FILE-01.corp.local","provider_name":"Microsoft-Windows-Security-Auditing","level":"Information","record_id":100141,"scenario":"Normal Service Installation","attack_phase":"Persistence","mitre_technique":"None","severity":"low","is_suspicious":false,"service_name":"Spooler","service_file_name":"C:\\Windows\\System32\\lsass.exe","service_type":"Win32OwnProcess","start_type":"Auto","account_name":"LocalSystem","subject_user":"SYSTEM","message":"A service was installed in the system."}
{"timestamp":"2026-09-10T19:59:05Z","host":"WIN-FILE-01","source":"WinEventLog:Security","sourcetype":"WinEventLog:Security","index":"windows","EventCode":5140,"event_id":5140,"log_name":"Security","computer":"WIN-FILE-01.corp.local","provider_name":"Microsoft-Windows-Security-Auditing","level":"Information","record_id":100091,"scenario":"Normal Network Share Access","attack_phase":"Lateral Movement","mitre_technique":"None","severity":"low","is_suspicious":false,"subject_user":"alice","src_ip":"10.10.20.50","share_name":"\\\\WIN-FILE-01\\Public","share_path":"\\\\WIN-FILE-01\\Public","access_type":"Read","message":"A network share object was accessed."}
{"timestamp":"2026-09-10T19:59:15Z","host":"WIN-DC-01","source":"WinEventLog:Security","sourcetype":"WinEventLog:Security","index":"windows","EventCode":5145,"event_id":5145,"log_name":"Security","computer":"WIN-DC-01.corp.local","provider_name":"Microsoft-Windows-Security-Auditing","level":"Information","record_id":100910,"scenario":"Administrative Share Access","attack_phase":"Lateral Movement","mitre_technique":"T1021.002","severity":"medium","is_suspicious":true,"subject_user":"alice","src_ip":"10.10.20.91","share_name":"\\\\WIN-DC-01\\ADMIN$","relative_target_name":"Windows\\Temp\\stage.exe","access_mask":"0x12019f","message":"A network share object was checked for desired access."}
{"timestamp":"2026-09-10T20:03:08Z","host":"WIN-CLIENT-02","source":"WinEventLog:Security","sourcetype":"WinEventLog:Security","index":"windows","EventCode":4720,"event_id":4720,"log_name":"Security","computer":"WIN-CLIENT-02.corp.local","provider_name":"Microsoft-Windows-Security-Auditing","level":"Information","record_id":100995,"scenario":"Account Creation","attack_phase":"Persistence","mitre_technique":"T1136.002","severity":"medium","is_suspicious":true,"subject_user":"administrator","target_user":"svc_update","target_domain":"CORP","account_type":"User","password_last_set":"Never","src_ip":"10.10.20.90","message":"A user account was created."}
{"timestamp":"2026-09-10T20:11:06Z","host":"WIN-CLIENT-02","source":"WinEventLog:Security","sourcetype":"WinEventLog:Security","index":"windows","EventCode":4688,"event_id":4688,"log_name":"Security","computer":"WIN-CLIENT-02.corp.local","provider_name":"Microsoft-Windows-Security-Auditing","level":"Information","record_id":100654,"scenario":"Normal Process Activity","attack_phase":"Execution","mitre_technique":"None","severity":"low","is_suspicious":false,"new_process_name":"C:\\Windows\\System32\\winlogon.exe","parent_process_name":"C:\\Windows\\System32\\services.exe","command_line":"C:\\Windows\\System32\\winlogon.exe","creator_user":"erin","process_id":"0xdbf","parent_process_id":"0x56d","integrity_level":"Medium","token_elevation_type":"Limited","message":"A new process has been created."}
{"timestamp":"2026-09-10T20:12:24Z","host":"WIN-DC-02","source":"WinEventLog:Security","sourcetype":"WinEventLog:Security","index":"windows","EventCode":4768,"event_id":4768,"log_name":"Security","computer":"WIN-DC-02.corp.local","provider_name":"Microsoft-Windows-Security-Auditing","level":"Information","record_id":100605,"scenario":"Normal Kerberos Authentication","attack_phase":"Credential Access","mitre_technique":"None","severity":"low","is_suspicious":false,"target_user":"david","target_domain":"CORP","src_ip":"10.10.10.11","service_name":"krbtgt/CORP","ticket_options":"0x40810010","status":"0x0","message":"A Kerberos authentication ticket was requested."}
{"timestamp":"2026-09-10T20:28:51Z","host":"WIN-FILE-01","source":"WinEventLog:Security","sourcetype":"WinEventLog:Security","index":"windows","EventCode":4768,"event_id":4768,"log_name":"Security","computer":"WIN-FILE-01.corp.local","provider_name":"Microsoft-Windows-Security-Auditing","level":"Information","record_id":100514,"scenario":"Normal Kerberos Authentication","attack_phase":"Credential Access","mitre_technique":"None","severity":"low","is_suspicious":false,"target_user":"erin","target_domain":"CORP","src_ip":"10.10.20.52","service_name":"krbtgt/CORP","ticket_options":"0x40810010","status":"0x0","message":"A Kerberos authentication ticket was requested."}
{"timestamp":"2026-09-10T20:41:37Z","host":"WIN-DC-01","source":"WinEventLog:Security","sourcetype":"WinEventLog:Security","index":"windows","EventCode":4768,"event_id":4768,"log_name":"Security","computer":"WIN-DC-01.corp.local","provider_name":"Microsoft-Windows-Security-Auditing","level":"Information","record_id":100144,"scenario":"Normal Kerberos Authentication","attack_phase":"Credential Access","mitre_technique":"None","severity":"low","is_suspicious":false,"target_user":"frank","target_domain":"CORP","src_ip":"10.10.10.10","service_name":"krbtgt/CORP","ticket_options":"0x40810010","status":"0x0","message":"A Kerberos authentication ticket was requested."}
{"timestamp":"2026-09-10T21:06:52Z","host":"WIN-DC-01","source":"WinEventLog:Security","sourcetype":"WinEventLog:Security","index":"windows","EventCode":4624,"event_id":4624,"log_name":"Security","computer":"WIN-DC-01.corp.local","provider_name":"Microsoft-Windows-Security-Auditing","level":"Information","record_id":100612,"scenario":"Normal Authentication","attack_phase":"Initial Access","mitre_technique":"None","severity":"low","is_suspicious":false,"target_user":"erin","target_domain":"CORP","src_ip":"10.10.20.50","src_port":56566,"dest_host":"WIN-DC-01","logon_type":3,"authentication_package":"NTLM","workstation_name":"WKSTN-16","logon_id":"0x7bbf","message":"An account was successfully logged on."}
{"timestamp":"2026-09-10T21:09:01Z","host":"WIN-DC-01","source":"WinEventLog:Security","sourcetype":"WinEventLog:Security","index":"windows","EventCode":4768,"event_id":4768,"log_name":"Security","computer":"WIN-DC-01.corp.local","provider_name":"Microsoft-Windows-Security-Auditing","level":"Information","record_id":100093,"scenario":"Normal Kerberos Authentication","attack_phase":"Credential Access","mitre_technique":"None","severity":"low","is_suspicious":false,"target_user":"bob","target_domain":"CORP","src_ip":"10.10.20.51","service_name":"krbtgt/CORP","ticket_options":"0x40810010","status":"0x0","message":"A Kerberos authentication ticket was requested."}
{"timestamp":"2026-09-10T21:15:44Z","host":"WIN-CLIENT-01","source":"WinEventLog:Security","sourcetype":"WinEventLog:Security","index":"windows","EventCode":5156,"event_id":5156,"log_name":"Security","computer":"WIN-CLIENT-01.corp.local","provider_name":"Microsoft-Windows-Security-Auditing","level":"Information","record_id":100488,"scenario":"Normal Firewall Activity","attack_phase":"Command and Control","mitre_technique":"None","severity":"low","is_suspicious":false,"application_path":"C:\\Windows\\System32\\winlogon.exe","src_ip":"10.10.20.21","src_port":50076,"dest_ip":"10.10.30.27","dest_port":80,"protocol":"TCP","direction":"Outbound","message":"The Windows Filtering Platform has permitted a connection."}
{"timestamp":"2026-09-10T21:24:23Z","host":"WIN-CLIENT-02","source":"WinEventLog:Security","sourcetype":"WinEventLog:Security","index":"windows","EventCode":4698,"event_id":4698,"log_name":"Security","computer":"WIN-CLIENT-02.corp.local","provider_name":"Microsoft-Windows-Security-Auditing","level":"Information","record_id":100673,"scenario":"Normal Scheduled Task","attack_phase":"Persistence","mitre_technique":"None","severity":"low","is_suspicious":false,"subject_user":"SYSTEM","task_name":"\\Microsoft\\Windows\\Update\\Scheduled Update","author":"Microsoft Corporation","run_as_user":"SYSTEM","action":"C:\\Windows\\System32\\UsoClient.exe","trigger":"Daily","task_content":"Routine Windows update task."}
{"timestamp":"2026-09-10T21:30:29Z","host":"WIN-CLIENT-02","source":"WinEventLog:Security","sourcetype":"WinEventLog:Security","index":"windows","EventCode":5156,"event_id":5156,"log_name":"Security","computer":"WIN-CLIENT-02.corp.local","provider_name":"Microsoft-Windows-Security-Auditing","level":"Information","record_id":100087,"scenario":"Normal Firewall Activity","attack_phase":"Command and Control","mitre_technique":"None","severity":"low","is_suspicious":false,"application_path":"C:\\Windows\\System32\\taskhostw.exe","src_ip":"10.10.20.22","src_port":58493,"dest_ip":"10.10.30.170","dest_port":53,"protocol":"TCP","direction":"Outbound","message":"The Windows Filtering Platform has permitted a connection."}
{"timestamp":"2026-09-10T21:33:42Z","host":"WIN-DC-01","source":"WinEventLog:Security","sourcetype":"WinEventLog:Security","index":"windows","EventCode":4688,"event_id":4688,"log_name":"Security","computer":"WIN-DC-01.corp.local","provider_name":"Microsoft-Windows-Security-Auditing","level":"Information","record_id":100574,"scenario":"Normal Process Activity","attack_phase":"Execution","mitre_technique":"None","severity":"low","is_suspicious":false,"new_process_name":"C:\\Windows\\System32\\lsass.exe","parent_process_name":"C:\\Windows\\System32\\services.exe","command_line":"C:\\Windows\\System32\\lsass.exe","creator_user":"bob","process_id":"0xc18","parent_process_id":"0x1475","integrity_level":"Medium","token_elevation_type":"Limited","message":"A new process has been created."}
{"timestamp":"2026-09-10T22:09:31Z","host":"WIN-DC-02","source":"WinEventLog:Security","sourcetype":"WinEventLog:Security","index":"windows","EventCode":4769,"event_id":4769,"log_name":"Security","computer":"WIN-DC-02.corp.local","provider_name":"Microsoft-Windows-Security-Auditing","level":"Information","record_id":100552,"scenario":"Normal Service Ticket Activity","attack_phase":"Credential Access","mitre_technique":"None","severity":"low","is_suspicious":false,"target_user":"frank","target_domain":"CORP","src_ip":"10.10.20.50","service_name":"cifs/WIN-FILE-01","ticket_encryption_type":"0x12","status":"0x0","message":"A Kerberos service ticket was requested."}
{"timestamp":"2026-09-10T22:09:49Z","host":"WIN-CLIENT-01","source":"WinEventLog:Security","sourcetype":"WinEventLog:Security","index":"windows","EventCode":5140,"event_id":5140,"log_name":"Security","computer":"WIN-CLIENT-01.corp.local","provider_name":"Microsoft-Windows-Security-Auditing","level":"Information","record_id":100011,"scenario":"Normal Network Share Access","attack_phase":"Lateral Movement","mitre_technique":"None","severity":"low","is_suspicious":false,"subject_user":"bob","src_ip":"10.10.20.50","share_name":"\\\\WIN-FILE-01\\Users","share_path":"\\\\WIN-FILE-01\\Users","access_type":"Read","message":"A network share object was accessed."}
{"timestamp":"2026-09-10T22:20:48Z","host":"WIN-CLIENT-02","source":"WinEventLog:Security","sourcetype":"WinEventLog:Security","index":"windows","EventCode":5157,"event_id":5157,"log_name":"Security","computer":"WIN-CLIENT-02.corp.local","provider_name":"Microsoft-Windows-Security-Auditing","level":"Information","record_id":100969,"scenario":"Suspicious Network Activity","attack_phase":"Command and Control","mitre_technique":"T1071","severity":"medium","is_suspicious":true,"application_path":"C:\\Windows\\Temp\\svc-host.exe","src_ip":"10.10.20.22","src_port":52858,"dest_ip":"10.10.40.19","dest_port":9001,"protocol":"TCP","direction":"Outbound","message":"The Windows Filtering Platform has blocked a connection."}
{"timestamp":"2026-09-10T22:22:34Z","host":"WIN-SRV-01","source":"WinEventLog:Security","sourcetype":"WinEventLog:Security","index":"windows","EventCode":4776,"event_id":4776,"log_name":"Security","computer":"WIN-SRV-01.corp.local","provider_name":"Microsoft-Windows-Security-Auditing","level":"Information","record_id":100061,"scenario":"Normal NTLM Validation","attack_phase":"Credential Access","mitre_technique":"None","severity":"low","is_suspicious":false,"target_user":"alice","source_workstation":"WIN-SRV-01","package_name":"MICROSOFT_AUTHENTICATION_PACKAGE_V1_0","status":"0x0","message":"The domain controller attempted to validate the credentials for an account."}
{"timestamp":"2026-09-10T22:52:29Z","host":"WIN-DC-01","source":"WinEventLog:Security","sourcetype":"WinEventLog:Security","index":"windows","EventCode":4688,"event_id":4688,"log_name":"Security","computer":"WIN-DC-01.corp.local","provider_name":"Microsoft-Windows-Security-Auditing","level":"Information","record_id":100426,"scenario":"Normal Process Activity","attack_phase":"Execution","mitre_technique":"None","severity":"low","is_suspicious":false,"new_process_name":"C:\\Windows\\System32\\winlogon.exe","parent_process_name":"C:\\Windows\\System32\\services.exe","command_line":"C:\\Windows\\System32\\winlogon.exe","creator_user":"bob","process_id":"0xc7a","parent_process_id":"0x17f3","integrity_level":"Medium","token_elevation_type":"Limited","message":"A new process has been created."}
{"timestamp":"2026-09-10T23:02:03Z","host":"WIN-CLIENT-01","source":"WinEventLog:Security","sourcetype":"WinEventLog:Security","index":"windows","EventCode":4776,"event_id":4776,"log_name":"Security","computer":"WIN-CLIENT-01.corp.local","provider_name":"Microsoft-Windows-Security-Auditing","level":"Information","record_id":100049,"scenario":"Normal NTLM Validation","attack_phase":"Credential Access","mitre_technique":"None","severity":"low","is_suspicious":false,"target_user":"frank","source_workstation":"WIN-CLIENT-01","package_name":"MICROSOFT_AUTHENTICATION_PACKAGE_V1_0","status":"0x0","message":"The domain controller attempted to validate the credentials for an account."}
{"timestamp":"2026-09-10T23:19:23Z","host":"WIN-CLIENT-01","source":"WinEventLog:Security","sourcetype":"WinEventLog:Security","index":"windows","EventCode":4624,"event_id":4624,"log_name":"Security","computer":"WIN-CLIENT-01.corp.local","provider_name":"Microsoft-Windows-Security-Auditing","level":"Information","record_id":100361,"scenario":"Normal Authentication","attack_phase":"Initial Access","mitre_technique":"None","severity":"low","is_suspicious":false,"target_user":"erin","target_domain":"CORP","src_ip":"10.10.20.51","src_port":52359,"dest_host":"WIN-CLIENT-01","logon_type":7,"authentication_package":"Kerberos","workstation_name":"WKSTN-03","logon_id":"0x8766","message":"An account was successfully logged on."}
{"timestamp":"2026-09-11T00:13:20Z","host":"WIN-CLIENT-01","source":"WinEventLog:Security","sourcetype":"WinEventLog:Security","index":"windows","EventCode":5156,"event_id":5156,"log_name":"Security","computer":"WIN-CLIENT-01.corp.local","provider_name":"Microsoft-Windows-Security-Auditing","level":"Information","record_id":100386,"scenario":"Normal Firewall Activity","attack_phase":"Command and Control","mitre_technique":"None","severity":"low","is_suspicious":false,"application_path":"C:\\Windows\\System32\\svchost.exe","src_ip":"10.10.20.21","src_port":49806,"dest_ip":"10.10.30.42","dest_port":80,"protocol":"TCP","direction":"Outbound","message":"The Windows Filtering Platform has permitted a connection."}
{"timestamp":"2026-09-11T00:15:42Z","host":"WIN-DC-01","source":"WinEventLog:Security","sourcetype":"WinEventLog:Security","index":"windows","EventCode":5145,"event_id":5145,"log_name":"Security","computer":"WIN-DC-01.corp.local","provider_name":"Microsoft-Windows-Security-Auditing","level":"Information","record_id":100889,"scenario":"Administrative Share Access","attack_phase":"Lateral Movement","mitre_technique":"T1021.002","severity":"medium","is_suspicious":true,"subject_user":"alice","src_ip":"10.10.20.91","share_name":"\\\\WIN-DC-01\\ADMIN$","relative_target_name":"Windows\\Temp\\stage.exe","access_mask":"0x12019f","message":"A network share object was checked for desired access."}
{"timestamp":"2026-09-11T00:23:32Z","host":"WIN-FILE-01","source":"WinEventLog:Security","sourcetype":"WinEventLog:Security","index":"windows","EventCode":4688,"event_id":4688,"log_name":"Security","computer":"WIN-FILE-01.corp.local","provider_name":"Microsoft-Windows-Security-Auditing","level":"Information","record_id":100330,"scenario":"Normal Process Activity","attack_phase":"Execution","mitre_technique":"None","severity":"low","is_suspicious":false,"new_process_name":"C:\\Windows\\System32\\services.exe","parent_process_name":"C:\\Windows\\System32\\services.exe","command_line":"C:\\Windows\\System32\\services.exe","creator_user":"carol","process_id":"0xe4e","parent_process_id":"0x2146","integrity_level":"Medium","token_elevation_type":"Limited","message":"A new process has been created."}
{"timestamp":"2026-09-11T00:28:10Z","host":"WIN-DC-02","source":"WinEventLog:Security","sourcetype":"WinEventLog:Security","index":"windows","EventCode":5140,"event_id":5140,"log_name":"Security","computer":"WIN-DC-02.corp.local","provider_name":"Microsoft-Windows-Security-Auditing","level":"Information","record_id":100275,"scenario":"Normal Network Share Access","attack_phase":"Lateral Movement","mitre_technique":"None","severity":"low","is_suspicious":false,"subject_user":"frank","src_ip":"10.10.20.51","share_name":"\\\\WIN-SRV-01\\Reports","share_path":"\\\\WIN-SRV-01\\Reports","access_type":"Read","message":"A network share object was accessed."}
{"timestamp":"2026-09-11T00:52:04Z","host":"WIN-FILE-01","source":"WinEventLog:Security","sourcetype":"WinEventLog:Security","index":"windows","EventCode":4688,"event_id":4688,"log_name":"Security","computer":"WIN-FILE-01.corp.local","provider_name":"Microsoft-Windows-Security-Auditing","level":"Information","record_id":100273,"scenario":"Normal Process Activity","attack_phase":"Execution","mitre_technique":"None","severity":"low","is_suspicious":false,"new_process_name":"C:\\Windows\\System32\\winlogon.exe","parent_process_name":"C:\\Windows\\System32\\services.exe","command_line":"C:\\Windows\\System32\\winlogon.exe","creator_user":"bob","process_id":"0x185c","parent_process_id":"0x1a24","integrity_level":"Medium","token_elevation_type":"Limited","message":"A new process has been created."}
{"timestamp":"2026-09-11T01:17:25Z","host":"WIN-SRV-01","source":"WinEventLog:Security","sourcetype":"WinEventLog:Security","index":"windows","EventCode":4720,"event_id":4720,"log_name":"Security","computer":"WIN-SRV-01.corp.local","provider_name":"Microsoft-Windows-Security-Auditing","level":"Information","record_id":100923,"scenario":"Account Creation","attack_phase":"Persistence","mitre_technique":"T1136.002","severity":"medium","is_suspicious":true,"subject_user":"administrator","target_user":"svc_update","target_domain":"CORP","account_type":"User","password_last_set":"Never","src_ip":"10.10.20.91","message":"A user account was created."}
{"timestamp":"2026-09-11T01:19:33Z","host":"WIN-FILE-01","source":"WinEventLog:Security","sourcetype":"WinEventLog:Security","index":"windows","EventCode":4698,"event_id":4698,"log_name":"Security","computer":"WIN-FILE-01.corp.local","provider_name":"Microsoft-Windows-Security-Auditing","level":"Information","record_id":100342,"scenario":"Normal Scheduled Task","attack_phase":"Persistence","mitre_technique":"None","severity":"low","is_suspicious":false,"subject_user":"SYSTEM","task_name":"\\Microsoft\\Windows\\Update\\Scheduled Update","author":"Microsoft Corporation","run_as_user":"SYSTEM","action":"C:\\Windows\\System32\\UsoClient.exe","trigger":"Daily","task_content":"Routine Windows update task."}
{"timestamp":"2026-09-11T01:54:17Z","host":"WIN-DC-01","source":"WinEventLog:Security","sourcetype":"WinEventLog:Security","index":"windows","EventCode":7045,"event_id":7045,"log_name":"Security","computer":"WIN-DC-01.corp.local","provider_name":"Microsoft-Windows-Security-Auditing","level":"Information","record_id":100546,"scenario":"Normal Service Installation","attack_phase":"Persistence","mitre_technique":"None","severity":"low","is_suspicious":false,"service_name":"W32Time","service_file_name":"C:\\Windows\\System32\\svchost.exe","service_type":"Win32OwnProcess","start_type":"Auto","account_name":"LocalSystem","subject_user":"SYSTEM","message":"A service was installed in the system."}
{"timestamp":"2026-09-11T01:56:56Z","host":"WIN-DC-01","source":"WinEventLog:Security","sourcetype":"WinEventLog:Security","index":"windows","EventCode":4624,"event_id":4624,"log_name":"Security","computer":"WIN-DC-01.corp.local","provider_name":"Microsoft-Windows-Security-Auditing","level":"Information","record_id":100084,"scenario":"Normal Authentication","attack_phase":"Initial Access","mitre_technique":"None","severity":"low","is_suspicious":false,"target_user":"david","target_domain":"CORP","src_ip":"10.10.10.10","src_port":49784,"dest_host":"WIN-DC-01","logon_type":7,"authentication_package":"NTLM","workstation_name":"WKSTN-14","logon_id":"0x13aa1","message":"An account was successfully logged on."}
{"timestamp":"2026-09-11T02:02:14Z","host":"WIN-DC-02","source":"WinEventLog:Security","sourcetype":"WinEventLog:Security","index":"windows","EventCode":4776,"event_id":4776,"log_name":"Security","computer":"WIN-DC-02.corp.local","provider_name":"Microsoft-Windows-Security-Auditing","level":"Information","record_id":100562,"scenario":"Normal NTLM Validation","attack_phase":"Credential Access","mitre_technique":"None","severity":"low","is_suspicious":false,"target_user":"bob","source_workstation":"WIN-DC-02","package_name":"MICROSOFT_AUTHENTICATION_PACKAGE_V1_0","status":"0x0","message":"The domain controller attempted to validate the credentials for an account."}
{"timestamp":"2026-09-11T02:09:02Z","host":"WIN-DC-01","source":"WinEventLog:Security","sourcetype":"WinEventLog:Security","index":"windows","EventCode":4769,"event_id":4769,"log_name":"Security","computer":"WIN-DC-01.corp.local","provider_name":"Microsoft-Windows-Security-Auditing","level":"Information","record_id":100480,"scenario":"Normal Service Ticket Activity","attack_phase":"Credential Access","mitre_technique":"None","severity":"low","is_suspicious":false,"target_user":"frank","target_domain":"CORP","src_ip":"10.10.10.10","service_name":"HOST/WIN-SRV-01","ticket_encryption_type":"0x12","status":"0x0","message":"A Kerberos service ticket was requested."}
{"timestamp":"2026-09-11T02:56:43Z","host":"WIN-CLIENT-02","source":"WinEventLog:Security","sourcetype":"WinEventLog:Security","index":"windows","EventCode":4720,"event_id":4720,"log_name":"Security","computer":"WIN-CLIENT-02.corp.local","provider_name":"Microsoft-Windows-Security-Auditing","level":"Information","record_id":100917,"scenario":"Account Creation","attack_phase":"Persistence","mitre_technique":"T1136.002","severity":"medium","is_suspicious":true,"subject_user":"administrator","target_user":"svc_update","target_domain":"CORP","account_type":"User","password_last_set":"Never","src_ip":"10.10.20.91","message":"A user account was created."}
