{"timestamp":"2026-09-08T11:46:41Z","host":"WIN-DC-02","source":"WinEventLog:Security","sourcetype":"WinEventLog:Security","index":"windows","EventCode":4769,"event_id":4769,"log_name":"Security","computer":"WIN-DC-02.corp.local","provider_name":"Microsoft-Windows-Security-Auditing","level":"Information","record_id":102005,"scenario":"Normal Kerberos Service Ticket","attack_phase":"None","mitre_technique":"None","severity":"low","is_suspicious":false,"target_user":"tnguyen","target_domain":"CORP","service_name":"cifs/WIN-FILE-01","src_ip":"10.10.10.104","dest_host":"WIN-DC-02","ticket_options":"0x40810000","ticket_encryption_type":"0x12","message":"A Kerberos service ticket was requested."}
{"timestamp":"2026-09-08T11:49:34Z","host":"WIN-DC-02","source":"WinEventLog:Security","sourcetype":"WinEventLog:Security","index":"windows","EventCode":4769,"event_id":4769,"log_name":"Security","computer":"WIN-DC-02.corp.local","provider_name":"Microsoft-Windows-Security-Auditing","level":"Information","record_id":102006,"scenario":"Normal Kerberos Service Ticket","attack_phase":"None","mitre_technique":"None","severity":"low","is_suspicious":false,"target_user":"agarcia","target_domain":"CORP","service_name":"http/WIN-SRV-01","src_ip":"10.10.10.156","dest_host":"WIN-DC-02","ticket_options":"0x40810000","ticket_encryption_type":"0x12","message":"A Kerberos service ticket was requested."}
{"timestamp":"2026-09-08T11:53:47Z","host":"WIN-DC-02","source":"WinEventLog:Security","sourcetype":"WinEventLog:Security","index":"windows","EventCode":4769,"event_id":4769,"log_name":"Security","computer":"WIN-DC-02.corp.local","provider_name":"Microsoft-Windows-Security-Auditing","level":"Information","record_id":102007,"scenario":"Normal Kerberos Service Ticket","attack_phase":"None","mitre_technique":"None","severity":"low","is_suspicious":false,"target_user":"rpatel","target_domain":"CORP","service_name":"cifs/WIN-FILE-01","src_ip":"10.10.10.73","dest_host":"WIN-DC-02","ticket_options":"0x40810000","ticket_encryption_type":"0x12","message":"A Kerberos service ticket was requested."}
{"timestamp":"2026-09-08T11:57:44Z","host":"WIN-DC-01","source":"WinEventLog:Security","sourcetype":"WinEventLog:Security","index":"windows","EventCode":4769,"event_id":4769,"log_name":"Security","computer":"WIN-DC-01.corp.local","provider_name":"Microsoft-Windows-Security-Auditing","level":"Information","record_id":102008,"scenario":"Normal Kerberos Service Ticket","attack_phase":"None","mitre_technique":"None","severity":"low","is_suspicious":false,"target_user":"jsmith","target_domain":"CORP","service_name":"http/WIN-SRV-01","src_ip":"10.10.10.39","dest_host":"WIN-DC-01","ticket_options":"0x40810000","ticket_encryption_type":"0x12","message":"A Kerberos service ticket was requested."}
{"timestamp":"2026-09-08T11:59:38Z","host":"WIN-DC-01","source":"WinEventLog:Security","sourcetype":"WinEventLog:Security","index":"windows","EventCode":4769,"event_id":4769,"log_name":"Security","computer":"WIN-DC-01.corp.local","provider_name":"Microsoft-Windows-Security-Auditing","level":"Information","record_id":102009,"scenario":"Normal Kerberos Service Ticket","attack_phase":"None","mitre_technique":"None","severity":"low","is_suspicious":false,"target_user":"kwright","target_domain":"CORP","service_name":"ldap/WIN-DC-01","src_ip":"10.10.10.200","dest_host":"WIN-DC-01","ticket_options":"0x40810000","ticket_encryption_type":"0x12","message":"A Kerberos service ticket was requested."}
{"timestamp":"2026-09-08T12:02:57Z","host":"WIN-DC-02","source":"WinEventLog:Security","sourcetype":"WinEventLog:Security","index":"windows","EventCode":4769,"event_id":4769,"log_name":"Security","computer":"WIN-DC-02.corp.local","provider_name":"Microsoft-Windows-Security-Auditing","level":"Information","record_id":102010,"scenario":"Normal Kerberos Service Ticket","attack_phase":"None","mitre_technique":"None","severity":"low","is_suspicious":false,"target_user":"jsmith","target_domain":"CORP","service_name":"http/WIN-SRV-01","src_ip":"10.10.10.123","dest_host":"WIN-DC-02","ticket_options":"0x40810000","ticket_encryption_type":"0x12","message":"A Kerberos service ticket was requested."}
{"timestamp":"2026-09-08T12:04:51Z","host":"WIN-DC-01","source":"WinEventLog:Security","sourcetype":"WinEventLog:Security","index":"windows","EventCode":4769,"event_id":4769,"log_name":"Security","computer":"WIN-DC-01.corp.local","provider_name":"Microsoft-Windows-Security-Auditing","level":"Information","record_id":102011,"scenario":"Normal Kerberos Service Ticket","attack_phase":"None","mitre_technique":"None","severity":"low","is_suspicious":false,"target_user":"jsmith","target_domain":"CORP","service_name":"cifs/WIN-FILE-01","src_ip":"10.10.10.245","dest_host":"WIN-DC-01","ticket_options":"0x40810000","ticket_encryption_type":"0x12","message":"A Kerberos service ticket was requested."}
{"timestamp":"2026-09-08T12:08:32Z","host":"WIN-DC-02","source":"WinEventLog:Security","sourcetype":"WinEventLog:Security","index":"windows","EventCode":4769,"event_id":4769,"log_name":"Security","computer":"WIN-DC-02.corp.local","provider_name":"Microsoft-Windows-Security-Auditing","level":"Information","record_id":102012,"scenario":"Normal Kerberos Service Ticket","attack_phase":"None","mitre_technique":"None","severity":"low","is_suspicious":false,"target_user":"lwilson","target_domain":"CORP","service_name":"ldap/WIN-DC-01","src_ip":"10.10.10.47","dest_host":"WIN-DC-02","ticket_options":"0x40810000","ticket_encryption_type":"0x12","message":"A Kerberos service ticket was requested."}
{"timestamp":"2026-09-08T12:09:19Z","host":"WIN-DC-01","source":"WinEventLog:Security","sourcetype":"WinEventLog:Security","index":"windows","EventCode":4769,"event_id":4769,"log_name":"Security","computer":"WIN-DC-01.corp.local","provider_name":"Microsoft-Windows-Security-Auditing","level":"Information","record_id":102013,"scenario":"Normal Kerberos Service Ticket","attack_phase":"None","mitre_technique":"None","severity":"low","is_suspicious":false,"target_user":"mchen","target_domain":"CORP","service_name":"http/WIN-SRV-01","src_ip":"10.10.10.105","dest_host":"WIN-DC-01","ticket_options":"0x40810000","ticket_encryption_type":"0x12","message":"A Kerberos service ticket was requested."}
{"timestamp":"2026-09-08T12:10:05Z","host":"WIN-DC-02","source":"WinEventLog:Security","sourcetype":"WinEventLog:Security","index":"windows","EventCode":4769,"event_id":4769,"log_name":"Security","computer":"WIN-DC-02.corp.local","provider_name":"Microsoft-Windows-Security-Auditing","level":"Information","record_id":102014,"scenario":"Normal Kerberos Service Ticket","attack_phase":"None","mitre_technique":"None","severity":"low","is_suspicious":false,"target_user":"lwilson","target_domain":"CORP","service_name":"http/WIN-SRV-01","src_ip":"10.10.10.136","dest_host":"WIN-DC-02","ticket_options":"0x40810000","ticket_encryption_type":"0x12","message":"A Kerberos service ticket was requested."}
{"timestamp":"2026-09-08T12:11:59Z","host":"WIN-DC-01","source":"WinEventLog:Security","sourcetype":"WinEventLog:Security","index":"windows","EventCode":4769,"event_id":4769,"log_name":"Security","computer":"WIN-DC-01.corp.local","provider_name":"Microsoft-Windows-Security-Auditing","level":"Information","record_id":102015,"scenario":"Normal Kerberos Service Ticket","attack_phase":"None","mitre_technique":"None","severity":"low","is_suspicious":false,"target_user":"lwilson","target_domain":"CORP","service_name":"cifs/WIN-FILE-01","src_ip":"10.10.10.25","dest_host":"WIN-DC-01","ticket_options":"0x40810000","ticket_encryption_type":"0x12","message":"A Kerberos service ticket was requested."}
{"timestamp":"2026-09-08T12:15:43Z","host":"WIN-DC-02","source":"WinEventLog:Security","sourcetype":"WinEventLog:Security","index":"windows","EventCode":4769,"event_id":4769,"log_name":"Security","computer":"WIN-DC-02.corp.local","provider_name":"Microsoft-Windows-Security-Auditing","level":"Information","record_id":102016,"scenario":"Normal Kerberos Service Ticket","attack_phase":"None","mitre_technique":"None","severity":"low","is_suspicious":false,"target_user":"kwright","target_domain":"CORP","service_name":"cifs/WIN-FILE-01","src_ip":"10.10.10.52","dest_host":"WIN-DC-02","ticket_options":"0x40810000","ticket_encryption_type":"0x12","message":"A Kerberos service ticket was requested."}
{"timestamp":"2026-09-08T12:18:46Z","host":"WIN-DC-02","source":"WinEventLog:Security","sourcetype":"WinEventLog:Security","index":"windows","EventCode":4769,"event_id":4769,"log_name":"Security","computer":"WIN-DC-02.corp.local","provider_name":"Microsoft-Windows-Security-Auditing","level":"Information","record_id":102017,"scenario":"Normal Kerberos Service Ticket","attack_phase":"None","mitre_technique":"None","severity":"low","is_suspicious":false,"target_user":"tnguyen","target_domain":"CORP","service_name":"http/WIN-SRV-01","src_ip":"10.10.10.139","dest_host":"WIN-DC-02","ticket_options":"0x40810000","ticket_encryption_type":"0x12","message":"A Kerberos service ticket was requested."}
{"timestamp":"2026-09-08T12:20:13Z","host":"WIN-DC-02","source":"WinEventLog:Security","sourcetype":"WinEventLog:Security","index":"windows","EventCode":4769,"event_id":4769,"log_name":"Security","computer":"WIN-DC-02.corp.local","provider_name":"Microsoft-Windows-Security-Auditing","level":"Information","record_id":102018,"scenario":"Normal Kerberos Service Ticket","attack_phase":"None","mitre_technique":"None","severity":"low","is_suspicious":false,"target_user":"tnguyen","target_domain":"CORP","service_name":"ldap/WIN-DC-01","src_ip":"10.10.10.148","dest_host":"WIN-DC-02","ticket_options":"0x40810000","ticket_encryption_type":"0x12","message":"A Kerberos service ticket was requested."}
{"timestamp":"2026-09-08T12:23:37Z","host":"WIN-DC-01","source":"WinEventLog:Security","sourcetype":"WinEventLog:Security","index":"windows","EventCode":4769,"event_id":4769,"log_name":"Security","computer":"WIN-DC-01.corp.local","provider_name":"Microsoft-Windows-Security-Auditing","level":"Information","record_id":102019,"scenario":"Normal Kerberos Service Ticket","attack_phase":"None","mitre_technique":"None","severity":"low","is_suspicious":false,"target_user":"jsmith","target_domain":"CORP","service_name":"cifs/WIN-FILE-01","src_ip":"10.10.10.187","dest_host":"WIN-DC-01","ticket_options":"0x40810000","ticket_encryption_type":"0x12","message":"A Kerberos service ticket was requested."}
{"timestamp":"2026-09-08T12:24:56Z","host":"WIN-DC-02","source":"WinEventLog:Security","sourcetype":"WinEventLog:Security","index":"windows","EventCode":4769,"event_id":4769,"log_name":"Security","computer":"WIN-DC-02.corp.local","provider_name":"Microsoft-Windows-Security-Auditing","level":"Information","record_id":102020,"scenario":"Normal Kerberos Service Ticket","attack_phase":"None","mitre_technique":"None","severity":"low","is_suspicious":false,"target_user":"kwright","target_domain":"CORP","service_name":"cifs/WIN-FILE-01","src_ip":"10.10.10.40","dest_host":"WIN-DC-02","ticket_options":"0x40810000","ticket_encryption_type":"0x12","message":"A Kerberos service ticket was requested."}
{"timestamp":"2026-09-08T12:28:55Z","host":"WIN-DC-02","source":"WinEventLog:Security","sourcetype":"WinEventLog:Security","index":"windows","EventCode":4769,"event_id":4769,"log_name":"Security","computer":"WIN-DC-02.corp.local","provider_name":"Microsoft-Windows-Security-Auditing","level":"Information","record_id":102021,"scenario":"Normal Kerberos Service Ticket","attack_phase":"None","mitre_technique":"None","severity":"low","is_suspicious":false,"target_user":"mchen","target_domain":"CORP","service_name":"http/WIN-SRV-01","src_ip":"10.10.10.31","dest_host":"WIN-DC-02","ticket_options":"0x40810000","ticket_encryption_type":"0x12","message":"A Kerberos service ticket was requested."}
{"timestamp":"2026-09-08T12:32:28Z","host":"WIN-DC-01","source":"WinEventLog:Security","sourcetype":"WinEventLog:Security","index":"windows","EventCode":4769,"event_id":4769,"log_name":"Security","computer":"WIN-DC-01.corp.local","provider_name":"Microsoft-Windows-Security-Auditing","level":"Information","record_id":102022,"scenario":"Normal Kerberos Service Ticket","attack_phase":"None","mitre_technique":"None","severity":"low","is_suspicious":false,"target_user":"lwilson","target_domain":"CORP","service_name":"http/WIN-SRV-01","src_ip":"10.10.10.243","dest_host":"WIN-DC-01","ticket_options":"0x40810000","ticket_encryption_type":"0x12","message":"A Kerberos service ticket was requested."}
{"timestamp":"2026-09-08T12:33:37Z","host":"WIN-DC-01","source":"WinEventLog:Security","sourcetype":"WinEventLog:Security","index":"windows","EventCode":4769,"event_id":4769,"log_name":"Security","computer":"WIN-DC-01.corp.local","provider_name":"Microsoft-Windows-Security-Auditing","level":"Information","record_id":102023,"scenario":"Normal Kerberos Service Ticket","attack_phase":"None","mitre_technique":"None","severity":"low","is_suspicious":false,"target_user":"dohara","target_domain":"CORP","service_name":"cifs/WIN-FILE-01","src_ip":"10.10.10.57","dest_host":"WIN-DC-01","ticket_options":"0x40810000","ticket_encryption_type":"0x12","message":"A Kerberos service ticket was requested."}
{"timestamp":"2026-09-08T12:35:18Z","host":"WIN-DC-01","source":"WinEventLog:Security","sourcetype":"WinEventLog:Security","index":"windows","EventCode":4769,"event_id":4769,"log_name":"Security","computer":"WIN-DC-01.corp.local","provider_name":"Microsoft-Windows-Security-Auditing","level":"Information","record_id":102024,"scenario":"Normal Kerberos Service Ticket","attack_phase":"None","mitre_technique":"None","severity":"low","is_suspicious":false,"target_user":"tnguyen","target_domain":"CORP","service_name":"ldap/WIN-DC-01","src_ip":"10.10.10.98","dest_host":"WIN-DC-01","ticket_options":"0x40810000","ticket_encryption_type":"0x12","message":"A Kerberos service ticket was requested."}
{"timestamp":"2026-09-08T12:37:13Z","host":"WIN-DC-01","source":"WinEventLog:Security","sourcetype":"WinEventLog:Security","index":"windows","EventCode":4769,"event_id":4769,"log_name":"Security","computer":"WIN-DC-01.corp.local","provider_name":"Microsoft-Windows-Security-Auditing","level":"Information","record_id":102025,"scenario":"Normal Kerberos Service Ticket","attack_phase":"None","mitre_technique":"None","severity":"low","is_suspicious":false,"target_user":"kwright","target_domain":"CORP","service_name":"cifs/WIN-FILE-01","src_ip":"10.10.10.250","dest_host":"WIN-DC-01","ticket_options":"0x40810000","ticket_encryption_type":"0x12","message":"A Kerberos service ticket was requested."}
{"timestamp":"2026-09-08T12:42:13Z","host":"WIN-DC-02","source":"WinEventLog:Security","sourcetype":"WinEventLog:Security","index":"windows","EventCode":4769,"event_id":4769,"log_name":"Security","computer":"WIN-DC-02.corp.local","provider_name":"Microsoft-Windows-Security-Auditing","level":"Information","record_id":102026,"scenario":"Normal Kerberos Service Ticket","attack_phase":"None","mitre_technique":"None","severity":"low","is_suspicious":false,"target_user":"jsmith","target_domain":"CORP","service_name":"http/WIN-SRV-01","src_ip":"10.10.10.6","dest_host":"WIN-DC-02","ticket_options":"0x40810000","ticket_encryption_type":"0x12","message":"A Kerberos service ticket was requested."}
{"timestamp":"2026-09-08T12:44:52Z","host":"WIN-DC-01","source":"WinEventLog:Security","sourcetype":"WinEventLog:Security","index":"windows","EventCode":4769,"event_id":4769,"log_name":"Security","computer":"WIN-DC-01.corp.local","provider_name":"Microsoft-Windows-Security-Auditing","level":"Information","record_id":102027,"scenario":"Normal Kerberos Service Ticket","attack_phase":"None","mitre_technique":"None","severity":"low","is_suspicious":false,"target_user":"lwilson","target_domain":"CORP","service_name":"ldap/WIN-DC-01","src_ip":"10.10.10.129","dest_host":"WIN-DC-01","ticket_options":"0x40810000","ticket_encryption_type":"0x12","message":"A Kerberos service ticket was requested."}
{"timestamp":"2026-09-08T12:48:50Z","host":"WIN-DC-02","source":"WinEventLog:Security","sourcetype":"WinEventLog:Security","index":"windows","EventCode":4769,"event_id":4769,"log_name":"Security","computer":"WIN-DC-02.corp.local","provider_name":"Microsoft-Windows-Security-Auditing","level":"Information","record_id":102028,"scenario":"Normal Kerberos Service Ticket","attack_phase":"None","mitre_technique":"None","severity":"low","is_suspicious":false,"target_user":"tnguyen","target_domain":"CORP","service_name":"http/WIN-SRV-01","src_ip":"10.10.10.92","dest_host":"WIN-DC-02","ticket_options":"0x40810000","ticket_encryption_type":"0x12","message":"A Kerberos service ticket was requested."}
{"timestamp":"2026-09-08T12:53:32Z","host":"WIN-DC-02","source":"WinEventLog:Security","sourcetype":"WinEventLog:Security","index":"windows","EventCode":4769,"event_id":4769,"log_name":"Security","computer":"WIN-DC-02.corp.local","provider_name":"Microsoft-Windows-Security-Auditing","level":"Information","record_id":102029,"scenario":"Normal Kerberos Service Ticket","attack_phase":"None","mitre_technique":"None","severity":"low","is_suspicious":false,"target_user":"tnguyen","target_domain":"CORP","service_name":"cifs/WIN-FILE-01","src_ip":"10.10.10.239","dest_host":"WIN-DC-02","ticket_options":"0x40810000","ticket_encryption_type":"0x12","message":"A Kerberos service ticket was requested."}
{"timestamp":"2026-09-08T12:55:07Z","host":"WIN-DC-02","source":"WinEventLog:Security","sourcetype":"WinEventLog:Security","index":"windows","EventCode":4769,"event_id":4769,"log_name":"Security","computer":"WIN-DC-02.corp.local","provider_name":"Microsoft-Windows-Security-Auditing","level":"Information","record_id":102030,"scenario":"Normal Kerberos Service Ticket","attack_phase":"None","mitre_technique":"None","severity":"low","is_suspicious":false,"target_user":"dohara","target_domain":"CORP","service_name":"http/WIN-SRV-01","src_ip":"10.10.10.47","dest_host":"WIN-DC-02","ticket_options":"0x40810000","ticket_encryption_type":"0x12","message":"A Kerberos service ticket was requested."}
{"timestamp":"2026-09-08T12:59:55Z","host":"WIN-DC-01","source":"WinEventLog:Security","sourcetype":"WinEventLog:Security","index":"windows","EventCode":4769,"event_id":4769,"log_name":"Security","computer":"WIN-DC-01.corp.local","provider_name":"Microsoft-Windows-Security-Auditing","level":"Information","record_id":102031,"scenario":"Normal Kerberos Service Ticket","attack_phase":"None","mitre_technique":"None","severity":"low","is_suspicious":false,"target_user":"cwalker","target_domain":"CORP","service_name":"ldap/WIN-DC-01","src_ip":"10.10.10.113","dest_host":"WIN-DC-01","ticket_options":"0x40810000","ticket_encryption_type":"0x12","message":"A Kerberos service ticket was requested."}
{"timestamp":"2026-09-08T13:03:15Z","host":"WIN-DC-02","source":"WinEventLog:Security","sourcetype":"WinEventLog:Security","index":"windows","EventCode":4769,"event_id":4769,"log_name":"Security","computer":"WIN-DC-02.corp.local","provider_name":"Microsoft-Windows-Security-Auditing","level":"Information","record_id":102032,"scenario":"Normal Kerberos Service Ticket","attack_phase":"None","mitre_technique":"None","severity":"low","is_suspicious":false,"target_user":"lwilson","target_domain":"CORP","service_name":"ldap/WIN-DC-01","src_ip":"10.10.10.74","dest_host":"WIN-DC-02","ticket_options":"0x40810000","ticket_encryption_type":"0x12","message":"A Kerberos service ticket was requested."}
{"timestamp":"2026-09-08T13:04:10Z","host":"WIN-DC-01","source":"WinEventLog:Security","sourcetype":"WinEventLog:Security","index":"windows","EventCode":4769,"event_id":4769,"log_name":"Security","computer":"WIN-DC-01.corp.local","provider_name":"Microsoft-Windows-Security-Auditing","level":"Information","record_id":102033,"scenario":"Normal Kerberos Service Ticket","attack_phase":"None","mitre_technique":"None","severity":"low","is_suspicious":false,"target_user":"agarcia","target_domain":"CORP","service_name":"cifs/WIN-FILE-01","src_ip":"10.10.10.168","dest_host":"WIN-DC-01","ticket_options":"0x40810000","ticket_encryption_type":"0x12","message":"A Kerberos service ticket was requested."}
{"timestamp":"2026-09-08T13:04:23Z","host":"WIN-DC-02","source":"WinEventLog:Security","sourcetype":"WinEventLog:Security","index":"windows","EventCode":4769,"event_id":4769,"log_name":"Security","computer":"WIN-DC-02.corp.local","provider_name":"Microsoft-Windows-Security-Auditing","level":"Information","record_id":102034,"scenario":"Normal Kerberos Service Ticket","attack_phase":"None","mitre_technique":"None","severity":"low","is_suspicious":false,"target_user":"cwalker","target_domain":"CORP","service_name":"cifs/WIN-FILE-01","src_ip":"10.10.10.129","dest_host":"WIN-DC-02","ticket_options":"0x40810000","ticket_encryption_type":"0x12","message":"A Kerberos service ticket was requested."}
{"timestamp":"2026-09-08T13:09:06Z","host":"WIN-DC-02","source":"WinEventLog:Security","sourcetype":"WinEventLog:Security","index":"windows","EventCode":4769,"event_id":4769,"log_name":"Security","computer":"WIN-DC-02.corp.local","provider_name":"Microsoft-Windows-Security-Auditing","level":"Information","record_id":102035,"scenario":"Normal Kerberos Service Ticket","attack_phase":"None","mitre_technique":"None","severity":"low","is_suspicious":false,"target_user":"agarcia","target_domain":"CORP","service_name":"ldap/WIN-DC-01","src_ip":"10.10.10.150","dest_host":"WIN-DC-02","ticket_options":"0x40810000","ticket_encryption_type":"0x12","message":"A Kerberos service ticket was requested."}
{"timestamp":"2026-09-08T13:09:27Z","host":"WIN-DC-02","source":"WinEventLog:Security","sourcetype":"WinEventLog:Security","index":"windows","EventCode":4769,"event_id":4769,"log_name":"Security","computer":"WIN-DC-02.corp.local","provider_name":"Microsoft-Windows-Security-Auditing","level":"Information","record_id":102036,"scenario":"Normal Kerberos Service Ticket","attack_phase":"None","mitre_technique":"None","severity":"low","is_suspicious":false,"target_user":"lwilson","target_domain":"CORP","service_name":"cifs/WIN-FILE-01","src_ip":"10.10.10.59","dest_host":"WIN-DC-02","ticket_options":"0x40810000","ticket_encryption_type":"0x12","message":"A Kerberos service ticket was requested."}
{"timestamp":"2026-09-08T13:13:24Z","host":"WIN-DC-02","source":"WinEventLog:Security","sourcetype":"WinEventLog:Security","index":"windows","EventCode":4769,"event_id":4769,"log_name":"Security","computer":"WIN-DC-02.corp.local","provider_name":"Microsoft-Windows-Security-Auditing","level":"Information","record_id":102037,"scenario":"Normal Kerberos Service Ticket","attack_phase":"None","mitre_technique":"None","severity":"low","is_suspicious":false,"target_user":"sbrooks","target_domain":"CORP","service_name":"cifs/WIN-FILE-01","src_ip":"10.10.10.52","dest_host":"WIN-DC-02","ticket_options":"0x40810000","ticket_encryption_type":"0x12","message":"A Kerberos service ticket was requested."}
{"timestamp":"2026-09-08T13:17:29Z","host":"WIN-DC-02","source":"WinEventLog:Security","sourcetype":"WinEventLog:Security","index":"windows","EventCode":4769,"event_id":4769,"log_name":"Security","computer":"WIN-DC-02.corp.local","provider_name":"Microsoft-Windows-Security-Auditing","level":"Information","record_id":102038,"scenario":"Normal Kerberos Service Ticket","attack_phase":"None","mitre_technique":"None","severity":"low","is_suspicious":false,"target_user":"agarcia","target_domain":"CORP","service_name":"http/WIN-SRV-01","src_ip":"10.10.10.107","dest_host":"WIN-DC-02","ticket_options":"0x40810000","ticket_encryption_type":"0x12","message":"A Kerberos service ticket was requested."}
{"timestamp":"2026-09-08T13:20:56Z","host":"WIN-DC-02","source":"WinEventLog:Security","sourcetype":"WinEventLog:Security","index":"windows","EventCode":4769,"event_id":4769,"log_name":"Security","computer":"WIN-DC-02.corp.local","provider_name":"Microsoft-Windows-Security-Auditing","level":"Information","record_id":102039,"scenario":"Normal Kerberos Service Ticket","attack_phase":"None","mitre_technique":"None","severity":"low","is_suspicious":false,"target_user":"jsmith","target_domain":"CORP","service_name":"cifs/WIN-FILE-01","src_ip":"10.10.10.131","dest_host":"WIN-DC-02","ticket_options":"0x40810000","ticket_encryption_type":"0x12","message":"A Kerberos service ticket was requested."}
{"timestamp":"2026-09-08T13:23:26Z","host":"WIN-DC-02","source":"WinEventLog:Security","sourcetype":"WinEventLog:Security","index":"windows","EventCode":4769,"event_id":4769,"log_name":"Security","computer":"WIN-DC-02.corp.local","provider_name":"Microsoft-Windows-Security-Auditing","level":"Information","record_id":102040,"scenario":"Normal Kerberos Service Ticket","attack_phase":"None","mitre_technique":"None","severity":"low","is_suspicious":false,"target_user":"lwilson","target_domain":"CORP","service_name":"http/WIN-SRV-01","src_ip":"10.10.10.216","dest_host":"WIN-DC-02","ticket_options":"0x40810000","ticket_encryption_type":"0x12","message":"A Kerberos service ticket was requested."}
{"timestamp":"2026-09-08T13:27:03Z","host":"WIN-DC-01","source":"WinEventLog:Security","sourcetype":"WinEventLog:Security","index":"windows","EventCode":4769,"event_id":4769,"log_name":"Security","computer":"WIN-DC-01.corp.local","provider_name":"Microsoft-Windows-Security-Auditing","level":"Information","record_id":102041,"scenario":"Normal Kerberos Service Ticket","attack_phase":"None","mitre_technique":"None","severity":"low","is_suspicious":false,"target_user":"rpatel","target_domain":"CORP","service_name":"http/WIN-SRV-01","src_ip":"10.10.10.10","dest_host":"WIN-DC-01","ticket_options":"0x40810000","ticket_encryption_type":"0x12","message":"A Kerberos service ticket was requested."}
{"timestamp":"2026-09-08T13:27:15Z","host":"WIN-DC-01","source":"WinEventLog:Security","sourcetype":"WinEventLog:Security","index":"windows","EventCode":4769,"event_id":4769,"log_name":"Security","computer":"WIN-DC-01.corp.local","provider_name":"Microsoft-Windows-Security-Auditing","level":"Information","record_id":102042,"scenario":"Normal Kerberos Service Ticket","attack_phase":"None","mitre_technique":"None","severity":"low","is_suspicious":false,"target_user":"jsmith","target_domain":"CORP","service_name":"http/WIN-SRV-01","src_ip":"10.10.10.217","dest_host":"WIN-DC-01","ticket_options":"0x40810000","ticket_encryption_type":"0x12","message":"A Kerberos service ticket was requested."}
{"timestamp":"2026-09-08T13:31:45Z","host":"WIN-DC-02","source":"WinEventLog:Security","sourcetype":"WinEventLog:Security","index":"windows","EventCode":4769,"event_id":4769,"log_name":"Security","computer":"WIN-DC-02.corp.local","provider_name":"Microsoft-Windows-Security-Auditing","level":"Information","record_id":102043,"scenario":"Normal Kerberos Service Ticket","attack_phase":"None","mitre_technique":"None","severity":"low","is_suspicious":false,"target_user":"cwalker","target_domain":"CORP","service_name":"http/WIN-SRV-01","src_ip":"10.10.10.45","dest_host":"WIN-DC-02","ticket_options":"0x40810000","ticket_encryption_type":"0x12","message":"A Kerberos service ticket was requested."}
{"timestamp":"2026-09-08T13:36:42Z","host":"WIN-DC-01","source":"WinEventLog:Security","sourcetype":"WinEventLog:Security","index":"windows","EventCode":4769,"event_id":4769,"log_name":"Security","computer":"WIN-DC-01.corp.local","provider_name":"Microsoft-Windows-Security-Auditing","level":"Information","record_id":102044,"scenario":"Normal Kerberos Service Ticket","attack_phase":"None","mitre_technique":"None","severity":"low","is_suspicious":false,"target_user":"tnguyen","target_domain":"CORP","service_name":"ldap/WIN-DC-01","src_ip":"10.10.10.102","dest_host":"WIN-DC-01","ticket_options":"0x40810000","ticket_encryption_type":"0x12","message":"A Kerberos service ticket was requested."}
{"timestamp":"2026-09-08T13:38:25Z","host":"WIN-DC-02","source":"WinEventLog:Security","sourcetype":"WinEventLog:Security","index":"windows","EventCode":4769,"event_id":4769,"log_name":"Security","computer":"WIN-DC-02.corp.local","provider_name":"Microsoft-Windows-Security-Auditing","level":"Information","record_id":102045,"scenario":"Normal Kerberos Service Ticket","attack_phase":"None","mitre_technique":"None","severity":"low","is_suspicious":false,"target_user":"cwalker","target_domain":"CORP","service_name":"cifs/WIN-FILE-01","src_ip":"10.10.10.207","dest_host":"WIN-DC-02","ticket_options":"0x40810000","ticket_encryption_type":"0x12","message":"A Kerberos service ticket was requested."}
{"timestamp":"2026-09-08T13:43:25Z","host":"WIN-DC-01","source":"WinEventLog:Security","sourcetype":"WinEventLog:Security","index":"windows","EventCode":4769,"event_id":4769,"log_name":"Security","computer":"WIN-DC-01.corp.local","provider_name":"Microsoft-Windows-Security-Auditing","level":"Information","record_id":102046,"scenario":"Normal Kerberos Service Ticket","attack_phase":"None","mitre_technique":"None","severity":"low","is_suspicious":false,"target_user":"tnguyen","target_domain":"CORP","service_name":"ldap/WIN-DC-01","src_ip":"10.10.10.101","dest_host":"WIN-DC-01","ticket_options":"0x40810000","ticket_encryption_type":"0x12","message":"A Kerberos service ticket was requested."}
{"timestamp":"2026-09-08T13:44:58Z","host":"WIN-DC-02","source":"WinEventLog:Security","sourcetype":"WinEventLog:Security","index":"windows","EventCode":4769,"event_id":4769,"log_name":"Security","computer":"WIN-DC-02.corp.local","provider_name":"Microsoft-Windows-Security-Auditing","level":"Information","record_id":102047,"scenario":"Normal Kerberos Service Ticket","attack_phase":"None","mitre_technique":"None","severity":"low","is_suspicious":false,"target_user":"tnguyen","target_domain":"CORP","service_name":"ldap/WIN-DC-01","src_ip":"10.10.10.42","dest_host":"WIN-DC-02","ticket_options":"0x40810000","ticket_encryption_type":"0x12","message":"A Kerberos service ticket was requested."}
{"timestamp":"2026-09-08T13:48:46Z","host":"WIN-DC-01","source":"WinEventLog:Security","sourcetype":"WinEventLog:Security","index":"windows","EventCode":4769,"event_id":4769,"log_name":"Security","computer":"WIN-DC-01.corp.local","provider_name":"Microsoft-Windows-Security-Auditing","level":"Information","record_id":102048,"scenario":"Normal Kerberos Service Ticket","attack_phase":"None","mitre_technique":"None","severity":"low","is_suspicious":false,"target_user":"rpatel","target_domain":"CORP","service_name":"ldap/WIN-DC-01","src_ip":"10.10.10.207","dest_host":"WIN-DC-01","ticket_options":"0x40810000","ticket_encryption_type":"0x12","message":"A Kerberos service ticket was requested."}
{"timestamp":"2026-09-08T13:49:55Z","host":"WIN-DC-01","source":"WinEventLog:Security","sourcetype":"WinEventLog:Security","index":"windows","EventCode":4769,"event_id":4769,"log_name":"Security","computer":"WIN-DC-01.corp.local","provider_name":"Microsoft-Windows-Security-Auditing","level":"Information","record_id":102049,"scenario":"Normal Kerberos Service Ticket","attack_phase":"None","mitre_technique":"None","severity":"low","is_suspicious":false,"target_user":"sbrooks","target_domain":"CORP","service_name":"ldap/WIN-DC-01","src_ip":"10.10.10.149","dest_host":"WIN-DC-01","ticket_options":"0x40810000","ticket_encryption_type":"0x12","message":"A Kerberos service ticket was requested."}
{"timestamp":"2026-09-08T13:53:20Z","host":"WIN-DC-01","source":"WinEventLog:Security","sourcetype":"WinEventLog:Security","index":"windows","EventCode":4769,"event_id":4769,"log_name":"Security","computer":"WIN-DC-01.corp.local","provider_name":"Microsoft-Windows-Security-Auditing","level":"Information","record_id":102050,"scenario":"Normal Kerberos Service Ticket","attack_phase":"None","mitre_technique":"None","severity":"low","is_suspicious":false,"target_user":"lwilson","target_domain":"CORP","service_name":"http/WIN-SRV-01","src_ip":"10.10.10.54","dest_host":"WIN-DC-01","ticket_options":"0x40810000","ticket_encryption_type":"0x12","message":"A Kerberos service ticket was requested."}
{"timestamp":"2026-09-08T13:54:12Z","host":"WIN-DC-01","source":"WinEventLog:Security","sourcetype":"WinEventLog:Security","index":"windows","EventCode":4769,"event_id":4769,"log_name":"Security","computer":"WIN-DC-01.corp.local","provider_name":"Microsoft-Windows-Security-Auditing","level":"Information","record_id":102051,"scenario":"Normal Kerberos Service Ticket","attack_phase":"None","mitre_technique":"None","severity":"low","is_suspicious":false,"target_user":"agarcia","target_domain":"CORP","service_name":"http/WIN-SRV-01","src_ip":"10.10.10.4","dest_host":"WIN-DC-01","ticket_options":"0x40810000","ticket_encryption_type":"0x12","message":"A Kerberos service ticket was requested."}
{"timestamp":"2026-09-08T13:55:35Z","host":"WIN-DC-01","source":"WinEventLog:Security","sourcetype":"WinEventLog:Security","index":"windows","EventCode":4769,"event_id":4769,"log_name":"Security","computer":"WIN-DC-01.corp.local","provider_name":"Microsoft-Windows-Security-Auditing","level":"Information","record_id":102052,"scenario":"Normal Kerberos Service Ticket","attack_phase":"None","mitre_technique":"None","severity":"low","is_suspicious":false,"target_user":"jsmith","target_domain":"CORP","service_name":"ldap/WIN-DC-01","src_ip":"10.10.10.99","dest_host":"WIN-DC-01","ticket_options":"0x40810000","ticket_encryption_type":"0x12","message":"A Kerberos service ticket was requested."}
{"timestamp":"2026-09-08T13:55:52Z","host":"WIN-DC-02","source":"WinEventLog:Security","sourcetype":"WinEventLog:Security","index":"windows","EventCode":4769,"event_id":4769,"log_name":"Security","computer":"WIN-DC-02.corp.local","provider_name":"Microsoft-Windows-Security-Auditing","level":"Information","record_id":102053,"scenario":"Normal Kerberos Service Ticket","attack_phase":"None","mitre_technique":"None","severity":"low","is_suspicious":false,"target_user":"mchen","target_domain":"CORP","service_name":"ldap/WIN-DC-01","src_ip":"10.10.10.163","dest_host":"WIN-DC-02","ticket_options":"0x40810000","ticket_encryption_type":"0x12","message":"A Kerberos service ticket was requested."}
{"timestamp":"2026-09-08T13:59:00Z","host":"WIN-DC-01","source":"WinEventLog:Security","sourcetype":"WinEventLog:Security","index":"windows","EventCode":4769,"event_id":4769,"log_name":"Security","computer":"WIN-DC-01.corp.local","provider_name":"Microsoft-Windows-Security-Auditing","level":"Information","record_id":102054,"scenario":"Normal Kerberos Service Ticket","attack_phase":"None","mitre_technique":"None","severity":"low","is_suspicious":false,"target_user":"mchen","target_domain":"CORP","service_name":"ldap/WIN-DC-01","src_ip":"10.10.10.231","dest_host":"WIN-DC-01","ticket_options":"0x40810000","ticket_encryption_type":"0x12","message":"A Kerberos service ticket was requested."}
{"timestamp":"2026-09-08T14:00:58Z","host":"WIN-DC-01","source":"WinEventLog:Security","sourcetype":"WinEventLog:Security","index":"windows","EventCode":4769,"event_id":4769,"log_name":"Security","computer":"WIN-DC-01.corp.local","provider_name":"Microsoft-Windows-Security-Auditing","level":"Information","record_id":102055,"scenario":"Normal Kerberos Service Ticket","attack_phase":"None","mitre_technique":"None","severity":"low","is_suspicious":false,"target_user":"lwilson","target_domain":"CORP","service_name":"ldap/WIN-DC-01","src_ip":"10.10.10.217","dest_host":"WIN-DC-01","ticket_options":"0x40810000","ticket_encryption_type":"0x12","message":"A Kerberos service ticket was requested."}
{"timestamp":"2026-09-08T14:03:08Z","host":"WIN-DC-02","source":"WinEventLog:Security","sourcetype":"WinEventLog:Security","index":"windows","EventCode":4769,"event_id":4769,"log_name":"Security","computer":"WIN-DC-02.corp.local","provider_name":"Microsoft-Windows-Security-Auditing","level":"Information","record_id":102056,"scenario":"Normal Kerberos Service Ticket","attack_phase":"None","mitre_technique":"None","severity":"low","is_suspicious":false,"target_user":"tnguyen","target_domain":"CORP","service_name":"ldap/WIN-DC-01","src_ip":"10.10.10.15","dest_host":"WIN-DC-02","ticket_options":"0x40810000","ticket_encryption_type":"0x12","message":"A Kerberos service ticket was requested."}
{"timestamp":"2026-09-08T14:05:33Z","host":"WIN-DC-01","source":"WinEventLog:Security","sourcetype":"WinEventLog:Security","index":"windows","EventCode":4769,"event_id":4769,"log_name":"Security","computer":"WIN-DC-01.corp.local","provider_name":"Microsoft-Windows-Security-Auditing","level":"Information","record_id":102057,"scenario":"Normal Kerberos Service Ticket","attack_phase":"None","mitre_technique":"None","severity":"low","is_suspicious":false,"target_user":"agarcia","target_domain":"CORP","service_name":"ldap/WIN-DC-01","src_ip":"10.10.10.7","dest_host":"WIN-DC-01","ticket_options":"0x40810000","ticket_encryption_type":"0x12","message":"A Kerberos service ticket was requested."}
{"timestamp":"2026-09-08T14:06:30Z","host":"WIN-DC-02","source":"WinEventLog:Security","sourcetype":"WinEventLog:Security","index":"windows","EventCode":4769,"event_id":4769,"log_name":"Security","computer":"WIN-DC-02.corp.local","provider_name":"Microsoft-Windows-Security-Auditing","level":"Information","record_id":102058,"scenario":"Normal Kerberos Service Ticket","attack_phase":"None","mitre_technique":"None","severity":"low","is_suspicious":false,"target_user":"agarcia","target_domain":"CORP","service_name":"ldap/WIN-DC-01","src_ip":"10.10.10.33","dest_host":"WIN-DC-02","ticket_options":"0x40810000","ticket_encryption_type":"0x12","message":"A Kerberos service ticket was requested."}
{"timestamp":"2026-09-08T14:07:29Z","host":"WIN-DC-02","source":"WinEventLog:Security","sourcetype":"WinEventLog:Security","index":"windows","EventCode":4769,"event_id":4769,"log_name":"Security","computer":"WIN-DC-02.corp.local","provider_name":"Microsoft-Windows-Security-Auditing","level":"Information","record_id":102059,"scenario":"Normal Kerberos Service Ticket","attack_phase":"None","mitre_technique":"None","severity":"low","is_suspicious":false,"target_user":"mchen","target_domain":"CORP","service_name":"http/WIN-SRV-01","src_ip":"10.10.10.231","dest_host":"WIN-DC-02","ticket_options":"0x40810000","ticket_encryption_type":"0x12","message":"A Kerberos service ticket was requested."}
{"timestamp":"2026-09-08T14:09:06Z","host":"WIN-DC-01","source":"WinEventLog:Security","sourcetype":"WinEventLog:Security","index":"windows","EventCode":4769,"event_id":4769,"log_name":"Security","computer":"WIN-DC-01.corp.local","provider_name":"Microsoft-Windows-Security-Auditing","level":"Information","record_id":102060,"scenario":"Normal Kerberos Service Ticket","attack_phase":"None","mitre_technique":"None","severity":"low","is_suspicious":false,"target_user":"agarcia","target_domain":"CORP","service_name":"http/WIN-SRV-01","src_ip":"10.10.10.218","dest_host":"WIN-DC-01","ticket_options":"0x40810000","ticket_encryption_type":"0x12","message":"A Kerberos service ticket was requested."}
{"timestamp":"2026-09-08T14:12:16Z","host":"WIN-DC-02","source":"WinEventLog:Security","sourcetype":"WinEventLog:Security","index":"windows","EventCode":4769,"event_id":4769,"log_name":"Security","computer":"WIN-DC-02.corp.local","provider_name":"Microsoft-Windows-Security-Auditing","level":"Information","record_id":102061,"scenario":"Normal Kerberos Service Ticket","attack_phase":"None","mitre_technique":"None","severity":"low","is_suspicious":false,"target_user":"rpatel","target_domain":"CORP","service_name":"cifs/WIN-FILE-01","src_ip":"10.10.10.127","dest_host":"WIN-DC-02","ticket_options":"0x40810000","ticket_encryption_type":"0x12","message":"A Kerberos service ticket was requested."}
{"timestamp":"2026-09-08T14:12:32Z","host":"WIN-DC-01","source":"WinEventLog:Security","sourcetype":"WinEventLog:Security","index":"windows","EventCode":4769,"event_id":4769,"log_name":"Security","computer":"WIN-DC-01.corp.local","provider_name":"Microsoft-Windows-Security-Auditing","level":"Information","record_id":102062,"scenario":"Normal Kerberos Service Ticket","attack_phase":"None","mitre_technique":"None","severity":"low","is_suspicious":false,"target_user":"tnguyen","target_domain":"CORP","service_name":"http/WIN-SRV-01","src_ip":"10.10.10.247","dest_host":"WIN-DC-01","ticket_options":"0x40810000","ticket_encryption_type":"0x12","message":"A Kerberos service ticket was requested."}
{"timestamp":"2026-09-08T14:13:16Z","host":"WIN-DC-02","source":"WinEventLog:Security","sourcetype":"WinEventLog:Security","index":"windows","EventCode":4769,"event_id":4769,"log_name":"Security","computer":"WIN-DC-02.corp.local","provider_name":"Microsoft-Windows-Security-Auditing","level":"Information","record_id":102063,"scenario":"Normal Kerberos Service Ticket","attack_phase":"None","mitre_technique":"None","severity":"low","is_suspicious":false,"target_user":"rpatel","target_domain":"CORP","service_name":"http/WIN-SRV-01","src_ip":"10.10.10.229","dest_host":"WIN-DC-02","ticket_options":"0x40810000","ticket_encryption_type":"0x12","message":"A Kerberos service ticket was requested."}
{"timestamp":"2026-09-08T14:16:01Z","host":"WIN-DC-01","source":"WinEventLog:Security","sourcetype":"WinEventLog:Security","index":"windows","EventCode":4769,"event_id":4769,"log_name":"Security","computer":"WIN-DC-01.corp.local","provider_name":"Microsoft-Windows-Security-Auditing","level":"Information","record_id":102064,"scenario":"Normal Kerberos Service Ticket","attack_phase":"None","mitre_technique":"None","severity":"low","is_suspicious":false,"target_user":"dohara","target_domain":"CORP","service_name":"cifs/WIN-FILE-01","src_ip":"10.10.10.78","dest_host":"WIN-DC-01","ticket_options":"0x40810000","ticket_encryption_type":"0x12","message":"A Kerberos service ticket was requested."}
{"timestamp":"2026-09-08T14:16:11Z","host":"WIN-DC-01","source":"WinEventLog:Security","sourcetype":"WinEventLog:Security","index":"windows","EventCode":4769,"event_id":4769,"log_name":"Security","computer":"WIN-DC-01.corp.local","provider_name":"Microsoft-Windows-Security-Auditing","level":"Information","record_id":102065,"scenario":"Normal Kerberos Service Ticket","attack_phase":"None","mitre_technique":"None","severity":"low","is_suspicious":false,"target_user":"mchen","target_domain":"CORP","service_name":"cifs/WIN-FILE-01","src_ip":"10.10.10.89","dest_host":"WIN-DC-01","ticket_options":"0x40810000","ticket_encryption_type":"0x12","message":"A Kerberos service ticket was requested."}
{"timestamp":"2026-09-08T14:19:13Z","host":"WIN-DC-01","source":"WinEventLog:Security","sourcetype":"WinEventLog:Security","index":"windows","EventCode":4769,"event_id":4769,"log_name":"Security","computer":"WIN-DC-01.corp.local","provider_name":"Microsoft-Windows-Security-Auditing","level":"Information","record_id":102066,"scenario":"Normal Kerberos Service Ticket","attack_phase":"None","mitre_technique":"None","severity":"low","is_suspicious":false,"target_user":"dohara","target_domain":"CORP","service_name":"cifs/WIN-FILE-01","src_ip":"10.10.10.135","dest_host":"WIN-DC-01","ticket_options":"0x40810000","ticket_encryption_type":"0x12","message":"A Kerberos service ticket was requested."}
{"timestamp":"2026-09-08T14:21:28Z","host":"WIN-DC-01","source":"WinEventLog:Security","sourcetype":"WinEventLog:Security","index":"windows","EventCode":4769,"event_id":4769,"log_name":"Security","computer":"WIN-DC-01.corp.local","provider_name":"Microsoft-Windows-Security-Auditing","level":"Information","record_id":102067,"scenario":"Normal Kerberos Service Ticket","attack_phase":"None","mitre_technique":"None","severity":"low","is_suspicious":false,"target_user":"agarcia","target_domain":"CORP","service_name":"ldap/WIN-DC-01","src_ip":"10.10.10.9","dest_host":"WIN-DC-01","ticket_options":"0x40810000","ticket_encryption_type":"0x12","message":"A Kerberos service ticket was requested."}
{"timestamp":"2026-09-08T14:26:07Z","host":"WIN-DC-01","source":"WinEventLog:Security","sourcetype":"WinEventLog:Security","index":"windows","EventCode":4769,"event_id":4769,"log_name":"Security","computer":"WIN-DC-01.corp.local","provider_name":"Microsoft-Windows-Security-Auditing","level":"Information","record_id":102068,"scenario":"Normal Kerberos Service Ticket","attack_phase":"None","mitre_technique":"None","severity":"low","is_suspicious":false,"target_user":"jsmith","target_domain":"CORP","service_name":"cifs/WIN-FILE-01","src_ip":"10.10.10.223","dest_host":"WIN-DC-01","ticket_options":"0x40810000","ticket_encryption_type":"0x12","message":"A Kerberos service ticket was requested."}
{"timestamp":"2026-09-08T14:29:18Z","host":"WIN-DC-01","source":"WinEventLog:Security","sourcetype":"WinEventLog:Security","index":"windows","EventCode":4769,"event_id":4769,"log_name":"Security","computer":"WIN-DC-01.corp.local","provider_name":"Microsoft-Windows-Security-Auditing","level":"Information","record_id":102069,"scenario":"Normal Kerberos Service Ticket","attack_phase":"None","mitre_technique":"None","severity":"low","is_suspicious":false,"target_user":"agarcia","target_domain":"CORP","service_name":"cifs/WIN-FILE-01","src_ip":"10.10.10.85","dest_host":"WIN-DC-01","ticket_options":"0x40810000","ticket_encryption_type":"0x12","message":"A Kerberos service ticket was requested."}
{"timestamp":"2026-09-08T14:30:33Z","host":"WIN-DC-01","source":"WinEventLog:Security","sourcetype":"WinEventLog:Security","index":"windows","EventCode":4769,"event_id":4769,"log_name":"Security","computer":"WIN-DC-01.corp.local","provider_name":"Microsoft-Windows-Security-Auditing","level":"Information","record_id":102070,"scenario":"Normal Kerberos Service Ticket","attack_phase":"None","mitre_technique":"None","severity":"low","is_suspicious":false,"target_user":"rpatel","target_domain":"CORP","service_name":"ldap/WIN-DC-01","src_ip":"10.10.10.179","dest_host":"WIN-DC-01","ticket_options":"0x40810000","ticket_encryption_type":"0x12","message":"A Kerberos service ticket was requested."}
{"timestamp":"2026-09-08T14:31:42Z","host":"WIN-DC-02","source":"WinEventLog:Security","sourcetype":"WinEventLog:Security","index":"windows","EventCode":4769,"event_id":4769,"log_name":"Security","computer":"WIN-DC-02.corp.local","provider_name":"Microsoft-Windows-Security-Auditing","level":"Information","record_id":102071,"scenario":"Normal Kerberos Service Ticket","attack_phase":"None","mitre_technique":"None","severity":"low","is_suspicious":false,"target_user":"lwilson","target_domain":"CORP","service_name":"http/WIN-SRV-01","src_ip":"10.10.10.53","dest_host":"WIN-DC-02","ticket_options":"0x40810000","ticket_encryption_type":"0x12","message":"A Kerberos service ticket was requested."}
{"timestamp":"2026-09-08T14:32:34Z","host":"WIN-DC-02","source":"WinEventLog:Security","sourcetype":"WinEventLog:Security","index":"windows","EventCode":4769,"event_id":4769,"log_name":"Security","computer":"WIN-DC-02.corp.local","provider_name":"Microsoft-Windows-Security-Auditing","level":"Information","record_id":102072,"scenario":"Normal Kerberos Service Ticket","attack_phase":"None","mitre_technique":"None","severity":"low","is_suspicious":false,"target_user":"kwright","target_domain":"CORP","service_name":"http/WIN-SRV-01","src_ip":"10.10.10.192","dest_host":"WIN-DC-02","ticket_options":"0x40810000","ticket_encryption_type":"0x12","message":"A Kerberos service ticket was requested."}
{"timestamp":"2026-09-08T14:36:52Z","host":"WIN-DC-02","source":"WinEventLog:Security","sourcetype":"WinEventLog:Security","index":"windows","EventCode":4769,"event_id":4769,"log_name":"Security","computer":"WIN-DC-02.corp.local","provider_name":"Microsoft-Windows-Security-Auditing","level":"Information","record_id":102073,"scenario":"Normal Kerberos Service Ticket","attack_phase":"None","mitre_technique":"None","severity":"low","is_suspicious":false,"target_user":"tnguyen","target_domain":"CORP","service_name":"cifs/WIN-FILE-01","src_ip":"10.10.10.66","dest_host":"WIN-DC-02","ticket_options":"0x40810000","ticket_encryption_type":"0x12","message":"A Kerberos service ticket was requested."}
{"timestamp":"2026-09-08T14:38:25Z","host":"WIN-DC-02","source":"WinEventLog:Security","sourcetype":"WinEventLog:Security","index":"windows","EventCode":4769,"event_id":4769,"log_name":"Security","computer":"WIN-DC-02.corp.local","provider_name":"Microsoft-Windows-Security-Auditing","level":"Information","record_id":102074,"scenario":"Normal Kerberos Service Ticket","attack_phase":"None","mitre_technique":"None","severity":"low","is_suspicious":false,"target_user":"rpatel","target_domain":"CORP","service_name":"http/WIN-SRV-01","src_ip":"10.10.10.28","dest_host":"WIN-DC-02","ticket_options":"0x40810000","ticket_encryption_type":"0x12","message":"A Kerberos service ticket was requested."}
{"timestamp":"2026-09-08T14:41:09Z","host":"WIN-DC-01","source":"WinEventLog:Security","sourcetype":"WinEventLog:Security","index":"windows","EventCode":4769,"event_id":4769,"log_name":"Security","computer":"WIN-DC-01.corp.local","provider_name":"Microsoft-Windows-Security-Auditing","level":"Information","record_id":102075,"scenario":"Normal Kerberos Service Ticket","attack_phase":"None","mitre_technique":"None","severity":"low","is_suspicious":false,"target_user":"mchen","target_domain":"CORP","service_name":"ldap/WIN-DC-01","src_ip":"10.10.10.126","dest_host":"WIN-DC-01","ticket_options":"0x40810000","ticket_encryption_type":"0x12","message":"A Kerberos service ticket was requested."}
