{"timestamp":"2026-09-06T18:37:48Z","host":"WIN-SRV-01","source":"WinEventLog:Security","sourcetype":"WinEventLog:Security","index":"windows","EventCode":4648,"event_id":4648,"log_name":"Security","computer":"WIN-SRV-01.corp.local","provider_name":"Microsoft-Windows-Security-Auditing","level":"Information","record_id":101364,"scenario":"Normal Explicit Credential Use","attack_phase":"None","mitre_technique":"None","severity":"low","is_suspicious":false,"subject_user":"jsmith","subject_domain":"CORP","target_user":"svc_sql","target_domain":"CORP","src_ip":"10.10.10.171","dest_host":"WIN-SRV-01","process_name":"C:\\Windows\\System32\\mmc.exe","process_id":"0x1a2c","message":"A logon was attempted using explicit credentials."}
{"timestamp":"2026-09-06T18:48:06Z","host":"WIN-SRV-01","source":"WinEventLog:Security","sourcetype":"WinEventLog:Security","index":"windows","EventCode":4648,"event_id":4648,"log_name":"Security","computer":"WIN-SRV-01.corp.local","provider_name":"Microsoft-Windows-Security-Auditing","level":"Information","record_id":101365,"scenario":"Normal Explicit Credential Use","attack_phase":"None","mitre_technique":"None","severity":"low","is_suspicious":false,"subject_user":"sbrooks","subject_domain":"CORP","target_user":"svc_web","target_domain":"CORP","src_ip":"10.10.10.77","dest_host":"WIN-SRV-02","process_name":"C:\\Windows\\System32\\mmc.exe","process_id":"0x1a2c","message":"A logon was attempted using explicit credentials."}
{"timestamp":"2026-09-06T18:55:27Z","host":"WIN-CLIENT-04","source":"WinEventLog:Security","sourcetype":"WinEventLog:Security","index":"windows","EventCode":4648,"event_id":4648,"log_name":"Security","computer":"WIN-CLIENT-04.corp.local","provider_name":"Microsoft-Windows-Security-Auditing","level":"Information","record_id":101366,"scenario":"Normal Explicit Credential Use","attack_phase":"None","mitre_technique":"None","severity":"low","is_suspicious":false,"subject_user":"sbrooks","subject_domain":"CORP","target_user":"svc_web","target_domain":"CORP","src_ip":"10.10.10.225","dest_host":"WIN-SRV-02","process_name":"C:\\Windows\\System32\\mmc.exe","process_id":"0x1a2c","message":"A logon was attempted using explicit credentials."}
{"timestamp":"2026-09-06T19:08:15Z","host":"WIN-CLIENT-04","source":"WinEventLog:Security","sourcetype":"WinEventLog:Security","index":"windows","EventCode":4648,"event_id":4648,"log_name":"Security","computer":"WIN-CLIENT-04.corp.local","provider_name":"Microsoft-Windows-Security-Auditing","level":"Information","record_id":101367,"scenario":"Normal Explicit Credential Use","attack_phase":"None","mitre_technique":"None","severity":"low","is_suspicious":false,"subject_user":"kwright","subject_domain":"CORP","target_user":"svc_sql","target_domain":"CORP","src_ip":"10.10.10.4","dest_host":"WIN-SRV-02","process_name":"C:\\Windows\\System32\\mmc.exe","process_id":"0x1a2c","message":"A logon was attempted using explicit credentials."}
{"timestamp":"2026-09-06T19:17:45Z","host":"WIN-CLIENT-03","source":"WinEventLog:Security","sourcetype":"WinEventLog:Security","index":"windows","EventCode":4648,"event_id":4648,"log_name":"Security","computer":"WIN-CLIENT-03.corp.local","provider_name":"Microsoft-Windows-Security-Auditing","level":"Information","record_id":101368,"scenario":"Normal Explicit Credential Use","attack_phase":"None","mitre_technique":"None","severity":"low","is_suspicious":false,"subject_user":"tnguyen","subject_domain":"CORP","target_user":"svc_backup","target_domain":"CORP","src_ip":"10.10.10.116","dest_host":"WIN-SRV-01","process_name":"C:\\Windows\\System32\\mmc.exe","process_id":"0x1a2c","message":"A logon was attempted using explicit credentials."}
{"timestamp":"2026-09-06T19:27:32Z","host":"WIN-CLIENT-03","source":"WinEventLog:Security","sourcetype":"WinEventLog:Security","index":"windows","EventCode":4648,"event_id":4648,"log_name":"Security","computer":"WIN-CLIENT-03.corp.local","provider_name":"Microsoft-Windows-Security-Auditing","level":"Information","record_id":101369,"scenario":"Normal Explicit Credential Use","attack_phase":"None","mitre_technique":"None","severity":"low","is_suspicious":false,"subject_user":"dohara","subject_domain":"CORP","target_user":"svc_web","target_domain":"CORP","src_ip":"10.10.10.180","dest_host":"WIN-SRV-02","process_name":"C:\\Windows\\System32\\mmc.exe","process_id":"0x1a2c","message":"A logon was attempted using explicit credentials."}
{"timestamp":"2026-09-06T19:41:53Z","host":"WIN-CLIENT-05","source":"WinEventLog:Security","sourcetype":"WinEventLog:Security","index":"windows","EventCode":4648,"event_id":4648,"log_name":"Security","computer":"WIN-CLIENT-05.corp.local","provider_name":"Microsoft-Windows-Security-Auditing","level":"Information","record_id":101370,"scenario":"Normal Explicit Credential Use","attack_phase":"None","mitre_technique":"None","severity":"low","is_suspicious":false,"subject_user":"tnguyen","subject_domain":"CORP","target_user":"svc_web","target_domain":"CORP","src_ip":"10.10.10.200","dest_host":"WIN-SRV-01","process_name":"C:\\Windows\\System32\\mmc.exe","process_id":"0x1a2c","message":"A logon was attempted using explicit credentials."}
{"timestamp":"2026-09-06T19:47:31Z","host":"WIN-SRV-01","source":"WinEventLog:Security","sourcetype":"WinEventLog:Security","index":"windows","EventCode":4648,"event_id":4648,"log_name":"Security","computer":"WIN-SRV-01.corp.local","provider_name":"Microsoft-Windows-Security-Auditing","level":"Information","record_id":101371,"scenario":"Normal Explicit Credential Use","attack_phase":"None","mitre_technique":"None","severity":"low","is_suspicious":false,"subject_user":"sbrooks","subject_domain":"CORP","target_user":"svc_backup","target_domain":"CORP","src_ip":"10.10.10.87","dest_host":"WIN-SRV-02","process_name":"C:\\Windows\\System32\\mmc.exe","process_id":"0x1a2c","message":"A logon was attempted using explicit credentials."}
{"timestamp":"2026-09-06T20:00:23Z","host":"WIN-CLIENT-04","source":"WinEventLog:Security","sourcetype":"WinEventLog:Security","index":"windows","EventCode":4648,"event_id":4648,"log_name":"Security","computer":"WIN-CLIENT-04.corp.local","provider_name":"Microsoft-Windows-Security-Auditing","level":"Information","record_id":101372,"scenario":"Normal Explicit Credential Use","attack_phase":"None","mitre_technique":"None","severity":"low","is_suspicious":false,"subject_user":"mchen","subject_domain":"CORP","target_user":"svc_web","target_domain":"CORP","src_ip":"10.10.10.135","dest_host":"WIN-SRV-02","process_name":"C:\\Windows\\System32\\mmc.exe","process_id":"0x1a2c","message":"A logon was attempted using explicit credentials."}
{"timestamp":"2026-09-06T20:04:31Z","host":"WIN-SRV-01","source":"WinEventLog:Security","sourcetype":"WinEventLog:Security","index":"windows","EventCode":4648,"event_id":4648,"log_name":"Security","computer":"WIN-SRV-01.corp.local","provider_name":"Microsoft-Windows-Security-Auditing","level":"Information","record_id":101373,"scenario":"Normal Explicit Credential Use","attack_phase":"None","mitre_technique":"None","severity":"low","is_suspicious":false,"subject_user":"sbrooks","subject_domain":"CORP","target_user":"svc_web","target_domain":"CORP","src_ip":"10.10.10.81","dest_host":"WIN-SRV-02","process_name":"C:\\Windows\\System32\\mmc.exe","process_id":"0x1a2c","message":"A logon was attempted using explicit credentials."}
{"timestamp":"2026-09-06T20:17:56Z","host":"WIN-CLIENT-04","source":"WinEventLog:Security","sourcetype":"WinEventLog:Security","index":"windows","EventCode":4648,"event_id":4648,"log_name":"Security","computer":"WIN-CLIENT-04.corp.local","provider_name":"Microsoft-Windows-Security-Auditing","level":"Information","record_id":101374,"scenario":"Normal Explicit Credential Use","attack_phase":"None","mitre_technique":"None","severity":"low","is_suspicious":false,"subject_user":"jsmith","subject_domain":"CORP","target_user":"svc_backup","target_domain":"CORP","src_ip":"10.10.10.9","dest_host":"WIN-SRV-02","process_name":"C:\\Windows\\System32\\mmc.exe","process_id":"0x1a2c","message":"A logon was attempted using explicit credentials."}
{"timestamp":"2026-09-06T20:22:33Z","host":"WIN-CLIENT-05","source":"WinEventLog:Security","sourcetype":"WinEventLog:Security","index":"windows","EventCode":4648,"event_id":4648,"log_name":"Security","computer":"WIN-CLIENT-05.corp.local","provider_name":"Microsoft-Windows-Security-Auditing","level":"Information","record_id":101375,"scenario":"Normal Explicit Credential Use","attack_phase":"None","mitre_technique":"None","severity":"low","is_suspicious":false,"subject_user":"tnguyen","subject_domain":"CORP","target_user":"svc_sql","target_domain":"CORP","src_ip":"10.10.10.131","dest_host":"WIN-SRV-01","process_name":"C:\\Windows\\System32\\mmc.exe","process_id":"0x1a2c","message":"A logon was attempted using explicit credentials."}
{"timestamp":"2026-09-06T20:35:32Z","host":"WIN-SRV-01","source":"WinEventLog:Security","sourcetype":"WinEventLog:Security","index":"windows","EventCode":4648,"event_id":4648,"log_name":"Security","computer":"WIN-SRV-01.corp.local","provider_name":"Microsoft-Windows-Security-Auditing","level":"Information","record_id":101376,"scenario":"Normal Explicit Credential Use","attack_phase":"None","mitre_technique":"None","severity":"low","is_suspicious":false,"subject_user":"lwilson","subject_domain":"CORP","target_user":"svc_sql","target_domain":"CORP","src_ip":"10.10.10.162","dest_host":"WIN-SRV-02","process_name":"C:\\Windows\\System32\\mmc.exe","process_id":"0x1a2c","message":"A logon was attempted using explicit credentials."}
{"timestamp":"2026-09-06T20:38:08Z","host":"WIN-SRV-01","source":"WinEventLog:Security","sourcetype":"WinEventLog:Security","index":"windows","EventCode":4648,"event_id":4648,"log_name":"Security","computer":"WIN-SRV-01.corp.local","provider_name":"Microsoft-Windows-Security-Auditing","level":"Information","record_id":101377,"scenario":"Normal Explicit Credential Use","attack_phase":"None","mitre_technique":"None","severity":"low","is_suspicious":false,"subject_user":"agarcia","subject_domain":"CORP","target_user":"svc_web","target_domain":"CORP","src_ip":"10.10.10.116","dest_host":"WIN-SRV-02","process_name":"C:\\Windows\\System32\\mmc.exe","process_id":"0x1a2c","message":"A logon was attempted using explicit credentials."}
{"timestamp":"2026-09-06T20:48:24Z","host":"WIN-CLIENT-04","source":"WinEventLog:Security","sourcetype":"WinEventLog:Security","index":"windows","EventCode":4648,"event_id":4648,"log_name":"Security","computer":"WIN-CLIENT-04.corp.local","provider_name":"Microsoft-Windows-Security-Auditing","level":"Information","record_id":101378,"scenario":"Normal Explicit Credential Use","attack_phase":"None","mitre_technique":"None","severity":"low","is_suspicious":false,"subject_user":"dohara","subject_domain":"CORP","target_user":"svc_backup","target_domain":"CORP","src_ip":"10.10.10.88","dest_host":"WIN-SRV-01","process_name":"C:\\Windows\\System32\\mmc.exe","process_id":"0x1a2c","message":"A logon was attempted using explicit credentials."}
{"timestamp":"2026-09-06T21:02:38Z","host":"WIN-CLIENT-04","source":"WinEventLog:Security","sourcetype":"WinEventLog:Security","index":"windows","EventCode":4648,"event_id":4648,"log_name":"Security","computer":"WIN-CLIENT-04.corp.local","provider_name":"Microsoft-Windows-Security-Auditing","level":"Information","record_id":101379,"scenario":"Normal Explicit Credential Use","attack_phase":"None","mitre_technique":"None","severity":"low","is_suspicious":false,"subject_user":"cwalker","subject_domain":"CORP","target_user":"svc_web","target_domain":"CORP","src_ip":"10.10.10.184","dest_host":"WIN-SRV-01","process_name":"C:\\Windows\\System32\\mmc.exe","process_id":"0x1a2c","message":"A logon was attempted using explicit credentials."}
{"timestamp":"2026-09-06T21:09:06Z","host":"WIN-CLIENT-01","source":"WinEventLog:Security","sourcetype":"WinEventLog:Security","index":"windows","EventCode":4648,"event_id":4648,"log_name":"Security","computer":"WIN-CLIENT-01.corp.local","provider_name":"Microsoft-Windows-Security-Auditing","level":"Information","record_id":101380,"scenario":"Normal Explicit Credential Use","attack_phase":"None","mitre_technique":"None","severity":"low","is_suspicious":false,"subject_user":"cwalker","subject_domain":"CORP","target_user":"svc_sql","target_domain":"CORP","src_ip":"10.10.10.174","dest_host":"WIN-SRV-01","process_name":"C:\\Windows\\System32\\mmc.exe","process_id":"0x1a2c","message":"A logon was attempted using explicit credentials."}
{"timestamp":"2026-09-06T21:21:47Z","host":"WIN-CLIENT-02","source":"WinEventLog:Security","sourcetype":"WinEventLog:Security","index":"windows","EventCode":4648,"event_id":4648,"log_name":"Security","computer":"WIN-CLIENT-02.corp.local","provider_name":"Microsoft-Windows-Security-Auditing","level":"Information","record_id":101381,"scenario":"Normal Explicit Credential Use","attack_phase":"None","mitre_technique":"None","severity":"low","is_suspicious":false,"subject_user":"rpatel","subject_domain":"CORP","target_user":"svc_web","target_domain":"CORP","src_ip":"10.10.10.28","dest_host":"WIN-SRV-02","process_name":"C:\\Windows\\System32\\mmc.exe","process_id":"0x1a2c","message":"A logon was attempted using explicit credentials."}
{"timestamp":"2026-09-06T21:31:05Z","host":"WIN-CLIENT-03","source":"WinEventLog:Security","sourcetype":"WinEventLog:Security","index":"windows","EventCode":4648,"event_id":4648,"log_name":"Security","computer":"WIN-CLIENT-03.corp.local","provider_name":"Microsoft-Windows-Security-Auditing","level":"Information","record_id":101382,"scenario":"Normal Explicit Credential Use","attack_phase":"None","mitre_technique":"None","severity":"low","is_suspicious":false,"subject_user":"kwright","subject_domain":"CORP","target_user":"svc_backup","target_domain":"CORP","src_ip":"10.10.10.118","dest_host":"WIN-SRV-01","process_name":"C:\\Windows\\System32\\mmc.exe","process_id":"0x1a2c","message":"A logon was attempted using explicit credentials."}
{"timestamp":"2026-09-06T21:34:05Z","host":"WIN-CLIENT-04","source":"WinEventLog:Security","sourcetype":"WinEventLog:Security","index":"windows","EventCode":4648,"event_id":4648,"log_name":"Security","computer":"WIN-CLIENT-04.corp.local","provider_name":"Microsoft-Windows-Security-Auditing","level":"Information","record_id":101383,"scenario":"Normal Explicit Credential Use","attack_phase":"None","mitre_technique":"None","severity":"low","is_suspicious":false,"subject_user":"tnguyen","subject_domain":"CORP","target_user":"svc_sql","target_domain":"CORP","src_ip":"10.10.10.22","dest_host":"WIN-SRV-01","process_name":"C:\\Windows\\System32\\mmc.exe","process_id":"0x1a2c","message":"A logon was attempted using explicit credentials."}
{"timestamp":"2026-09-06T21:35:38Z","host":"WIN-CLIENT-02","source":"WinEventLog:Security","sourcetype":"WinEventLog:Security","index":"windows","EventCode":4648,"event_id":4648,"log_name":"Security","computer":"WIN-CLIENT-02.corp.local","provider_name":"Microsoft-Windows-Security-Auditing","level":"Information","record_id":101384,"scenario":"Normal Explicit Credential Use","attack_phase":"None","mitre_technique":"None","severity":"low","is_suspicious":false,"subject_user":"dohara","subject_domain":"CORP","target_user":"svc_backup","target_domain":"CORP","src_ip":"10.10.10.56","dest_host":"WIN-SRV-02","process_name":"C:\\Windows\\System32\\mmc.exe","process_id":"0x1a2c","message":"A logon was attempted using explicit credentials."}
{"timestamp":"2026-09-06T21:37:27Z","host":"WIN-CLIENT-01","source":"WinEventLog:Security","sourcetype":"WinEventLog:Security","index":"windows","EventCode":4648,"event_id":4648,"log_name":"Security","computer":"WIN-CLIENT-01.corp.local","provider_name":"Microsoft-Windows-Security-Auditing","level":"Information","record_id":101385,"scenario":"Normal Explicit Credential Use","attack_phase":"None","mitre_technique":"None","severity":"low","is_suspicious":false,"subject_user":"sbrooks","subject_domain":"CORP","target_user":"svc_web","target_domain":"CORP","src_ip":"10.10.10.105","dest_host":"WIN-SRV-02","process_name":"C:\\Windows\\System32\\mmc.exe","process_id":"0x1a2c","message":"A logon was attempted using explicit credentials."}
{"timestamp":"2026-09-06T21:42:27Z","host":"WIN-CLIENT-03","source":"WinEventLog:Security","sourcetype":"WinEventLog:Security","index":"windows","EventCode":4648,"event_id":4648,"log_name":"Security","computer":"WIN-CLIENT-03.corp.local","provider_name":"Microsoft-Windows-Security-Auditing","level":"Information","record_id":101386,"scenario":"Normal Explicit Credential Use","attack_phase":"None","mitre_technique":"None","severity":"low","is_suspicious":false,"subject_user":"tnguyen","subject_domain":"CORP","target_user":"svc_sql","target_domain":"CORP","src_ip":"10.10.10.114","dest_host":"WIN-SRV-02","process_name":"C:\\Windows\\System32\\mmc.exe","process_id":"0x1a2c","message":"A logon was attempted using explicit credentials."}
{"timestamp":"2026-09-06T21:55:26Z","host":"WIN-CLIENT-02","source":"WinEventLog:Security","sourcetype":"WinEventLog:Security","index":"windows","EventCode":4648,"event_id":4648,"log_name":"Security","computer":"WIN-CLIENT-02.corp.local","provider_name":"Microsoft-Windows-Security-Auditing","level":"Information","record_id":101387,"scenario":"Normal Explicit Credential Use","attack_phase":"None","mitre_technique":"None","severity":"low","is_suspicious":false,"subject_user":"mchen","subject_domain":"CORP","target_user":"svc_backup","target_domain":"CORP","src_ip":"10.10.10.131","dest_host":"WIN-SRV-01","process_name":"C:\\Windows\\System32\\mmc.exe","process_id":"0x1a2c","message":"A logon was attempted using explicit credentials."}
{"timestamp":"2026-09-06T22:04:12Z","host":"WIN-CLIENT-04","source":"WinEventLog:Security","sourcetype":"WinEventLog:Security","index":"windows","EventCode":4648,"event_id":4648,"log_name":"Security","computer":"WIN-CLIENT-04.corp.local","provider_name":"Microsoft-Windows-Security-Auditing","level":"Information","record_id":101388,"scenario":"Normal Explicit Credential Use","attack_phase":"None","mitre_technique":"None","severity":"low","is_suspicious":false,"subject_user":"mchen","subject_domain":"CORP","target_user":"svc_sql","target_domain":"CORP","src_ip":"10.10.10.249","dest_host":"WIN-SRV-01","process_name":"C:\\Windows\\System32\\mmc.exe","process_id":"0x1a2c","message":"A logon was attempted using explicit credentials."}
{"timestamp":"2026-09-06T22:16:33Z","host":"WIN-SRV-02","source":"WinEventLog:Security","sourcetype":"WinEventLog:Security","index":"windows","EventCode":4648,"event_id":4648,"log_name":"Security","computer":"WIN-SRV-02.corp.local","provider_name":"Microsoft-Windows-Security-Auditing","level":"Information","record_id":101389,"scenario":"Normal Explicit Credential Use","attack_phase":"None","mitre_technique":"None","severity":"low","is_suspicious":false,"subject_user":"dohara","subject_domain":"CORP","target_user":"svc_sql","target_domain":"CORP","src_ip":"10.10.10.10","dest_host":"WIN-SRV-01","process_name":"C:\\Windows\\System32\\mmc.exe","process_id":"0x1a2c","message":"A logon was attempted using explicit credentials."}
{"timestamp":"2026-09-06T22:26:35Z","host":"WIN-CLIENT-01","source":"WinEventLog:Security","sourcetype":"WinEventLog:Security","index":"windows","EventCode":4648,"event_id":4648,"log_name":"Security","computer":"WIN-CLIENT-01.corp.local","provider_name":"Microsoft-Windows-Security-Auditing","level":"Information","record_id":101390,"scenario":"Normal Explicit Credential Use","attack_phase":"None","mitre_technique":"None","severity":"low","is_suspicious":false,"subject_user":"cwalker","subject_domain":"CORP","target_user":"svc_backup","target_domain":"CORP","src_ip":"10.10.10.220","dest_host":"WIN-SRV-02","process_name":"C:\\Windows\\System32\\mmc.exe","process_id":"0x1a2c","message":"A logon was attempted using explicit credentials."}
{"timestamp":"2026-09-06T22:28:57Z","host":"WIN-SRV-01","source":"WinEventLog:Security","sourcetype":"WinEventLog:Security","index":"windows","EventCode":4648,"event_id":4648,"log_name":"Security","computer":"WIN-SRV-01.corp.local","provider_name":"Microsoft-Windows-Security-Auditing","level":"Information","record_id":101391,"scenario":"Normal Explicit Credential Use","attack_phase":"None","mitre_technique":"None","severity":"low","is_suspicious":false,"subject_user":"cwalker","subject_domain":"CORP","target_user":"svc_sql","target_domain":"CORP","src_ip":"10.10.10.76","dest_host":"WIN-SRV-01","process_name":"C:\\Windows\\System32\\mmc.exe","process_id":"0x1a2c","message":"A logon was attempted using explicit credentials."}
{"timestamp":"2026-09-06T22:38:22Z","host":"WIN-SRV-02","source":"WinEventLog:Security","sourcetype":"WinEventLog:Security","index":"windows","EventCode":4648,"event_id":4648,"log_name":"Security","computer":"WIN-SRV-02.corp.local","provider_name":"Microsoft-Windows-Security-Auditing","level":"Information","record_id":101392,"scenario":"Normal Explicit Credential Use","attack_phase":"None","mitre_technique":"None","severity":"low","is_suspicious":false,"subject_user":"kwright","subject_domain":"CORP","target_user":"svc_backup","target_domain":"CORP","src_ip":"10.10.10.80","dest_host":"WIN-SRV-02","process_name":"C:\\Windows\\System32\\mmc.exe","process_id":"0x1a2c","message":"A logon was attempted using explicit credentials."}
{"timestamp":"2026-09-06T22:44:02Z","host":"WIN-CLIENT-01","source":"WinEventLog:Security","sourcetype":"WinEventLog:Security","index":"windows","EventCode":4648,"event_id":4648,"log_name":"Security","computer":"WIN-CLIENT-01.corp.local","provider_name":"Microsoft-Windows-Security-Auditing","level":"Information","record_id":101393,"scenario":"Normal Explicit Credential Use","attack_phase":"None","mitre_technique":"None","severity":"low","is_suspicious":false,"subject_user":"jsmith","subject_domain":"CORP","target_user":"svc_sql","target_domain":"CORP","src_ip":"10.10.10.204","dest_host":"WIN-SRV-01","process_name":"C:\\Windows\\System32\\mmc.exe","process_id":"0x1a2c","message":"A logon was attempted using explicit credentials."}
{"timestamp":"2026-09-06T22:46:57Z","host":"WIN-CLIENT-05","source":"WinEventLog:Security","sourcetype":"WinEventLog:Security","index":"windows","EventCode":4648,"event_id":4648,"log_name":"Security","computer":"WIN-CLIENT-05.corp.local","provider_name":"Microsoft-Windows-Security-Auditing","level":"Information","record_id":101394,"scenario":"Normal Explicit Credential Use","attack_phase":"None","mitre_technique":"None","severity":"low","is_suspicious":false,"subject_user":"tnguyen","subject_domain":"CORP","target_user":"svc_web","target_domain":"CORP","src_ip":"10.10.10.14","dest_host":"WIN-SRV-02","process_name":"C:\\Windows\\System32\\mmc.exe","process_id":"0x1a2c","message":"A logon was attempted using explicit credentials."}
{"timestamp":"2026-09-06T22:52:17Z","host":"WIN-SRV-02","source":"WinEventLog:Security","sourcetype":"WinEventLog:Security","index":"windows","EventCode":4648,"event_id":4648,"log_name":"Security","computer":"WIN-SRV-02.corp.local","provider_name":"Microsoft-Windows-Security-Auditing","level":"Information","record_id":101395,"scenario":"Normal Explicit Credential Use","attack_phase":"None","mitre_technique":"None","severity":"low","is_suspicious":false,"subject_user":"dohara","subject_domain":"CORP","target_user":"svc_backup","target_domain":"CORP","src_ip":"10.10.10.2","dest_host":"WIN-SRV-01","process_name":"C:\\Windows\\System32\\mmc.exe","process_id":"0x1a2c","message":"A logon was attempted using explicit credentials."}
{"timestamp":"2026-09-06T23:02:07Z","host":"WIN-CLIENT-01","source":"WinEventLog:Security","sourcetype":"WinEventLog:Security","index":"windows","EventCode":4648,"event_id":4648,"log_name":"Security","computer":"WIN-CLIENT-01.corp.local","provider_name":"Microsoft-Windows-Security-Auditing","level":"Information","record_id":101396,"scenario":"Normal Explicit Credential Use","attack_phase":"None","mitre_technique":"None","severity":"low","is_suspicious":false,"subject_user":"jsmith","subject_domain":"CORP","target_user":"svc_backup","target_domain":"CORP","src_ip":"10.10.10.108","dest_host":"WIN-SRV-02","process_name":"C:\\Windows\\System32\\mmc.exe","process_id":"0x1a2c","message":"A logon was attempted using explicit credentials."}
{"timestamp":"2026-09-06T23:12:23Z","host":"WIN-CLIENT-01","source":"WinEventLog:Security","sourcetype":"WinEventLog:Security","index":"windows","EventCode":4648,"event_id":4648,"log_name":"Security","computer":"WIN-CLIENT-01.corp.local","provider_name":"Microsoft-Windows-Security-Auditing","level":"Information","record_id":101397,"scenario":"Normal Explicit Credential Use","attack_phase":"None","mitre_technique":"None","severity":"low","is_suspicious":false,"subject_user":"dohara","subject_domain":"CORP","target_user":"svc_web","target_domain":"CORP","src_ip":"10.10.10.232","dest_host":"WIN-SRV-02","process_name":"C:\\Windows\\System32\\mmc.exe","process_id":"0x1a2c","message":"A logon was attempted using explicit credentials."}
{"timestamp":"2026-09-06T23:26:13Z","host":"WIN-CLIENT-02","source":"WinEventLog:Security","sourcetype":"WinEventLog:Security","index":"windows","EventCode":4648,"event_id":4648,"log_name":"Security","computer":"WIN-CLIENT-02.corp.local","provider_name":"Microsoft-Windows-Security-Auditing","level":"Information","record_id":101398,"scenario":"Normal Explicit Credential Use","attack_phase":"None","mitre_technique":"None","severity":"low","is_suspicious":false,"subject_user":"cwalker","subject_domain":"CORP","target_user":"svc_sql","target_domain":"CORP","src_ip":"10.10.10.35","dest_host":"WIN-SRV-01","process_name":"C:\\Windows\\System32\\mmc.exe","process_id":"0x1a2c","message":"A logon was attempted using explicit credentials."}
{"timestamp":"2026-09-06T23:35:19Z","host":"WIN-CLIENT-04","source":"WinEventLog:Security","sourcetype":"WinEventLog:Security","index":"windows","EventCode":4648,"event_id":4648,"log_name":"Security","computer":"WIN-CLIENT-04.corp.local","provider_name":"Microsoft-Windows-Security-Auditing","level":"Information","record_id":101399,"scenario":"Normal Explicit Credential Use","attack_phase":"None","mitre_technique":"None","severity":"low","is_suspicious":false,"subject_user":"dohara","subject_domain":"CORP","target_user":"svc_sql","target_domain":"CORP","src_ip":"10.10.10.172","dest_host":"WIN-SRV-02","process_name":"C:\\Windows\\System32\\mmc.exe","process_id":"0x1a2c","message":"A logon was attempted using explicit credentials."}
{"timestamp":"2026-09-06T23:38:21Z","host":"WIN-CLIENT-05","source":"WinEventLog:Security","sourcetype":"WinEventLog:Security","index":"windows","EventCode":4648,"event_id":4648,"log_name":"Security","computer":"WIN-CLIENT-05.corp.local","provider_name":"Microsoft-Windows-Security-Auditing","level":"Information","record_id":101400,"scenario":"Normal Explicit Credential Use","attack_phase":"None","mitre_technique":"None","severity":"low","is_suspicious":false,"subject_user":"kwright","subject_domain":"CORP","target_user":"svc_web","target_domain":"CORP","src_ip":"10.10.10.24","dest_host":"WIN-SRV-02","process_name":"C:\\Windows\\System32\\mmc.exe","process_id":"0x1a2c","message":"A logon was attempted using explicit credentials."}
{"timestamp":"2026-09-06T23:45:27Z","host":"WIN-SRV-02","source":"WinEventLog:Security","sourcetype":"WinEventLog:Security","index":"windows","EventCode":4672,"event_id":4672,"log_name":"Security","computer":"WIN-SRV-02.corp.local","provider_name":"Microsoft-Windows-Security-Auditing","level":"Information","record_id":101401,"scenario":"Normal Privileged Logon","attack_phase":"None","mitre_technique":"None","severity":"low","is_suspicious":false,"subject_user":"svc_backup","subject_domain":"CORP","src_ip":"10.10.10.88","dest_host":"WIN-SRV-02","privileges":"SeSecurityPrivilege, SeBackupPrivilege, SeRestorePrivilege","message":"Special privileges assigned to new logon."}
{"timestamp":"2026-09-06T23:55:10Z","host":"WIN-SRV-01","source":"WinEventLog:Security","sourcetype":"WinEventLog:Security","index":"windows","EventCode":4672,"event_id":4672,"log_name":"Security","computer":"WIN-SRV-01.corp.local","provider_name":"Microsoft-Windows-Security-Auditing","level":"Information","record_id":101402,"scenario":"Normal Privileged Logon","attack_phase":"None","mitre_technique":"None","severity":"low","is_suspicious":false,"subject_user":"svc_web","subject_domain":"CORP","src_ip":"10.10.10.229","dest_host":"WIN-SRV-01","privileges":"SeSecurityPrivilege, SeBackupPrivilege, SeRestorePrivilege","message":"Special privileges assigned to new logon."}
{"timestamp":"2026-09-07T00:03:13Z","host":"WIN-DC-01","source":"WinEventLog:Security","sourcetype":"WinEventLog:Security","index":"windows","EventCode":4672,"event_id":4672,"log_name":"Security","computer":"WIN-DC-01.corp.local","provider_name":"Microsoft-Windows-Security-Auditing","level":"Information","record_id":101403,"scenario":"Normal Privileged Logon","attack_phase":"None","mitre_technique":"None","severity":"low","is_suspicious":false,"subject_user":"svc_web","subject_domain":"CORP","src_ip":"10.10.10.24","dest_host":"WIN-DC-01","privileges":"SeSecurityPrivilege, SeBackupPrivilege, SeRestorePrivilege","message":"Special privileges assigned to new logon."}
{"timestamp":"2026-09-07T00:06:32Z","host":"WIN-SRV-01","source":"WinEventLog:Security","sourcetype":"WinEventLog:Security","index":"windows","EventCode":4672,"event_id":4672,"log_name":"Security","computer":"WIN-SRV-01.corp.local","provider_name":"Microsoft-Windows-Security-Auditing","level":"Information","record_id":101404,"scenario":"Normal Privileged Logon","attack_phase":"None","mitre_technique":"None","severity":"low","is_suspicious":false,"subject_user":"svc_sql","subject_domain":"CORP","src_ip":"10.10.10.163","dest_host":"WIN-SRV-01","privileges":"SeSecurityPrivilege, SeBackupPrivilege, SeRestorePrivilege","message":"Special privileges assigned to new logon."}
{"timestamp":"2026-09-07T00:20:37Z","host":"WIN-DC-01","source":"WinEventLog:Security","sourcetype":"WinEventLog:Security","index":"windows","EventCode":4672,"event_id":4672,"log_name":"Security","computer":"WIN-DC-01.corp.local","provider_name":"Microsoft-Windows-Security-Auditing","level":"Information","record_id":101405,"scenario":"Normal Privileged Logon","attack_phase":"None","mitre_technique":"None","severity":"low","is_suspicious":false,"subject_user":"svc_sql","subject_domain":"CORP","src_ip":"10.10.10.167","dest_host":"WIN-DC-01","privileges":"SeSecurityPrivilege, SeBackupPrivilege, SeRestorePrivilege","message":"Special privileges assigned to new logon."}
{"timestamp":"2026-09-07T00:23:13Z","host":"WIN-SRV-01","source":"WinEventLog:Security","sourcetype":"WinEventLog:Security","index":"windows","EventCode":4672,"event_id":4672,"log_name":"Security","computer":"WIN-SRV-01.corp.local","provider_name":"Microsoft-Windows-Security-Auditing","level":"Information","record_id":101406,"scenario":"Normal Privileged Logon","attack_phase":"None","mitre_technique":"None","severity":"low","is_suspicious":false,"subject_user":"j.admin","subject_domain":"CORP","src_ip":"10.10.10.246","dest_host":"WIN-SRV-01","privileges":"SeSecurityPrivilege, SeBackupPrivilege, SeRestorePrivilege","message":"Special privileges assigned to new logon."}
{"timestamp":"2026-09-07T00:34:16Z","host":"WIN-SRV-01","source":"WinEventLog:Security","sourcetype":"WinEventLog:Security","index":"windows","EventCode":4672,"event_id":4672,"log_name":"Security","computer":"WIN-SRV-01.corp.local","provider_name":"Microsoft-Windows-Security-Auditing","level":"Information","record_id":101407,"scenario":"Normal Privileged Logon","attack_phase":"None","mitre_technique":"None","severity":"low","is_suspicious":false,"subject_user":"svc_sql","subject_domain":"CORP","src_ip":"10.10.10.135","dest_host":"WIN-SRV-01","privileges":"SeSecurityPrivilege, SeBackupPrivilege, SeRestorePrivilege","message":"Special privileges assigned to new logon."}
{"timestamp":"2026-09-07T00:37:59Z","host":"WIN-DC-02","source":"WinEventLog:Security","sourcetype":"WinEventLog:Security","index":"windows","EventCode":4672,"event_id":4672,"log_name":"Security","computer":"WIN-DC-02.corp.local","provider_name":"Microsoft-Windows-Security-Auditing","level":"Information","record_id":101408,"scenario":"Normal Privileged Logon","attack_phase":"None","mitre_technique":"None","severity":"low","is_suspicious":false,"subject_user":"svc_sql","subject_domain":"CORP","src_ip":"10.10.10.231","dest_host":"WIN-DC-02","privileges":"SeSecurityPrivilege, SeBackupPrivilege, SeRestorePrivilege","message":"Special privileges assigned to new logon."}
{"timestamp":"2026-09-07T00:38:48Z","host":"WIN-SRV-01","source":"WinEventLog:Security","sourcetype":"WinEventLog:Security","index":"windows","EventCode":4672,"event_id":4672,"log_name":"Security","computer":"WIN-SRV-01.corp.local","provider_name":"Microsoft-Windows-Security-Auditing","level":"Information","record_id":101409,"scenario":"Normal Privileged Logon","attack_phase":"None","mitre_technique":"None","severity":"low","is_suspicious":false,"subject_user":"svc_web","subject_domain":"CORP","src_ip":"10.10.10.241","dest_host":"WIN-SRV-01","privileges":"SeSecurityPrivilege, SeBackupPrivilege, SeRestorePrivilege","message":"Special privileges assigned to new logon."}
{"timestamp":"2026-09-07T00:48:22Z","host":"WIN-SRV-02","source":"WinEventLog:Security","sourcetype":"WinEventLog:Security","index":"windows","EventCode":4672,"event_id":4672,"log_name":"Security","computer":"WIN-SRV-02.corp.local","provider_name":"Microsoft-Windows-Security-Auditing","level":"Information","record_id":101410,"scenario":"Normal Privileged Logon","attack_phase":"None","mitre_technique":"None","severity":"low","is_suspicious":false,"subject_user":"administrator","subject_domain":"CORP","src_ip":"10.10.10.72","dest_host":"WIN-SRV-02","privileges":"SeSecurityPrivilege, SeBackupPrivilege, SeRestorePrivilege","message":"Special privileges assigned to new logon."}
{"timestamp":"2026-09-07T01:02:17Z","host":"WIN-SRV-02","source":"WinEventLog:Security","sourcetype":"WinEventLog:Security","index":"windows","EventCode":4672,"event_id":4672,"log_name":"Security","computer":"WIN-SRV-02.corp.local","provider_name":"Microsoft-Windows-Security-Auditing","level":"Information","record_id":101411,"scenario":"Normal Privileged Logon","attack_phase":"None","mitre_technique":"None","severity":"low","is_suspicious":false,"subject_user":"j.admin","subject_domain":"CORP","src_ip":"10.10.10.214","dest_host":"WIN-SRV-02","privileges":"SeSecurityPrivilege, SeBackupPrivilege, SeRestorePrivilege","message":"Special privileges assigned to new logon."}
{"timestamp":"2026-09-07T01:14:49Z","host":"WIN-DC-02","source":"WinEventLog:Security","sourcetype":"WinEventLog:Security","index":"windows","EventCode":4672,"event_id":4672,"log_name":"Security","computer":"WIN-DC-02.corp.local","provider_name":"Microsoft-Windows-Security-Auditing","level":"Information","record_id":101412,"scenario":"Normal Privileged Logon","attack_phase":"None","mitre_technique":"None","severity":"low","is_suspicious":false,"subject_user":"administrator","subject_domain":"CORP","src_ip":"10.10.10.208","dest_host":"WIN-DC-02","privileges":"SeSecurityPrivilege, SeBackupPrivilege, SeRestorePrivilege","message":"Special privileges assigned to new logon."}
{"timestamp":"2026-09-07T01:24:25Z","host":"WIN-DC-01","source":"WinEventLog:Security","sourcetype":"WinEventLog:Security","index":"windows","EventCode":4672,"event_id":4672,"log_name":"Security","computer":"WIN-DC-01.corp.local","provider_name":"Microsoft-Windows-Security-Auditing","level":"Information","record_id":101413,"scenario":"Normal Privileged Logon","attack_phase":"None","mitre_technique":"None","severity":"low","is_suspicious":false,"subject_user":"svc_backup","subject_domain":"CORP","src_ip":"10.10.10.152","dest_host":"WIN-DC-01","privileges":"SeSecurityPrivilege, SeBackupPrivilege, SeRestorePrivilege","message":"Special privileges assigned to new logon."}
{"timestamp":"2026-09-07T01:25:41Z","host":"WIN-DC-02","source":"WinEventLog:Security","sourcetype":"WinEventLog:Security","index":"windows","EventCode":4672,"event_id":4672,"log_name":"Security","computer":"WIN-DC-02.corp.local","provider_name":"Microsoft-Windows-Security-Auditing","level":"Information","record_id":101414,"scenario":"Normal Privileged Logon","attack_phase":"None","mitre_technique":"None","severity":"low","is_suspicious":false,"subject_user":"administrator","subject_domain":"CORP","src_ip":"10.10.10.89","dest_host":"WIN-DC-02","privileges":"SeSecurityPrivilege, SeBackupPrivilege, SeRestorePrivilege","message":"Special privileges assigned to new logon."}
{"timestamp":"2026-09-07T01:33:38Z","host":"WIN-SRV-02","source":"WinEventLog:Security","sourcetype":"WinEventLog:Security","index":"windows","EventCode":4672,"event_id":4672,"log_name":"Security","computer":"WIN-SRV-02.corp.local","provider_name":"Microsoft-Windows-Security-Auditing","level":"Information","record_id":101415,"scenario":"Normal Privileged Logon","attack_phase":"None","mitre_technique":"None","severity":"low","is_suspicious":false,"subject_user":"svc_backup","subject_domain":"CORP","src_ip":"10.10.10.8","dest_host":"WIN-SRV-02","privileges":"SeSecurityPrivilege, SeBackupPrivilege, SeRestorePrivilege","message":"Special privileges assigned to new logon."}
{"timestamp":"2026-09-07T01:43:08Z","host":"WIN-DC-01","source":"WinEventLog:Security","sourcetype":"WinEventLog:Security","index":"windows","EventCode":4672,"event_id":4672,"log_name":"Security","computer":"WIN-DC-01.corp.local","provider_name":"Microsoft-Windows-Security-Auditing","level":"Information","record_id":101416,"scenario":"Normal Privileged Logon","attack_phase":"None","mitre_technique":"None","severity":"low","is_suspicious":false,"subject_user":"svc_backup","subject_domain":"CORP","src_ip":"10.10.10.67","dest_host":"WIN-DC-01","privileges":"SeSecurityPrivilege, SeBackupPrivilege, SeRestorePrivilege","message":"Special privileges assigned to new logon."}
{"timestamp":"2026-09-07T01:45:11Z","host":"WIN-SRV-01","source":"WinEventLog:Security","sourcetype":"WinEventLog:Security","index":"windows","EventCode":4672,"event_id":4672,"log_name":"Security","computer":"WIN-SRV-01.corp.local","provider_name":"Microsoft-Windows-Security-Auditing","level":"Information","record_id":101417,"scenario":"Normal Privileged Logon","attack_phase":"None","mitre_technique":"None","severity":"low","is_suspicious":false,"subject_user":"administrator","subject_domain":"CORP","src_ip":"10.10.10.140","dest_host":"WIN-SRV-01","privileges":"SeSecurityPrivilege, SeBackupPrivilege, SeRestorePrivilege","message":"Special privileges assigned to new logon."}
{"timestamp":"2026-09-07T01:48:33Z","host":"WIN-DC-01","source":"WinEventLog:Security","sourcetype":"WinEventLog:Security","index":"windows","EventCode":4672,"event_id":4672,"log_name":"Security","computer":"WIN-DC-01.corp.local","provider_name":"Microsoft-Windows-Security-Auditing","level":"Information","record_id":101418,"scenario":"Normal Privileged Logon","attack_phase":"None","mitre_technique":"None","severity":"low","is_suspicious":false,"subject_user":"j.admin","subject_domain":"CORP","src_ip":"10.10.10.48","dest_host":"WIN-DC-01","privileges":"SeSecurityPrivilege, SeBackupPrivilege, SeRestorePrivilege","message":"Special privileges assigned to new logon."}
{"timestamp":"2026-09-07T01:53:24Z","host":"WIN-SRV-01","source":"WinEventLog:Security","sourcetype":"WinEventLog:Security","index":"windows","EventCode":4672,"event_id":4672,"log_name":"Security","computer":"WIN-SRV-01.corp.local","provider_name":"Microsoft-Windows-Security-Auditing","level":"Information","record_id":101419,"scenario":"Normal Privileged Logon","attack_phase":"None","mitre_technique":"None","severity":"low","is_suspicious":false,"subject_user":"j.admin","subject_domain":"CORP","src_ip":"10.10.10.80","dest_host":"WIN-SRV-01","privileges":"SeSecurityPrivilege, SeBackupPrivilege, SeRestorePrivilege","message":"Special privileges assigned to new logon."}
{"timestamp":"2026-09-07T02:00:51Z","host":"WIN-SRV-02","source":"WinEventLog:Security","sourcetype":"WinEventLog:Security","index":"windows","EventCode":4672,"event_id":4672,"log_name":"Security","computer":"WIN-SRV-02.corp.local","provider_name":"Microsoft-Windows-Security-Auditing","level":"Information","record_id":101420,"scenario":"Normal Privileged Logon","attack_phase":"None","mitre_technique":"None","severity":"low","is_suspicious":false,"subject_user":"administrator","subject_domain":"CORP","src_ip":"10.10.10.159","dest_host":"WIN-SRV-02","privileges":"SeSecurityPrivilege, SeBackupPrivilege, SeRestorePrivilege","message":"Special privileges assigned to new logon."}
{"timestamp":"2026-09-07T02:06:54Z","host":"WIN-SRV-02","source":"WinEventLog:Security","sourcetype":"WinEventLog:Security","index":"windows","EventCode":4672,"event_id":4672,"log_name":"Security","computer":"WIN-SRV-02.corp.local","provider_name":"Microsoft-Windows-Security-Auditing","level":"Information","record_id":101421,"scenario":"Normal Privileged Logon","attack_phase":"None","mitre_technique":"None","severity":"low","is_suspicious":false,"subject_user":"administrator","subject_domain":"CORP","src_ip":"10.10.10.184","dest_host":"WIN-SRV-02","privileges":"SeSecurityPrivilege, SeBackupPrivilege, SeRestorePrivilege","message":"Special privileges assigned to new logon."}
{"timestamp":"2026-09-07T02:08:23Z","host":"WIN-DC-01","source":"WinEventLog:Security","sourcetype":"WinEventLog:Security","index":"windows","EventCode":4672,"event_id":4672,"log_name":"Security","computer":"WIN-DC-01.corp.local","provider_name":"Microsoft-Windows-Security-Auditing","level":"Information","record_id":101422,"scenario":"Normal Privileged Logon","attack_phase":"None","mitre_technique":"None","severity":"low","is_suspicious":false,"subject_user":"svc_backup","subject_domain":"CORP","src_ip":"10.10.10.27","dest_host":"WIN-DC-01","privileges":"SeSecurityPrivilege, SeBackupPrivilege, SeRestorePrivilege","message":"Special privileges assigned to new logon."}
{"timestamp":"2026-09-07T02:14:20Z","host":"WIN-SRV-02","source":"WinEventLog:Security","sourcetype":"WinEventLog:Security","index":"windows","EventCode":4672,"event_id":4672,"log_name":"Security","computer":"WIN-SRV-02.corp.local","provider_name":"Microsoft-Windows-Security-Auditing","level":"Information","record_id":101423,"scenario":"Normal Privileged Logon","attack_phase":"None","mitre_technique":"None","severity":"low","is_suspicious":false,"subject_user":"svc_backup","subject_domain":"CORP","src_ip":"10.10.10.230","dest_host":"WIN-SRV-02","privileges":"SeSecurityPrivilege, SeBackupPrivilege, SeRestorePrivilege","message":"Special privileges assigned to new logon."}
{"timestamp":"2026-09-07T02:20:21Z","host":"WIN-DC-01","source":"WinEventLog:Security","sourcetype":"WinEventLog:Security","index":"windows","EventCode":4672,"event_id":4672,"log_name":"Security","computer":"WIN-DC-01.corp.local","provider_name":"Microsoft-Windows-Security-Auditing","level":"Information","record_id":101424,"scenario":"Normal Privileged Logon","attack_phase":"None","mitre_technique":"None","severity":"low","is_suspicious":false,"subject_user":"svc_backup","subject_domain":"CORP","src_ip":"10.10.10.243","dest_host":"WIN-DC-01","privileges":"SeSecurityPrivilege, SeBackupPrivilege, SeRestorePrivilege","message":"Special privileges assigned to new logon."}
{"timestamp":"2026-09-07T02:34:58Z","host":"WIN-SRV-01","source":"WinEventLog:Security","sourcetype":"WinEventLog:Security","index":"windows","EventCode":4672,"event_id":4672,"log_name":"Security","computer":"WIN-SRV-01.corp.local","provider_name":"Microsoft-Windows-Security-Auditing","level":"Information","record_id":101425,"scenario":"Normal Privileged Logon","attack_phase":"None","mitre_technique":"None","severity":"low","is_suspicious":false,"subject_user":"administrator","subject_domain":"CORP","src_ip":"10.10.10.53","dest_host":"WIN-SRV-01","privileges":"SeSecurityPrivilege, SeBackupPrivilege, SeRestorePrivilege","message":"Special privileges assigned to new logon."}
{"timestamp":"2026-09-07T02:39:33Z","host":"WIN-SRV-02","source":"WinEventLog:Security","sourcetype":"WinEventLog:Security","index":"windows","EventCode":4672,"event_id":4672,"log_name":"Security","computer":"WIN-SRV-02.corp.local","provider_name":"Microsoft-Windows-Security-Auditing","level":"Information","record_id":101426,"scenario":"Normal Privileged Logon","attack_phase":"None","mitre_technique":"None","severity":"low","is_suspicious":false,"subject_user":"svc_backup","subject_domain":"CORP","src_ip":"10.10.10.132","dest_host":"WIN-SRV-02","privileges":"SeSecurityPrivilege, SeBackupPrivilege, SeRestorePrivilege","message":"Special privileges assigned to new logon."}
{"timestamp":"2026-09-07T02:52:53Z","host":"WIN-DC-02","source":"WinEventLog:Security","sourcetype":"WinEventLog:Security","index":"windows","EventCode":4672,"event_id":4672,"log_name":"Security","computer":"WIN-DC-02.corp.local","provider_name":"Microsoft-Windows-Security-Auditing","level":"Information","record_id":101427,"scenario":"Normal Privileged Logon","attack_phase":"None","mitre_technique":"None","severity":"low","is_suspicious":false,"subject_user":"administrator","subject_domain":"CORP","src_ip":"10.10.10.70","dest_host":"WIN-DC-02","privileges":"SeSecurityPrivilege, SeBackupPrivilege, SeRestorePrivilege","message":"Special privileges assigned to new logon."}
{"timestamp":"2026-09-07T02:54:25Z","host":"WIN-DC-01","source":"WinEventLog:Security","sourcetype":"WinEventLog:Security","index":"windows","EventCode":4672,"event_id":4672,"log_name":"Security","computer":"WIN-DC-01.corp.local","provider_name":"Microsoft-Windows-Security-Auditing","level":"Information","record_id":101428,"scenario":"Normal Privileged Logon","attack_phase":"None","mitre_technique":"None","severity":"low","is_suspicious":false,"subject_user":"svc_backup","subject_domain":"CORP","src_ip":"10.10.10.143","dest_host":"WIN-DC-01","privileges":"SeSecurityPrivilege, SeBackupPrivilege, SeRestorePrivilege","message":"Special privileges assigned to new logon."}
{"timestamp":"2026-09-07T03:01:51Z","host":"WIN-SRV-01","source":"WinEventLog:Security","sourcetype":"WinEventLog:Security","index":"windows","EventCode":4672,"event_id":4672,"log_name":"Security","computer":"WIN-SRV-01.corp.local","provider_name":"Microsoft-Windows-Security-Auditing","level":"Information","record_id":101429,"scenario":"Normal Privileged Logon","attack_phase":"None","mitre_technique":"None","severity":"low","is_suspicious":false,"subject_user":"svc_backup","subject_domain":"CORP","src_ip":"10.10.10.9","dest_host":"WIN-SRV-01","privileges":"SeSecurityPrivilege, SeBackupPrivilege, SeRestorePrivilege","message":"Special privileges assigned to new logon."}
{"timestamp":"2026-09-07T03:09:18Z","host":"WIN-SRV-02","source":"WinEventLog:Security","sourcetype":"WinEventLog:Security","index":"windows","EventCode":4672,"event_id":4672,"log_name":"Security","computer":"WIN-SRV-02.corp.local","provider_name":"Microsoft-Windows-Security-Auditing","level":"Information","record_id":101430,"scenario":"Normal Privileged Logon","attack_phase":"None","mitre_technique":"None","severity":"low","is_suspicious":false,"subject_user":"administrator","subject_domain":"CORP","src_ip":"10.10.10.70","dest_host":"WIN-SRV-02","privileges":"SeSecurityPrivilege, SeBackupPrivilege, SeRestorePrivilege","message":"Special privileges assigned to new logon."}
{"timestamp":"2026-09-07T03:19:15Z","host":"WIN-SRV-01","source":"WinEventLog:Security","sourcetype":"WinEventLog:Security","index":"windows","EventCode":4672,"event_id":4672,"log_name":"Security","computer":"WIN-SRV-01.corp.local","provider_name":"Microsoft-Windows-Security-Auditing","level":"Information","record_id":101431,"scenario":"Normal Privileged Logon","attack_phase":"None","mitre_technique":"None","severity":"low","is_suspicious":false,"subject_user":"j.admin","subject_domain":"CORP","src_ip":"10.10.10.197","dest_host":"WIN-SRV-01","privileges":"SeSecurityPrivilege, SeBackupPrivilege, SeRestorePrivilege","message":"Special privileges assigned to new logon."}
{"timestamp":"2026-09-07T03:29:13Z","host":"WIN-SRV-02","source":"WinEventLog:Security","sourcetype":"WinEventLog:Security","index":"windows","EventCode":4672,"event_id":4672,"log_name":"Security","computer":"WIN-SRV-02.corp.local","provider_name":"Microsoft-Windows-Security-Auditing","level":"Information","record_id":101432,"scenario":"Normal Privileged Logon","attack_phase":"None","mitre_technique":"None","severity":"low","is_suspicious":false,"subject_user":"s.domadmin","subject_domain":"CORP","src_ip":"10.10.10.147","dest_host":"WIN-SRV-02","privileges":"SeSecurityPrivilege, SeBackupPrivilege, SeRestorePrivilege","message":"Special privileges assigned to new logon."}
{"timestamp":"2026-09-07T03:36:39Z","host":"WIN-DC-02","source":"WinEventLog:Security","sourcetype":"WinEventLog:Security","index":"windows","EventCode":4672,"event_id":4672,"log_name":"Security","computer":"WIN-DC-02.corp.local","provider_name":"Microsoft-Windows-Security-Auditing","level":"Information","record_id":101433,"scenario":"Normal Privileged Logon","attack_phase":"None","mitre_technique":"None","severity":"low","is_suspicious":false,"subject_user":"administrator","subject_domain":"CORP","src_ip":"10.10.10.218","dest_host":"WIN-DC-02","privileges":"SeSecurityPrivilege, SeBackupPrivilege, SeRestorePrivilege","message":"Special privileges assigned to new logon."}
