{"timestamp":"2026-09-08T21:10:32Z","host":"WIN-DC-01","source":"WinEventLog:Security","sourcetype":"WinEventLog:Security","index":"windows","EventCode":4776,"event_id":4776,"log_name":"Security","computer":"WIN-DC-01.corp.local","provider_name":"Microsoft-Windows-Security-Auditing","level":"Information","record_id":102228,"scenario":"Normal NTLM Validation","attack_phase":"None","mitre_technique":"None","severity":"low","is_suspicious":false,"target_user":"cwalker","dest_host":"WIN-DC-01","authentication_package":"NTLM","error_code":"0x0","message":"The domain controller attempted to validate the credentials for an account."}
{"timestamp":"2026-09-08T21:15:03Z","host":"WIN-DC-01","source":"WinEventLog:Security","sourcetype":"WinEventLog:Security","index":"windows","EventCode":4776,"event_id":4776,"log_name":"Security","computer":"WIN-DC-01.corp.local","provider_name":"Microsoft-Windows-Security-Auditing","level":"Information","record_id":102229,"scenario":"Normal NTLM Validation","attack_phase":"None","mitre_technique":"None","severity":"low","is_suspicious":false,"target_user":"agarcia","dest_host":"WIN-DC-01","authentication_package":"NTLM","error_code":"0x0","message":"The domain controller attempted to validate the credentials for an account."}
{"timestamp":"2026-09-08T21:16:52Z","host":"WIN-DC-02","source":"WinEventLog:Security","sourcetype":"WinEventLog:Security","index":"windows","EventCode":4776,"event_id":4776,"log_name":"Security","computer":"WIN-DC-02.corp.local","provider_name":"Microsoft-Windows-Security-Auditing","level":"Information","record_id":102230,"scenario":"Normal NTLM Validation","attack_phase":"None","mitre_technique":"None","severity":"low","is_suspicious":false,"target_user":"agarcia","dest_host":"WIN-DC-02","authentication_package":"NTLM","error_code":"0x0","message":"The domain controller attempted to validate the credentials for an account."}
{"timestamp":"2026-09-08T21:17:09Z","host":"WIN-DC-02","source":"WinEventLog:Security","sourcetype":"WinEventLog:Security","index":"windows","EventCode":4776,"event_id":4776,"log_name":"Security","computer":"WIN-DC-02.corp.local","provider_name":"Microsoft-Windows-Security-Auditing","level":"Information","record_id":102231,"scenario":"Normal NTLM Validation","attack_phase":"None","mitre_technique":"None","severity":"low","is_suspicious":false,"target_user":"sbrooks","dest_host":"WIN-DC-02","authentication_package":"NTLM","error_code":"0x0","message":"The domain controller attempted to validate the credentials for an account."}
{"timestamp":"2026-09-08T21:20:34Z","host":"WIN-DC-01","source":"WinEventLog:Security","sourcetype":"WinEventLog:Security","index":"windows","EventCode":4776,"event_id":4776,"log_name":"Security","computer":"WIN-DC-01.corp.local","provider_name":"Microsoft-Windows-Security-Auditing","level":"Information","record_id":102232,"scenario":"Normal NTLM Validation","attack_phase":"None","mitre_technique":"None","severity":"low","is_suspicious":false,"target_user":"jsmith","dest_host":"WIN-DC-01","authentication_package":"NTLM","error_code":"0x0","message":"The domain controller attempted to validate the credentials for an account."}
{"timestamp":"2026-09-08T21:23:12Z","host":"WIN-DC-02","source":"WinEventLog:Security","sourcetype":"WinEventLog:Security","index":"windows","EventCode":4776,"event_id":4776,"log_name":"Security","computer":"WIN-DC-02.corp.local","provider_name":"Microsoft-Windows-Security-Auditing","level":"Information","record_id":102233,"scenario":"Normal NTLM Validation","attack_phase":"None","mitre_technique":"None","severity":"low","is_suspicious":false,"target_user":"tnguyen","dest_host":"WIN-DC-02","authentication_package":"NTLM","error_code":"0x0","message":"The domain controller attempted to validate the credentials for an account."}
{"timestamp":"2026-09-08T21:24:51Z","host":"WIN-DC-02","source":"WinEventLog:Security","sourcetype":"WinEventLog:Security","index":"windows","EventCode":4776,"event_id":4776,"log_name":"Security","computer":"WIN-DC-02.corp.local","provider_name":"Microsoft-Windows-Security-Auditing","level":"Information","record_id":102234,"scenario":"Normal NTLM Validation","attack_phase":"None","mitre_technique":"None","severity":"low","is_suspicious":false,"target_user":"rpatel","dest_host":"WIN-DC-02","authentication_package":"NTLM","error_code":"0x0","message":"The domain controller attempted to validate the credentials for an account."}
{"timestamp":"2026-09-08T21:28:40Z","host":"WIN-DC-01","source":"WinEventLog:Security","sourcetype":"WinEventLog:Security","index":"windows","EventCode":4776,"event_id":4776,"log_name":"Security","computer":"WIN-DC-01.corp.local","provider_name":"Microsoft-Windows-Security-Auditing","level":"Information","record_id":102235,"scenario":"Normal NTLM Validation","attack_phase":"None","mitre_technique":"None","severity":"low","is_suspicious":false,"target_user":"cwalker","dest_host":"WIN-DC-01","authentication_package":"NTLM","error_code":"0x0","message":"The domain controller attempted to validate the credentials for an account."}
{"timestamp":"2026-09-08T21:32:26Z","host":"WIN-DC-01","source":"WinEventLog:Security","sourcetype":"WinEventLog:Security","index":"windows","EventCode":4776,"event_id":4776,"log_name":"Security","computer":"WIN-DC-01.corp.local","provider_name":"Microsoft-Windows-Security-Auditing","level":"Information","record_id":102236,"scenario":"Normal NTLM Validation","attack_phase":"None","mitre_technique":"None","severity":"low","is_suspicious":false,"target_user":"mchen","dest_host":"WIN-DC-01","authentication_package":"NTLM","error_code":"0x0","message":"The domain controller attempted to validate the credentials for an account."}
{"timestamp":"2026-09-08T21:34:05Z","host":"WIN-DC-01","source":"WinEventLog:Security","sourcetype":"WinEventLog:Security","index":"windows","EventCode":4776,"event_id":4776,"log_name":"Security","computer":"WIN-DC-01.corp.local","provider_name":"Microsoft-Windows-Security-Auditing","level":"Information","record_id":102237,"scenario":"Normal NTLM Validation","attack_phase":"None","mitre_technique":"None","severity":"low","is_suspicious":false,"target_user":"mchen","dest_host":"WIN-DC-01","authentication_package":"NTLM","error_code":"0x0","message":"The domain controller attempted to validate the credentials for an account."}
{"timestamp":"2026-09-08T21:35:37Z","host":"WIN-DC-01","source":"WinEventLog:Security","sourcetype":"WinEventLog:Security","index":"windows","EventCode":4776,"event_id":4776,"log_name":"Security","computer":"WIN-DC-01.corp.local","provider_name":"Microsoft-Windows-Security-Auditing","level":"Information","record_id":102238,"scenario":"Normal NTLM Validation","attack_phase":"None","mitre_technique":"None","severity":"low","is_suspicious":false,"target_user":"sbrooks","dest_host":"WIN-DC-01","authentication_package":"NTLM","error_code":"0x0","message":"The domain controller attempted to validate the credentials for an account."}
{"timestamp":"2026-09-08T21:39:45Z","host":"WIN-DC-02","source":"WinEventLog:Security","sourcetype":"WinEventLog:Security","index":"windows","EventCode":4776,"event_id":4776,"log_name":"Security","computer":"WIN-DC-02.corp.local","provider_name":"Microsoft-Windows-Security-Auditing","level":"Information","record_id":102239,"scenario":"Normal NTLM Validation","attack_phase":"None","mitre_technique":"None","severity":"low","is_suspicious":false,"target_user":"dohara","dest_host":"WIN-DC-02","authentication_package":"NTLM","error_code":"0x0","message":"The domain controller attempted to validate the credentials for an account."}
{"timestamp":"2026-09-08T21:42:18Z","host":"WIN-DC-02","source":"WinEventLog:Security","sourcetype":"WinEventLog:Security","index":"windows","EventCode":4776,"event_id":4776,"log_name":"Security","computer":"WIN-DC-02.corp.local","provider_name":"Microsoft-Windows-Security-Auditing","level":"Information","record_id":102240,"scenario":"Normal NTLM Validation","attack_phase":"None","mitre_technique":"None","severity":"low","is_suspicious":false,"target_user":"agarcia","dest_host":"WIN-DC-02","authentication_package":"NTLM","error_code":"0x0","message":"The domain controller attempted to validate the credentials for an account."}
{"timestamp":"2026-09-08T21:45:31Z","host":"WIN-DC-02","source":"WinEventLog:Security","sourcetype":"WinEventLog:Security","index":"windows","EventCode":4776,"event_id":4776,"log_name":"Security","computer":"WIN-DC-02.corp.local","provider_name":"Microsoft-Windows-Security-Auditing","level":"Information","record_id":102241,"scenario":"Normal NTLM Validation","attack_phase":"None","mitre_technique":"None","severity":"low","is_suspicious":false,"target_user":"lwilson","dest_host":"WIN-DC-02","authentication_package":"NTLM","error_code":"0x0","message":"The domain controller attempted to validate the credentials for an account."}
{"timestamp":"2026-09-08T21:48:53Z","host":"WIN-DC-02","source":"WinEventLog:Security","sourcetype":"WinEventLog:Security","index":"windows","EventCode":4776,"event_id":4776,"log_name":"Security","computer":"WIN-DC-02.corp.local","provider_name":"Microsoft-Windows-Security-Auditing","level":"Information","record_id":102242,"scenario":"Normal NTLM Validation","attack_phase":"None","mitre_technique":"None","severity":"low","is_suspicious":false,"target_user":"agarcia","dest_host":"WIN-DC-02","authentication_package":"NTLM","error_code":"0x0","message":"The domain controller attempted to validate the credentials for an account."}
{"timestamp":"2026-09-08T21:52:31Z","host":"WIN-DC-01","source":"WinEventLog:Security","sourcetype":"WinEventLog:Security","index":"windows","EventCode":4776,"event_id":4776,"log_name":"Security","computer":"WIN-DC-01.corp.local","provider_name":"Microsoft-Windows-Security-Auditing","level":"Information","record_id":102243,"scenario":"Normal NTLM Validation","attack_phase":"None","mitre_technique":"None","severity":"low","is_suspicious":false,"target_user":"tnguyen","dest_host":"WIN-DC-01","authentication_package":"NTLM","error_code":"0x0","message":"The domain controller attempted to validate the credentials for an account."}
{"timestamp":"2026-09-08T21:52:50Z","host":"WIN-DC-02","source":"WinEventLog:Security","sourcetype":"WinEventLog:Security","index":"windows","EventCode":4776,"event_id":4776,"log_name":"Security","computer":"WIN-DC-02.corp.local","provider_name":"Microsoft-Windows-Security-Auditing","level":"Information","record_id":102244,"scenario":"Normal NTLM Validation","attack_phase":"None","mitre_technique":"None","severity":"low","is_suspicious":false,"target_user":"lwilson","dest_host":"WIN-DC-02","authentication_package":"NTLM","error_code":"0x0","message":"The domain controller attempted to validate the credentials for an account."}
{"timestamp":"2026-09-08T21:53:56Z","host":"WIN-DC-02","source":"WinEventLog:Security","sourcetype":"WinEventLog:Security","index":"windows","EventCode":4776,"event_id":4776,"log_name":"Security","computer":"WIN-DC-02.corp.local","provider_name":"Microsoft-Windows-Security-Auditing","level":"Information","record_id":102245,"scenario":"Normal NTLM Validation","attack_phase":"None","mitre_technique":"None","severity":"low","is_suspicious":false,"target_user":"cwalker","dest_host":"WIN-DC-02","authentication_package":"NTLM","error_code":"0x0","message":"The domain controller attempted to validate the credentials for an account."}
{"timestamp":"2026-09-08T21:54:06Z","host":"WIN-DC-02","source":"WinEventLog:Security","sourcetype":"WinEventLog:Security","index":"windows","EventCode":4776,"event_id":4776,"log_name":"Security","computer":"WIN-DC-02.corp.local","provider_name":"Microsoft-Windows-Security-Auditing","level":"Information","record_id":102246,"scenario":"Normal NTLM Validation","attack_phase":"None","mitre_technique":"None","severity":"low","is_suspicious":false,"target_user":"cwalker","dest_host":"WIN-DC-02","authentication_package":"NTLM","error_code":"0x0","message":"The domain controller attempted to validate the credentials for an account."}
{"timestamp":"2026-09-08T21:54:28Z","host":"WIN-DC-02","source":"WinEventLog:Security","sourcetype":"WinEventLog:Security","index":"windows","EventCode":4776,"event_id":4776,"log_name":"Security","computer":"WIN-DC-02.corp.local","provider_name":"Microsoft-Windows-Security-Auditing","level":"Information","record_id":102247,"scenario":"Normal NTLM Validation","attack_phase":"None","mitre_technique":"None","severity":"low","is_suspicious":false,"target_user":"cwalker","dest_host":"WIN-DC-02","authentication_package":"NTLM","error_code":"0x0","message":"The domain controller attempted to validate the credentials for an account."}
{"timestamp":"2026-09-08T21:54:54Z","host":"WIN-DC-01","source":"WinEventLog:Security","sourcetype":"WinEventLog:Security","index":"windows","EventCode":4776,"event_id":4776,"log_name":"Security","computer":"WIN-DC-01.corp.local","provider_name":"Microsoft-Windows-Security-Auditing","level":"Information","record_id":102248,"scenario":"Normal NTLM Validation","attack_phase":"None","mitre_technique":"None","severity":"low","is_suspicious":false,"target_user":"kwright","dest_host":"WIN-DC-01","authentication_package":"NTLM","error_code":"0x0","message":"The domain controller attempted to validate the credentials for an account."}
{"timestamp":"2026-09-08T21:58:58Z","host":"WIN-DC-02","source":"WinEventLog:Security","sourcetype":"WinEventLog:Security","index":"windows","EventCode":4776,"event_id":4776,"log_name":"Security","computer":"WIN-DC-02.corp.local","provider_name":"Microsoft-Windows-Security-Auditing","level":"Information","record_id":102249,"scenario":"Normal NTLM Validation","attack_phase":"None","mitre_technique":"None","severity":"low","is_suspicious":false,"target_user":"dohara","dest_host":"WIN-DC-02","authentication_package":"NTLM","error_code":"0x0","message":"The domain controller attempted to validate the credentials for an account."}
{"timestamp":"2026-09-08T21:59:07Z","host":"WIN-DC-02","source":"WinEventLog:Security","sourcetype":"WinEventLog:Security","index":"windows","EventCode":4776,"event_id":4776,"log_name":"Security","computer":"WIN-DC-02.corp.local","provider_name":"Microsoft-Windows-Security-Auditing","level":"Information","record_id":102250,"scenario":"Normal NTLM Validation","attack_phase":"None","mitre_technique":"None","severity":"low","is_suspicious":false,"target_user":"mchen","dest_host":"WIN-DC-02","authentication_package":"NTLM","error_code":"0x0","message":"The domain controller attempted to validate the credentials for an account."}
{"timestamp":"2026-09-08T22:03:28Z","host":"WIN-DC-01","source":"WinEventLog:Security","sourcetype":"WinEventLog:Security","index":"windows","EventCode":4776,"event_id":4776,"log_name":"Security","computer":"WIN-DC-01.corp.local","provider_name":"Microsoft-Windows-Security-Auditing","level":"Information","record_id":102251,"scenario":"Normal NTLM Validation","attack_phase":"None","mitre_technique":"None","severity":"low","is_suspicious":false,"target_user":"sbrooks","dest_host":"WIN-DC-01","authentication_package":"NTLM","error_code":"0x0","message":"The domain controller attempted to validate the credentials for an account."}
{"timestamp":"2026-09-08T22:06:31Z","host":"WIN-DC-02","source":"WinEventLog:Security","sourcetype":"WinEventLog:Security","index":"windows","EventCode":4776,"event_id":4776,"log_name":"Security","computer":"WIN-DC-02.corp.local","provider_name":"Microsoft-Windows-Security-Auditing","level":"Information","record_id":102252,"scenario":"Normal NTLM Validation","attack_phase":"None","mitre_technique":"None","severity":"low","is_suspicious":false,"target_user":"sbrooks","dest_host":"WIN-DC-02","authentication_package":"NTLM","error_code":"0x0","message":"The domain controller attempted to validate the credentials for an account."}
{"timestamp":"2026-09-08T22:10:58Z","host":"WIN-DC-01","source":"WinEventLog:Security","sourcetype":"WinEventLog:Security","index":"windows","EventCode":4776,"event_id":4776,"log_name":"Security","computer":"WIN-DC-01.corp.local","provider_name":"Microsoft-Windows-Security-Auditing","level":"Information","record_id":102253,"scenario":"Normal NTLM Validation","attack_phase":"None","mitre_technique":"None","severity":"low","is_suspicious":false,"target_user":"agarcia","dest_host":"WIN-DC-01","authentication_package":"NTLM","error_code":"0x0","message":"The domain controller attempted to validate the credentials for an account."}
{"timestamp":"2026-09-08T22:12:20Z","host":"WIN-DC-02","source":"WinEventLog:Security","sourcetype":"WinEventLog:Security","index":"windows","EventCode":4776,"event_id":4776,"log_name":"Security","computer":"WIN-DC-02.corp.local","provider_name":"Microsoft-Windows-Security-Auditing","level":"Information","record_id":102254,"scenario":"Normal NTLM Validation","attack_phase":"None","mitre_technique":"None","severity":"low","is_suspicious":false,"target_user":"kwright","dest_host":"WIN-DC-02","authentication_package":"NTLM","error_code":"0x0","message":"The domain controller attempted to validate the credentials for an account."}
{"timestamp":"2026-09-08T22:16:20Z","host":"WIN-DC-02","source":"WinEventLog:Security","sourcetype":"WinEventLog:Security","index":"windows","EventCode":4776,"event_id":4776,"log_name":"Security","computer":"WIN-DC-02.corp.local","provider_name":"Microsoft-Windows-Security-Auditing","level":"Information","record_id":102255,"scenario":"Normal NTLM Validation","attack_phase":"None","mitre_technique":"None","severity":"low","is_suspicious":false,"target_user":"mchen","dest_host":"WIN-DC-02","authentication_package":"NTLM","error_code":"0x0","message":"The domain controller attempted to validate the credentials for an account."}
{"timestamp":"2026-09-08T22:19:00Z","host":"WIN-DC-01","source":"WinEventLog:Security","sourcetype":"WinEventLog:Security","index":"windows","EventCode":4776,"event_id":4776,"log_name":"Security","computer":"WIN-DC-01.corp.local","provider_name":"Microsoft-Windows-Security-Auditing","level":"Information","record_id":102256,"scenario":"Normal NTLM Validation","attack_phase":"None","mitre_technique":"None","severity":"low","is_suspicious":false,"target_user":"tnguyen","dest_host":"WIN-DC-01","authentication_package":"NTLM","error_code":"0x0","message":"The domain controller attempted to validate the credentials for an account."}
{"timestamp":"2026-09-08T22:23:12Z","host":"WIN-DC-02","source":"WinEventLog:Security","sourcetype":"WinEventLog:Security","index":"windows","EventCode":4776,"event_id":4776,"log_name":"Security","computer":"WIN-DC-02.corp.local","provider_name":"Microsoft-Windows-Security-Auditing","level":"Information","record_id":102257,"scenario":"Normal NTLM Validation","attack_phase":"None","mitre_technique":"None","severity":"low","is_suspicious":false,"target_user":"tnguyen","dest_host":"WIN-DC-02","authentication_package":"NTLM","error_code":"0x0","message":"The domain controller attempted to validate the credentials for an account."}
{"timestamp":"2026-09-08T22:24:49Z","host":"WIN-DC-02","source":"WinEventLog:Security","sourcetype":"WinEventLog:Security","index":"windows","EventCode":4776,"event_id":4776,"log_name":"Security","computer":"WIN-DC-02.corp.local","provider_name":"Microsoft-Windows-Security-Auditing","level":"Information","record_id":102258,"scenario":"Normal NTLM Validation","attack_phase":"None","mitre_technique":"None","severity":"low","is_suspicious":false,"target_user":"cwalker","dest_host":"WIN-DC-02","authentication_package":"NTLM","error_code":"0x0","message":"The domain controller attempted to validate the credentials for an account."}
{"timestamp":"2026-09-08T22:26:00Z","host":"WIN-DC-02","source":"WinEventLog:Security","sourcetype":"WinEventLog:Security","index":"windows","EventCode":4776,"event_id":4776,"log_name":"Security","computer":"WIN-DC-02.corp.local","provider_name":"Microsoft-Windows-Security-Auditing","level":"Information","record_id":102259,"scenario":"Normal NTLM Validation","attack_phase":"None","mitre_technique":"None","severity":"low","is_suspicious":false,"target_user":"kwright","dest_host":"WIN-DC-02","authentication_package":"NTLM","error_code":"0x0","message":"The domain controller attempted to validate the credentials for an account."}
{"timestamp":"2026-09-08T22:29:31Z","host":"WIN-DC-01","source":"WinEventLog:Security","sourcetype":"WinEventLog:Security","index":"windows","EventCode":4776,"event_id":4776,"log_name":"Security","computer":"WIN-DC-01.corp.local","provider_name":"Microsoft-Windows-Security-Auditing","level":"Information","record_id":102260,"scenario":"Normal NTLM Validation","attack_phase":"None","mitre_technique":"None","severity":"low","is_suspicious":false,"target_user":"agarcia","dest_host":"WIN-DC-01","authentication_package":"NTLM","error_code":"0x0","message":"The domain controller attempted to validate the credentials for an account."}
{"timestamp":"2026-09-08T22:29:51Z","host":"WIN-DC-01","source":"WinEventLog:Security","sourcetype":"WinEventLog:Security","index":"windows","EventCode":4776,"event_id":4776,"log_name":"Security","computer":"WIN-DC-01.corp.local","provider_name":"Microsoft-Windows-Security-Auditing","level":"Information","record_id":102261,"scenario":"Normal NTLM Validation","attack_phase":"None","mitre_technique":"None","severity":"low","is_suspicious":false,"target_user":"mchen","dest_host":"WIN-DC-01","authentication_package":"NTLM","error_code":"0x0","message":"The domain controller attempted to validate the credentials for an account."}
{"timestamp":"2026-09-08T22:30:45Z","host":"WIN-DC-02","source":"WinEventLog:Security","sourcetype":"WinEventLog:Security","index":"windows","EventCode":4776,"event_id":4776,"log_name":"Security","computer":"WIN-DC-02.corp.local","provider_name":"Microsoft-Windows-Security-Auditing","level":"Information","record_id":102262,"scenario":"Normal NTLM Validation","attack_phase":"None","mitre_technique":"None","severity":"low","is_suspicious":false,"target_user":"agarcia","dest_host":"WIN-DC-02","authentication_package":"NTLM","error_code":"0x0","message":"The domain controller attempted to validate the credentials for an account."}
{"timestamp":"2026-09-08T22:34:53Z","host":"WIN-DC-01","source":"WinEventLog:Security","sourcetype":"WinEventLog:Security","index":"windows","EventCode":4776,"event_id":4776,"log_name":"Security","computer":"WIN-DC-01.corp.local","provider_name":"Microsoft-Windows-Security-Auditing","level":"Information","record_id":102263,"scenario":"Normal NTLM Validation","attack_phase":"None","mitre_technique":"None","severity":"low","is_suspicious":false,"target_user":"kwright","dest_host":"WIN-DC-01","authentication_package":"NTLM","error_code":"0x0","message":"The domain controller attempted to validate the credentials for an account."}
{"timestamp":"2026-09-08T22:36:59Z","host":"WIN-DC-01","source":"WinEventLog:Security","sourcetype":"WinEventLog:Security","index":"windows","EventCode":4776,"event_id":4776,"log_name":"Security","computer":"WIN-DC-01.corp.local","provider_name":"Microsoft-Windows-Security-Auditing","level":"Information","record_id":102264,"scenario":"Normal NTLM Validation","attack_phase":"None","mitre_technique":"None","severity":"low","is_suspicious":false,"target_user":"agarcia","dest_host":"WIN-DC-01","authentication_package":"NTLM","error_code":"0x0","message":"The domain controller attempted to validate the credentials for an account."}
{"timestamp":"2026-09-08T22:40:20Z","host":"WIN-DC-01","source":"WinEventLog:Security","sourcetype":"WinEventLog:Security","index":"windows","EventCode":4776,"event_id":4776,"log_name":"Security","computer":"WIN-DC-01.corp.local","provider_name":"Microsoft-Windows-Security-Auditing","level":"Information","record_id":102265,"scenario":"Normal NTLM Validation","attack_phase":"None","mitre_technique":"None","severity":"low","is_suspicious":false,"target_user":"tnguyen","dest_host":"WIN-DC-01","authentication_package":"NTLM","error_code":"0x0","message":"The domain controller attempted to validate the credentials for an account."}
{"timestamp":"2026-09-08T22:40:56Z","host":"WIN-DC-02","source":"WinEventLog:Security","sourcetype":"WinEventLog:Security","index":"windows","EventCode":4776,"event_id":4776,"log_name":"Security","computer":"WIN-DC-02.corp.local","provider_name":"Microsoft-Windows-Security-Auditing","level":"Information","record_id":102266,"scenario":"Normal NTLM Validation","attack_phase":"None","mitre_technique":"None","severity":"low","is_suspicious":false,"target_user":"cwalker","dest_host":"WIN-DC-02","authentication_package":"NTLM","error_code":"0x0","message":"The domain controller attempted to validate the credentials for an account."}
{"timestamp":"2026-09-08T22:41:59Z","host":"WIN-DC-01","source":"WinEventLog:Security","sourcetype":"WinEventLog:Security","index":"windows","EventCode":4776,"event_id":4776,"log_name":"Security","computer":"WIN-DC-01.corp.local","provider_name":"Microsoft-Windows-Security-Auditing","level":"Information","record_id":102267,"scenario":"Normal NTLM Validation","attack_phase":"None","mitre_technique":"None","severity":"low","is_suspicious":false,"target_user":"jsmith","dest_host":"WIN-DC-01","authentication_package":"NTLM","error_code":"0x0","message":"The domain controller attempted to validate the credentials for an account."}
{"timestamp":"2026-09-08T22:45:50Z","host":"WIN-DC-01","source":"WinEventLog:Security","sourcetype":"WinEventLog:Security","index":"windows","EventCode":4776,"event_id":4776,"log_name":"Security","computer":"WIN-DC-01.corp.local","provider_name":"Microsoft-Windows-Security-Auditing","level":"Information","record_id":102268,"scenario":"Normal NTLM Validation","attack_phase":"None","mitre_technique":"None","severity":"low","is_suspicious":false,"target_user":"kwright","dest_host":"WIN-DC-01","authentication_package":"NTLM","error_code":"0x0","message":"The domain controller attempted to validate the credentials for an account."}
{"timestamp":"2026-09-08T22:47:24Z","host":"WIN-DC-01","source":"WinEventLog:Security","sourcetype":"WinEventLog:Security","index":"windows","EventCode":4776,"event_id":4776,"log_name":"Security","computer":"WIN-DC-01.corp.local","provider_name":"Microsoft-Windows-Security-Auditing","level":"Information","record_id":102269,"scenario":"Normal NTLM Validation","attack_phase":"None","mitre_technique":"None","severity":"low","is_suspicious":false,"target_user":"kwright","dest_host":"WIN-DC-01","authentication_package":"NTLM","error_code":"0x0","message":"The domain controller attempted to validate the credentials for an account."}
{"timestamp":"2026-09-08T22:51:19Z","host":"WIN-DC-01","source":"WinEventLog:Security","sourcetype":"WinEventLog:Security","index":"windows","EventCode":4776,"event_id":4776,"log_name":"Security","computer":"WIN-DC-01.corp.local","provider_name":"Microsoft-Windows-Security-Auditing","level":"Information","record_id":102270,"scenario":"Normal NTLM Validation","attack_phase":"None","mitre_technique":"None","severity":"low","is_suspicious":false,"target_user":"tnguyen","dest_host":"WIN-DC-01","authentication_package":"NTLM","error_code":"0x0","message":"The domain controller attempted to validate the credentials for an account."}
{"timestamp":"2026-09-08T23:11:18Z","host":"WIN-DC-01","source":"WinEventLog:Security","sourcetype":"WinEventLog:Security","index":"windows","EventCode":4722,"event_id":4722,"log_name":"Security","computer":"WIN-DC-01.corp.local","provider_name":"Microsoft-Windows-Security-Auditing","level":"Information","record_id":102271,"scenario":"Normal AD Administration","attack_phase":"None","mitre_technique":"None","severity":"low","is_suspicious":false,"subject_user":"j.admin","subject_domain":"CORP","target_user":"lwilson","target_domain":"CORP","dest_host":"WIN-DC-01","src_ip":"10.10.10.114","message":"Routine account management operation performed by IT staff."}
{"timestamp":"2026-09-08T23:22:03Z","host":"WIN-DC-01","source":"WinEventLog:Security","sourcetype":"WinEventLog:Security","index":"windows","EventCode":4722,"event_id":4722,"log_name":"Security","computer":"WIN-DC-01.corp.local","provider_name":"Microsoft-Windows-Security-Auditing","level":"Information","record_id":102272,"scenario":"Normal AD Administration","attack_phase":"None","mitre_technique":"None","severity":"low","is_suspicious":false,"subject_user":"j.admin","subject_domain":"CORP","target_user":"mchen","target_domain":"CORP","dest_host":"WIN-DC-01","src_ip":"10.10.10.210","message":"Routine account management operation performed by IT staff."}
{"timestamp":"2026-09-08T23:41:05Z","host":"WIN-DC-01","source":"WinEventLog:Security","sourcetype":"WinEventLog:Security","index":"windows","EventCode":4720,"event_id":4720,"log_name":"Security","computer":"WIN-DC-01.corp.local","provider_name":"Microsoft-Windows-Security-Auditing","level":"Information","record_id":102273,"scenario":"Normal AD Administration","attack_phase":"None","mitre_technique":"None","severity":"low","is_suspicious":false,"subject_user":"administrator","subject_domain":"CORP","target_user":"cwalker","target_domain":"CORP","dest_host":"WIN-DC-01","src_ip":"10.10.10.163","message":"Routine account management operation performed by IT staff."}
{"timestamp":"2026-09-08T23:45:22Z","host":"WIN-DC-01","source":"WinEventLog:Security","sourcetype":"WinEventLog:Security","index":"windows","EventCode":4720,"event_id":4720,"log_name":"Security","computer":"WIN-DC-01.corp.local","provider_name":"Microsoft-Windows-Security-Auditing","level":"Information","record_id":102274,"scenario":"Normal AD Administration","attack_phase":"None","mitre_technique":"None","severity":"low","is_suspicious":false,"subject_user":"administrator","subject_domain":"CORP","target_user":"mchen","target_domain":"CORP","dest_host":"WIN-DC-01","src_ip":"10.10.10.94","message":"Routine account management operation performed by IT staff."}
{"timestamp":"2026-09-09T00:00:17Z","host":"WIN-DC-01","source":"WinEventLog:Security","sourcetype":"WinEventLog:Security","index":"windows","EventCode":4738,"event_id":4738,"log_name":"Security","computer":"WIN-DC-01.corp.local","provider_name":"Microsoft-Windows-Security-Auditing","level":"Information","record_id":102275,"scenario":"Normal AD Administration","attack_phase":"None","mitre_technique":"None","severity":"low","is_suspicious":false,"subject_user":"s.domadmin","subject_domain":"CORP","target_user":"mchen","target_domain":"CORP","dest_host":"WIN-DC-01","src_ip":"10.10.10.188","message":"Routine account management operation performed by IT staff."}
{"timestamp":"2026-09-09T00:19:18Z","host":"WIN-DC-02","source":"WinEventLog:Security","sourcetype":"WinEventLog:Security","index":"windows","EventCode":4722,"event_id":4722,"log_name":"Security","computer":"WIN-DC-02.corp.local","provider_name":"Microsoft-Windows-Security-Auditing","level":"Information","record_id":102276,"scenario":"Normal AD Administration","attack_phase":"None","mitre_technique":"None","severity":"low","is_suspicious":false,"subject_user":"s.domadmin","subject_domain":"CORP","target_user":"rpatel","target_domain":"CORP","dest_host":"WIN-DC-02","src_ip":"10.10.10.213","message":"Routine account management operation performed by IT staff."}
{"timestamp":"2026-09-09T00:36:28Z","host":"WIN-DC-02","source":"WinEventLog:Security","sourcetype":"WinEventLog:Security","index":"windows","EventCode":4738,"event_id":4738,"log_name":"Security","computer":"WIN-DC-02.corp.local","provider_name":"Microsoft-Windows-Security-Auditing","level":"Information","record_id":102277,"scenario":"Normal AD Administration","attack_phase":"None","mitre_technique":"None","severity":"low","is_suspicious":false,"subject_user":"s.domadmin","subject_domain":"CORP","target_user":"cwalker","target_domain":"CORP","dest_host":"WIN-DC-02","src_ip":"10.10.10.220","message":"Routine account management operation performed by IT staff."}
{"timestamp":"2026-09-09T00:42:10Z","host":"WIN-DC-01","source":"WinEventLog:Security","sourcetype":"WinEventLog:Security","index":"windows","EventCode":4728,"event_id":4728,"log_name":"Security","computer":"WIN-DC-01.corp.local","provider_name":"Microsoft-Windows-Security-Auditing","level":"Information","record_id":102278,"scenario":"Normal AD Administration","attack_phase":"None","mitre_technique":"None","severity":"low","is_suspicious":false,"subject_user":"s.domadmin","subject_domain":"CORP","target_user":"tnguyen","target_domain":"CORP","dest_host":"WIN-DC-01","src_ip":"10.10.10.98","message":"Routine account management operation performed by IT staff."}
{"timestamp":"2026-09-09T00:45:35Z","host":"WIN-DC-01","source":"WinEventLog:Security","sourcetype":"WinEventLog:Security","index":"windows","EventCode":4722,"event_id":4722,"log_name":"Security","computer":"WIN-DC-01.corp.local","provider_name":"Microsoft-Windows-Security-Auditing","level":"Information","record_id":102279,"scenario":"Normal AD Administration","attack_phase":"None","mitre_technique":"None","severity":"low","is_suspicious":false,"subject_user":"j.admin","subject_domain":"CORP","target_user":"sbrooks","target_domain":"CORP","dest_host":"WIN-DC-01","src_ip":"10.10.10.27","message":"Routine account management operation performed by IT staff."}
{"timestamp":"2026-09-09T00:50:36Z","host":"WIN-DC-02","source":"WinEventLog:Security","sourcetype":"WinEventLog:Security","index":"windows","EventCode":4722,"event_id":4722,"log_name":"Security","computer":"WIN-DC-02.corp.local","provider_name":"Microsoft-Windows-Security-Auditing","level":"Information","record_id":102280,"scenario":"Normal AD Administration","attack_phase":"None","mitre_technique":"None","severity":"low","is_suspicious":false,"subject_user":"s.domadmin","subject_domain":"CORP","target_user":"jsmith","target_domain":"CORP","dest_host":"WIN-DC-02","src_ip":"10.10.10.140","message":"Routine account management operation performed by IT staff."}
{"timestamp":"2026-09-09T01:02:53Z","host":"WIN-DC-01","source":"WinEventLog:Security","sourcetype":"WinEventLog:Security","index":"windows","EventCode":4722,"event_id":4722,"log_name":"Security","computer":"WIN-DC-01.corp.local","provider_name":"Microsoft-Windows-Security-Auditing","level":"Information","record_id":102281,"scenario":"Normal AD Administration","attack_phase":"None","mitre_technique":"None","severity":"low","is_suspicious":false,"subject_user":"j.admin","subject_domain":"CORP","target_user":"lwilson","target_domain":"CORP","dest_host":"WIN-DC-01","src_ip":"10.10.10.101","message":"Routine account management operation performed by IT staff."}
{"timestamp":"2026-09-09T01:16:05Z","host":"WIN-DC-01","source":"WinEventLog:Security","sourcetype":"WinEventLog:Security","index":"windows","EventCode":4722,"event_id":4722,"log_name":"Security","computer":"WIN-DC-01.corp.local","provider_name":"Microsoft-Windows-Security-Auditing","level":"Information","record_id":102282,"scenario":"Normal AD Administration","attack_phase":"None","mitre_technique":"None","severity":"low","is_suspicious":false,"subject_user":"administrator","subject_domain":"CORP","target_user":"lwilson","target_domain":"CORP","dest_host":"WIN-DC-01","src_ip":"10.10.10.138","message":"Routine account management operation performed by IT staff."}
{"timestamp":"2026-09-09T01:25:19Z","host":"WIN-DC-02","source":"WinEventLog:Security","sourcetype":"WinEventLog:Security","index":"windows","EventCode":4728,"event_id":4728,"log_name":"Security","computer":"WIN-DC-02.corp.local","provider_name":"Microsoft-Windows-Security-Auditing","level":"Information","record_id":102283,"scenario":"Normal AD Administration","attack_phase":"None","mitre_technique":"None","severity":"low","is_suspicious":false,"subject_user":"administrator","subject_domain":"CORP","target_user":"cwalker","target_domain":"CORP","dest_host":"WIN-DC-02","src_ip":"10.10.10.141","message":"Routine account management operation performed by IT staff."}
{"timestamp":"2026-09-09T01:30:06Z","host":"WIN-DC-02","source":"WinEventLog:Security","sourcetype":"WinEventLog:Security","index":"windows","EventCode":4738,"event_id":4738,"log_name":"Security","computer":"WIN-DC-02.corp.local","provider_name":"Microsoft-Windows-Security-Auditing","level":"Information","record_id":102284,"scenario":"Normal AD Administration","attack_phase":"None","mitre_technique":"None","severity":"low","is_suspicious":false,"subject_user":"administrator","subject_domain":"CORP","target_user":"jsmith","target_domain":"CORP","dest_host":"WIN-DC-02","src_ip":"10.10.10.88","message":"Routine account management operation performed by IT staff."}
{"timestamp":"2026-09-09T01:45:29Z","host":"WIN-DC-02","source":"WinEventLog:Security","sourcetype":"WinEventLog:Security","index":"windows","EventCode":4722,"event_id":4722,"log_name":"Security","computer":"WIN-DC-02.corp.local","provider_name":"Microsoft-Windows-Security-Auditing","level":"Information","record_id":102285,"scenario":"Normal AD Administration","attack_phase":"None","mitre_technique":"None","severity":"low","is_suspicious":false,"subject_user":"administrator","subject_domain":"CORP","target_user":"kwright","target_domain":"CORP","dest_host":"WIN-DC-02","src_ip":"10.10.10.37","message":"Routine account management operation performed by IT staff."}
{"timestamp":"2026-09-09T01:53:27Z","host":"WIN-DC-02","source":"WinEventLog:Security","sourcetype":"WinEventLog:Security","index":"windows","EventCode":4724,"event_id":4724,"log_name":"Security","computer":"WIN-DC-02.corp.local","provider_name":"Microsoft-Windows-Security-Auditing","level":"Information","record_id":102286,"scenario":"Normal AD Administration","attack_phase":"None","mitre_technique":"None","severity":"low","is_suspicious":false,"subject_user":"administrator","subject_domain":"CORP","target_user":"jsmith","target_domain":"CORP","dest_host":"WIN-DC-02","src_ip":"10.10.10.128","message":"Routine account management operation performed by IT staff."}
{"timestamp":"2026-09-09T01:56:56Z","host":"WIN-DC-01","source":"WinEventLog:Security","sourcetype":"WinEventLog:Security","index":"windows","EventCode":4738,"event_id":4738,"log_name":"Security","computer":"WIN-DC-01.corp.local","provider_name":"Microsoft-Windows-Security-Auditing","level":"Information","record_id":102287,"scenario":"Normal AD Administration","attack_phase":"None","mitre_technique":"None","severity":"low","is_suspicious":false,"subject_user":"j.admin","subject_domain":"CORP","target_user":"agarcia","target_domain":"CORP","dest_host":"WIN-DC-01","src_ip":"10.10.10.155","message":"Routine account management operation performed by IT staff."}
{"timestamp":"2026-09-09T02:00:41Z","host":"WIN-DC-02","source":"WinEventLog:Security","sourcetype":"WinEventLog:Security","index":"windows","EventCode":4722,"event_id":4722,"log_name":"Security","computer":"WIN-DC-02.corp.local","provider_name":"Microsoft-Windows-Security-Auditing","level":"Information","record_id":102288,"scenario":"Normal AD Administration","attack_phase":"None","mitre_technique":"None","severity":"low","is_suspicious":false,"subject_user":"s.domadmin","subject_domain":"CORP","target_user":"lwilson","target_domain":"CORP","dest_host":"WIN-DC-02","src_ip":"10.10.10.12","message":"Routine account management operation performed by IT staff."}
{"timestamp":"2026-09-09T02:05:14Z","host":"WIN-DC-01","source":"WinEventLog:Security","sourcetype":"WinEventLog:Security","index":"windows","EventCode":4728,"event_id":4728,"log_name":"Security","computer":"WIN-DC-01.corp.local","provider_name":"Microsoft-Windows-Security-Auditing","level":"Information","record_id":102289,"scenario":"Normal AD Administration","attack_phase":"None","mitre_technique":"None","severity":"low","is_suspicious":false,"subject_user":"administrator","subject_domain":"CORP","target_user":"sbrooks","target_domain":"CORP","dest_host":"WIN-DC-01","src_ip":"10.10.10.168","message":"Routine account management operation performed by IT staff."}
{"timestamp":"2026-09-09T02:18:11Z","host":"WIN-DC-02","source":"WinEventLog:Security","sourcetype":"WinEventLog:Security","index":"windows","EventCode":4728,"event_id":4728,"log_name":"Security","computer":"WIN-DC-02.corp.local","provider_name":"Microsoft-Windows-Security-Auditing","level":"Information","record_id":102290,"scenario":"Normal AD Administration","attack_phase":"None","mitre_technique":"None","severity":"low","is_suspicious":false,"subject_user":"administrator","subject_domain":"CORP","target_user":"lwilson","target_domain":"CORP","dest_host":"WIN-DC-02","src_ip":"10.10.10.7","message":"Routine account management operation performed by IT staff."}
{"timestamp":"2026-09-09T02:21:04Z","host":"WIN-DC-01","source":"WinEventLog:Security","sourcetype":"WinEventLog:Security","index":"windows","EventCode":4722,"event_id":4722,"log_name":"Security","computer":"WIN-DC-01.corp.local","provider_name":"Microsoft-Windows-Security-Auditing","level":"Information","record_id":102291,"scenario":"Normal AD Administration","attack_phase":"None","mitre_technique":"None","severity":"low","is_suspicious":false,"subject_user":"s.domadmin","subject_domain":"CORP","target_user":"sbrooks","target_domain":"CORP","dest_host":"WIN-DC-01","src_ip":"10.10.10.222","message":"Routine account management operation performed by IT staff."}
{"timestamp":"2026-09-09T02:35:00Z","host":"WIN-DC-01","source":"WinEventLog:Security","sourcetype":"WinEventLog:Security","index":"windows","EventCode":4732,"event_id":4732,"log_name":"Security","computer":"WIN-DC-01.corp.local","provider_name":"Microsoft-Windows-Security-Auditing","level":"Information","record_id":102292,"scenario":"Normal AD Administration","attack_phase":"None","mitre_technique":"None","severity":"low","is_suspicious":false,"subject_user":"administrator","subject_domain":"CORP","target_user":"dohara","target_domain":"CORP","dest_host":"WIN-DC-01","src_ip":"10.10.10.101","message":"Routine account management operation performed by IT staff."}
{"timestamp":"2026-09-09T02:48:52Z","host":"WIN-DC-01","source":"WinEventLog:Security","sourcetype":"WinEventLog:Security","index":"windows","EventCode":4728,"event_id":4728,"log_name":"Security","computer":"WIN-DC-01.corp.local","provider_name":"Microsoft-Windows-Security-Auditing","level":"Information","record_id":102293,"scenario":"Normal AD Administration","attack_phase":"None","mitre_technique":"None","severity":"low","is_suspicious":false,"subject_user":"s.domadmin","subject_domain":"CORP","target_user":"tnguyen","target_domain":"CORP","dest_host":"WIN-DC-01","src_ip":"10.10.10.37","message":"Routine account management operation performed by IT staff."}
{"timestamp":"2026-09-09T02:53:48Z","host":"WIN-DC-02","source":"WinEventLog:Security","sourcetype":"WinEventLog:Security","index":"windows","EventCode":4720,"event_id":4720,"log_name":"Security","computer":"WIN-DC-02.corp.local","provider_name":"Microsoft-Windows-Security-Auditing","level":"Information","record_id":102294,"scenario":"Normal AD Administration","attack_phase":"None","mitre_technique":"None","severity":"low","is_suspicious":false,"subject_user":"j.admin","subject_domain":"CORP","target_user":"cwalker","target_domain":"CORP","dest_host":"WIN-DC-02","src_ip":"10.10.10.92","message":"Routine account management operation performed by IT staff."}
{"timestamp":"2026-09-09T03:01:24Z","host":"WIN-DC-02","source":"WinEventLog:Security","sourcetype":"WinEventLog:Security","index":"windows","EventCode":4728,"event_id":4728,"log_name":"Security","computer":"WIN-DC-02.corp.local","provider_name":"Microsoft-Windows-Security-Auditing","level":"Information","record_id":102295,"scenario":"Normal AD Administration","attack_phase":"None","mitre_technique":"None","severity":"low","is_suspicious":false,"subject_user":"administrator","subject_domain":"CORP","target_user":"jsmith","target_domain":"CORP","dest_host":"WIN-DC-02","src_ip":"10.10.10.61","message":"Routine account management operation performed by IT staff."}
{"timestamp":"2026-09-09T03:05:32Z","host":"WIN-DC-01","source":"WinEventLog:Security","sourcetype":"WinEventLog:Security","index":"windows","EventCode":4722,"event_id":4722,"log_name":"Security","computer":"WIN-DC-01.corp.local","provider_name":"Microsoft-Windows-Security-Auditing","level":"Information","record_id":102296,"scenario":"Normal AD Administration","attack_phase":"None","mitre_technique":"None","severity":"low","is_suspicious":false,"subject_user":"s.domadmin","subject_domain":"CORP","target_user":"tnguyen","target_domain":"CORP","dest_host":"WIN-DC-01","src_ip":"10.10.10.194","message":"Routine account management operation performed by IT staff."}
{"timestamp":"2026-09-09T03:24:50Z","host":"WIN-DC-01","source":"WinEventLog:Security","sourcetype":"WinEventLog:Security","index":"windows","EventCode":4720,"event_id":4720,"log_name":"Security","computer":"WIN-DC-01.corp.local","provider_name":"Microsoft-Windows-Security-Auditing","level":"Information","record_id":102297,"scenario":"Normal AD Administration","attack_phase":"None","mitre_technique":"None","severity":"low","is_suspicious":false,"subject_user":"administrator","subject_domain":"CORP","target_user":"rpatel","target_domain":"CORP","dest_host":"WIN-DC-01","src_ip":"10.10.10.21","message":"Routine account management operation performed by IT staff."}
{"timestamp":"2026-09-09T03:27:46Z","host":"WIN-DC-01","source":"WinEventLog:Security","sourcetype":"WinEventLog:Security","index":"windows","EventCode":4728,"event_id":4728,"log_name":"Security","computer":"WIN-DC-01.corp.local","provider_name":"Microsoft-Windows-Security-Auditing","level":"Information","record_id":102298,"scenario":"Normal AD Administration","attack_phase":"None","mitre_technique":"None","severity":"low","is_suspicious":false,"subject_user":"j.admin","subject_domain":"CORP","target_user":"mchen","target_domain":"CORP","dest_host":"WIN-DC-01","src_ip":"10.10.10.13","message":"Routine account management operation performed by IT staff."}
{"timestamp":"2026-09-09T03:39:29Z","host":"WIN-DC-02","source":"WinEventLog:Security","sourcetype":"WinEventLog:Security","index":"windows","EventCode":4732,"event_id":4732,"log_name":"Security","computer":"WIN-DC-02.corp.local","provider_name":"Microsoft-Windows-Security-Auditing","level":"Information","record_id":102299,"scenario":"Normal AD Administration","attack_phase":"None","mitre_technique":"None","severity":"low","is_suspicious":false,"subject_user":"j.admin","subject_domain":"CORP","target_user":"rpatel","target_domain":"CORP","dest_host":"WIN-DC-02","src_ip":"10.10.10.35","message":"Routine account management operation performed by IT staff."}
{"timestamp":"2026-09-09T03:54:03Z","host":"WIN-DC-02","source":"WinEventLog:Security","sourcetype":"WinEventLog:Security","index":"windows","EventCode":4724,"event_id":4724,"log_name":"Security","computer":"WIN-DC-02.corp.local","provider_name":"Microsoft-Windows-Security-Auditing","level":"Information","record_id":102300,"scenario":"Normal AD Administration","attack_phase":"None","mitre_technique":"None","severity":"low","is_suspicious":false,"subject_user":"s.domadmin","subject_domain":"CORP","target_user":"agarcia","target_domain":"CORP","dest_host":"WIN-DC-02","src_ip":"10.10.10.21","message":"Routine account management operation performed by IT staff."}
{"timestamp":"2026-09-09T03:57:39Z","host":"WIN-DC-02","source":"WinEventLog:Security","sourcetype":"WinEventLog:Security","index":"windows","EventCode":4732,"event_id":4732,"log_name":"Security","computer":"WIN-DC-02.corp.local","provider_name":"Microsoft-Windows-Security-Auditing","level":"Information","record_id":102301,"scenario":"Normal AD Administration","attack_phase":"None","mitre_technique":"None","severity":"low","is_suspicious":false,"subject_user":"j.admin","subject_domain":"CORP","target_user":"rpatel","target_domain":"CORP","dest_host":"WIN-DC-02","src_ip":"10.10.10.182","message":"Routine account management operation performed by IT staff."}
{"timestamp":"2026-09-09T04:10:50Z","host":"WIN-DC-01","source":"WinEventLog:Security","sourcetype":"WinEventLog:Security","index":"windows","EventCode":4728,"event_id":4728,"log_name":"Security","computer":"WIN-DC-01.corp.local","provider_name":"Microsoft-Windows-Security-Auditing","level":"Information","record_id":102302,"scenario":"Normal AD Administration","attack_phase":"None","mitre_technique":"None","severity":"low","is_suspicious":false,"subject_user":"j.admin","subject_domain":"CORP","target_user":"lwilson","target_domain":"CORP","dest_host":"WIN-DC-01","src_ip":"10.10.10.201","message":"Routine account management operation performed by IT staff."}
{"timestamp":"2026-09-09T04:30:39Z","host":"WIN-DC-02","source":"WinEventLog:Security","sourcetype":"WinEventLog:Security","index":"windows","EventCode":4724,"event_id":4724,"log_name":"Security","computer":"WIN-DC-02.corp.local","provider_name":"Microsoft-Windows-Security-Auditing","level":"Information","record_id":102303,"scenario":"Normal AD Administration","attack_phase":"None","mitre_technique":"None","severity":"low","is_suspicious":false,"subject_user":"s.domadmin","subject_domain":"CORP","target_user":"rpatel","target_domain":"CORP","dest_host":"WIN-DC-02","src_ip":"10.10.10.230","message":"Routine account management operation performed by IT staff."}
