{"timestamp":"2026-09-04T20:12:46Z","host":"WIN-CLIENT-01","source":"WinEventLog:Security","sourcetype":"WinEventLog:Security","index":"windows","EventCode":4625,"event_id":4625,"log_name":"Security","computer":"WIN-CLIENT-01.corp.local","provider_name":"Microsoft-Windows-Security-Auditing","level":"Information","record_id":101005,"scenario":"Normal Failed Logon (user error)","attack_phase":"None","mitre_technique":"None","severity":"low","is_suspicious":false,"subject_user":"SYSTEM","subject_domain":"NT AUTHORITY","target_user":"tnguyen","target_domain":"CORP","src_ip":"10.10.10.55","src_port":62335,"dest_host":"WIN-CLIENT-01","logon_type":3,"authentication_package":"NTLM","status":"0xC000006D","sub_status":"0xC0000072","process_name":"C:\\Windows\\System32\\winlogon.exe","process_id":"0x2a4","message":"An account failed to log on. Reason: Account disabled"}
{"timestamp":"2026-09-04T20:26:19Z","host":"WIN-CLIENT-05","source":"WinEventLog:Security","sourcetype":"WinEventLog:Security","index":"windows","EventCode":4625,"event_id":4625,"log_name":"Security","computer":"WIN-CLIENT-05.corp.local","provider_name":"Microsoft-Windows-Security-Auditing","level":"Information","record_id":101006,"scenario":"Normal Failed Logon (user error)","attack_phase":"None","mitre_technique":"None","severity":"low","is_suspicious":false,"subject_user":"SYSTEM","subject_domain":"NT AUTHORITY","target_user":"tnguyen","target_domain":"CORP","src_ip":"10.10.10.141","src_port":60372,"dest_host":"WIN-CLIENT-05","logon_type":2,"authentication_package":"NTLM","status":"0xC000006D","sub_status":"0xC0000072","process_name":"C:\\Windows\\System32\\winlogon.exe","process_id":"0x2a4","message":"An account failed to log on. Reason: Account disabled"}
{"timestamp":"2026-09-04T20:29:26Z","host":"WIN-CLIENT-05","source":"WinEventLog:Security","sourcetype":"WinEventLog:Security","index":"windows","EventCode":4625,"event_id":4625,"log_name":"Security","computer":"WIN-CLIENT-05.corp.local","provider_name":"Microsoft-Windows-Security-Auditing","level":"Information","record_id":101007,"scenario":"Normal Failed Logon (user error)","attack_phase":"None","mitre_technique":"None","severity":"low","is_suspicious":false,"subject_user":"SYSTEM","subject_domain":"NT AUTHORITY","target_user":"agarcia","target_domain":"CORP","src_ip":"10.10.10.31","src_port":58702,"dest_host":"WIN-CLIENT-05","logon_type":3,"authentication_package":"NTLM","status":"0xC000006D","sub_status":"0xC0000193","process_name":"C:\\Windows\\System32\\winlogon.exe","process_id":"0x2a4","message":"An account failed to log on. Reason: Account expired"}
{"timestamp":"2026-09-04T20:35:09Z","host":"WIN-CLIENT-01","source":"WinEventLog:Security","sourcetype":"WinEventLog:Security","index":"windows","EventCode":4625,"event_id":4625,"log_name":"Security","computer":"WIN-CLIENT-01.corp.local","provider_name":"Microsoft-Windows-Security-Auditing","level":"Information","record_id":101008,"scenario":"Normal Failed Logon (user error)","attack_phase":"None","mitre_technique":"None","severity":"low","is_suspicious":false,"subject_user":"SYSTEM","subject_domain":"NT AUTHORITY","target_user":"sbrooks","target_domain":"CORP","src_ip":"10.10.10.47","src_port":54046,"dest_host":"WIN-CLIENT-01","logon_type":3,"authentication_package":"NTLM","status":"0xC000006D","sub_status":"0xC0000193","process_name":"C:\\Windows\\System32\\winlogon.exe","process_id":"0x2a4","message":"An account failed to log on. Reason: Account expired"}
{"timestamp":"2026-09-04T20:36:30Z","host":"WIN-CLIENT-01","source":"WinEventLog:Security","sourcetype":"WinEventLog:Security","index":"windows","EventCode":4625,"event_id":4625,"log_name":"Security","computer":"WIN-CLIENT-01.corp.local","provider_name":"Microsoft-Windows-Security-Auditing","level":"Information","record_id":101009,"scenario":"Normal Failed Logon (user error)","attack_phase":"None","mitre_technique":"None","severity":"low","is_suspicious":false,"subject_user":"SYSTEM","subject_domain":"NT AUTHORITY","target_user":"cwalker","target_domain":"CORP","src_ip":"10.10.10.85","src_port":57098,"dest_host":"WIN-CLIENT-01","logon_type":2,"authentication_package":"NTLM","status":"0xC000006D","sub_status":"0xC0000193","process_name":"C:\\Windows\\System32\\winlogon.exe","process_id":"0x2a4","message":"An account failed to log on. Reason: Account expired"}
{"timestamp":"2026-09-04T20:38:12Z","host":"WIN-CLIENT-02","source":"WinEventLog:Security","sourcetype":"WinEventLog:Security","index":"windows","EventCode":4625,"event_id":4625,"log_name":"Security","computer":"WIN-CLIENT-02.corp.local","provider_name":"Microsoft-Windows-Security-Auditing","level":"Information","record_id":101010,"scenario":"Normal Failed Logon (user error)","attack_phase":"None","mitre_technique":"None","severity":"low","is_suspicious":false,"subject_user":"SYSTEM","subject_domain":"NT AUTHORITY","target_user":"rpatel","target_domain":"CORP","src_ip":"10.10.10.195","src_port":51403,"dest_host":"WIN-CLIENT-02","logon_type":2,"authentication_package":"NTLM","status":"0xC000006D","sub_status":"0xC000006A","process_name":"C:\\Windows\\System32\\winlogon.exe","process_id":"0x2a4","message":"An account failed to log on. Reason: Incorrect password"}
{"timestamp":"2026-09-04T20:46:05Z","host":"WIN-CLIENT-03","source":"WinEventLog:Security","sourcetype":"WinEventLog:Security","index":"windows","EventCode":4625,"event_id":4625,"log_name":"Security","computer":"WIN-CLIENT-03.corp.local","provider_name":"Microsoft-Windows-Security-Auditing","level":"Information","record_id":101011,"scenario":"Normal Failed Logon (user error)","attack_phase":"None","mitre_technique":"None","severity":"low","is_suspicious":false,"subject_user":"SYSTEM","subject_domain":"NT AUTHORITY","target_user":"sbrooks","target_domain":"CORP","src_ip":"10.10.10.159","src_port":58468,"dest_host":"WIN-CLIENT-03","logon_type":3,"authentication_package":"NTLM","status":"0xC000006D","sub_status":"0xC0000193","process_name":"C:\\Windows\\System32\\winlogon.exe","process_id":"0x2a4","message":"An account failed to log on. Reason: Account expired"}
{"timestamp":"2026-09-04T20:49:35Z","host":"WIN-CLIENT-03","source":"WinEventLog:Security","sourcetype":"WinEventLog:Security","index":"windows","EventCode":4625,"event_id":4625,"log_name":"Security","computer":"WIN-CLIENT-03.corp.local","provider_name":"Microsoft-Windows-Security-Auditing","level":"Information","record_id":101012,"scenario":"Normal Failed Logon (user error)","attack_phase":"None","mitre_technique":"None","severity":"low","is_suspicious":false,"subject_user":"SYSTEM","subject_domain":"NT AUTHORITY","target_user":"rpatel","target_domain":"CORP","src_ip":"10.10.10.147","src_port":62014,"dest_host":"WIN-CLIENT-03","logon_type":3,"authentication_package":"NTLM","status":"0xC000006D","sub_status":"0xC0000072","process_name":"C:\\Windows\\System32\\winlogon.exe","process_id":"0x2a4","message":"An account failed to log on. Reason: Account disabled"}
{"timestamp":"2026-09-04T20:57:10Z","host":"WIN-CLIENT-01","source":"WinEventLog:Security","sourcetype":"WinEventLog:Security","index":"windows","EventCode":4625,"event_id":4625,"log_name":"Security","computer":"WIN-CLIENT-01.corp.local","provider_name":"Microsoft-Windows-Security-Auditing","level":"Information","record_id":101013,"scenario":"Normal Failed Logon (user error)","attack_phase":"None","mitre_technique":"None","severity":"low","is_suspicious":false,"subject_user":"SYSTEM","subject_domain":"NT AUTHORITY","target_user":"kwright","target_domain":"CORP","src_ip":"10.10.10.158","src_port":57362,"dest_host":"WIN-CLIENT-01","logon_type":3,"authentication_package":"NTLM","status":"0xC000006D","sub_status":"0xC000006A","process_name":"C:\\Windows\\System32\\winlogon.exe","process_id":"0x2a4","message":"An account failed to log on. Reason: Incorrect password"}
{"timestamp":"2026-09-04T21:11:47Z","host":"WIN-CLIENT-03","source":"WinEventLog:Security","sourcetype":"WinEventLog:Security","index":"windows","EventCode":4625,"event_id":4625,"log_name":"Security","computer":"WIN-CLIENT-03.corp.local","provider_name":"Microsoft-Windows-Security-Auditing","level":"Information","record_id":101014,"scenario":"Normal Failed Logon (user error)","attack_phase":"None","mitre_technique":"None","severity":"low","is_suspicious":false,"subject_user":"SYSTEM","subject_domain":"NT AUTHORITY","target_user":"mchen","target_domain":"CORP","src_ip":"10.10.10.96","src_port":63763,"dest_host":"WIN-CLIENT-03","logon_type":2,"authentication_package":"NTLM","status":"0xC000006D","sub_status":"0xC000006A","process_name":"C:\\Windows\\System32\\winlogon.exe","process_id":"0x2a4","message":"An account failed to log on. Reason: Incorrect password"}
{"timestamp":"2026-09-04T21:11:57Z","host":"WIN-CLIENT-03","source":"WinEventLog:Security","sourcetype":"WinEventLog:Security","index":"windows","EventCode":4625,"event_id":4625,"log_name":"Security","computer":"WIN-CLIENT-03.corp.local","provider_name":"Microsoft-Windows-Security-Auditing","level":"Information","record_id":101015,"scenario":"Normal Failed Logon (user error)","attack_phase":"None","mitre_technique":"None","severity":"low","is_suspicious":false,"subject_user":"SYSTEM","subject_domain":"NT AUTHORITY","target_user":"sbrooks","target_domain":"CORP","src_ip":"10.10.10.222","src_port":53623,"dest_host":"WIN-CLIENT-03","logon_type":2,"authentication_package":"NTLM","status":"0xC000006D","sub_status":"0xC000006A","process_name":"C:\\Windows\\System32\\winlogon.exe","process_id":"0x2a4","message":"An account failed to log on. Reason: Incorrect password"}
{"timestamp":"2026-09-04T21:16:07Z","host":"WIN-CLIENT-05","source":"WinEventLog:Security","sourcetype":"WinEventLog:Security","index":"windows","EventCode":4625,"event_id":4625,"log_name":"Security","computer":"WIN-CLIENT-05.corp.local","provider_name":"Microsoft-Windows-Security-Auditing","level":"Information","record_id":101016,"scenario":"Normal Failed Logon (user error)","attack_phase":"None","mitre_technique":"None","severity":"low","is_suspicious":false,"subject_user":"SYSTEM","subject_domain":"NT AUTHORITY","target_user":"tnguyen","target_domain":"CORP","src_ip":"10.10.10.162","src_port":54212,"dest_host":"WIN-CLIENT-05","logon_type":3,"authentication_package":"NTLM","status":"0xC000006D","sub_status":"0xC0000193","process_name":"C:\\Windows\\System32\\winlogon.exe","process_id":"0x2a4","message":"An account failed to log on. Reason: Account expired"}
{"timestamp":"2026-09-04T21:23:12Z","host":"WIN-CLIENT-04","source":"WinEventLog:Security","sourcetype":"WinEventLog:Security","index":"windows","EventCode":4625,"event_id":4625,"log_name":"Security","computer":"WIN-CLIENT-04.corp.local","provider_name":"Microsoft-Windows-Security-Auditing","level":"Information","record_id":101017,"scenario":"Normal Failed Logon (user error)","attack_phase":"None","mitre_technique":"None","severity":"low","is_suspicious":false,"subject_user":"SYSTEM","subject_domain":"NT AUTHORITY","target_user":"tnguyen","target_domain":"CORP","src_ip":"10.10.10.171","src_port":51841,"dest_host":"WIN-CLIENT-04","logon_type":3,"authentication_package":"NTLM","status":"0xC000006D","sub_status":"0xC0000064","process_name":"C:\\Windows\\System32\\winlogon.exe","process_id":"0x2a4","message":"An account failed to log on. Reason: Invalid username"}
{"timestamp":"2026-09-04T21:25:44Z","host":"WIN-CLIENT-05","source":"WinEventLog:Security","sourcetype":"WinEventLog:Security","index":"windows","EventCode":4625,"event_id":4625,"log_name":"Security","computer":"WIN-CLIENT-05.corp.local","provider_name":"Microsoft-Windows-Security-Auditing","level":"Information","record_id":101018,"scenario":"Normal Failed Logon (user error)","attack_phase":"None","mitre_technique":"None","severity":"low","is_suspicious":false,"subject_user":"SYSTEM","subject_domain":"NT AUTHORITY","target_user":"rpatel","target_domain":"CORP","src_ip":"10.10.10.217","src_port":64146,"dest_host":"WIN-CLIENT-05","logon_type":3,"authentication_package":"NTLM","status":"0xC000006D","sub_status":"0xC0000193","process_name":"C:\\Windows\\System32\\winlogon.exe","process_id":"0x2a4","message":"An account failed to log on. Reason: Account expired"}
{"timestamp":"2026-09-04T21:40:14Z","host":"WIN-CLIENT-02","source":"WinEventLog:Security","sourcetype":"WinEventLog:Security","index":"windows","EventCode":4625,"event_id":4625,"log_name":"Security","computer":"WIN-CLIENT-02.corp.local","provider_name":"Microsoft-Windows-Security-Auditing","level":"Information","record_id":101019,"scenario":"Normal Failed Logon (user error)","attack_phase":"None","mitre_technique":"None","severity":"low","is_suspicious":false,"subject_user":"SYSTEM","subject_domain":"NT AUTHORITY","target_user":"tnguyen","target_domain":"CORP","src_ip":"10.10.10.225","src_port":59978,"dest_host":"WIN-CLIENT-02","logon_type":2,"authentication_package":"NTLM","status":"0xC000006D","sub_status":"0xC0000072","process_name":"C:\\Windows\\System32\\winlogon.exe","process_id":"0x2a4","message":"An account failed to log on. Reason: Account disabled"}
{"timestamp":"2026-09-04T21:42:41Z","host":"WIN-CLIENT-01","source":"WinEventLog:Security","sourcetype":"WinEventLog:Security","index":"windows","EventCode":4625,"event_id":4625,"log_name":"Security","computer":"WIN-CLIENT-01.corp.local","provider_name":"Microsoft-Windows-Security-Auditing","level":"Information","record_id":101020,"scenario":"Normal Failed Logon (user error)","attack_phase":"None","mitre_technique":"None","severity":"low","is_suspicious":false,"subject_user":"SYSTEM","subject_domain":"NT AUTHORITY","target_user":"jsmith","target_domain":"CORP","src_ip":"10.10.10.38","src_port":60818,"dest_host":"WIN-CLIENT-01","logon_type":3,"authentication_package":"NTLM","status":"0xC000006D","sub_status":"0xC000006A","process_name":"C:\\Windows\\System32\\winlogon.exe","process_id":"0x2a4","message":"An account failed to log on. Reason: Incorrect password"}
{"timestamp":"2026-09-04T21:54:04Z","host":"WIN-CLIENT-02","source":"WinEventLog:Security","sourcetype":"WinEventLog:Security","index":"windows","EventCode":4625,"event_id":4625,"log_name":"Security","computer":"WIN-CLIENT-02.corp.local","provider_name":"Microsoft-Windows-Security-Auditing","level":"Information","record_id":101021,"scenario":"Normal Failed Logon (user error)","attack_phase":"None","mitre_technique":"None","severity":"low","is_suspicious":false,"subject_user":"SYSTEM","subject_domain":"NT AUTHORITY","target_user":"tnguyen","target_domain":"CORP","src_ip":"10.10.10.37","src_port":59522,"dest_host":"WIN-CLIENT-02","logon_type":3,"authentication_package":"NTLM","status":"0xC000006D","sub_status":"0xC000006A","process_name":"C:\\Windows\\System32\\winlogon.exe","process_id":"0x2a4","message":"An account failed to log on. Reason: Incorrect password"}
{"timestamp":"2026-09-04T22:08:54Z","host":"WIN-CLIENT-05","source":"WinEventLog:Security","sourcetype":"WinEventLog:Security","index":"windows","EventCode":4625,"event_id":4625,"log_name":"Security","computer":"WIN-CLIENT-05.corp.local","provider_name":"Microsoft-Windows-Security-Auditing","level":"Information","record_id":101022,"scenario":"Normal Failed Logon (user error)","attack_phase":"None","mitre_technique":"None","severity":"low","is_suspicious":false,"subject_user":"SYSTEM","subject_domain":"NT AUTHORITY","target_user":"dohara","target_domain":"CORP","src_ip":"10.10.10.161","src_port":51945,"dest_host":"WIN-CLIENT-05","logon_type":3,"authentication_package":"NTLM","status":"0xC000006D","sub_status":"0xC0000193","process_name":"C:\\Windows\\System32\\winlogon.exe","process_id":"0x2a4","message":"An account failed to log on. Reason: Account expired"}
{"timestamp":"2026-09-04T22:17:45Z","host":"WIN-CLIENT-05","source":"WinEventLog:Security","sourcetype":"WinEventLog:Security","index":"windows","EventCode":4625,"event_id":4625,"log_name":"Security","computer":"WIN-CLIENT-05.corp.local","provider_name":"Microsoft-Windows-Security-Auditing","level":"Information","record_id":101023,"scenario":"Normal Failed Logon (user error)","attack_phase":"None","mitre_technique":"None","severity":"low","is_suspicious":false,"subject_user":"SYSTEM","subject_domain":"NT AUTHORITY","target_user":"tnguyen","target_domain":"CORP","src_ip":"10.10.10.100","src_port":54821,"dest_host":"WIN-CLIENT-05","logon_type":2,"authentication_package":"NTLM","status":"0xC000006D","sub_status":"0xC0000193","process_name":"C:\\Windows\\System32\\winlogon.exe","process_id":"0x2a4","message":"An account failed to log on. Reason: Account expired"}
{"timestamp":"2026-09-04T22:21:05Z","host":"WIN-CLIENT-05","source":"WinEventLog:Security","sourcetype":"WinEventLog:Security","index":"windows","EventCode":4625,"event_id":4625,"log_name":"Security","computer":"WIN-CLIENT-05.corp.local","provider_name":"Microsoft-Windows-Security-Auditing","level":"Information","record_id":101024,"scenario":"Normal Failed Logon (user error)","attack_phase":"None","mitre_technique":"None","severity":"low","is_suspicious":false,"subject_user":"SYSTEM","subject_domain":"NT AUTHORITY","target_user":"tnguyen","target_domain":"CORP","src_ip":"10.10.10.149","src_port":57161,"dest_host":"WIN-CLIENT-05","logon_type":2,"authentication_package":"NTLM","status":"0xC000006D","sub_status":"0xC000006A","process_name":"C:\\Windows\\System32\\winlogon.exe","process_id":"0x2a4","message":"An account failed to log on. Reason: Incorrect password"}
{"timestamp":"2026-09-04T22:33:24Z","host":"WIN-CLIENT-03","source":"WinEventLog:Security","sourcetype":"WinEventLog:Security","index":"windows","EventCode":4625,"event_id":4625,"log_name":"Security","computer":"WIN-CLIENT-03.corp.local","provider_name":"Microsoft-Windows-Security-Auditing","level":"Information","record_id":101025,"scenario":"Normal Failed Logon (user error)","attack_phase":"None","mitre_technique":"None","severity":"low","is_suspicious":false,"subject_user":"SYSTEM","subject_domain":"NT AUTHORITY","target_user":"sbrooks","target_domain":"CORP","src_ip":"10.10.10.239","src_port":57948,"dest_host":"WIN-CLIENT-03","logon_type":3,"authentication_package":"NTLM","status":"0xC000006D","sub_status":"0xC0000193","process_name":"C:\\Windows\\System32\\winlogon.exe","process_id":"0x2a4","message":"An account failed to log on. Reason: Account expired"}
{"timestamp":"2026-09-04T22:34:08Z","host":"WIN-CLIENT-05","source":"WinEventLog:Security","sourcetype":"WinEventLog:Security","index":"windows","EventCode":4625,"event_id":4625,"log_name":"Security","computer":"WIN-CLIENT-05.corp.local","provider_name":"Microsoft-Windows-Security-Auditing","level":"Information","record_id":101026,"scenario":"Normal Failed Logon (user error)","attack_phase":"None","mitre_technique":"None","severity":"low","is_suspicious":false,"subject_user":"SYSTEM","subject_domain":"NT AUTHORITY","target_user":"jsmith","target_domain":"CORP","src_ip":"10.10.10.182","src_port":55038,"dest_host":"WIN-CLIENT-05","logon_type":2,"authentication_package":"NTLM","status":"0xC000006D","sub_status":"0xC0000193","process_name":"C:\\Windows\\System32\\winlogon.exe","process_id":"0x2a4","message":"An account failed to log on. Reason: Account expired"}
{"timestamp":"2026-09-04T22:44:12Z","host":"WIN-CLIENT-01","source":"WinEventLog:Security","sourcetype":"WinEventLog:Security","index":"windows","EventCode":4625,"event_id":4625,"log_name":"Security","computer":"WIN-CLIENT-01.corp.local","provider_name":"Microsoft-Windows-Security-Auditing","level":"Information","record_id":101027,"scenario":"Normal Failed Logon (user error)","attack_phase":"None","mitre_technique":"None","severity":"low","is_suspicious":false,"subject_user":"SYSTEM","subject_domain":"NT AUTHORITY","target_user":"dohara","target_domain":"CORP","src_ip":"10.10.10.188","src_port":60981,"dest_host":"WIN-CLIENT-01","logon_type":3,"authentication_package":"NTLM","status":"0xC000006D","sub_status":"0xC0000064","process_name":"C:\\Windows\\System32\\winlogon.exe","process_id":"0x2a4","message":"An account failed to log on. Reason: Invalid username"}
{"timestamp":"2026-09-04T22:52:18Z","host":"WIN-CLIENT-01","source":"WinEventLog:Security","sourcetype":"WinEventLog:Security","index":"windows","EventCode":4625,"event_id":4625,"log_name":"Security","computer":"WIN-CLIENT-01.corp.local","provider_name":"Microsoft-Windows-Security-Auditing","level":"Information","record_id":101028,"scenario":"Normal Failed Logon (user error)","attack_phase":"None","mitre_technique":"None","severity":"low","is_suspicious":false,"subject_user":"SYSTEM","subject_domain":"NT AUTHORITY","target_user":"sbrooks","target_domain":"CORP","src_ip":"10.10.10.64","src_port":56740,"dest_host":"WIN-CLIENT-01","logon_type":2,"authentication_package":"NTLM","status":"0xC000006D","sub_status":"0xC000006A","process_name":"C:\\Windows\\System32\\winlogon.exe","process_id":"0x2a4","message":"An account failed to log on. Reason: Incorrect password"}
{"timestamp":"2026-09-04T23:04:08Z","host":"WIN-CLIENT-05","source":"WinEventLog:Security","sourcetype":"WinEventLog:Security","index":"windows","EventCode":4625,"event_id":4625,"log_name":"Security","computer":"WIN-CLIENT-05.corp.local","provider_name":"Microsoft-Windows-Security-Auditing","level":"Information","record_id":101029,"scenario":"Normal Failed Logon (user error)","attack_phase":"None","mitre_technique":"None","severity":"low","is_suspicious":false,"subject_user":"SYSTEM","subject_domain":"NT AUTHORITY","target_user":"sbrooks","target_domain":"CORP","src_ip":"10.10.10.158","src_port":49864,"dest_host":"WIN-CLIENT-05","logon_type":3,"authentication_package":"NTLM","status":"0xC000006D","sub_status":"0xC0000072","process_name":"C:\\Windows\\System32\\winlogon.exe","process_id":"0x2a4","message":"An account failed to log on. Reason: Account disabled"}
{"timestamp":"2026-09-04T23:13:25Z","host":"WIN-CLIENT-04","source":"WinEventLog:Security","sourcetype":"WinEventLog:Security","index":"windows","EventCode":4625,"event_id":4625,"log_name":"Security","computer":"WIN-CLIENT-04.corp.local","provider_name":"Microsoft-Windows-Security-Auditing","level":"Information","record_id":101030,"scenario":"Normal Failed Logon (user error)","attack_phase":"None","mitre_technique":"None","severity":"low","is_suspicious":false,"subject_user":"SYSTEM","subject_domain":"NT AUTHORITY","target_user":"jsmith","target_domain":"CORP","src_ip":"10.10.10.133","src_port":63844,"dest_host":"WIN-CLIENT-04","logon_type":3,"authentication_package":"NTLM","status":"0xC000006D","sub_status":"0xC0000193","process_name":"C:\\Windows\\System32\\winlogon.exe","process_id":"0x2a4","message":"An account failed to log on. Reason: Account expired"}
{"timestamp":"2026-09-04T23:23:22Z","host":"WIN-CLIENT-04","source":"WinEventLog:Security","sourcetype":"WinEventLog:Security","index":"windows","EventCode":4625,"event_id":4625,"log_name":"Security","computer":"WIN-CLIENT-04.corp.local","provider_name":"Microsoft-Windows-Security-Auditing","level":"Information","record_id":101031,"scenario":"Normal Failed Logon (user error)","attack_phase":"None","mitre_technique":"None","severity":"low","is_suspicious":false,"subject_user":"SYSTEM","subject_domain":"NT AUTHORITY","target_user":"kwright","target_domain":"CORP","src_ip":"10.10.10.247","src_port":62078,"dest_host":"WIN-CLIENT-04","logon_type":3,"authentication_package":"NTLM","status":"0xC000006D","sub_status":"0xC0000072","process_name":"C:\\Windows\\System32\\winlogon.exe","process_id":"0x2a4","message":"An account failed to log on. Reason: Account disabled"}
{"timestamp":"2026-09-04T23:28:28Z","host":"WIN-CLIENT-01","source":"WinEventLog:Security","sourcetype":"WinEventLog:Security","index":"windows","EventCode":4625,"event_id":4625,"log_name":"Security","computer":"WIN-CLIENT-01.corp.local","provider_name":"Microsoft-Windows-Security-Auditing","level":"Information","record_id":101032,"scenario":"Normal Failed Logon (user error)","attack_phase":"None","mitre_technique":"None","severity":"low","is_suspicious":false,"subject_user":"SYSTEM","subject_domain":"NT AUTHORITY","target_user":"mchen","target_domain":"CORP","src_ip":"10.10.10.188","src_port":61861,"dest_host":"WIN-CLIENT-01","logon_type":3,"authentication_package":"NTLM","status":"0xC000006D","sub_status":"0xC0000072","process_name":"C:\\Windows\\System32\\winlogon.exe","process_id":"0x2a4","message":"An account failed to log on. Reason: Account disabled"}
{"timestamp":"2026-09-04T23:29:40Z","host":"WIN-CLIENT-05","source":"WinEventLog:Security","sourcetype":"WinEventLog:Security","index":"windows","EventCode":4625,"event_id":4625,"log_name":"Security","computer":"WIN-CLIENT-05.corp.local","provider_name":"Microsoft-Windows-Security-Auditing","level":"Information","record_id":101033,"scenario":"Normal Failed Logon (user error)","attack_phase":"None","mitre_technique":"None","severity":"low","is_suspicious":false,"subject_user":"SYSTEM","subject_domain":"NT AUTHORITY","target_user":"dohara","target_domain":"CORP","src_ip":"10.10.10.148","src_port":49845,"dest_host":"WIN-CLIENT-05","logon_type":3,"authentication_package":"NTLM","status":"0xC000006D","sub_status":"0xC0000064","process_name":"C:\\Windows\\System32\\winlogon.exe","process_id":"0x2a4","message":"An account failed to log on. Reason: Invalid username"}
{"timestamp":"2026-09-04T23:43:38Z","host":"WIN-CLIENT-01","source":"WinEventLog:Security","sourcetype":"WinEventLog:Security","index":"windows","EventCode":4625,"event_id":4625,"log_name":"Security","computer":"WIN-CLIENT-01.corp.local","provider_name":"Microsoft-Windows-Security-Auditing","level":"Information","record_id":101034,"scenario":"Normal Failed Logon (user error)","attack_phase":"None","mitre_technique":"None","severity":"low","is_suspicious":false,"subject_user":"SYSTEM","subject_domain":"NT AUTHORITY","target_user":"cwalker","target_domain":"CORP","src_ip":"10.10.10.126","src_port":50351,"dest_host":"WIN-CLIENT-01","logon_type":2,"authentication_package":"NTLM","status":"0xC000006D","sub_status":"0xC0000072","process_name":"C:\\Windows\\System32\\winlogon.exe","process_id":"0x2a4","message":"An account failed to log on. Reason: Account disabled"}
{"timestamp":"2026-09-04T23:52:25Z","host":"WIN-CLIENT-03","source":"WinEventLog:Security","sourcetype":"WinEventLog:Security","index":"windows","EventCode":4625,"event_id":4625,"log_name":"Security","computer":"WIN-CLIENT-03.corp.local","provider_name":"Microsoft-Windows-Security-Auditing","level":"Information","record_id":101035,"scenario":"Normal Failed Logon (user error)","attack_phase":"None","mitre_technique":"None","severity":"low","is_suspicious":false,"subject_user":"SYSTEM","subject_domain":"NT AUTHORITY","target_user":"agarcia","target_domain":"CORP","src_ip":"10.10.10.35","src_port":59089,"dest_host":"WIN-CLIENT-03","logon_type":3,"authentication_package":"NTLM","status":"0xC000006D","sub_status":"0xC0000072","process_name":"C:\\Windows\\System32\\winlogon.exe","process_id":"0x2a4","message":"An account failed to log on. Reason: Account disabled"}
{"timestamp":"2026-09-04T23:57:16Z","host":"WIN-CLIENT-01","source":"WinEventLog:Security","sourcetype":"WinEventLog:Security","index":"windows","EventCode":4625,"event_id":4625,"log_name":"Security","computer":"WIN-CLIENT-01.corp.local","provider_name":"Microsoft-Windows-Security-Auditing","level":"Information","record_id":101036,"scenario":"Normal Failed Logon (user error)","attack_phase":"None","mitre_technique":"None","severity":"low","is_suspicious":false,"subject_user":"SYSTEM","subject_domain":"NT AUTHORITY","target_user":"lwilson","target_domain":"CORP","src_ip":"10.10.10.156","src_port":51860,"dest_host":"WIN-CLIENT-01","logon_type":2,"authentication_package":"NTLM","status":"0xC000006D","sub_status":"0xC000006A","process_name":"C:\\Windows\\System32\\winlogon.exe","process_id":"0x2a4","message":"An account failed to log on. Reason: Incorrect password"}
{"timestamp":"2026-09-05T00:08:40Z","host":"WIN-CLIENT-03","source":"WinEventLog:Security","sourcetype":"WinEventLog:Security","index":"windows","EventCode":4625,"event_id":4625,"log_name":"Security","computer":"WIN-CLIENT-03.corp.local","provider_name":"Microsoft-Windows-Security-Auditing","level":"Information","record_id":101037,"scenario":"Normal Failed Logon (user error)","attack_phase":"None","mitre_technique":"None","severity":"low","is_suspicious":false,"subject_user":"SYSTEM","subject_domain":"NT AUTHORITY","target_user":"dohara","target_domain":"CORP","src_ip":"10.10.10.68","src_port":61820,"dest_host":"WIN-CLIENT-03","logon_type":2,"authentication_package":"NTLM","status":"0xC000006D","sub_status":"0xC0000064","process_name":"C:\\Windows\\System32\\winlogon.exe","process_id":"0x2a4","message":"An account failed to log on. Reason: Invalid username"}
{"timestamp":"2026-09-05T00:17:06Z","host":"WIN-CLIENT-05","source":"WinEventLog:Security","sourcetype":"WinEventLog:Security","index":"windows","EventCode":4625,"event_id":4625,"log_name":"Security","computer":"WIN-CLIENT-05.corp.local","provider_name":"Microsoft-Windows-Security-Auditing","level":"Information","record_id":101038,"scenario":"Normal Failed Logon (user error)","attack_phase":"None","mitre_technique":"None","severity":"low","is_suspicious":false,"subject_user":"SYSTEM","subject_domain":"NT AUTHORITY","target_user":"mchen","target_domain":"CORP","src_ip":"10.10.10.89","src_port":50382,"dest_host":"WIN-CLIENT-05","logon_type":2,"authentication_package":"NTLM","status":"0xC000006D","sub_status":"0xC000006A","process_name":"C:\\Windows\\System32\\winlogon.exe","process_id":"0x2a4","message":"An account failed to log on. Reason: Incorrect password"}
{"timestamp":"2026-09-05T00:27:25Z","host":"WIN-CLIENT-04","source":"WinEventLog:Security","sourcetype":"WinEventLog:Security","index":"windows","EventCode":4625,"event_id":4625,"log_name":"Security","computer":"WIN-CLIENT-04.corp.local","provider_name":"Microsoft-Windows-Security-Auditing","level":"Information","record_id":101039,"scenario":"Normal Failed Logon (user error)","attack_phase":"None","mitre_technique":"None","severity":"low","is_suspicious":false,"subject_user":"SYSTEM","subject_domain":"NT AUTHORITY","target_user":"mchen","target_domain":"CORP","src_ip":"10.10.10.199","src_port":55277,"dest_host":"WIN-CLIENT-04","logon_type":2,"authentication_package":"NTLM","status":"0xC000006D","sub_status":"0xC0000193","process_name":"C:\\Windows\\System32\\winlogon.exe","process_id":"0x2a4","message":"An account failed to log on. Reason: Account expired"}
{"timestamp":"2026-09-05T00:38:51Z","host":"WIN-CLIENT-02","source":"WinEventLog:Security","sourcetype":"WinEventLog:Security","index":"windows","EventCode":4625,"event_id":4625,"log_name":"Security","computer":"WIN-CLIENT-02.corp.local","provider_name":"Microsoft-Windows-Security-Auditing","level":"Information","record_id":101040,"scenario":"Normal Failed Logon (user error)","attack_phase":"None","mitre_technique":"None","severity":"low","is_suspicious":false,"subject_user":"SYSTEM","subject_domain":"NT AUTHORITY","target_user":"dohara","target_domain":"CORP","src_ip":"10.10.10.149","src_port":61031,"dest_host":"WIN-CLIENT-02","logon_type":3,"authentication_package":"NTLM","status":"0xC000006D","sub_status":"0xC0000064","process_name":"C:\\Windows\\System32\\winlogon.exe","process_id":"0x2a4","message":"An account failed to log on. Reason: Invalid username"}
{"timestamp":"2026-09-05T00:39:56Z","host":"WIN-CLIENT-01","source":"WinEventLog:Security","sourcetype":"WinEventLog:Security","index":"windows","EventCode":4625,"event_id":4625,"log_name":"Security","computer":"WIN-CLIENT-01.corp.local","provider_name":"Microsoft-Windows-Security-Auditing","level":"Information","record_id":101041,"scenario":"Normal Failed Logon (user error)","attack_phase":"None","mitre_technique":"None","severity":"low","is_suspicious":false,"subject_user":"SYSTEM","subject_domain":"NT AUTHORITY","target_user":"lwilson","target_domain":"CORP","src_ip":"10.10.10.44","src_port":56602,"dest_host":"WIN-CLIENT-01","logon_type":3,"authentication_package":"NTLM","status":"0xC000006D","sub_status":"0xC000006A","process_name":"C:\\Windows\\System32\\winlogon.exe","process_id":"0x2a4","message":"An account failed to log on. Reason: Incorrect password"}
{"timestamp":"2026-09-05T00:48:13Z","host":"WIN-CLIENT-04","source":"WinEventLog:Security","sourcetype":"WinEventLog:Security","index":"windows","EventCode":4625,"event_id":4625,"log_name":"Security","computer":"WIN-CLIENT-04.corp.local","provider_name":"Microsoft-Windows-Security-Auditing","level":"Information","record_id":101042,"scenario":"Normal Failed Logon (user error)","attack_phase":"None","mitre_technique":"None","severity":"low","is_suspicious":false,"subject_user":"SYSTEM","subject_domain":"NT AUTHORITY","target_user":"lwilson","target_domain":"CORP","src_ip":"10.10.10.99","src_port":60198,"dest_host":"WIN-CLIENT-04","logon_type":3,"authentication_package":"NTLM","status":"0xC000006D","sub_status":"0xC0000064","process_name":"C:\\Windows\\System32\\winlogon.exe","process_id":"0x2a4","message":"An account failed to log on. Reason: Invalid username"}
{"timestamp":"2026-09-05T00:56:28Z","host":"WIN-CLIENT-02","source":"WinEventLog:Security","sourcetype":"WinEventLog:Security","index":"windows","EventCode":4625,"event_id":4625,"log_name":"Security","computer":"WIN-CLIENT-02.corp.local","provider_name":"Microsoft-Windows-Security-Auditing","level":"Information","record_id":101043,"scenario":"Normal Failed Logon (user error)","attack_phase":"None","mitre_technique":"None","severity":"low","is_suspicious":false,"subject_user":"SYSTEM","subject_domain":"NT AUTHORITY","target_user":"lwilson","target_domain":"CORP","src_ip":"10.10.10.5","src_port":53731,"dest_host":"WIN-CLIENT-02","logon_type":3,"authentication_package":"NTLM","status":"0xC000006D","sub_status":"0xC0000193","process_name":"C:\\Windows\\System32\\winlogon.exe","process_id":"0x2a4","message":"An account failed to log on. Reason: Account expired"}
{"timestamp":"2026-09-05T01:03:09Z","host":"WIN-CLIENT-05","source":"WinEventLog:Security","sourcetype":"WinEventLog:Security","index":"windows","EventCode":4625,"event_id":4625,"log_name":"Security","computer":"WIN-CLIENT-05.corp.local","provider_name":"Microsoft-Windows-Security-Auditing","level":"Information","record_id":101044,"scenario":"Normal Failed Logon (user error)","attack_phase":"None","mitre_technique":"None","severity":"low","is_suspicious":false,"subject_user":"SYSTEM","subject_domain":"NT AUTHORITY","target_user":"kwright","target_domain":"CORP","src_ip":"10.10.10.26","src_port":64035,"dest_host":"WIN-CLIENT-05","logon_type":3,"authentication_package":"NTLM","status":"0xC000006D","sub_status":"0xC000006A","process_name":"C:\\Windows\\System32\\winlogon.exe","process_id":"0x2a4","message":"An account failed to log on. Reason: Incorrect password"}
{"timestamp":"2026-09-05T01:17:43Z","host":"WIN-CLIENT-05","source":"WinEventLog:Security","sourcetype":"WinEventLog:Security","index":"windows","EventCode":4625,"event_id":4625,"log_name":"Security","computer":"WIN-CLIENT-05.corp.local","provider_name":"Microsoft-Windows-Security-Auditing","level":"Information","record_id":101045,"scenario":"Normal Failed Logon (user error)","attack_phase":"None","mitre_technique":"None","severity":"low","is_suspicious":false,"subject_user":"SYSTEM","subject_domain":"NT AUTHORITY","target_user":"tnguyen","target_domain":"CORP","src_ip":"10.10.10.87","src_port":53429,"dest_host":"WIN-CLIENT-05","logon_type":3,"authentication_package":"NTLM","status":"0xC000006D","sub_status":"0xC0000072","process_name":"C:\\Windows\\System32\\winlogon.exe","process_id":"0x2a4","message":"An account failed to log on. Reason: Account disabled"}
{"timestamp":"2026-09-05T01:31:34Z","host":"WIN-CLIENT-03","source":"WinEventLog:Security","sourcetype":"WinEventLog:Security","index":"windows","EventCode":4625,"event_id":4625,"log_name":"Security","computer":"WIN-CLIENT-03.corp.local","provider_name":"Microsoft-Windows-Security-Auditing","level":"Information","record_id":101046,"scenario":"Normal Failed Logon (user error)","attack_phase":"None","mitre_technique":"None","severity":"low","is_suspicious":false,"subject_user":"SYSTEM","subject_domain":"NT AUTHORITY","target_user":"agarcia","target_domain":"CORP","src_ip":"10.10.10.120","src_port":61667,"dest_host":"WIN-CLIENT-03","logon_type":2,"authentication_package":"NTLM","status":"0xC000006D","sub_status":"0xC0000193","process_name":"C:\\Windows\\System32\\winlogon.exe","process_id":"0x2a4","message":"An account failed to log on. Reason: Account expired"}
{"timestamp":"2026-09-05T01:44:15Z","host":"WIN-CLIENT-02","source":"WinEventLog:Security","sourcetype":"WinEventLog:Security","index":"windows","EventCode":4625,"event_id":4625,"log_name":"Security","computer":"WIN-CLIENT-02.corp.local","provider_name":"Microsoft-Windows-Security-Auditing","level":"Information","record_id":101047,"scenario":"Normal Failed Logon (user error)","attack_phase":"None","mitre_technique":"None","severity":"low","is_suspicious":false,"subject_user":"SYSTEM","subject_domain":"NT AUTHORITY","target_user":"cwalker","target_domain":"CORP","src_ip":"10.10.10.175","src_port":60309,"dest_host":"WIN-CLIENT-02","logon_type":2,"authentication_package":"NTLM","status":"0xC000006D","sub_status":"0xC0000072","process_name":"C:\\Windows\\System32\\winlogon.exe","process_id":"0x2a4","message":"An account failed to log on. Reason: Account disabled"}
{"timestamp":"2026-09-05T01:49:45Z","host":"WIN-CLIENT-01","source":"WinEventLog:Security","sourcetype":"WinEventLog:Security","index":"windows","EventCode":4625,"event_id":4625,"log_name":"Security","computer":"WIN-CLIENT-01.corp.local","provider_name":"Microsoft-Windows-Security-Auditing","level":"Information","record_id":101048,"scenario":"Normal Failed Logon (user error)","attack_phase":"None","mitre_technique":"None","severity":"low","is_suspicious":false,"subject_user":"SYSTEM","subject_domain":"NT AUTHORITY","target_user":"sbrooks","target_domain":"CORP","src_ip":"10.10.10.214","src_port":50113,"dest_host":"WIN-CLIENT-01","logon_type":2,"authentication_package":"NTLM","status":"0xC000006D","sub_status":"0xC000006A","process_name":"C:\\Windows\\System32\\winlogon.exe","process_id":"0x2a4","message":"An account failed to log on. Reason: Incorrect password"}
{"timestamp":"2026-09-05T01:56:56Z","host":"WIN-CLIENT-05","source":"WinEventLog:Security","sourcetype":"WinEventLog:Security","index":"windows","EventCode":4625,"event_id":4625,"log_name":"Security","computer":"WIN-CLIENT-05.corp.local","provider_name":"Microsoft-Windows-Security-Auditing","level":"Information","record_id":101049,"scenario":"Normal Failed Logon (user error)","attack_phase":"None","mitre_technique":"None","severity":"low","is_suspicious":false,"subject_user":"SYSTEM","subject_domain":"NT AUTHORITY","target_user":"agarcia","target_domain":"CORP","src_ip":"10.10.10.177","src_port":56306,"dest_host":"WIN-CLIENT-05","logon_type":3,"authentication_package":"NTLM","status":"0xC000006D","sub_status":"0xC000006A","process_name":"C:\\Windows\\System32\\winlogon.exe","process_id":"0x2a4","message":"An account failed to log on. Reason: Incorrect password"}
{"timestamp":"2026-09-05T02:00:50Z","host":"WIN-CLIENT-03","source":"WinEventLog:Security","sourcetype":"WinEventLog:Security","index":"windows","EventCode":4625,"event_id":4625,"log_name":"Security","computer":"WIN-CLIENT-03.corp.local","provider_name":"Microsoft-Windows-Security-Auditing","level":"Information","record_id":101050,"scenario":"Normal Failed Logon (user error)","attack_phase":"None","mitre_technique":"None","severity":"low","is_suspicious":false,"subject_user":"SYSTEM","subject_domain":"NT AUTHORITY","target_user":"lwilson","target_domain":"CORP","src_ip":"10.10.10.10","src_port":49388,"dest_host":"WIN-CLIENT-03","logon_type":2,"authentication_package":"NTLM","status":"0xC000006D","sub_status":"0xC0000064","process_name":"C:\\Windows\\System32\\winlogon.exe","process_id":"0x2a4","message":"An account failed to log on. Reason: Invalid username"}
{"timestamp":"2026-09-05T02:01:58Z","host":"WIN-CLIENT-02","source":"WinEventLog:Security","sourcetype":"WinEventLog:Security","index":"windows","EventCode":4625,"event_id":4625,"log_name":"Security","computer":"WIN-CLIENT-02.corp.local","provider_name":"Microsoft-Windows-Security-Auditing","level":"Information","record_id":101051,"scenario":"Normal Failed Logon (user error)","attack_phase":"None","mitre_technique":"None","severity":"low","is_suspicious":false,"subject_user":"SYSTEM","subject_domain":"NT AUTHORITY","target_user":"cwalker","target_domain":"CORP","src_ip":"10.10.10.183","src_port":64692,"dest_host":"WIN-CLIENT-02","logon_type":2,"authentication_package":"NTLM","status":"0xC000006D","sub_status":"0xC000006A","process_name":"C:\\Windows\\System32\\winlogon.exe","process_id":"0x2a4","message":"An account failed to log on. Reason: Incorrect password"}
{"timestamp":"2026-09-05T02:03:36Z","host":"WIN-CLIENT-02","source":"WinEventLog:Security","sourcetype":"WinEventLog:Security","index":"windows","EventCode":4625,"event_id":4625,"log_name":"Security","computer":"WIN-CLIENT-02.corp.local","provider_name":"Microsoft-Windows-Security-Auditing","level":"Information","record_id":101052,"scenario":"Normal Failed Logon (user error)","attack_phase":"None","mitre_technique":"None","severity":"low","is_suspicious":false,"subject_user":"SYSTEM","subject_domain":"NT AUTHORITY","target_user":"cwalker","target_domain":"CORP","src_ip":"10.10.10.170","src_port":61515,"dest_host":"WIN-CLIENT-02","logon_type":2,"authentication_package":"NTLM","status":"0xC000006D","sub_status":"0xC0000193","process_name":"C:\\Windows\\System32\\winlogon.exe","process_id":"0x2a4","message":"An account failed to log on. Reason: Account expired"}
{"timestamp":"2026-09-05T02:05:39Z","host":"WIN-CLIENT-03","source":"WinEventLog:Security","sourcetype":"WinEventLog:Security","index":"windows","EventCode":4625,"event_id":4625,"log_name":"Security","computer":"WIN-CLIENT-03.corp.local","provider_name":"Microsoft-Windows-Security-Auditing","level":"Information","record_id":101053,"scenario":"Normal Failed Logon (user error)","attack_phase":"None","mitre_technique":"None","severity":"low","is_suspicious":false,"subject_user":"SYSTEM","subject_domain":"NT AUTHORITY","target_user":"mchen","target_domain":"CORP","src_ip":"10.10.10.121","src_port":59821,"dest_host":"WIN-CLIENT-03","logon_type":2,"authentication_package":"NTLM","status":"0xC000006D","sub_status":"0xC0000072","process_name":"C:\\Windows\\System32\\winlogon.exe","process_id":"0x2a4","message":"An account failed to log on. Reason: Account disabled"}
{"timestamp":"2026-09-05T02:16:43Z","host":"WIN-CLIENT-03","source":"WinEventLog:Security","sourcetype":"WinEventLog:Security","index":"windows","EventCode":4625,"event_id":4625,"log_name":"Security","computer":"WIN-CLIENT-03.corp.local","provider_name":"Microsoft-Windows-Security-Auditing","level":"Information","record_id":101054,"scenario":"Normal Failed Logon (user error)","attack_phase":"None","mitre_technique":"None","severity":"low","is_suspicious":false,"subject_user":"SYSTEM","subject_domain":"NT AUTHORITY","target_user":"dohara","target_domain":"CORP","src_ip":"10.10.10.179","src_port":63801,"dest_host":"WIN-CLIENT-03","logon_type":3,"authentication_package":"NTLM","status":"0xC000006D","sub_status":"0xC0000193","process_name":"C:\\Windows\\System32\\winlogon.exe","process_id":"0x2a4","message":"An account failed to log on. Reason: Account expired"}
{"timestamp":"2026-09-05T02:21:16Z","host":"WIN-CLIENT-01","source":"WinEventLog:Security","sourcetype":"WinEventLog:Security","index":"windows","EventCode":4625,"event_id":4625,"log_name":"Security","computer":"WIN-CLIENT-01.corp.local","provider_name":"Microsoft-Windows-Security-Auditing","level":"Information","record_id":101055,"scenario":"Normal Failed Logon (user error)","attack_phase":"None","mitre_technique":"None","severity":"low","is_suspicious":false,"subject_user":"SYSTEM","subject_domain":"NT AUTHORITY","target_user":"mchen","target_domain":"CORP","src_ip":"10.10.10.200","src_port":50022,"dest_host":"WIN-CLIENT-01","logon_type":3,"authentication_package":"NTLM","status":"0xC000006D","sub_status":"0xC0000072","process_name":"C:\\Windows\\System32\\winlogon.exe","process_id":"0x2a4","message":"An account failed to log on. Reason: Account disabled"}
{"timestamp":"2026-09-05T02:28:03Z","host":"WIN-CLIENT-01","source":"WinEventLog:Security","sourcetype":"WinEventLog:Security","index":"windows","EventCode":4625,"event_id":4625,"log_name":"Security","computer":"WIN-CLIENT-01.corp.local","provider_name":"Microsoft-Windows-Security-Auditing","level":"Information","record_id":101056,"scenario":"Normal Failed Logon (user error)","attack_phase":"None","mitre_technique":"None","severity":"low","is_suspicious":false,"subject_user":"SYSTEM","subject_domain":"NT AUTHORITY","target_user":"kwright","target_domain":"CORP","src_ip":"10.10.10.246","src_port":62316,"dest_host":"WIN-CLIENT-01","logon_type":3,"authentication_package":"NTLM","status":"0xC000006D","sub_status":"0xC0000072","process_name":"C:\\Windows\\System32\\winlogon.exe","process_id":"0x2a4","message":"An account failed to log on. Reason: Account disabled"}
{"timestamp":"2026-09-05T02:31:15Z","host":"WIN-CLIENT-01","source":"WinEventLog:Security","sourcetype":"WinEventLog:Security","index":"windows","EventCode":4625,"event_id":4625,"log_name":"Security","computer":"WIN-CLIENT-01.corp.local","provider_name":"Microsoft-Windows-Security-Auditing","level":"Information","record_id":101057,"scenario":"Normal Failed Logon (user error)","attack_phase":"None","mitre_technique":"None","severity":"low","is_suspicious":false,"subject_user":"SYSTEM","subject_domain":"NT AUTHORITY","target_user":"dohara","target_domain":"CORP","src_ip":"10.10.10.239","src_port":52287,"dest_host":"WIN-CLIENT-01","logon_type":3,"authentication_package":"NTLM","status":"0xC000006D","sub_status":"0xC0000193","process_name":"C:\\Windows\\System32\\winlogon.exe","process_id":"0x2a4","message":"An account failed to log on. Reason: Account expired"}
{"timestamp":"2026-09-05T02:34:27Z","host":"WIN-CLIENT-01","source":"WinEventLog:Security","sourcetype":"WinEventLog:Security","index":"windows","EventCode":4625,"event_id":4625,"log_name":"Security","computer":"WIN-CLIENT-01.corp.local","provider_name":"Microsoft-Windows-Security-Auditing","level":"Information","record_id":101058,"scenario":"Normal Failed Logon (user error)","attack_phase":"None","mitre_technique":"None","severity":"low","is_suspicious":false,"subject_user":"SYSTEM","subject_domain":"NT AUTHORITY","target_user":"dohara","target_domain":"CORP","src_ip":"10.10.10.140","src_port":61594,"dest_host":"WIN-CLIENT-01","logon_type":3,"authentication_package":"NTLM","status":"0xC000006D","sub_status":"0xC0000064","process_name":"C:\\Windows\\System32\\winlogon.exe","process_id":"0x2a4","message":"An account failed to log on. Reason: Invalid username"}
{"timestamp":"2026-09-05T02:38:20Z","host":"WIN-CLIENT-01","source":"WinEventLog:Security","sourcetype":"WinEventLog:Security","index":"windows","EventCode":4625,"event_id":4625,"log_name":"Security","computer":"WIN-CLIENT-01.corp.local","provider_name":"Microsoft-Windows-Security-Auditing","level":"Information","record_id":101059,"scenario":"Normal Failed Logon (user error)","attack_phase":"None","mitre_technique":"None","severity":"low","is_suspicious":false,"subject_user":"SYSTEM","subject_domain":"NT AUTHORITY","target_user":"cwalker","target_domain":"CORP","src_ip":"10.10.10.185","src_port":53243,"dest_host":"WIN-CLIENT-01","logon_type":2,"authentication_package":"NTLM","status":"0xC000006D","sub_status":"0xC0000193","process_name":"C:\\Windows\\System32\\winlogon.exe","process_id":"0x2a4","message":"An account failed to log on. Reason: Account expired"}
{"timestamp":"2026-09-05T02:39:05Z","host":"WIN-CLIENT-01","source":"WinEventLog:Security","sourcetype":"WinEventLog:Security","index":"windows","EventCode":4625,"event_id":4625,"log_name":"Security","computer":"WIN-CLIENT-01.corp.local","provider_name":"Microsoft-Windows-Security-Auditing","level":"Information","record_id":101060,"scenario":"Normal Failed Logon (user error)","attack_phase":"None","mitre_technique":"None","severity":"low","is_suspicious":false,"subject_user":"SYSTEM","subject_domain":"NT AUTHORITY","target_user":"agarcia","target_domain":"CORP","src_ip":"10.10.10.200","src_port":56305,"dest_host":"WIN-CLIENT-01","logon_type":2,"authentication_package":"NTLM","status":"0xC000006D","sub_status":"0xC0000072","process_name":"C:\\Windows\\System32\\winlogon.exe","process_id":"0x2a4","message":"An account failed to log on. Reason: Account disabled"}
{"timestamp":"2026-09-05T02:47:44Z","host":"WIN-CLIENT-01","source":"WinEventLog:Security","sourcetype":"WinEventLog:Security","index":"windows","EventCode":4625,"event_id":4625,"log_name":"Security","computer":"WIN-CLIENT-01.corp.local","provider_name":"Microsoft-Windows-Security-Auditing","level":"Information","record_id":101061,"scenario":"Normal Failed Logon (user error)","attack_phase":"None","mitre_technique":"None","severity":"low","is_suspicious":false,"subject_user":"SYSTEM","subject_domain":"NT AUTHORITY","target_user":"mchen","target_domain":"CORP","src_ip":"10.10.10.172","src_port":55397,"dest_host":"WIN-CLIENT-01","logon_type":3,"authentication_package":"NTLM","status":"0xC000006D","sub_status":"0xC000006A","process_name":"C:\\Windows\\System32\\winlogon.exe","process_id":"0x2a4","message":"An account failed to log on. Reason: Incorrect password"}
