{"timestamp":"2026-09-08T00:18:01Z","host":"WIN-DC-01","source":"WinEventLog:Security","sourcetype":"WinEventLog:Security","index":"windows","EventCode":4768,"event_id":4768,"log_name":"Security","computer":"WIN-DC-01.corp.local","provider_name":"Microsoft-Windows-Security-Auditing","level":"Information","record_id":101721,"scenario":"Normal Kerberos TGT Request","attack_phase":"None","mitre_technique":"None","severity":"low","is_suspicious":false,"target_user":"mchen","target_domain":"CORP","src_ip":"10.10.10.156","dest_host":"WIN-DC-01","authentication_package":"Kerberos","certificate_issuer_name":"","pre_auth_type":"2","message":"A Kerberos authentication ticket (TGT) was requested."}
{"timestamp":"2026-09-08T00:19:08Z","host":"WIN-DC-02","source":"WinEventLog:Security","sourcetype":"WinEventLog:Security","index":"windows","EventCode":4768,"event_id":4768,"log_name":"Security","computer":"WIN-DC-02.corp.local","provider_name":"Microsoft-Windows-Security-Auditing","level":"Information","record_id":101722,"scenario":"Normal Kerberos TGT Request","attack_phase":"None","mitre_technique":"None","severity":"low","is_suspicious":false,"target_user":"sbrooks","target_domain":"CORP","src_ip":"10.10.10.245","dest_host":"WIN-DC-02","authentication_package":"Kerberos","certificate_issuer_name":"","pre_auth_type":"2","message":"A Kerberos authentication ticket (TGT) was requested."}
{"timestamp":"2026-09-08T00:21:20Z","host":"WIN-DC-02","source":"WinEventLog:Security","sourcetype":"WinEventLog:Security","index":"windows","EventCode":4768,"event_id":4768,"log_name":"Security","computer":"WIN-DC-02.corp.local","provider_name":"Microsoft-Windows-Security-Auditing","level":"Information","record_id":101723,"scenario":"Normal Kerberos TGT Request","attack_phase":"None","mitre_technique":"None","severity":"low","is_suspicious":false,"target_user":"kwright","target_domain":"CORP","src_ip":"10.10.10.160","dest_host":"WIN-DC-02","authentication_package":"Kerberos","certificate_issuer_name":"","pre_auth_type":"2","message":"A Kerberos authentication ticket (TGT) was requested."}
{"timestamp":"2026-09-08T00:25:28Z","host":"WIN-DC-02","source":"WinEventLog:Security","sourcetype":"WinEventLog:Security","index":"windows","EventCode":4768,"event_id":4768,"log_name":"Security","computer":"WIN-DC-02.corp.local","provider_name":"Microsoft-Windows-Security-Auditing","level":"Information","record_id":101724,"scenario":"Normal Kerberos TGT Request","attack_phase":"None","mitre_technique":"None","severity":"low","is_suspicious":false,"target_user":"sbrooks","target_domain":"CORP","src_ip":"10.10.10.171","dest_host":"WIN-DC-02","authentication_package":"Kerberos","certificate_issuer_name":"","pre_auth_type":"2","message":"A Kerberos authentication ticket (TGT) was requested."}
{"timestamp":"2026-09-08T00:27:09Z","host":"WIN-DC-02","source":"WinEventLog:Security","sourcetype":"WinEventLog:Security","index":"windows","EventCode":4768,"event_id":4768,"log_name":"Security","computer":"WIN-DC-02.corp.local","provider_name":"Microsoft-Windows-Security-Auditing","level":"Information","record_id":101725,"scenario":"Normal Kerberos TGT Request","attack_phase":"None","mitre_technique":"None","severity":"low","is_suspicious":false,"target_user":"jsmith","target_domain":"CORP","src_ip":"10.10.10.6","dest_host":"WIN-DC-02","authentication_package":"Kerberos","certificate_issuer_name":"","pre_auth_type":"2","message":"A Kerberos authentication ticket (TGT) was requested."}
{"timestamp":"2026-09-08T00:30:18Z","host":"WIN-DC-02","source":"WinEventLog:Security","sourcetype":"WinEventLog:Security","index":"windows","EventCode":4768,"event_id":4768,"log_name":"Security","computer":"WIN-DC-02.corp.local","provider_name":"Microsoft-Windows-Security-Auditing","level":"Information","record_id":101726,"scenario":"Normal Kerberos TGT Request","attack_phase":"None","mitre_technique":"None","severity":"low","is_suspicious":false,"target_user":"jsmith","target_domain":"CORP","src_ip":"10.10.10.175","dest_host":"WIN-DC-02","authentication_package":"Kerberos","certificate_issuer_name":"","pre_auth_type":"2","message":"A Kerberos authentication ticket (TGT) was requested."}
{"timestamp":"2026-09-08T00:34:10Z","host":"WIN-DC-02","source":"WinEventLog:Security","sourcetype":"WinEventLog:Security","index":"windows","EventCode":4768,"event_id":4768,"log_name":"Security","computer":"WIN-DC-02.corp.local","provider_name":"Microsoft-Windows-Security-Auditing","level":"Information","record_id":101727,"scenario":"Normal Kerberos TGT Request","attack_phase":"None","mitre_technique":"None","severity":"low","is_suspicious":false,"target_user":"rpatel","target_domain":"CORP","src_ip":"10.10.10.104","dest_host":"WIN-DC-02","authentication_package":"Kerberos","certificate_issuer_name":"","pre_auth_type":"2","message":"A Kerberos authentication ticket (TGT) was requested."}
{"timestamp":"2026-09-08T00:34:56Z","host":"WIN-DC-02","source":"WinEventLog:Security","sourcetype":"WinEventLog:Security","index":"windows","EventCode":4768,"event_id":4768,"log_name":"Security","computer":"WIN-DC-02.corp.local","provider_name":"Microsoft-Windows-Security-Auditing","level":"Information","record_id":101728,"scenario":"Normal Kerberos TGT Request","attack_phase":"None","mitre_technique":"None","severity":"low","is_suspicious":false,"target_user":"kwright","target_domain":"CORP","src_ip":"10.10.10.242","dest_host":"WIN-DC-02","authentication_package":"Kerberos","certificate_issuer_name":"","pre_auth_type":"2","message":"A Kerberos authentication ticket (TGT) was requested."}
{"timestamp":"2026-09-08T00:39:04Z","host":"WIN-DC-02","source":"WinEventLog:Security","sourcetype":"WinEventLog:Security","index":"windows","EventCode":4768,"event_id":4768,"log_name":"Security","computer":"WIN-DC-02.corp.local","provider_name":"Microsoft-Windows-Security-Auditing","level":"Information","record_id":101729,"scenario":"Normal Kerberos TGT Request","attack_phase":"None","mitre_technique":"None","severity":"low","is_suspicious":false,"target_user":"agarcia","target_domain":"CORP","src_ip":"10.10.10.77","dest_host":"WIN-DC-02","authentication_package":"Kerberos","certificate_issuer_name":"","pre_auth_type":"2","message":"A Kerberos authentication ticket (TGT) was requested."}
{"timestamp":"2026-09-08T00:40:48Z","host":"WIN-DC-01","source":"WinEventLog:Security","sourcetype":"WinEventLog:Security","index":"windows","EventCode":4768,"event_id":4768,"log_name":"Security","computer":"WIN-DC-01.corp.local","provider_name":"Microsoft-Windows-Security-Auditing","level":"Information","record_id":101730,"scenario":"Normal Kerberos TGT Request","attack_phase":"None","mitre_technique":"None","severity":"low","is_suspicious":false,"target_user":"mchen","target_domain":"CORP","src_ip":"10.10.10.34","dest_host":"WIN-DC-01","authentication_package":"Kerberos","certificate_issuer_name":"","pre_auth_type":"2","message":"A Kerberos authentication ticket (TGT) was requested."}
{"timestamp":"2026-09-08T00:45:07Z","host":"WIN-DC-02","source":"WinEventLog:Security","sourcetype":"WinEventLog:Security","index":"windows","EventCode":4768,"event_id":4768,"log_name":"Security","computer":"WIN-DC-02.corp.local","provider_name":"Microsoft-Windows-Security-Auditing","level":"Information","record_id":101731,"scenario":"Normal Kerberos TGT Request","attack_phase":"None","mitre_technique":"None","severity":"low","is_suspicious":false,"target_user":"agarcia","target_domain":"CORP","src_ip":"10.10.10.215","dest_host":"WIN-DC-02","authentication_package":"Kerberos","certificate_issuer_name":"","pre_auth_type":"2","message":"A Kerberos authentication ticket (TGT) was requested."}
{"timestamp":"2026-09-08T00:49:52Z","host":"WIN-DC-01","source":"WinEventLog:Security","sourcetype":"WinEventLog:Security","index":"windows","EventCode":4768,"event_id":4768,"log_name":"Security","computer":"WIN-DC-01.corp.local","provider_name":"Microsoft-Windows-Security-Auditing","level":"Information","record_id":101732,"scenario":"Normal Kerberos TGT Request","attack_phase":"None","mitre_technique":"None","severity":"low","is_suspicious":false,"target_user":"dohara","target_domain":"CORP","src_ip":"10.10.10.231","dest_host":"WIN-DC-01","authentication_package":"Kerberos","certificate_issuer_name":"","pre_auth_type":"2","message":"A Kerberos authentication ticket (TGT) was requested."}
{"timestamp":"2026-09-08T00:53:45Z","host":"WIN-DC-02","source":"WinEventLog:Security","sourcetype":"WinEventLog:Security","index":"windows","EventCode":4768,"event_id":4768,"log_name":"Security","computer":"WIN-DC-02.corp.local","provider_name":"Microsoft-Windows-Security-Auditing","level":"Information","record_id":101733,"scenario":"Normal Kerberos TGT Request","attack_phase":"None","mitre_technique":"None","severity":"low","is_suspicious":false,"target_user":"agarcia","target_domain":"CORP","src_ip":"10.10.10.171","dest_host":"WIN-DC-02","authentication_package":"Kerberos","certificate_issuer_name":"","pre_auth_type":"2","message":"A Kerberos authentication ticket (TGT) was requested."}
{"timestamp":"2026-09-08T00:58:26Z","host":"WIN-DC-01","source":"WinEventLog:Security","sourcetype":"WinEventLog:Security","index":"windows","EventCode":4768,"event_id":4768,"log_name":"Security","computer":"WIN-DC-01.corp.local","provider_name":"Microsoft-Windows-Security-Auditing","level":"Information","record_id":101734,"scenario":"Normal Kerberos TGT Request","attack_phase":"None","mitre_technique":"None","severity":"low","is_suspicious":false,"target_user":"rpatel","target_domain":"CORP","src_ip":"10.10.10.56","dest_host":"WIN-DC-01","authentication_package":"Kerberos","certificate_issuer_name":"","pre_auth_type":"2","message":"A Kerberos authentication ticket (TGT) was requested."}
{"timestamp":"2026-09-08T00:59:58Z","host":"WIN-DC-01","source":"WinEventLog:Security","sourcetype":"WinEventLog:Security","index":"windows","EventCode":4768,"event_id":4768,"log_name":"Security","computer":"WIN-DC-01.corp.local","provider_name":"Microsoft-Windows-Security-Auditing","level":"Information","record_id":101735,"scenario":"Normal Kerberos TGT Request","attack_phase":"None","mitre_technique":"None","severity":"low","is_suspicious":false,"target_user":"agarcia","target_domain":"CORP","src_ip":"10.10.10.113","dest_host":"WIN-DC-01","authentication_package":"Kerberos","certificate_issuer_name":"","pre_auth_type":"2","message":"A Kerberos authentication ticket (TGT) was requested."}
{"timestamp":"2026-09-08T01:00:17Z","host":"WIN-DC-02","source":"WinEventLog:Security","sourcetype":"WinEventLog:Security","index":"windows","EventCode":4768,"event_id":4768,"log_name":"Security","computer":"WIN-DC-02.corp.local","provider_name":"Microsoft-Windows-Security-Auditing","level":"Information","record_id":101736,"scenario":"Normal Kerberos TGT Request","attack_phase":"None","mitre_technique":"None","severity":"low","is_suspicious":false,"target_user":"mchen","target_domain":"CORP","src_ip":"10.10.10.233","dest_host":"WIN-DC-02","authentication_package":"Kerberos","certificate_issuer_name":"","pre_auth_type":"2","message":"A Kerberos authentication ticket (TGT) was requested."}
{"timestamp":"2026-09-08T01:03:38Z","host":"WIN-DC-01","source":"WinEventLog:Security","sourcetype":"WinEventLog:Security","index":"windows","EventCode":4768,"event_id":4768,"log_name":"Security","computer":"WIN-DC-01.corp.local","provider_name":"Microsoft-Windows-Security-Auditing","level":"Information","record_id":101737,"scenario":"Normal Kerberos TGT Request","attack_phase":"None","mitre_technique":"None","severity":"low","is_suspicious":false,"target_user":"lwilson","target_domain":"CORP","src_ip":"10.10.10.186","dest_host":"WIN-DC-01","authentication_package":"Kerberos","certificate_issuer_name":"","pre_auth_type":"2","message":"A Kerberos authentication ticket (TGT) was requested."}
{"timestamp":"2026-09-08T01:05:54Z","host":"WIN-DC-01","source":"WinEventLog:Security","sourcetype":"WinEventLog:Security","index":"windows","EventCode":4768,"event_id":4768,"log_name":"Security","computer":"WIN-DC-01.corp.local","provider_name":"Microsoft-Windows-Security-Auditing","level":"Information","record_id":101738,"scenario":"Normal Kerberos TGT Request","attack_phase":"None","mitre_technique":"None","severity":"low","is_suspicious":false,"target_user":"dohara","target_domain":"CORP","src_ip":"10.10.10.172","dest_host":"WIN-DC-01","authentication_package":"Kerberos","certificate_issuer_name":"","pre_auth_type":"2","message":"A Kerberos authentication ticket (TGT) was requested."}
{"timestamp":"2026-09-08T01:07:08Z","host":"WIN-DC-02","source":"WinEventLog:Security","sourcetype":"WinEventLog:Security","index":"windows","EventCode":4768,"event_id":4768,"log_name":"Security","computer":"WIN-DC-02.corp.local","provider_name":"Microsoft-Windows-Security-Auditing","level":"Information","record_id":101739,"scenario":"Normal Kerberos TGT Request","attack_phase":"None","mitre_technique":"None","severity":"low","is_suspicious":false,"target_user":"sbrooks","target_domain":"CORP","src_ip":"10.10.10.25","dest_host":"WIN-DC-02","authentication_package":"Kerberos","certificate_issuer_name":"","pre_auth_type":"2","message":"A Kerberos authentication ticket (TGT) was requested."}
{"timestamp":"2026-09-08T01:10:03Z","host":"WIN-DC-01","source":"WinEventLog:Security","sourcetype":"WinEventLog:Security","index":"windows","EventCode":4768,"event_id":4768,"log_name":"Security","computer":"WIN-DC-01.corp.local","provider_name":"Microsoft-Windows-Security-Auditing","level":"Information","record_id":101740,"scenario":"Normal Kerberos TGT Request","attack_phase":"None","mitre_technique":"None","severity":"low","is_suspicious":false,"target_user":"rpatel","target_domain":"CORP","src_ip":"10.10.10.166","dest_host":"WIN-DC-01","authentication_package":"Kerberos","certificate_issuer_name":"","pre_auth_type":"2","message":"A Kerberos authentication ticket (TGT) was requested."}
{"timestamp":"2026-09-08T01:13:03Z","host":"WIN-DC-02","source":"WinEventLog:Security","sourcetype":"WinEventLog:Security","index":"windows","EventCode":4768,"event_id":4768,"log_name":"Security","computer":"WIN-DC-02.corp.local","provider_name":"Microsoft-Windows-Security-Auditing","level":"Information","record_id":101741,"scenario":"Normal Kerberos TGT Request","attack_phase":"None","mitre_technique":"None","severity":"low","is_suspicious":false,"target_user":"tnguyen","target_domain":"CORP","src_ip":"10.10.10.169","dest_host":"WIN-DC-02","authentication_package":"Kerberos","certificate_issuer_name":"","pre_auth_type":"2","message":"A Kerberos authentication ticket (TGT) was requested."}
{"timestamp":"2026-09-08T01:17:55Z","host":"WIN-DC-01","source":"WinEventLog:Security","sourcetype":"WinEventLog:Security","index":"windows","EventCode":4768,"event_id":4768,"log_name":"Security","computer":"WIN-DC-01.corp.local","provider_name":"Microsoft-Windows-Security-Auditing","level":"Information","record_id":101742,"scenario":"Normal Kerberos TGT Request","attack_phase":"None","mitre_technique":"None","severity":"low","is_suspicious":false,"target_user":"tnguyen","target_domain":"CORP","src_ip":"10.10.10.59","dest_host":"WIN-DC-01","authentication_package":"Kerberos","certificate_issuer_name":"","pre_auth_type":"2","message":"A Kerberos authentication ticket (TGT) was requested."}
{"timestamp":"2026-09-08T01:20:12Z","host":"WIN-DC-02","source":"WinEventLog:Security","sourcetype":"WinEventLog:Security","index":"windows","EventCode":4768,"event_id":4768,"log_name":"Security","computer":"WIN-DC-02.corp.local","provider_name":"Microsoft-Windows-Security-Auditing","level":"Information","record_id":101743,"scenario":"Normal Kerberos TGT Request","attack_phase":"None","mitre_technique":"None","severity":"low","is_suspicious":false,"target_user":"agarcia","target_domain":"CORP","src_ip":"10.10.10.24","dest_host":"WIN-DC-02","authentication_package":"Kerberos","certificate_issuer_name":"","pre_auth_type":"2","message":"A Kerberos authentication ticket (TGT) was requested."}
{"timestamp":"2026-09-08T01:21:14Z","host":"WIN-DC-02","source":"WinEventLog:Security","sourcetype":"WinEventLog:Security","index":"windows","EventCode":4768,"event_id":4768,"log_name":"Security","computer":"WIN-DC-02.corp.local","provider_name":"Microsoft-Windows-Security-Auditing","level":"Information","record_id":101744,"scenario":"Normal Kerberos TGT Request","attack_phase":"None","mitre_technique":"None","severity":"low","is_suspicious":false,"target_user":"agarcia","target_domain":"CORP","src_ip":"10.10.10.191","dest_host":"WIN-DC-02","authentication_package":"Kerberos","certificate_issuer_name":"","pre_auth_type":"2","message":"A Kerberos authentication ticket (TGT) was requested."}
{"timestamp":"2026-09-08T01:22:55Z","host":"WIN-DC-02","source":"WinEventLog:Security","sourcetype":"WinEventLog:Security","index":"windows","EventCode":4768,"event_id":4768,"log_name":"Security","computer":"WIN-DC-02.corp.local","provider_name":"Microsoft-Windows-Security-Auditing","level":"Information","record_id":101745,"scenario":"Normal Kerberos TGT Request","attack_phase":"None","mitre_technique":"None","severity":"low","is_suspicious":false,"target_user":"agarcia","target_domain":"CORP","src_ip":"10.10.10.34","dest_host":"WIN-DC-02","authentication_package":"Kerberos","certificate_issuer_name":"","pre_auth_type":"2","message":"A Kerberos authentication ticket (TGT) was requested."}
{"timestamp":"2026-09-08T01:25:40Z","host":"WIN-DC-01","source":"WinEventLog:Security","sourcetype":"WinEventLog:Security","index":"windows","EventCode":4768,"event_id":4768,"log_name":"Security","computer":"WIN-DC-01.corp.local","provider_name":"Microsoft-Windows-Security-Auditing","level":"Information","record_id":101746,"scenario":"Normal Kerberos TGT Request","attack_phase":"None","mitre_technique":"None","severity":"low","is_suspicious":false,"target_user":"tnguyen","target_domain":"CORP","src_ip":"10.10.10.81","dest_host":"WIN-DC-01","authentication_package":"Kerberos","certificate_issuer_name":"","pre_auth_type":"2","message":"A Kerberos authentication ticket (TGT) was requested."}
{"timestamp":"2026-09-08T01:26:16Z","host":"WIN-DC-01","source":"WinEventLog:Security","sourcetype":"WinEventLog:Security","index":"windows","EventCode":4768,"event_id":4768,"log_name":"Security","computer":"WIN-DC-01.corp.local","provider_name":"Microsoft-Windows-Security-Auditing","level":"Information","record_id":101747,"scenario":"Normal Kerberos TGT Request","attack_phase":"None","mitre_technique":"None","severity":"low","is_suspicious":false,"target_user":"cwalker","target_domain":"CORP","src_ip":"10.10.10.218","dest_host":"WIN-DC-01","authentication_package":"Kerberos","certificate_issuer_name":"","pre_auth_type":"2","message":"A Kerberos authentication ticket (TGT) was requested."}
{"timestamp":"2026-09-08T01:29:39Z","host":"WIN-DC-02","source":"WinEventLog:Security","sourcetype":"WinEventLog:Security","index":"windows","EventCode":4768,"event_id":4768,"log_name":"Security","computer":"WIN-DC-02.corp.local","provider_name":"Microsoft-Windows-Security-Auditing","level":"Information","record_id":101748,"scenario":"Normal Kerberos TGT Request","attack_phase":"None","mitre_technique":"None","severity":"low","is_suspicious":false,"target_user":"tnguyen","target_domain":"CORP","src_ip":"10.10.10.199","dest_host":"WIN-DC-02","authentication_package":"Kerberos","certificate_issuer_name":"","pre_auth_type":"2","message":"A Kerberos authentication ticket (TGT) was requested."}
{"timestamp":"2026-09-08T01:32:50Z","host":"WIN-DC-01","source":"WinEventLog:Security","sourcetype":"WinEventLog:Security","index":"windows","EventCode":4768,"event_id":4768,"log_name":"Security","computer":"WIN-DC-01.corp.local","provider_name":"Microsoft-Windows-Security-Auditing","level":"Information","record_id":101749,"scenario":"Normal Kerberos TGT Request","attack_phase":"None","mitre_technique":"None","severity":"low","is_suspicious":false,"target_user":"mchen","target_domain":"CORP","src_ip":"10.10.10.29","dest_host":"WIN-DC-01","authentication_package":"Kerberos","certificate_issuer_name":"","pre_auth_type":"2","message":"A Kerberos authentication ticket (TGT) was requested."}
{"timestamp":"2026-09-08T01:36:17Z","host":"WIN-DC-02","source":"WinEventLog:Security","sourcetype":"WinEventLog:Security","index":"windows","EventCode":4768,"event_id":4768,"log_name":"Security","computer":"WIN-DC-02.corp.local","provider_name":"Microsoft-Windows-Security-Auditing","level":"Information","record_id":101750,"scenario":"Normal Kerberos TGT Request","attack_phase":"None","mitre_technique":"None","severity":"low","is_suspicious":false,"target_user":"jsmith","target_domain":"CORP","src_ip":"10.10.10.82","dest_host":"WIN-DC-02","authentication_package":"Kerberos","certificate_issuer_name":"","pre_auth_type":"2","message":"A Kerberos authentication ticket (TGT) was requested."}
{"timestamp":"2026-09-08T01:37:36Z","host":"WIN-DC-01","source":"WinEventLog:Security","sourcetype":"WinEventLog:Security","index":"windows","EventCode":4768,"event_id":4768,"log_name":"Security","computer":"WIN-DC-01.corp.local","provider_name":"Microsoft-Windows-Security-Auditing","level":"Information","record_id":101751,"scenario":"Normal Kerberos TGT Request","attack_phase":"None","mitre_technique":"None","severity":"low","is_suspicious":false,"target_user":"lwilson","target_domain":"CORP","src_ip":"10.10.10.129","dest_host":"WIN-DC-01","authentication_package":"Kerberos","certificate_issuer_name":"","pre_auth_type":"2","message":"A Kerberos authentication ticket (TGT) was requested."}
{"timestamp":"2026-09-08T01:41:34Z","host":"WIN-DC-02","source":"WinEventLog:Security","sourcetype":"WinEventLog:Security","index":"windows","EventCode":4768,"event_id":4768,"log_name":"Security","computer":"WIN-DC-02.corp.local","provider_name":"Microsoft-Windows-Security-Auditing","level":"Information","record_id":101752,"scenario":"Normal Kerberos TGT Request","attack_phase":"None","mitre_technique":"None","severity":"low","is_suspicious":false,"target_user":"mchen","target_domain":"CORP","src_ip":"10.10.10.39","dest_host":"WIN-DC-02","authentication_package":"Kerberos","certificate_issuer_name":"","pre_auth_type":"2","message":"A Kerberos authentication ticket (TGT) was requested."}
{"timestamp":"2026-09-08T01:41:56Z","host":"WIN-DC-02","source":"WinEventLog:Security","sourcetype":"WinEventLog:Security","index":"windows","EventCode":4768,"event_id":4768,"log_name":"Security","computer":"WIN-DC-02.corp.local","provider_name":"Microsoft-Windows-Security-Auditing","level":"Information","record_id":101753,"scenario":"Normal Kerberos TGT Request","attack_phase":"None","mitre_technique":"None","severity":"low","is_suspicious":false,"target_user":"cwalker","target_domain":"CORP","src_ip":"10.10.10.81","dest_host":"WIN-DC-02","authentication_package":"Kerberos","certificate_issuer_name":"","pre_auth_type":"2","message":"A Kerberos authentication ticket (TGT) was requested."}
{"timestamp":"2026-09-08T01:46:18Z","host":"WIN-DC-02","source":"WinEventLog:Security","sourcetype":"WinEventLog:Security","index":"windows","EventCode":4768,"event_id":4768,"log_name":"Security","computer":"WIN-DC-02.corp.local","provider_name":"Microsoft-Windows-Security-Auditing","level":"Information","record_id":101754,"scenario":"Normal Kerberos TGT Request","attack_phase":"None","mitre_technique":"None","severity":"low","is_suspicious":false,"target_user":"agarcia","target_domain":"CORP","src_ip":"10.10.10.219","dest_host":"WIN-DC-02","authentication_package":"Kerberos","certificate_issuer_name":"","pre_auth_type":"2","message":"A Kerberos authentication ticket (TGT) was requested."}
{"timestamp":"2026-09-08T01:51:16Z","host":"WIN-DC-01","source":"WinEventLog:Security","sourcetype":"WinEventLog:Security","index":"windows","EventCode":4768,"event_id":4768,"log_name":"Security","computer":"WIN-DC-01.corp.local","provider_name":"Microsoft-Windows-Security-Auditing","level":"Information","record_id":101755,"scenario":"Normal Kerberos TGT Request","attack_phase":"None","mitre_technique":"None","severity":"low","is_suspicious":false,"target_user":"dohara","target_domain":"CORP","src_ip":"10.10.10.128","dest_host":"WIN-DC-01","authentication_package":"Kerberos","certificate_issuer_name":"","pre_auth_type":"2","message":"A Kerberos authentication ticket (TGT) was requested."}
{"timestamp":"2026-09-08T01:53:50Z","host":"WIN-DC-01","source":"WinEventLog:Security","sourcetype":"WinEventLog:Security","index":"windows","EventCode":4768,"event_id":4768,"log_name":"Security","computer":"WIN-DC-01.corp.local","provider_name":"Microsoft-Windows-Security-Auditing","level":"Information","record_id":101756,"scenario":"Normal Kerberos TGT Request","attack_phase":"None","mitre_technique":"None","severity":"low","is_suspicious":false,"target_user":"tnguyen","target_domain":"CORP","src_ip":"10.10.10.209","dest_host":"WIN-DC-01","authentication_package":"Kerberos","certificate_issuer_name":"","pre_auth_type":"2","message":"A Kerberos authentication ticket (TGT) was requested."}
{"timestamp":"2026-09-08T01:56:45Z","host":"WIN-DC-01","source":"WinEventLog:Security","sourcetype":"WinEventLog:Security","index":"windows","EventCode":4768,"event_id":4768,"log_name":"Security","computer":"WIN-DC-01.corp.local","provider_name":"Microsoft-Windows-Security-Auditing","level":"Information","record_id":101757,"scenario":"Normal Kerberos TGT Request","attack_phase":"None","mitre_technique":"None","severity":"low","is_suspicious":false,"target_user":"mchen","target_domain":"CORP","src_ip":"10.10.10.219","dest_host":"WIN-DC-01","authentication_package":"Kerberos","certificate_issuer_name":"","pre_auth_type":"2","message":"A Kerberos authentication ticket (TGT) was requested."}
{"timestamp":"2026-09-08T01:58:45Z","host":"WIN-DC-01","source":"WinEventLog:Security","sourcetype":"WinEventLog:Security","index":"windows","EventCode":4768,"event_id":4768,"log_name":"Security","computer":"WIN-DC-01.corp.local","provider_name":"Microsoft-Windows-Security-Auditing","level":"Information","record_id":101758,"scenario":"Normal Kerberos TGT Request","attack_phase":"None","mitre_technique":"None","severity":"low","is_suspicious":false,"target_user":"jsmith","target_domain":"CORP","src_ip":"10.10.10.221","dest_host":"WIN-DC-01","authentication_package":"Kerberos","certificate_issuer_name":"","pre_auth_type":"2","message":"A Kerberos authentication ticket (TGT) was requested."}
{"timestamp":"2026-09-08T02:02:59Z","host":"WIN-DC-02","source":"WinEventLog:Security","sourcetype":"WinEventLog:Security","index":"windows","EventCode":4768,"event_id":4768,"log_name":"Security","computer":"WIN-DC-02.corp.local","provider_name":"Microsoft-Windows-Security-Auditing","level":"Information","record_id":101759,"scenario":"Normal Kerberos TGT Request","attack_phase":"None","mitre_technique":"None","severity":"low","is_suspicious":false,"target_user":"tnguyen","target_domain":"CORP","src_ip":"10.10.10.210","dest_host":"WIN-DC-02","authentication_package":"Kerberos","certificate_issuer_name":"","pre_auth_type":"2","message":"A Kerberos authentication ticket (TGT) was requested."}
{"timestamp":"2026-09-08T02:04:25Z","host":"WIN-DC-02","source":"WinEventLog:Security","sourcetype":"WinEventLog:Security","index":"windows","EventCode":4768,"event_id":4768,"log_name":"Security","computer":"WIN-DC-02.corp.local","provider_name":"Microsoft-Windows-Security-Auditing","level":"Information","record_id":101760,"scenario":"Normal Kerberos TGT Request","attack_phase":"None","mitre_technique":"None","severity":"low","is_suspicious":false,"target_user":"jsmith","target_domain":"CORP","src_ip":"10.10.10.88","dest_host":"WIN-DC-02","authentication_package":"Kerberos","certificate_issuer_name":"","pre_auth_type":"2","message":"A Kerberos authentication ticket (TGT) was requested."}
{"timestamp":"2026-09-08T02:08:06Z","host":"WIN-DC-02","source":"WinEventLog:Security","sourcetype":"WinEventLog:Security","index":"windows","EventCode":4768,"event_id":4768,"log_name":"Security","computer":"WIN-DC-02.corp.local","provider_name":"Microsoft-Windows-Security-Auditing","level":"Information","record_id":101761,"scenario":"Normal Kerberos TGT Request","attack_phase":"None","mitre_technique":"None","severity":"low","is_suspicious":false,"target_user":"dohara","target_domain":"CORP","src_ip":"10.10.10.195","dest_host":"WIN-DC-02","authentication_package":"Kerberos","certificate_issuer_name":"","pre_auth_type":"2","message":"A Kerberos authentication ticket (TGT) was requested."}
{"timestamp":"2026-09-08T02:11:31Z","host":"WIN-DC-01","source":"WinEventLog:Security","sourcetype":"WinEventLog:Security","index":"windows","EventCode":4768,"event_id":4768,"log_name":"Security","computer":"WIN-DC-01.corp.local","provider_name":"Microsoft-Windows-Security-Auditing","level":"Information","record_id":101762,"scenario":"Normal Kerberos TGT Request","attack_phase":"None","mitre_technique":"None","severity":"low","is_suspicious":false,"target_user":"tnguyen","target_domain":"CORP","src_ip":"10.10.10.137","dest_host":"WIN-DC-01","authentication_package":"Kerberos","certificate_issuer_name":"","pre_auth_type":"2","message":"A Kerberos authentication ticket (TGT) was requested."}
{"timestamp":"2026-09-08T02:14:00Z","host":"WIN-DC-01","source":"WinEventLog:Security","sourcetype":"WinEventLog:Security","index":"windows","EventCode":4768,"event_id":4768,"log_name":"Security","computer":"WIN-DC-01.corp.local","provider_name":"Microsoft-Windows-Security-Auditing","level":"Information","record_id":101763,"scenario":"Normal Kerberos TGT Request","attack_phase":"None","mitre_technique":"None","severity":"low","is_suspicious":false,"target_user":"lwilson","target_domain":"CORP","src_ip":"10.10.10.181","dest_host":"WIN-DC-01","authentication_package":"Kerberos","certificate_issuer_name":"","pre_auth_type":"2","message":"A Kerberos authentication ticket (TGT) was requested."}
{"timestamp":"2026-09-08T02:18:45Z","host":"WIN-DC-01","source":"WinEventLog:Security","sourcetype":"WinEventLog:Security","index":"windows","EventCode":4768,"event_id":4768,"log_name":"Security","computer":"WIN-DC-01.corp.local","provider_name":"Microsoft-Windows-Security-Auditing","level":"Information","record_id":101764,"scenario":"Normal Kerberos TGT Request","attack_phase":"None","mitre_technique":"None","severity":"low","is_suspicious":false,"target_user":"tnguyen","target_domain":"CORP","src_ip":"10.10.10.35","dest_host":"WIN-DC-01","authentication_package":"Kerberos","certificate_issuer_name":"","pre_auth_type":"2","message":"A Kerberos authentication ticket (TGT) was requested."}
{"timestamp":"2026-09-08T02:21:35Z","host":"WIN-DC-01","source":"WinEventLog:Security","sourcetype":"WinEventLog:Security","index":"windows","EventCode":4768,"event_id":4768,"log_name":"Security","computer":"WIN-DC-01.corp.local","provider_name":"Microsoft-Windows-Security-Auditing","level":"Information","record_id":101765,"scenario":"Normal Kerberos TGT Request","attack_phase":"None","mitre_technique":"None","severity":"low","is_suspicious":false,"target_user":"cwalker","target_domain":"CORP","src_ip":"10.10.10.219","dest_host":"WIN-DC-01","authentication_package":"Kerberos","certificate_issuer_name":"","pre_auth_type":"2","message":"A Kerberos authentication ticket (TGT) was requested."}
{"timestamp":"2026-09-08T02:24:15Z","host":"WIN-DC-01","source":"WinEventLog:Security","sourcetype":"WinEventLog:Security","index":"windows","EventCode":4768,"event_id":4768,"log_name":"Security","computer":"WIN-DC-01.corp.local","provider_name":"Microsoft-Windows-Security-Auditing","level":"Information","record_id":101766,"scenario":"Normal Kerberos TGT Request","attack_phase":"None","mitre_technique":"None","severity":"low","is_suspicious":false,"target_user":"dohara","target_domain":"CORP","src_ip":"10.10.10.149","dest_host":"WIN-DC-01","authentication_package":"Kerberos","certificate_issuer_name":"","pre_auth_type":"2","message":"A Kerberos authentication ticket (TGT) was requested."}
{"timestamp":"2026-09-08T02:25:30Z","host":"WIN-DC-02","source":"WinEventLog:Security","sourcetype":"WinEventLog:Security","index":"windows","EventCode":4768,"event_id":4768,"log_name":"Security","computer":"WIN-DC-02.corp.local","provider_name":"Microsoft-Windows-Security-Auditing","level":"Information","record_id":101767,"scenario":"Normal Kerberos TGT Request","attack_phase":"None","mitre_technique":"None","severity":"low","is_suspicious":false,"target_user":"dohara","target_domain":"CORP","src_ip":"10.10.10.76","dest_host":"WIN-DC-02","authentication_package":"Kerberos","certificate_issuer_name":"","pre_auth_type":"2","message":"A Kerberos authentication ticket (TGT) was requested."}
{"timestamp":"2026-09-08T02:26:49Z","host":"WIN-DC-01","source":"WinEventLog:Security","sourcetype":"WinEventLog:Security","index":"windows","EventCode":4768,"event_id":4768,"log_name":"Security","computer":"WIN-DC-01.corp.local","provider_name":"Microsoft-Windows-Security-Auditing","level":"Information","record_id":101768,"scenario":"Normal Kerberos TGT Request","attack_phase":"None","mitre_technique":"None","severity":"low","is_suspicious":false,"target_user":"rpatel","target_domain":"CORP","src_ip":"10.10.10.207","dest_host":"WIN-DC-01","authentication_package":"Kerberos","certificate_issuer_name":"","pre_auth_type":"2","message":"A Kerberos authentication ticket (TGT) was requested."}
{"timestamp":"2026-09-08T02:28:34Z","host":"WIN-DC-02","source":"WinEventLog:Security","sourcetype":"WinEventLog:Security","index":"windows","EventCode":4768,"event_id":4768,"log_name":"Security","computer":"WIN-DC-02.corp.local","provider_name":"Microsoft-Windows-Security-Auditing","level":"Information","record_id":101769,"scenario":"Normal Kerberos TGT Request","attack_phase":"None","mitre_technique":"None","severity":"low","is_suspicious":false,"target_user":"jsmith","target_domain":"CORP","src_ip":"10.10.10.187","dest_host":"WIN-DC-02","authentication_package":"Kerberos","certificate_issuer_name":"","pre_auth_type":"2","message":"A Kerberos authentication ticket (TGT) was requested."}
{"timestamp":"2026-09-08T02:33:33Z","host":"WIN-DC-01","source":"WinEventLog:Security","sourcetype":"WinEventLog:Security","index":"windows","EventCode":4768,"event_id":4768,"log_name":"Security","computer":"WIN-DC-01.corp.local","provider_name":"Microsoft-Windows-Security-Auditing","level":"Information","record_id":101770,"scenario":"Normal Kerberos TGT Request","attack_phase":"None","mitre_technique":"None","severity":"low","is_suspicious":false,"target_user":"agarcia","target_domain":"CORP","src_ip":"10.10.10.98","dest_host":"WIN-DC-01","authentication_package":"Kerberos","certificate_issuer_name":"","pre_auth_type":"2","message":"A Kerberos authentication ticket (TGT) was requested."}
{"timestamp":"2026-09-08T02:37:16Z","host":"WIN-DC-01","source":"WinEventLog:Security","sourcetype":"WinEventLog:Security","index":"windows","EventCode":4768,"event_id":4768,"log_name":"Security","computer":"WIN-DC-01.corp.local","provider_name":"Microsoft-Windows-Security-Auditing","level":"Information","record_id":101771,"scenario":"Normal Kerberos TGT Request","attack_phase":"None","mitre_technique":"None","severity":"low","is_suspicious":false,"target_user":"mchen","target_domain":"CORP","src_ip":"10.10.10.26","dest_host":"WIN-DC-01","authentication_package":"Kerberos","certificate_issuer_name":"","pre_auth_type":"2","message":"A Kerberos authentication ticket (TGT) was requested."}
{"timestamp":"2026-09-08T02:40:23Z","host":"WIN-DC-01","source":"WinEventLog:Security","sourcetype":"WinEventLog:Security","index":"windows","EventCode":4768,"event_id":4768,"log_name":"Security","computer":"WIN-DC-01.corp.local","provider_name":"Microsoft-Windows-Security-Auditing","level":"Information","record_id":101772,"scenario":"Normal Kerberos TGT Request","attack_phase":"None","mitre_technique":"None","severity":"low","is_suspicious":false,"target_user":"dohara","target_domain":"CORP","src_ip":"10.10.10.243","dest_host":"WIN-DC-01","authentication_package":"Kerberos","certificate_issuer_name":"","pre_auth_type":"2","message":"A Kerberos authentication ticket (TGT) was requested."}
{"timestamp":"2026-09-08T02:40:54Z","host":"WIN-DC-02","source":"WinEventLog:Security","sourcetype":"WinEventLog:Security","index":"windows","EventCode":4768,"event_id":4768,"log_name":"Security","computer":"WIN-DC-02.corp.local","provider_name":"Microsoft-Windows-Security-Auditing","level":"Information","record_id":101773,"scenario":"Normal Kerberos TGT Request","attack_phase":"None","mitre_technique":"None","severity":"low","is_suspicious":false,"target_user":"agarcia","target_domain":"CORP","src_ip":"10.10.10.153","dest_host":"WIN-DC-02","authentication_package":"Kerberos","certificate_issuer_name":"","pre_auth_type":"2","message":"A Kerberos authentication ticket (TGT) was requested."}
{"timestamp":"2026-09-08T02:44:41Z","host":"WIN-DC-02","source":"WinEventLog:Security","sourcetype":"WinEventLog:Security","index":"windows","EventCode":4768,"event_id":4768,"log_name":"Security","computer":"WIN-DC-02.corp.local","provider_name":"Microsoft-Windows-Security-Auditing","level":"Information","record_id":101774,"scenario":"Normal Kerberos TGT Request","attack_phase":"None","mitre_technique":"None","severity":"low","is_suspicious":false,"target_user":"mchen","target_domain":"CORP","src_ip":"10.10.10.64","dest_host":"WIN-DC-02","authentication_package":"Kerberos","certificate_issuer_name":"","pre_auth_type":"2","message":"A Kerberos authentication ticket (TGT) was requested."}
{"timestamp":"2026-09-08T02:45:03Z","host":"WIN-DC-01","source":"WinEventLog:Security","sourcetype":"WinEventLog:Security","index":"windows","EventCode":4768,"event_id":4768,"log_name":"Security","computer":"WIN-DC-01.corp.local","provider_name":"Microsoft-Windows-Security-Auditing","level":"Information","record_id":101775,"scenario":"Normal Kerberos TGT Request","attack_phase":"None","mitre_technique":"None","severity":"low","is_suspicious":false,"target_user":"agarcia","target_domain":"CORP","src_ip":"10.10.10.103","dest_host":"WIN-DC-01","authentication_package":"Kerberos","certificate_issuer_name":"","pre_auth_type":"2","message":"A Kerberos authentication ticket (TGT) was requested."}
{"timestamp":"2026-09-08T02:49:18Z","host":"WIN-DC-01","source":"WinEventLog:Security","sourcetype":"WinEventLog:Security","index":"windows","EventCode":4768,"event_id":4768,"log_name":"Security","computer":"WIN-DC-01.corp.local","provider_name":"Microsoft-Windows-Security-Auditing","level":"Information","record_id":101776,"scenario":"Normal Kerberos TGT Request","attack_phase":"None","mitre_technique":"None","severity":"low","is_suspicious":false,"target_user":"lwilson","target_domain":"CORP","src_ip":"10.10.10.169","dest_host":"WIN-DC-01","authentication_package":"Kerberos","certificate_issuer_name":"","pre_auth_type":"2","message":"A Kerberos authentication ticket (TGT) was requested."}
{"timestamp":"2026-09-08T02:52:35Z","host":"WIN-DC-02","source":"WinEventLog:Security","sourcetype":"WinEventLog:Security","index":"windows","EventCode":4768,"event_id":4768,"log_name":"Security","computer":"WIN-DC-02.corp.local","provider_name":"Microsoft-Windows-Security-Auditing","level":"Information","record_id":101777,"scenario":"Normal Kerberos TGT Request","attack_phase":"None","mitre_technique":"None","severity":"low","is_suspicious":false,"target_user":"agarcia","target_domain":"CORP","src_ip":"10.10.10.223","dest_host":"WIN-DC-02","authentication_package":"Kerberos","certificate_issuer_name":"","pre_auth_type":"2","message":"A Kerberos authentication ticket (TGT) was requested."}
{"timestamp":"2026-09-08T02:55:55Z","host":"WIN-DC-02","source":"WinEventLog:Security","sourcetype":"WinEventLog:Security","index":"windows","EventCode":4768,"event_id":4768,"log_name":"Security","computer":"WIN-DC-02.corp.local","provider_name":"Microsoft-Windows-Security-Auditing","level":"Information","record_id":101778,"scenario":"Normal Kerberos TGT Request","attack_phase":"None","mitre_technique":"None","severity":"low","is_suspicious":false,"target_user":"lwilson","target_domain":"CORP","src_ip":"10.10.10.96","dest_host":"WIN-DC-02","authentication_package":"Kerberos","certificate_issuer_name":"","pre_auth_type":"2","message":"A Kerberos authentication ticket (TGT) was requested."}
{"timestamp":"2026-09-08T02:56:05Z","host":"WIN-DC-01","source":"WinEventLog:Security","sourcetype":"WinEventLog:Security","index":"windows","EventCode":4768,"event_id":4768,"log_name":"Security","computer":"WIN-DC-01.corp.local","provider_name":"Microsoft-Windows-Security-Auditing","level":"Information","record_id":101779,"scenario":"Normal Kerberos TGT Request","attack_phase":"None","mitre_technique":"None","severity":"low","is_suspicious":false,"target_user":"agarcia","target_domain":"CORP","src_ip":"10.10.10.23","dest_host":"WIN-DC-01","authentication_package":"Kerberos","certificate_issuer_name":"","pre_auth_type":"2","message":"A Kerberos authentication ticket (TGT) was requested."}
{"timestamp":"2026-09-08T02:57:12Z","host":"WIN-DC-01","source":"WinEventLog:Security","sourcetype":"WinEventLog:Security","index":"windows","EventCode":4768,"event_id":4768,"log_name":"Security","computer":"WIN-DC-01.corp.local","provider_name":"Microsoft-Windows-Security-Auditing","level":"Information","record_id":101780,"scenario":"Normal Kerberos TGT Request","attack_phase":"None","mitre_technique":"None","severity":"low","is_suspicious":false,"target_user":"dohara","target_domain":"CORP","src_ip":"10.10.10.7","dest_host":"WIN-DC-01","authentication_package":"Kerberos","certificate_issuer_name":"","pre_auth_type":"2","message":"A Kerberos authentication ticket (TGT) was requested."}
{"timestamp":"2026-09-08T03:02:10Z","host":"WIN-DC-02","source":"WinEventLog:Security","sourcetype":"WinEventLog:Security","index":"windows","EventCode":4768,"event_id":4768,"log_name":"Security","computer":"WIN-DC-02.corp.local","provider_name":"Microsoft-Windows-Security-Auditing","level":"Information","record_id":101781,"scenario":"Normal Kerberos TGT Request","attack_phase":"None","mitre_technique":"None","severity":"low","is_suspicious":false,"target_user":"cwalker","target_domain":"CORP","src_ip":"10.10.10.72","dest_host":"WIN-DC-02","authentication_package":"Kerberos","certificate_issuer_name":"","pre_auth_type":"2","message":"A Kerberos authentication ticket (TGT) was requested."}
{"timestamp":"2026-09-08T03:03:03Z","host":"WIN-DC-01","source":"WinEventLog:Security","sourcetype":"WinEventLog:Security","index":"windows","EventCode":4768,"event_id":4768,"log_name":"Security","computer":"WIN-DC-01.corp.local","provider_name":"Microsoft-Windows-Security-Auditing","level":"Information","record_id":101782,"scenario":"Normal Kerberos TGT Request","attack_phase":"None","mitre_technique":"None","severity":"low","is_suspicious":false,"target_user":"cwalker","target_domain":"CORP","src_ip":"10.10.10.100","dest_host":"WIN-DC-01","authentication_package":"Kerberos","certificate_issuer_name":"","pre_auth_type":"2","message":"A Kerberos authentication ticket (TGT) was requested."}
{"timestamp":"2026-09-08T03:07:15Z","host":"WIN-DC-02","source":"WinEventLog:Security","sourcetype":"WinEventLog:Security","index":"windows","EventCode":4768,"event_id":4768,"log_name":"Security","computer":"WIN-DC-02.corp.local","provider_name":"Microsoft-Windows-Security-Auditing","level":"Information","record_id":101783,"scenario":"Normal Kerberos TGT Request","attack_phase":"None","mitre_technique":"None","severity":"low","is_suspicious":false,"target_user":"tnguyen","target_domain":"CORP","src_ip":"10.10.10.148","dest_host":"WIN-DC-02","authentication_package":"Kerberos","certificate_issuer_name":"","pre_auth_type":"2","message":"A Kerberos authentication ticket (TGT) was requested."}
{"timestamp":"2026-09-08T03:08:24Z","host":"WIN-DC-02","source":"WinEventLog:Security","sourcetype":"WinEventLog:Security","index":"windows","EventCode":4768,"event_id":4768,"log_name":"Security","computer":"WIN-DC-02.corp.local","provider_name":"Microsoft-Windows-Security-Auditing","level":"Information","record_id":101784,"scenario":"Normal Kerberos TGT Request","attack_phase":"None","mitre_technique":"None","severity":"low","is_suspicious":false,"target_user":"agarcia","target_domain":"CORP","src_ip":"10.10.10.18","dest_host":"WIN-DC-02","authentication_package":"Kerberos","certificate_issuer_name":"","pre_auth_type":"2","message":"A Kerberos authentication ticket (TGT) was requested."}
{"timestamp":"2026-09-08T03:13:04Z","host":"WIN-DC-02","source":"WinEventLog:Security","sourcetype":"WinEventLog:Security","index":"windows","EventCode":4768,"event_id":4768,"log_name":"Security","computer":"WIN-DC-02.corp.local","provider_name":"Microsoft-Windows-Security-Auditing","level":"Information","record_id":101785,"scenario":"Normal Kerberos TGT Request","attack_phase":"None","mitre_technique":"None","severity":"low","is_suspicious":false,"target_user":"mchen","target_domain":"CORP","src_ip":"10.10.10.210","dest_host":"WIN-DC-02","authentication_package":"Kerberos","certificate_issuer_name":"","pre_auth_type":"2","message":"A Kerberos authentication ticket (TGT) was requested."}
{"timestamp":"2026-09-08T03:13:19Z","host":"WIN-DC-02","source":"WinEventLog:Security","sourcetype":"WinEventLog:Security","index":"windows","EventCode":4768,"event_id":4768,"log_name":"Security","computer":"WIN-DC-02.corp.local","provider_name":"Microsoft-Windows-Security-Auditing","level":"Information","record_id":101786,"scenario":"Normal Kerberos TGT Request","attack_phase":"None","mitre_technique":"None","severity":"low","is_suspicious":false,"target_user":"tnguyen","target_domain":"CORP","src_ip":"10.10.10.18","dest_host":"WIN-DC-02","authentication_package":"Kerberos","certificate_issuer_name":"","pre_auth_type":"2","message":"A Kerberos authentication ticket (TGT) was requested."}
{"timestamp":"2026-09-08T03:17:49Z","host":"WIN-DC-01","source":"WinEventLog:Security","sourcetype":"WinEventLog:Security","index":"windows","EventCode":4768,"event_id":4768,"log_name":"Security","computer":"WIN-DC-01.corp.local","provider_name":"Microsoft-Windows-Security-Auditing","level":"Information","record_id":101787,"scenario":"Normal Kerberos TGT Request","attack_phase":"None","mitre_technique":"None","severity":"low","is_suspicious":false,"target_user":"cwalker","target_domain":"CORP","src_ip":"10.10.10.194","dest_host":"WIN-DC-01","authentication_package":"Kerberos","certificate_issuer_name":"","pre_auth_type":"2","message":"A Kerberos authentication ticket (TGT) was requested."}
{"timestamp":"2026-09-08T03:19:40Z","host":"WIN-DC-01","source":"WinEventLog:Security","sourcetype":"WinEventLog:Security","index":"windows","EventCode":4768,"event_id":4768,"log_name":"Security","computer":"WIN-DC-01.corp.local","provider_name":"Microsoft-Windows-Security-Auditing","level":"Information","record_id":101788,"scenario":"Normal Kerberos TGT Request","attack_phase":"None","mitre_technique":"None","severity":"low","is_suspicious":false,"target_user":"agarcia","target_domain":"CORP","src_ip":"10.10.10.222","dest_host":"WIN-DC-01","authentication_package":"Kerberos","certificate_issuer_name":"","pre_auth_type":"2","message":"A Kerberos authentication ticket (TGT) was requested."}
{"timestamp":"2026-09-08T03:21:17Z","host":"WIN-DC-02","source":"WinEventLog:Security","sourcetype":"WinEventLog:Security","index":"windows","EventCode":4768,"event_id":4768,"log_name":"Security","computer":"WIN-DC-02.corp.local","provider_name":"Microsoft-Windows-Security-Auditing","level":"Information","record_id":101789,"scenario":"Normal Kerberos TGT Request","attack_phase":"None","mitre_technique":"None","severity":"low","is_suspicious":false,"target_user":"jsmith","target_domain":"CORP","src_ip":"10.10.10.206","dest_host":"WIN-DC-02","authentication_package":"Kerberos","certificate_issuer_name":"","pre_auth_type":"2","message":"A Kerberos authentication ticket (TGT) was requested."}
{"timestamp":"2026-09-08T03:24:02Z","host":"WIN-DC-01","source":"WinEventLog:Security","sourcetype":"WinEventLog:Security","index":"windows","EventCode":4768,"event_id":4768,"log_name":"Security","computer":"WIN-DC-01.corp.local","provider_name":"Microsoft-Windows-Security-Auditing","level":"Information","record_id":101790,"scenario":"Normal Kerberos TGT Request","attack_phase":"None","mitre_technique":"None","severity":"low","is_suspicious":false,"target_user":"agarcia","target_domain":"CORP","src_ip":"10.10.10.34","dest_host":"WIN-DC-01","authentication_package":"Kerberos","certificate_issuer_name":"","pre_auth_type":"2","message":"A Kerberos authentication ticket (TGT) was requested."}
{"timestamp":"2026-09-08T03:29:01Z","host":"WIN-DC-01","source":"WinEventLog:Security","sourcetype":"WinEventLog:Security","index":"windows","EventCode":4768,"event_id":4768,"log_name":"Security","computer":"WIN-DC-01.corp.local","provider_name":"Microsoft-Windows-Security-Auditing","level":"Information","record_id":101791,"scenario":"Normal Kerberos TGT Request","attack_phase":"None","mitre_technique":"None","severity":"low","is_suspicious":false,"target_user":"rpatel","target_domain":"CORP","src_ip":"10.10.10.24","dest_host":"WIN-DC-01","authentication_package":"Kerberos","certificate_issuer_name":"","pre_auth_type":"2","message":"A Kerberos authentication ticket (TGT) was requested."}
